[2024-11-04T05:41:47.903+0000] {local_task_job_runner.py:123} INFO - ::group::Pre task execution logs
[2024-11-04T05:41:47.920+0000] {taskinstance.py:2612} INFO - Dependencies all met for dep_context=non-requeueable deps ti=<TaskInstance: stock-market-summary.send_slack_message manual__2024-11-04T05:41:26.218824+00:00 [queued]>
[2024-11-04T05:41:47.929+0000] {taskinstance.py:2612} INFO - Dependencies all met for dep_context=requeueable deps ti=<TaskInstance: stock-market-summary.send_slack_message manual__2024-11-04T05:41:26.218824+00:00 [queued]>
[2024-11-04T05:41:47.929+0000] {taskinstance.py:2865} INFO - Starting attempt 1 of 1
[2024-11-04T05:41:47.943+0000] {taskinstance.py:2888} INFO - Executing <Task(PythonOperator): send_slack_message> on 2024-11-04 05:41:26.218824+00:00
[2024-11-04T05:41:47.951+0000] {warnings.py:112} WARNING - /home/***/.local/lib/python3.12/site-packages/***/task/task_runner/standard_task_runner.py:70: DeprecationWarning: This process (pid=3941) is multi-threaded, use of fork() may lead to deadlocks in the child.
  pid = os.fork()

[2024-11-04T05:41:47.953+0000] {standard_task_runner.py:72} INFO - Started process 3942 to run task
[2024-11-04T05:41:47.953+0000] {standard_task_runner.py:104} INFO - Running: ['***', 'tasks', 'run', 'stock-market-summary', 'send_slack_message', 'manual__2024-11-04T05:41:26.218824+00:00', '--job-id', '306', '--raw', '--subdir', 'DAGS_FOLDER/stock_market_summary.py', '--cfg-path', '/tmp/tmpu71g69gy']
[2024-11-04T05:41:47.955+0000] {standard_task_runner.py:105} INFO - Job 306: Subtask send_slack_message
[2024-11-04T05:41:48.000+0000] {task_command.py:467} INFO - Running <TaskInstance: stock-market-summary.send_slack_message manual__2024-11-04T05:41:26.218824+00:00 [running]> on host 5a41fc77ef88
[2024-11-04T05:41:48.085+0000] {taskinstance.py:3131} INFO - Exporting env vars: AIRFLOW_CTX_DAG_OWNER='***' AIRFLOW_CTX_DAG_ID='stock-market-summary' AIRFLOW_CTX_TASK_ID='send_slack_message' AIRFLOW_CTX_EXECUTION_DATE='2024-11-04T05:41:26.218824+00:00' AIRFLOW_CTX_TRY_NUMBER='1' AIRFLOW_CTX_DAG_RUN_ID='manual__2024-11-04T05:41:26.218824+00:00'
[2024-11-04T05:41:48.087+0000] {taskinstance.py:731} INFO - ::endgroup::
[2024-11-04T05:41:48.142+0000] {baseoperator.py:405} WARNING - SlackAPIPostOperator.execute cannot be called outside TaskInstance!
[2024-11-04T05:41:48.153+0000] {base.py:84} INFO - Retrieving connection 'slack_api_default'
[2024-11-04T05:41:48.768+0000] {python.py:240} INFO - Done. Returned value was: None
[2024-11-04T05:41:48.782+0000] {taskinstance.py:340} INFO - ::group::Post task execution logs
[2024-11-04T05:41:48.783+0000] {taskinstance.py:352} INFO - Marking task as SUCCESS. dag_id=stock-market-summary, task_id=send_slack_message, run_id=manual__2024-11-04T05:41:26.218824+00:00, execution_date=20241104T054126, start_date=20241104T054147, end_date=20241104T054148
[2024-11-04T05:41:48.812+0000] {local_task_job_runner.py:266} INFO - Task exited with return code 0
[2024-11-04T05:41:48.830+0000] {taskinstance.py:3900} INFO - 0 downstream tasks scheduled from follow-on schedule check
[2024-11-04T05:41:48.833+0000] {local_task_job_runner.py:245} INFO - ::endgroup::
