[2024-11-01T11:49:59.651+0900] {processor.py:186} INFO - Started process (PID=414587) to work on /home/hamin081234/anaconda3/envs/airflow_env/lib/python3.11/site-packages/airflow/example_dags/plugins/event_listener.py
[2024-11-01T11:49:59.652+0900] {processor.py:914} INFO - Processing file /home/hamin081234/anaconda3/envs/airflow_env/lib/python3.11/site-packages/airflow/example_dags/plugins/event_listener.py for tasks to queue
[2024-11-01T11:49:59.653+0900] {logging_mixin.py:190} INFO - [2024-11-01T11:49:59.653+0900] {dagbag.py:588} INFO - Filling up the DagBag from /home/hamin081234/anaconda3/envs/airflow_env/lib/python3.11/site-packages/airflow/example_dags/plugins/event_listener.py
[2024-11-01T11:49:59.655+0900] {processor.py:927} WARNING - No viable dags retrieved from /home/hamin081234/anaconda3/envs/airflow_env/lib/python3.11/site-packages/airflow/example_dags/plugins/event_listener.py
[2024-11-01T11:49:59.662+0900] {processor.py:208} INFO - Processing /home/hamin081234/anaconda3/envs/airflow_env/lib/python3.11/site-packages/airflow/example_dags/plugins/event_listener.py took 0.015 seconds
[2024-11-01T11:50:55.117+0900] {processor.py:186} INFO - Started process (PID=416040) to work on /home/hamin081234/anaconda3/envs/airflow_env/lib/python3.11/site-packages/airflow/example_dags/plugins/event_listener.py
[2024-11-01T11:50:55.118+0900] {processor.py:914} INFO - Processing file /home/hamin081234/anaconda3/envs/airflow_env/lib/python3.11/site-packages/airflow/example_dags/plugins/event_listener.py for tasks to queue
[2024-11-01T11:50:55.119+0900] {logging_mixin.py:190} INFO - [2024-11-01T11:50:55.119+0900] {dagbag.py:588} INFO - Filling up the DagBag from /home/hamin081234/anaconda3/envs/airflow_env/lib/python3.11/site-packages/airflow/example_dags/plugins/event_listener.py
[2024-11-01T11:50:55.121+0900] {processor.py:927} WARNING - No viable dags retrieved from /home/hamin081234/anaconda3/envs/airflow_env/lib/python3.11/site-packages/airflow/example_dags/plugins/event_listener.py
[2024-11-01T11:50:55.127+0900] {processor.py:208} INFO - Processing /home/hamin081234/anaconda3/envs/airflow_env/lib/python3.11/site-packages/airflow/example_dags/plugins/event_listener.py took 0.014 seconds
[2024-11-01T11:52:14.513+0900] {processor.py:186} INFO - Started process (PID=417894) to work on /home/hamin081234/anaconda3/envs/airflow_env/lib/python3.11/site-packages/airflow/example_dags/plugins/event_listener.py
[2024-11-01T11:52:14.522+0900] {processor.py:914} INFO - Processing file /home/hamin081234/anaconda3/envs/airflow_env/lib/python3.11/site-packages/airflow/example_dags/plugins/event_listener.py for tasks to queue
[2024-11-01T11:52:14.524+0900] {logging_mixin.py:190} INFO - [2024-11-01T11:52:14.524+0900] {dagbag.py:588} INFO - Filling up the DagBag from /home/hamin081234/anaconda3/envs/airflow_env/lib/python3.11/site-packages/airflow/example_dags/plugins/event_listener.py
[2024-11-01T11:52:14.526+0900] {processor.py:927} WARNING - No viable dags retrieved from /home/hamin081234/anaconda3/envs/airflow_env/lib/python3.11/site-packages/airflow/example_dags/plugins/event_listener.py
[2024-11-01T11:52:14.535+0900] {processor.py:208} INFO - Processing /home/hamin081234/anaconda3/envs/airflow_env/lib/python3.11/site-packages/airflow/example_dags/plugins/event_listener.py took 0.026 seconds
[2024-11-01T11:53:10.736+0900] {processor.py:186} INFO - Started process (PID=419205) to work on /home/hamin081234/anaconda3/envs/airflow_env/lib/python3.11/site-packages/airflow/example_dags/plugins/event_listener.py
[2024-11-01T11:53:10.744+0900] {processor.py:914} INFO - Processing file /home/hamin081234/anaconda3/envs/airflow_env/lib/python3.11/site-packages/airflow/example_dags/plugins/event_listener.py for tasks to queue
[2024-11-01T11:53:10.745+0900] {logging_mixin.py:190} INFO - [2024-11-01T11:53:10.745+0900] {dagbag.py:588} INFO - Filling up the DagBag from /home/hamin081234/anaconda3/envs/airflow_env/lib/python3.11/site-packages/airflow/example_dags/plugins/event_listener.py
[2024-11-01T11:53:10.746+0900] {processor.py:927} WARNING - No viable dags retrieved from /home/hamin081234/anaconda3/envs/airflow_env/lib/python3.11/site-packages/airflow/example_dags/plugins/event_listener.py
[2024-11-01T11:53:10.753+0900] {processor.py:208} INFO - Processing /home/hamin081234/anaconda3/envs/airflow_env/lib/python3.11/site-packages/airflow/example_dags/plugins/event_listener.py took 0.020 seconds
[2024-11-01T11:54:28.931+0900] {processor.py:186} INFO - Started process (PID=421029) to work on /home/hamin081234/anaconda3/envs/airflow_env/lib/python3.11/site-packages/airflow/example_dags/plugins/event_listener.py
[2024-11-01T11:54:28.932+0900] {processor.py:914} INFO - Processing file /home/hamin081234/anaconda3/envs/airflow_env/lib/python3.11/site-packages/airflow/example_dags/plugins/event_listener.py for tasks to queue
[2024-11-01T11:54:28.933+0900] {logging_mixin.py:190} INFO - [2024-11-01T11:54:28.933+0900] {dagbag.py:588} INFO - Filling up the DagBag from /home/hamin081234/anaconda3/envs/airflow_env/lib/python3.11/site-packages/airflow/example_dags/plugins/event_listener.py
[2024-11-01T11:54:28.934+0900] {processor.py:927} WARNING - No viable dags retrieved from /home/hamin081234/anaconda3/envs/airflow_env/lib/python3.11/site-packages/airflow/example_dags/plugins/event_listener.py
[2024-11-01T11:54:28.940+0900] {processor.py:208} INFO - Processing /home/hamin081234/anaconda3/envs/airflow_env/lib/python3.11/site-packages/airflow/example_dags/plugins/event_listener.py took 0.013 seconds
[2024-11-01T11:55:44.823+0900] {processor.py:186} INFO - Started process (PID=422541) to work on /home/hamin081234/anaconda3/envs/airflow_env/lib/python3.11/site-packages/airflow/example_dags/plugins/event_listener.py
[2024-11-01T11:55:44.824+0900] {processor.py:914} INFO - Processing file /home/hamin081234/anaconda3/envs/airflow_env/lib/python3.11/site-packages/airflow/example_dags/plugins/event_listener.py for tasks to queue
[2024-11-01T11:55:44.826+0900] {logging_mixin.py:190} INFO - [2024-11-01T11:55:44.826+0900] {dagbag.py:588} INFO - Filling up the DagBag from /home/hamin081234/anaconda3/envs/airflow_env/lib/python3.11/site-packages/airflow/example_dags/plugins/event_listener.py
[2024-11-01T11:55:44.828+0900] {processor.py:927} WARNING - No viable dags retrieved from /home/hamin081234/anaconda3/envs/airflow_env/lib/python3.11/site-packages/airflow/example_dags/plugins/event_listener.py
[2024-11-01T11:55:44.836+0900] {processor.py:208} INFO - Processing /home/hamin081234/anaconda3/envs/airflow_env/lib/python3.11/site-packages/airflow/example_dags/plugins/event_listener.py took 0.018 seconds
[2024-11-01T11:57:01.874+0900] {processor.py:186} INFO - Started process (PID=424316) to work on /home/hamin081234/anaconda3/envs/airflow_env/lib/python3.11/site-packages/airflow/example_dags/plugins/event_listener.py
[2024-11-01T11:57:01.875+0900] {processor.py:914} INFO - Processing file /home/hamin081234/anaconda3/envs/airflow_env/lib/python3.11/site-packages/airflow/example_dags/plugins/event_listener.py for tasks to queue
[2024-11-01T11:57:01.877+0900] {logging_mixin.py:190} INFO - [2024-11-01T11:57:01.877+0900] {dagbag.py:588} INFO - Filling up the DagBag from /home/hamin081234/anaconda3/envs/airflow_env/lib/python3.11/site-packages/airflow/example_dags/plugins/event_listener.py
[2024-11-01T11:57:01.880+0900] {processor.py:927} WARNING - No viable dags retrieved from /home/hamin081234/anaconda3/envs/airflow_env/lib/python3.11/site-packages/airflow/example_dags/plugins/event_listener.py
[2024-11-01T11:57:01.889+0900] {processor.py:208} INFO - Processing /home/hamin081234/anaconda3/envs/airflow_env/lib/python3.11/site-packages/airflow/example_dags/plugins/event_listener.py took 0.019 seconds
