[2024-11-01T11:50:00.778+0900] {processor.py:186} INFO - Started process (PID=414595) to work on /home/hamin081234/anaconda3/envs/airflow_env/lib/python3.11/site-packages/airflow/example_dags/plugins/listener_plugin.py
[2024-11-01T11:50:00.779+0900] {processor.py:914} INFO - Processing file /home/hamin081234/anaconda3/envs/airflow_env/lib/python3.11/site-packages/airflow/example_dags/plugins/listener_plugin.py for tasks to queue
[2024-11-01T11:50:00.780+0900] {logging_mixin.py:190} INFO - [2024-11-01T11:50:00.780+0900] {dagbag.py:588} INFO - Filling up the DagBag from /home/hamin081234/anaconda3/envs/airflow_env/lib/python3.11/site-packages/airflow/example_dags/plugins/listener_plugin.py
[2024-11-01T11:50:00.781+0900] {processor.py:927} WARNING - No viable dags retrieved from /home/hamin081234/anaconda3/envs/airflow_env/lib/python3.11/site-packages/airflow/example_dags/plugins/listener_plugin.py
[2024-11-01T11:50:00.787+0900] {processor.py:208} INFO - Processing /home/hamin081234/anaconda3/envs/airflow_env/lib/python3.11/site-packages/airflow/example_dags/plugins/listener_plugin.py took 0.012 seconds
[2024-11-01T11:51:18.340+0900] {processor.py:186} INFO - Started process (PID=416420) to work on /home/hamin081234/anaconda3/envs/airflow_env/lib/python3.11/site-packages/airflow/example_dags/plugins/listener_plugin.py
[2024-11-01T11:51:18.343+0900] {processor.py:914} INFO - Processing file /home/hamin081234/anaconda3/envs/airflow_env/lib/python3.11/site-packages/airflow/example_dags/plugins/listener_plugin.py for tasks to queue
[2024-11-01T11:51:18.345+0900] {logging_mixin.py:190} INFO - [2024-11-01T11:51:18.344+0900] {dagbag.py:588} INFO - Filling up the DagBag from /home/hamin081234/anaconda3/envs/airflow_env/lib/python3.11/site-packages/airflow/example_dags/plugins/listener_plugin.py
[2024-11-01T11:51:18.347+0900] {processor.py:927} WARNING - No viable dags retrieved from /home/hamin081234/anaconda3/envs/airflow_env/lib/python3.11/site-packages/airflow/example_dags/plugins/listener_plugin.py
[2024-11-01T11:51:18.357+0900] {processor.py:208} INFO - Processing /home/hamin081234/anaconda3/envs/airflow_env/lib/python3.11/site-packages/airflow/example_dags/plugins/listener_plugin.py took 0.022 seconds
[2024-11-01T11:52:45.067+0900] {processor.py:186} INFO - Started process (PID=418405) to work on /home/hamin081234/anaconda3/envs/airflow_env/lib/python3.11/site-packages/airflow/example_dags/plugins/listener_plugin.py
[2024-11-01T11:52:45.069+0900] {processor.py:914} INFO - Processing file /home/hamin081234/anaconda3/envs/airflow_env/lib/python3.11/site-packages/airflow/example_dags/plugins/listener_plugin.py for tasks to queue
[2024-11-01T11:52:45.071+0900] {logging_mixin.py:190} INFO - [2024-11-01T11:52:45.071+0900] {dagbag.py:588} INFO - Filling up the DagBag from /home/hamin081234/anaconda3/envs/airflow_env/lib/python3.11/site-packages/airflow/example_dags/plugins/listener_plugin.py
[2024-11-01T11:52:45.073+0900] {processor.py:927} WARNING - No viable dags retrieved from /home/hamin081234/anaconda3/envs/airflow_env/lib/python3.11/site-packages/airflow/example_dags/plugins/listener_plugin.py
[2024-11-01T11:52:45.079+0900] {processor.py:208} INFO - Processing /home/hamin081234/anaconda3/envs/airflow_env/lib/python3.11/site-packages/airflow/example_dags/plugins/listener_plugin.py took 0.017 seconds
[2024-11-01T11:54:01.258+0900] {processor.py:186} INFO - Started process (PID=420146) to work on /home/hamin081234/anaconda3/envs/airflow_env/lib/python3.11/site-packages/airflow/example_dags/plugins/listener_plugin.py
[2024-11-01T11:54:01.266+0900] {processor.py:914} INFO - Processing file /home/hamin081234/anaconda3/envs/airflow_env/lib/python3.11/site-packages/airflow/example_dags/plugins/listener_plugin.py for tasks to queue
[2024-11-01T11:54:01.268+0900] {logging_mixin.py:190} INFO - [2024-11-01T11:54:01.267+0900] {dagbag.py:588} INFO - Filling up the DagBag from /home/hamin081234/anaconda3/envs/airflow_env/lib/python3.11/site-packages/airflow/example_dags/plugins/listener_plugin.py
[2024-11-01T11:54:01.269+0900] {processor.py:927} WARNING - No viable dags retrieved from /home/hamin081234/anaconda3/envs/airflow_env/lib/python3.11/site-packages/airflow/example_dags/plugins/listener_plugin.py
[2024-11-01T11:54:01.275+0900] {processor.py:208} INFO - Processing /home/hamin081234/anaconda3/envs/airflow_env/lib/python3.11/site-packages/airflow/example_dags/plugins/listener_plugin.py took 0.022 seconds
[2024-11-01T11:55:20.246+0900] {processor.py:186} INFO - Started process (PID=421974) to work on /home/hamin081234/anaconda3/envs/airflow_env/lib/python3.11/site-packages/airflow/example_dags/plugins/listener_plugin.py
[2024-11-01T11:55:20.255+0900] {processor.py:914} INFO - Processing file /home/hamin081234/anaconda3/envs/airflow_env/lib/python3.11/site-packages/airflow/example_dags/plugins/listener_plugin.py for tasks to queue
[2024-11-01T11:55:20.256+0900] {logging_mixin.py:190} INFO - [2024-11-01T11:55:20.256+0900] {dagbag.py:588} INFO - Filling up the DagBag from /home/hamin081234/anaconda3/envs/airflow_env/lib/python3.11/site-packages/airflow/example_dags/plugins/listener_plugin.py
[2024-11-01T11:55:20.257+0900] {processor.py:927} WARNING - No viable dags retrieved from /home/hamin081234/anaconda3/envs/airflow_env/lib/python3.11/site-packages/airflow/example_dags/plugins/listener_plugin.py
[2024-11-01T11:55:20.264+0900] {processor.py:208} INFO - Processing /home/hamin081234/anaconda3/envs/airflow_env/lib/python3.11/site-packages/airflow/example_dags/plugins/listener_plugin.py took 0.022 seconds
[2024-11-01T11:56:36.604+0900] {processor.py:186} INFO - Started process (PID=423719) to work on /home/hamin081234/anaconda3/envs/airflow_env/lib/python3.11/site-packages/airflow/example_dags/plugins/listener_plugin.py
[2024-11-01T11:56:36.612+0900] {processor.py:914} INFO - Processing file /home/hamin081234/anaconda3/envs/airflow_env/lib/python3.11/site-packages/airflow/example_dags/plugins/listener_plugin.py for tasks to queue
[2024-11-01T11:56:36.613+0900] {logging_mixin.py:190} INFO - [2024-11-01T11:56:36.613+0900] {dagbag.py:588} INFO - Filling up the DagBag from /home/hamin081234/anaconda3/envs/airflow_env/lib/python3.11/site-packages/airflow/example_dags/plugins/listener_plugin.py
[2024-11-01T11:56:36.615+0900] {processor.py:927} WARNING - No viable dags retrieved from /home/hamin081234/anaconda3/envs/airflow_env/lib/python3.11/site-packages/airflow/example_dags/plugins/listener_plugin.py
[2024-11-01T11:56:36.620+0900] {processor.py:208} INFO - Processing /home/hamin081234/anaconda3/envs/airflow_env/lib/python3.11/site-packages/airflow/example_dags/plugins/listener_plugin.py took 0.020 seconds
[2024-11-01T11:57:51.006+0900] {processor.py:186} INFO - Started process (PID=425500) to work on /home/hamin081234/anaconda3/envs/airflow_env/lib/python3.11/site-packages/airflow/example_dags/plugins/listener_plugin.py
[2024-11-01T11:57:51.011+0900] {processor.py:914} INFO - Processing file /home/hamin081234/anaconda3/envs/airflow_env/lib/python3.11/site-packages/airflow/example_dags/plugins/listener_plugin.py for tasks to queue
[2024-11-01T11:57:51.013+0900] {logging_mixin.py:190} INFO - [2024-11-01T11:57:51.012+0900] {dagbag.py:588} INFO - Filling up the DagBag from /home/hamin081234/anaconda3/envs/airflow_env/lib/python3.11/site-packages/airflow/example_dags/plugins/listener_plugin.py
[2024-11-01T11:57:51.014+0900] {processor.py:927} WARNING - No viable dags retrieved from /home/hamin081234/anaconda3/envs/airflow_env/lib/python3.11/site-packages/airflow/example_dags/plugins/listener_plugin.py
[2024-11-01T11:57:51.020+0900] {processor.py:208} INFO - Processing /home/hamin081234/anaconda3/envs/airflow_env/lib/python3.11/site-packages/airflow/example_dags/plugins/listener_plugin.py took 0.019 seconds
