[2024-11-01T11:49:58.410+0900] {processor.py:186} INFO - Started process (PID=414575) to work on /home/hamin081234/anaconda3/envs/airflow_env/lib/python3.11/site-packages/airflow/example_dags/plugins/workday.py
[2024-11-01T11:49:58.410+0900] {processor.py:914} INFO - Processing file /home/hamin081234/anaconda3/envs/airflow_env/lib/python3.11/site-packages/airflow/example_dags/plugins/workday.py for tasks to queue
[2024-11-01T11:49:58.412+0900] {logging_mixin.py:190} INFO - [2024-11-01T11:49:58.412+0900] {dagbag.py:588} INFO - Filling up the DagBag from /home/hamin081234/anaconda3/envs/airflow_env/lib/python3.11/site-packages/airflow/example_dags/plugins/workday.py
[2024-11-01T11:49:58.413+0900] {processor.py:927} WARNING - No viable dags retrieved from /home/hamin081234/anaconda3/envs/airflow_env/lib/python3.11/site-packages/airflow/example_dags/plugins/workday.py
[2024-11-01T11:49:58.420+0900] {processor.py:208} INFO - Processing /home/hamin081234/anaconda3/envs/airflow_env/lib/python3.11/site-packages/airflow/example_dags/plugins/workday.py took 0.013 seconds
[2024-11-01T11:50:52.846+0900] {processor.py:186} INFO - Started process (PID=415988) to work on /home/hamin081234/anaconda3/envs/airflow_env/lib/python3.11/site-packages/airflow/example_dags/plugins/workday.py
[2024-11-01T11:50:52.854+0900] {processor.py:914} INFO - Processing file /home/hamin081234/anaconda3/envs/airflow_env/lib/python3.11/site-packages/airflow/example_dags/plugins/workday.py for tasks to queue
[2024-11-01T11:50:52.856+0900] {logging_mixin.py:190} INFO - [2024-11-01T11:50:52.856+0900] {dagbag.py:588} INFO - Filling up the DagBag from /home/hamin081234/anaconda3/envs/airflow_env/lib/python3.11/site-packages/airflow/example_dags/plugins/workday.py
[2024-11-01T11:50:52.858+0900] {processor.py:927} WARNING - No viable dags retrieved from /home/hamin081234/anaconda3/envs/airflow_env/lib/python3.11/site-packages/airflow/example_dags/plugins/workday.py
[2024-11-01T11:50:52.864+0900] {processor.py:208} INFO - Processing /home/hamin081234/anaconda3/envs/airflow_env/lib/python3.11/site-packages/airflow/example_dags/plugins/workday.py took 0.022 seconds
[2024-11-01T11:52:12.240+0900] {processor.py:186} INFO - Started process (PID=417823) to work on /home/hamin081234/anaconda3/envs/airflow_env/lib/python3.11/site-packages/airflow/example_dags/plugins/workday.py
[2024-11-01T11:52:12.241+0900] {processor.py:914} INFO - Processing file /home/hamin081234/anaconda3/envs/airflow_env/lib/python3.11/site-packages/airflow/example_dags/plugins/workday.py for tasks to queue
[2024-11-01T11:52:12.243+0900] {logging_mixin.py:190} INFO - [2024-11-01T11:52:12.243+0900] {dagbag.py:588} INFO - Filling up the DagBag from /home/hamin081234/anaconda3/envs/airflow_env/lib/python3.11/site-packages/airflow/example_dags/plugins/workday.py
[2024-11-01T11:52:12.245+0900] {processor.py:927} WARNING - No viable dags retrieved from /home/hamin081234/anaconda3/envs/airflow_env/lib/python3.11/site-packages/airflow/example_dags/plugins/workday.py
[2024-11-01T11:52:12.254+0900] {processor.py:208} INFO - Processing /home/hamin081234/anaconda3/envs/airflow_env/lib/python3.11/site-packages/airflow/example_dags/plugins/workday.py took 0.020 seconds
[2024-11-01T11:53:08.464+0900] {processor.py:186} INFO - Started process (PID=418942) to work on /home/hamin081234/anaconda3/envs/airflow_env/lib/python3.11/site-packages/airflow/example_dags/plugins/workday.py
[2024-11-01T11:53:08.472+0900] {processor.py:914} INFO - Processing file /home/hamin081234/anaconda3/envs/airflow_env/lib/python3.11/site-packages/airflow/example_dags/plugins/workday.py for tasks to queue
[2024-11-01T11:53:08.474+0900] {logging_mixin.py:190} INFO - [2024-11-01T11:53:08.473+0900] {dagbag.py:588} INFO - Filling up the DagBag from /home/hamin081234/anaconda3/envs/airflow_env/lib/python3.11/site-packages/airflow/example_dags/plugins/workday.py
[2024-11-01T11:53:08.475+0900] {processor.py:927} WARNING - No viable dags retrieved from /home/hamin081234/anaconda3/envs/airflow_env/lib/python3.11/site-packages/airflow/example_dags/plugins/workday.py
[2024-11-01T11:53:08.482+0900] {processor.py:208} INFO - Processing /home/hamin081234/anaconda3/envs/airflow_env/lib/python3.11/site-packages/airflow/example_dags/plugins/workday.py took 0.021 seconds
[2024-11-01T11:54:26.670+0900] {processor.py:186} INFO - Started process (PID=420703) to work on /home/hamin081234/anaconda3/envs/airflow_env/lib/python3.11/site-packages/airflow/example_dags/plugins/workday.py
[2024-11-01T11:54:26.679+0900] {processor.py:914} INFO - Processing file /home/hamin081234/anaconda3/envs/airflow_env/lib/python3.11/site-packages/airflow/example_dags/plugins/workday.py for tasks to queue
[2024-11-01T11:54:26.680+0900] {logging_mixin.py:190} INFO - [2024-11-01T11:54:26.680+0900] {dagbag.py:588} INFO - Filling up the DagBag from /home/hamin081234/anaconda3/envs/airflow_env/lib/python3.11/site-packages/airflow/example_dags/plugins/workday.py
[2024-11-01T11:54:26.681+0900] {processor.py:927} WARNING - No viable dags retrieved from /home/hamin081234/anaconda3/envs/airflow_env/lib/python3.11/site-packages/airflow/example_dags/plugins/workday.py
[2024-11-01T11:54:26.687+0900] {processor.py:208} INFO - Processing /home/hamin081234/anaconda3/envs/airflow_env/lib/python3.11/site-packages/airflow/example_dags/plugins/workday.py took 0.020 seconds
[2024-11-01T11:55:42.564+0900] {processor.py:186} INFO - Started process (PID=422488) to work on /home/hamin081234/anaconda3/envs/airflow_env/lib/python3.11/site-packages/airflow/example_dags/plugins/workday.py
[2024-11-01T11:55:42.573+0900] {processor.py:914} INFO - Processing file /home/hamin081234/anaconda3/envs/airflow_env/lib/python3.11/site-packages/airflow/example_dags/plugins/workday.py for tasks to queue
[2024-11-01T11:55:42.574+0900] {logging_mixin.py:190} INFO - [2024-11-01T11:55:42.574+0900] {dagbag.py:588} INFO - Filling up the DagBag from /home/hamin081234/anaconda3/envs/airflow_env/lib/python3.11/site-packages/airflow/example_dags/plugins/workday.py
[2024-11-01T11:55:42.576+0900] {processor.py:927} WARNING - No viable dags retrieved from /home/hamin081234/anaconda3/envs/airflow_env/lib/python3.11/site-packages/airflow/example_dags/plugins/workday.py
[2024-11-01T11:55:42.583+0900] {processor.py:208} INFO - Processing /home/hamin081234/anaconda3/envs/airflow_env/lib/python3.11/site-packages/airflow/example_dags/plugins/workday.py took 0.024 seconds
[2024-11-01T11:56:59.591+0900] {processor.py:186} INFO - Started process (PID=424259) to work on /home/hamin081234/anaconda3/envs/airflow_env/lib/python3.11/site-packages/airflow/example_dags/plugins/workday.py
[2024-11-01T11:56:59.599+0900] {processor.py:914} INFO - Processing file /home/hamin081234/anaconda3/envs/airflow_env/lib/python3.11/site-packages/airflow/example_dags/plugins/workday.py for tasks to queue
[2024-11-01T11:56:59.601+0900] {logging_mixin.py:190} INFO - [2024-11-01T11:56:59.601+0900] {dagbag.py:588} INFO - Filling up the DagBag from /home/hamin081234/anaconda3/envs/airflow_env/lib/python3.11/site-packages/airflow/example_dags/plugins/workday.py
[2024-11-01T11:56:59.603+0900] {processor.py:927} WARNING - No viable dags retrieved from /home/hamin081234/anaconda3/envs/airflow_env/lib/python3.11/site-packages/airflow/example_dags/plugins/workday.py
[2024-11-01T11:56:59.609+0900] {processor.py:208} INFO - Processing /home/hamin081234/anaconda3/envs/airflow_env/lib/python3.11/site-packages/airflow/example_dags/plugins/workday.py took 0.021 seconds
