[2024-11-04T03:30:00.074+0000] {local_task_job_runner.py:123} INFO - ::group::Pre task execution logs
[2024-11-04T03:30:00.089+0000] {taskinstance.py:2612} INFO - Dependencies all met for dep_context=non-requeueable deps ti=<TaskInstance: stock-market-summary.exchange_rate manual__2024-11-04T03:29:50.122207+00:00 [queued]>
[2024-11-04T03:30:00.096+0000] {taskinstance.py:2612} INFO - Dependencies all met for dep_context=requeueable deps ti=<TaskInstance: stock-market-summary.exchange_rate manual__2024-11-04T03:29:50.122207+00:00 [queued]>
[2024-11-04T03:30:00.096+0000] {taskinstance.py:2865} INFO - Starting attempt 1 of 1
[2024-11-04T03:30:00.109+0000] {taskinstance.py:2888} INFO - Executing <Task(PythonOperator): exchange_rate> on 2024-11-04 03:29:50.122207+00:00
[2024-11-04T03:30:00.116+0000] {warnings.py:112} WARNING - /home/***/.local/lib/python3.12/site-packages/***/task/task_runner/standard_task_runner.py:70: DeprecationWarning: This process (pid=1943) is multi-threaded, use of fork() may lead to deadlocks in the child.
  pid = os.fork()

[2024-11-04T03:30:00.118+0000] {standard_task_runner.py:72} INFO - Started process 1944 to run task
[2024-11-04T03:30:00.118+0000] {standard_task_runner.py:104} INFO - Running: ['***', 'tasks', 'run', 'stock-market-summary', 'exchange_rate', 'manual__2024-11-04T03:29:50.122207+00:00', '--job-id', '214', '--raw', '--subdir', 'DAGS_FOLDER/stock_market_summary.py', '--cfg-path', '/tmp/tmpziu9svka']
[2024-11-04T03:30:00.120+0000] {standard_task_runner.py:105} INFO - Job 214: Subtask exchange_rate
[2024-11-04T03:30:00.165+0000] {task_command.py:467} INFO - Running <TaskInstance: stock-market-summary.exchange_rate manual__2024-11-04T03:29:50.122207+00:00 [running]> on host 5a41fc77ef88
[2024-11-04T03:30:00.238+0000] {taskinstance.py:3131} INFO - Exporting env vars: AIRFLOW_CTX_DAG_OWNER='***' AIRFLOW_CTX_DAG_ID='stock-market-summary' AIRFLOW_CTX_TASK_ID='exchange_rate' AIRFLOW_CTX_EXECUTION_DATE='2024-11-04T03:29:50.122207+00:00' AIRFLOW_CTX_TRY_NUMBER='1' AIRFLOW_CTX_DAG_RUN_ID='manual__2024-11-04T03:29:50.122207+00:00'
[2024-11-04T03:30:00.241+0000] {taskinstance.py:731} INFO - ::endgroup::
[2024-11-04T03:30:01.131+0000] {warnings.py:112} WARNING - /opt/***/dags/stock_market_summary.py:143: GuessedAtParserWarning: No parser was explicitly specified, so I'm using the best available HTML parser for this system ("lxml"). This usually isn't a problem, but if you run this code on another system, or in a different virtual environment, it may use a different parser and behave differently.

The code that caused this warning is on line 143 of the file /opt/***/dags/stock_market_summary.py. To get rid of this warning, pass the additional argument 'features="lxml"' to the BeautifulSoup constructor.

  soup = BeautifulSoup(req_obj.content)

[2024-11-04T03:30:01.869+0000] {logging_mixin.py:190} INFO - ##################################################
[2024-11-04T03:30:01.870+0000] {logging_mixin.py:190} INFO - {'url': 'https://www.google.com/finance/quote/USD-KRW', 'From': 'USD', 'To': 'KRW', 'Exchange Rate': 1369.8501, 'Time': '2024-11-04 12:30:01'}
[2024-11-04T03:30:01.870+0000] {logging_mixin.py:190} INFO - ##################################################
[2024-11-04T03:30:01.871+0000] {baseoperator.py:405} WARNING - SlackAPIPostOperator.execute cannot be called outside TaskInstance!
[2024-11-04T03:30:01.880+0000] {base.py:84} INFO - Retrieving connection 'slack_api_default'
[2024-11-04T03:30:02.358+0000] {python.py:240} INFO - Done. Returned value was: {'currency_info': {'url': 'https://www.google.com/finance/quote/USD-KRW', 'From': 'USD', 'To': 'KRW', 'Exchange Rate': 1369.8501, 'Time': '2024-11-04 12:30:01'}, 'stock_list': [{'code': 'TSLA', 'name_en': 'Tesla', 'name_kr': '테슬라', 'stock_index': 'NASDAQ', 'stock_price': 248.98, 'stock_info': {'url': 'https://www.google.com/finance/quote/TSLA:NASDAQ', 'stock_name': 'TSLA', 'stock_price': 248.98, 'currency': '$'}, 'to_won': 341065.27789800003}, {'code': 'AAPL', 'name_en': 'Apple', 'name_kr': '애플', 'stock_index': 'NASDAQ', 'stock_price': 222.91, 'stock_info': {'url': 'https://www.google.com/finance/quote/AAPL:NASDAQ', 'stock_name': 'AAPL', 'stock_price': 222.91, 'currency': '$'}, 'to_won': 305353.285791}, {'code': 'NVDA', 'name_en': 'NVidia', 'name_kr': '엔비디아', 'stock_index': 'NASDAQ', 'stock_price': 135.37, 'stock_info': {'url': 'https://www.google.com/finance/quote/NVDA:NASDAQ', 'stock_name': 'NVDA', 'stock_price': 135.37, 'currency': '$'}, 'to_won': 185436.60803700003}, {'code': 'MSFT', 'name_en': 'Microsoft', 'name_kr': '마이크로소프트', 'stock_index': 'NASDAQ', 'stock_price': 410.37, 'stock_info': {'url': 'https://www.google.com/finance/quote/MSFT:NASDAQ', 'stock_name': 'MSFT', 'stock_price': 410.37, 'currency': '$'}, 'to_won': 562145.385537}]}
[2024-11-04T03:30:02.387+0000] {taskinstance.py:340} INFO - ::group::Post task execution logs
[2024-11-04T03:30:02.387+0000] {taskinstance.py:352} INFO - Marking task as SUCCESS. dag_id=stock-market-summary, task_id=exchange_rate, run_id=manual__2024-11-04T03:29:50.122207+00:00, execution_date=20241104T032950, start_date=20241104T033000, end_date=20241104T033002
[2024-11-04T03:30:02.421+0000] {local_task_job_runner.py:266} INFO - Task exited with return code 0
[2024-11-04T03:30:02.443+0000] {taskinstance.py:3900} INFO - 0 downstream tasks scheduled from follow-on schedule check
[2024-11-04T03:30:02.447+0000] {local_task_job_runner.py:245} INFO - ::endgroup::
