[2024-10-31T07:57:38.918+0000] {processor.py:186} INFO - Started process (PID=43) to work on /opt/airflow/dags/self-tutorial-dag.py
[2024-10-31T07:57:38.918+0000] {processor.py:914} INFO - Processing file /opt/airflow/dags/self-tutorial-dag.py for tasks to queue
[2024-10-31T07:57:38.920+0000] {logging_mixin.py:190} INFO - [2024-10-31T07:57:38.920+0000] {dagbag.py:588} INFO - Filling up the DagBag from /opt/airflow/dags/self-tutorial-dag.py
[2024-10-31T07:57:38.937+0000] {processor.py:925} INFO - DAG(s) 'self-tutorial-dag' retrieved from /opt/airflow/dags/self-tutorial-dag.py
[2024-10-31T07:57:39.139+0000] {logging_mixin.py:190} INFO - [2024-10-31T07:57:39.139+0000] {override.py:1900} INFO - Created Permission View: can read on DAG:self-tutorial-dag
[2024-10-31T07:57:39.149+0000] {logging_mixin.py:190} INFO - [2024-10-31T07:57:39.149+0000] {override.py:1900} INFO - Created Permission View: can edit on DAG:self-tutorial-dag
[2024-10-31T07:57:39.155+0000] {logging_mixin.py:190} INFO - [2024-10-31T07:57:39.155+0000] {override.py:1900} INFO - Created Permission View: can delete on DAG:self-tutorial-dag
[2024-10-31T07:57:39.163+0000] {logging_mixin.py:190} INFO - [2024-10-31T07:57:39.163+0000] {override.py:1900} INFO - Created Permission View: can delete on DAG Run:self-tutorial-dag
[2024-10-31T07:57:39.169+0000] {logging_mixin.py:190} INFO - [2024-10-31T07:57:39.169+0000] {override.py:1900} INFO - Created Permission View: can read on DAG Run:self-tutorial-dag
[2024-10-31T07:57:39.175+0000] {logging_mixin.py:190} INFO - [2024-10-31T07:57:39.175+0000] {override.py:1900} INFO - Created Permission View: menu access on DAG Run:self-tutorial-dag
[2024-10-31T07:57:39.181+0000] {logging_mixin.py:190} INFO - [2024-10-31T07:57:39.181+0000] {override.py:1900} INFO - Created Permission View: can create on DAG Run:self-tutorial-dag
[2024-10-31T07:57:39.181+0000] {logging_mixin.py:190} INFO - [2024-10-31T07:57:39.181+0000] {dag.py:3239} INFO - Sync 1 DAGs
[2024-10-31T07:57:39.198+0000] {logging_mixin.py:190} INFO - [2024-10-31T07:57:39.198+0000] {dag.py:3262} INFO - Creating ORM DAG for self-tutorial-dag
[2024-10-31T07:57:39.208+0000] {logging_mixin.py:190} INFO - [2024-10-31T07:57:39.208+0000] {dag.py:4180} INFO - Setting next_dagrun for self-tutorial-dag to 2024-10-30 00:00:00+00:00, run_after=2024-10-31 00:00:00+00:00
[2024-10-31T07:57:39.226+0000] {processor.py:208} INFO - Processing /opt/airflow/dags/self-tutorial-dag.py took 0.313 seconds
[2024-10-31T23:20:12.127+0000] {processor.py:186} INFO - Started process (PID=43) to work on /opt/airflow/dags/self-tutorial-dag.py
[2024-10-31T23:20:12.128+0000] {processor.py:914} INFO - Processing file /opt/airflow/dags/self-tutorial-dag.py for tasks to queue
[2024-10-31T23:20:12.130+0000] {logging_mixin.py:190} INFO - [2024-10-31T23:20:12.130+0000] {dagbag.py:588} INFO - Filling up the DagBag from /opt/airflow/dags/self-tutorial-dag.py
[2024-10-31T23:20:12.142+0000] {processor.py:925} INFO - DAG(s) 'self-tutorial-dag' retrieved from /opt/airflow/dags/self-tutorial-dag.py
[2024-10-31T23:20:12.155+0000] {logging_mixin.py:190} INFO - [2024-10-31T23:20:12.155+0000] {dag.py:3239} INFO - Sync 1 DAGs
[2024-10-31T23:20:12.173+0000] {logging_mixin.py:190} INFO - [2024-10-31T23:20:12.173+0000] {dag.py:4180} INFO - Setting next_dagrun for self-tutorial-dag to 2024-10-30 00:00:00+00:00, run_after=2024-10-31 00:00:00+00:00
[2024-10-31T23:20:12.187+0000] {processor.py:208} INFO - Processing /opt/airflow/dags/self-tutorial-dag.py took 0.065 seconds
[2024-10-31T23:20:42.287+0000] {processor.py:186} INFO - Started process (PID=50) to work on /opt/airflow/dags/self-tutorial-dag.py
[2024-10-31T23:20:42.288+0000] {processor.py:914} INFO - Processing file /opt/airflow/dags/self-tutorial-dag.py for tasks to queue
[2024-10-31T23:20:42.291+0000] {logging_mixin.py:190} INFO - [2024-10-31T23:20:42.291+0000] {dagbag.py:588} INFO - Filling up the DagBag from /opt/airflow/dags/self-tutorial-dag.py
[2024-10-31T23:20:42.300+0000] {processor.py:925} INFO - DAG(s) 'self-tutorial-dag' retrieved from /opt/airflow/dags/self-tutorial-dag.py
[2024-10-31T23:20:42.316+0000] {logging_mixin.py:190} INFO - [2024-10-31T23:20:42.316+0000] {dag.py:3239} INFO - Sync 1 DAGs
[2024-10-31T23:20:42.341+0000] {logging_mixin.py:190} INFO - [2024-10-31T23:20:42.341+0000] {dag.py:4180} INFO - Setting next_dagrun for self-tutorial-dag to 2024-10-30 00:00:00+00:00, run_after=2024-10-31 00:00:00+00:00
[2024-10-31T23:20:42.360+0000] {processor.py:208} INFO - Processing /opt/airflow/dags/self-tutorial-dag.py took 0.079 seconds
[2024-10-31T23:21:12.430+0000] {processor.py:186} INFO - Started process (PID=57) to work on /opt/airflow/dags/self-tutorial-dag.py
[2024-10-31T23:21:12.464+0000] {processor.py:914} INFO - Processing file /opt/airflow/dags/self-tutorial-dag.py for tasks to queue
[2024-10-31T23:21:12.466+0000] {logging_mixin.py:190} INFO - [2024-10-31T23:21:12.466+0000] {dagbag.py:588} INFO - Filling up the DagBag from /opt/airflow/dags/self-tutorial-dag.py
[2024-10-31T23:21:12.472+0000] {processor.py:925} INFO - DAG(s) 'self-tutorial-dag' retrieved from /opt/airflow/dags/self-tutorial-dag.py
[2024-10-31T23:21:12.484+0000] {logging_mixin.py:190} INFO - [2024-10-31T23:21:12.483+0000] {dag.py:3239} INFO - Sync 1 DAGs
[2024-10-31T23:21:12.500+0000] {logging_mixin.py:190} INFO - [2024-10-31T23:21:12.500+0000] {dag.py:4180} INFO - Setting next_dagrun for self-tutorial-dag to 2024-10-30 00:00:00+00:00, run_after=2024-10-31 00:00:00+00:00
[2024-10-31T23:21:12.513+0000] {processor.py:208} INFO - Processing /opt/airflow/dags/self-tutorial-dag.py took 0.087 seconds
[2024-10-31T23:21:42.606+0000] {processor.py:186} INFO - Started process (PID=64) to work on /opt/airflow/dags/self-tutorial-dag.py
[2024-10-31T23:21:42.606+0000] {processor.py:914} INFO - Processing file /opt/airflow/dags/self-tutorial-dag.py for tasks to queue
[2024-10-31T23:21:42.608+0000] {logging_mixin.py:190} INFO - [2024-10-31T23:21:42.608+0000] {dagbag.py:588} INFO - Filling up the DagBag from /opt/airflow/dags/self-tutorial-dag.py
[2024-10-31T23:21:42.614+0000] {processor.py:925} INFO - DAG(s) 'self-tutorial-dag' retrieved from /opt/airflow/dags/self-tutorial-dag.py
[2024-10-31T23:21:42.626+0000] {logging_mixin.py:190} INFO - [2024-10-31T23:21:42.626+0000] {dag.py:3239} INFO - Sync 1 DAGs
[2024-10-31T23:21:42.642+0000] {logging_mixin.py:190} INFO - [2024-10-31T23:21:42.642+0000] {dag.py:4180} INFO - Setting next_dagrun for self-tutorial-dag to 2024-10-30 00:00:00+00:00, run_after=2024-10-31 00:00:00+00:00
[2024-10-31T23:21:42.655+0000] {processor.py:208} INFO - Processing /opt/airflow/dags/self-tutorial-dag.py took 0.054 seconds
[2024-10-31T23:22:12.743+0000] {processor.py:186} INFO - Started process (PID=71) to work on /opt/airflow/dags/self-tutorial-dag.py
[2024-10-31T23:22:12.751+0000] {processor.py:914} INFO - Processing file /opt/airflow/dags/self-tutorial-dag.py for tasks to queue
[2024-10-31T23:22:12.753+0000] {logging_mixin.py:190} INFO - [2024-10-31T23:22:12.752+0000] {dagbag.py:588} INFO - Filling up the DagBag from /opt/airflow/dags/self-tutorial-dag.py
[2024-10-31T23:22:12.759+0000] {processor.py:925} INFO - DAG(s) 'self-tutorial-dag' retrieved from /opt/airflow/dags/self-tutorial-dag.py
[2024-10-31T23:22:12.770+0000] {logging_mixin.py:190} INFO - [2024-10-31T23:22:12.769+0000] {dag.py:3239} INFO - Sync 1 DAGs
[2024-10-31T23:22:12.786+0000] {logging_mixin.py:190} INFO - [2024-10-31T23:22:12.786+0000] {dag.py:4180} INFO - Setting next_dagrun for self-tutorial-dag to 2024-10-30 00:00:00+00:00, run_after=2024-10-31 00:00:00+00:00
[2024-10-31T23:22:12.800+0000] {processor.py:208} INFO - Processing /opt/airflow/dags/self-tutorial-dag.py took 0.061 seconds
[2024-10-31T23:22:42.885+0000] {processor.py:186} INFO - Started process (PID=78) to work on /opt/airflow/dags/self-tutorial-dag.py
[2024-10-31T23:22:42.893+0000] {processor.py:914} INFO - Processing file /opt/airflow/dags/self-tutorial-dag.py for tasks to queue
[2024-10-31T23:22:42.894+0000] {logging_mixin.py:190} INFO - [2024-10-31T23:22:42.894+0000] {dagbag.py:588} INFO - Filling up the DagBag from /opt/airflow/dags/self-tutorial-dag.py
[2024-10-31T23:22:42.900+0000] {processor.py:925} INFO - DAG(s) 'self-tutorial-dag' retrieved from /opt/airflow/dags/self-tutorial-dag.py
[2024-10-31T23:22:42.912+0000] {logging_mixin.py:190} INFO - [2024-10-31T23:22:42.912+0000] {dag.py:3239} INFO - Sync 1 DAGs
[2024-10-31T23:22:42.928+0000] {logging_mixin.py:190} INFO - [2024-10-31T23:22:42.928+0000] {dag.py:4180} INFO - Setting next_dagrun for self-tutorial-dag to 2024-10-30 00:00:00+00:00, run_after=2024-10-31 00:00:00+00:00
[2024-10-31T23:22:42.943+0000] {processor.py:208} INFO - Processing /opt/airflow/dags/self-tutorial-dag.py took 0.062 seconds
[2024-10-31T23:23:13.021+0000] {processor.py:186} INFO - Started process (PID=85) to work on /opt/airflow/dags/self-tutorial-dag.py
[2024-10-31T23:23:13.029+0000] {processor.py:914} INFO - Processing file /opt/airflow/dags/self-tutorial-dag.py for tasks to queue
[2024-10-31T23:23:13.030+0000] {logging_mixin.py:190} INFO - [2024-10-31T23:23:13.030+0000] {dagbag.py:588} INFO - Filling up the DagBag from /opt/airflow/dags/self-tutorial-dag.py
[2024-10-31T23:23:13.036+0000] {processor.py:925} INFO - DAG(s) 'self-tutorial-dag' retrieved from /opt/airflow/dags/self-tutorial-dag.py
[2024-10-31T23:23:13.046+0000] {logging_mixin.py:190} INFO - [2024-10-31T23:23:13.046+0000] {dag.py:3239} INFO - Sync 1 DAGs
[2024-10-31T23:23:13.062+0000] {logging_mixin.py:190} INFO - [2024-10-31T23:23:13.062+0000] {dag.py:4180} INFO - Setting next_dagrun for self-tutorial-dag to 2024-10-30 00:00:00+00:00, run_after=2024-10-31 00:00:00+00:00
[2024-10-31T23:23:13.075+0000] {processor.py:208} INFO - Processing /opt/airflow/dags/self-tutorial-dag.py took 0.058 seconds
[2024-10-31T23:23:43.152+0000] {processor.py:186} INFO - Started process (PID=93) to work on /opt/airflow/dags/self-tutorial-dag.py
[2024-10-31T23:23:43.160+0000] {processor.py:914} INFO - Processing file /opt/airflow/dags/self-tutorial-dag.py for tasks to queue
[2024-10-31T23:23:43.162+0000] {logging_mixin.py:190} INFO - [2024-10-31T23:23:43.161+0000] {dagbag.py:588} INFO - Filling up the DagBag from /opt/airflow/dags/self-tutorial-dag.py
[2024-10-31T23:23:43.170+0000] {processor.py:925} INFO - DAG(s) 'self-tutorial-dag' retrieved from /opt/airflow/dags/self-tutorial-dag.py
[2024-10-31T23:23:43.182+0000] {logging_mixin.py:190} INFO - [2024-10-31T23:23:43.181+0000] {dag.py:3239} INFO - Sync 1 DAGs
[2024-10-31T23:23:43.199+0000] {logging_mixin.py:190} INFO - [2024-10-31T23:23:43.199+0000] {dag.py:4180} INFO - Setting next_dagrun for self-tutorial-dag to 2024-10-30 00:00:00+00:00, run_after=2024-10-31 00:00:00+00:00
[2024-10-31T23:23:43.360+0000] {processor.py:208} INFO - Processing /opt/airflow/dags/self-tutorial-dag.py took 0.212 seconds
[2024-10-31T23:24:13.479+0000] {processor.py:186} INFO - Started process (PID=100) to work on /opt/airflow/dags/self-tutorial-dag.py
[2024-10-31T23:24:13.487+0000] {processor.py:914} INFO - Processing file /opt/airflow/dags/self-tutorial-dag.py for tasks to queue
[2024-10-31T23:24:13.489+0000] {logging_mixin.py:190} INFO - [2024-10-31T23:24:13.489+0000] {dagbag.py:588} INFO - Filling up the DagBag from /opt/airflow/dags/self-tutorial-dag.py
[2024-10-31T23:24:13.495+0000] {processor.py:925} INFO - DAG(s) 'self-tutorial-dag' retrieved from /opt/airflow/dags/self-tutorial-dag.py
[2024-10-31T23:24:13.511+0000] {logging_mixin.py:190} INFO - [2024-10-31T23:24:13.511+0000] {dag.py:3239} INFO - Sync 1 DAGs
[2024-10-31T23:24:13.648+0000] {logging_mixin.py:190} INFO - [2024-10-31T23:24:13.648+0000] {dag.py:4180} INFO - Setting next_dagrun for self-tutorial-dag to 2024-10-30 00:00:00+00:00, run_after=2024-10-31 00:00:00+00:00
[2024-10-31T23:24:13.665+0000] {processor.py:208} INFO - Processing /opt/airflow/dags/self-tutorial-dag.py took 0.190 seconds
[2024-10-31T23:24:43.782+0000] {processor.py:186} INFO - Started process (PID=107) to work on /opt/airflow/dags/self-tutorial-dag.py
[2024-10-31T23:24:43.783+0000] {processor.py:914} INFO - Processing file /opt/airflow/dags/self-tutorial-dag.py for tasks to queue
[2024-10-31T23:24:43.785+0000] {logging_mixin.py:190} INFO - [2024-10-31T23:24:43.785+0000] {dagbag.py:588} INFO - Filling up the DagBag from /opt/airflow/dags/self-tutorial-dag.py
[2024-10-31T23:24:43.799+0000] {processor.py:925} INFO - DAG(s) 'self-tutorial-dag' retrieved from /opt/airflow/dags/self-tutorial-dag.py
[2024-10-31T23:24:43.984+0000] {logging_mixin.py:190} INFO - [2024-10-31T23:24:43.984+0000] {dag.py:3239} INFO - Sync 1 DAGs
[2024-10-31T23:24:43.999+0000] {logging_mixin.py:190} INFO - [2024-10-31T23:24:43.998+0000] {dag.py:4180} INFO - Setting next_dagrun for self-tutorial-dag to 2024-10-30 00:00:00+00:00, run_after=2024-10-31 00:00:00+00:00
[2024-10-31T23:24:44.010+0000] {processor.py:208} INFO - Processing /opt/airflow/dags/self-tutorial-dag.py took 0.232 seconds
[2024-10-31T23:25:14.395+0000] {processor.py:186} INFO - Started process (PID=114) to work on /opt/airflow/dags/self-tutorial-dag.py
[2024-10-31T23:25:14.396+0000] {processor.py:914} INFO - Processing file /opt/airflow/dags/self-tutorial-dag.py for tasks to queue
[2024-10-31T23:25:14.398+0000] {logging_mixin.py:190} INFO - [2024-10-31T23:25:14.397+0000] {dagbag.py:588} INFO - Filling up the DagBag from /opt/airflow/dags/self-tutorial-dag.py
[2024-10-31T23:25:14.404+0000] {processor.py:925} INFO - DAG(s) 'self-tutorial-dag' retrieved from /opt/airflow/dags/self-tutorial-dag.py
[2024-10-31T23:25:14.416+0000] {logging_mixin.py:190} INFO - [2024-10-31T23:25:14.416+0000] {dag.py:3239} INFO - Sync 1 DAGs
[2024-10-31T23:25:14.433+0000] {logging_mixin.py:190} INFO - [2024-10-31T23:25:14.432+0000] {dag.py:4180} INFO - Setting next_dagrun for self-tutorial-dag to 2024-10-30 00:00:00+00:00, run_after=2024-10-31 00:00:00+00:00
[2024-10-31T23:25:14.447+0000] {processor.py:208} INFO - Processing /opt/airflow/dags/self-tutorial-dag.py took 0.056 seconds
[2024-10-31T23:25:44.529+0000] {processor.py:186} INFO - Started process (PID=121) to work on /opt/airflow/dags/self-tutorial-dag.py
[2024-10-31T23:25:44.537+0000] {processor.py:914} INFO - Processing file /opt/airflow/dags/self-tutorial-dag.py for tasks to queue
[2024-10-31T23:25:44.540+0000] {logging_mixin.py:190} INFO - [2024-10-31T23:25:44.540+0000] {dagbag.py:588} INFO - Filling up the DagBag from /opt/airflow/dags/self-tutorial-dag.py
[2024-10-31T23:25:44.549+0000] {processor.py:925} INFO - DAG(s) 'self-tutorial-dag' retrieved from /opt/airflow/dags/self-tutorial-dag.py
[2024-10-31T23:25:44.560+0000] {logging_mixin.py:190} INFO - [2024-10-31T23:25:44.560+0000] {dag.py:3239} INFO - Sync 1 DAGs
[2024-10-31T23:25:44.579+0000] {logging_mixin.py:190} INFO - [2024-10-31T23:25:44.579+0000] {dag.py:4180} INFO - Setting next_dagrun for self-tutorial-dag to 2024-10-30 00:00:00+00:00, run_after=2024-10-31 00:00:00+00:00
[2024-10-31T23:25:44.593+0000] {processor.py:208} INFO - Processing /opt/airflow/dags/self-tutorial-dag.py took 0.070 seconds
[2024-10-31T23:26:14.684+0000] {processor.py:186} INFO - Started process (PID=128) to work on /opt/airflow/dags/self-tutorial-dag.py
[2024-10-31T23:26:14.688+0000] {processor.py:914} INFO - Processing file /opt/airflow/dags/self-tutorial-dag.py for tasks to queue
[2024-10-31T23:26:14.689+0000] {logging_mixin.py:190} INFO - [2024-10-31T23:26:14.689+0000] {dagbag.py:588} INFO - Filling up the DagBag from /opt/airflow/dags/self-tutorial-dag.py
[2024-10-31T23:26:14.695+0000] {processor.py:925} INFO - DAG(s) 'self-tutorial-dag' retrieved from /opt/airflow/dags/self-tutorial-dag.py
[2024-10-31T23:26:14.706+0000] {logging_mixin.py:190} INFO - [2024-10-31T23:26:14.706+0000] {dag.py:3239} INFO - Sync 1 DAGs
[2024-10-31T23:26:14.722+0000] {logging_mixin.py:190} INFO - [2024-10-31T23:26:14.722+0000] {dag.py:4180} INFO - Setting next_dagrun for self-tutorial-dag to 2024-10-30 00:00:00+00:00, run_after=2024-10-31 00:00:00+00:00
[2024-10-31T23:26:14.734+0000] {processor.py:208} INFO - Processing /opt/airflow/dags/self-tutorial-dag.py took 0.055 seconds
[2024-10-31T23:26:44.836+0000] {processor.py:186} INFO - Started process (PID=135) to work on /opt/airflow/dags/self-tutorial-dag.py
[2024-10-31T23:26:44.844+0000] {processor.py:914} INFO - Processing file /opt/airflow/dags/self-tutorial-dag.py for tasks to queue
[2024-10-31T23:26:44.846+0000] {logging_mixin.py:190} INFO - [2024-10-31T23:26:44.845+0000] {dagbag.py:588} INFO - Filling up the DagBag from /opt/airflow/dags/self-tutorial-dag.py
[2024-10-31T23:26:44.852+0000] {processor.py:925} INFO - DAG(s) 'self-tutorial-dag' retrieved from /opt/airflow/dags/self-tutorial-dag.py
[2024-10-31T23:26:44.864+0000] {logging_mixin.py:190} INFO - [2024-10-31T23:26:44.864+0000] {dag.py:3239} INFO - Sync 1 DAGs
[2024-10-31T23:26:44.880+0000] {logging_mixin.py:190} INFO - [2024-10-31T23:26:44.880+0000] {dag.py:4180} INFO - Setting next_dagrun for self-tutorial-dag to 2024-10-30 00:00:00+00:00, run_after=2024-10-31 00:00:00+00:00
[2024-10-31T23:26:44.893+0000] {processor.py:208} INFO - Processing /opt/airflow/dags/self-tutorial-dag.py took 0.062 seconds
[2024-10-31T23:27:14.954+0000] {processor.py:186} INFO - Started process (PID=142) to work on /opt/airflow/dags/self-tutorial-dag.py
[2024-10-31T23:27:14.954+0000] {processor.py:914} INFO - Processing file /opt/airflow/dags/self-tutorial-dag.py for tasks to queue
[2024-10-31T23:27:14.956+0000] {logging_mixin.py:190} INFO - [2024-10-31T23:27:14.956+0000] {dagbag.py:588} INFO - Filling up the DagBag from /opt/airflow/dags/self-tutorial-dag.py
[2024-10-31T23:27:14.961+0000] {processor.py:925} INFO - DAG(s) 'self-tutorial-dag' retrieved from /opt/airflow/dags/self-tutorial-dag.py
[2024-10-31T23:27:14.973+0000] {logging_mixin.py:190} INFO - [2024-10-31T23:27:14.973+0000] {dag.py:3239} INFO - Sync 1 DAGs
[2024-10-31T23:27:14.990+0000] {logging_mixin.py:190} INFO - [2024-10-31T23:27:14.989+0000] {dag.py:4180} INFO - Setting next_dagrun for self-tutorial-dag to 2024-10-30 00:00:00+00:00, run_after=2024-10-31 00:00:00+00:00
[2024-10-31T23:27:15.002+0000] {processor.py:208} INFO - Processing /opt/airflow/dags/self-tutorial-dag.py took 0.053 seconds
[2024-10-31T23:27:45.123+0000] {processor.py:186} INFO - Started process (PID=149) to work on /opt/airflow/dags/self-tutorial-dag.py
[2024-10-31T23:27:45.132+0000] {processor.py:914} INFO - Processing file /opt/airflow/dags/self-tutorial-dag.py for tasks to queue
[2024-10-31T23:27:45.133+0000] {logging_mixin.py:190} INFO - [2024-10-31T23:27:45.133+0000] {dagbag.py:588} INFO - Filling up the DagBag from /opt/airflow/dags/self-tutorial-dag.py
[2024-10-31T23:27:45.139+0000] {processor.py:925} INFO - DAG(s) 'self-tutorial-dag' retrieved from /opt/airflow/dags/self-tutorial-dag.py
[2024-10-31T23:27:45.150+0000] {logging_mixin.py:190} INFO - [2024-10-31T23:27:45.150+0000] {dag.py:3239} INFO - Sync 1 DAGs
[2024-10-31T23:27:45.166+0000] {logging_mixin.py:190} INFO - [2024-10-31T23:27:45.166+0000] {dag.py:4180} INFO - Setting next_dagrun for self-tutorial-dag to 2024-10-30 00:00:00+00:00, run_after=2024-10-31 00:00:00+00:00
[2024-10-31T23:27:45.179+0000] {processor.py:208} INFO - Processing /opt/airflow/dags/self-tutorial-dag.py took 0.060 seconds
[2024-10-31T23:28:15.253+0000] {processor.py:186} INFO - Started process (PID=156) to work on /opt/airflow/dags/self-tutorial-dag.py
[2024-10-31T23:28:15.261+0000] {processor.py:914} INFO - Processing file /opt/airflow/dags/self-tutorial-dag.py for tasks to queue
[2024-10-31T23:28:15.262+0000] {logging_mixin.py:190} INFO - [2024-10-31T23:28:15.262+0000] {dagbag.py:588} INFO - Filling up the DagBag from /opt/airflow/dags/self-tutorial-dag.py
[2024-10-31T23:28:15.269+0000] {processor.py:925} INFO - DAG(s) 'self-tutorial-dag' retrieved from /opt/airflow/dags/self-tutorial-dag.py
[2024-10-31T23:28:15.280+0000] {logging_mixin.py:190} INFO - [2024-10-31T23:28:15.280+0000] {dag.py:3239} INFO - Sync 1 DAGs
[2024-10-31T23:28:15.297+0000] {logging_mixin.py:190} INFO - [2024-10-31T23:28:15.297+0000] {dag.py:4180} INFO - Setting next_dagrun for self-tutorial-dag to 2024-10-30 00:00:00+00:00, run_after=2024-10-31 00:00:00+00:00
[2024-10-31T23:28:15.309+0000] {processor.py:208} INFO - Processing /opt/airflow/dags/self-tutorial-dag.py took 0.061 seconds
[2024-10-31T23:28:45.395+0000] {processor.py:186} INFO - Started process (PID=162) to work on /opt/airflow/dags/self-tutorial-dag.py
[2024-10-31T23:28:45.404+0000] {processor.py:914} INFO - Processing file /opt/airflow/dags/self-tutorial-dag.py for tasks to queue
[2024-10-31T23:28:45.405+0000] {logging_mixin.py:190} INFO - [2024-10-31T23:28:45.405+0000] {dagbag.py:588} INFO - Filling up the DagBag from /opt/airflow/dags/self-tutorial-dag.py
[2024-10-31T23:28:45.412+0000] {processor.py:925} INFO - DAG(s) 'self-tutorial-dag' retrieved from /opt/airflow/dags/self-tutorial-dag.py
[2024-10-31T23:28:45.425+0000] {logging_mixin.py:190} INFO - [2024-10-31T23:28:45.424+0000] {dag.py:3239} INFO - Sync 1 DAGs
[2024-10-31T23:28:45.442+0000] {logging_mixin.py:190} INFO - [2024-10-31T23:28:45.442+0000] {dag.py:4180} INFO - Setting next_dagrun for self-tutorial-dag to 2024-10-30 00:00:00+00:00, run_after=2024-10-31 00:00:00+00:00
[2024-10-31T23:28:45.456+0000] {processor.py:208} INFO - Processing /opt/airflow/dags/self-tutorial-dag.py took 0.065 seconds
[2024-10-31T23:29:15.519+0000] {processor.py:186} INFO - Started process (PID=169) to work on /opt/airflow/dags/self-tutorial-dag.py
[2024-10-31T23:29:15.527+0000] {processor.py:914} INFO - Processing file /opt/airflow/dags/self-tutorial-dag.py for tasks to queue
[2024-10-31T23:29:15.528+0000] {logging_mixin.py:190} INFO - [2024-10-31T23:29:15.528+0000] {dagbag.py:588} INFO - Filling up the DagBag from /opt/airflow/dags/self-tutorial-dag.py
[2024-10-31T23:29:15.535+0000] {processor.py:925} INFO - DAG(s) 'self-tutorial-dag' retrieved from /opt/airflow/dags/self-tutorial-dag.py
[2024-10-31T23:29:15.546+0000] {logging_mixin.py:190} INFO - [2024-10-31T23:29:15.546+0000] {dag.py:3239} INFO - Sync 1 DAGs
[2024-10-31T23:29:15.562+0000] {logging_mixin.py:190} INFO - [2024-10-31T23:29:15.562+0000] {dag.py:4180} INFO - Setting next_dagrun for self-tutorial-dag to 2024-10-30 00:00:00+00:00, run_after=2024-10-31 00:00:00+00:00
[2024-10-31T23:29:15.574+0000] {processor.py:208} INFO - Processing /opt/airflow/dags/self-tutorial-dag.py took 0.060 seconds
[2024-10-31T23:29:45.675+0000] {processor.py:186} INFO - Started process (PID=176) to work on /opt/airflow/dags/self-tutorial-dag.py
[2024-10-31T23:29:45.676+0000] {processor.py:914} INFO - Processing file /opt/airflow/dags/self-tutorial-dag.py for tasks to queue
[2024-10-31T23:29:45.678+0000] {logging_mixin.py:190} INFO - [2024-10-31T23:29:45.677+0000] {dagbag.py:588} INFO - Filling up the DagBag from /opt/airflow/dags/self-tutorial-dag.py
[2024-10-31T23:29:45.684+0000] {processor.py:925} INFO - DAG(s) 'self-tutorial-dag' retrieved from /opt/airflow/dags/self-tutorial-dag.py
[2024-10-31T23:29:45.696+0000] {logging_mixin.py:190} INFO - [2024-10-31T23:29:45.695+0000] {dag.py:3239} INFO - Sync 1 DAGs
[2024-10-31T23:29:45.714+0000] {logging_mixin.py:190} INFO - [2024-10-31T23:29:45.714+0000] {dag.py:4180} INFO - Setting next_dagrun for self-tutorial-dag to 2024-10-30 00:00:00+00:00, run_after=2024-10-31 00:00:00+00:00
[2024-10-31T23:29:45.730+0000] {processor.py:208} INFO - Processing /opt/airflow/dags/self-tutorial-dag.py took 0.059 seconds
[2024-10-31T23:30:15.819+0000] {processor.py:186} INFO - Started process (PID=184) to work on /opt/airflow/dags/self-tutorial-dag.py
[2024-10-31T23:30:15.827+0000] {processor.py:914} INFO - Processing file /opt/airflow/dags/self-tutorial-dag.py for tasks to queue
[2024-10-31T23:30:15.828+0000] {logging_mixin.py:190} INFO - [2024-10-31T23:30:15.828+0000] {dagbag.py:588} INFO - Filling up the DagBag from /opt/airflow/dags/self-tutorial-dag.py
[2024-10-31T23:30:15.835+0000] {processor.py:925} INFO - DAG(s) 'self-tutorial-dag' retrieved from /opt/airflow/dags/self-tutorial-dag.py
[2024-10-31T23:30:15.845+0000] {logging_mixin.py:190} INFO - [2024-10-31T23:30:15.845+0000] {dag.py:3239} INFO - Sync 1 DAGs
[2024-10-31T23:30:15.860+0000] {logging_mixin.py:190} INFO - [2024-10-31T23:30:15.860+0000] {dag.py:4180} INFO - Setting next_dagrun for self-tutorial-dag to 2024-10-30 00:00:00+00:00, run_after=2024-10-31 00:00:00+00:00
[2024-10-31T23:30:15.874+0000] {processor.py:208} INFO - Processing /opt/airflow/dags/self-tutorial-dag.py took 0.059 seconds
[2024-10-31T23:30:45.947+0000] {processor.py:186} INFO - Started process (PID=190) to work on /opt/airflow/dags/self-tutorial-dag.py
[2024-10-31T23:30:45.956+0000] {processor.py:914} INFO - Processing file /opt/airflow/dags/self-tutorial-dag.py for tasks to queue
[2024-10-31T23:30:45.958+0000] {logging_mixin.py:190} INFO - [2024-10-31T23:30:45.957+0000] {dagbag.py:588} INFO - Filling up the DagBag from /opt/airflow/dags/self-tutorial-dag.py
[2024-10-31T23:30:45.964+0000] {processor.py:925} INFO - DAG(s) 'self-tutorial-dag' retrieved from /opt/airflow/dags/self-tutorial-dag.py
[2024-10-31T23:30:45.975+0000] {logging_mixin.py:190} INFO - [2024-10-31T23:30:45.975+0000] {dag.py:3239} INFO - Sync 1 DAGs
[2024-10-31T23:30:45.990+0000] {logging_mixin.py:190} INFO - [2024-10-31T23:30:45.990+0000] {dag.py:4180} INFO - Setting next_dagrun for self-tutorial-dag to 2024-10-30 00:00:00+00:00, run_after=2024-10-31 00:00:00+00:00
[2024-10-31T23:30:46.003+0000] {processor.py:208} INFO - Processing /opt/airflow/dags/self-tutorial-dag.py took 0.060 seconds
[2024-10-31T23:31:16.089+0000] {processor.py:186} INFO - Started process (PID=197) to work on /opt/airflow/dags/self-tutorial-dag.py
[2024-10-31T23:31:16.097+0000] {processor.py:914} INFO - Processing file /opt/airflow/dags/self-tutorial-dag.py for tasks to queue
[2024-10-31T23:31:16.099+0000] {logging_mixin.py:190} INFO - [2024-10-31T23:31:16.099+0000] {dagbag.py:588} INFO - Filling up the DagBag from /opt/airflow/dags/self-tutorial-dag.py
[2024-10-31T23:31:16.105+0000] {processor.py:925} INFO - DAG(s) 'self-tutorial-dag' retrieved from /opt/airflow/dags/self-tutorial-dag.py
[2024-10-31T23:31:16.117+0000] {logging_mixin.py:190} INFO - [2024-10-31T23:31:16.117+0000] {dag.py:3239} INFO - Sync 1 DAGs
[2024-10-31T23:31:16.133+0000] {logging_mixin.py:190} INFO - [2024-10-31T23:31:16.133+0000] {dag.py:4180} INFO - Setting next_dagrun for self-tutorial-dag to 2024-10-30 00:00:00+00:00, run_after=2024-10-31 00:00:00+00:00
[2024-10-31T23:31:16.146+0000] {processor.py:208} INFO - Processing /opt/airflow/dags/self-tutorial-dag.py took 0.062 seconds
[2024-10-31T23:31:46.222+0000] {processor.py:186} INFO - Started process (PID=204) to work on /opt/airflow/dags/self-tutorial-dag.py
[2024-10-31T23:31:46.230+0000] {processor.py:914} INFO - Processing file /opt/airflow/dags/self-tutorial-dag.py for tasks to queue
[2024-10-31T23:31:46.232+0000] {logging_mixin.py:190} INFO - [2024-10-31T23:31:46.232+0000] {dagbag.py:588} INFO - Filling up the DagBag from /opt/airflow/dags/self-tutorial-dag.py
[2024-10-31T23:31:46.238+0000] {processor.py:925} INFO - DAG(s) 'self-tutorial-dag' retrieved from /opt/airflow/dags/self-tutorial-dag.py
[2024-10-31T23:31:46.248+0000] {logging_mixin.py:190} INFO - [2024-10-31T23:31:46.248+0000] {dag.py:3239} INFO - Sync 1 DAGs
[2024-10-31T23:31:46.265+0000] {logging_mixin.py:190} INFO - [2024-10-31T23:31:46.265+0000] {dag.py:4180} INFO - Setting next_dagrun for self-tutorial-dag to 2024-10-30 00:00:00+00:00, run_after=2024-10-31 00:00:00+00:00
[2024-10-31T23:31:46.278+0000] {processor.py:208} INFO - Processing /opt/airflow/dags/self-tutorial-dag.py took 0.060 seconds
[2024-10-31T23:32:16.368+0000] {processor.py:186} INFO - Started process (PID=212) to work on /opt/airflow/dags/self-tutorial-dag.py
[2024-10-31T23:32:16.369+0000] {processor.py:914} INFO - Processing file /opt/airflow/dags/self-tutorial-dag.py for tasks to queue
[2024-10-31T23:32:16.371+0000] {logging_mixin.py:190} INFO - [2024-10-31T23:32:16.371+0000] {dagbag.py:588} INFO - Filling up the DagBag from /opt/airflow/dags/self-tutorial-dag.py
[2024-10-31T23:32:16.377+0000] {processor.py:925} INFO - DAG(s) 'self-tutorial-dag' retrieved from /opt/airflow/dags/self-tutorial-dag.py
[2024-10-31T23:32:16.388+0000] {logging_mixin.py:190} INFO - [2024-10-31T23:32:16.388+0000] {dag.py:3239} INFO - Sync 1 DAGs
[2024-10-31T23:32:16.403+0000] {logging_mixin.py:190} INFO - [2024-10-31T23:32:16.403+0000] {dag.py:4180} INFO - Setting next_dagrun for self-tutorial-dag to 2024-10-30 00:00:00+00:00, run_after=2024-10-31 00:00:00+00:00
[2024-10-31T23:32:16.415+0000] {processor.py:208} INFO - Processing /opt/airflow/dags/self-tutorial-dag.py took 0.051 seconds
[2024-10-31T23:32:46.499+0000] {processor.py:186} INFO - Started process (PID=219) to work on /opt/airflow/dags/self-tutorial-dag.py
[2024-10-31T23:32:46.499+0000] {processor.py:914} INFO - Processing file /opt/airflow/dags/self-tutorial-dag.py for tasks to queue
[2024-10-31T23:32:46.501+0000] {logging_mixin.py:190} INFO - [2024-10-31T23:32:46.501+0000] {dagbag.py:588} INFO - Filling up the DagBag from /opt/airflow/dags/self-tutorial-dag.py
[2024-10-31T23:32:46.506+0000] {processor.py:925} INFO - DAG(s) 'self-tutorial-dag' retrieved from /opt/airflow/dags/self-tutorial-dag.py
[2024-10-31T23:32:46.518+0000] {logging_mixin.py:190} INFO - [2024-10-31T23:32:46.518+0000] {dag.py:3239} INFO - Sync 1 DAGs
[2024-10-31T23:32:46.534+0000] {logging_mixin.py:190} INFO - [2024-10-31T23:32:46.533+0000] {dag.py:4180} INFO - Setting next_dagrun for self-tutorial-dag to 2024-10-30 00:00:00+00:00, run_after=2024-10-31 00:00:00+00:00
[2024-10-31T23:32:46.547+0000] {processor.py:208} INFO - Processing /opt/airflow/dags/self-tutorial-dag.py took 0.053 seconds
[2024-10-31T23:33:16.646+0000] {processor.py:186} INFO - Started process (PID=226) to work on /opt/airflow/dags/self-tutorial-dag.py
[2024-10-31T23:33:16.654+0000] {processor.py:914} INFO - Processing file /opt/airflow/dags/self-tutorial-dag.py for tasks to queue
[2024-10-31T23:33:16.655+0000] {logging_mixin.py:190} INFO - [2024-10-31T23:33:16.655+0000] {dagbag.py:588} INFO - Filling up the DagBag from /opt/airflow/dags/self-tutorial-dag.py
[2024-10-31T23:33:16.661+0000] {processor.py:925} INFO - DAG(s) 'self-tutorial-dag' retrieved from /opt/airflow/dags/self-tutorial-dag.py
[2024-10-31T23:33:16.671+0000] {logging_mixin.py:190} INFO - [2024-10-31T23:33:16.671+0000] {dag.py:3239} INFO - Sync 1 DAGs
[2024-10-31T23:33:16.687+0000] {logging_mixin.py:190} INFO - [2024-10-31T23:33:16.686+0000] {dag.py:4180} INFO - Setting next_dagrun for self-tutorial-dag to 2024-10-30 00:00:00+00:00, run_after=2024-10-31 00:00:00+00:00
[2024-10-31T23:33:16.699+0000] {processor.py:208} INFO - Processing /opt/airflow/dags/self-tutorial-dag.py took 0.058 seconds
[2024-10-31T23:33:46.779+0000] {processor.py:186} INFO - Started process (PID=233) to work on /opt/airflow/dags/self-tutorial-dag.py
[2024-10-31T23:33:46.787+0000] {processor.py:914} INFO - Processing file /opt/airflow/dags/self-tutorial-dag.py for tasks to queue
[2024-10-31T23:33:46.789+0000] {logging_mixin.py:190} INFO - [2024-10-31T23:33:46.789+0000] {dagbag.py:588} INFO - Filling up the DagBag from /opt/airflow/dags/self-tutorial-dag.py
[2024-10-31T23:33:46.795+0000] {processor.py:925} INFO - DAG(s) 'self-tutorial-dag' retrieved from /opt/airflow/dags/self-tutorial-dag.py
[2024-10-31T23:33:46.806+0000] {logging_mixin.py:190} INFO - [2024-10-31T23:33:46.806+0000] {dag.py:3239} INFO - Sync 1 DAGs
[2024-10-31T23:33:46.821+0000] {logging_mixin.py:190} INFO - [2024-10-31T23:33:46.821+0000] {dag.py:4180} INFO - Setting next_dagrun for self-tutorial-dag to 2024-10-30 00:00:00+00:00, run_after=2024-10-31 00:00:00+00:00
[2024-10-31T23:33:46.834+0000] {processor.py:208} INFO - Processing /opt/airflow/dags/self-tutorial-dag.py took 0.059 seconds
[2024-10-31T23:34:16.927+0000] {processor.py:186} INFO - Started process (PID=240) to work on /opt/airflow/dags/self-tutorial-dag.py
[2024-10-31T23:34:16.935+0000] {processor.py:914} INFO - Processing file /opt/airflow/dags/self-tutorial-dag.py for tasks to queue
[2024-10-31T23:34:16.937+0000] {logging_mixin.py:190} INFO - [2024-10-31T23:34:16.937+0000] {dagbag.py:588} INFO - Filling up the DagBag from /opt/airflow/dags/self-tutorial-dag.py
[2024-10-31T23:34:16.943+0000] {processor.py:925} INFO - DAG(s) 'self-tutorial-dag' retrieved from /opt/airflow/dags/self-tutorial-dag.py
[2024-10-31T23:34:16.954+0000] {logging_mixin.py:190} INFO - [2024-10-31T23:34:16.954+0000] {dag.py:3239} INFO - Sync 1 DAGs
[2024-10-31T23:34:16.970+0000] {logging_mixin.py:190} INFO - [2024-10-31T23:34:16.970+0000] {dag.py:4180} INFO - Setting next_dagrun for self-tutorial-dag to 2024-10-30 00:00:00+00:00, run_after=2024-10-31 00:00:00+00:00
[2024-10-31T23:34:16.982+0000] {processor.py:208} INFO - Processing /opt/airflow/dags/self-tutorial-dag.py took 0.059 seconds
[2024-10-31T23:34:47.053+0000] {processor.py:186} INFO - Started process (PID=247) to work on /opt/airflow/dags/self-tutorial-dag.py
[2024-10-31T23:34:47.061+0000] {processor.py:914} INFO - Processing file /opt/airflow/dags/self-tutorial-dag.py for tasks to queue
[2024-10-31T23:34:47.063+0000] {logging_mixin.py:190} INFO - [2024-10-31T23:34:47.062+0000] {dagbag.py:588} INFO - Filling up the DagBag from /opt/airflow/dags/self-tutorial-dag.py
[2024-10-31T23:34:47.069+0000] {processor.py:925} INFO - DAG(s) 'self-tutorial-dag' retrieved from /opt/airflow/dags/self-tutorial-dag.py
[2024-10-31T23:34:47.079+0000] {logging_mixin.py:190} INFO - [2024-10-31T23:34:47.079+0000] {dag.py:3239} INFO - Sync 1 DAGs
[2024-10-31T23:34:47.095+0000] {logging_mixin.py:190} INFO - [2024-10-31T23:34:47.095+0000] {dag.py:4180} INFO - Setting next_dagrun for self-tutorial-dag to 2024-10-30 00:00:00+00:00, run_after=2024-10-31 00:00:00+00:00
[2024-10-31T23:34:47.108+0000] {processor.py:208} INFO - Processing /opt/airflow/dags/self-tutorial-dag.py took 0.059 seconds
[2024-10-31T23:35:17.221+0000] {processor.py:186} INFO - Started process (PID=254) to work on /opt/airflow/dags/self-tutorial-dag.py
[2024-10-31T23:35:17.229+0000] {processor.py:914} INFO - Processing file /opt/airflow/dags/self-tutorial-dag.py for tasks to queue
[2024-10-31T23:35:17.231+0000] {logging_mixin.py:190} INFO - [2024-10-31T23:35:17.231+0000] {dagbag.py:588} INFO - Filling up the DagBag from /opt/airflow/dags/self-tutorial-dag.py
[2024-10-31T23:35:17.238+0000] {processor.py:925} INFO - DAG(s) 'self-tutorial-dag' retrieved from /opt/airflow/dags/self-tutorial-dag.py
[2024-10-31T23:35:17.250+0000] {logging_mixin.py:190} INFO - [2024-10-31T23:35:17.250+0000] {dag.py:3239} INFO - Sync 1 DAGs
[2024-10-31T23:35:17.266+0000] {logging_mixin.py:190} INFO - [2024-10-31T23:35:17.265+0000] {dag.py:4180} INFO - Setting next_dagrun for self-tutorial-dag to 2024-10-30 00:00:00+00:00, run_after=2024-10-31 00:00:00+00:00
[2024-10-31T23:35:17.279+0000] {processor.py:208} INFO - Processing /opt/airflow/dags/self-tutorial-dag.py took 0.062 seconds
[2024-10-31T23:35:47.359+0000] {processor.py:186} INFO - Started process (PID=261) to work on /opt/airflow/dags/self-tutorial-dag.py
[2024-10-31T23:35:47.367+0000] {processor.py:914} INFO - Processing file /opt/airflow/dags/self-tutorial-dag.py for tasks to queue
[2024-10-31T23:35:47.370+0000] {logging_mixin.py:190} INFO - [2024-10-31T23:35:47.369+0000] {dagbag.py:588} INFO - Filling up the DagBag from /opt/airflow/dags/self-tutorial-dag.py
[2024-10-31T23:35:47.376+0000] {processor.py:925} INFO - DAG(s) 'self-tutorial-dag' retrieved from /opt/airflow/dags/self-tutorial-dag.py
[2024-10-31T23:35:47.388+0000] {logging_mixin.py:190} INFO - [2024-10-31T23:35:47.388+0000] {dag.py:3239} INFO - Sync 1 DAGs
[2024-10-31T23:35:47.404+0000] {logging_mixin.py:190} INFO - [2024-10-31T23:35:47.404+0000] {dag.py:4180} INFO - Setting next_dagrun for self-tutorial-dag to 2024-10-30 00:00:00+00:00, run_after=2024-10-31 00:00:00+00:00
[2024-10-31T23:35:47.417+0000] {processor.py:208} INFO - Processing /opt/airflow/dags/self-tutorial-dag.py took 0.063 seconds
[2024-10-31T23:36:17.501+0000] {processor.py:186} INFO - Started process (PID=268) to work on /opt/airflow/dags/self-tutorial-dag.py
[2024-10-31T23:36:17.510+0000] {processor.py:914} INFO - Processing file /opt/airflow/dags/self-tutorial-dag.py for tasks to queue
[2024-10-31T23:36:17.512+0000] {logging_mixin.py:190} INFO - [2024-10-31T23:36:17.511+0000] {dagbag.py:588} INFO - Filling up the DagBag from /opt/airflow/dags/self-tutorial-dag.py
[2024-10-31T23:36:17.517+0000] {processor.py:925} INFO - DAG(s) 'self-tutorial-dag' retrieved from /opt/airflow/dags/self-tutorial-dag.py
[2024-10-31T23:36:17.528+0000] {logging_mixin.py:190} INFO - [2024-10-31T23:36:17.528+0000] {dag.py:3239} INFO - Sync 1 DAGs
[2024-10-31T23:36:17.544+0000] {logging_mixin.py:190} INFO - [2024-10-31T23:36:17.544+0000] {dag.py:4180} INFO - Setting next_dagrun for self-tutorial-dag to 2024-10-30 00:00:00+00:00, run_after=2024-10-31 00:00:00+00:00
[2024-10-31T23:36:17.557+0000] {processor.py:208} INFO - Processing /opt/airflow/dags/self-tutorial-dag.py took 0.059 seconds
[2024-10-31T23:36:47.634+0000] {processor.py:186} INFO - Started process (PID=275) to work on /opt/airflow/dags/self-tutorial-dag.py
[2024-10-31T23:36:47.635+0000] {processor.py:914} INFO - Processing file /opt/airflow/dags/self-tutorial-dag.py for tasks to queue
[2024-10-31T23:36:47.637+0000] {logging_mixin.py:190} INFO - [2024-10-31T23:36:47.637+0000] {dagbag.py:588} INFO - Filling up the DagBag from /opt/airflow/dags/self-tutorial-dag.py
[2024-10-31T23:36:47.644+0000] {processor.py:925} INFO - DAG(s) 'self-tutorial-dag' retrieved from /opt/airflow/dags/self-tutorial-dag.py
[2024-10-31T23:36:47.654+0000] {logging_mixin.py:190} INFO - [2024-10-31T23:36:47.654+0000] {dag.py:3239} INFO - Sync 1 DAGs
[2024-10-31T23:36:47.670+0000] {logging_mixin.py:190} INFO - [2024-10-31T23:36:47.669+0000] {dag.py:4180} INFO - Setting next_dagrun for self-tutorial-dag to 2024-10-30 00:00:00+00:00, run_after=2024-10-31 00:00:00+00:00
[2024-10-31T23:36:47.681+0000] {processor.py:208} INFO - Processing /opt/airflow/dags/self-tutorial-dag.py took 0.051 seconds
[2024-10-31T23:37:17.781+0000] {processor.py:186} INFO - Started process (PID=282) to work on /opt/airflow/dags/self-tutorial-dag.py
[2024-10-31T23:37:17.782+0000] {processor.py:914} INFO - Processing file /opt/airflow/dags/self-tutorial-dag.py for tasks to queue
[2024-10-31T23:37:17.783+0000] {logging_mixin.py:190} INFO - [2024-10-31T23:37:17.783+0000] {dagbag.py:588} INFO - Filling up the DagBag from /opt/airflow/dags/self-tutorial-dag.py
[2024-10-31T23:37:17.789+0000] {processor.py:925} INFO - DAG(s) 'self-tutorial-dag' retrieved from /opt/airflow/dags/self-tutorial-dag.py
[2024-10-31T23:37:17.801+0000] {logging_mixin.py:190} INFO - [2024-10-31T23:37:17.800+0000] {dag.py:3239} INFO - Sync 1 DAGs
[2024-10-31T23:37:17.817+0000] {logging_mixin.py:190} INFO - [2024-10-31T23:37:17.817+0000] {dag.py:4180} INFO - Setting next_dagrun for self-tutorial-dag to 2024-10-30 00:00:00+00:00, run_after=2024-10-31 00:00:00+00:00
[2024-10-31T23:37:17.833+0000] {processor.py:208} INFO - Processing /opt/airflow/dags/self-tutorial-dag.py took 0.056 seconds
[2024-10-31T23:37:47.909+0000] {processor.py:186} INFO - Started process (PID=289) to work on /opt/airflow/dags/self-tutorial-dag.py
[2024-10-31T23:37:47.909+0000] {processor.py:914} INFO - Processing file /opt/airflow/dags/self-tutorial-dag.py for tasks to queue
[2024-10-31T23:37:47.911+0000] {logging_mixin.py:190} INFO - [2024-10-31T23:37:47.910+0000] {dagbag.py:588} INFO - Filling up the DagBag from /opt/airflow/dags/self-tutorial-dag.py
[2024-10-31T23:37:47.916+0000] {processor.py:925} INFO - DAG(s) 'self-tutorial-dag' retrieved from /opt/airflow/dags/self-tutorial-dag.py
[2024-10-31T23:37:47.928+0000] {logging_mixin.py:190} INFO - [2024-10-31T23:37:47.928+0000] {dag.py:3239} INFO - Sync 1 DAGs
[2024-10-31T23:37:47.943+0000] {logging_mixin.py:190} INFO - [2024-10-31T23:37:47.943+0000] {dag.py:4180} INFO - Setting next_dagrun for self-tutorial-dag to 2024-10-30 00:00:00+00:00, run_after=2024-10-31 00:00:00+00:00
[2024-10-31T23:37:47.956+0000] {processor.py:208} INFO - Processing /opt/airflow/dags/self-tutorial-dag.py took 0.052 seconds
[2024-10-31T23:38:18.064+0000] {processor.py:186} INFO - Started process (PID=295) to work on /opt/airflow/dags/self-tutorial-dag.py
[2024-10-31T23:38:18.073+0000] {processor.py:914} INFO - Processing file /opt/airflow/dags/self-tutorial-dag.py for tasks to queue
[2024-10-31T23:38:18.074+0000] {logging_mixin.py:190} INFO - [2024-10-31T23:38:18.074+0000] {dagbag.py:588} INFO - Filling up the DagBag from /opt/airflow/dags/self-tutorial-dag.py
[2024-10-31T23:38:18.080+0000] {processor.py:925} INFO - DAG(s) 'self-tutorial-dag' retrieved from /opt/airflow/dags/self-tutorial-dag.py
[2024-10-31T23:38:18.091+0000] {logging_mixin.py:190} INFO - [2024-10-31T23:38:18.091+0000] {dag.py:3239} INFO - Sync 1 DAGs
[2024-10-31T23:38:18.106+0000] {logging_mixin.py:190} INFO - [2024-10-31T23:38:18.106+0000] {dag.py:4180} INFO - Setting next_dagrun for self-tutorial-dag to 2024-10-30 00:00:00+00:00, run_after=2024-10-31 00:00:00+00:00
[2024-10-31T23:38:18.120+0000] {processor.py:208} INFO - Processing /opt/airflow/dags/self-tutorial-dag.py took 0.060 seconds
[2024-10-31T23:38:48.189+0000] {processor.py:186} INFO - Started process (PID=302) to work on /opt/airflow/dags/self-tutorial-dag.py
[2024-10-31T23:38:48.198+0000] {processor.py:914} INFO - Processing file /opt/airflow/dags/self-tutorial-dag.py for tasks to queue
[2024-10-31T23:38:48.199+0000] {logging_mixin.py:190} INFO - [2024-10-31T23:38:48.199+0000] {dagbag.py:588} INFO - Filling up the DagBag from /opt/airflow/dags/self-tutorial-dag.py
[2024-10-31T23:38:48.206+0000] {processor.py:925} INFO - DAG(s) 'self-tutorial-dag' retrieved from /opt/airflow/dags/self-tutorial-dag.py
[2024-10-31T23:38:48.217+0000] {logging_mixin.py:190} INFO - [2024-10-31T23:38:48.217+0000] {dag.py:3239} INFO - Sync 1 DAGs
[2024-10-31T23:38:48.233+0000] {logging_mixin.py:190} INFO - [2024-10-31T23:38:48.233+0000] {dag.py:4180} INFO - Setting next_dagrun for self-tutorial-dag to 2024-10-30 00:00:00+00:00, run_after=2024-10-31 00:00:00+00:00
[2024-10-31T23:38:48.246+0000] {processor.py:208} INFO - Processing /opt/airflow/dags/self-tutorial-dag.py took 0.061 seconds
[2024-10-31T23:39:18.348+0000] {processor.py:186} INFO - Started process (PID=309) to work on /opt/airflow/dags/self-tutorial-dag.py
[2024-10-31T23:39:18.354+0000] {processor.py:914} INFO - Processing file /opt/airflow/dags/self-tutorial-dag.py for tasks to queue
[2024-10-31T23:39:18.356+0000] {logging_mixin.py:190} INFO - [2024-10-31T23:39:18.356+0000] {dagbag.py:588} INFO - Filling up the DagBag from /opt/airflow/dags/self-tutorial-dag.py
[2024-10-31T23:39:18.362+0000] {processor.py:925} INFO - DAG(s) 'self-tutorial-dag' retrieved from /opt/airflow/dags/self-tutorial-dag.py
[2024-10-31T23:39:18.371+0000] {logging_mixin.py:190} INFO - [2024-10-31T23:39:18.371+0000] {dag.py:3239} INFO - Sync 1 DAGs
[2024-10-31T23:39:18.387+0000] {logging_mixin.py:190} INFO - [2024-10-31T23:39:18.387+0000] {dag.py:4180} INFO - Setting next_dagrun for self-tutorial-dag to 2024-10-30 00:00:00+00:00, run_after=2024-10-31 00:00:00+00:00
[2024-10-31T23:39:18.401+0000] {processor.py:208} INFO - Processing /opt/airflow/dags/self-tutorial-dag.py took 0.057 seconds
[2024-10-31T23:39:48.477+0000] {processor.py:186} INFO - Started process (PID=316) to work on /opt/airflow/dags/self-tutorial-dag.py
[2024-10-31T23:39:48.485+0000] {processor.py:914} INFO - Processing file /opt/airflow/dags/self-tutorial-dag.py for tasks to queue
[2024-10-31T23:39:48.486+0000] {logging_mixin.py:190} INFO - [2024-10-31T23:39:48.486+0000] {dagbag.py:588} INFO - Filling up the DagBag from /opt/airflow/dags/self-tutorial-dag.py
[2024-10-31T23:39:48.493+0000] {processor.py:925} INFO - DAG(s) 'self-tutorial-dag' retrieved from /opt/airflow/dags/self-tutorial-dag.py
[2024-10-31T23:39:48.503+0000] {logging_mixin.py:190} INFO - [2024-10-31T23:39:48.503+0000] {dag.py:3239} INFO - Sync 1 DAGs
[2024-10-31T23:39:48.521+0000] {logging_mixin.py:190} INFO - [2024-10-31T23:39:48.521+0000] {dag.py:4180} INFO - Setting next_dagrun for self-tutorial-dag to 2024-10-30 00:00:00+00:00, run_after=2024-10-31 00:00:00+00:00
[2024-10-31T23:39:48.534+0000] {processor.py:208} INFO - Processing /opt/airflow/dags/self-tutorial-dag.py took 0.061 seconds
[2024-10-31T23:40:18.622+0000] {processor.py:186} INFO - Started process (PID=323) to work on /opt/airflow/dags/self-tutorial-dag.py
[2024-10-31T23:40:18.630+0000] {processor.py:914} INFO - Processing file /opt/airflow/dags/self-tutorial-dag.py for tasks to queue
[2024-10-31T23:40:18.632+0000] {logging_mixin.py:190} INFO - [2024-10-31T23:40:18.632+0000] {dagbag.py:588} INFO - Filling up the DagBag from /opt/airflow/dags/self-tutorial-dag.py
[2024-10-31T23:40:18.638+0000] {processor.py:925} INFO - DAG(s) 'self-tutorial-dag' retrieved from /opt/airflow/dags/self-tutorial-dag.py
[2024-10-31T23:40:18.650+0000] {logging_mixin.py:190} INFO - [2024-10-31T23:40:18.650+0000] {dag.py:3239} INFO - Sync 1 DAGs
[2024-10-31T23:40:18.666+0000] {logging_mixin.py:190} INFO - [2024-10-31T23:40:18.666+0000] {dag.py:4180} INFO - Setting next_dagrun for self-tutorial-dag to 2024-10-30 00:00:00+00:00, run_after=2024-10-31 00:00:00+00:00
[2024-10-31T23:40:18.679+0000] {processor.py:208} INFO - Processing /opt/airflow/dags/self-tutorial-dag.py took 0.061 seconds
[2024-10-31T23:40:48.750+0000] {processor.py:186} INFO - Started process (PID=330) to work on /opt/airflow/dags/self-tutorial-dag.py
[2024-10-31T23:40:48.759+0000] {processor.py:914} INFO - Processing file /opt/airflow/dags/self-tutorial-dag.py for tasks to queue
[2024-10-31T23:40:48.761+0000] {logging_mixin.py:190} INFO - [2024-10-31T23:40:48.760+0000] {dagbag.py:588} INFO - Filling up the DagBag from /opt/airflow/dags/self-tutorial-dag.py
[2024-10-31T23:40:48.766+0000] {processor.py:925} INFO - DAG(s) 'self-tutorial-dag' retrieved from /opt/airflow/dags/self-tutorial-dag.py
[2024-10-31T23:40:48.777+0000] {logging_mixin.py:190} INFO - [2024-10-31T23:40:48.777+0000] {dag.py:3239} INFO - Sync 1 DAGs
[2024-10-31T23:40:48.792+0000] {logging_mixin.py:190} INFO - [2024-10-31T23:40:48.792+0000] {dag.py:4180} INFO - Setting next_dagrun for self-tutorial-dag to 2024-10-30 00:00:00+00:00, run_after=2024-10-31 00:00:00+00:00
[2024-10-31T23:40:48.806+0000] {processor.py:208} INFO - Processing /opt/airflow/dags/self-tutorial-dag.py took 0.060 seconds
[2024-10-31T23:41:18.892+0000] {processor.py:186} INFO - Started process (PID=337) to work on /opt/airflow/dags/self-tutorial-dag.py
[2024-10-31T23:41:18.901+0000] {processor.py:914} INFO - Processing file /opt/airflow/dags/self-tutorial-dag.py for tasks to queue
[2024-10-31T23:41:18.903+0000] {logging_mixin.py:190} INFO - [2024-10-31T23:41:18.902+0000] {dagbag.py:588} INFO - Filling up the DagBag from /opt/airflow/dags/self-tutorial-dag.py
[2024-10-31T23:41:18.908+0000] {processor.py:925} INFO - DAG(s) 'self-tutorial-dag' retrieved from /opt/airflow/dags/self-tutorial-dag.py
[2024-10-31T23:41:18.919+0000] {logging_mixin.py:190} INFO - [2024-10-31T23:41:18.918+0000] {dag.py:3239} INFO - Sync 1 DAGs
[2024-10-31T23:41:18.934+0000] {logging_mixin.py:190} INFO - [2024-10-31T23:41:18.934+0000] {dag.py:4180} INFO - Setting next_dagrun for self-tutorial-dag to 2024-10-30 00:00:00+00:00, run_after=2024-10-31 00:00:00+00:00
[2024-10-31T23:41:18.948+0000] {processor.py:208} INFO - Processing /opt/airflow/dags/self-tutorial-dag.py took 0.060 seconds
[2024-10-31T23:41:49.019+0000] {processor.py:186} INFO - Started process (PID=344) to work on /opt/airflow/dags/self-tutorial-dag.py
[2024-10-31T23:41:49.028+0000] {processor.py:914} INFO - Processing file /opt/airflow/dags/self-tutorial-dag.py for tasks to queue
[2024-10-31T23:41:49.029+0000] {logging_mixin.py:190} INFO - [2024-10-31T23:41:49.029+0000] {dagbag.py:588} INFO - Filling up the DagBag from /opt/airflow/dags/self-tutorial-dag.py
[2024-10-31T23:41:49.035+0000] {processor.py:925} INFO - DAG(s) 'self-tutorial-dag' retrieved from /opt/airflow/dags/self-tutorial-dag.py
[2024-10-31T23:41:49.046+0000] {logging_mixin.py:190} INFO - [2024-10-31T23:41:49.046+0000] {dag.py:3239} INFO - Sync 1 DAGs
[2024-10-31T23:41:49.062+0000] {logging_mixin.py:190} INFO - [2024-10-31T23:41:49.061+0000] {dag.py:4180} INFO - Setting next_dagrun for self-tutorial-dag to 2024-10-30 00:00:00+00:00, run_after=2024-10-31 00:00:00+00:00
[2024-10-31T23:41:49.075+0000] {processor.py:208} INFO - Processing /opt/airflow/dags/self-tutorial-dag.py took 0.061 seconds
[2024-10-31T23:42:19.166+0000] {processor.py:186} INFO - Started process (PID=351) to work on /opt/airflow/dags/self-tutorial-dag.py
[2024-10-31T23:42:19.175+0000] {processor.py:914} INFO - Processing file /opt/airflow/dags/self-tutorial-dag.py for tasks to queue
[2024-10-31T23:42:19.176+0000] {logging_mixin.py:190} INFO - [2024-10-31T23:42:19.176+0000] {dagbag.py:588} INFO - Filling up the DagBag from /opt/airflow/dags/self-tutorial-dag.py
[2024-10-31T23:42:19.182+0000] {processor.py:925} INFO - DAG(s) 'self-tutorial-dag' retrieved from /opt/airflow/dags/self-tutorial-dag.py
[2024-10-31T23:42:19.194+0000] {logging_mixin.py:190} INFO - [2024-10-31T23:42:19.194+0000] {dag.py:3239} INFO - Sync 1 DAGs
[2024-10-31T23:42:19.211+0000] {logging_mixin.py:190} INFO - [2024-10-31T23:42:19.211+0000] {dag.py:4180} INFO - Setting next_dagrun for self-tutorial-dag to 2024-10-30 00:00:00+00:00, run_after=2024-10-31 00:00:00+00:00
[2024-10-31T23:42:19.225+0000] {processor.py:208} INFO - Processing /opt/airflow/dags/self-tutorial-dag.py took 0.063 seconds
[2024-10-31T23:42:49.298+0000] {processor.py:186} INFO - Started process (PID=358) to work on /opt/airflow/dags/self-tutorial-dag.py
[2024-10-31T23:42:49.299+0000] {processor.py:914} INFO - Processing file /opt/airflow/dags/self-tutorial-dag.py for tasks to queue
[2024-10-31T23:42:49.301+0000] {logging_mixin.py:190} INFO - [2024-10-31T23:42:49.300+0000] {dagbag.py:588} INFO - Filling up the DagBag from /opt/airflow/dags/self-tutorial-dag.py
[2024-10-31T23:42:49.307+0000] {processor.py:925} INFO - DAG(s) 'self-tutorial-dag' retrieved from /opt/airflow/dags/self-tutorial-dag.py
[2024-10-31T23:42:49.321+0000] {logging_mixin.py:190} INFO - [2024-10-31T23:42:49.320+0000] {dag.py:3239} INFO - Sync 1 DAGs
[2024-10-31T23:42:49.337+0000] {logging_mixin.py:190} INFO - [2024-10-31T23:42:49.336+0000] {dag.py:4180} INFO - Setting next_dagrun for self-tutorial-dag to 2024-10-30 00:00:00+00:00, run_after=2024-10-31 00:00:00+00:00
[2024-10-31T23:42:49.349+0000] {processor.py:208} INFO - Processing /opt/airflow/dags/self-tutorial-dag.py took 0.056 seconds
[2024-10-31T23:43:19.449+0000] {processor.py:186} INFO - Started process (PID=365) to work on /opt/airflow/dags/self-tutorial-dag.py
[2024-10-31T23:43:19.457+0000] {processor.py:914} INFO - Processing file /opt/airflow/dags/self-tutorial-dag.py for tasks to queue
[2024-10-31T23:43:19.459+0000] {logging_mixin.py:190} INFO - [2024-10-31T23:43:19.458+0000] {dagbag.py:588} INFO - Filling up the DagBag from /opt/airflow/dags/self-tutorial-dag.py
[2024-10-31T23:43:19.464+0000] {processor.py:925} INFO - DAG(s) 'self-tutorial-dag' retrieved from /opt/airflow/dags/self-tutorial-dag.py
[2024-10-31T23:43:19.475+0000] {logging_mixin.py:190} INFO - [2024-10-31T23:43:19.475+0000] {dag.py:3239} INFO - Sync 1 DAGs
[2024-10-31T23:43:19.491+0000] {logging_mixin.py:190} INFO - [2024-10-31T23:43:19.491+0000] {dag.py:4180} INFO - Setting next_dagrun for self-tutorial-dag to 2024-10-30 00:00:00+00:00, run_after=2024-10-31 00:00:00+00:00
[2024-10-31T23:43:19.504+0000] {processor.py:208} INFO - Processing /opt/airflow/dags/self-tutorial-dag.py took 0.059 seconds
[2024-10-31T23:43:49.570+0000] {processor.py:186} INFO - Started process (PID=372) to work on /opt/airflow/dags/self-tutorial-dag.py
[2024-10-31T23:43:49.579+0000] {processor.py:914} INFO - Processing file /opt/airflow/dags/self-tutorial-dag.py for tasks to queue
[2024-10-31T23:43:49.580+0000] {logging_mixin.py:190} INFO - [2024-10-31T23:43:49.580+0000] {dagbag.py:588} INFO - Filling up the DagBag from /opt/airflow/dags/self-tutorial-dag.py
[2024-10-31T23:43:49.586+0000] {processor.py:925} INFO - DAG(s) 'self-tutorial-dag' retrieved from /opt/airflow/dags/self-tutorial-dag.py
[2024-10-31T23:43:49.597+0000] {logging_mixin.py:190} INFO - [2024-10-31T23:43:49.597+0000] {dag.py:3239} INFO - Sync 1 DAGs
[2024-10-31T23:43:49.613+0000] {logging_mixin.py:190} INFO - [2024-10-31T23:43:49.613+0000] {dag.py:4180} INFO - Setting next_dagrun for self-tutorial-dag to 2024-10-30 00:00:00+00:00, run_after=2024-10-31 00:00:00+00:00
[2024-10-31T23:43:49.626+0000] {processor.py:208} INFO - Processing /opt/airflow/dags/self-tutorial-dag.py took 0.060 seconds
[2024-10-31T23:44:19.721+0000] {processor.py:186} INFO - Started process (PID=379) to work on /opt/airflow/dags/self-tutorial-dag.py
[2024-10-31T23:44:19.729+0000] {processor.py:914} INFO - Processing file /opt/airflow/dags/self-tutorial-dag.py for tasks to queue
[2024-10-31T23:44:19.731+0000] {logging_mixin.py:190} INFO - [2024-10-31T23:44:19.731+0000] {dagbag.py:588} INFO - Filling up the DagBag from /opt/airflow/dags/self-tutorial-dag.py
[2024-10-31T23:44:19.737+0000] {processor.py:925} INFO - DAG(s) 'self-tutorial-dag' retrieved from /opt/airflow/dags/self-tutorial-dag.py
[2024-10-31T23:44:19.749+0000] {logging_mixin.py:190} INFO - [2024-10-31T23:44:19.749+0000] {dag.py:3239} INFO - Sync 1 DAGs
[2024-10-31T23:44:19.765+0000] {logging_mixin.py:190} INFO - [2024-10-31T23:44:19.765+0000] {dag.py:4180} INFO - Setting next_dagrun for self-tutorial-dag to 2024-10-30 00:00:00+00:00, run_after=2024-10-31 00:00:00+00:00
[2024-10-31T23:44:19.779+0000] {processor.py:208} INFO - Processing /opt/airflow/dags/self-tutorial-dag.py took 0.062 seconds
[2024-10-31T23:44:49.912+0000] {processor.py:186} INFO - Started process (PID=386) to work on /opt/airflow/dags/self-tutorial-dag.py
[2024-10-31T23:44:49.913+0000] {processor.py:914} INFO - Processing file /opt/airflow/dags/self-tutorial-dag.py for tasks to queue
[2024-10-31T23:44:49.915+0000] {logging_mixin.py:190} INFO - [2024-10-31T23:44:49.915+0000] {dagbag.py:588} INFO - Filling up the DagBag from /opt/airflow/dags/self-tutorial-dag.py
[2024-10-31T23:44:49.923+0000] {processor.py:925} INFO - DAG(s) 'self-tutorial-dag' retrieved from /opt/airflow/dags/self-tutorial-dag.py
[2024-10-31T23:44:49.936+0000] {logging_mixin.py:190} INFO - [2024-10-31T23:44:49.936+0000] {dag.py:3239} INFO - Sync 1 DAGs
[2024-10-31T23:44:49.955+0000] {logging_mixin.py:190} INFO - [2024-10-31T23:44:49.955+0000] {dag.py:4180} INFO - Setting next_dagrun for self-tutorial-dag to 2024-10-30 00:00:00+00:00, run_after=2024-10-31 00:00:00+00:00
[2024-10-31T23:44:49.972+0000] {processor.py:208} INFO - Processing /opt/airflow/dags/self-tutorial-dag.py took 0.065 seconds
[2024-10-31T23:45:20.117+0000] {processor.py:186} INFO - Started process (PID=393) to work on /opt/airflow/dags/self-tutorial-dag.py
[2024-10-31T23:45:20.126+0000] {processor.py:914} INFO - Processing file /opt/airflow/dags/self-tutorial-dag.py for tasks to queue
[2024-10-31T23:45:20.129+0000] {logging_mixin.py:190} INFO - [2024-10-31T23:45:20.129+0000] {dagbag.py:588} INFO - Filling up the DagBag from /opt/airflow/dags/self-tutorial-dag.py
[2024-10-31T23:45:20.137+0000] {processor.py:925} INFO - DAG(s) 'self-tutorial-dag' retrieved from /opt/airflow/dags/self-tutorial-dag.py
[2024-10-31T23:45:20.158+0000] {logging_mixin.py:190} INFO - [2024-10-31T23:45:20.157+0000] {dag.py:3239} INFO - Sync 1 DAGs
[2024-10-31T23:45:20.180+0000] {logging_mixin.py:190} INFO - [2024-10-31T23:45:20.180+0000] {dag.py:4180} INFO - Setting next_dagrun for self-tutorial-dag to 2024-10-30 00:00:00+00:00, run_after=2024-10-31 00:00:00+00:00
[2024-10-31T23:45:20.203+0000] {processor.py:208} INFO - Processing /opt/airflow/dags/self-tutorial-dag.py took 0.093 seconds
[2024-10-31T23:45:50.264+0000] {processor.py:186} INFO - Started process (PID=400) to work on /opt/airflow/dags/self-tutorial-dag.py
[2024-10-31T23:45:50.273+0000] {processor.py:914} INFO - Processing file /opt/airflow/dags/self-tutorial-dag.py for tasks to queue
[2024-10-31T23:45:50.275+0000] {logging_mixin.py:190} INFO - [2024-10-31T23:45:50.275+0000] {dagbag.py:588} INFO - Filling up the DagBag from /opt/airflow/dags/self-tutorial-dag.py
[2024-10-31T23:45:50.281+0000] {processor.py:925} INFO - DAG(s) 'self-tutorial-dag' retrieved from /opt/airflow/dags/self-tutorial-dag.py
[2024-10-31T23:45:50.294+0000] {logging_mixin.py:190} INFO - [2024-10-31T23:45:50.294+0000] {dag.py:3239} INFO - Sync 1 DAGs
[2024-10-31T23:45:50.311+0000] {logging_mixin.py:190} INFO - [2024-10-31T23:45:50.310+0000] {dag.py:4180} INFO - Setting next_dagrun for self-tutorial-dag to 2024-10-30 00:00:00+00:00, run_after=2024-10-31 00:00:00+00:00
[2024-10-31T23:45:50.325+0000] {processor.py:208} INFO - Processing /opt/airflow/dags/self-tutorial-dag.py took 0.066 seconds
[2024-10-31T23:46:20.476+0000] {processor.py:186} INFO - Started process (PID=407) to work on /opt/airflow/dags/self-tutorial-dag.py
[2024-10-31T23:46:20.484+0000] {processor.py:914} INFO - Processing file /opt/airflow/dags/self-tutorial-dag.py for tasks to queue
[2024-10-31T23:46:20.486+0000] {logging_mixin.py:190} INFO - [2024-10-31T23:46:20.486+0000] {dagbag.py:588} INFO - Filling up the DagBag from /opt/airflow/dags/self-tutorial-dag.py
[2024-10-31T23:46:20.493+0000] {processor.py:925} INFO - DAG(s) 'self-tutorial-dag' retrieved from /opt/airflow/dags/self-tutorial-dag.py
[2024-10-31T23:46:20.504+0000] {logging_mixin.py:190} INFO - [2024-10-31T23:46:20.504+0000] {dag.py:3239} INFO - Sync 1 DAGs
[2024-10-31T23:46:20.520+0000] {logging_mixin.py:190} INFO - [2024-10-31T23:46:20.520+0000] {dag.py:4180} INFO - Setting next_dagrun for self-tutorial-dag to 2024-10-30 00:00:00+00:00, run_after=2024-10-31 00:00:00+00:00
[2024-10-31T23:46:20.533+0000] {processor.py:208} INFO - Processing /opt/airflow/dags/self-tutorial-dag.py took 0.062 seconds
[2024-10-31T23:46:50.633+0000] {processor.py:186} INFO - Started process (PID=414) to work on /opt/airflow/dags/self-tutorial-dag.py
[2024-10-31T23:46:50.641+0000] {processor.py:914} INFO - Processing file /opt/airflow/dags/self-tutorial-dag.py for tasks to queue
[2024-10-31T23:46:50.644+0000] {logging_mixin.py:190} INFO - [2024-10-31T23:46:50.644+0000] {dagbag.py:588} INFO - Filling up the DagBag from /opt/airflow/dags/self-tutorial-dag.py
[2024-10-31T23:46:50.652+0000] {processor.py:925} INFO - DAG(s) 'self-tutorial-dag' retrieved from /opt/airflow/dags/self-tutorial-dag.py
[2024-10-31T23:46:50.666+0000] {logging_mixin.py:190} INFO - [2024-10-31T23:46:50.666+0000] {dag.py:3239} INFO - Sync 1 DAGs
[2024-10-31T23:46:50.683+0000] {logging_mixin.py:190} INFO - [2024-10-31T23:46:50.683+0000] {dag.py:4180} INFO - Setting next_dagrun for self-tutorial-dag to 2024-10-30 00:00:00+00:00, run_after=2024-10-31 00:00:00+00:00
[2024-10-31T23:46:50.697+0000] {processor.py:208} INFO - Processing /opt/airflow/dags/self-tutorial-dag.py took 0.069 seconds
[2024-10-31T23:47:20.821+0000] {processor.py:186} INFO - Started process (PID=421) to work on /opt/airflow/dags/self-tutorial-dag.py
[2024-10-31T23:47:20.830+0000] {processor.py:914} INFO - Processing file /opt/airflow/dags/self-tutorial-dag.py for tasks to queue
[2024-10-31T23:47:20.831+0000] {logging_mixin.py:190} INFO - [2024-10-31T23:47:20.831+0000] {dagbag.py:588} INFO - Filling up the DagBag from /opt/airflow/dags/self-tutorial-dag.py
[2024-10-31T23:47:20.838+0000] {processor.py:925} INFO - DAG(s) 'self-tutorial-dag' retrieved from /opt/airflow/dags/self-tutorial-dag.py
[2024-10-31T23:47:20.850+0000] {logging_mixin.py:190} INFO - [2024-10-31T23:47:20.850+0000] {dag.py:3239} INFO - Sync 1 DAGs
[2024-10-31T23:47:20.867+0000] {logging_mixin.py:190} INFO - [2024-10-31T23:47:20.867+0000] {dag.py:4180} INFO - Setting next_dagrun for self-tutorial-dag to 2024-10-30 00:00:00+00:00, run_after=2024-10-31 00:00:00+00:00
[2024-10-31T23:47:20.882+0000] {processor.py:208} INFO - Processing /opt/airflow/dags/self-tutorial-dag.py took 0.066 seconds
[2024-10-31T23:47:50.967+0000] {processor.py:186} INFO - Started process (PID=428) to work on /opt/airflow/dags/self-tutorial-dag.py
[2024-10-31T23:47:50.975+0000] {processor.py:914} INFO - Processing file /opt/airflow/dags/self-tutorial-dag.py for tasks to queue
[2024-10-31T23:47:50.977+0000] {logging_mixin.py:190} INFO - [2024-10-31T23:47:50.977+0000] {dagbag.py:588} INFO - Filling up the DagBag from /opt/airflow/dags/self-tutorial-dag.py
[2024-10-31T23:47:50.984+0000] {processor.py:925} INFO - DAG(s) 'self-tutorial-dag' retrieved from /opt/airflow/dags/self-tutorial-dag.py
[2024-10-31T23:47:50.996+0000] {logging_mixin.py:190} INFO - [2024-10-31T23:47:50.996+0000] {dag.py:3239} INFO - Sync 1 DAGs
[2024-10-31T23:47:51.013+0000] {logging_mixin.py:190} INFO - [2024-10-31T23:47:51.013+0000] {dag.py:4180} INFO - Setting next_dagrun for self-tutorial-dag to 2024-10-30 00:00:00+00:00, run_after=2024-10-31 00:00:00+00:00
[2024-10-31T23:47:51.026+0000] {processor.py:208} INFO - Processing /opt/airflow/dags/self-tutorial-dag.py took 0.064 seconds
[2024-10-31T23:48:21.142+0000] {processor.py:186} INFO - Started process (PID=435) to work on /opt/airflow/dags/self-tutorial-dag.py
[2024-10-31T23:48:21.143+0000] {processor.py:914} INFO - Processing file /opt/airflow/dags/self-tutorial-dag.py for tasks to queue
[2024-10-31T23:48:21.144+0000] {logging_mixin.py:190} INFO - [2024-10-31T23:48:21.144+0000] {dagbag.py:588} INFO - Filling up the DagBag from /opt/airflow/dags/self-tutorial-dag.py
[2024-10-31T23:48:21.152+0000] {processor.py:925} INFO - DAG(s) 'self-tutorial-dag' retrieved from /opt/airflow/dags/self-tutorial-dag.py
[2024-10-31T23:48:21.163+0000] {logging_mixin.py:190} INFO - [2024-10-31T23:48:21.163+0000] {dag.py:3239} INFO - Sync 1 DAGs
[2024-10-31T23:48:21.182+0000] {logging_mixin.py:190} INFO - [2024-10-31T23:48:21.182+0000] {dag.py:4180} INFO - Setting next_dagrun for self-tutorial-dag to 2024-10-30 00:00:00+00:00, run_after=2024-10-31 00:00:00+00:00
[2024-10-31T23:48:21.197+0000] {processor.py:208} INFO - Processing /opt/airflow/dags/self-tutorial-dag.py took 0.060 seconds
[2024-10-31T23:48:51.293+0000] {processor.py:186} INFO - Started process (PID=442) to work on /opt/airflow/dags/self-tutorial-dag.py
[2024-10-31T23:48:51.302+0000] {processor.py:914} INFO - Processing file /opt/airflow/dags/self-tutorial-dag.py for tasks to queue
[2024-10-31T23:48:51.305+0000] {logging_mixin.py:190} INFO - [2024-10-31T23:48:51.304+0000] {dagbag.py:588} INFO - Filling up the DagBag from /opt/airflow/dags/self-tutorial-dag.py
[2024-10-31T23:48:51.313+0000] {processor.py:925} INFO - DAG(s) 'self-tutorial-dag' retrieved from /opt/airflow/dags/self-tutorial-dag.py
[2024-10-31T23:48:51.325+0000] {logging_mixin.py:190} INFO - [2024-10-31T23:48:51.325+0000] {dag.py:3239} INFO - Sync 1 DAGs
[2024-10-31T23:48:51.342+0000] {logging_mixin.py:190} INFO - [2024-10-31T23:48:51.342+0000] {dag.py:4180} INFO - Setting next_dagrun for self-tutorial-dag to 2024-10-30 00:00:00+00:00, run_after=2024-10-31 00:00:00+00:00
[2024-10-31T23:48:51.355+0000] {processor.py:208} INFO - Processing /opt/airflow/dags/self-tutorial-dag.py took 0.066 seconds
[2024-10-31T23:49:21.477+0000] {processor.py:186} INFO - Started process (PID=449) to work on /opt/airflow/dags/self-tutorial-dag.py
[2024-10-31T23:49:21.486+0000] {processor.py:914} INFO - Processing file /opt/airflow/dags/self-tutorial-dag.py for tasks to queue
[2024-10-31T23:49:21.489+0000] {logging_mixin.py:190} INFO - [2024-10-31T23:49:21.487+0000] {dagbag.py:588} INFO - Filling up the DagBag from /opt/airflow/dags/self-tutorial-dag.py
[2024-10-31T23:49:21.495+0000] {processor.py:925} INFO - DAG(s) 'self-tutorial-dag' retrieved from /opt/airflow/dags/self-tutorial-dag.py
[2024-10-31T23:49:21.507+0000] {logging_mixin.py:190} INFO - [2024-10-31T23:49:21.507+0000] {dag.py:3239} INFO - Sync 1 DAGs
[2024-10-31T23:49:21.525+0000] {logging_mixin.py:190} INFO - [2024-10-31T23:49:21.525+0000] {dag.py:4180} INFO - Setting next_dagrun for self-tutorial-dag to 2024-10-30 00:00:00+00:00, run_after=2024-10-31 00:00:00+00:00
[2024-10-31T23:49:21.538+0000] {processor.py:208} INFO - Processing /opt/airflow/dags/self-tutorial-dag.py took 0.068 seconds
[2024-10-31T23:49:51.621+0000] {processor.py:186} INFO - Started process (PID=456) to work on /opt/airflow/dags/self-tutorial-dag.py
[2024-10-31T23:49:51.630+0000] {processor.py:914} INFO - Processing file /opt/airflow/dags/self-tutorial-dag.py for tasks to queue
[2024-10-31T23:49:51.632+0000] {logging_mixin.py:190} INFO - [2024-10-31T23:49:51.632+0000] {dagbag.py:588} INFO - Filling up the DagBag from /opt/airflow/dags/self-tutorial-dag.py
[2024-10-31T23:49:51.638+0000] {processor.py:925} INFO - DAG(s) 'self-tutorial-dag' retrieved from /opt/airflow/dags/self-tutorial-dag.py
[2024-10-31T23:49:51.649+0000] {logging_mixin.py:190} INFO - [2024-10-31T23:49:51.649+0000] {dag.py:3239} INFO - Sync 1 DAGs
[2024-10-31T23:49:51.666+0000] {logging_mixin.py:190} INFO - [2024-10-31T23:49:51.665+0000] {dag.py:4180} INFO - Setting next_dagrun for self-tutorial-dag to 2024-10-30 00:00:00+00:00, run_after=2024-10-31 00:00:00+00:00
[2024-10-31T23:49:51.680+0000] {processor.py:208} INFO - Processing /opt/airflow/dags/self-tutorial-dag.py took 0.063 seconds
[2024-10-31T23:50:21.808+0000] {processor.py:186} INFO - Started process (PID=463) to work on /opt/airflow/dags/self-tutorial-dag.py
[2024-10-31T23:50:21.816+0000] {processor.py:914} INFO - Processing file /opt/airflow/dags/self-tutorial-dag.py for tasks to queue
[2024-10-31T23:50:21.819+0000] {logging_mixin.py:190} INFO - [2024-10-31T23:50:21.819+0000] {dagbag.py:588} INFO - Filling up the DagBag from /opt/airflow/dags/self-tutorial-dag.py
[2024-10-31T23:50:21.825+0000] {processor.py:925} INFO - DAG(s) 'self-tutorial-dag' retrieved from /opt/airflow/dags/self-tutorial-dag.py
[2024-10-31T23:50:21.840+0000] {logging_mixin.py:190} INFO - [2024-10-31T23:50:21.840+0000] {dag.py:3239} INFO - Sync 1 DAGs
[2024-10-31T23:50:21.859+0000] {logging_mixin.py:190} INFO - [2024-10-31T23:50:21.859+0000] {dag.py:4180} INFO - Setting next_dagrun for self-tutorial-dag to 2024-10-30 00:00:00+00:00, run_after=2024-10-31 00:00:00+00:00
[2024-10-31T23:50:21.873+0000] {processor.py:208} INFO - Processing /opt/airflow/dags/self-tutorial-dag.py took 0.069 seconds
[2024-10-31T23:50:51.978+0000] {processor.py:186} INFO - Started process (PID=470) to work on /opt/airflow/dags/self-tutorial-dag.py
[2024-10-31T23:50:51.987+0000] {processor.py:914} INFO - Processing file /opt/airflow/dags/self-tutorial-dag.py for tasks to queue
[2024-10-31T23:50:51.989+0000] {logging_mixin.py:190} INFO - [2024-10-31T23:50:51.989+0000] {dagbag.py:588} INFO - Filling up the DagBag from /opt/airflow/dags/self-tutorial-dag.py
[2024-10-31T23:50:51.996+0000] {processor.py:925} INFO - DAG(s) 'self-tutorial-dag' retrieved from /opt/airflow/dags/self-tutorial-dag.py
[2024-10-31T23:50:52.009+0000] {logging_mixin.py:190} INFO - [2024-10-31T23:50:52.008+0000] {dag.py:3239} INFO - Sync 1 DAGs
[2024-10-31T23:50:52.026+0000] {logging_mixin.py:190} INFO - [2024-10-31T23:50:52.026+0000] {dag.py:4180} INFO - Setting next_dagrun for self-tutorial-dag to 2024-10-30 00:00:00+00:00, run_after=2024-10-31 00:00:00+00:00
[2024-10-31T23:50:52.042+0000] {processor.py:208} INFO - Processing /opt/airflow/dags/self-tutorial-dag.py took 0.068 seconds
[2024-10-31T23:51:22.154+0000] {processor.py:186} INFO - Started process (PID=477) to work on /opt/airflow/dags/self-tutorial-dag.py
[2024-10-31T23:51:22.162+0000] {processor.py:914} INFO - Processing file /opt/airflow/dags/self-tutorial-dag.py for tasks to queue
[2024-10-31T23:51:22.164+0000] {logging_mixin.py:190} INFO - [2024-10-31T23:51:22.163+0000] {dagbag.py:588} INFO - Filling up the DagBag from /opt/airflow/dags/self-tutorial-dag.py
[2024-10-31T23:51:22.169+0000] {processor.py:925} INFO - DAG(s) 'self-tutorial-dag' retrieved from /opt/airflow/dags/self-tutorial-dag.py
[2024-10-31T23:51:22.181+0000] {logging_mixin.py:190} INFO - [2024-10-31T23:51:22.181+0000] {dag.py:3239} INFO - Sync 1 DAGs
[2024-10-31T23:51:22.197+0000] {logging_mixin.py:190} INFO - [2024-10-31T23:51:22.196+0000] {dag.py:4180} INFO - Setting next_dagrun for self-tutorial-dag to 2024-10-30 00:00:00+00:00, run_after=2024-10-31 00:00:00+00:00
[2024-10-31T23:51:22.209+0000] {processor.py:208} INFO - Processing /opt/airflow/dags/self-tutorial-dag.py took 0.061 seconds
[2024-10-31T23:51:52.287+0000] {processor.py:186} INFO - Started process (PID=484) to work on /opt/airflow/dags/self-tutorial-dag.py
[2024-10-31T23:51:52.295+0000] {processor.py:914} INFO - Processing file /opt/airflow/dags/self-tutorial-dag.py for tasks to queue
[2024-10-31T23:51:52.297+0000] {logging_mixin.py:190} INFO - [2024-10-31T23:51:52.297+0000] {dagbag.py:588} INFO - Filling up the DagBag from /opt/airflow/dags/self-tutorial-dag.py
[2024-10-31T23:51:52.303+0000] {processor.py:925} INFO - DAG(s) 'self-tutorial-dag' retrieved from /opt/airflow/dags/self-tutorial-dag.py
[2024-10-31T23:51:52.315+0000] {logging_mixin.py:190} INFO - [2024-10-31T23:51:52.315+0000] {dag.py:3239} INFO - Sync 1 DAGs
[2024-10-31T23:51:52.331+0000] {logging_mixin.py:190} INFO - [2024-10-31T23:51:52.330+0000] {dag.py:4180} INFO - Setting next_dagrun for self-tutorial-dag to 2024-10-30 00:00:00+00:00, run_after=2024-10-31 00:00:00+00:00
[2024-10-31T23:51:52.345+0000] {processor.py:208} INFO - Processing /opt/airflow/dags/self-tutorial-dag.py took 0.064 seconds
[2024-10-31T23:52:22.456+0000] {processor.py:186} INFO - Started process (PID=491) to work on /opt/airflow/dags/self-tutorial-dag.py
[2024-10-31T23:52:22.464+0000] {processor.py:914} INFO - Processing file /opt/airflow/dags/self-tutorial-dag.py for tasks to queue
[2024-10-31T23:52:22.466+0000] {logging_mixin.py:190} INFO - [2024-10-31T23:52:22.466+0000] {dagbag.py:588} INFO - Filling up the DagBag from /opt/airflow/dags/self-tutorial-dag.py
[2024-10-31T23:52:22.473+0000] {processor.py:925} INFO - DAG(s) 'self-tutorial-dag' retrieved from /opt/airflow/dags/self-tutorial-dag.py
[2024-10-31T23:52:22.486+0000] {logging_mixin.py:190} INFO - [2024-10-31T23:52:22.486+0000] {dag.py:3239} INFO - Sync 1 DAGs
[2024-10-31T23:52:22.503+0000] {logging_mixin.py:190} INFO - [2024-10-31T23:52:22.503+0000] {dag.py:4180} INFO - Setting next_dagrun for self-tutorial-dag to 2024-10-30 00:00:00+00:00, run_after=2024-10-31 00:00:00+00:00
[2024-10-31T23:52:22.519+0000] {processor.py:208} INFO - Processing /opt/airflow/dags/self-tutorial-dag.py took 0.068 seconds
[2024-10-31T23:52:52.607+0000] {processor.py:186} INFO - Started process (PID=497) to work on /opt/airflow/dags/self-tutorial-dag.py
[2024-10-31T23:52:52.615+0000] {processor.py:914} INFO - Processing file /opt/airflow/dags/self-tutorial-dag.py for tasks to queue
[2024-10-31T23:52:52.617+0000] {logging_mixin.py:190} INFO - [2024-10-31T23:52:52.617+0000] {dagbag.py:588} INFO - Filling up the DagBag from /opt/airflow/dags/self-tutorial-dag.py
[2024-10-31T23:52:52.624+0000] {processor.py:925} INFO - DAG(s) 'self-tutorial-dag' retrieved from /opt/airflow/dags/self-tutorial-dag.py
[2024-10-31T23:52:52.636+0000] {logging_mixin.py:190} INFO - [2024-10-31T23:52:52.636+0000] {dag.py:3239} INFO - Sync 1 DAGs
[2024-10-31T23:52:52.652+0000] {logging_mixin.py:190} INFO - [2024-10-31T23:52:52.652+0000] {dag.py:4180} INFO - Setting next_dagrun for self-tutorial-dag to 2024-10-30 00:00:00+00:00, run_after=2024-10-31 00:00:00+00:00
[2024-10-31T23:52:52.666+0000] {processor.py:208} INFO - Processing /opt/airflow/dags/self-tutorial-dag.py took 0.065 seconds
[2024-10-31T23:53:22.783+0000] {processor.py:186} INFO - Started process (PID=504) to work on /opt/airflow/dags/self-tutorial-dag.py
[2024-10-31T23:53:22.791+0000] {processor.py:914} INFO - Processing file /opt/airflow/dags/self-tutorial-dag.py for tasks to queue
[2024-10-31T23:53:22.793+0000] {logging_mixin.py:190} INFO - [2024-10-31T23:53:22.793+0000] {dagbag.py:588} INFO - Filling up the DagBag from /opt/airflow/dags/self-tutorial-dag.py
[2024-10-31T23:53:22.799+0000] {processor.py:925} INFO - DAG(s) 'self-tutorial-dag' retrieved from /opt/airflow/dags/self-tutorial-dag.py
[2024-10-31T23:53:22.812+0000] {logging_mixin.py:190} INFO - [2024-10-31T23:53:22.811+0000] {dag.py:3239} INFO - Sync 1 DAGs
[2024-10-31T23:53:22.829+0000] {logging_mixin.py:190} INFO - [2024-10-31T23:53:22.829+0000] {dag.py:4180} INFO - Setting next_dagrun for self-tutorial-dag to 2024-10-30 00:00:00+00:00, run_after=2024-10-31 00:00:00+00:00
[2024-10-31T23:53:22.843+0000] {processor.py:208} INFO - Processing /opt/airflow/dags/self-tutorial-dag.py took 0.065 seconds
[2024-10-31T23:53:52.931+0000] {processor.py:186} INFO - Started process (PID=511) to work on /opt/airflow/dags/self-tutorial-dag.py
[2024-10-31T23:53:52.940+0000] {processor.py:914} INFO - Processing file /opt/airflow/dags/self-tutorial-dag.py for tasks to queue
[2024-10-31T23:53:52.942+0000] {logging_mixin.py:190} INFO - [2024-10-31T23:53:52.942+0000] {dagbag.py:588} INFO - Filling up the DagBag from /opt/airflow/dags/self-tutorial-dag.py
[2024-10-31T23:53:52.948+0000] {processor.py:925} INFO - DAG(s) 'self-tutorial-dag' retrieved from /opt/airflow/dags/self-tutorial-dag.py
[2024-10-31T23:53:52.961+0000] {logging_mixin.py:190} INFO - [2024-10-31T23:53:52.961+0000] {dag.py:3239} INFO - Sync 1 DAGs
[2024-10-31T23:53:52.978+0000] {logging_mixin.py:190} INFO - [2024-10-31T23:53:52.978+0000] {dag.py:4180} INFO - Setting next_dagrun for self-tutorial-dag to 2024-10-30 00:00:00+00:00, run_after=2024-10-31 00:00:00+00:00
[2024-10-31T23:53:52.992+0000] {processor.py:208} INFO - Processing /opt/airflow/dags/self-tutorial-dag.py took 0.068 seconds
[2024-10-31T23:54:23.098+0000] {processor.py:186} INFO - Started process (PID=518) to work on /opt/airflow/dags/self-tutorial-dag.py
[2024-10-31T23:54:23.101+0000] {processor.py:914} INFO - Processing file /opt/airflow/dags/self-tutorial-dag.py for tasks to queue
[2024-10-31T23:54:23.104+0000] {logging_mixin.py:190} INFO - [2024-10-31T23:54:23.103+0000] {dagbag.py:588} INFO - Filling up the DagBag from /opt/airflow/dags/self-tutorial-dag.py
[2024-10-31T23:54:23.110+0000] {processor.py:925} INFO - DAG(s) 'self-tutorial-dag' retrieved from /opt/airflow/dags/self-tutorial-dag.py
[2024-10-31T23:54:23.121+0000] {logging_mixin.py:190} INFO - [2024-10-31T23:54:23.121+0000] {dag.py:3239} INFO - Sync 1 DAGs
[2024-10-31T23:54:23.139+0000] {logging_mixin.py:190} INFO - [2024-10-31T23:54:23.139+0000] {dag.py:4180} INFO - Setting next_dagrun for self-tutorial-dag to 2024-10-30 00:00:00+00:00, run_after=2024-10-31 00:00:00+00:00
[2024-10-31T23:54:23.151+0000] {processor.py:208} INFO - Processing /opt/airflow/dags/self-tutorial-dag.py took 0.058 seconds
[2024-10-31T23:54:53.292+0000] {processor.py:186} INFO - Started process (PID=525) to work on /opt/airflow/dags/self-tutorial-dag.py
[2024-10-31T23:54:53.300+0000] {processor.py:914} INFO - Processing file /opt/airflow/dags/self-tutorial-dag.py for tasks to queue
[2024-10-31T23:54:53.303+0000] {logging_mixin.py:190} INFO - [2024-10-31T23:54:53.302+0000] {dagbag.py:588} INFO - Filling up the DagBag from /opt/airflow/dags/self-tutorial-dag.py
[2024-10-31T23:54:53.309+0000] {processor.py:925} INFO - DAG(s) 'self-tutorial-dag' retrieved from /opt/airflow/dags/self-tutorial-dag.py
[2024-10-31T23:54:53.322+0000] {logging_mixin.py:190} INFO - [2024-10-31T23:54:53.322+0000] {dag.py:3239} INFO - Sync 1 DAGs
[2024-10-31T23:54:53.338+0000] {logging_mixin.py:190} INFO - [2024-10-31T23:54:53.338+0000] {dag.py:4180} INFO - Setting next_dagrun for self-tutorial-dag to 2024-10-30 00:00:00+00:00, run_after=2024-10-31 00:00:00+00:00
[2024-10-31T23:54:53.351+0000] {processor.py:208} INFO - Processing /opt/airflow/dags/self-tutorial-dag.py took 0.064 seconds
[2024-10-31T23:55:23.450+0000] {processor.py:186} INFO - Started process (PID=532) to work on /opt/airflow/dags/self-tutorial-dag.py
[2024-10-31T23:55:23.458+0000] {processor.py:914} INFO - Processing file /opt/airflow/dags/self-tutorial-dag.py for tasks to queue
[2024-10-31T23:55:23.461+0000] {logging_mixin.py:190} INFO - [2024-10-31T23:55:23.460+0000] {dagbag.py:588} INFO - Filling up the DagBag from /opt/airflow/dags/self-tutorial-dag.py
[2024-10-31T23:55:23.467+0000] {processor.py:925} INFO - DAG(s) 'self-tutorial-dag' retrieved from /opt/airflow/dags/self-tutorial-dag.py
[2024-10-31T23:55:23.479+0000] {logging_mixin.py:190} INFO - [2024-10-31T23:55:23.479+0000] {dag.py:3239} INFO - Sync 1 DAGs
[2024-10-31T23:55:23.497+0000] {logging_mixin.py:190} INFO - [2024-10-31T23:55:23.497+0000] {dag.py:4180} INFO - Setting next_dagrun for self-tutorial-dag to 2024-10-30 00:00:00+00:00, run_after=2024-10-31 00:00:00+00:00
[2024-10-31T23:55:23.512+0000] {processor.py:208} INFO - Processing /opt/airflow/dags/self-tutorial-dag.py took 0.066 seconds
[2024-10-31T23:55:53.618+0000] {processor.py:186} INFO - Started process (PID=539) to work on /opt/airflow/dags/self-tutorial-dag.py
[2024-10-31T23:55:53.620+0000] {processor.py:914} INFO - Processing file /opt/airflow/dags/self-tutorial-dag.py for tasks to queue
[2024-10-31T23:55:53.622+0000] {logging_mixin.py:190} INFO - [2024-10-31T23:55:53.621+0000] {dagbag.py:588} INFO - Filling up the DagBag from /opt/airflow/dags/self-tutorial-dag.py
[2024-10-31T23:55:53.628+0000] {processor.py:925} INFO - DAG(s) 'self-tutorial-dag' retrieved from /opt/airflow/dags/self-tutorial-dag.py
[2024-10-31T23:55:53.641+0000] {logging_mixin.py:190} INFO - [2024-10-31T23:55:53.641+0000] {dag.py:3239} INFO - Sync 1 DAGs
[2024-10-31T23:55:53.660+0000] {logging_mixin.py:190} INFO - [2024-10-31T23:55:53.659+0000] {dag.py:4180} INFO - Setting next_dagrun for self-tutorial-dag to 2024-10-30 00:00:00+00:00, run_after=2024-10-31 00:00:00+00:00
[2024-10-31T23:55:53.673+0000] {processor.py:208} INFO - Processing /opt/airflow/dags/self-tutorial-dag.py took 0.060 seconds
[2024-10-31T23:56:23.778+0000] {processor.py:186} INFO - Started process (PID=546) to work on /opt/airflow/dags/self-tutorial-dag.py
[2024-10-31T23:56:23.787+0000] {processor.py:914} INFO - Processing file /opt/airflow/dags/self-tutorial-dag.py for tasks to queue
[2024-10-31T23:56:23.788+0000] {logging_mixin.py:190} INFO - [2024-10-31T23:56:23.788+0000] {dagbag.py:588} INFO - Filling up the DagBag from /opt/airflow/dags/self-tutorial-dag.py
[2024-10-31T23:56:23.795+0000] {processor.py:925} INFO - DAG(s) 'self-tutorial-dag' retrieved from /opt/airflow/dags/self-tutorial-dag.py
[2024-10-31T23:56:23.807+0000] {logging_mixin.py:190} INFO - [2024-10-31T23:56:23.807+0000] {dag.py:3239} INFO - Sync 1 DAGs
[2024-10-31T23:56:23.824+0000] {logging_mixin.py:190} INFO - [2024-10-31T23:56:23.824+0000] {dag.py:4180} INFO - Setting next_dagrun for self-tutorial-dag to 2024-10-30 00:00:00+00:00, run_after=2024-10-31 00:00:00+00:00
[2024-10-31T23:56:23.837+0000] {processor.py:208} INFO - Processing /opt/airflow/dags/self-tutorial-dag.py took 0.064 seconds
[2024-10-31T23:56:53.932+0000] {processor.py:186} INFO - Started process (PID=553) to work on /opt/airflow/dags/self-tutorial-dag.py
[2024-10-31T23:56:53.933+0000] {processor.py:914} INFO - Processing file /opt/airflow/dags/self-tutorial-dag.py for tasks to queue
[2024-10-31T23:56:53.935+0000] {logging_mixin.py:190} INFO - [2024-10-31T23:56:53.935+0000] {dagbag.py:588} INFO - Filling up the DagBag from /opt/airflow/dags/self-tutorial-dag.py
[2024-10-31T23:56:53.942+0000] {processor.py:925} INFO - DAG(s) 'self-tutorial-dag' retrieved from /opt/airflow/dags/self-tutorial-dag.py
[2024-10-31T23:56:53.954+0000] {logging_mixin.py:190} INFO - [2024-10-31T23:56:53.954+0000] {dag.py:3239} INFO - Sync 1 DAGs
[2024-10-31T23:56:53.971+0000] {logging_mixin.py:190} INFO - [2024-10-31T23:56:53.971+0000] {dag.py:4180} INFO - Setting next_dagrun for self-tutorial-dag to 2024-10-30 00:00:00+00:00, run_after=2024-10-31 00:00:00+00:00
[2024-10-31T23:56:53.986+0000] {processor.py:208} INFO - Processing /opt/airflow/dags/self-tutorial-dag.py took 0.060 seconds
[2024-10-31T23:57:24.126+0000] {processor.py:186} INFO - Started process (PID=559) to work on /opt/airflow/dags/self-tutorial-dag.py
[2024-10-31T23:57:24.136+0000] {processor.py:914} INFO - Processing file /opt/airflow/dags/self-tutorial-dag.py for tasks to queue
[2024-10-31T23:57:24.139+0000] {logging_mixin.py:190} INFO - [2024-10-31T23:57:24.138+0000] {dagbag.py:588} INFO - Filling up the DagBag from /opt/airflow/dags/self-tutorial-dag.py
[2024-10-31T23:57:24.157+0000] {processor.py:925} INFO - DAG(s) 'self-tutorial-dag' retrieved from /opt/airflow/dags/self-tutorial-dag.py
[2024-10-31T23:57:24.180+0000] {logging_mixin.py:190} INFO - [2024-10-31T23:57:24.180+0000] {dag.py:3239} INFO - Sync 1 DAGs
[2024-10-31T23:57:24.216+0000] {logging_mixin.py:190} INFO - [2024-10-31T23:57:24.215+0000] {dag.py:4180} INFO - Setting next_dagrun for self-tutorial-dag to 2024-10-30 00:00:00+00:00, run_after=2024-10-31 00:00:00+00:00
[2024-10-31T23:57:24.260+0000] {processor.py:208} INFO - Processing /opt/airflow/dags/self-tutorial-dag.py took 0.149 seconds
[2024-10-31T23:57:54.294+0000] {processor.py:186} INFO - Started process (PID=566) to work on /opt/airflow/dags/self-tutorial-dag.py
[2024-10-31T23:57:54.303+0000] {processor.py:914} INFO - Processing file /opt/airflow/dags/self-tutorial-dag.py for tasks to queue
[2024-10-31T23:57:54.304+0000] {logging_mixin.py:190} INFO - [2024-10-31T23:57:54.304+0000] {dagbag.py:588} INFO - Filling up the DagBag from /opt/airflow/dags/self-tutorial-dag.py
[2024-10-31T23:57:54.311+0000] {processor.py:925} INFO - DAG(s) 'self-tutorial-dag' retrieved from /opt/airflow/dags/self-tutorial-dag.py
[2024-10-31T23:57:54.323+0000] {logging_mixin.py:190} INFO - [2024-10-31T23:57:54.323+0000] {dag.py:3239} INFO - Sync 1 DAGs
[2024-10-31T23:57:54.341+0000] {logging_mixin.py:190} INFO - [2024-10-31T23:57:54.340+0000] {dag.py:4180} INFO - Setting next_dagrun for self-tutorial-dag to 2024-10-30 00:00:00+00:00, run_after=2024-10-31 00:00:00+00:00
[2024-10-31T23:57:54.354+0000] {processor.py:208} INFO - Processing /opt/airflow/dags/self-tutorial-dag.py took 0.064 seconds
[2024-10-31T23:58:24.448+0000] {processor.py:186} INFO - Started process (PID=573) to work on /opt/airflow/dags/self-tutorial-dag.py
[2024-10-31T23:58:24.457+0000] {processor.py:914} INFO - Processing file /opt/airflow/dags/self-tutorial-dag.py for tasks to queue
[2024-10-31T23:58:24.458+0000] {logging_mixin.py:190} INFO - [2024-10-31T23:58:24.458+0000] {dagbag.py:588} INFO - Filling up the DagBag from /opt/airflow/dags/self-tutorial-dag.py
[2024-10-31T23:58:24.465+0000] {processor.py:925} INFO - DAG(s) 'self-tutorial-dag' retrieved from /opt/airflow/dags/self-tutorial-dag.py
[2024-10-31T23:58:24.479+0000] {logging_mixin.py:190} INFO - [2024-10-31T23:58:24.479+0000] {dag.py:3239} INFO - Sync 1 DAGs
[2024-10-31T23:58:24.498+0000] {logging_mixin.py:190} INFO - [2024-10-31T23:58:24.498+0000] {dag.py:4180} INFO - Setting next_dagrun for self-tutorial-dag to 2024-10-30 00:00:00+00:00, run_after=2024-10-31 00:00:00+00:00
[2024-10-31T23:58:24.517+0000] {processor.py:208} INFO - Processing /opt/airflow/dags/self-tutorial-dag.py took 0.074 seconds
[2024-10-31T23:58:54.638+0000] {processor.py:186} INFO - Started process (PID=580) to work on /opt/airflow/dags/self-tutorial-dag.py
[2024-10-31T23:58:54.639+0000] {processor.py:914} INFO - Processing file /opt/airflow/dags/self-tutorial-dag.py for tasks to queue
[2024-10-31T23:58:54.640+0000] {logging_mixin.py:190} INFO - [2024-10-31T23:58:54.640+0000] {dagbag.py:588} INFO - Filling up the DagBag from /opt/airflow/dags/self-tutorial-dag.py
[2024-10-31T23:58:54.649+0000] {processor.py:925} INFO - DAG(s) 'self-tutorial-dag' retrieved from /opt/airflow/dags/self-tutorial-dag.py
[2024-10-31T23:58:54.663+0000] {logging_mixin.py:190} INFO - [2024-10-31T23:58:54.663+0000] {dag.py:3239} INFO - Sync 1 DAGs
[2024-10-31T23:58:54.682+0000] {logging_mixin.py:190} INFO - [2024-10-31T23:58:54.682+0000] {dag.py:4180} INFO - Setting next_dagrun for self-tutorial-dag to 2024-10-30 00:00:00+00:00, run_after=2024-10-31 00:00:00+00:00
[2024-10-31T23:58:54.700+0000] {processor.py:208} INFO - Processing /opt/airflow/dags/self-tutorial-dag.py took 0.067 seconds
[2024-10-31T23:59:24.803+0000] {processor.py:186} INFO - Started process (PID=587) to work on /opt/airflow/dags/self-tutorial-dag.py
[2024-10-31T23:59:24.811+0000] {processor.py:914} INFO - Processing file /opt/airflow/dags/self-tutorial-dag.py for tasks to queue
[2024-10-31T23:59:24.813+0000] {logging_mixin.py:190} INFO - [2024-10-31T23:59:24.813+0000] {dagbag.py:588} INFO - Filling up the DagBag from /opt/airflow/dags/self-tutorial-dag.py
[2024-10-31T23:59:24.820+0000] {processor.py:925} INFO - DAG(s) 'self-tutorial-dag' retrieved from /opt/airflow/dags/self-tutorial-dag.py
[2024-10-31T23:59:24.834+0000] {logging_mixin.py:190} INFO - [2024-10-31T23:59:24.833+0000] {dag.py:3239} INFO - Sync 1 DAGs
[2024-10-31T23:59:24.852+0000] {logging_mixin.py:190} INFO - [2024-10-31T23:59:24.852+0000] {dag.py:4180} INFO - Setting next_dagrun for self-tutorial-dag to 2024-10-30 00:00:00+00:00, run_after=2024-10-31 00:00:00+00:00
[2024-10-31T23:59:24.867+0000] {processor.py:208} INFO - Processing /opt/airflow/dags/self-tutorial-dag.py took 0.070 seconds
[2024-10-31T23:59:54.978+0000] {processor.py:186} INFO - Started process (PID=594) to work on /opt/airflow/dags/self-tutorial-dag.py
[2024-10-31T23:59:54.979+0000] {processor.py:914} INFO - Processing file /opt/airflow/dags/self-tutorial-dag.py for tasks to queue
[2024-10-31T23:59:54.982+0000] {logging_mixin.py:190} INFO - [2024-10-31T23:59:54.982+0000] {dagbag.py:588} INFO - Filling up the DagBag from /opt/airflow/dags/self-tutorial-dag.py
[2024-10-31T23:59:54.989+0000] {processor.py:925} INFO - DAG(s) 'self-tutorial-dag' retrieved from /opt/airflow/dags/self-tutorial-dag.py
[2024-10-31T23:59:55.001+0000] {logging_mixin.py:190} INFO - [2024-10-31T23:59:55.001+0000] {dag.py:3239} INFO - Sync 1 DAGs
[2024-10-31T23:59:55.019+0000] {logging_mixin.py:190} INFO - [2024-10-31T23:59:55.019+0000] {dag.py:4180} INFO - Setting next_dagrun for self-tutorial-dag to 2024-10-30 00:00:00+00:00, run_after=2024-10-31 00:00:00+00:00
[2024-10-31T23:59:55.034+0000] {processor.py:208} INFO - Processing /opt/airflow/dags/self-tutorial-dag.py took 0.060 seconds
