[2024-11-04T05:17:43.812+0000] {local_task_job_runner.py:123} INFO - ::group::Pre task execution logs
[2024-11-04T05:17:43.830+0000] {taskinstance.py:2612} INFO - Dependencies all met for dep_context=non-requeueable deps ti=<TaskInstance: stock-market-summary.stock_price manual__2024-11-04T05:17:41.999353+00:00 [queued]>
[2024-11-04T05:17:43.838+0000] {taskinstance.py:2612} INFO - Dependencies all met for dep_context=requeueable deps ti=<TaskInstance: stock-market-summary.stock_price manual__2024-11-04T05:17:41.999353+00:00 [queued]>
[2024-11-04T05:17:43.839+0000] {taskinstance.py:2865} INFO - Starting attempt 1 of 1
[2024-11-04T05:17:43.858+0000] {taskinstance.py:2888} INFO - Executing <Task(PythonOperator): stock_price> on 2024-11-04 05:17:41.999353+00:00
[2024-11-04T05:17:43.869+0000] {warnings.py:112} WARNING - /home/***/.local/lib/python3.12/site-packages/***/task/task_runner/standard_task_runner.py:70: DeprecationWarning: This process (pid=3507) is multi-threaded, use of fork() may lead to deadlocks in the child.
  pid = os.fork()

[2024-11-04T05:17:43.872+0000] {standard_task_runner.py:72} INFO - Started process 3508 to run task
[2024-11-04T05:17:43.871+0000] {standard_task_runner.py:104} INFO - Running: ['***', 'tasks', 'run', 'stock-market-summary', 'stock_price', 'manual__2024-11-04T05:17:41.999353+00:00', '--job-id', '266', '--raw', '--subdir', 'DAGS_FOLDER/stock_market_summary.py', '--cfg-path', '/tmp/tmpgqzj2r5b']
[2024-11-04T05:17:43.874+0000] {standard_task_runner.py:105} INFO - Job 266: Subtask stock_price
[2024-11-04T05:17:43.918+0000] {task_command.py:467} INFO - Running <TaskInstance: stock-market-summary.stock_price manual__2024-11-04T05:17:41.999353+00:00 [running]> on host 5a41fc77ef88
[2024-11-04T05:17:44.002+0000] {taskinstance.py:3131} INFO - Exporting env vars: AIRFLOW_CTX_DAG_OWNER='***' AIRFLOW_CTX_DAG_ID='stock-market-summary' AIRFLOW_CTX_TASK_ID='stock_price' AIRFLOW_CTX_EXECUTION_DATE='2024-11-04T05:17:41.999353+00:00' AIRFLOW_CTX_TRY_NUMBER='1' AIRFLOW_CTX_DAG_RUN_ID='manual__2024-11-04T05:17:41.999353+00:00'
[2024-11-04T05:17:44.004+0000] {taskinstance.py:731} INFO - ::endgroup::
[2024-11-04T05:17:51.163+0000] {logging_mixin.py:190} INFO - ##################################################
[2024-11-04T05:17:51.163+0000] {logging_mixin.py:190} INFO - [{'code': 'TSLA', 'name_en': 'Tesla', 'name_kr': '테슬라', 'stock_index': 'NASDAQ', 'stock_price': 248.98, 'stock_info': {'url': 'https://www.google.com/finance/quote/TSLA:NASDAQ', 'stock_name': 'TSLA', 'stock_price': 248.98, 'currency': '$'}}, {'code': 'AAPL', 'name_en': 'Apple', 'name_kr': '애플', 'stock_index': 'NASDAQ', 'stock_price': 222.91, 'stock_info': {'url': 'https://www.google.com/finance/quote/AAPL:NASDAQ', 'stock_name': 'AAPL', 'stock_price': 222.91, 'currency': '$'}}, {'code': 'NVDA', 'name_en': 'NVidia', 'name_kr': '엔비디아', 'stock_index': 'NASDAQ', 'stock_price': 135.37, 'stock_info': {'url': 'https://www.google.com/finance/quote/NVDA:NASDAQ', 'stock_name': 'NVDA', 'stock_price': 135.37, 'currency': '$'}}, {'code': 'MSFT', 'name_en': 'Microsoft', 'name_kr': '마이크로소프트', 'stock_index': 'NASDAQ', 'stock_price': 410.37, 'stock_info': {'url': 'https://www.google.com/finance/quote/MSFT:NASDAQ', 'stock_name': 'MSFT', 'stock_price': 410.37, 'currency': '$'}}]
[2024-11-04T05:17:51.164+0000] {logging_mixin.py:190} INFO - ##################################################
[2024-11-04T05:17:51.164+0000] {python.py:240} INFO - Done. Returned value was: [{'code': 'TSLA', 'name_en': 'Tesla', 'name_kr': '테슬라', 'stock_index': 'NASDAQ', 'stock_price': 248.98, 'stock_info': {'url': 'https://www.google.com/finance/quote/TSLA:NASDAQ', 'stock_name': 'TSLA', 'stock_price': 248.98, 'currency': '$'}}, {'code': 'AAPL', 'name_en': 'Apple', 'name_kr': '애플', 'stock_index': 'NASDAQ', 'stock_price': 222.91, 'stock_info': {'url': 'https://www.google.com/finance/quote/AAPL:NASDAQ', 'stock_name': 'AAPL', 'stock_price': 222.91, 'currency': '$'}}, {'code': 'NVDA', 'name_en': 'NVidia', 'name_kr': '엔비디아', 'stock_index': 'NASDAQ', 'stock_price': 135.37, 'stock_info': {'url': 'https://www.google.com/finance/quote/NVDA:NASDAQ', 'stock_name': 'NVDA', 'stock_price': 135.37, 'currency': '$'}}, {'code': 'MSFT', 'name_en': 'Microsoft', 'name_kr': '마이크로소프트', 'stock_index': 'NASDAQ', 'stock_price': 410.37, 'stock_info': {'url': 'https://www.google.com/finance/quote/MSFT:NASDAQ', 'stock_name': 'MSFT', 'stock_price': 410.37, 'currency': '$'}}]
[2024-11-04T05:17:51.183+0000] {taskinstance.py:340} INFO - ::group::Post task execution logs
[2024-11-04T05:17:51.183+0000] {taskinstance.py:352} INFO - Marking task as SUCCESS. dag_id=stock-market-summary, task_id=stock_price, run_id=manual__2024-11-04T05:17:41.999353+00:00, execution_date=20241104T051741, start_date=20241104T051743, end_date=20241104T051751
[2024-11-04T05:17:51.237+0000] {local_task_job_runner.py:266} INFO - Task exited with return code 0
[2024-11-04T05:17:51.259+0000] {taskinstance.py:3900} INFO - 3 downstream tasks scheduled from follow-on schedule check
[2024-11-04T05:17:51.263+0000] {local_task_job_runner.py:245} INFO - ::endgroup::
