[2024-11-03T22:42:29.632+0000] {local_task_job_runner.py:123} INFO - ::group::Pre task execution logs
[2024-11-03T22:42:29.646+0000] {taskinstance.py:2612} INFO - Dependencies all met for dep_context=non-requeueable deps ti=<TaskInstance: stock-market-summary.exchange_rate scheduled__2024-11-02T00:00:00+00:00 [queued]>
[2024-11-03T22:42:29.652+0000] {taskinstance.py:2612} INFO - Dependencies all met for dep_context=requeueable deps ti=<TaskInstance: stock-market-summary.exchange_rate scheduled__2024-11-02T00:00:00+00:00 [queued]>
[2024-11-03T22:42:29.652+0000] {taskinstance.py:2865} INFO - Starting attempt 1 of 1
[2024-11-03T22:42:29.664+0000] {taskinstance.py:2888} INFO - Executing <Task(PythonOperator): exchange_rate> on 2024-11-02 00:00:00+00:00
[2024-11-03T22:42:29.669+0000] {warnings.py:112} WARNING - /home/***/.local/lib/python3.12/site-packages/***/task/task_runner/standard_task_runner.py:70: DeprecationWarning: This process (pid=96) is multi-threaded, use of fork() may lead to deadlocks in the child.
  pid = os.fork()

[2024-11-03T22:42:29.670+0000] {standard_task_runner.py:72} INFO - Started process 107 to run task
[2024-11-03T22:42:29.671+0000] {standard_task_runner.py:104} INFO - Running: ['***', 'tasks', 'run', 'stock-market-summary', 'exchange_rate', 'scheduled__2024-11-02T00:00:00+00:00', '--job-id', '102', '--raw', '--subdir', 'DAGS_FOLDER/stock_market_summary.py', '--cfg-path', '/tmp/tmplcd8eodm']
[2024-11-03T22:42:29.674+0000] {standard_task_runner.py:105} INFO - Job 102: Subtask exchange_rate
[2024-11-03T22:42:29.709+0000] {task_command.py:467} INFO - Running <TaskInstance: stock-market-summary.exchange_rate scheduled__2024-11-02T00:00:00+00:00 [running]> on host 2839f63d218a
[2024-11-03T22:42:29.780+0000] {taskinstance.py:3131} INFO - Exporting env vars: AIRFLOW_CTX_DAG_OWNER='***' AIRFLOW_CTX_DAG_ID='stock-market-summary' AIRFLOW_CTX_TASK_ID='exchange_rate' AIRFLOW_CTX_EXECUTION_DATE='2024-11-02T00:00:00+00:00' AIRFLOW_CTX_TRY_NUMBER='1' AIRFLOW_CTX_DAG_RUN_ID='scheduled__2024-11-02T00:00:00+00:00'
[2024-11-03T22:42:29.781+0000] {taskinstance.py:731} INFO - ::endgroup::
[2024-11-03T22:42:30.502+0000] {warnings.py:112} WARNING - /opt/***/dags/stock_market_summary.py:141: GuessedAtParserWarning: No parser was explicitly specified, so I'm using the best available HTML parser for this system ("lxml"). This usually isn't a problem, but if you run this code on another system, or in a different virtual environment, it may use a different parser and behave differently.

The code that caused this warning is on line 141 of the file /opt/***/dags/stock_market_summary.py. To get rid of this warning, pass the additional argument 'features="lxml"' to the BeautifulSoup constructor.

  soup = BeautifulSoup(req_obj.content)

[2024-11-03T22:42:31.268+0000] {logging_mixin.py:190} INFO - ##################################################
[2024-11-03T22:42:31.269+0000] {logging_mixin.py:190} INFO - {'url': 'https://www.google.com/finance/quote/USD-KRW', 'From': 'USD', 'To': 'KRW', 'Exchange Rate': 1380.34, 'Time': '2024-11-04 07:42:31'}
[2024-11-03T22:42:31.269+0000] {logging_mixin.py:190} INFO - ##################################################
[2024-11-03T22:42:31.269+0000] {python.py:240} INFO - Done. Returned value was: {'currency_info': {'url': 'https://www.google.com/finance/quote/USD-KRW', 'From': 'USD', 'To': 'KRW', 'Exchange Rate': 1380.34, 'Time': '2024-11-04 07:42:31'}, 'stock_list': [{'code': 'TSLA', 'name_en': 'Tesla', 'name_kr': '테슬라', 'stock_index': 'NASDAQ', 'stock_price': 248.98, 'stock_info': {'url': 'https://www.google.com/finance/quote/TSLA:NASDAQ', 'stock_name': 'TSLA', 'stock_price': 248.98, 'currency': '$'}, 'to_won': 343677.05319999997}, {'code': 'AAPL', 'name_en': 'Apple', 'name_kr': '애플', 'stock_index': 'NASDAQ', 'stock_price': 222.91, 'stock_info': {'url': 'https://www.google.com/finance/quote/AAPL:NASDAQ', 'stock_name': 'AAPL', 'stock_price': 222.91, 'currency': '$'}, 'to_won': 307691.5894}, {'code': 'NVDA', 'name_en': 'NVidia', 'name_kr': '엔비디아', 'stock_index': 'NASDAQ', 'stock_price': 135.37, 'stock_info': {'url': 'https://www.google.com/finance/quote/NVDA:NASDAQ', 'stock_name': 'NVDA', 'stock_price': 135.37, 'currency': '$'}, 'to_won': 186856.6258}, {'code': 'MSFT', 'name_en': 'Microsoft', 'name_kr': '마이크로소프트', 'stock_index': 'NASDAQ', 'stock_price': 410.37, 'stock_info': {'url': 'https://www.google.com/finance/quote/MSFT:NASDAQ', 'stock_name': 'MSFT', 'stock_price': 410.37, 'currency': '$'}, 'to_won': 566450.1257999999}]}
[2024-11-03T22:42:31.292+0000] {taskinstance.py:340} INFO - ::group::Post task execution logs
[2024-11-03T22:42:31.292+0000] {taskinstance.py:352} INFO - Marking task as SUCCESS. dag_id=stock-market-summary, task_id=exchange_rate, run_id=scheduled__2024-11-02T00:00:00+00:00, execution_date=20241102T000000, start_date=20241103T224229, end_date=20241103T224231
[2024-11-03T22:42:31.330+0000] {local_task_job_runner.py:266} INFO - Task exited with return code 0
[2024-11-03T22:42:31.353+0000] {taskinstance.py:3900} INFO - 0 downstream tasks scheduled from follow-on schedule check
[2024-11-03T22:42:31.357+0000] {local_task_job_runner.py:245} INFO - ::endgroup::
