[2024-11-05T22:55:52.247+0000] {local_task_job_runner.py:123} INFO - ::group::Pre task execution logs
[2024-11-05T22:55:52.259+0000] {taskinstance.py:2612} INFO - Dependencies all met for dep_context=non-requeueable deps ti=<TaskInstance: stock-market-summary.stock_price manual__2024-11-05T22:55:49.616843+00:00 [queued]>
[2024-11-05T22:55:52.265+0000] {taskinstance.py:2612} INFO - Dependencies all met for dep_context=requeueable deps ti=<TaskInstance: stock-market-summary.stock_price manual__2024-11-05T22:55:49.616843+00:00 [queued]>
[2024-11-05T22:55:52.265+0000] {taskinstance.py:2865} INFO - Starting attempt 1 of 1
[2024-11-05T22:55:52.276+0000] {taskinstance.py:2888} INFO - Executing <Task(PythonOperator): stock_price> on 2024-11-05 22:55:49.616843+00:00
[2024-11-05T22:55:52.280+0000] {warnings.py:112} WARNING - /home/***/.local/lib/python3.12/site-packages/***/task/task_runner/standard_task_runner.py:70: DeprecationWarning: This process (pid=100) is multi-threaded, use of fork() may lead to deadlocks in the child.
  pid = os.fork()

[2024-11-05T22:55:52.281+0000] {standard_task_runner.py:72} INFO - Started process 101 to run task
[2024-11-05T22:55:52.281+0000] {standard_task_runner.py:104} INFO - Running: ['***', 'tasks', 'run', 'stock-market-summary', 'stock_price', 'manual__2024-11-05T22:55:49.616843+00:00', '--job-id', '454', '--raw', '--subdir', 'DAGS_FOLDER/stock_market_summary.py', '--cfg-path', '/tmp/tmp47dga629']
[2024-11-05T22:55:52.283+0000] {standard_task_runner.py:105} INFO - Job 454: Subtask stock_price
[2024-11-05T22:55:52.311+0000] {task_command.py:467} INFO - Running <TaskInstance: stock-market-summary.stock_price manual__2024-11-05T22:55:49.616843+00:00 [running]> on host da4af732af90
[2024-11-05T22:55:52.364+0000] {taskinstance.py:3131} INFO - Exporting env vars: AIRFLOW_CTX_DAG_OWNER='***' AIRFLOW_CTX_DAG_ID='stock-market-summary' AIRFLOW_CTX_TASK_ID='stock_price' AIRFLOW_CTX_EXECUTION_DATE='2024-11-05T22:55:49.616843+00:00' AIRFLOW_CTX_TRY_NUMBER='1' AIRFLOW_CTX_DAG_RUN_ID='manual__2024-11-05T22:55:49.616843+00:00'
[2024-11-05T22:55:52.364+0000] {taskinstance.py:731} INFO - ::endgroup::
[2024-11-05T22:55:59.254+0000] {logging_mixin.py:190} INFO - ##################################################
[2024-11-05T22:55:59.254+0000] {logging_mixin.py:190} INFO - [{'code': 'TSLA', 'name_en': 'Tesla', 'name_kr': '테슬라', 'stock_index': 'NASDAQ', 'stock_price': 251.44, 'stock_info': {'url': 'https://www.google.com/finance/quote/TSLA:NASDAQ', 'stock_name': 'TSLA', 'stock_price': 251.44, 'currency': '$'}}, {'code': 'AAPL', 'name_en': 'Apple', 'name_kr': '애플', 'stock_index': 'NASDAQ', 'stock_price': 223.45, 'stock_info': {'url': 'https://www.google.com/finance/quote/AAPL:NASDAQ', 'stock_name': 'AAPL', 'stock_price': 223.45, 'currency': '$'}}, {'code': 'NVDA', 'name_en': 'NVidia', 'name_kr': '엔비디아', 'stock_index': 'NASDAQ', 'stock_price': 139.91, 'stock_info': {'url': 'https://www.google.com/finance/quote/NVDA:NASDAQ', 'stock_name': 'NVDA', 'stock_price': 139.91, 'currency': '$'}}, {'code': 'MSFT', 'name_en': 'Microsoft', 'name_kr': '마이크로소프트', 'stock_index': 'NASDAQ', 'stock_price': 411.46, 'stock_info': {'url': 'https://www.google.com/finance/quote/MSFT:NASDAQ', 'stock_name': 'MSFT', 'stock_price': 411.46, 'currency': '$'}}]
[2024-11-05T22:55:59.254+0000] {logging_mixin.py:190} INFO - ##################################################
[2024-11-05T22:55:59.254+0000] {python.py:240} INFO - Done. Returned value was: [{'code': 'TSLA', 'name_en': 'Tesla', 'name_kr': '테슬라', 'stock_index': 'NASDAQ', 'stock_price': 251.44, 'stock_info': {'url': 'https://www.google.com/finance/quote/TSLA:NASDAQ', 'stock_name': 'TSLA', 'stock_price': 251.44, 'currency': '$'}}, {'code': 'AAPL', 'name_en': 'Apple', 'name_kr': '애플', 'stock_index': 'NASDAQ', 'stock_price': 223.45, 'stock_info': {'url': 'https://www.google.com/finance/quote/AAPL:NASDAQ', 'stock_name': 'AAPL', 'stock_price': 223.45, 'currency': '$'}}, {'code': 'NVDA', 'name_en': 'NVidia', 'name_kr': '엔비디아', 'stock_index': 'NASDAQ', 'stock_price': 139.91, 'stock_info': {'url': 'https://www.google.com/finance/quote/NVDA:NASDAQ', 'stock_name': 'NVDA', 'stock_price': 139.91, 'currency': '$'}}, {'code': 'MSFT', 'name_en': 'Microsoft', 'name_kr': '마이크로소프트', 'stock_index': 'NASDAQ', 'stock_price': 411.46, 'stock_info': {'url': 'https://www.google.com/finance/quote/MSFT:NASDAQ', 'stock_name': 'MSFT', 'stock_price': 411.46, 'currency': '$'}}]
[2024-11-05T22:55:59.279+0000] {taskinstance.py:340} INFO - ::group::Post task execution logs
[2024-11-05T22:55:59.279+0000] {taskinstance.py:352} INFO - Marking task as SUCCESS. dag_id=stock-market-summary, task_id=stock_price, run_id=manual__2024-11-05T22:55:49.616843+00:00, execution_date=20241105T225549, start_date=20241105T225552, end_date=20241105T225559
[2024-11-05T22:55:59.325+0000] {local_task_job_runner.py:266} INFO - Task exited with return code 0
[2024-11-05T22:55:59.342+0000] {taskinstance.py:3900} INFO - 3 downstream tasks scheduled from follow-on schedule check
[2024-11-05T22:55:59.345+0000] {local_task_job_runner.py:245} INFO - ::endgroup::
