[2024-11-04T05:00:47.054+0000] {local_task_job_runner.py:123} INFO - ::group::Pre task execution logs
[2024-11-04T05:00:47.073+0000] {taskinstance.py:2612} INFO - Dependencies all met for dep_context=non-requeueable deps ti=<TaskInstance: stock-market-summary.exchange_rate manual__2024-11-04T05:00:37.820405+00:00 [queued]>
[2024-11-04T05:00:47.082+0000] {taskinstance.py:2612} INFO - Dependencies all met for dep_context=requeueable deps ti=<TaskInstance: stock-market-summary.exchange_rate manual__2024-11-04T05:00:37.820405+00:00 [queued]>
[2024-11-04T05:00:47.082+0000] {taskinstance.py:2865} INFO - Starting attempt 1 of 1
[2024-11-04T05:00:47.098+0000] {taskinstance.py:2888} INFO - Executing <Task(PythonOperator): exchange_rate> on 2024-11-04 05:00:37.820405+00:00
[2024-11-04T05:00:47.106+0000] {warnings.py:112} WARNING - /home/***/.local/lib/python3.12/site-packages/***/task/task_runner/standard_task_runner.py:70: DeprecationWarning: This process (pid=3207) is multi-threaded, use of fork() may lead to deadlocks in the child.
  pid = os.fork()

[2024-11-04T05:00:47.107+0000] {standard_task_runner.py:72} INFO - Started process 3211 to run task
[2024-11-04T05:00:47.108+0000] {standard_task_runner.py:104} INFO - Running: ['***', 'tasks', 'run', 'stock-market-summary', 'exchange_rate', 'manual__2024-11-04T05:00:37.820405+00:00', '--job-id', '238', '--raw', '--subdir', 'DAGS_FOLDER/stock_market_summary.py', '--cfg-path', '/tmp/tmpaqtdbijn']
[2024-11-04T05:00:47.110+0000] {standard_task_runner.py:105} INFO - Job 238: Subtask exchange_rate
[2024-11-04T05:00:47.150+0000] {task_command.py:467} INFO - Running <TaskInstance: stock-market-summary.exchange_rate manual__2024-11-04T05:00:37.820405+00:00 [running]> on host 5a41fc77ef88
[2024-11-04T05:00:47.221+0000] {taskinstance.py:3131} INFO - Exporting env vars: AIRFLOW_CTX_DAG_OWNER='***' AIRFLOW_CTX_DAG_ID='stock-market-summary' AIRFLOW_CTX_TASK_ID='exchange_rate' AIRFLOW_CTX_EXECUTION_DATE='2024-11-04T05:00:37.820405+00:00' AIRFLOW_CTX_TRY_NUMBER='1' AIRFLOW_CTX_DAG_RUN_ID='manual__2024-11-04T05:00:37.820405+00:00'
[2024-11-04T05:00:47.222+0000] {taskinstance.py:731} INFO - ::endgroup::
[2024-11-04T05:00:48.198+0000] {warnings.py:112} WARNING - /opt/***/dags/stock_market_summary.py:148: GuessedAtParserWarning: No parser was explicitly specified, so I'm using the best available HTML parser for this system ("lxml"). This usually isn't a problem, but if you run this code on another system, or in a different virtual environment, it may use a different parser and behave differently.

The code that caused this warning is on line 148 of the file /opt/***/dags/stock_market_summary.py. To get rid of this warning, pass the additional argument 'features="lxml"' to the BeautifulSoup constructor.

  soup = BeautifulSoup(req_obj.content)

[2024-11-04T05:00:48.960+0000] {logging_mixin.py:190} INFO - ##################################################
[2024-11-04T05:00:48.960+0000] {logging_mixin.py:190} INFO - {'url': 'https://www.google.com/finance/quote/USD-KRW', 'From': 'USD', 'To': 'KRW', 'Exchange Rate': 1368.8349, 'Time': '2024-11-04 14:00:48'}
[2024-11-04T05:00:48.961+0000] {logging_mixin.py:190} INFO - ##################################################
[2024-11-04T05:00:48.961+0000] {python.py:240} INFO - Done. Returned value was: {'currency_info': {'url': 'https://www.google.com/finance/quote/USD-KRW', 'From': 'USD', 'To': 'KRW', 'Exchange Rate': 1368.8349, 'Time': '2024-11-04 14:00:48'}, 'stock_list': [{'code': 'TSLA', 'name_en': 'Tesla', 'name_kr': '테슬라', 'stock_index': 'NASDAQ', 'stock_price': 248.98, 'stock_info': {'url': 'https://www.google.com/finance/quote/TSLA:NASDAQ', 'stock_name': 'TSLA', 'stock_price': 248.98, 'currency': '$'}, 'to_won': 340812.513402}, {'code': 'AAPL', 'name_en': 'Apple', 'name_kr': '애플', 'stock_index': 'NASDAQ', 'stock_price': 222.91, 'stock_info': {'url': 'https://www.google.com/finance/quote/AAPL:NASDAQ', 'stock_name': 'AAPL', 'stock_price': 222.91, 'currency': '$'}, 'to_won': 305126.98755900003}, {'code': 'NVDA', 'name_en': 'NVidia', 'name_kr': '엔비디아', 'stock_index': 'NASDAQ', 'stock_price': 135.37, 'stock_info': {'url': 'https://www.google.com/finance/quote/NVDA:NASDAQ', 'stock_name': 'NVDA', 'stock_price': 135.37, 'currency': '$'}, 'to_won': 185299.18041300002}, {'code': 'MSFT', 'name_en': 'Microsoft', 'name_kr': '마이크로소프트', 'stock_index': 'NASDAQ', 'stock_price': 410.37, 'stock_info': {'url': 'https://www.google.com/finance/quote/MSFT:NASDAQ', 'stock_name': 'MSFT', 'stock_price': 410.37, 'currency': '$'}, 'to_won': 561728.7779130001}]}
[2024-11-04T05:00:48.991+0000] {taskinstance.py:340} INFO - ::group::Post task execution logs
[2024-11-04T05:00:48.991+0000] {taskinstance.py:352} INFO - Marking task as SUCCESS. dag_id=stock-market-summary, task_id=exchange_rate, run_id=manual__2024-11-04T05:00:37.820405+00:00, execution_date=20241104T050037, start_date=20241104T050047, end_date=20241104T050048
[2024-11-04T05:00:49.008+0000] {local_task_job_runner.py:266} INFO - Task exited with return code 0
[2024-11-04T05:00:49.027+0000] {taskinstance.py:3900} INFO - 0 downstream tasks scheduled from follow-on schedule check
[2024-11-04T05:00:49.031+0000] {local_task_job_runner.py:245} INFO - ::endgroup::
