[2024-11-05T02:49:24.835+0000] {local_task_job_runner.py:123} INFO - ::group::Pre task execution logs
[2024-11-05T02:49:24.853+0000] {taskinstance.py:2612} INFO - Dependencies all met for dep_context=non-requeueable deps ti=<TaskInstance: stock-market-summary.stock_price manual__2024-11-05T02:49:20.804803+00:00 [queued]>
[2024-11-05T02:49:24.862+0000] {taskinstance.py:2612} INFO - Dependencies all met for dep_context=requeueable deps ti=<TaskInstance: stock-market-summary.stock_price manual__2024-11-05T02:49:20.804803+00:00 [queued]>
[2024-11-05T02:49:24.862+0000] {taskinstance.py:2865} INFO - Starting attempt 1 of 1
[2024-11-05T02:49:24.874+0000] {taskinstance.py:2888} INFO - Executing <Task(PythonOperator): stock_price> on 2024-11-05 02:49:20.804803+00:00
[2024-11-05T02:49:24.883+0000] {warnings.py:112} WARNING - /home/***/.local/lib/python3.12/site-packages/***/task/task_runner/standard_task_runner.py:70: DeprecationWarning: This process (pid=3116) is multi-threaded, use of fork() may lead to deadlocks in the child.
  pid = os.fork()

[2024-11-05T02:49:24.885+0000] {standard_task_runner.py:72} INFO - Started process 3117 to run task
[2024-11-05T02:49:24.886+0000] {standard_task_runner.py:104} INFO - Running: ['***', 'tasks', 'run', 'stock-market-summary', 'stock_price', 'manual__2024-11-05T02:49:20.804803+00:00', '--job-id', '442', '--raw', '--subdir', 'DAGS_FOLDER/stock_market_summary.py', '--cfg-path', '/tmp/tmpvmbwnf0r']
[2024-11-05T02:49:24.889+0000] {standard_task_runner.py:105} INFO - Job 442: Subtask stock_price
[2024-11-05T02:49:24.941+0000] {task_command.py:467} INFO - Running <TaskInstance: stock-market-summary.stock_price manual__2024-11-05T02:49:20.804803+00:00 [running]> on host da4af732af90
[2024-11-05T02:49:25.033+0000] {taskinstance.py:3131} INFO - Exporting env vars: AIRFLOW_CTX_DAG_OWNER='***' AIRFLOW_CTX_DAG_ID='stock-market-summary' AIRFLOW_CTX_TASK_ID='stock_price' AIRFLOW_CTX_EXECUTION_DATE='2024-11-05T02:49:20.804803+00:00' AIRFLOW_CTX_TRY_NUMBER='1' AIRFLOW_CTX_DAG_RUN_ID='manual__2024-11-05T02:49:20.804803+00:00'
[2024-11-05T02:49:25.034+0000] {taskinstance.py:731} INFO - ::endgroup::
[2024-11-05T02:49:32.784+0000] {logging_mixin.py:190} INFO - ##################################################
[2024-11-05T02:49:32.785+0000] {logging_mixin.py:190} INFO - [{'code': 'TSLA', 'name_en': 'Tesla', 'name_kr': '테슬라', 'stock_index': 'NASDAQ', 'stock_price': 242.84, 'stock_info': {'url': 'https://www.google.com/finance/quote/TSLA:NASDAQ', 'stock_name': 'TSLA', 'stock_price': 242.84, 'currency': '$'}}, {'code': 'AAPL', 'name_en': 'Apple', 'name_kr': '애플', 'stock_index': 'NASDAQ', 'stock_price': 222.01, 'stock_info': {'url': 'https://www.google.com/finance/quote/AAPL:NASDAQ', 'stock_name': 'AAPL', 'stock_price': 222.01, 'currency': '$'}}, {'code': 'NVDA', 'name_en': 'NVidia', 'name_kr': '엔비디아', 'stock_index': 'NASDAQ', 'stock_price': 136.05, 'stock_info': {'url': 'https://www.google.com/finance/quote/NVDA:NASDAQ', 'stock_name': 'NVDA', 'stock_price': 136.05, 'currency': '$'}}, {'code': 'MSFT', 'name_en': 'Microsoft', 'name_kr': '마이크로소프트', 'stock_index': 'NASDAQ', 'stock_price': 408.46, 'stock_info': {'url': 'https://www.google.com/finance/quote/MSFT:NASDAQ', 'stock_name': 'MSFT', 'stock_price': 408.46, 'currency': '$'}}]
[2024-11-05T02:49:32.785+0000] {logging_mixin.py:190} INFO - ##################################################
[2024-11-05T02:49:32.785+0000] {python.py:240} INFO - Done. Returned value was: [{'code': 'TSLA', 'name_en': 'Tesla', 'name_kr': '테슬라', 'stock_index': 'NASDAQ', 'stock_price': 242.84, 'stock_info': {'url': 'https://www.google.com/finance/quote/TSLA:NASDAQ', 'stock_name': 'TSLA', 'stock_price': 242.84, 'currency': '$'}}, {'code': 'AAPL', 'name_en': 'Apple', 'name_kr': '애플', 'stock_index': 'NASDAQ', 'stock_price': 222.01, 'stock_info': {'url': 'https://www.google.com/finance/quote/AAPL:NASDAQ', 'stock_name': 'AAPL', 'stock_price': 222.01, 'currency': '$'}}, {'code': 'NVDA', 'name_en': 'NVidia', 'name_kr': '엔비디아', 'stock_index': 'NASDAQ', 'stock_price': 136.05, 'stock_info': {'url': 'https://www.google.com/finance/quote/NVDA:NASDAQ', 'stock_name': 'NVDA', 'stock_price': 136.05, 'currency': '$'}}, {'code': 'MSFT', 'name_en': 'Microsoft', 'name_kr': '마이크로소프트', 'stock_index': 'NASDAQ', 'stock_price': 408.46, 'stock_info': {'url': 'https://www.google.com/finance/quote/MSFT:NASDAQ', 'stock_name': 'MSFT', 'stock_price': 408.46, 'currency': '$'}}]
[2024-11-05T02:49:32.815+0000] {taskinstance.py:340} INFO - ::group::Post task execution logs
[2024-11-05T02:49:32.816+0000] {taskinstance.py:352} INFO - Marking task as SUCCESS. dag_id=stock-market-summary, task_id=stock_price, run_id=manual__2024-11-05T02:49:20.804803+00:00, execution_date=20241105T024920, start_date=20241105T024924, end_date=20241105T024932
[2024-11-05T02:49:32.835+0000] {local_task_job_runner.py:266} INFO - Task exited with return code 0
[2024-11-05T02:49:32.857+0000] {taskinstance.py:3900} INFO - 3 downstream tasks scheduled from follow-on schedule check
[2024-11-05T02:49:32.859+0000] {local_task_job_runner.py:245} INFO - ::endgroup::
