[2024-11-04T06:18:22.344+0000] {processor.py:186} INFO - Started process (PID=43) to work on /opt/airflow/dags/stock-market-summary/stock_market_summary.py
[2024-11-04T06:18:22.344+0000] {processor.py:914} INFO - Processing file /opt/airflow/dags/stock-market-summary/stock_market_summary.py for tasks to queue
[2024-11-04T06:18:22.346+0000] {logging_mixin.py:190} INFO - [2024-11-04T06:18:22.346+0000] {dagbag.py:588} INFO - Filling up the DagBag from /opt/airflow/dags/stock-market-summary/stock_market_summary.py
[2024-11-04T06:18:22.349+0000] {logging_mixin.py:190} INFO - [2024-11-04T06:18:22.348+0000] {dagbag.py:387} ERROR - Failed to import: /opt/airflow/dags/stock-market-summary/stock_market_summary.py
Traceback (most recent call last):
  File "/home/airflow/.local/lib/python3.12/site-packages/airflow/models/dagbag.py", line 383, in parse
    loader.exec_module(new_module)
  File "<frozen importlib._bootstrap_external>", line 995, in exec_module
  File "<frozen importlib._bootstrap>", line 488, in _call_with_frames_removed
  File "/opt/airflow/dags/stock-market-summary/stock_market_summary.py", line 7, in <module>
    from common.tasks import get_stock_list
ModuleNotFoundError: No module named 'common'
[2024-11-04T06:18:22.349+0000] {processor.py:927} WARNING - No viable dags retrieved from /opt/airflow/dags/stock-market-summary/stock_market_summary.py
[2024-11-04T06:18:22.365+0000] {processor.py:208} INFO - Processing /opt/airflow/dags/stock-market-summary/stock_market_summary.py took 0.025 seconds
[2024-11-04T06:18:52.798+0000] {processor.py:186} INFO - Started process (PID=52) to work on /opt/airflow/dags/stock-market-summary/stock_market_summary.py
[2024-11-04T06:18:52.799+0000] {processor.py:914} INFO - Processing file /opt/airflow/dags/stock-market-summary/stock_market_summary.py for tasks to queue
[2024-11-04T06:18:52.808+0000] {logging_mixin.py:190} INFO - [2024-11-04T06:18:52.807+0000] {dagbag.py:588} INFO - Filling up the DagBag from /opt/airflow/dags/stock-market-summary/stock_market_summary.py
[2024-11-04T06:18:52.817+0000] {logging_mixin.py:190} INFO - [2024-11-04T06:18:52.815+0000] {dagbag.py:387} ERROR - Failed to import: /opt/airflow/dags/stock-market-summary/stock_market_summary.py
Traceback (most recent call last):
  File "/home/airflow/.local/lib/python3.12/site-packages/airflow/models/dagbag.py", line 383, in parse
    loader.exec_module(new_module)
  File "<frozen importlib._bootstrap_external>", line 995, in exec_module
  File "<frozen importlib._bootstrap>", line 488, in _call_with_frames_removed
  File "/opt/airflow/dags/stock-market-summary/stock_market_summary.py", line 7, in <module>
    from common.tasks import get_stock_list
ModuleNotFoundError: No module named 'common'
[2024-11-04T06:18:52.818+0000] {processor.py:927} WARNING - No viable dags retrieved from /opt/airflow/dags/stock-market-summary/stock_market_summary.py
[2024-11-04T06:18:52.838+0000] {processor.py:208} INFO - Processing /opt/airflow/dags/stock-market-summary/stock_market_summary.py took 0.053 seconds
[2024-11-04T06:19:23.012+0000] {processor.py:186} INFO - Started process (PID=61) to work on /opt/airflow/dags/stock-market-summary/stock_market_summary.py
[2024-11-04T06:19:23.013+0000] {processor.py:914} INFO - Processing file /opt/airflow/dags/stock-market-summary/stock_market_summary.py for tasks to queue
[2024-11-04T06:19:23.014+0000] {logging_mixin.py:190} INFO - [2024-11-04T06:19:23.014+0000] {dagbag.py:588} INFO - Filling up the DagBag from /opt/airflow/dags/stock-market-summary/stock_market_summary.py
[2024-11-04T06:19:23.017+0000] {logging_mixin.py:190} INFO - [2024-11-04T06:19:23.016+0000] {dagbag.py:387} ERROR - Failed to import: /opt/airflow/dags/stock-market-summary/stock_market_summary.py
Traceback (most recent call last):
  File "/home/airflow/.local/lib/python3.12/site-packages/airflow/models/dagbag.py", line 383, in parse
    loader.exec_module(new_module)
  File "<frozen importlib._bootstrap_external>", line 995, in exec_module
  File "<frozen importlib._bootstrap>", line 488, in _call_with_frames_removed
  File "/opt/airflow/dags/stock-market-summary/stock_market_summary.py", line 7, in <module>
    from common.tasks import get_stock_list
ModuleNotFoundError: No module named 'common'
[2024-11-04T06:19:23.017+0000] {processor.py:927} WARNING - No viable dags retrieved from /opt/airflow/dags/stock-market-summary/stock_market_summary.py
[2024-11-04T06:19:23.034+0000] {processor.py:208} INFO - Processing /opt/airflow/dags/stock-market-summary/stock_market_summary.py took 0.027 seconds
[2024-11-04T06:19:53.266+0000] {processor.py:186} INFO - Started process (PID=70) to work on /opt/airflow/dags/stock-market-summary/stock_market_summary.py
[2024-11-04T06:19:53.267+0000] {processor.py:914} INFO - Processing file /opt/airflow/dags/stock-market-summary/stock_market_summary.py for tasks to queue
[2024-11-04T06:19:53.270+0000] {logging_mixin.py:190} INFO - [2024-11-04T06:19:53.269+0000] {dagbag.py:588} INFO - Filling up the DagBag from /opt/airflow/dags/stock-market-summary/stock_market_summary.py
[2024-11-04T06:19:53.272+0000] {logging_mixin.py:190} INFO - [2024-11-04T06:19:53.272+0000] {dagbag.py:387} ERROR - Failed to import: /opt/airflow/dags/stock-market-summary/stock_market_summary.py
Traceback (most recent call last):
  File "/home/airflow/.local/lib/python3.12/site-packages/airflow/models/dagbag.py", line 383, in parse
    loader.exec_module(new_module)
  File "<frozen importlib._bootstrap_external>", line 995, in exec_module
  File "<frozen importlib._bootstrap>", line 488, in _call_with_frames_removed
  File "/opt/airflow/dags/stock-market-summary/stock_market_summary.py", line 7, in <module>
    from common.tasks import get_stock_list
ModuleNotFoundError: No module named 'common'
[2024-11-04T06:19:53.273+0000] {processor.py:927} WARNING - No viable dags retrieved from /opt/airflow/dags/stock-market-summary/stock_market_summary.py
[2024-11-04T06:19:53.287+0000] {processor.py:208} INFO - Processing /opt/airflow/dags/stock-market-summary/stock_market_summary.py took 0.026 seconds
[2024-11-04T06:20:23.508+0000] {processor.py:186} INFO - Started process (PID=79) to work on /opt/airflow/dags/stock-market-summary/stock_market_summary.py
[2024-11-04T06:20:23.514+0000] {processor.py:914} INFO - Processing file /opt/airflow/dags/stock-market-summary/stock_market_summary.py for tasks to queue
[2024-11-04T06:20:23.515+0000] {logging_mixin.py:190} INFO - [2024-11-04T06:20:23.515+0000] {dagbag.py:588} INFO - Filling up the DagBag from /opt/airflow/dags/stock-market-summary/stock_market_summary.py
[2024-11-04T06:20:23.518+0000] {logging_mixin.py:190} INFO - [2024-11-04T06:20:23.517+0000] {dagbag.py:387} ERROR - Failed to import: /opt/airflow/dags/stock-market-summary/stock_market_summary.py
Traceback (most recent call last):
  File "/home/airflow/.local/lib/python3.12/site-packages/airflow/models/dagbag.py", line 383, in parse
    loader.exec_module(new_module)
  File "<frozen importlib._bootstrap_external>", line 995, in exec_module
  File "<frozen importlib._bootstrap>", line 488, in _call_with_frames_removed
  File "/opt/airflow/dags/stock-market-summary/stock_market_summary.py", line 7, in <module>
    from common.tasks import get_stock_list
ModuleNotFoundError: No module named 'common'
[2024-11-04T06:20:23.518+0000] {processor.py:927} WARNING - No viable dags retrieved from /opt/airflow/dags/stock-market-summary/stock_market_summary.py
[2024-11-04T06:20:23.532+0000] {processor.py:208} INFO - Processing /opt/airflow/dags/stock-market-summary/stock_market_summary.py took 0.029 seconds
[2024-11-04T06:20:53.738+0000] {processor.py:186} INFO - Started process (PID=88) to work on /opt/airflow/dags/stock-market-summary/stock_market_summary.py
[2024-11-04T06:20:53.739+0000] {processor.py:914} INFO - Processing file /opt/airflow/dags/stock-market-summary/stock_market_summary.py for tasks to queue
[2024-11-04T06:20:53.740+0000] {logging_mixin.py:190} INFO - [2024-11-04T06:20:53.740+0000] {dagbag.py:588} INFO - Filling up the DagBag from /opt/airflow/dags/stock-market-summary/stock_market_summary.py
[2024-11-04T06:20:53.762+0000] {logging_mixin.py:190} INFO - [2024-11-04T06:20:53.761+0000] {dagbag.py:387} ERROR - Failed to import: /opt/airflow/dags/stock-market-summary/stock_market_summary.py
Traceback (most recent call last):
  File "/home/airflow/.local/lib/python3.12/site-packages/airflow/models/dagbag.py", line 383, in parse
    loader.exec_module(new_module)
  File "<frozen importlib._bootstrap_external>", line 995, in exec_module
  File "<frozen importlib._bootstrap>", line 488, in _call_with_frames_removed
  File "/opt/airflow/dags/stock-market-summary/stock_market_summary.py", line 7, in <module>
    from common.tasks import get_stock_list
ModuleNotFoundError: No module named 'common'
[2024-11-04T06:20:53.762+0000] {processor.py:927} WARNING - No viable dags retrieved from /opt/airflow/dags/stock-market-summary/stock_market_summary.py
[2024-11-04T06:20:53.776+0000] {processor.py:208} INFO - Processing /opt/airflow/dags/stock-market-summary/stock_market_summary.py took 0.042 seconds
[2024-11-04T06:21:24.124+0000] {processor.py:186} INFO - Started process (PID=97) to work on /opt/airflow/dags/stock-market-summary/stock_market_summary.py
[2024-11-04T06:21:24.128+0000] {processor.py:914} INFO - Processing file /opt/airflow/dags/stock-market-summary/stock_market_summary.py for tasks to queue
[2024-11-04T06:21:24.130+0000] {logging_mixin.py:190} INFO - [2024-11-04T06:21:24.129+0000] {dagbag.py:588} INFO - Filling up the DagBag from /opt/airflow/dags/stock-market-summary/stock_market_summary.py
[2024-11-04T06:21:24.133+0000] {logging_mixin.py:190} INFO - [2024-11-04T06:21:24.132+0000] {dagbag.py:387} ERROR - Failed to import: /opt/airflow/dags/stock-market-summary/stock_market_summary.py
Traceback (most recent call last):
  File "/home/airflow/.local/lib/python3.12/site-packages/airflow/models/dagbag.py", line 383, in parse
    loader.exec_module(new_module)
  File "<frozen importlib._bootstrap_external>", line 995, in exec_module
  File "<frozen importlib._bootstrap>", line 488, in _call_with_frames_removed
  File "/opt/airflow/dags/stock-market-summary/stock_market_summary.py", line 7, in <module>
    from common.tasks import get_stock_list
ModuleNotFoundError: No module named 'common'
[2024-11-04T06:21:24.134+0000] {processor.py:927} WARNING - No viable dags retrieved from /opt/airflow/dags/stock-market-summary/stock_market_summary.py
[2024-11-04T06:21:24.150+0000] {processor.py:208} INFO - Processing /opt/airflow/dags/stock-market-summary/stock_market_summary.py took 0.031 seconds
[2024-11-04T06:21:54.510+0000] {processor.py:186} INFO - Started process (PID=106) to work on /opt/airflow/dags/stock-market-summary/stock_market_summary.py
[2024-11-04T06:21:54.511+0000] {processor.py:914} INFO - Processing file /opt/airflow/dags/stock-market-summary/stock_market_summary.py for tasks to queue
[2024-11-04T06:21:54.513+0000] {logging_mixin.py:190} INFO - [2024-11-04T06:21:54.512+0000] {dagbag.py:588} INFO - Filling up the DagBag from /opt/airflow/dags/stock-market-summary/stock_market_summary.py
[2024-11-04T06:21:54.515+0000] {logging_mixin.py:190} INFO - [2024-11-04T06:21:54.514+0000] {dagbag.py:387} ERROR - Failed to import: /opt/airflow/dags/stock-market-summary/stock_market_summary.py
Traceback (most recent call last):
  File "/home/airflow/.local/lib/python3.12/site-packages/airflow/models/dagbag.py", line 383, in parse
    loader.exec_module(new_module)
  File "<frozen importlib._bootstrap_external>", line 995, in exec_module
  File "<frozen importlib._bootstrap>", line 488, in _call_with_frames_removed
  File "/opt/airflow/dags/stock-market-summary/stock_market_summary.py", line 7, in <module>
    from common.tasks import get_stock_list
ModuleNotFoundError: No module named 'common'
[2024-11-04T06:21:54.515+0000] {processor.py:927} WARNING - No viable dags retrieved from /opt/airflow/dags/stock-market-summary/stock_market_summary.py
[2024-11-04T06:21:54.532+0000] {processor.py:208} INFO - Processing /opt/airflow/dags/stock-market-summary/stock_market_summary.py took 0.026 seconds
[2024-11-04T06:22:24.765+0000] {processor.py:186} INFO - Started process (PID=115) to work on /opt/airflow/dags/stock-market-summary/stock_market_summary.py
[2024-11-04T06:22:24.767+0000] {processor.py:914} INFO - Processing file /opt/airflow/dags/stock-market-summary/stock_market_summary.py for tasks to queue
[2024-11-04T06:22:24.769+0000] {logging_mixin.py:190} INFO - [2024-11-04T06:22:24.769+0000] {dagbag.py:588} INFO - Filling up the DagBag from /opt/airflow/dags/stock-market-summary/stock_market_summary.py
[2024-11-04T06:22:24.773+0000] {logging_mixin.py:190} INFO - [2024-11-04T06:22:24.772+0000] {dagbag.py:387} ERROR - Failed to import: /opt/airflow/dags/stock-market-summary/stock_market_summary.py
Traceback (most recent call last):
  File "/home/airflow/.local/lib/python3.12/site-packages/airflow/models/dagbag.py", line 383, in parse
    loader.exec_module(new_module)
  File "<frozen importlib._bootstrap_external>", line 995, in exec_module
  File "<frozen importlib._bootstrap>", line 488, in _call_with_frames_removed
  File "/opt/airflow/dags/stock-market-summary/stock_market_summary.py", line 7, in <module>
    from common.tasks import get_stock_list
ModuleNotFoundError: No module named 'common'
[2024-11-04T06:22:24.773+0000] {processor.py:927} WARNING - No viable dags retrieved from /opt/airflow/dags/stock-market-summary/stock_market_summary.py
[2024-11-04T06:22:24.817+0000] {processor.py:208} INFO - Processing /opt/airflow/dags/stock-market-summary/stock_market_summary.py took 0.056 seconds
[2024-11-04T06:22:55.118+0000] {processor.py:186} INFO - Started process (PID=124) to work on /opt/airflow/dags/stock-market-summary/stock_market_summary.py
[2024-11-04T06:22:55.121+0000] {processor.py:914} INFO - Processing file /opt/airflow/dags/stock-market-summary/stock_market_summary.py for tasks to queue
[2024-11-04T06:22:55.123+0000] {logging_mixin.py:190} INFO - [2024-11-04T06:22:55.122+0000] {dagbag.py:588} INFO - Filling up the DagBag from /opt/airflow/dags/stock-market-summary/stock_market_summary.py
[2024-11-04T06:22:55.125+0000] {logging_mixin.py:190} INFO - [2024-11-04T06:22:55.124+0000] {dagbag.py:387} ERROR - Failed to import: /opt/airflow/dags/stock-market-summary/stock_market_summary.py
Traceback (most recent call last):
  File "/home/airflow/.local/lib/python3.12/site-packages/airflow/models/dagbag.py", line 383, in parse
    loader.exec_module(new_module)
  File "<frozen importlib._bootstrap_external>", line 995, in exec_module
  File "<frozen importlib._bootstrap>", line 488, in _call_with_frames_removed
  File "/opt/airflow/dags/stock-market-summary/stock_market_summary.py", line 7, in <module>
    from common.tasks import get_stock_list
ModuleNotFoundError: No module named 'common'
[2024-11-04T06:22:55.125+0000] {processor.py:927} WARNING - No viable dags retrieved from /opt/airflow/dags/stock-market-summary/stock_market_summary.py
[2024-11-04T06:22:55.139+0000] {processor.py:208} INFO - Processing /opt/airflow/dags/stock-market-summary/stock_market_summary.py took 0.025 seconds
[2024-11-04T06:23:25.419+0000] {processor.py:186} INFO - Started process (PID=133) to work on /opt/airflow/dags/stock-market-summary/stock_market_summary.py
[2024-11-04T06:23:25.427+0000] {processor.py:914} INFO - Processing file /opt/airflow/dags/stock-market-summary/stock_market_summary.py for tasks to queue
[2024-11-04T06:23:25.430+0000] {logging_mixin.py:190} INFO - [2024-11-04T06:23:25.429+0000] {dagbag.py:588} INFO - Filling up the DagBag from /opt/airflow/dags/stock-market-summary/stock_market_summary.py
[2024-11-04T06:23:25.432+0000] {logging_mixin.py:190} INFO - [2024-11-04T06:23:25.431+0000] {dagbag.py:387} ERROR - Failed to import: /opt/airflow/dags/stock-market-summary/stock_market_summary.py
Traceback (most recent call last):
  File "/home/airflow/.local/lib/python3.12/site-packages/airflow/models/dagbag.py", line 383, in parse
    loader.exec_module(new_module)
  File "<frozen importlib._bootstrap_external>", line 995, in exec_module
  File "<frozen importlib._bootstrap>", line 488, in _call_with_frames_removed
  File "/opt/airflow/dags/stock-market-summary/stock_market_summary.py", line 7, in <module>
    from common.tasks import get_stock_list
ModuleNotFoundError: No module named 'common'
[2024-11-04T06:23:25.432+0000] {processor.py:927} WARNING - No viable dags retrieved from /opt/airflow/dags/stock-market-summary/stock_market_summary.py
[2024-11-04T06:23:25.448+0000] {processor.py:208} INFO - Processing /opt/airflow/dags/stock-market-summary/stock_market_summary.py took 0.036 seconds
[2024-11-04T06:23:55.674+0000] {processor.py:186} INFO - Started process (PID=142) to work on /opt/airflow/dags/stock-market-summary/stock_market_summary.py
[2024-11-04T06:23:55.678+0000] {processor.py:914} INFO - Processing file /opt/airflow/dags/stock-market-summary/stock_market_summary.py for tasks to queue
[2024-11-04T06:23:55.681+0000] {logging_mixin.py:190} INFO - [2024-11-04T06:23:55.681+0000] {dagbag.py:588} INFO - Filling up the DagBag from /opt/airflow/dags/stock-market-summary/stock_market_summary.py
[2024-11-04T06:23:55.683+0000] {logging_mixin.py:190} INFO - [2024-11-04T06:23:55.683+0000] {dagbag.py:387} ERROR - Failed to import: /opt/airflow/dags/stock-market-summary/stock_market_summary.py
Traceback (most recent call last):
  File "/home/airflow/.local/lib/python3.12/site-packages/airflow/models/dagbag.py", line 383, in parse
    loader.exec_module(new_module)
  File "<frozen importlib._bootstrap_external>", line 995, in exec_module
  File "<frozen importlib._bootstrap>", line 488, in _call_with_frames_removed
  File "/opt/airflow/dags/stock-market-summary/stock_market_summary.py", line 7, in <module>
    from common.tasks import get_stock_list
ModuleNotFoundError: No module named 'common'
[2024-11-04T06:23:55.684+0000] {processor.py:927} WARNING - No viable dags retrieved from /opt/airflow/dags/stock-market-summary/stock_market_summary.py
[2024-11-04T06:23:55.698+0000] {processor.py:208} INFO - Processing /opt/airflow/dags/stock-market-summary/stock_market_summary.py took 0.030 seconds
[2024-11-04T06:24:25.928+0000] {processor.py:186} INFO - Started process (PID=151) to work on /opt/airflow/dags/stock-market-summary/stock_market_summary.py
[2024-11-04T06:24:25.930+0000] {processor.py:914} INFO - Processing file /opt/airflow/dags/stock-market-summary/stock_market_summary.py for tasks to queue
[2024-11-04T06:24:25.933+0000] {logging_mixin.py:190} INFO - [2024-11-04T06:24:25.932+0000] {dagbag.py:588} INFO - Filling up the DagBag from /opt/airflow/dags/stock-market-summary/stock_market_summary.py
[2024-11-04T06:24:25.935+0000] {logging_mixin.py:190} INFO - [2024-11-04T06:24:25.934+0000] {dagbag.py:387} ERROR - Failed to import: /opt/airflow/dags/stock-market-summary/stock_market_summary.py
Traceback (most recent call last):
  File "/home/airflow/.local/lib/python3.12/site-packages/airflow/models/dagbag.py", line 383, in parse
    loader.exec_module(new_module)
  File "<frozen importlib._bootstrap_external>", line 995, in exec_module
  File "<frozen importlib._bootstrap>", line 488, in _call_with_frames_removed
  File "/opt/airflow/dags/stock-market-summary/stock_market_summary.py", line 7, in <module>
    from common.tasks import get_stock_list
ModuleNotFoundError: No module named 'common'
[2024-11-04T06:24:25.935+0000] {processor.py:927} WARNING - No viable dags retrieved from /opt/airflow/dags/stock-market-summary/stock_market_summary.py
[2024-11-04T06:24:25.951+0000] {processor.py:208} INFO - Processing /opt/airflow/dags/stock-market-summary/stock_market_summary.py took 0.026 seconds
[2024-11-04T06:24:56.207+0000] {processor.py:186} INFO - Started process (PID=160) to work on /opt/airflow/dags/stock-market-summary/stock_market_summary.py
[2024-11-04T06:24:56.215+0000] {processor.py:914} INFO - Processing file /opt/airflow/dags/stock-market-summary/stock_market_summary.py for tasks to queue
[2024-11-04T06:24:56.217+0000] {logging_mixin.py:190} INFO - [2024-11-04T06:24:56.217+0000] {dagbag.py:588} INFO - Filling up the DagBag from /opt/airflow/dags/stock-market-summary/stock_market_summary.py
[2024-11-04T06:24:56.219+0000] {logging_mixin.py:190} INFO - [2024-11-04T06:24:56.218+0000] {dagbag.py:387} ERROR - Failed to import: /opt/airflow/dags/stock-market-summary/stock_market_summary.py
Traceback (most recent call last):
  File "/home/airflow/.local/lib/python3.12/site-packages/airflow/models/dagbag.py", line 383, in parse
    loader.exec_module(new_module)
  File "<frozen importlib._bootstrap_external>", line 995, in exec_module
  File "<frozen importlib._bootstrap>", line 488, in _call_with_frames_removed
  File "/opt/airflow/dags/stock-market-summary/stock_market_summary.py", line 7, in <module>
    from common.tasks import get_stock_list
ModuleNotFoundError: No module named 'common'
[2024-11-04T06:24:56.219+0000] {processor.py:927} WARNING - No viable dags retrieved from /opt/airflow/dags/stock-market-summary/stock_market_summary.py
[2024-11-04T06:24:56.234+0000] {processor.py:208} INFO - Processing /opt/airflow/dags/stock-market-summary/stock_market_summary.py took 0.034 seconds
[2024-11-04T06:25:26.463+0000] {processor.py:186} INFO - Started process (PID=169) to work on /opt/airflow/dags/stock-market-summary/stock_market_summary.py
[2024-11-04T06:25:26.472+0000] {processor.py:914} INFO - Processing file /opt/airflow/dags/stock-market-summary/stock_market_summary.py for tasks to queue
[2024-11-04T06:25:26.473+0000] {logging_mixin.py:190} INFO - [2024-11-04T06:25:26.473+0000] {dagbag.py:588} INFO - Filling up the DagBag from /opt/airflow/dags/stock-market-summary/stock_market_summary.py
[2024-11-04T06:25:26.476+0000] {logging_mixin.py:190} INFO - [2024-11-04T06:25:26.475+0000] {dagbag.py:387} ERROR - Failed to import: /opt/airflow/dags/stock-market-summary/stock_market_summary.py
Traceback (most recent call last):
  File "/home/airflow/.local/lib/python3.12/site-packages/airflow/models/dagbag.py", line 383, in parse
    loader.exec_module(new_module)
  File "<frozen importlib._bootstrap_external>", line 995, in exec_module
  File "<frozen importlib._bootstrap>", line 488, in _call_with_frames_removed
  File "/opt/airflow/dags/stock-market-summary/stock_market_summary.py", line 7, in <module>
    from common.tasks import get_stock_list
ModuleNotFoundError: No module named 'common'
[2024-11-04T06:25:26.476+0000] {processor.py:927} WARNING - No viable dags retrieved from /opt/airflow/dags/stock-market-summary/stock_market_summary.py
[2024-11-04T06:25:26.490+0000] {processor.py:208} INFO - Processing /opt/airflow/dags/stock-market-summary/stock_market_summary.py took 0.034 seconds
[2024-11-04T06:26:48.302+0000] {processor.py:186} INFO - Started process (PID=43) to work on /opt/airflow/dags/stock-market-summary/stock_market_summary.py
[2024-11-04T06:26:48.304+0000] {processor.py:914} INFO - Processing file /opt/airflow/dags/stock-market-summary/stock_market_summary.py for tasks to queue
[2024-11-04T06:26:48.306+0000] {logging_mixin.py:190} INFO - [2024-11-04T06:26:48.305+0000] {dagbag.py:588} INFO - Filling up the DagBag from /opt/airflow/dags/stock-market-summary/stock_market_summary.py
[2024-11-04T06:26:48.314+0000] {logging_mixin.py:190} INFO - [2024-11-04T06:26:48.311+0000] {dagbag.py:387} ERROR - Failed to import: /opt/airflow/dags/stock-market-summary/stock_market_summary.py
Traceback (most recent call last):
  File "/home/airflow/.local/lib/python3.12/site-packages/airflow/models/dagbag.py", line 383, in parse
    loader.exec_module(new_module)
  File "<frozen importlib._bootstrap_external>", line 995, in exec_module
  File "<frozen importlib._bootstrap>", line 488, in _call_with_frames_removed
  File "/opt/airflow/dags/stock-market-summary/stock_market_summary.py", line 7, in <module>
    from common.tasks import get_stock_list
ModuleNotFoundError: No module named 'common'
[2024-11-04T06:26:48.315+0000] {processor.py:927} WARNING - No viable dags retrieved from /opt/airflow/dags/stock-market-summary/stock_market_summary.py
[2024-11-04T06:26:48.341+0000] {processor.py:208} INFO - Processing /opt/airflow/dags/stock-market-summary/stock_market_summary.py took 0.045 seconds
[2024-11-04T06:27:18.628+0000] {processor.py:186} INFO - Started process (PID=52) to work on /opt/airflow/dags/stock-market-summary/stock_market_summary.py
[2024-11-04T06:27:18.636+0000] {processor.py:914} INFO - Processing file /opt/airflow/dags/stock-market-summary/stock_market_summary.py for tasks to queue
[2024-11-04T06:27:18.638+0000] {logging_mixin.py:190} INFO - [2024-11-04T06:27:18.638+0000] {dagbag.py:588} INFO - Filling up the DagBag from /opt/airflow/dags/stock-market-summary/stock_market_summary.py
[2024-11-04T06:27:18.642+0000] {logging_mixin.py:190} INFO - [2024-11-04T06:27:18.641+0000] {dagbag.py:387} ERROR - Failed to import: /opt/airflow/dags/stock-market-summary/stock_market_summary.py
Traceback (most recent call last):
  File "/home/airflow/.local/lib/python3.12/site-packages/airflow/models/dagbag.py", line 383, in parse
    loader.exec_module(new_module)
  File "<frozen importlib._bootstrap_external>", line 995, in exec_module
  File "<frozen importlib._bootstrap>", line 488, in _call_with_frames_removed
  File "/opt/airflow/dags/stock-market-summary/stock_market_summary.py", line 7, in <module>
    from common.tasks import get_stock_list
ModuleNotFoundError: No module named 'common'
[2024-11-04T06:27:18.642+0000] {processor.py:927} WARNING - No viable dags retrieved from /opt/airflow/dags/stock-market-summary/stock_market_summary.py
[2024-11-04T06:27:18.658+0000] {processor.py:208} INFO - Processing /opt/airflow/dags/stock-market-summary/stock_market_summary.py took 0.035 seconds
[2024-11-04T06:27:48.873+0000] {processor.py:186} INFO - Started process (PID=61) to work on /opt/airflow/dags/stock-market-summary/stock_market_summary.py
[2024-11-04T06:27:48.874+0000] {processor.py:914} INFO - Processing file /opt/airflow/dags/stock-market-summary/stock_market_summary.py for tasks to queue
[2024-11-04T06:27:48.876+0000] {logging_mixin.py:190} INFO - [2024-11-04T06:27:48.876+0000] {dagbag.py:588} INFO - Filling up the DagBag from /opt/airflow/dags/stock-market-summary/stock_market_summary.py
[2024-11-04T06:27:48.879+0000] {logging_mixin.py:190} INFO - [2024-11-04T06:27:48.879+0000] {dagbag.py:387} ERROR - Failed to import: /opt/airflow/dags/stock-market-summary/stock_market_summary.py
Traceback (most recent call last):
  File "/home/airflow/.local/lib/python3.12/site-packages/airflow/models/dagbag.py", line 383, in parse
    loader.exec_module(new_module)
  File "<frozen importlib._bootstrap_external>", line 995, in exec_module
  File "<frozen importlib._bootstrap>", line 488, in _call_with_frames_removed
  File "/opt/airflow/dags/stock-market-summary/stock_market_summary.py", line 7, in <module>
    from common.tasks import get_stock_list
ModuleNotFoundError: No module named 'common'
[2024-11-04T06:27:48.880+0000] {processor.py:927} WARNING - No viable dags retrieved from /opt/airflow/dags/stock-market-summary/stock_market_summary.py
[2024-11-04T06:27:48.894+0000] {processor.py:208} INFO - Processing /opt/airflow/dags/stock-market-summary/stock_market_summary.py took 0.025 seconds
[2024-11-04T06:28:19.097+0000] {processor.py:186} INFO - Started process (PID=70) to work on /opt/airflow/dags/stock-market-summary/stock_market_summary.py
[2024-11-04T06:28:19.098+0000] {processor.py:914} INFO - Processing file /opt/airflow/dags/stock-market-summary/stock_market_summary.py for tasks to queue
[2024-11-04T06:28:19.101+0000] {logging_mixin.py:190} INFO - [2024-11-04T06:28:19.100+0000] {dagbag.py:588} INFO - Filling up the DagBag from /opt/airflow/dags/stock-market-summary/stock_market_summary.py
[2024-11-04T06:28:19.105+0000] {logging_mixin.py:190} INFO - [2024-11-04T06:28:19.104+0000] {dagbag.py:387} ERROR - Failed to import: /opt/airflow/dags/stock-market-summary/stock_market_summary.py
Traceback (most recent call last):
  File "/home/airflow/.local/lib/python3.12/site-packages/airflow/models/dagbag.py", line 383, in parse
    loader.exec_module(new_module)
  File "<frozen importlib._bootstrap_external>", line 995, in exec_module
  File "<frozen importlib._bootstrap>", line 488, in _call_with_frames_removed
  File "/opt/airflow/dags/stock-market-summary/stock_market_summary.py", line 7, in <module>
    from common.tasks import get_stock_list
ModuleNotFoundError: No module named 'common'
[2024-11-04T06:28:19.105+0000] {processor.py:927} WARNING - No viable dags retrieved from /opt/airflow/dags/stock-market-summary/stock_market_summary.py
[2024-11-04T06:28:19.119+0000] {processor.py:208} INFO - Processing /opt/airflow/dags/stock-market-summary/stock_market_summary.py took 0.026 seconds
[2024-11-04T06:28:49.336+0000] {processor.py:186} INFO - Started process (PID=79) to work on /opt/airflow/dags/stock-market-summary/stock_market_summary.py
[2024-11-04T06:28:49.345+0000] {processor.py:914} INFO - Processing file /opt/airflow/dags/stock-market-summary/stock_market_summary.py for tasks to queue
[2024-11-04T06:28:49.347+0000] {logging_mixin.py:190} INFO - [2024-11-04T06:28:49.346+0000] {dagbag.py:588} INFO - Filling up the DagBag from /opt/airflow/dags/stock-market-summary/stock_market_summary.py
[2024-11-04T06:28:49.349+0000] {logging_mixin.py:190} INFO - [2024-11-04T06:28:49.348+0000] {dagbag.py:387} ERROR - Failed to import: /opt/airflow/dags/stock-market-summary/stock_market_summary.py
Traceback (most recent call last):
  File "/home/airflow/.local/lib/python3.12/site-packages/airflow/models/dagbag.py", line 383, in parse
    loader.exec_module(new_module)
  File "<frozen importlib._bootstrap_external>", line 995, in exec_module
  File "<frozen importlib._bootstrap>", line 488, in _call_with_frames_removed
  File "/opt/airflow/dags/stock-market-summary/stock_market_summary.py", line 7, in <module>
    from common.tasks import get_stock_list
ModuleNotFoundError: No module named 'common'
[2024-11-04T06:28:49.349+0000] {processor.py:927} WARNING - No viable dags retrieved from /opt/airflow/dags/stock-market-summary/stock_market_summary.py
[2024-11-04T06:28:49.363+0000] {processor.py:208} INFO - Processing /opt/airflow/dags/stock-market-summary/stock_market_summary.py took 0.031 seconds
[2024-11-04T06:29:19.519+0000] {processor.py:186} INFO - Started process (PID=88) to work on /opt/airflow/dags/stock-market-summary/stock_market_summary.py
[2024-11-04T06:29:19.528+0000] {processor.py:914} INFO - Processing file /opt/airflow/dags/stock-market-summary/stock_market_summary.py for tasks to queue
[2024-11-04T06:29:19.530+0000] {logging_mixin.py:190} INFO - [2024-11-04T06:29:19.530+0000] {dagbag.py:588} INFO - Filling up the DagBag from /opt/airflow/dags/stock-market-summary/stock_market_summary.py
[2024-11-04T06:29:19.533+0000] {logging_mixin.py:190} INFO - [2024-11-04T06:29:19.532+0000] {dagbag.py:387} ERROR - Failed to import: /opt/airflow/dags/stock-market-summary/stock_market_summary.py
Traceback (most recent call last):
  File "/home/airflow/.local/lib/python3.12/site-packages/airflow/models/dagbag.py", line 383, in parse
    loader.exec_module(new_module)
  File "<frozen importlib._bootstrap_external>", line 995, in exec_module
  File "<frozen importlib._bootstrap>", line 488, in _call_with_frames_removed
  File "/opt/airflow/dags/stock-market-summary/stock_market_summary.py", line 7, in <module>
    from common.tasks import get_stock_list
ModuleNotFoundError: No module named 'common'
[2024-11-04T06:29:19.533+0000] {processor.py:927} WARNING - No viable dags retrieved from /opt/airflow/dags/stock-market-summary/stock_market_summary.py
[2024-11-04T06:29:19.548+0000] {processor.py:208} INFO - Processing /opt/airflow/dags/stock-market-summary/stock_market_summary.py took 0.032 seconds
[2024-11-04T06:29:49.689+0000] {processor.py:186} INFO - Started process (PID=97) to work on /opt/airflow/dags/stock-market-summary/stock_market_summary.py
[2024-11-04T06:29:49.698+0000] {processor.py:914} INFO - Processing file /opt/airflow/dags/stock-market-summary/stock_market_summary.py for tasks to queue
[2024-11-04T06:29:49.701+0000] {logging_mixin.py:190} INFO - [2024-11-04T06:29:49.701+0000] {dagbag.py:588} INFO - Filling up the DagBag from /opt/airflow/dags/stock-market-summary/stock_market_summary.py
[2024-11-04T06:29:49.704+0000] {logging_mixin.py:190} INFO - [2024-11-04T06:29:49.703+0000] {dagbag.py:387} ERROR - Failed to import: /opt/airflow/dags/stock-market-summary/stock_market_summary.py
Traceback (most recent call last):
  File "/home/airflow/.local/lib/python3.12/site-packages/airflow/models/dagbag.py", line 383, in parse
    loader.exec_module(new_module)
  File "<frozen importlib._bootstrap_external>", line 995, in exec_module
  File "<frozen importlib._bootstrap>", line 488, in _call_with_frames_removed
  File "/opt/airflow/dags/stock-market-summary/stock_market_summary.py", line 7, in <module>
    from common.tasks import get_stock_list
ModuleNotFoundError: No module named 'common'
[2024-11-04T06:29:49.704+0000] {processor.py:927} WARNING - No viable dags retrieved from /opt/airflow/dags/stock-market-summary/stock_market_summary.py
[2024-11-04T06:29:49.728+0000] {processor.py:208} INFO - Processing /opt/airflow/dags/stock-market-summary/stock_market_summary.py took 0.043 seconds
