[2024-11-03T22:56:39.442+0000] {local_task_job_runner.py:123} INFO - ::group::Pre task execution logs
[2024-11-03T22:56:39.458+0000] {taskinstance.py:2612} INFO - Dependencies all met for dep_context=non-requeueable deps ti=<TaskInstance: stock-market-summary.stock_price manual__2024-11-03T22:56:37.295983+00:00 [queued]>
[2024-11-03T22:56:39.466+0000] {taskinstance.py:2612} INFO - Dependencies all met for dep_context=requeueable deps ti=<TaskInstance: stock-market-summary.stock_price manual__2024-11-03T22:56:37.295983+00:00 [queued]>
[2024-11-03T22:56:39.466+0000] {taskinstance.py:2865} INFO - Starting attempt 1 of 1
[2024-11-03T22:56:39.484+0000] {taskinstance.py:2888} INFO - Executing <Task(PythonOperator): stock_price> on 2024-11-03 22:56:37.295983+00:00
[2024-11-03T22:56:39.493+0000] {warnings.py:112} WARNING - /home/***/.local/lib/python3.12/site-packages/***/task/task_runner/standard_task_runner.py:70: DeprecationWarning: This process (pid=325) is multi-threaded, use of fork() may lead to deadlocks in the child.
  pid = os.fork()

[2024-11-03T22:56:39.495+0000] {standard_task_runner.py:72} INFO - Started process 326 to run task
[2024-11-03T22:56:39.496+0000] {standard_task_runner.py:104} INFO - Running: ['***', 'tasks', 'run', 'stock-market-summary', 'stock_price', 'manual__2024-11-03T22:56:37.295983+00:00', '--job-id', '112', '--raw', '--subdir', 'DAGS_FOLDER/stock_market_summary.py', '--cfg-path', '/tmp/tmpel6tebk6']
[2024-11-03T22:56:39.498+0000] {standard_task_runner.py:105} INFO - Job 112: Subtask stock_price
[2024-11-03T22:56:39.543+0000] {task_command.py:467} INFO - Running <TaskInstance: stock-market-summary.stock_price manual__2024-11-03T22:56:37.295983+00:00 [running]> on host 2839f63d218a
[2024-11-03T22:56:39.626+0000] {taskinstance.py:3131} INFO - Exporting env vars: AIRFLOW_CTX_DAG_OWNER='***' AIRFLOW_CTX_DAG_ID='stock-market-summary' AIRFLOW_CTX_TASK_ID='stock_price' AIRFLOW_CTX_EXECUTION_DATE='2024-11-03T22:56:37.295983+00:00' AIRFLOW_CTX_TRY_NUMBER='1' AIRFLOW_CTX_DAG_RUN_ID='manual__2024-11-03T22:56:37.295983+00:00'
[2024-11-03T22:56:39.627+0000] {taskinstance.py:731} INFO - ::endgroup::
[2024-11-03T22:56:46.445+0000] {logging_mixin.py:190} INFO - ##################################################
[2024-11-03T22:56:46.446+0000] {logging_mixin.py:190} INFO - [{'code': 'TSLA', 'name_en': 'Tesla', 'name_kr': '테슬라', 'stock_index': 'NASDAQ', 'stock_price': 248.98, 'stock_info': {'url': 'https://www.google.com/finance/quote/TSLA:NASDAQ', 'stock_name': 'TSLA', 'stock_price': 248.98, 'currency': '$'}}, {'code': 'AAPL', 'name_en': 'Apple', 'name_kr': '애플', 'stock_index': 'NASDAQ', 'stock_price': 222.91, 'stock_info': {'url': 'https://www.google.com/finance/quote/AAPL:NASDAQ', 'stock_name': 'AAPL', 'stock_price': 222.91, 'currency': '$'}}, {'code': 'NVDA', 'name_en': 'NVidia', 'name_kr': '엔비디아', 'stock_index': 'NASDAQ', 'stock_price': 135.37, 'stock_info': {'url': 'https://www.google.com/finance/quote/NVDA:NASDAQ', 'stock_name': 'NVDA', 'stock_price': 135.37, 'currency': '$'}}, {'code': 'MSFT', 'name_en': 'Microsoft', 'name_kr': '마이크로소프트', 'stock_index': 'NASDAQ', 'stock_price': 410.37, 'stock_info': {'url': 'https://www.google.com/finance/quote/MSFT:NASDAQ', 'stock_name': 'MSFT', 'stock_price': 410.37, 'currency': '$'}}]
[2024-11-03T22:56:46.446+0000] {logging_mixin.py:190} INFO - ##################################################
[2024-11-03T22:56:46.446+0000] {python.py:240} INFO - Done. Returned value was: [{'code': 'TSLA', 'name_en': 'Tesla', 'name_kr': '테슬라', 'stock_index': 'NASDAQ', 'stock_price': 248.98, 'stock_info': {'url': 'https://www.google.com/finance/quote/TSLA:NASDAQ', 'stock_name': 'TSLA', 'stock_price': 248.98, 'currency': '$'}}, {'code': 'AAPL', 'name_en': 'Apple', 'name_kr': '애플', 'stock_index': 'NASDAQ', 'stock_price': 222.91, 'stock_info': {'url': 'https://www.google.com/finance/quote/AAPL:NASDAQ', 'stock_name': 'AAPL', 'stock_price': 222.91, 'currency': '$'}}, {'code': 'NVDA', 'name_en': 'NVidia', 'name_kr': '엔비디아', 'stock_index': 'NASDAQ', 'stock_price': 135.37, 'stock_info': {'url': 'https://www.google.com/finance/quote/NVDA:NASDAQ', 'stock_name': 'NVDA', 'stock_price': 135.37, 'currency': '$'}}, {'code': 'MSFT', 'name_en': 'Microsoft', 'name_kr': '마이크로소프트', 'stock_index': 'NASDAQ', 'stock_price': 410.37, 'stock_info': {'url': 'https://www.google.com/finance/quote/MSFT:NASDAQ', 'stock_name': 'MSFT', 'stock_price': 410.37, 'currency': '$'}}]
[2024-11-03T22:56:46.475+0000] {taskinstance.py:340} INFO - ::group::Post task execution logs
[2024-11-03T22:56:46.475+0000] {taskinstance.py:352} INFO - Marking task as SUCCESS. dag_id=stock-market-summary, task_id=stock_price, run_id=manual__2024-11-03T22:56:37.295983+00:00, execution_date=20241103T225637, start_date=20241103T225639, end_date=20241103T225646
[2024-11-03T22:56:46.504+0000] {local_task_job_runner.py:266} INFO - Task exited with return code 0
[2024-11-03T22:56:46.526+0000] {taskinstance.py:3900} INFO - 3 downstream tasks scheduled from follow-on schedule check
[2024-11-03T22:56:46.529+0000] {local_task_job_runner.py:245} INFO - ::endgroup::
