[2024-10-31T06:24:36.549+0000] {local_task_job_runner.py:123} INFO - ::group::Pre task execution logs
[2024-10-31T06:24:36.582+0000] {taskinstance.py:2612} INFO - Dependencies all met for dep_context=non-requeueable deps ti=<TaskInstance: conditional_dataset_and_time_based_timetable.conditional_dataset_and_time_based_timetable manual__2024-10-31T06:24:30.808997+00:00 [queued]>
[2024-10-31T06:24:36.593+0000] {taskinstance.py:2612} INFO - Dependencies all met for dep_context=requeueable deps ti=<TaskInstance: conditional_dataset_and_time_based_timetable.conditional_dataset_and_time_based_timetable manual__2024-10-31T06:24:30.808997+00:00 [queued]>
[2024-10-31T06:24:36.593+0000] {taskinstance.py:2865} INFO - Starting attempt 1 of 1
[2024-10-31T06:24:36.636+0000] {taskinstance.py:2888} INFO - Executing <Task(BashOperator): conditional_dataset_and_time_based_timetable> on 2024-10-31 06:24:30.808997+00:00
[2024-10-31T06:24:36.688+0000] {warnings.py:112} WARNING - /home/***/.local/lib/python3.12/site-packages/***/task/task_runner/standard_task_runner.py:70: DeprecationWarning: This process (pid=97) is multi-threaded, use of fork() may lead to deadlocks in the child.
  pid = os.fork()

[2024-10-31T06:24:36.694+0000] {standard_task_runner.py:72} INFO - Started process 101 to run task
[2024-10-31T06:24:36.698+0000] {standard_task_runner.py:104} INFO - Running: ['***', 'tasks', 'run', 'conditional_dataset_and_time_based_timetable', 'conditional_dataset_and_time_based_timetable', 'manual__2024-10-31T06:24:30.808997+00:00', '--job-id', '4', '--raw', '--subdir', '/home/***/.local/lib/python3.12/site-packages/***/example_dags/example_datasets.py', '--cfg-path', '/tmp/tmpc9tjkck5']
[2024-10-31T06:24:36.700+0000] {standard_task_runner.py:105} INFO - Job 4: Subtask conditional_dataset_and_time_based_timetable
[2024-10-31T06:24:36.847+0000] {task_command.py:467} INFO - Running <TaskInstance: conditional_dataset_and_time_based_timetable.conditional_dataset_and_time_based_timetable manual__2024-10-31T06:24:30.808997+00:00 [running]> on host e4a8cb5123a0
[2024-10-31T06:24:36.983+0000] {taskinstance.py:3131} INFO - Exporting env vars: AIRFLOW_CTX_DAG_OWNER='***' AIRFLOW_CTX_DAG_ID='conditional_dataset_and_time_based_timetable' AIRFLOW_CTX_TASK_ID='conditional_dataset_and_time_based_timetable' AIRFLOW_CTX_EXECUTION_DATE='2024-10-31T06:24:30.808997+00:00' AIRFLOW_CTX_TRY_NUMBER='1' AIRFLOW_CTX_DAG_RUN_ID='manual__2024-10-31T06:24:30.808997+00:00'
[2024-10-31T06:24:36.987+0000] {logging_mixin.py:190} INFO - Task instance is in running state
[2024-10-31T06:24:36.988+0000] {logging_mixin.py:190} INFO -  Previous state of the Task instance: queued
[2024-10-31T06:24:36.988+0000] {logging_mixin.py:190} INFO - Current task name:conditional_dataset_and_time_based_timetable state:running start_date:2024-10-31 06:24:36.583506+00:00
[2024-10-31T06:24:36.988+0000] {logging_mixin.py:190} INFO - Dag name:conditional_dataset_and_time_based_timetable and current dag run status:running
[2024-10-31T06:24:36.989+0000] {taskinstance.py:731} INFO - ::endgroup::
[2024-10-31T06:24:37.016+0000] {subprocess.py:63} INFO - Tmp dir root location: /tmp
[2024-10-31T06:24:37.017+0000] {subprocess.py:75} INFO - Running command: ['/usr/bin/bash', '-c', 'sleep 5']
[2024-10-31T06:24:37.056+0000] {subprocess.py:86} INFO - Output:
[2024-10-31T06:24:42.147+0000] {subprocess.py:97} INFO - Command exited with return code 0
[2024-10-31T06:24:42.211+0000] {taskinstance.py:340} INFO - ::group::Post task execution logs
[2024-10-31T06:24:42.212+0000] {taskinstance.py:352} INFO - Marking task as SUCCESS. dag_id=conditional_dataset_and_time_based_timetable, task_id=conditional_dataset_and_time_based_timetable, run_id=manual__2024-10-31T06:24:30.808997+00:00, execution_date=20241031T062430, start_date=20241031T062436, end_date=20241031T062442
[2024-10-31T06:24:42.255+0000] {logging_mixin.py:190} INFO - Task instance in success state
[2024-10-31T06:24:42.255+0000] {logging_mixin.py:190} INFO -  Previous state of the Task instance: running
[2024-10-31T06:24:42.255+0000] {logging_mixin.py:190} INFO - Dag name:conditional_dataset_and_time_based_timetable queued_at:2024-10-31 06:24:30.839286+00:00
[2024-10-31T06:24:42.255+0000] {logging_mixin.py:190} INFO - Task hostname:e4a8cb5123a0 operator:BashOperator
[2024-10-31T06:24:42.274+0000] {local_task_job_runner.py:266} INFO - Task exited with return code 0
[2024-10-31T06:24:42.341+0000] {local_task_job_runner.py:245} INFO - ::endgroup::
