[2024-11-04T02:55:29.677+0000] {local_task_job_runner.py:123} INFO - ::group::Pre task execution logs
[2024-11-04T02:55:29.697+0000] {taskinstance.py:2612} INFO - Dependencies all met for dep_context=non-requeueable deps ti=<TaskInstance: stock-market-summary.exchange_rate manual__2024-11-04T02:55:18.493692+00:00 [queued]>
[2024-11-04T02:55:29.706+0000] {taskinstance.py:2612} INFO - Dependencies all met for dep_context=requeueable deps ti=<TaskInstance: stock-market-summary.exchange_rate manual__2024-11-04T02:55:18.493692+00:00 [queued]>
[2024-11-04T02:55:29.706+0000] {taskinstance.py:2865} INFO - Starting attempt 1 of 1
[2024-11-04T02:55:29.721+0000] {taskinstance.py:2888} INFO - Executing <Task(PythonOperator): exchange_rate> on 2024-11-04 02:55:18.493692+00:00
[2024-11-04T02:55:29.729+0000] {warnings.py:112} WARNING - /home/***/.local/lib/python3.12/site-packages/***/task/task_runner/standard_task_runner.py:70: DeprecationWarning: This process (pid=1360) is multi-threaded, use of fork() may lead to deadlocks in the child.
  pid = os.fork()

[2024-11-04T02:55:29.730+0000] {standard_task_runner.py:72} INFO - Started process 1365 to run task
[2024-11-04T02:55:29.731+0000] {standard_task_runner.py:104} INFO - Running: ['***', 'tasks', 'run', 'stock-market-summary', 'exchange_rate', 'manual__2024-11-04T02:55:18.493692+00:00', '--job-id', '173', '--raw', '--subdir', 'DAGS_FOLDER/stock_market_summary.py', '--cfg-path', '/tmp/tmp6gn3yjkg']
[2024-11-04T02:55:29.733+0000] {standard_task_runner.py:105} INFO - Job 173: Subtask exchange_rate
[2024-11-04T02:55:29.772+0000] {task_command.py:467} INFO - Running <TaskInstance: stock-market-summary.exchange_rate manual__2024-11-04T02:55:18.493692+00:00 [running]> on host 5a41fc77ef88
[2024-11-04T02:55:29.846+0000] {taskinstance.py:3131} INFO - Exporting env vars: AIRFLOW_CTX_DAG_OWNER='***' AIRFLOW_CTX_DAG_ID='stock-market-summary' AIRFLOW_CTX_TASK_ID='exchange_rate' AIRFLOW_CTX_EXECUTION_DATE='2024-11-04T02:55:18.493692+00:00' AIRFLOW_CTX_TRY_NUMBER='1' AIRFLOW_CTX_DAG_RUN_ID='manual__2024-11-04T02:55:18.493692+00:00'
[2024-11-04T02:55:29.849+0000] {taskinstance.py:731} INFO - ::endgroup::
[2024-11-04T02:55:30.595+0000] {warnings.py:112} WARNING - /opt/***/dags/stock_market_summary.py:143: GuessedAtParserWarning: No parser was explicitly specified, so I'm using the best available HTML parser for this system ("lxml"). This usually isn't a problem, but if you run this code on another system, or in a different virtual environment, it may use a different parser and behave differently.

The code that caused this warning is on line 143 of the file /opt/***/dags/stock_market_summary.py. To get rid of this warning, pass the additional argument 'features="lxml"' to the BeautifulSoup constructor.

  soup = BeautifulSoup(req_obj.content)

[2024-11-04T02:55:31.335+0000] {logging_mixin.py:190} INFO - ##################################################
[2024-11-04T02:55:31.336+0000] {logging_mixin.py:190} INFO - {'url': 'https://www.google.com/finance/quote/USD-KRW', 'From': 'USD', 'To': 'KRW', 'Exchange Rate': 1372.2899, 'Time': '2024-11-04 11:55:31'}
[2024-11-04T02:55:31.336+0000] {logging_mixin.py:190} INFO - ##################################################
[2024-11-04T02:55:31.336+0000] {python.py:240} INFO - Done. Returned value was: {'currency_info': {'url': 'https://www.google.com/finance/quote/USD-KRW', 'From': 'USD', 'To': 'KRW', 'Exchange Rate': 1372.2899, 'Time': '2024-11-04 11:55:31'}, 'stock_list': [{'code': 'TSLA', 'name_en': 'Tesla', 'name_kr': '테슬라', 'stock_index': 'NASDAQ', 'stock_price': 248.98, 'stock_info': {'url': 'https://www.google.com/finance/quote/TSLA:NASDAQ', 'stock_name': 'TSLA', 'stock_price': 248.98, 'currency': '$'}, 'to_won': 341672.739302}, {'code': 'AAPL', 'name_en': 'Apple', 'name_kr': '애플', 'stock_index': 'NASDAQ', 'stock_price': 222.91, 'stock_info': {'url': 'https://www.google.com/finance/quote/AAPL:NASDAQ', 'stock_name': 'AAPL', 'stock_price': 222.91, 'currency': '$'}, 'to_won': 305897.141609}, {'code': 'NVDA', 'name_en': 'NVidia', 'name_kr': '엔비디아', 'stock_index': 'NASDAQ', 'stock_price': 135.37, 'stock_info': {'url': 'https://www.google.com/finance/quote/NVDA:NASDAQ', 'stock_name': 'NVDA', 'stock_price': 135.37, 'currency': '$'}, 'to_won': 185766.883763}, {'code': 'MSFT', 'name_en': 'Microsoft', 'name_kr': '마이크로소프트', 'stock_index': 'NASDAQ', 'stock_price': 410.37, 'stock_info': {'url': 'https://www.google.com/finance/quote/MSFT:NASDAQ', 'stock_name': 'MSFT', 'stock_price': 410.37, 'currency': '$'}, 'to_won': 563146.606263}]}
[2024-11-04T02:55:31.356+0000] {taskinstance.py:340} INFO - ::group::Post task execution logs
[2024-11-04T02:55:31.356+0000] {taskinstance.py:352} INFO - Marking task as SUCCESS. dag_id=stock-market-summary, task_id=exchange_rate, run_id=manual__2024-11-04T02:55:18.493692+00:00, execution_date=20241104T025518, start_date=20241104T025529, end_date=20241104T025531
[2024-11-04T02:55:31.391+0000] {local_task_job_runner.py:266} INFO - Task exited with return code 0
[2024-11-04T02:55:31.411+0000] {taskinstance.py:3900} INFO - 0 downstream tasks scheduled from follow-on schedule check
[2024-11-04T02:55:31.414+0000] {local_task_job_runner.py:245} INFO - ::endgroup::
