[2024-11-01T07:23:56.349+0000] {local_task_job_runner.py:123} INFO - ::group::Pre task execution logs
[2024-11-01T07:23:56.363+0000] {taskinstance.py:2612} INFO - Dependencies all met for dep_context=non-requeueable deps ti=<TaskInstance: stock-market-summary.stock_price manual__2024-11-01T07:23:53.308660+00:00 [queued]>
[2024-11-01T07:23:56.370+0000] {taskinstance.py:2612} INFO - Dependencies all met for dep_context=requeueable deps ti=<TaskInstance: stock-market-summary.stock_price manual__2024-11-01T07:23:53.308660+00:00 [queued]>
[2024-11-01T07:23:56.370+0000] {taskinstance.py:2865} INFO - Starting attempt 1 of 1
[2024-11-01T07:23:56.382+0000] {taskinstance.py:2888} INFO - Executing <Task(PythonOperator): stock_price> on 2024-11-01 07:23:53.308660+00:00
[2024-11-01T07:23:56.389+0000] {warnings.py:112} WARNING - /home/***/.local/lib/python3.12/site-packages/***/task/task_runner/standard_task_runner.py:70: DeprecationWarning: This process (pid=285) is multi-threaded, use of fork() may lead to deadlocks in the child.
  pid = os.fork()

[2024-11-01T07:23:56.390+0000] {standard_task_runner.py:72} INFO - Started process 286 to run task
[2024-11-01T07:23:56.390+0000] {standard_task_runner.py:104} INFO - Running: ['***', 'tasks', 'run', 'stock-market-summary', 'stock_price', 'manual__2024-11-01T07:23:53.308660+00:00', '--job-id', '74', '--raw', '--subdir', 'DAGS_FOLDER/stock_market_summary.py', '--cfg-path', '/tmp/tmp1dkjg82h']
[2024-11-01T07:23:56.393+0000] {standard_task_runner.py:105} INFO - Job 74: Subtask stock_price
[2024-11-01T07:23:56.427+0000] {task_command.py:467} INFO - Running <TaskInstance: stock-market-summary.stock_price manual__2024-11-01T07:23:53.308660+00:00 [running]> on host 2839f63d218a
[2024-11-01T07:23:56.492+0000] {taskinstance.py:3131} INFO - Exporting env vars: AIRFLOW_CTX_DAG_OWNER='***' AIRFLOW_CTX_DAG_ID='stock-market-summary' AIRFLOW_CTX_TASK_ID='stock_price' AIRFLOW_CTX_EXECUTION_DATE='2024-11-01T07:23:53.308660+00:00' AIRFLOW_CTX_TRY_NUMBER='1' AIRFLOW_CTX_DAG_RUN_ID='manual__2024-11-01T07:23:53.308660+00:00'
[2024-11-01T07:23:56.493+0000] {taskinstance.py:731} INFO - ::endgroup::
[2024-11-01T07:24:02.998+0000] {logging_mixin.py:190} INFO - ##################################################
[2024-11-01T07:24:02.999+0000] {logging_mixin.py:190} INFO - [{'code': 'TSLA', 'name_en': 'Tesla', 'name_kr': '테슬라', 'stock_index': 'NASDAQ', 'stock_price': 249.85, 'stock_info': {'url': 'https://www.google.com/finance/quote/TSLA:NASDAQ', 'stock_name': 'TSLA', 'stock_price': 249.85, 'currency': '$'}}, {'code': 'AAPL', 'name_en': 'Apple', 'name_kr': '애플', 'stock_index': 'NASDAQ', 'stock_price': 225.91, 'stock_info': {'url': 'https://www.google.com/finance/quote/AAPL:NASDAQ', 'stock_name': 'AAPL', 'stock_price': 225.91, 'currency': '$'}}, {'code': 'NVDA', 'name_en': 'NVidia', 'name_kr': '엔비디아', 'stock_index': 'NASDAQ', 'stock_price': 132.76, 'stock_info': {'url': 'https://www.google.com/finance/quote/NVDA:NASDAQ', 'stock_name': 'NVDA', 'stock_price': 132.76, 'currency': '$'}}, {'code': 'MSFT', 'name_en': 'Microsoft', 'name_kr': '마이크로소프트', 'stock_index': 'NASDAQ', 'stock_price': 406.35, 'stock_info': {'url': 'https://www.google.com/finance/quote/MSFT:NASDAQ', 'stock_name': 'MSFT', 'stock_price': 406.35, 'currency': '$'}}]
[2024-11-01T07:24:02.999+0000] {logging_mixin.py:190} INFO - ##################################################
[2024-11-01T07:24:02.999+0000] {python.py:240} INFO - Done. Returned value was: [{'code': 'TSLA', 'name_en': 'Tesla', 'name_kr': '테슬라', 'stock_index': 'NASDAQ', 'stock_price': 249.85, 'stock_info': {'url': 'https://www.google.com/finance/quote/TSLA:NASDAQ', 'stock_name': 'TSLA', 'stock_price': 249.85, 'currency': '$'}}, {'code': 'AAPL', 'name_en': 'Apple', 'name_kr': '애플', 'stock_index': 'NASDAQ', 'stock_price': 225.91, 'stock_info': {'url': 'https://www.google.com/finance/quote/AAPL:NASDAQ', 'stock_name': 'AAPL', 'stock_price': 225.91, 'currency': '$'}}, {'code': 'NVDA', 'name_en': 'NVidia', 'name_kr': '엔비디아', 'stock_index': 'NASDAQ', 'stock_price': 132.76, 'stock_info': {'url': 'https://www.google.com/finance/quote/NVDA:NASDAQ', 'stock_name': 'NVDA', 'stock_price': 132.76, 'currency': '$'}}, {'code': 'MSFT', 'name_en': 'Microsoft', 'name_kr': '마이크로소프트', 'stock_index': 'NASDAQ', 'stock_price': 406.35, 'stock_info': {'url': 'https://www.google.com/finance/quote/MSFT:NASDAQ', 'stock_name': 'MSFT', 'stock_price': 406.35, 'currency': '$'}}]
[2024-11-01T07:24:03.021+0000] {taskinstance.py:340} INFO - ::group::Post task execution logs
[2024-11-01T07:24:03.021+0000] {taskinstance.py:352} INFO - Marking task as SUCCESS. dag_id=stock-market-summary, task_id=stock_price, run_id=manual__2024-11-01T07:23:53.308660+00:00, execution_date=20241101T072353, start_date=20241101T072356, end_date=20241101T072403
[2024-11-01T07:24:03.079+0000] {local_task_job_runner.py:266} INFO - Task exited with return code 0
[2024-11-01T07:24:03.099+0000] {taskinstance.py:3900} INFO - 3 downstream tasks scheduled from follow-on schedule check
[2024-11-01T07:24:03.102+0000] {local_task_job_runner.py:245} INFO - ::endgroup::
