[2024-11-01T11:50:01.415+0900] {processor.py:186} INFO - Started process (PID=414598) to work on /home/hamin081234/anaconda3/envs/airflow_env/lib/python3.11/site-packages/airflow/example_dags/subdags/subdag.py
[2024-11-01T11:50:01.416+0900] {processor.py:914} INFO - Processing file /home/hamin081234/anaconda3/envs/airflow_env/lib/python3.11/site-packages/airflow/example_dags/subdags/subdag.py for tasks to queue
[2024-11-01T11:50:01.417+0900] {logging_mixin.py:190} INFO - [2024-11-01T11:50:01.417+0900] {dagbag.py:588} INFO - Filling up the DagBag from /home/hamin081234/anaconda3/envs/airflow_env/lib/python3.11/site-packages/airflow/example_dags/subdags/subdag.py
[2024-11-01T11:50:01.418+0900] {processor.py:927} WARNING - No viable dags retrieved from /home/hamin081234/anaconda3/envs/airflow_env/lib/python3.11/site-packages/airflow/example_dags/subdags/subdag.py
[2024-11-01T11:50:01.424+0900] {processor.py:208} INFO - Processing /home/hamin081234/anaconda3/envs/airflow_env/lib/python3.11/site-packages/airflow/example_dags/subdags/subdag.py took 0.013 seconds
[2024-11-01T11:51:18.550+0900] {processor.py:186} INFO - Started process (PID=416422) to work on /home/hamin081234/anaconda3/envs/airflow_env/lib/python3.11/site-packages/airflow/example_dags/subdags/subdag.py
[2024-11-01T11:51:18.552+0900] {processor.py:914} INFO - Processing file /home/hamin081234/anaconda3/envs/airflow_env/lib/python3.11/site-packages/airflow/example_dags/subdags/subdag.py for tasks to queue
[2024-11-01T11:51:18.553+0900] {logging_mixin.py:190} INFO - [2024-11-01T11:51:18.553+0900] {dagbag.py:588} INFO - Filling up the DagBag from /home/hamin081234/anaconda3/envs/airflow_env/lib/python3.11/site-packages/airflow/example_dags/subdags/subdag.py
[2024-11-01T11:51:18.555+0900] {processor.py:927} WARNING - No viable dags retrieved from /home/hamin081234/anaconda3/envs/airflow_env/lib/python3.11/site-packages/airflow/example_dags/subdags/subdag.py
[2024-11-01T11:51:18.562+0900] {processor.py:208} INFO - Processing /home/hamin081234/anaconda3/envs/airflow_env/lib/python3.11/site-packages/airflow/example_dags/subdags/subdag.py took 0.015 seconds
[2024-11-01T11:52:45.635+0900] {processor.py:186} INFO - Started process (PID=418408) to work on /home/hamin081234/anaconda3/envs/airflow_env/lib/python3.11/site-packages/airflow/example_dags/subdags/subdag.py
[2024-11-01T11:52:45.636+0900] {processor.py:914} INFO - Processing file /home/hamin081234/anaconda3/envs/airflow_env/lib/python3.11/site-packages/airflow/example_dags/subdags/subdag.py for tasks to queue
[2024-11-01T11:52:45.640+0900] {logging_mixin.py:190} INFO - [2024-11-01T11:52:45.639+0900] {dagbag.py:588} INFO - Filling up the DagBag from /home/hamin081234/anaconda3/envs/airflow_env/lib/python3.11/site-packages/airflow/example_dags/subdags/subdag.py
[2024-11-01T11:52:45.643+0900] {processor.py:927} WARNING - No viable dags retrieved from /home/hamin081234/anaconda3/envs/airflow_env/lib/python3.11/site-packages/airflow/example_dags/subdags/subdag.py
[2024-11-01T11:52:45.653+0900] {processor.py:208} INFO - Processing /home/hamin081234/anaconda3/envs/airflow_env/lib/python3.11/site-packages/airflow/example_dags/subdags/subdag.py took 0.024 seconds
[2024-11-01T11:54:02.392+0900] {processor.py:186} INFO - Started process (PID=420156) to work on /home/hamin081234/anaconda3/envs/airflow_env/lib/python3.11/site-packages/airflow/example_dags/subdags/subdag.py
[2024-11-01T11:54:02.393+0900] {processor.py:914} INFO - Processing file /home/hamin081234/anaconda3/envs/airflow_env/lib/python3.11/site-packages/airflow/example_dags/subdags/subdag.py for tasks to queue
[2024-11-01T11:54:02.395+0900] {logging_mixin.py:190} INFO - [2024-11-01T11:54:02.395+0900] {dagbag.py:588} INFO - Filling up the DagBag from /home/hamin081234/anaconda3/envs/airflow_env/lib/python3.11/site-packages/airflow/example_dags/subdags/subdag.py
[2024-11-01T11:54:02.396+0900] {processor.py:927} WARNING - No viable dags retrieved from /home/hamin081234/anaconda3/envs/airflow_env/lib/python3.11/site-packages/airflow/example_dags/subdags/subdag.py
[2024-11-01T11:54:02.403+0900] {processor.py:208} INFO - Processing /home/hamin081234/anaconda3/envs/airflow_env/lib/python3.11/site-packages/airflow/example_dags/subdags/subdag.py took 0.016 seconds
[2024-11-01T11:55:21.379+0900] {processor.py:186} INFO - Started process (PID=421982) to work on /home/hamin081234/anaconda3/envs/airflow_env/lib/python3.11/site-packages/airflow/example_dags/subdags/subdag.py
[2024-11-01T11:55:21.388+0900] {processor.py:914} INFO - Processing file /home/hamin081234/anaconda3/envs/airflow_env/lib/python3.11/site-packages/airflow/example_dags/subdags/subdag.py for tasks to queue
[2024-11-01T11:55:21.392+0900] {logging_mixin.py:190} INFO - [2024-11-01T11:55:21.391+0900] {dagbag.py:588} INFO - Filling up the DagBag from /home/hamin081234/anaconda3/envs/airflow_env/lib/python3.11/site-packages/airflow/example_dags/subdags/subdag.py
[2024-11-01T11:55:21.394+0900] {processor.py:927} WARNING - No viable dags retrieved from /home/hamin081234/anaconda3/envs/airflow_env/lib/python3.11/site-packages/airflow/example_dags/subdags/subdag.py
[2024-11-01T11:55:21.402+0900] {processor.py:208} INFO - Processing /home/hamin081234/anaconda3/envs/airflow_env/lib/python3.11/site-packages/airflow/example_dags/subdags/subdag.py took 0.029 seconds
[2024-11-01T11:56:37.729+0900] {processor.py:186} INFO - Started process (PID=423745) to work on /home/hamin081234/anaconda3/envs/airflow_env/lib/python3.11/site-packages/airflow/example_dags/subdags/subdag.py
[2024-11-01T11:56:37.738+0900] {processor.py:914} INFO - Processing file /home/hamin081234/anaconda3/envs/airflow_env/lib/python3.11/site-packages/airflow/example_dags/subdags/subdag.py for tasks to queue
[2024-11-01T11:56:37.740+0900] {logging_mixin.py:190} INFO - [2024-11-01T11:56:37.740+0900] {dagbag.py:588} INFO - Filling up the DagBag from /home/hamin081234/anaconda3/envs/airflow_env/lib/python3.11/site-packages/airflow/example_dags/subdags/subdag.py
[2024-11-01T11:56:37.741+0900] {processor.py:927} WARNING - No viable dags retrieved from /home/hamin081234/anaconda3/envs/airflow_env/lib/python3.11/site-packages/airflow/example_dags/subdags/subdag.py
[2024-11-01T11:56:37.747+0900] {processor.py:208} INFO - Processing /home/hamin081234/anaconda3/envs/airflow_env/lib/python3.11/site-packages/airflow/example_dags/subdags/subdag.py took 0.022 seconds
[2024-11-01T11:57:52.159+0900] {processor.py:186} INFO - Started process (PID=425507) to work on /home/hamin081234/anaconda3/envs/airflow_env/lib/python3.11/site-packages/airflow/example_dags/subdags/subdag.py
[2024-11-01T11:57:52.168+0900] {processor.py:914} INFO - Processing file /home/hamin081234/anaconda3/envs/airflow_env/lib/python3.11/site-packages/airflow/example_dags/subdags/subdag.py for tasks to queue
[2024-11-01T11:57:52.170+0900] {logging_mixin.py:190} INFO - [2024-11-01T11:57:52.170+0900] {dagbag.py:588} INFO - Filling up the DagBag from /home/hamin081234/anaconda3/envs/airflow_env/lib/python3.11/site-packages/airflow/example_dags/subdags/subdag.py
[2024-11-01T11:57:52.171+0900] {processor.py:927} WARNING - No viable dags retrieved from /home/hamin081234/anaconda3/envs/airflow_env/lib/python3.11/site-packages/airflow/example_dags/subdags/subdag.py
[2024-11-01T11:57:52.179+0900] {processor.py:208} INFO - Processing /home/hamin081234/anaconda3/envs/airflow_env/lib/python3.11/site-packages/airflow/example_dags/subdags/subdag.py took 0.026 seconds
