[2024-11-05T22:56:00.081+0000] {local_task_job_runner.py:123} INFO - ::group::Pre task execution logs
[2024-11-05T22:56:00.097+0000] {taskinstance.py:2612} INFO - Dependencies all met for dep_context=non-requeueable deps ti=<TaskInstance: stock-market-summary.exchange_rate manual__2024-11-05T22:55:49.616843+00:00 [queued]>
[2024-11-05T22:56:00.104+0000] {taskinstance.py:2612} INFO - Dependencies all met for dep_context=requeueable deps ti=<TaskInstance: stock-market-summary.exchange_rate manual__2024-11-05T22:55:49.616843+00:00 [queued]>
[2024-11-05T22:56:00.104+0000] {taskinstance.py:2865} INFO - Starting attempt 1 of 1
[2024-11-05T22:56:00.117+0000] {taskinstance.py:2888} INFO - Executing <Task(PythonOperator): exchange_rate> on 2024-11-05 22:55:49.616843+00:00
[2024-11-05T22:56:00.123+0000] {warnings.py:112} WARNING - /home/***/.local/lib/python3.12/site-packages/***/task/task_runner/standard_task_runner.py:70: DeprecationWarning: This process (pid=104) is multi-threaded, use of fork() may lead to deadlocks in the child.
  pid = os.fork()

[2024-11-05T22:56:00.124+0000] {standard_task_runner.py:72} INFO - Started process 110 to run task
[2024-11-05T22:56:00.125+0000] {standard_task_runner.py:104} INFO - Running: ['***', 'tasks', 'run', 'stock-market-summary', 'exchange_rate', 'manual__2024-11-05T22:55:49.616843+00:00', '--job-id', '457', '--raw', '--subdir', 'DAGS_FOLDER/stock_market_summary.py', '--cfg-path', '/tmp/tmpah76e1ay']
[2024-11-05T22:56:00.127+0000] {standard_task_runner.py:105} INFO - Job 457: Subtask exchange_rate
[2024-11-05T22:56:00.162+0000] {task_command.py:467} INFO - Running <TaskInstance: stock-market-summary.exchange_rate manual__2024-11-05T22:55:49.616843+00:00 [running]> on host da4af732af90
[2024-11-05T22:56:00.231+0000] {taskinstance.py:3131} INFO - Exporting env vars: AIRFLOW_CTX_DAG_OWNER='***' AIRFLOW_CTX_DAG_ID='stock-market-summary' AIRFLOW_CTX_TASK_ID='exchange_rate' AIRFLOW_CTX_EXECUTION_DATE='2024-11-05T22:55:49.616843+00:00' AIRFLOW_CTX_TRY_NUMBER='1' AIRFLOW_CTX_DAG_RUN_ID='manual__2024-11-05T22:55:49.616843+00:00'
[2024-11-05T22:56:00.233+0000] {taskinstance.py:731} INFO - ::endgroup::
[2024-11-05T22:56:00.891+0000] {warnings.py:112} WARNING - /opt/***/dags/utils/stock_functions.py:131: GuessedAtParserWarning: No parser was explicitly specified, so I'm using the best available HTML parser for this system ("lxml"). This usually isn't a problem, but if you run this code on another system, or in a different virtual environment, it may use a different parser and behave differently.

The code that caused this warning is on line 131 of the file /opt/***/dags/utils/stock_functions.py. To get rid of this warning, pass the additional argument 'features="lxml"' to the BeautifulSoup constructor.

  soup = BeautifulSoup(req_obj.content)

[2024-11-05T22:56:01.689+0000] {logging_mixin.py:190} INFO - ##################################################
[2024-11-05T22:56:01.689+0000] {logging_mixin.py:190} INFO - {'url': 'https://www.google.com/finance/quote/USD-KRW', 'From': 'USD', 'To': 'KRW', 'Exchange Rate': 1379.4692, 'Time': '2024-11-06 07:56:01'}
[2024-11-05T22:56:01.689+0000] {logging_mixin.py:190} INFO - ##################################################
[2024-11-05T22:56:01.690+0000] {python.py:240} INFO - Done. Returned value was: {'currency_info': {'url': 'https://www.google.com/finance/quote/USD-KRW', 'From': 'USD', 'To': 'KRW', 'Exchange Rate': 1379.4692, 'Time': '2024-11-06 07:56:01'}, 'stock_list': [{'code': 'TSLA', 'name_en': 'Tesla', 'name_kr': '테슬라', 'stock_index': 'NASDAQ', 'stock_price': 251.44, 'stock_info': {'url': 'https://www.google.com/finance/quote/TSLA:NASDAQ', 'stock_name': 'TSLA', 'stock_price': 251.44, 'currency': '$'}, 'to_won': 346853.735648}, {'code': 'AAPL', 'name_en': 'Apple', 'name_kr': '애플', 'stock_index': 'NASDAQ', 'stock_price': 223.45, 'stock_info': {'url': 'https://www.google.com/finance/quote/AAPL:NASDAQ', 'stock_name': 'AAPL', 'stock_price': 223.45, 'currency': '$'}, 'to_won': 308242.39274}, {'code': 'NVDA', 'name_en': 'NVidia', 'name_kr': '엔비디아', 'stock_index': 'NASDAQ', 'stock_price': 139.91, 'stock_info': {'url': 'https://www.google.com/finance/quote/NVDA:NASDAQ', 'stock_name': 'NVDA', 'stock_price': 139.91, 'currency': '$'}, 'to_won': 193001.535772}, {'code': 'MSFT', 'name_en': 'Microsoft', 'name_kr': '마이크로소프트', 'stock_index': 'NASDAQ', 'stock_price': 411.46, 'stock_info': {'url': 'https://www.google.com/finance/quote/MSFT:NASDAQ', 'stock_name': 'MSFT', 'stock_price': 411.46, 'currency': '$'}, 'to_won': 567596.397032}]}
[2024-11-05T22:56:01.719+0000] {taskinstance.py:340} INFO - ::group::Post task execution logs
[2024-11-05T22:56:01.720+0000] {taskinstance.py:352} INFO - Marking task as SUCCESS. dag_id=stock-market-summary, task_id=exchange_rate, run_id=manual__2024-11-05T22:55:49.616843+00:00, execution_date=20241105T225549, start_date=20241105T225600, end_date=20241105T225601
[2024-11-05T22:56:01.785+0000] {local_task_job_runner.py:266} INFO - Task exited with return code 0
[2024-11-05T22:56:01.814+0000] {taskinstance.py:3900} INFO - 0 downstream tasks scheduled from follow-on schedule check
[2024-11-05T22:56:01.825+0000] {local_task_job_runner.py:245} INFO - ::endgroup::
