[2024-11-01T11:52:08.873+0900] {local_task_job_runner.py:123} INFO - ::group::Pre task execution logs
[2024-11-01T11:52:08.880+0900] {taskinstance.py:2612} INFO - Dependencies all met for dep_context=non-requeueable deps ti=<TaskInstance: self-tutorial-dag.creating_table scheduled__2024-10-31T00:00:00+00:00 [queued]>
[2024-11-01T11:52:08.883+0900] {taskinstance.py:2612} INFO - Dependencies all met for dep_context=requeueable deps ti=<TaskInstance: self-tutorial-dag.creating_table scheduled__2024-10-31T00:00:00+00:00 [queued]>
[2024-11-01T11:52:08.884+0900] {taskinstance.py:2865} INFO - Starting attempt 1 of 1
[2024-11-01T11:52:08.900+0900] {taskinstance.py:2888} INFO - Executing <Task(SqliteOperator): creating_table> on 2024-10-31 00:00:00+00:00
[2024-11-01T11:52:08.905+0900] {standard_task_runner.py:72} INFO - Started process 417744 to run task
[2024-11-01T11:52:08.908+0900] {standard_task_runner.py:104} INFO - Running: ['airflow', 'tasks', 'run', 'self-tutorial-dag', 'creating_table', 'scheduled__2024-10-31T00:00:00+00:00', '--job-id', '2', '--raw', '--subdir', 'DAGS_FOLDER/self-tutorial-dag.py', '--cfg-path', '/tmp/tmp7cj0xpcd']
[2024-11-01T11:52:08.908+0900] {standard_task_runner.py:105} INFO - Job 2: Subtask creating_table
[2024-11-01T11:52:08.943+0900] {task_command.py:467} INFO - Running <TaskInstance: self-tutorial-dag.creating_table scheduled__2024-10-31T00:00:00+00:00 [running]> on host DESKTOP-7J593FC.
[2024-11-01T11:52:08.997+0900] {taskinstance.py:3131} INFO - Exporting env vars: AIRFLOW_CTX_DAG_OWNER='airflow' AIRFLOW_CTX_DAG_ID='self-tutorial-dag' AIRFLOW_CTX_TASK_ID='creating_table' AIRFLOW_CTX_EXECUTION_DATE='2024-10-31T00:00:00+00:00' AIRFLOW_CTX_TRY_NUMBER='1' AIRFLOW_CTX_DAG_RUN_ID='scheduled__2024-10-31T00:00:00+00:00'
[2024-11-01T11:52:08.998+0900] {logging_mixin.py:190} INFO - Task instance is in running state
[2024-11-01T11:52:08.998+0900] {logging_mixin.py:190} INFO -  Previous state of the Task instance: queued
[2024-11-01T11:52:08.998+0900] {logging_mixin.py:190} INFO - Current task name:creating_table state:running start_date:2024-11-01 02:52:08.880334+00:00
[2024-11-01T11:52:08.999+0900] {logging_mixin.py:190} INFO - Dag name:self-tutorial-dag and current dag run status:running
[2024-11-01T11:52:08.999+0900] {taskinstance.py:731} INFO - ::endgroup::
[2024-11-01T11:52:08.999+0900] {sql.py:266} INFO - Executing: 
            create table if not exists naver_search_result(
                title TEXT,
                address TEXT,
                category TEXT,
                description TEXT,
                link TEXT
            )
        
[2024-11-01T11:52:09.003+0900] {base.py:84} INFO - Retrieving connection 'db_sqlite'
[2024-11-01T11:52:09.006+0900] {base.py:84} INFO - Retrieving connection 'db_sqlite'
[2024-11-01T11:52:09.006+0900] {sql.py:509} INFO - Running statement: 
            create table if not exists naver_search_result(
                title TEXT,
                address TEXT,
                category TEXT,
                description TEXT,
                link TEXT
            )
        , parameters: None
[2024-11-01T11:52:09.024+0900] {taskinstance.py:340} INFO - ::group::Post task execution logs
[2024-11-01T11:52:09.025+0900] {taskinstance.py:352} INFO - Marking task as SUCCESS. dag_id=self-tutorial-dag, task_id=creating_table, run_id=scheduled__2024-10-31T00:00:00+00:00, execution_date=20241031T000000, start_date=20241101T025208, end_date=20241101T025209
[2024-11-01T11:52:09.038+0900] {logging_mixin.py:190} INFO - Task instance in success state
[2024-11-01T11:52:09.038+0900] {logging_mixin.py:190} INFO -  Previous state of the Task instance: running
[2024-11-01T11:52:09.039+0900] {logging_mixin.py:190} INFO - Dag name:self-tutorial-dag queued_at:2024-11-01 02:52:07.095498+00:00
[2024-11-01T11:52:09.039+0900] {logging_mixin.py:190} INFO - Task hostname:DESKTOP-7J593FC. operator:SqliteOperator
[2024-11-01T11:52:09.082+0900] {local_task_job_runner.py:266} INFO - Task exited with return code 0
[2024-11-01T11:52:09.089+0900] {taskinstance.py:3900} INFO - 0 downstream tasks scheduled from follow-on schedule check
[2024-11-01T11:52:09.089+0900] {local_task_job_runner.py:245} INFO - ::endgroup::
