[2024-11-04T02:55:42.397+0000] {local_task_job_runner.py:123} INFO - ::group::Pre task execution logs
[2024-11-04T02:55:42.420+0000] {taskinstance.py:2612} INFO - Dependencies all met for dep_context=non-requeueable deps ti=<TaskInstance: stock-market-summary.send_slack_message manual__2024-11-04T02:55:18.493692+00:00 [queued]>
[2024-11-04T02:55:42.433+0000] {taskinstance.py:2612} INFO - Dependencies all met for dep_context=requeueable deps ti=<TaskInstance: stock-market-summary.send_slack_message manual__2024-11-04T02:55:18.493692+00:00 [queued]>
[2024-11-04T02:55:42.434+0000] {taskinstance.py:2865} INFO - Starting attempt 1 of 1
[2024-11-04T02:55:42.452+0000] {taskinstance.py:2888} INFO - Executing <Task(PythonOperator): send_slack_message> on 2024-11-04 02:55:18.493692+00:00
[2024-11-04T02:55:42.462+0000] {warnings.py:112} WARNING - /home/***/.local/lib/python3.12/site-packages/***/task/task_runner/standard_task_runner.py:70: DeprecationWarning: This process (pid=1376) is multi-threaded, use of fork() may lead to deadlocks in the child.
  pid = os.fork()

[2024-11-04T02:55:42.464+0000] {standard_task_runner.py:72} INFO - Started process 1377 to run task
[2024-11-04T02:55:42.463+0000] {standard_task_runner.py:104} INFO - Running: ['***', 'tasks', 'run', 'stock-market-summary', 'send_slack_message', 'manual__2024-11-04T02:55:18.493692+00:00', '--job-id', '175', '--raw', '--subdir', 'DAGS_FOLDER/stock_market_summary.py', '--cfg-path', '/tmp/tmpi1jj92ys']
[2024-11-04T02:55:42.468+0000] {standard_task_runner.py:105} INFO - Job 175: Subtask send_slack_message
[2024-11-04T02:55:42.531+0000] {task_command.py:467} INFO - Running <TaskInstance: stock-market-summary.send_slack_message manual__2024-11-04T02:55:18.493692+00:00 [running]> on host 5a41fc77ef88
[2024-11-04T02:55:42.609+0000] {taskinstance.py:3131} INFO - Exporting env vars: AIRFLOW_CTX_DAG_OWNER='***' AIRFLOW_CTX_DAG_ID='stock-market-summary' AIRFLOW_CTX_TASK_ID='send_slack_message' AIRFLOW_CTX_EXECUTION_DATE='2024-11-04T02:55:18.493692+00:00' AIRFLOW_CTX_TRY_NUMBER='1' AIRFLOW_CTX_DAG_RUN_ID='manual__2024-11-04T02:55:18.493692+00:00'
[2024-11-04T02:55:42.610+0000] {taskinstance.py:731} INFO - ::endgroup::
[2024-11-04T02:55:42.650+0000] {baseoperator.py:405} WARNING - SlackAPIPostOperator.execute cannot be called outside TaskInstance!
[2024-11-04T02:55:42.660+0000] {base.py:84} INFO - Retrieving connection 'slack_api_default'
[2024-11-04T02:55:43.237+0000] {python.py:240} INFO - Done. Returned value was: None
[2024-11-04T02:55:43.249+0000] {taskinstance.py:340} INFO - ::group::Post task execution logs
[2024-11-04T02:55:43.249+0000] {taskinstance.py:352} INFO - Marking task as SUCCESS. dag_id=stock-market-summary, task_id=send_slack_message, run_id=manual__2024-11-04T02:55:18.493692+00:00, execution_date=20241104T025518, start_date=20241104T025542, end_date=20241104T025543
[2024-11-04T02:55:43.286+0000] {local_task_job_runner.py:266} INFO - Task exited with return code 0
[2024-11-04T02:55:43.307+0000] {taskinstance.py:3900} INFO - 0 downstream tasks scheduled from follow-on schedule check
[2024-11-04T02:55:43.310+0000] {local_task_job_runner.py:245} INFO - ::endgroup::
