[2024-10-30T07:31:21.664+0000] {processor.py:186} INFO - Started process (PID=77) to work on /home/airflow/.local/lib/python3.12/site-packages/airflow/example_dags/example_xcom.py
[2024-10-30T07:31:21.665+0000] {processor.py:914} INFO - Processing file /home/airflow/.local/lib/python3.12/site-packages/airflow/example_dags/example_xcom.py for tasks to queue
[2024-10-30T07:31:21.667+0000] {logging_mixin.py:190} INFO - [2024-10-30T07:31:21.667+0000] {dagbag.py:588} INFO - Filling up the DagBag from /home/airflow/.local/lib/python3.12/site-packages/airflow/example_dags/example_xcom.py
[2024-10-30T07:31:21.675+0000] {processor.py:925} INFO - DAG(s) 'example_xcom' retrieved from /home/airflow/.local/lib/python3.12/site-packages/airflow/example_dags/example_xcom.py
[2024-10-30T07:31:21.760+0000] {logging_mixin.py:190} INFO - [2024-10-30T07:31:21.760+0000] {override.py:1900} INFO - Created Permission View: can read on DAG:example_xcom
[2024-10-30T07:31:21.772+0000] {logging_mixin.py:190} INFO - [2024-10-30T07:31:21.772+0000] {override.py:1900} INFO - Created Permission View: can edit on DAG:example_xcom
[2024-10-30T07:31:21.780+0000] {logging_mixin.py:190} INFO - [2024-10-30T07:31:21.780+0000] {override.py:1900} INFO - Created Permission View: can delete on DAG:example_xcom
[2024-10-30T07:31:21.788+0000] {logging_mixin.py:190} INFO - [2024-10-30T07:31:21.788+0000] {override.py:1900} INFO - Created Permission View: can read on DAG Run:example_xcom
[2024-10-30T07:31:21.796+0000] {logging_mixin.py:190} INFO - [2024-10-30T07:31:21.795+0000] {override.py:1900} INFO - Created Permission View: menu access on DAG Run:example_xcom
[2024-10-30T07:31:21.804+0000] {logging_mixin.py:190} INFO - [2024-10-30T07:31:21.804+0000] {override.py:1900} INFO - Created Permission View: can create on DAG Run:example_xcom
[2024-10-30T07:31:21.812+0000] {logging_mixin.py:190} INFO - [2024-10-30T07:31:21.812+0000] {override.py:1900} INFO - Created Permission View: can delete on DAG Run:example_xcom
[2024-10-30T07:31:21.812+0000] {logging_mixin.py:190} INFO - [2024-10-30T07:31:21.812+0000] {dag.py:3239} INFO - Sync 1 DAGs
[2024-10-30T07:31:21.822+0000] {logging_mixin.py:190} INFO - [2024-10-30T07:31:21.822+0000] {dag.py:3262} INFO - Creating ORM DAG for example_xcom
[2024-10-30T07:31:21.830+0000] {logging_mixin.py:190} INFO - [2024-10-30T07:31:21.830+0000] {dag.py:4180} INFO - Setting next_dagrun for example_xcom to 2021-01-01 00:00:00+00:00, run_after=2021-01-01 00:00:00+00:00
[2024-10-30T07:31:21.847+0000] {processor.py:208} INFO - Processing /home/airflow/.local/lib/python3.12/site-packages/airflow/example_dags/example_xcom.py took 0.187 seconds
[2024-10-30T07:31:52.178+0000] {processor.py:186} INFO - Started process (PID=139) to work on /home/airflow/.local/lib/python3.12/site-packages/airflow/example_dags/example_xcom.py
[2024-10-30T07:31:52.179+0000] {processor.py:914} INFO - Processing file /home/airflow/.local/lib/python3.12/site-packages/airflow/example_dags/example_xcom.py for tasks to queue
[2024-10-30T07:31:52.181+0000] {logging_mixin.py:190} INFO - [2024-10-30T07:31:52.180+0000] {dagbag.py:588} INFO - Filling up the DagBag from /home/airflow/.local/lib/python3.12/site-packages/airflow/example_dags/example_xcom.py
[2024-10-30T07:31:52.189+0000] {processor.py:925} INFO - DAG(s) 'example_xcom' retrieved from /home/airflow/.local/lib/python3.12/site-packages/airflow/example_dags/example_xcom.py
[2024-10-30T07:31:52.208+0000] {logging_mixin.py:190} INFO - [2024-10-30T07:31:52.207+0000] {dag.py:3239} INFO - Sync 1 DAGs
[2024-10-30T07:31:52.228+0000] {logging_mixin.py:190} INFO - [2024-10-30T07:31:52.228+0000] {dag.py:4180} INFO - Setting next_dagrun for example_xcom to 2021-01-01 00:00:00+00:00, run_after=2021-01-01 00:00:00+00:00
[2024-10-30T07:31:52.248+0000] {processor.py:208} INFO - Processing /home/airflow/.local/lib/python3.12/site-packages/airflow/example_dags/example_xcom.py took 0.074 seconds
[2024-10-30T07:32:22.513+0000] {processor.py:186} INFO - Started process (PID=201) to work on /home/airflow/.local/lib/python3.12/site-packages/airflow/example_dags/example_xcom.py
[2024-10-30T07:32:22.514+0000] {processor.py:914} INFO - Processing file /home/airflow/.local/lib/python3.12/site-packages/airflow/example_dags/example_xcom.py for tasks to queue
[2024-10-30T07:32:22.517+0000] {logging_mixin.py:190} INFO - [2024-10-30T07:32:22.516+0000] {dagbag.py:588} INFO - Filling up the DagBag from /home/airflow/.local/lib/python3.12/site-packages/airflow/example_dags/example_xcom.py
[2024-10-30T07:32:22.532+0000] {processor.py:925} INFO - DAG(s) 'example_xcom' retrieved from /home/airflow/.local/lib/python3.12/site-packages/airflow/example_dags/example_xcom.py
[2024-10-30T07:32:22.557+0000] {logging_mixin.py:190} INFO - [2024-10-30T07:32:22.557+0000] {dag.py:3239} INFO - Sync 1 DAGs
[2024-10-30T07:32:22.581+0000] {logging_mixin.py:190} INFO - [2024-10-30T07:32:22.580+0000] {dag.py:4180} INFO - Setting next_dagrun for example_xcom to 2021-01-01 00:00:00+00:00, run_after=2021-01-01 00:00:00+00:00
[2024-10-30T07:32:22.605+0000] {processor.py:208} INFO - Processing /home/airflow/.local/lib/python3.12/site-packages/airflow/example_dags/example_xcom.py took 0.098 seconds
[2024-10-30T07:32:53.052+0000] {processor.py:186} INFO - Started process (PID=263) to work on /home/airflow/.local/lib/python3.12/site-packages/airflow/example_dags/example_xcom.py
[2024-10-30T07:32:53.054+0000] {processor.py:914} INFO - Processing file /home/airflow/.local/lib/python3.12/site-packages/airflow/example_dags/example_xcom.py for tasks to queue
[2024-10-30T07:32:53.056+0000] {logging_mixin.py:190} INFO - [2024-10-30T07:32:53.055+0000] {dagbag.py:588} INFO - Filling up the DagBag from /home/airflow/.local/lib/python3.12/site-packages/airflow/example_dags/example_xcom.py
[2024-10-30T07:32:53.065+0000] {processor.py:925} INFO - DAG(s) 'example_xcom' retrieved from /home/airflow/.local/lib/python3.12/site-packages/airflow/example_dags/example_xcom.py
[2024-10-30T07:32:53.082+0000] {logging_mixin.py:190} INFO - [2024-10-30T07:32:53.082+0000] {dag.py:3239} INFO - Sync 1 DAGs
[2024-10-30T07:32:53.100+0000] {logging_mixin.py:190} INFO - [2024-10-30T07:32:53.100+0000] {dag.py:4180} INFO - Setting next_dagrun for example_xcom to 2021-01-01 00:00:00+00:00, run_after=2021-01-01 00:00:00+00:00
[2024-10-30T07:32:53.116+0000] {processor.py:208} INFO - Processing /home/airflow/.local/lib/python3.12/site-packages/airflow/example_dags/example_xcom.py took 0.069 seconds
