[2024-10-30T07:31:19.089+0000] {processor.py:186} INFO - Started process (PID=55) to work on /home/airflow/.local/lib/python3.12/site-packages/airflow/example_dags/example_branch_operator_decorator.py
[2024-10-30T07:31:19.090+0000] {processor.py:914} INFO - Processing file /home/airflow/.local/lib/python3.12/site-packages/airflow/example_dags/example_branch_operator_decorator.py for tasks to queue
[2024-10-30T07:31:19.093+0000] {logging_mixin.py:190} INFO - [2024-10-30T07:31:19.092+0000] {dagbag.py:588} INFO - Filling up the DagBag from /home/airflow/.local/lib/python3.12/site-packages/airflow/example_dags/example_branch_operator_decorator.py
[2024-10-30T07:31:19.112+0000] {processor.py:925} INFO - DAG(s) 'example_branch_python_operator_decorator' retrieved from /home/airflow/.local/lib/python3.12/site-packages/airflow/example_dags/example_branch_operator_decorator.py
[2024-10-30T07:31:19.259+0000] {logging_mixin.py:190} INFO - [2024-10-30T07:31:19.258+0000] {override.py:1900} INFO - Created Permission View: can read on DAG:example_branch_python_operator_decorator
[2024-10-30T07:31:19.270+0000] {logging_mixin.py:190} INFO - [2024-10-30T07:31:19.270+0000] {override.py:1900} INFO - Created Permission View: can edit on DAG:example_branch_python_operator_decorator
[2024-10-30T07:31:19.278+0000] {logging_mixin.py:190} INFO - [2024-10-30T07:31:19.277+0000] {override.py:1900} INFO - Created Permission View: can delete on DAG:example_branch_python_operator_decorator
[2024-10-30T07:31:19.288+0000] {logging_mixin.py:190} INFO - [2024-10-30T07:31:19.287+0000] {override.py:1900} INFO - Created Permission View: can read on DAG Run:example_branch_python_operator_decorator
[2024-10-30T07:31:19.294+0000] {logging_mixin.py:190} INFO - [2024-10-30T07:31:19.294+0000] {override.py:1900} INFO - Created Permission View: menu access on DAG Run:example_branch_python_operator_decorator
[2024-10-30T07:31:19.302+0000] {logging_mixin.py:190} INFO - [2024-10-30T07:31:19.302+0000] {override.py:1900} INFO - Created Permission View: can create on DAG Run:example_branch_python_operator_decorator
[2024-10-30T07:31:19.308+0000] {logging_mixin.py:190} INFO - [2024-10-30T07:31:19.308+0000] {override.py:1900} INFO - Created Permission View: can delete on DAG Run:example_branch_python_operator_decorator
[2024-10-30T07:31:19.309+0000] {logging_mixin.py:190} INFO - [2024-10-30T07:31:19.308+0000] {dag.py:3239} INFO - Sync 1 DAGs
[2024-10-30T07:31:19.323+0000] {logging_mixin.py:190} INFO - [2024-10-30T07:31:19.323+0000] {dag.py:3262} INFO - Creating ORM DAG for example_branch_python_operator_decorator
[2024-10-30T07:31:19.347+0000] {logging_mixin.py:190} INFO - [2024-10-30T07:31:19.347+0000] {dag.py:4180} INFO - Setting next_dagrun for example_branch_python_operator_decorator to 2024-10-29 00:00:00+00:00, run_after=2024-10-30 00:00:00+00:00
[2024-10-30T07:31:19.369+0000] {processor.py:208} INFO - Processing /home/airflow/.local/lib/python3.12/site-packages/airflow/example_dags/example_branch_operator_decorator.py took 0.284 seconds
[2024-10-30T07:31:49.921+0000] {processor.py:186} INFO - Started process (PID=117) to work on /home/airflow/.local/lib/python3.12/site-packages/airflow/example_dags/example_branch_operator_decorator.py
[2024-10-30T07:31:49.922+0000] {processor.py:914} INFO - Processing file /home/airflow/.local/lib/python3.12/site-packages/airflow/example_dags/example_branch_operator_decorator.py for tasks to queue
[2024-10-30T07:31:49.924+0000] {logging_mixin.py:190} INFO - [2024-10-30T07:31:49.924+0000] {dagbag.py:588} INFO - Filling up the DagBag from /home/airflow/.local/lib/python3.12/site-packages/airflow/example_dags/example_branch_operator_decorator.py
[2024-10-30T07:31:49.940+0000] {processor.py:925} INFO - DAG(s) 'example_branch_python_operator_decorator' retrieved from /home/airflow/.local/lib/python3.12/site-packages/airflow/example_dags/example_branch_operator_decorator.py
[2024-10-30T07:31:49.968+0000] {logging_mixin.py:190} INFO - [2024-10-30T07:31:49.968+0000] {dag.py:3239} INFO - Sync 1 DAGs
[2024-10-30T07:31:49.989+0000] {logging_mixin.py:190} INFO - [2024-10-30T07:31:49.988+0000] {dag.py:4180} INFO - Setting next_dagrun for example_branch_python_operator_decorator to 2024-10-29 00:00:00+00:00, run_after=2024-10-30 00:00:00+00:00
[2024-10-30T07:31:50.005+0000] {processor.py:208} INFO - Processing /home/airflow/.local/lib/python3.12/site-packages/airflow/example_dags/example_branch_operator_decorator.py took 0.089 seconds
[2024-10-30T07:32:20.328+0000] {processor.py:186} INFO - Started process (PID=179) to work on /home/airflow/.local/lib/python3.12/site-packages/airflow/example_dags/example_branch_operator_decorator.py
[2024-10-30T07:32:20.330+0000] {processor.py:914} INFO - Processing file /home/airflow/.local/lib/python3.12/site-packages/airflow/example_dags/example_branch_operator_decorator.py for tasks to queue
[2024-10-30T07:32:20.333+0000] {logging_mixin.py:190} INFO - [2024-10-30T07:32:20.332+0000] {dagbag.py:588} INFO - Filling up the DagBag from /home/airflow/.local/lib/python3.12/site-packages/airflow/example_dags/example_branch_operator_decorator.py
[2024-10-30T07:32:20.351+0000] {processor.py:925} INFO - DAG(s) 'example_branch_python_operator_decorator' retrieved from /home/airflow/.local/lib/python3.12/site-packages/airflow/example_dags/example_branch_operator_decorator.py
[2024-10-30T07:32:20.371+0000] {logging_mixin.py:190} INFO - [2024-10-30T07:32:20.371+0000] {dag.py:3239} INFO - Sync 1 DAGs
[2024-10-30T07:32:20.389+0000] {logging_mixin.py:190} INFO - [2024-10-30T07:32:20.388+0000] {dag.py:4180} INFO - Setting next_dagrun for example_branch_python_operator_decorator to 2024-10-29 00:00:00+00:00, run_after=2024-10-30 00:00:00+00:00
[2024-10-30T07:32:20.421+0000] {processor.py:208} INFO - Processing /home/airflow/.local/lib/python3.12/site-packages/airflow/example_dags/example_branch_operator_decorator.py took 0.098 seconds
[2024-10-30T07:32:50.618+0000] {processor.py:186} INFO - Started process (PID=241) to work on /home/airflow/.local/lib/python3.12/site-packages/airflow/example_dags/example_branch_operator_decorator.py
[2024-10-30T07:32:50.619+0000] {processor.py:914} INFO - Processing file /home/airflow/.local/lib/python3.12/site-packages/airflow/example_dags/example_branch_operator_decorator.py for tasks to queue
[2024-10-30T07:32:50.621+0000] {logging_mixin.py:190} INFO - [2024-10-30T07:32:50.621+0000] {dagbag.py:588} INFO - Filling up the DagBag from /home/airflow/.local/lib/python3.12/site-packages/airflow/example_dags/example_branch_operator_decorator.py
[2024-10-30T07:32:50.640+0000] {processor.py:925} INFO - DAG(s) 'example_branch_python_operator_decorator' retrieved from /home/airflow/.local/lib/python3.12/site-packages/airflow/example_dags/example_branch_operator_decorator.py
[2024-10-30T07:32:50.678+0000] {logging_mixin.py:190} INFO - [2024-10-30T07:32:50.678+0000] {dag.py:3239} INFO - Sync 1 DAGs
[2024-10-30T07:32:50.701+0000] {logging_mixin.py:190} INFO - [2024-10-30T07:32:50.701+0000] {dag.py:4180} INFO - Setting next_dagrun for example_branch_python_operator_decorator to 2024-10-29 00:00:00+00:00, run_after=2024-10-30 00:00:00+00:00
[2024-10-30T07:32:50.719+0000] {processor.py:208} INFO - Processing /home/airflow/.local/lib/python3.12/site-packages/airflow/example_dags/example_branch_operator_decorator.py took 0.106 seconds
