[2024-10-30T07:31:18.391+0000] {processor.py:186} INFO - Started process (PID=52) to work on /home/airflow/.local/lib/python3.12/site-packages/airflow/example_dags/example_xcomargs.py
[2024-10-30T07:31:18.393+0000] {processor.py:914} INFO - Processing file /home/airflow/.local/lib/python3.12/site-packages/airflow/example_dags/example_xcomargs.py for tasks to queue
[2024-10-30T07:31:18.398+0000] {logging_mixin.py:190} INFO - [2024-10-30T07:31:18.398+0000] {dagbag.py:588} INFO - Filling up the DagBag from /home/airflow/.local/lib/python3.12/site-packages/airflow/example_dags/example_xcomargs.py
[2024-10-30T07:31:18.417+0000] {processor.py:925} INFO - DAG(s) 'example_xcom_args_with_operators', 'example_xcom_args' retrieved from /home/airflow/.local/lib/python3.12/site-packages/airflow/example_dags/example_xcomargs.py
[2024-10-30T07:31:18.569+0000] {logging_mixin.py:190} INFO - [2024-10-30T07:31:18.568+0000] {override.py:1900} INFO - Created Permission View: can read on DAG:example_xcom_args_with_operators
[2024-10-30T07:31:18.582+0000] {logging_mixin.py:190} INFO - [2024-10-30T07:31:18.581+0000] {override.py:1900} INFO - Created Permission View: can edit on DAG:example_xcom_args_with_operators
[2024-10-30T07:31:18.590+0000] {logging_mixin.py:190} INFO - [2024-10-30T07:31:18.590+0000] {override.py:1900} INFO - Created Permission View: can delete on DAG:example_xcom_args_with_operators
[2024-10-30T07:31:18.604+0000] {logging_mixin.py:190} INFO - [2024-10-30T07:31:18.604+0000] {override.py:1900} INFO - Created Permission View: can read on DAG Run:example_xcom_args_with_operators
[2024-10-30T07:31:18.612+0000] {logging_mixin.py:190} INFO - [2024-10-30T07:31:18.612+0000] {override.py:1900} INFO - Created Permission View: menu access on DAG Run:example_xcom_args_with_operators
[2024-10-30T07:31:18.620+0000] {logging_mixin.py:190} INFO - [2024-10-30T07:31:18.620+0000] {override.py:1900} INFO - Created Permission View: can create on DAG Run:example_xcom_args_with_operators
[2024-10-30T07:31:18.628+0000] {logging_mixin.py:190} INFO - [2024-10-30T07:31:18.628+0000] {override.py:1900} INFO - Created Permission View: can delete on DAG Run:example_xcom_args_with_operators
[2024-10-30T07:31:18.644+0000] {logging_mixin.py:190} INFO - [2024-10-30T07:31:18.644+0000] {override.py:1900} INFO - Created Permission View: can read on DAG:example_xcom_args
[2024-10-30T07:31:18.652+0000] {logging_mixin.py:190} INFO - [2024-10-30T07:31:18.651+0000] {override.py:1900} INFO - Created Permission View: can edit on DAG:example_xcom_args
[2024-10-30T07:31:18.658+0000] {logging_mixin.py:190} INFO - [2024-10-30T07:31:18.658+0000] {override.py:1900} INFO - Created Permission View: can delete on DAG:example_xcom_args
[2024-10-30T07:31:18.668+0000] {logging_mixin.py:190} INFO - [2024-10-30T07:31:18.668+0000] {override.py:1900} INFO - Created Permission View: can read on DAG Run:example_xcom_args
[2024-10-30T07:31:18.676+0000] {logging_mixin.py:190} INFO - [2024-10-30T07:31:18.675+0000] {override.py:1900} INFO - Created Permission View: menu access on DAG Run:example_xcom_args
[2024-10-30T07:31:18.684+0000] {logging_mixin.py:190} INFO - [2024-10-30T07:31:18.684+0000] {override.py:1900} INFO - Created Permission View: can create on DAG Run:example_xcom_args
[2024-10-30T07:31:18.692+0000] {logging_mixin.py:190} INFO - [2024-10-30T07:31:18.692+0000] {override.py:1900} INFO - Created Permission View: can delete on DAG Run:example_xcom_args
[2024-10-30T07:31:18.692+0000] {logging_mixin.py:190} INFO - [2024-10-30T07:31:18.692+0000] {dag.py:3239} INFO - Sync 2 DAGs
[2024-10-30T07:31:18.713+0000] {logging_mixin.py:190} INFO - [2024-10-30T07:31:18.713+0000] {dag.py:3262} INFO - Creating ORM DAG for example_xcom_args
[2024-10-30T07:31:18.714+0000] {logging_mixin.py:190} INFO - [2024-10-30T07:31:18.714+0000] {dag.py:3262} INFO - Creating ORM DAG for example_xcom_args_with_operators
[2024-10-30T07:31:18.716+0000] {logging_mixin.py:190} INFO - [2024-10-30T07:31:18.716+0000] {dag.py:4180} INFO - Setting next_dagrun for example_xcom_args to None, run_after=None
[2024-10-30T07:31:18.719+0000] {logging_mixin.py:190} INFO - [2024-10-30T07:31:18.718+0000] {dag.py:4180} INFO - Setting next_dagrun for example_xcom_args_with_operators to None, run_after=None
[2024-10-30T07:31:18.740+0000] {processor.py:208} INFO - Processing /home/airflow/.local/lib/python3.12/site-packages/airflow/example_dags/example_xcomargs.py took 0.354 seconds
[2024-10-30T07:31:49.611+0000] {processor.py:186} INFO - Started process (PID=114) to work on /home/airflow/.local/lib/python3.12/site-packages/airflow/example_dags/example_xcomargs.py
[2024-10-30T07:31:49.612+0000] {processor.py:914} INFO - Processing file /home/airflow/.local/lib/python3.12/site-packages/airflow/example_dags/example_xcomargs.py for tasks to queue
[2024-10-30T07:31:49.614+0000] {logging_mixin.py:190} INFO - [2024-10-30T07:31:49.614+0000] {dagbag.py:588} INFO - Filling up the DagBag from /home/airflow/.local/lib/python3.12/site-packages/airflow/example_dags/example_xcomargs.py
[2024-10-30T07:31:49.627+0000] {processor.py:925} INFO - DAG(s) 'example_xcom_args', 'example_xcom_args_with_operators' retrieved from /home/airflow/.local/lib/python3.12/site-packages/airflow/example_dags/example_xcomargs.py
[2024-10-30T07:31:49.655+0000] {logging_mixin.py:190} INFO - [2024-10-30T07:31:49.654+0000] {dag.py:3239} INFO - Sync 2 DAGs
[2024-10-30T07:31:49.669+0000] {logging_mixin.py:190} INFO - [2024-10-30T07:31:49.668+0000] {dag.py:4180} INFO - Setting next_dagrun for example_xcom_args to None, run_after=None
[2024-10-30T07:31:49.673+0000] {logging_mixin.py:190} INFO - [2024-10-30T07:31:49.672+0000] {dag.py:4180} INFO - Setting next_dagrun for example_xcom_args_with_operators to None, run_after=None
[2024-10-30T07:31:49.692+0000] {processor.py:208} INFO - Processing /home/airflow/.local/lib/python3.12/site-packages/airflow/example_dags/example_xcomargs.py took 0.087 seconds
[2024-10-30T07:32:20.050+0000] {processor.py:186} INFO - Started process (PID=176) to work on /home/airflow/.local/lib/python3.12/site-packages/airflow/example_dags/example_xcomargs.py
[2024-10-30T07:32:20.051+0000] {processor.py:914} INFO - Processing file /home/airflow/.local/lib/python3.12/site-packages/airflow/example_dags/example_xcomargs.py for tasks to queue
[2024-10-30T07:32:20.053+0000] {logging_mixin.py:190} INFO - [2024-10-30T07:32:20.053+0000] {dagbag.py:588} INFO - Filling up the DagBag from /home/airflow/.local/lib/python3.12/site-packages/airflow/example_dags/example_xcomargs.py
[2024-10-30T07:32:20.069+0000] {processor.py:925} INFO - DAG(s) 'example_xcom_args', 'example_xcom_args_with_operators' retrieved from /home/airflow/.local/lib/python3.12/site-packages/airflow/example_dags/example_xcomargs.py
[2024-10-30T07:32:20.119+0000] {logging_mixin.py:190} INFO - [2024-10-30T07:32:20.119+0000] {dag.py:3239} INFO - Sync 2 DAGs
[2024-10-30T07:32:20.132+0000] {logging_mixin.py:190} INFO - [2024-10-30T07:32:20.131+0000] {dag.py:4180} INFO - Setting next_dagrun for example_xcom_args to None, run_after=None
[2024-10-30T07:32:20.134+0000] {logging_mixin.py:190} INFO - [2024-10-30T07:32:20.134+0000] {dag.py:4180} INFO - Setting next_dagrun for example_xcom_args_with_operators to None, run_after=None
[2024-10-30T07:32:20.151+0000] {processor.py:208} INFO - Processing /home/airflow/.local/lib/python3.12/site-packages/airflow/example_dags/example_xcomargs.py took 0.107 seconds
[2024-10-30T07:32:50.346+0000] {processor.py:186} INFO - Started process (PID=238) to work on /home/airflow/.local/lib/python3.12/site-packages/airflow/example_dags/example_xcomargs.py
[2024-10-30T07:32:50.347+0000] {processor.py:914} INFO - Processing file /home/airflow/.local/lib/python3.12/site-packages/airflow/example_dags/example_xcomargs.py for tasks to queue
[2024-10-30T07:32:50.350+0000] {logging_mixin.py:190} INFO - [2024-10-30T07:32:50.350+0000] {dagbag.py:588} INFO - Filling up the DagBag from /home/airflow/.local/lib/python3.12/site-packages/airflow/example_dags/example_xcomargs.py
[2024-10-30T07:32:50.362+0000] {processor.py:925} INFO - DAG(s) 'example_xcom_args_with_operators', 'example_xcom_args' retrieved from /home/airflow/.local/lib/python3.12/site-packages/airflow/example_dags/example_xcomargs.py
[2024-10-30T07:32:50.392+0000] {logging_mixin.py:190} INFO - [2024-10-30T07:32:50.392+0000] {dag.py:3239} INFO - Sync 2 DAGs
[2024-10-30T07:32:50.406+0000] {logging_mixin.py:190} INFO - [2024-10-30T07:32:50.406+0000] {dag.py:4180} INFO - Setting next_dagrun for example_xcom_args to None, run_after=None
[2024-10-30T07:32:50.409+0000] {logging_mixin.py:190} INFO - [2024-10-30T07:32:50.409+0000] {dag.py:4180} INFO - Setting next_dagrun for example_xcom_args_with_operators to None, run_after=None
[2024-10-30T07:32:50.429+0000] {processor.py:208} INFO - Processing /home/airflow/.local/lib/python3.12/site-packages/airflow/example_dags/example_xcomargs.py took 0.089 seconds
