[2024-10-30T07:31:20.556+0000] {processor.py:186} INFO - Started process (PID=67) to work on /home/airflow/.local/lib/python3.12/site-packages/airflow/example_dags/example_python_decorator.py
[2024-10-30T07:31:20.557+0000] {processor.py:914} INFO - Processing file /home/airflow/.local/lib/python3.12/site-packages/airflow/example_dags/example_python_decorator.py for tasks to queue
[2024-10-30T07:31:20.559+0000] {logging_mixin.py:190} INFO - [2024-10-30T07:31:20.558+0000] {dagbag.py:588} INFO - Filling up the DagBag from /home/airflow/.local/lib/python3.12/site-packages/airflow/example_dags/example_python_decorator.py
[2024-10-30T07:31:20.570+0000] {processor.py:925} INFO - DAG(s) 'example_python_decorator' retrieved from /home/airflow/.local/lib/python3.12/site-packages/airflow/example_dags/example_python_decorator.py
[2024-10-30T07:31:20.654+0000] {logging_mixin.py:190} INFO - [2024-10-30T07:31:20.654+0000] {override.py:1900} INFO - Created Permission View: can read on DAG:example_python_decorator
[2024-10-30T07:31:20.664+0000] {logging_mixin.py:190} INFO - [2024-10-30T07:31:20.663+0000] {override.py:1900} INFO - Created Permission View: can edit on DAG:example_python_decorator
[2024-10-30T07:31:20.670+0000] {logging_mixin.py:190} INFO - [2024-10-30T07:31:20.669+0000] {override.py:1900} INFO - Created Permission View: can delete on DAG:example_python_decorator
[2024-10-30T07:31:20.680+0000] {logging_mixin.py:190} INFO - [2024-10-30T07:31:20.680+0000] {override.py:1900} INFO - Created Permission View: can read on DAG Run:example_python_decorator
[2024-10-30T07:31:20.686+0000] {logging_mixin.py:190} INFO - [2024-10-30T07:31:20.686+0000] {override.py:1900} INFO - Created Permission View: menu access on DAG Run:example_python_decorator
[2024-10-30T07:31:20.692+0000] {logging_mixin.py:190} INFO - [2024-10-30T07:31:20.692+0000] {override.py:1900} INFO - Created Permission View: can create on DAG Run:example_python_decorator
[2024-10-30T07:31:20.698+0000] {logging_mixin.py:190} INFO - [2024-10-30T07:31:20.698+0000] {override.py:1900} INFO - Created Permission View: can delete on DAG Run:example_python_decorator
[2024-10-30T07:31:20.698+0000] {logging_mixin.py:190} INFO - [2024-10-30T07:31:20.698+0000] {dag.py:3239} INFO - Sync 1 DAGs
[2024-10-30T07:31:20.707+0000] {logging_mixin.py:190} INFO - [2024-10-30T07:31:20.707+0000] {dag.py:3262} INFO - Creating ORM DAG for example_python_decorator
[2024-10-30T07:31:20.708+0000] {logging_mixin.py:190} INFO - [2024-10-30T07:31:20.708+0000] {dag.py:4180} INFO - Setting next_dagrun for example_python_decorator to None, run_after=None
[2024-10-30T07:31:20.727+0000] {processor.py:208} INFO - Processing /home/airflow/.local/lib/python3.12/site-packages/airflow/example_dags/example_python_decorator.py took 0.176 seconds
[2024-10-30T07:31:51.582+0000] {processor.py:186} INFO - Started process (PID=129) to work on /home/airflow/.local/lib/python3.12/site-packages/airflow/example_dags/example_python_decorator.py
[2024-10-30T07:31:51.583+0000] {processor.py:914} INFO - Processing file /home/airflow/.local/lib/python3.12/site-packages/airflow/example_dags/example_python_decorator.py for tasks to queue
[2024-10-30T07:31:51.585+0000] {logging_mixin.py:190} INFO - [2024-10-30T07:31:51.585+0000] {dagbag.py:588} INFO - Filling up the DagBag from /home/airflow/.local/lib/python3.12/site-packages/airflow/example_dags/example_python_decorator.py
[2024-10-30T07:31:51.597+0000] {processor.py:925} INFO - DAG(s) 'example_python_decorator' retrieved from /home/airflow/.local/lib/python3.12/site-packages/airflow/example_dags/example_python_decorator.py
[2024-10-30T07:31:51.616+0000] {logging_mixin.py:190} INFO - [2024-10-30T07:31:51.616+0000] {dag.py:3239} INFO - Sync 1 DAGs
[2024-10-30T07:31:51.633+0000] {logging_mixin.py:190} INFO - [2024-10-30T07:31:51.633+0000] {dag.py:4180} INFO - Setting next_dagrun for example_python_decorator to None, run_after=None
[2024-10-30T07:31:51.661+0000] {processor.py:208} INFO - Processing /home/airflow/.local/lib/python3.12/site-packages/airflow/example_dags/example_python_decorator.py took 0.084 seconds
[2024-10-30T07:32:21.917+0000] {processor.py:186} INFO - Started process (PID=191) to work on /home/airflow/.local/lib/python3.12/site-packages/airflow/example_dags/example_python_decorator.py
[2024-10-30T07:32:21.918+0000] {processor.py:914} INFO - Processing file /home/airflow/.local/lib/python3.12/site-packages/airflow/example_dags/example_python_decorator.py for tasks to queue
[2024-10-30T07:32:21.920+0000] {logging_mixin.py:190} INFO - [2024-10-30T07:32:21.920+0000] {dagbag.py:588} INFO - Filling up the DagBag from /home/airflow/.local/lib/python3.12/site-packages/airflow/example_dags/example_python_decorator.py
[2024-10-30T07:32:21.930+0000] {processor.py:925} INFO - DAG(s) 'example_python_decorator' retrieved from /home/airflow/.local/lib/python3.12/site-packages/airflow/example_dags/example_python_decorator.py
[2024-10-30T07:32:21.946+0000] {logging_mixin.py:190} INFO - [2024-10-30T07:32:21.946+0000] {dag.py:3239} INFO - Sync 1 DAGs
[2024-10-30T07:32:21.957+0000] {logging_mixin.py:190} INFO - [2024-10-30T07:32:21.957+0000] {dag.py:4180} INFO - Setting next_dagrun for example_python_decorator to None, run_after=None
[2024-10-30T07:32:21.987+0000] {processor.py:208} INFO - Processing /home/airflow/.local/lib/python3.12/site-packages/airflow/example_dags/example_python_decorator.py took 0.074 seconds
[2024-10-30T07:32:52.567+0000] {processor.py:186} INFO - Started process (PID=253) to work on /home/airflow/.local/lib/python3.12/site-packages/airflow/example_dags/example_python_decorator.py
[2024-10-30T07:32:52.568+0000] {processor.py:914} INFO - Processing file /home/airflow/.local/lib/python3.12/site-packages/airflow/example_dags/example_python_decorator.py for tasks to queue
[2024-10-30T07:32:52.570+0000] {logging_mixin.py:190} INFO - [2024-10-30T07:32:52.570+0000] {dagbag.py:588} INFO - Filling up the DagBag from /home/airflow/.local/lib/python3.12/site-packages/airflow/example_dags/example_python_decorator.py
[2024-10-30T07:32:52.583+0000] {processor.py:925} INFO - DAG(s) 'example_python_decorator' retrieved from /home/airflow/.local/lib/python3.12/site-packages/airflow/example_dags/example_python_decorator.py
[2024-10-30T07:32:52.604+0000] {logging_mixin.py:190} INFO - [2024-10-30T07:32:52.604+0000] {dag.py:3239} INFO - Sync 1 DAGs
[2024-10-30T07:32:52.617+0000] {logging_mixin.py:190} INFO - [2024-10-30T07:32:52.617+0000] {dag.py:4180} INFO - Setting next_dagrun for example_python_decorator to None, run_after=None
[2024-10-30T07:32:52.637+0000] {processor.py:208} INFO - Processing /home/airflow/.local/lib/python3.12/site-packages/airflow/example_dags/example_python_decorator.py took 0.076 seconds
