[2024-10-30T07:31:21.083+0000] {processor.py:186} INFO - Started process (PID=71) to work on /home/airflow/.local/lib/python3.12/site-packages/airflow/example_dags/example_task_group_decorator.py
[2024-10-30T07:31:21.083+0000] {processor.py:914} INFO - Processing file /home/airflow/.local/lib/python3.12/site-packages/airflow/example_dags/example_task_group_decorator.py for tasks to queue
[2024-10-30T07:31:21.085+0000] {logging_mixin.py:190} INFO - [2024-10-30T07:31:21.085+0000] {dagbag.py:588} INFO - Filling up the DagBag from /home/airflow/.local/lib/python3.12/site-packages/airflow/example_dags/example_task_group_decorator.py
[2024-10-30T07:31:21.096+0000] {processor.py:925} INFO - DAG(s) 'example_task_group_decorator' retrieved from /home/airflow/.local/lib/python3.12/site-packages/airflow/example_dags/example_task_group_decorator.py
[2024-10-30T07:31:21.178+0000] {logging_mixin.py:190} INFO - [2024-10-30T07:31:21.178+0000] {override.py:1900} INFO - Created Permission View: can read on DAG:example_task_group_decorator
[2024-10-30T07:31:21.187+0000] {logging_mixin.py:190} INFO - [2024-10-30T07:31:21.187+0000] {override.py:1900} INFO - Created Permission View: can edit on DAG:example_task_group_decorator
[2024-10-30T07:31:21.193+0000] {logging_mixin.py:190} INFO - [2024-10-30T07:31:21.192+0000] {override.py:1900} INFO - Created Permission View: can delete on DAG:example_task_group_decorator
[2024-10-30T07:31:21.199+0000] {logging_mixin.py:190} INFO - [2024-10-30T07:31:21.199+0000] {override.py:1900} INFO - Created Permission View: can read on DAG Run:example_task_group_decorator
[2024-10-30T07:31:21.205+0000] {logging_mixin.py:190} INFO - [2024-10-30T07:31:21.205+0000] {override.py:1900} INFO - Created Permission View: menu access on DAG Run:example_task_group_decorator
[2024-10-30T07:31:21.212+0000] {logging_mixin.py:190} INFO - [2024-10-30T07:31:21.211+0000] {override.py:1900} INFO - Created Permission View: can create on DAG Run:example_task_group_decorator
[2024-10-30T07:31:21.220+0000] {logging_mixin.py:190} INFO - [2024-10-30T07:31:21.219+0000] {override.py:1900} INFO - Created Permission View: can delete on DAG Run:example_task_group_decorator
[2024-10-30T07:31:21.220+0000] {logging_mixin.py:190} INFO - [2024-10-30T07:31:21.220+0000] {dag.py:3239} INFO - Sync 1 DAGs
[2024-10-30T07:31:21.231+0000] {logging_mixin.py:190} INFO - [2024-10-30T07:31:21.231+0000] {dag.py:3262} INFO - Creating ORM DAG for example_task_group_decorator
[2024-10-30T07:31:21.231+0000] {logging_mixin.py:190} INFO - [2024-10-30T07:31:21.231+0000] {dag.py:4180} INFO - Setting next_dagrun for example_task_group_decorator to None, run_after=None
[2024-10-30T07:31:21.246+0000] {processor.py:208} INFO - Processing /home/airflow/.local/lib/python3.12/site-packages/airflow/example_dags/example_task_group_decorator.py took 0.168 seconds
[2024-10-30T07:31:51.894+0000] {processor.py:186} INFO - Started process (PID=133) to work on /home/airflow/.local/lib/python3.12/site-packages/airflow/example_dags/example_task_group_decorator.py
[2024-10-30T07:31:51.895+0000] {processor.py:914} INFO - Processing file /home/airflow/.local/lib/python3.12/site-packages/airflow/example_dags/example_task_group_decorator.py for tasks to queue
[2024-10-30T07:31:51.897+0000] {logging_mixin.py:190} INFO - [2024-10-30T07:31:51.897+0000] {dagbag.py:588} INFO - Filling up the DagBag from /home/airflow/.local/lib/python3.12/site-packages/airflow/example_dags/example_task_group_decorator.py
[2024-10-30T07:31:51.909+0000] {processor.py:925} INFO - DAG(s) 'example_task_group_decorator' retrieved from /home/airflow/.local/lib/python3.12/site-packages/airflow/example_dags/example_task_group_decorator.py
[2024-10-30T07:31:51.932+0000] {logging_mixin.py:190} INFO - [2024-10-30T07:31:51.932+0000] {dag.py:3239} INFO - Sync 1 DAGs
[2024-10-30T07:31:51.944+0000] {logging_mixin.py:190} INFO - [2024-10-30T07:31:51.944+0000] {dag.py:4180} INFO - Setting next_dagrun for example_task_group_decorator to None, run_after=None
[2024-10-30T07:31:51.963+0000] {processor.py:208} INFO - Processing /home/airflow/.local/lib/python3.12/site-packages/airflow/example_dags/example_task_group_decorator.py took 0.074 seconds
[2024-10-30T07:32:22.227+0000] {processor.py:186} INFO - Started process (PID=195) to work on /home/airflow/.local/lib/python3.12/site-packages/airflow/example_dags/example_task_group_decorator.py
[2024-10-30T07:32:22.228+0000] {processor.py:914} INFO - Processing file /home/airflow/.local/lib/python3.12/site-packages/airflow/example_dags/example_task_group_decorator.py for tasks to queue
[2024-10-30T07:32:22.231+0000] {logging_mixin.py:190} INFO - [2024-10-30T07:32:22.230+0000] {dagbag.py:588} INFO - Filling up the DagBag from /home/airflow/.local/lib/python3.12/site-packages/airflow/example_dags/example_task_group_decorator.py
[2024-10-30T07:32:22.246+0000] {processor.py:925} INFO - DAG(s) 'example_task_group_decorator' retrieved from /home/airflow/.local/lib/python3.12/site-packages/airflow/example_dags/example_task_group_decorator.py
[2024-10-30T07:32:22.265+0000] {logging_mixin.py:190} INFO - [2024-10-30T07:32:22.264+0000] {dag.py:3239} INFO - Sync 1 DAGs
[2024-10-30T07:32:22.275+0000] {logging_mixin.py:190} INFO - [2024-10-30T07:32:22.274+0000] {dag.py:4180} INFO - Setting next_dagrun for example_task_group_decorator to None, run_after=None
[2024-10-30T07:32:22.291+0000] {processor.py:208} INFO - Processing /home/airflow/.local/lib/python3.12/site-packages/airflow/example_dags/example_task_group_decorator.py took 0.068 seconds
[2024-10-30T07:32:52.769+0000] {processor.py:186} INFO - Started process (PID=257) to work on /home/airflow/.local/lib/python3.12/site-packages/airflow/example_dags/example_task_group_decorator.py
[2024-10-30T07:32:52.770+0000] {processor.py:914} INFO - Processing file /home/airflow/.local/lib/python3.12/site-packages/airflow/example_dags/example_task_group_decorator.py for tasks to queue
[2024-10-30T07:32:52.772+0000] {logging_mixin.py:190} INFO - [2024-10-30T07:32:52.771+0000] {dagbag.py:588} INFO - Filling up the DagBag from /home/airflow/.local/lib/python3.12/site-packages/airflow/example_dags/example_task_group_decorator.py
[2024-10-30T07:32:52.785+0000] {processor.py:925} INFO - DAG(s) 'example_task_group_decorator' retrieved from /home/airflow/.local/lib/python3.12/site-packages/airflow/example_dags/example_task_group_decorator.py
[2024-10-30T07:32:52.809+0000] {logging_mixin.py:190} INFO - [2024-10-30T07:32:52.809+0000] {dag.py:3239} INFO - Sync 1 DAGs
[2024-10-30T07:32:52.827+0000] {logging_mixin.py:190} INFO - [2024-10-30T07:32:52.827+0000] {dag.py:4180} INFO - Setting next_dagrun for example_task_group_decorator to None, run_after=None
[2024-10-30T07:32:52.847+0000] {processor.py:208} INFO - Processing /home/airflow/.local/lib/python3.12/site-packages/airflow/example_dags/example_task_group_decorator.py took 0.083 seconds
