[2024-10-30T07:31:19.073+0000] {processor.py:186} INFO - Started process (PID=54) to work on /home/airflow/.local/lib/python3.12/site-packages/airflow/example_dags/example_setup_teardown.py
[2024-10-30T07:31:19.074+0000] {processor.py:914} INFO - Processing file /home/airflow/.local/lib/python3.12/site-packages/airflow/example_dags/example_setup_teardown.py for tasks to queue
[2024-10-30T07:31:19.075+0000] {logging_mixin.py:190} INFO - [2024-10-30T07:31:19.075+0000] {dagbag.py:588} INFO - Filling up the DagBag from /home/airflow/.local/lib/python3.12/site-packages/airflow/example_dags/example_setup_teardown.py
[2024-10-30T07:31:19.086+0000] {processor.py:925} INFO - DAG(s) 'example_setup_teardown' retrieved from /home/airflow/.local/lib/python3.12/site-packages/airflow/example_dags/example_setup_teardown.py
[2024-10-30T07:31:19.198+0000] {logging_mixin.py:190} INFO - [2024-10-30T07:31:19.198+0000] {override.py:1900} INFO - Created Permission View: can read on DAG:example_setup_teardown
[2024-10-30T07:31:19.212+0000] {logging_mixin.py:190} INFO - [2024-10-30T07:31:19.212+0000] {override.py:1900} INFO - Created Permission View: can edit on DAG:example_setup_teardown
[2024-10-30T07:31:19.222+0000] {logging_mixin.py:190} INFO - [2024-10-30T07:31:19.222+0000] {override.py:1900} INFO - Created Permission View: can delete on DAG:example_setup_teardown
[2024-10-30T07:31:19.232+0000] {logging_mixin.py:190} INFO - [2024-10-30T07:31:19.231+0000] {override.py:1900} INFO - Created Permission View: can read on DAG Run:example_setup_teardown
[2024-10-30T07:31:19.241+0000] {logging_mixin.py:190} INFO - [2024-10-30T07:31:19.240+0000] {override.py:1900} INFO - Created Permission View: menu access on DAG Run:example_setup_teardown
[2024-10-30T07:31:19.248+0000] {logging_mixin.py:190} INFO - [2024-10-30T07:31:19.248+0000] {override.py:1900} INFO - Created Permission View: can create on DAG Run:example_setup_teardown
[2024-10-30T07:31:19.254+0000] {logging_mixin.py:190} INFO - [2024-10-30T07:31:19.254+0000] {override.py:1900} INFO - Created Permission View: can delete on DAG Run:example_setup_teardown
[2024-10-30T07:31:19.254+0000] {logging_mixin.py:190} INFO - [2024-10-30T07:31:19.254+0000] {dag.py:3239} INFO - Sync 1 DAGs
[2024-10-30T07:31:19.271+0000] {logging_mixin.py:190} INFO - [2024-10-30T07:31:19.271+0000] {dag.py:3262} INFO - Creating ORM DAG for example_setup_teardown
[2024-10-30T07:31:19.272+0000] {logging_mixin.py:190} INFO - [2024-10-30T07:31:19.272+0000] {dag.py:4180} INFO - Setting next_dagrun for example_setup_teardown to None, run_after=None
[2024-10-30T07:31:19.289+0000] {processor.py:208} INFO - Processing /home/airflow/.local/lib/python3.12/site-packages/airflow/example_dags/example_setup_teardown.py took 0.221 seconds
[2024-10-30T07:31:49.845+0000] {processor.py:186} INFO - Started process (PID=116) to work on /home/airflow/.local/lib/python3.12/site-packages/airflow/example_dags/example_setup_teardown.py
[2024-10-30T07:31:49.846+0000] {processor.py:914} INFO - Processing file /home/airflow/.local/lib/python3.12/site-packages/airflow/example_dags/example_setup_teardown.py for tasks to queue
[2024-10-30T07:31:49.848+0000] {logging_mixin.py:190} INFO - [2024-10-30T07:31:49.848+0000] {dagbag.py:588} INFO - Filling up the DagBag from /home/airflow/.local/lib/python3.12/site-packages/airflow/example_dags/example_setup_teardown.py
[2024-10-30T07:31:49.856+0000] {processor.py:925} INFO - DAG(s) 'example_setup_teardown' retrieved from /home/airflow/.local/lib/python3.12/site-packages/airflow/example_dags/example_setup_teardown.py
[2024-10-30T07:31:49.872+0000] {logging_mixin.py:190} INFO - [2024-10-30T07:31:49.872+0000] {dag.py:3239} INFO - Sync 1 DAGs
[2024-10-30T07:31:49.884+0000] {logging_mixin.py:190} INFO - [2024-10-30T07:31:49.883+0000] {dag.py:4180} INFO - Setting next_dagrun for example_setup_teardown to None, run_after=None
[2024-10-30T07:31:49.902+0000] {processor.py:208} INFO - Processing /home/airflow/.local/lib/python3.12/site-packages/airflow/example_dags/example_setup_teardown.py took 0.063 seconds
[2024-10-30T07:32:20.262+0000] {processor.py:186} INFO - Started process (PID=178) to work on /home/airflow/.local/lib/python3.12/site-packages/airflow/example_dags/example_setup_teardown.py
[2024-10-30T07:32:20.263+0000] {processor.py:914} INFO - Processing file /home/airflow/.local/lib/python3.12/site-packages/airflow/example_dags/example_setup_teardown.py for tasks to queue
[2024-10-30T07:32:20.265+0000] {logging_mixin.py:190} INFO - [2024-10-30T07:32:20.264+0000] {dagbag.py:588} INFO - Filling up the DagBag from /home/airflow/.local/lib/python3.12/site-packages/airflow/example_dags/example_setup_teardown.py
[2024-10-30T07:32:20.271+0000] {processor.py:925} INFO - DAG(s) 'example_setup_teardown' retrieved from /home/airflow/.local/lib/python3.12/site-packages/airflow/example_dags/example_setup_teardown.py
[2024-10-30T07:32:20.287+0000] {logging_mixin.py:190} INFO - [2024-10-30T07:32:20.286+0000] {dag.py:3239} INFO - Sync 1 DAGs
[2024-10-30T07:32:20.298+0000] {logging_mixin.py:190} INFO - [2024-10-30T07:32:20.298+0000] {dag.py:4180} INFO - Setting next_dagrun for example_setup_teardown to None, run_after=None
[2024-10-30T07:32:20.317+0000] {processor.py:208} INFO - Processing /home/airflow/.local/lib/python3.12/site-packages/airflow/example_dags/example_setup_teardown.py took 0.060 seconds
[2024-10-30T07:32:50.535+0000] {processor.py:186} INFO - Started process (PID=240) to work on /home/airflow/.local/lib/python3.12/site-packages/airflow/example_dags/example_setup_teardown.py
[2024-10-30T07:32:50.536+0000] {processor.py:914} INFO - Processing file /home/airflow/.local/lib/python3.12/site-packages/airflow/example_dags/example_setup_teardown.py for tasks to queue
[2024-10-30T07:32:50.537+0000] {logging_mixin.py:190} INFO - [2024-10-30T07:32:50.537+0000] {dagbag.py:588} INFO - Filling up the DagBag from /home/airflow/.local/lib/python3.12/site-packages/airflow/example_dags/example_setup_teardown.py
[2024-10-30T07:32:50.544+0000] {processor.py:925} INFO - DAG(s) 'example_setup_teardown' retrieved from /home/airflow/.local/lib/python3.12/site-packages/airflow/example_dags/example_setup_teardown.py
[2024-10-30T07:32:50.566+0000] {logging_mixin.py:190} INFO - [2024-10-30T07:32:50.566+0000] {dag.py:3239} INFO - Sync 1 DAGs
[2024-10-30T07:32:50.579+0000] {logging_mixin.py:190} INFO - [2024-10-30T07:32:50.579+0000] {dag.py:4180} INFO - Setting next_dagrun for example_setup_teardown to None, run_after=None
[2024-10-30T07:32:50.599+0000] {processor.py:208} INFO - Processing /home/airflow/.local/lib/python3.12/site-packages/airflow/example_dags/example_setup_teardown.py took 0.070 seconds
