[2024-10-30T07:31:16.727+0000] {processor.py:186} INFO - Started process (PID=45) to work on /home/airflow/.local/lib/python3.12/site-packages/airflow/example_dags/example_complex.py
[2024-10-30T07:31:16.730+0000] {processor.py:914} INFO - Processing file /home/airflow/.local/lib/python3.12/site-packages/airflow/example_dags/example_complex.py for tasks to queue
[2024-10-30T07:31:16.738+0000] {logging_mixin.py:190} INFO - [2024-10-30T07:31:16.737+0000] {dagbag.py:588} INFO - Filling up the DagBag from /home/airflow/.local/lib/python3.12/site-packages/airflow/example_dags/example_complex.py
[2024-10-30T07:31:16.764+0000] {processor.py:925} INFO - DAG(s) 'example_complex' retrieved from /home/airflow/.local/lib/python3.12/site-packages/airflow/example_dags/example_complex.py
[2024-10-30T07:31:17.026+0000] {logging_mixin.py:190} INFO - [2024-10-30T07:31:17.026+0000] {override.py:1900} INFO - Created Permission View: can read on DAG:example_complex
[2024-10-30T07:31:17.038+0000] {logging_mixin.py:190} INFO - [2024-10-30T07:31:17.038+0000] {override.py:1900} INFO - Created Permission View: can edit on DAG:example_complex
[2024-10-30T07:31:17.044+0000] {logging_mixin.py:190} INFO - [2024-10-30T07:31:17.044+0000] {override.py:1900} INFO - Created Permission View: can delete on DAG:example_complex
[2024-10-30T07:31:17.054+0000] {logging_mixin.py:190} INFO - [2024-10-30T07:31:17.054+0000] {override.py:1900} INFO - Created Permission View: can read on DAG Run:example_complex
[2024-10-30T07:31:17.060+0000] {logging_mixin.py:190} INFO - [2024-10-30T07:31:17.060+0000] {override.py:1900} INFO - Created Permission View: menu access on DAG Run:example_complex
[2024-10-30T07:31:17.065+0000] {logging_mixin.py:190} INFO - [2024-10-30T07:31:17.064+0000] {override.py:1900} INFO - Created Permission View: can create on DAG Run:example_complex
[2024-10-30T07:31:17.069+0000] {logging_mixin.py:190} INFO - [2024-10-30T07:31:17.069+0000] {override.py:1900} INFO - Created Permission View: can delete on DAG Run:example_complex
[2024-10-30T07:31:17.070+0000] {logging_mixin.py:190} INFO - [2024-10-30T07:31:17.070+0000] {dag.py:3239} INFO - Sync 1 DAGs
[2024-10-30T07:31:17.080+0000] {logging_mixin.py:190} INFO - [2024-10-30T07:31:17.080+0000] {dag.py:3262} INFO - Creating ORM DAG for example_complex
[2024-10-30T07:31:17.081+0000] {logging_mixin.py:190} INFO - [2024-10-30T07:31:17.081+0000] {dag.py:4180} INFO - Setting next_dagrun for example_complex to None, run_after=None
[2024-10-30T07:31:17.110+0000] {processor.py:208} INFO - Processing /home/airflow/.local/lib/python3.12/site-packages/airflow/example_dags/example_complex.py took 0.404 seconds
[2024-10-30T07:31:47.284+0000] {processor.py:186} INFO - Started process (PID=107) to work on /home/airflow/.local/lib/python3.12/site-packages/airflow/example_dags/example_complex.py
[2024-10-30T07:31:47.285+0000] {processor.py:914} INFO - Processing file /home/airflow/.local/lib/python3.12/site-packages/airflow/example_dags/example_complex.py for tasks to queue
[2024-10-30T07:31:47.287+0000] {logging_mixin.py:190} INFO - [2024-10-30T07:31:47.287+0000] {dagbag.py:588} INFO - Filling up the DagBag from /home/airflow/.local/lib/python3.12/site-packages/airflow/example_dags/example_complex.py
[2024-10-30T07:31:47.298+0000] {processor.py:925} INFO - DAG(s) 'example_complex' retrieved from /home/airflow/.local/lib/python3.12/site-packages/airflow/example_dags/example_complex.py
[2024-10-30T07:31:47.327+0000] {logging_mixin.py:190} INFO - [2024-10-30T07:31:47.327+0000] {dag.py:3239} INFO - Sync 1 DAGs
[2024-10-30T07:31:47.341+0000] {logging_mixin.py:190} INFO - [2024-10-30T07:31:47.341+0000] {dag.py:4180} INFO - Setting next_dagrun for example_complex to None, run_after=None
[2024-10-30T07:31:47.367+0000] {processor.py:208} INFO - Processing /home/airflow/.local/lib/python3.12/site-packages/airflow/example_dags/example_complex.py took 0.087 seconds
[2024-10-30T07:32:17.604+0000] {processor.py:186} INFO - Started process (PID=169) to work on /home/airflow/.local/lib/python3.12/site-packages/airflow/example_dags/example_complex.py
[2024-10-30T07:32:17.605+0000] {processor.py:914} INFO - Processing file /home/airflow/.local/lib/python3.12/site-packages/airflow/example_dags/example_complex.py for tasks to queue
[2024-10-30T07:32:17.606+0000] {logging_mixin.py:190} INFO - [2024-10-30T07:32:17.606+0000] {dagbag.py:588} INFO - Filling up the DagBag from /home/airflow/.local/lib/python3.12/site-packages/airflow/example_dags/example_complex.py
[2024-10-30T07:32:17.616+0000] {processor.py:925} INFO - DAG(s) 'example_complex' retrieved from /home/airflow/.local/lib/python3.12/site-packages/airflow/example_dags/example_complex.py
[2024-10-30T07:32:17.641+0000] {logging_mixin.py:190} INFO - [2024-10-30T07:32:17.641+0000] {dag.py:3239} INFO - Sync 1 DAGs
[2024-10-30T07:32:17.661+0000] {logging_mixin.py:190} INFO - [2024-10-30T07:32:17.660+0000] {dag.py:4180} INFO - Setting next_dagrun for example_complex to None, run_after=None
[2024-10-30T07:32:17.679+0000] {processor.py:208} INFO - Processing /home/airflow/.local/lib/python3.12/site-packages/airflow/example_dags/example_complex.py took 0.084 seconds
[2024-10-30T07:32:47.990+0000] {processor.py:186} INFO - Started process (PID=231) to work on /home/airflow/.local/lib/python3.12/site-packages/airflow/example_dags/example_complex.py
[2024-10-30T07:32:47.991+0000] {processor.py:914} INFO - Processing file /home/airflow/.local/lib/python3.12/site-packages/airflow/example_dags/example_complex.py for tasks to queue
[2024-10-30T07:32:47.993+0000] {logging_mixin.py:190} INFO - [2024-10-30T07:32:47.993+0000] {dagbag.py:588} INFO - Filling up the DagBag from /home/airflow/.local/lib/python3.12/site-packages/airflow/example_dags/example_complex.py
[2024-10-30T07:32:48.003+0000] {processor.py:925} INFO - DAG(s) 'example_complex' retrieved from /home/airflow/.local/lib/python3.12/site-packages/airflow/example_dags/example_complex.py
[2024-10-30T07:32:48.045+0000] {logging_mixin.py:190} INFO - [2024-10-30T07:32:48.045+0000] {dag.py:3239} INFO - Sync 1 DAGs
[2024-10-30T07:32:48.056+0000] {logging_mixin.py:190} INFO - [2024-10-30T07:32:48.056+0000] {dag.py:4180} INFO - Setting next_dagrun for example_complex to None, run_after=None
[2024-10-30T07:32:48.079+0000] {processor.py:208} INFO - Processing /home/airflow/.local/lib/python3.12/site-packages/airflow/example_dags/example_complex.py took 0.097 seconds
