[2024-10-30T07:31:23.050+0000] {processor.py:186} INFO - Started process (PID=86) to work on /home/airflow/.local/lib/python3.12/site-packages/airflow/example_dags/example_workday_timetable.py
[2024-10-30T07:31:23.051+0000] {processor.py:914} INFO - Processing file /home/airflow/.local/lib/python3.12/site-packages/airflow/example_dags/example_workday_timetable.py for tasks to queue
[2024-10-30T07:31:23.053+0000] {logging_mixin.py:190} INFO - [2024-10-30T07:31:23.053+0000] {dagbag.py:588} INFO - Filling up the DagBag from /home/airflow/.local/lib/python3.12/site-packages/airflow/example_dags/example_workday_timetable.py
[2024-10-30T07:31:23.062+0000] {processor.py:925} INFO - DAG(s) 'example_workday_timetable' retrieved from /home/airflow/.local/lib/python3.12/site-packages/airflow/example_dags/example_workday_timetable.py
[2024-10-30T07:31:23.148+0000] {logging_mixin.py:190} INFO - [2024-10-30T07:31:23.148+0000] {override.py:1900} INFO - Created Permission View: can read on DAG:example_workday_timetable
[2024-10-30T07:31:23.158+0000] {logging_mixin.py:190} INFO - [2024-10-30T07:31:23.158+0000] {override.py:1900} INFO - Created Permission View: can edit on DAG:example_workday_timetable
[2024-10-30T07:31:23.166+0000] {logging_mixin.py:190} INFO - [2024-10-30T07:31:23.166+0000] {override.py:1900} INFO - Created Permission View: can delete on DAG:example_workday_timetable
[2024-10-30T07:31:23.180+0000] {logging_mixin.py:190} INFO - [2024-10-30T07:31:23.180+0000] {override.py:1900} INFO - Created Permission View: can read on DAG Run:example_workday_timetable
[2024-10-30T07:31:23.190+0000] {logging_mixin.py:190} INFO - [2024-10-30T07:31:23.190+0000] {override.py:1900} INFO - Created Permission View: menu access on DAG Run:example_workday_timetable
[2024-10-30T07:31:23.198+0000] {logging_mixin.py:190} INFO - [2024-10-30T07:31:23.198+0000] {override.py:1900} INFO - Created Permission View: can create on DAG Run:example_workday_timetable
[2024-10-30T07:31:23.206+0000] {logging_mixin.py:190} INFO - [2024-10-30T07:31:23.206+0000] {override.py:1900} INFO - Created Permission View: can delete on DAG Run:example_workday_timetable
[2024-10-30T07:31:23.207+0000] {logging_mixin.py:190} INFO - [2024-10-30T07:31:23.207+0000] {dag.py:3239} INFO - Sync 1 DAGs
[2024-10-30T07:31:23.218+0000] {logging_mixin.py:190} INFO - [2024-10-30T07:31:23.218+0000] {dag.py:3262} INFO - Creating ORM DAG for example_workday_timetable
[2024-10-30T07:31:23.270+0000] {logging_mixin.py:190} INFO - [2024-10-30T07:31:23.269+0000] {dag.py:4180} INFO - Setting next_dagrun for example_workday_timetable to 2021-01-04 00:00:00+00:00, run_after=2021-01-05 00:00:00+00:00
[2024-10-30T07:31:23.286+0000] {processor.py:208} INFO - Processing /home/airflow/.local/lib/python3.12/site-packages/airflow/example_dags/example_workday_timetable.py took 0.242 seconds
[2024-10-30T07:31:53.863+0000] {processor.py:186} INFO - Started process (PID=148) to work on /home/airflow/.local/lib/python3.12/site-packages/airflow/example_dags/example_workday_timetable.py
[2024-10-30T07:31:53.864+0000] {processor.py:914} INFO - Processing file /home/airflow/.local/lib/python3.12/site-packages/airflow/example_dags/example_workday_timetable.py for tasks to queue
[2024-10-30T07:31:53.866+0000] {logging_mixin.py:190} INFO - [2024-10-30T07:31:53.866+0000] {dagbag.py:588} INFO - Filling up the DagBag from /home/airflow/.local/lib/python3.12/site-packages/airflow/example_dags/example_workday_timetable.py
[2024-10-30T07:31:53.870+0000] {processor.py:925} INFO - DAG(s) 'example_workday_timetable' retrieved from /home/airflow/.local/lib/python3.12/site-packages/airflow/example_dags/example_workday_timetable.py
[2024-10-30T07:31:53.886+0000] {logging_mixin.py:190} INFO - [2024-10-30T07:31:53.886+0000] {dag.py:3239} INFO - Sync 1 DAGs
[2024-10-30T07:31:53.927+0000] {logging_mixin.py:190} INFO - [2024-10-30T07:31:53.927+0000] {dag.py:4180} INFO - Setting next_dagrun for example_workday_timetable to 2021-01-04 00:00:00+00:00, run_after=2021-01-05 00:00:00+00:00
[2024-10-30T07:31:53.942+0000] {processor.py:208} INFO - Processing /home/airflow/.local/lib/python3.12/site-packages/airflow/example_dags/example_workday_timetable.py took 0.083 seconds
[2024-10-30T07:32:24.314+0000] {processor.py:186} INFO - Started process (PID=210) to work on /home/airflow/.local/lib/python3.12/site-packages/airflow/example_dags/example_workday_timetable.py
[2024-10-30T07:32:24.315+0000] {processor.py:914} INFO - Processing file /home/airflow/.local/lib/python3.12/site-packages/airflow/example_dags/example_workday_timetable.py for tasks to queue
[2024-10-30T07:32:24.317+0000] {logging_mixin.py:190} INFO - [2024-10-30T07:32:24.317+0000] {dagbag.py:588} INFO - Filling up the DagBag from /home/airflow/.local/lib/python3.12/site-packages/airflow/example_dags/example_workday_timetable.py
[2024-10-30T07:32:24.323+0000] {processor.py:925} INFO - DAG(s) 'example_workday_timetable' retrieved from /home/airflow/.local/lib/python3.12/site-packages/airflow/example_dags/example_workday_timetable.py
[2024-10-30T07:32:24.339+0000] {logging_mixin.py:190} INFO - [2024-10-30T07:32:24.339+0000] {dag.py:3239} INFO - Sync 1 DAGs
[2024-10-30T07:32:24.388+0000] {logging_mixin.py:190} INFO - [2024-10-30T07:32:24.387+0000] {dag.py:4180} INFO - Setting next_dagrun for example_workday_timetable to 2021-01-04 00:00:00+00:00, run_after=2021-01-05 00:00:00+00:00
[2024-10-30T07:32:24.405+0000] {processor.py:208} INFO - Processing /home/airflow/.local/lib/python3.12/site-packages/airflow/example_dags/example_workday_timetable.py took 0.096 seconds
[2024-10-30T07:32:54.702+0000] {processor.py:186} INFO - Started process (PID=272) to work on /home/airflow/.local/lib/python3.12/site-packages/airflow/example_dags/example_workday_timetable.py
[2024-10-30T07:32:54.703+0000] {processor.py:914} INFO - Processing file /home/airflow/.local/lib/python3.12/site-packages/airflow/example_dags/example_workday_timetable.py for tasks to queue
[2024-10-30T07:32:54.705+0000] {logging_mixin.py:190} INFO - [2024-10-30T07:32:54.704+0000] {dagbag.py:588} INFO - Filling up the DagBag from /home/airflow/.local/lib/python3.12/site-packages/airflow/example_dags/example_workday_timetable.py
[2024-10-30T07:32:54.709+0000] {processor.py:925} INFO - DAG(s) 'example_workday_timetable' retrieved from /home/airflow/.local/lib/python3.12/site-packages/airflow/example_dags/example_workday_timetable.py
[2024-10-30T07:32:54.725+0000] {logging_mixin.py:190} INFO - [2024-10-30T07:32:54.725+0000] {dag.py:3239} INFO - Sync 1 DAGs
[2024-10-30T07:32:54.775+0000] {logging_mixin.py:190} INFO - [2024-10-30T07:32:54.775+0000] {dag.py:4180} INFO - Setting next_dagrun for example_workday_timetable to 2021-01-04 00:00:00+00:00, run_after=2021-01-05 00:00:00+00:00
[2024-10-30T07:32:54.795+0000] {processor.py:208} INFO - Processing /home/airflow/.local/lib/python3.12/site-packages/airflow/example_dags/example_workday_timetable.py took 0.098 seconds
