[2024-10-30T07:31:20.092+0000] {processor.py:186} INFO - Started process (PID=62) to work on /home/airflow/.local/lib/python3.12/site-packages/airflow/example_dags/example_params_trigger_ui.py
[2024-10-30T07:31:20.093+0000] {processor.py:914} INFO - Processing file /home/airflow/.local/lib/python3.12/site-packages/airflow/example_dags/example_params_trigger_ui.py for tasks to queue
[2024-10-30T07:31:20.096+0000] {logging_mixin.py:190} INFO - [2024-10-30T07:31:20.095+0000] {dagbag.py:588} INFO - Filling up the DagBag from /home/airflow/.local/lib/python3.12/site-packages/airflow/example_dags/example_params_trigger_ui.py
[2024-10-30T07:31:20.108+0000] {processor.py:925} INFO - DAG(s) 'example_params_trigger_ui' retrieved from /home/airflow/.local/lib/python3.12/site-packages/airflow/example_dags/example_params_trigger_ui.py
[2024-10-30T07:31:20.211+0000] {logging_mixin.py:190} INFO - [2024-10-30T07:31:20.210+0000] {override.py:1900} INFO - Created Permission View: can read on DAG:example_params_trigger_ui
[2024-10-30T07:31:20.220+0000] {logging_mixin.py:190} INFO - [2024-10-30T07:31:20.219+0000] {override.py:1900} INFO - Created Permission View: can edit on DAG:example_params_trigger_ui
[2024-10-30T07:31:20.228+0000] {logging_mixin.py:190} INFO - [2024-10-30T07:31:20.228+0000] {override.py:1900} INFO - Created Permission View: can delete on DAG:example_params_trigger_ui
[2024-10-30T07:31:20.238+0000] {logging_mixin.py:190} INFO - [2024-10-30T07:31:20.238+0000] {override.py:1900} INFO - Created Permission View: can read on DAG Run:example_params_trigger_ui
[2024-10-30T07:31:20.246+0000] {logging_mixin.py:190} INFO - [2024-10-30T07:31:20.246+0000] {override.py:1900} INFO - Created Permission View: menu access on DAG Run:example_params_trigger_ui
[2024-10-30T07:31:20.252+0000] {logging_mixin.py:190} INFO - [2024-10-30T07:31:20.252+0000] {override.py:1900} INFO - Created Permission View: can create on DAG Run:example_params_trigger_ui
[2024-10-30T07:31:20.258+0000] {logging_mixin.py:190} INFO - [2024-10-30T07:31:20.258+0000] {override.py:1900} INFO - Created Permission View: can delete on DAG Run:example_params_trigger_ui
[2024-10-30T07:31:20.258+0000] {logging_mixin.py:190} INFO - [2024-10-30T07:31:20.258+0000] {dag.py:3239} INFO - Sync 1 DAGs
[2024-10-30T07:31:20.267+0000] {logging_mixin.py:190} INFO - [2024-10-30T07:31:20.267+0000] {dag.py:3262} INFO - Creating ORM DAG for example_params_trigger_ui
[2024-10-30T07:31:20.268+0000] {logging_mixin.py:190} INFO - [2024-10-30T07:31:20.268+0000] {dag.py:4180} INFO - Setting next_dagrun for example_params_trigger_ui to None, run_after=None
[2024-10-30T07:31:20.286+0000] {processor.py:208} INFO - Processing /home/airflow/.local/lib/python3.12/site-packages/airflow/example_dags/example_params_trigger_ui.py took 0.200 seconds
[2024-10-30T07:31:50.331+0000] {processor.py:186} INFO - Started process (PID=124) to work on /home/airflow/.local/lib/python3.12/site-packages/airflow/example_dags/example_params_trigger_ui.py
[2024-10-30T07:31:50.332+0000] {processor.py:914} INFO - Processing file /home/airflow/.local/lib/python3.12/site-packages/airflow/example_dags/example_params_trigger_ui.py for tasks to queue
[2024-10-30T07:31:50.333+0000] {logging_mixin.py:190} INFO - [2024-10-30T07:31:50.333+0000] {dagbag.py:588} INFO - Filling up the DagBag from /home/airflow/.local/lib/python3.12/site-packages/airflow/example_dags/example_params_trigger_ui.py
[2024-10-30T07:31:50.344+0000] {processor.py:925} INFO - DAG(s) 'example_params_trigger_ui' retrieved from /home/airflow/.local/lib/python3.12/site-packages/airflow/example_dags/example_params_trigger_ui.py
[2024-10-30T07:31:50.379+0000] {logging_mixin.py:190} INFO - [2024-10-30T07:31:50.379+0000] {dag.py:3239} INFO - Sync 1 DAGs
[2024-10-30T07:31:50.393+0000] {logging_mixin.py:190} INFO - [2024-10-30T07:31:50.393+0000] {dag.py:4180} INFO - Setting next_dagrun for example_params_trigger_ui to None, run_after=None
[2024-10-30T07:31:50.411+0000] {processor.py:208} INFO - Processing /home/airflow/.local/lib/python3.12/site-packages/airflow/example_dags/example_params_trigger_ui.py took 0.087 seconds
[2024-10-30T07:32:20.686+0000] {processor.py:186} INFO - Started process (PID=186) to work on /home/airflow/.local/lib/python3.12/site-packages/airflow/example_dags/example_params_trigger_ui.py
[2024-10-30T07:32:20.687+0000] {processor.py:914} INFO - Processing file /home/airflow/.local/lib/python3.12/site-packages/airflow/example_dags/example_params_trigger_ui.py for tasks to queue
[2024-10-30T07:32:20.689+0000] {logging_mixin.py:190} INFO - [2024-10-30T07:32:20.688+0000] {dagbag.py:588} INFO - Filling up the DagBag from /home/airflow/.local/lib/python3.12/site-packages/airflow/example_dags/example_params_trigger_ui.py
[2024-10-30T07:32:20.699+0000] {processor.py:925} INFO - DAG(s) 'example_params_trigger_ui' retrieved from /home/airflow/.local/lib/python3.12/site-packages/airflow/example_dags/example_params_trigger_ui.py
[2024-10-30T07:32:20.731+0000] {logging_mixin.py:190} INFO - [2024-10-30T07:32:20.731+0000] {dag.py:3239} INFO - Sync 1 DAGs
[2024-10-30T07:32:20.742+0000] {logging_mixin.py:190} INFO - [2024-10-30T07:32:20.741+0000] {dag.py:4180} INFO - Setting next_dagrun for example_params_trigger_ui to None, run_after=None
[2024-10-30T07:32:20.759+0000] {processor.py:208} INFO - Processing /home/airflow/.local/lib/python3.12/site-packages/airflow/example_dags/example_params_trigger_ui.py took 0.078 seconds
[2024-10-30T07:32:51.145+0000] {processor.py:186} INFO - Started process (PID=248) to work on /home/airflow/.local/lib/python3.12/site-packages/airflow/example_dags/example_params_trigger_ui.py
[2024-10-30T07:32:51.146+0000] {processor.py:914} INFO - Processing file /home/airflow/.local/lib/python3.12/site-packages/airflow/example_dags/example_params_trigger_ui.py for tasks to queue
[2024-10-30T07:32:51.148+0000] {logging_mixin.py:190} INFO - [2024-10-30T07:32:51.148+0000] {dagbag.py:588} INFO - Filling up the DagBag from /home/airflow/.local/lib/python3.12/site-packages/airflow/example_dags/example_params_trigger_ui.py
[2024-10-30T07:32:51.158+0000] {processor.py:925} INFO - DAG(s) 'example_params_trigger_ui' retrieved from /home/airflow/.local/lib/python3.12/site-packages/airflow/example_dags/example_params_trigger_ui.py
[2024-10-30T07:32:51.195+0000] {logging_mixin.py:190} INFO - [2024-10-30T07:32:51.195+0000] {dag.py:3239} INFO - Sync 1 DAGs
[2024-10-30T07:32:51.210+0000] {logging_mixin.py:190} INFO - [2024-10-30T07:32:51.210+0000] {dag.py:4180} INFO - Setting next_dagrun for example_params_trigger_ui to None, run_after=None
[2024-10-30T07:32:51.233+0000] {processor.py:208} INFO - Processing /home/airflow/.local/lib/python3.12/site-packages/airflow/example_dags/example_params_trigger_ui.py took 0.095 seconds
