[2024-10-30T07:31:23.335+0000] {processor.py:186} INFO - Started process (PID=89) to work on /home/airflow/.local/lib/python3.12/site-packages/airflow/example_dags/example_short_circuit_decorator.py
[2024-10-30T07:31:23.336+0000] {processor.py:914} INFO - Processing file /home/airflow/.local/lib/python3.12/site-packages/airflow/example_dags/example_short_circuit_decorator.py for tasks to queue
[2024-10-30T07:31:23.337+0000] {logging_mixin.py:190} INFO - [2024-10-30T07:31:23.337+0000] {dagbag.py:588} INFO - Filling up the DagBag from /home/airflow/.local/lib/python3.12/site-packages/airflow/example_dags/example_short_circuit_decorator.py
[2024-10-30T07:31:23.345+0000] {processor.py:925} INFO - DAG(s) 'example_short_circuit_decorator' retrieved from /home/airflow/.local/lib/python3.12/site-packages/airflow/example_dags/example_short_circuit_decorator.py
[2024-10-30T07:31:23.436+0000] {logging_mixin.py:190} INFO - [2024-10-30T07:31:23.436+0000] {override.py:1900} INFO - Created Permission View: can read on DAG:example_short_circuit_decorator
[2024-10-30T07:31:23.446+0000] {logging_mixin.py:190} INFO - [2024-10-30T07:31:23.445+0000] {override.py:1900} INFO - Created Permission View: can edit on DAG:example_short_circuit_decorator
[2024-10-30T07:31:23.452+0000] {logging_mixin.py:190} INFO - [2024-10-30T07:31:23.451+0000] {override.py:1900} INFO - Created Permission View: can delete on DAG:example_short_circuit_decorator
[2024-10-30T07:31:23.459+0000] {logging_mixin.py:190} INFO - [2024-10-30T07:31:23.459+0000] {override.py:1900} INFO - Created Permission View: can read on DAG Run:example_short_circuit_decorator
[2024-10-30T07:31:23.466+0000] {logging_mixin.py:190} INFO - [2024-10-30T07:31:23.466+0000] {override.py:1900} INFO - Created Permission View: menu access on DAG Run:example_short_circuit_decorator
[2024-10-30T07:31:23.472+0000] {logging_mixin.py:190} INFO - [2024-10-30T07:31:23.472+0000] {override.py:1900} INFO - Created Permission View: can create on DAG Run:example_short_circuit_decorator
[2024-10-30T07:31:23.480+0000] {logging_mixin.py:190} INFO - [2024-10-30T07:31:23.480+0000] {override.py:1900} INFO - Created Permission View: can delete on DAG Run:example_short_circuit_decorator
[2024-10-30T07:31:23.480+0000] {logging_mixin.py:190} INFO - [2024-10-30T07:31:23.480+0000] {dag.py:3239} INFO - Sync 1 DAGs
[2024-10-30T07:31:23.491+0000] {logging_mixin.py:190} INFO - [2024-10-30T07:31:23.491+0000] {dag.py:3262} INFO - Creating ORM DAG for example_short_circuit_decorator
[2024-10-30T07:31:23.492+0000] {logging_mixin.py:190} INFO - [2024-10-30T07:31:23.491+0000] {dag.py:4180} INFO - Setting next_dagrun for example_short_circuit_decorator to None, run_after=None
[2024-10-30T07:31:23.506+0000] {processor.py:208} INFO - Processing /home/airflow/.local/lib/python3.12/site-packages/airflow/example_dags/example_short_circuit_decorator.py took 0.176 seconds
[2024-10-30T07:31:53.965+0000] {processor.py:186} INFO - Started process (PID=151) to work on /home/airflow/.local/lib/python3.12/site-packages/airflow/example_dags/example_short_circuit_decorator.py
[2024-10-30T07:31:53.967+0000] {processor.py:914} INFO - Processing file /home/airflow/.local/lib/python3.12/site-packages/airflow/example_dags/example_short_circuit_decorator.py for tasks to queue
[2024-10-30T07:31:53.970+0000] {logging_mixin.py:190} INFO - [2024-10-30T07:31:53.969+0000] {dagbag.py:588} INFO - Filling up the DagBag from /home/airflow/.local/lib/python3.12/site-packages/airflow/example_dags/example_short_circuit_decorator.py
[2024-10-30T07:31:53.978+0000] {processor.py:925} INFO - DAG(s) 'example_short_circuit_decorator' retrieved from /home/airflow/.local/lib/python3.12/site-packages/airflow/example_dags/example_short_circuit_decorator.py
[2024-10-30T07:31:53.996+0000] {logging_mixin.py:190} INFO - [2024-10-30T07:31:53.995+0000] {dag.py:3239} INFO - Sync 1 DAGs
[2024-10-30T07:31:54.006+0000] {logging_mixin.py:190} INFO - [2024-10-30T07:31:54.006+0000] {dag.py:4180} INFO - Setting next_dagrun for example_short_circuit_decorator to None, run_after=None
[2024-10-30T07:31:54.021+0000] {processor.py:208} INFO - Processing /home/airflow/.local/lib/python3.12/site-packages/airflow/example_dags/example_short_circuit_decorator.py took 0.061 seconds
[2024-10-30T07:32:24.428+0000] {processor.py:186} INFO - Started process (PID=213) to work on /home/airflow/.local/lib/python3.12/site-packages/airflow/example_dags/example_short_circuit_decorator.py
[2024-10-30T07:32:24.429+0000] {processor.py:914} INFO - Processing file /home/airflow/.local/lib/python3.12/site-packages/airflow/example_dags/example_short_circuit_decorator.py for tasks to queue
[2024-10-30T07:32:24.431+0000] {logging_mixin.py:190} INFO - [2024-10-30T07:32:24.431+0000] {dagbag.py:588} INFO - Filling up the DagBag from /home/airflow/.local/lib/python3.12/site-packages/airflow/example_dags/example_short_circuit_decorator.py
[2024-10-30T07:32:24.439+0000] {processor.py:925} INFO - DAG(s) 'example_short_circuit_decorator' retrieved from /home/airflow/.local/lib/python3.12/site-packages/airflow/example_dags/example_short_circuit_decorator.py
[2024-10-30T07:32:24.456+0000] {logging_mixin.py:190} INFO - [2024-10-30T07:32:24.456+0000] {dag.py:3239} INFO - Sync 1 DAGs
[2024-10-30T07:32:24.469+0000] {logging_mixin.py:190} INFO - [2024-10-30T07:32:24.469+0000] {dag.py:4180} INFO - Setting next_dagrun for example_short_circuit_decorator to None, run_after=None
[2024-10-30T07:32:24.485+0000] {processor.py:208} INFO - Processing /home/airflow/.local/lib/python3.12/site-packages/airflow/example_dags/example_short_circuit_decorator.py took 0.062 seconds
[2024-10-30T07:32:54.821+0000] {processor.py:186} INFO - Started process (PID=275) to work on /home/airflow/.local/lib/python3.12/site-packages/airflow/example_dags/example_short_circuit_decorator.py
[2024-10-30T07:32:54.822+0000] {processor.py:914} INFO - Processing file /home/airflow/.local/lib/python3.12/site-packages/airflow/example_dags/example_short_circuit_decorator.py for tasks to queue
[2024-10-30T07:32:54.824+0000] {logging_mixin.py:190} INFO - [2024-10-30T07:32:54.824+0000] {dagbag.py:588} INFO - Filling up the DagBag from /home/airflow/.local/lib/python3.12/site-packages/airflow/example_dags/example_short_circuit_decorator.py
[2024-10-30T07:32:54.832+0000] {processor.py:925} INFO - DAG(s) 'example_short_circuit_decorator' retrieved from /home/airflow/.local/lib/python3.12/site-packages/airflow/example_dags/example_short_circuit_decorator.py
[2024-10-30T07:32:54.851+0000] {logging_mixin.py:190} INFO - [2024-10-30T07:32:54.850+0000] {dag.py:3239} INFO - Sync 1 DAGs
[2024-10-30T07:32:54.862+0000] {logging_mixin.py:190} INFO - [2024-10-30T07:32:54.862+0000] {dag.py:4180} INFO - Setting next_dagrun for example_short_circuit_decorator to None, run_after=None
[2024-10-30T07:32:54.878+0000] {processor.py:208} INFO - Processing /home/airflow/.local/lib/python3.12/site-packages/airflow/example_dags/example_short_circuit_decorator.py took 0.063 seconds
