[2024-10-30T07:31:22.711+0000] {processor.py:186} INFO - Started process (PID=83) to work on /home/airflow/.local/lib/python3.12/site-packages/airflow/example_dags/example_branch_day_of_week_operator.py
[2024-10-30T07:31:22.712+0000] {processor.py:914} INFO - Processing file /home/airflow/.local/lib/python3.12/site-packages/airflow/example_dags/example_branch_day_of_week_operator.py for tasks to queue
[2024-10-30T07:31:22.714+0000] {logging_mixin.py:190} INFO - [2024-10-30T07:31:22.714+0000] {dagbag.py:588} INFO - Filling up the DagBag from /home/airflow/.local/lib/python3.12/site-packages/airflow/example_dags/example_branch_day_of_week_operator.py
[2024-10-30T07:31:22.723+0000] {processor.py:925} INFO - DAG(s) 'example_weekday_branch_operator' retrieved from /home/airflow/.local/lib/python3.12/site-packages/airflow/example_dags/example_branch_day_of_week_operator.py
[2024-10-30T07:31:22.809+0000] {logging_mixin.py:190} INFO - [2024-10-30T07:31:22.808+0000] {override.py:1900} INFO - Created Permission View: can read on DAG:example_weekday_branch_operator
[2024-10-30T07:31:22.820+0000] {logging_mixin.py:190} INFO - [2024-10-30T07:31:22.820+0000] {override.py:1900} INFO - Created Permission View: can edit on DAG:example_weekday_branch_operator
[2024-10-30T07:31:22.828+0000] {logging_mixin.py:190} INFO - [2024-10-30T07:31:22.828+0000] {override.py:1900} INFO - Created Permission View: can delete on DAG:example_weekday_branch_operator
[2024-10-30T07:31:22.838+0000] {logging_mixin.py:190} INFO - [2024-10-30T07:31:22.838+0000] {override.py:1900} INFO - Created Permission View: can read on DAG Run:example_weekday_branch_operator
[2024-10-30T07:31:22.846+0000] {logging_mixin.py:190} INFO - [2024-10-30T07:31:22.846+0000] {override.py:1900} INFO - Created Permission View: menu access on DAG Run:example_weekday_branch_operator
[2024-10-30T07:31:22.852+0000] {logging_mixin.py:190} INFO - [2024-10-30T07:31:22.852+0000] {override.py:1900} INFO - Created Permission View: can create on DAG Run:example_weekday_branch_operator
[2024-10-30T07:31:22.860+0000] {logging_mixin.py:190} INFO - [2024-10-30T07:31:22.860+0000] {override.py:1900} INFO - Created Permission View: can delete on DAG Run:example_weekday_branch_operator
[2024-10-30T07:31:22.860+0000] {logging_mixin.py:190} INFO - [2024-10-30T07:31:22.860+0000] {dag.py:3239} INFO - Sync 1 DAGs
[2024-10-30T07:31:22.871+0000] {logging_mixin.py:190} INFO - [2024-10-30T07:31:22.871+0000] {dag.py:3262} INFO - Creating ORM DAG for example_weekday_branch_operator
[2024-10-30T07:31:22.881+0000] {logging_mixin.py:190} INFO - [2024-10-30T07:31:22.881+0000] {dag.py:4180} INFO - Setting next_dagrun for example_weekday_branch_operator to 2024-10-29 00:00:00+00:00, run_after=2024-10-30 00:00:00+00:00
[2024-10-30T07:31:22.901+0000] {processor.py:208} INFO - Processing /home/airflow/.local/lib/python3.12/site-packages/airflow/example_dags/example_branch_day_of_week_operator.py took 0.195 seconds
[2024-10-30T07:31:53.725+0000] {processor.py:186} INFO - Started process (PID=145) to work on /home/airflow/.local/lib/python3.12/site-packages/airflow/example_dags/example_branch_day_of_week_operator.py
[2024-10-30T07:31:53.726+0000] {processor.py:914} INFO - Processing file /home/airflow/.local/lib/python3.12/site-packages/airflow/example_dags/example_branch_day_of_week_operator.py for tasks to queue
[2024-10-30T07:31:53.727+0000] {logging_mixin.py:190} INFO - [2024-10-30T07:31:53.727+0000] {dagbag.py:588} INFO - Filling up the DagBag from /home/airflow/.local/lib/python3.12/site-packages/airflow/example_dags/example_branch_day_of_week_operator.py
[2024-10-30T07:31:53.735+0000] {processor.py:925} INFO - DAG(s) 'example_weekday_branch_operator' retrieved from /home/airflow/.local/lib/python3.12/site-packages/airflow/example_dags/example_branch_day_of_week_operator.py
[2024-10-30T07:31:53.754+0000] {logging_mixin.py:190} INFO - [2024-10-30T07:31:53.753+0000] {dag.py:3239} INFO - Sync 1 DAGs
[2024-10-30T07:31:53.773+0000] {logging_mixin.py:190} INFO - [2024-10-30T07:31:53.773+0000] {dag.py:4180} INFO - Setting next_dagrun for example_weekday_branch_operator to 2024-10-29 00:00:00+00:00, run_after=2024-10-30 00:00:00+00:00
[2024-10-30T07:31:53.788+0000] {processor.py:208} INFO - Processing /home/airflow/.local/lib/python3.12/site-packages/airflow/example_dags/example_branch_day_of_week_operator.py took 0.068 seconds
[2024-10-30T07:32:24.161+0000] {processor.py:186} INFO - Started process (PID=207) to work on /home/airflow/.local/lib/python3.12/site-packages/airflow/example_dags/example_branch_day_of_week_operator.py
[2024-10-30T07:32:24.162+0000] {processor.py:914} INFO - Processing file /home/airflow/.local/lib/python3.12/site-packages/airflow/example_dags/example_branch_day_of_week_operator.py for tasks to queue
[2024-10-30T07:32:24.164+0000] {logging_mixin.py:190} INFO - [2024-10-30T07:32:24.163+0000] {dagbag.py:588} INFO - Filling up the DagBag from /home/airflow/.local/lib/python3.12/site-packages/airflow/example_dags/example_branch_day_of_week_operator.py
[2024-10-30T07:32:24.174+0000] {processor.py:925} INFO - DAG(s) 'example_weekday_branch_operator' retrieved from /home/airflow/.local/lib/python3.12/site-packages/airflow/example_dags/example_branch_day_of_week_operator.py
[2024-10-30T07:32:24.193+0000] {logging_mixin.py:190} INFO - [2024-10-30T07:32:24.193+0000] {dag.py:3239} INFO - Sync 1 DAGs
[2024-10-30T07:32:24.220+0000] {logging_mixin.py:190} INFO - [2024-10-30T07:32:24.220+0000] {dag.py:4180} INFO - Setting next_dagrun for example_weekday_branch_operator to 2024-10-29 00:00:00+00:00, run_after=2024-10-30 00:00:00+00:00
[2024-10-30T07:32:24.237+0000] {processor.py:208} INFO - Processing /home/airflow/.local/lib/python3.12/site-packages/airflow/example_dags/example_branch_day_of_week_operator.py took 0.080 seconds
[2024-10-30T07:32:54.554+0000] {processor.py:186} INFO - Started process (PID=269) to work on /home/airflow/.local/lib/python3.12/site-packages/airflow/example_dags/example_branch_day_of_week_operator.py
[2024-10-30T07:32:54.555+0000] {processor.py:914} INFO - Processing file /home/airflow/.local/lib/python3.12/site-packages/airflow/example_dags/example_branch_day_of_week_operator.py for tasks to queue
[2024-10-30T07:32:54.556+0000] {logging_mixin.py:190} INFO - [2024-10-30T07:32:54.556+0000] {dagbag.py:588} INFO - Filling up the DagBag from /home/airflow/.local/lib/python3.12/site-packages/airflow/example_dags/example_branch_day_of_week_operator.py
[2024-10-30T07:32:54.566+0000] {processor.py:925} INFO - DAG(s) 'example_weekday_branch_operator' retrieved from /home/airflow/.local/lib/python3.12/site-packages/airflow/example_dags/example_branch_day_of_week_operator.py
[2024-10-30T07:32:54.582+0000] {logging_mixin.py:190} INFO - [2024-10-30T07:32:54.582+0000] {dag.py:3239} INFO - Sync 1 DAGs
[2024-10-30T07:32:54.602+0000] {logging_mixin.py:190} INFO - [2024-10-30T07:32:54.601+0000] {dag.py:4180} INFO - Setting next_dagrun for example_weekday_branch_operator to 2024-10-29 00:00:00+00:00, run_after=2024-10-30 00:00:00+00:00
[2024-10-30T07:32:54.618+0000] {processor.py:208} INFO - Processing /home/airflow/.local/lib/python3.12/site-packages/airflow/example_dags/example_branch_day_of_week_operator.py took 0.069 seconds
