[2024-10-30T07:31:23.758+0000] {processor.py:186} INFO - Started process (PID=93) to work on /home/airflow/.local/lib/python3.12/site-packages/airflow/example_dags/example_python_operator.py
[2024-10-30T07:31:23.758+0000] {processor.py:914} INFO - Processing file /home/airflow/.local/lib/python3.12/site-packages/airflow/example_dags/example_python_operator.py for tasks to queue
[2024-10-30T07:31:23.760+0000] {logging_mixin.py:190} INFO - [2024-10-30T07:31:23.760+0000] {dagbag.py:588} INFO - Filling up the DagBag from /home/airflow/.local/lib/python3.12/site-packages/airflow/example_dags/example_python_operator.py
[2024-10-30T07:31:23.773+0000] {processor.py:925} INFO - DAG(s) 'example_python_operator' retrieved from /home/airflow/.local/lib/python3.12/site-packages/airflow/example_dags/example_python_operator.py
[2024-10-30T07:31:23.868+0000] {logging_mixin.py:190} INFO - [2024-10-30T07:31:23.868+0000] {override.py:1900} INFO - Created Permission View: can read on DAG:example_python_operator
[2024-10-30T07:31:23.878+0000] {logging_mixin.py:190} INFO - [2024-10-30T07:31:23.878+0000] {override.py:1900} INFO - Created Permission View: can edit on DAG:example_python_operator
[2024-10-30T07:31:23.886+0000] {logging_mixin.py:190} INFO - [2024-10-30T07:31:23.885+0000] {override.py:1900} INFO - Created Permission View: can delete on DAG:example_python_operator
[2024-10-30T07:31:23.896+0000] {logging_mixin.py:190} INFO - [2024-10-30T07:31:23.895+0000] {override.py:1900} INFO - Created Permission View: can read on DAG Run:example_python_operator
[2024-10-30T07:31:23.902+0000] {logging_mixin.py:190} INFO - [2024-10-30T07:31:23.902+0000] {override.py:1900} INFO - Created Permission View: menu access on DAG Run:example_python_operator
[2024-10-30T07:31:23.908+0000] {logging_mixin.py:190} INFO - [2024-10-30T07:31:23.908+0000] {override.py:1900} INFO - Created Permission View: can create on DAG Run:example_python_operator
[2024-10-30T07:31:23.914+0000] {logging_mixin.py:190} INFO - [2024-10-30T07:31:23.914+0000] {override.py:1900} INFO - Created Permission View: can delete on DAG Run:example_python_operator
[2024-10-30T07:31:23.914+0000] {logging_mixin.py:190} INFO - [2024-10-30T07:31:23.914+0000] {dag.py:3239} INFO - Sync 1 DAGs
[2024-10-30T07:31:23.923+0000] {logging_mixin.py:190} INFO - [2024-10-30T07:31:23.923+0000] {dag.py:3262} INFO - Creating ORM DAG for example_python_operator
[2024-10-30T07:31:23.923+0000] {logging_mixin.py:190} INFO - [2024-10-30T07:31:23.923+0000] {dag.py:4180} INFO - Setting next_dagrun for example_python_operator to None, run_after=None
[2024-10-30T07:31:23.936+0000] {processor.py:208} INFO - Processing /home/airflow/.local/lib/python3.12/site-packages/airflow/example_dags/example_python_operator.py took 0.184 seconds
[2024-10-30T07:31:54.211+0000] {processor.py:186} INFO - Started process (PID=155) to work on /home/airflow/.local/lib/python3.12/site-packages/airflow/example_dags/example_python_operator.py
[2024-10-30T07:31:54.212+0000] {processor.py:914} INFO - Processing file /home/airflow/.local/lib/python3.12/site-packages/airflow/example_dags/example_python_operator.py for tasks to queue
[2024-10-30T07:31:54.214+0000] {logging_mixin.py:190} INFO - [2024-10-30T07:31:54.214+0000] {dagbag.py:588} INFO - Filling up the DagBag from /home/airflow/.local/lib/python3.12/site-packages/airflow/example_dags/example_python_operator.py
[2024-10-30T07:31:54.225+0000] {processor.py:925} INFO - DAG(s) 'example_python_operator' retrieved from /home/airflow/.local/lib/python3.12/site-packages/airflow/example_dags/example_python_operator.py
[2024-10-30T07:31:54.242+0000] {logging_mixin.py:190} INFO - [2024-10-30T07:31:54.242+0000] {dag.py:3239} INFO - Sync 1 DAGs
[2024-10-30T07:31:54.258+0000] {logging_mixin.py:190} INFO - [2024-10-30T07:31:54.258+0000] {dag.py:4180} INFO - Setting next_dagrun for example_python_operator to None, run_after=None
[2024-10-30T07:31:54.288+0000] {processor.py:208} INFO - Processing /home/airflow/.local/lib/python3.12/site-packages/airflow/example_dags/example_python_operator.py took 0.081 seconds
[2024-10-30T07:32:24.660+0000] {processor.py:186} INFO - Started process (PID=217) to work on /home/airflow/.local/lib/python3.12/site-packages/airflow/example_dags/example_python_operator.py
[2024-10-30T07:32:24.661+0000] {processor.py:914} INFO - Processing file /home/airflow/.local/lib/python3.12/site-packages/airflow/example_dags/example_python_operator.py for tasks to queue
[2024-10-30T07:32:24.663+0000] {logging_mixin.py:190} INFO - [2024-10-30T07:32:24.663+0000] {dagbag.py:588} INFO - Filling up the DagBag from /home/airflow/.local/lib/python3.12/site-packages/airflow/example_dags/example_python_operator.py
[2024-10-30T07:32:24.672+0000] {processor.py:925} INFO - DAG(s) 'example_python_operator' retrieved from /home/airflow/.local/lib/python3.12/site-packages/airflow/example_dags/example_python_operator.py
[2024-10-30T07:32:24.689+0000] {logging_mixin.py:190} INFO - [2024-10-30T07:32:24.689+0000] {dag.py:3239} INFO - Sync 1 DAGs
[2024-10-30T07:32:24.706+0000] {logging_mixin.py:190} INFO - [2024-10-30T07:32:24.706+0000] {dag.py:4180} INFO - Setting next_dagrun for example_python_operator to None, run_after=None
[2024-10-30T07:32:24.725+0000] {processor.py:208} INFO - Processing /home/airflow/.local/lib/python3.12/site-packages/airflow/example_dags/example_python_operator.py took 0.072 seconds
[2024-10-30T07:32:54.993+0000] {processor.py:186} INFO - Started process (PID=279) to work on /home/airflow/.local/lib/python3.12/site-packages/airflow/example_dags/example_python_operator.py
[2024-10-30T07:32:54.994+0000] {processor.py:914} INFO - Processing file /home/airflow/.local/lib/python3.12/site-packages/airflow/example_dags/example_python_operator.py for tasks to queue
[2024-10-30T07:32:54.995+0000] {logging_mixin.py:190} INFO - [2024-10-30T07:32:54.995+0000] {dagbag.py:588} INFO - Filling up the DagBag from /home/airflow/.local/lib/python3.12/site-packages/airflow/example_dags/example_python_operator.py
[2024-10-30T07:32:55.005+0000] {processor.py:925} INFO - DAG(s) 'example_python_operator' retrieved from /home/airflow/.local/lib/python3.12/site-packages/airflow/example_dags/example_python_operator.py
[2024-10-30T07:32:55.022+0000] {logging_mixin.py:190} INFO - [2024-10-30T07:32:55.022+0000] {dag.py:3239} INFO - Sync 1 DAGs
[2024-10-30T07:32:55.035+0000] {logging_mixin.py:190} INFO - [2024-10-30T07:32:55.035+0000] {dag.py:4180} INFO - Setting next_dagrun for example_python_operator to None, run_after=None
[2024-10-30T07:32:55.053+0000] {processor.py:208} INFO - Processing /home/airflow/.local/lib/python3.12/site-packages/airflow/example_dags/example_python_operator.py took 0.065 seconds
