[2024-10-30T07:31:17.705+0000] {processor.py:186} INFO - Started process (PID=49) to work on /home/airflow/.local/lib/python3.12/site-packages/airflow/example_dags/example_datasets.py
[2024-10-30T07:31:17.705+0000] {processor.py:914} INFO - Processing file /home/airflow/.local/lib/python3.12/site-packages/airflow/example_dags/example_datasets.py for tasks to queue
[2024-10-30T07:31:17.707+0000] {logging_mixin.py:190} INFO - [2024-10-30T07:31:17.707+0000] {dagbag.py:588} INFO - Filling up the DagBag from /home/airflow/.local/lib/python3.12/site-packages/airflow/example_dags/example_datasets.py
[2024-10-30T07:31:18.282+0000] {processor.py:925} INFO - DAG(s) 'dataset_consumes_1_never_scheduled', 'consume_1_or_2_with_dataset_expressions', 'dataset_produces_1', 'dataset_produces_2', 'consume_1_or_both_2_and_3_with_dataset_expressions', 'consume_1_and_2_with_dataset_expressions', 'dataset_consumes_unknown_never_scheduled', 'dataset_consumes_1', 'dataset_consumes_1_and_2', 'conditional_dataset_and_time_based_timetable' retrieved from /home/airflow/.local/lib/python3.12/site-packages/airflow/example_dags/example_datasets.py
[2024-10-30T07:31:18.395+0000] {logging_mixin.py:190} INFO - [2024-10-30T07:31:18.394+0000] {override.py:1900} INFO - Created Permission View: can read on DAG:dataset_consumes_1_never_scheduled
[2024-10-30T07:31:18.404+0000] {logging_mixin.py:190} INFO - [2024-10-30T07:31:18.404+0000] {override.py:1900} INFO - Created Permission View: can edit on DAG:dataset_consumes_1_never_scheduled
[2024-10-30T07:31:18.410+0000] {logging_mixin.py:190} INFO - [2024-10-30T07:31:18.410+0000] {override.py:1900} INFO - Created Permission View: can delete on DAG:dataset_consumes_1_never_scheduled
[2024-10-30T07:31:18.417+0000] {logging_mixin.py:190} INFO - [2024-10-30T07:31:18.417+0000] {override.py:1900} INFO - Created Permission View: can read on DAG Run:dataset_consumes_1_never_scheduled
[2024-10-30T07:31:18.423+0000] {logging_mixin.py:190} INFO - [2024-10-30T07:31:18.422+0000] {override.py:1900} INFO - Created Permission View: menu access on DAG Run:dataset_consumes_1_never_scheduled
[2024-10-30T07:31:18.430+0000] {logging_mixin.py:190} INFO - [2024-10-30T07:31:18.430+0000] {override.py:1900} INFO - Created Permission View: can create on DAG Run:dataset_consumes_1_never_scheduled
[2024-10-30T07:31:18.436+0000] {logging_mixin.py:190} INFO - [2024-10-30T07:31:18.436+0000] {override.py:1900} INFO - Created Permission View: can delete on DAG Run:dataset_consumes_1_never_scheduled
[2024-10-30T07:31:18.446+0000] {logging_mixin.py:190} INFO - [2024-10-30T07:31:18.446+0000] {override.py:1900} INFO - Created Permission View: can read on DAG:consume_1_or_2_with_dataset_expressions
[2024-10-30T07:31:18.452+0000] {logging_mixin.py:190} INFO - [2024-10-30T07:31:18.452+0000] {override.py:1900} INFO - Created Permission View: can edit on DAG:consume_1_or_2_with_dataset_expressions
[2024-10-30T07:31:18.458+0000] {logging_mixin.py:190} INFO - [2024-10-30T07:31:18.458+0000] {override.py:1900} INFO - Created Permission View: can delete on DAG:consume_1_or_2_with_dataset_expressions
[2024-10-30T07:31:18.466+0000] {logging_mixin.py:190} INFO - [2024-10-30T07:31:18.466+0000] {override.py:1900} INFO - Created Permission View: can read on DAG Run:consume_1_or_2_with_dataset_expressions
[2024-10-30T07:31:18.472+0000] {logging_mixin.py:190} INFO - [2024-10-30T07:31:18.472+0000] {override.py:1900} INFO - Created Permission View: menu access on DAG Run:consume_1_or_2_with_dataset_expressions
[2024-10-30T07:31:18.478+0000] {logging_mixin.py:190} INFO - [2024-10-30T07:31:18.478+0000] {override.py:1900} INFO - Created Permission View: can create on DAG Run:consume_1_or_2_with_dataset_expressions
[2024-10-30T07:31:18.486+0000] {logging_mixin.py:190} INFO - [2024-10-30T07:31:18.485+0000] {override.py:1900} INFO - Created Permission View: can delete on DAG Run:consume_1_or_2_with_dataset_expressions
[2024-10-30T07:31:18.498+0000] {logging_mixin.py:190} INFO - [2024-10-30T07:31:18.498+0000] {override.py:1900} INFO - Created Permission View: can read on DAG:dataset_produces_1
[2024-10-30T07:31:18.504+0000] {logging_mixin.py:190} INFO - [2024-10-30T07:31:18.504+0000] {override.py:1900} INFO - Created Permission View: can edit on DAG:dataset_produces_1
[2024-10-30T07:31:18.510+0000] {logging_mixin.py:190} INFO - [2024-10-30T07:31:18.510+0000] {override.py:1900} INFO - Created Permission View: can delete on DAG:dataset_produces_1
[2024-10-30T07:31:18.520+0000] {logging_mixin.py:190} INFO - [2024-10-30T07:31:18.520+0000] {override.py:1900} INFO - Created Permission View: can read on DAG Run:dataset_produces_1
[2024-10-30T07:31:18.526+0000] {logging_mixin.py:190} INFO - [2024-10-30T07:31:18.525+0000] {override.py:1900} INFO - Created Permission View: menu access on DAG Run:dataset_produces_1
[2024-10-30T07:31:18.533+0000] {logging_mixin.py:190} INFO - [2024-10-30T07:31:18.533+0000] {override.py:1900} INFO - Created Permission View: can create on DAG Run:dataset_produces_1
[2024-10-30T07:31:18.540+0000] {logging_mixin.py:190} INFO - [2024-10-30T07:31:18.540+0000] {override.py:1900} INFO - Created Permission View: can delete on DAG Run:dataset_produces_1
[2024-10-30T07:31:18.556+0000] {logging_mixin.py:190} INFO - [2024-10-30T07:31:18.555+0000] {override.py:1900} INFO - Created Permission View: can read on DAG:dataset_produces_2
[2024-10-30T07:31:18.563+0000] {logging_mixin.py:190} INFO - [2024-10-30T07:31:18.563+0000] {override.py:1900} INFO - Created Permission View: can edit on DAG:dataset_produces_2
[2024-10-30T07:31:18.569+0000] {logging_mixin.py:190} INFO - [2024-10-30T07:31:18.569+0000] {override.py:1900} INFO - Created Permission View: can delete on DAG:dataset_produces_2
[2024-10-30T07:31:18.578+0000] {logging_mixin.py:190} INFO - [2024-10-30T07:31:18.578+0000] {override.py:1900} INFO - Created Permission View: can read on DAG Run:dataset_produces_2
[2024-10-30T07:31:18.586+0000] {logging_mixin.py:190} INFO - [2024-10-30T07:31:18.586+0000] {override.py:1900} INFO - Created Permission View: menu access on DAG Run:dataset_produces_2
[2024-10-30T07:31:18.598+0000] {logging_mixin.py:190} INFO - [2024-10-30T07:31:18.598+0000] {override.py:1900} INFO - Created Permission View: can create on DAG Run:dataset_produces_2
[2024-10-30T07:31:18.606+0000] {logging_mixin.py:190} INFO - [2024-10-30T07:31:18.606+0000] {override.py:1900} INFO - Created Permission View: can delete on DAG Run:dataset_produces_2
[2024-10-30T07:31:18.622+0000] {logging_mixin.py:190} INFO - [2024-10-30T07:31:18.622+0000] {override.py:1900} INFO - Created Permission View: can read on DAG:consume_1_or_both_2_and_3_with_dataset_expressions
[2024-10-30T07:31:18.630+0000] {logging_mixin.py:190} INFO - [2024-10-30T07:31:18.630+0000] {override.py:1900} INFO - Created Permission View: can edit on DAG:consume_1_or_both_2_and_3_with_dataset_expressions
[2024-10-30T07:31:18.638+0000] {logging_mixin.py:190} INFO - [2024-10-30T07:31:18.638+0000] {override.py:1900} INFO - Created Permission View: can delete on DAG:consume_1_or_both_2_and_3_with_dataset_expressions
[2024-10-30T07:31:18.646+0000] {logging_mixin.py:190} INFO - [2024-10-30T07:31:18.646+0000] {override.py:1900} INFO - Created Permission View: can read on DAG Run:consume_1_or_both_2_and_3_with_dataset_expressions
[2024-10-30T07:31:18.654+0000] {logging_mixin.py:190} INFO - [2024-10-30T07:31:18.654+0000] {override.py:1900} INFO - Created Permission View: menu access on DAG Run:consume_1_or_both_2_and_3_with_dataset_expressions
[2024-10-30T07:31:18.662+0000] {logging_mixin.py:190} INFO - [2024-10-30T07:31:18.662+0000] {override.py:1900} INFO - Created Permission View: can create on DAG Run:consume_1_or_both_2_and_3_with_dataset_expressions
[2024-10-30T07:31:18.669+0000] {logging_mixin.py:190} INFO - [2024-10-30T07:31:18.669+0000] {override.py:1900} INFO - Created Permission View: can delete on DAG Run:consume_1_or_both_2_and_3_with_dataset_expressions
[2024-10-30T07:31:18.686+0000] {logging_mixin.py:190} INFO - [2024-10-30T07:31:18.686+0000] {override.py:1900} INFO - Created Permission View: can read on DAG:consume_1_and_2_with_dataset_expressions
[2024-10-30T07:31:18.693+0000] {logging_mixin.py:190} INFO - [2024-10-30T07:31:18.693+0000] {override.py:1900} INFO - Created Permission View: can edit on DAG:consume_1_and_2_with_dataset_expressions
[2024-10-30T07:31:18.702+0000] {logging_mixin.py:190} INFO - [2024-10-30T07:31:18.702+0000] {override.py:1900} INFO - Created Permission View: can delete on DAG:consume_1_and_2_with_dataset_expressions
[2024-10-30T07:31:18.712+0000] {logging_mixin.py:190} INFO - [2024-10-30T07:31:18.712+0000] {override.py:1900} INFO - Created Permission View: can read on DAG Run:consume_1_and_2_with_dataset_expressions
[2024-10-30T07:31:18.720+0000] {logging_mixin.py:190} INFO - [2024-10-30T07:31:18.720+0000] {override.py:1900} INFO - Created Permission View: menu access on DAG Run:consume_1_and_2_with_dataset_expressions
[2024-10-30T07:31:18.728+0000] {logging_mixin.py:190} INFO - [2024-10-30T07:31:18.728+0000] {override.py:1900} INFO - Created Permission View: can create on DAG Run:consume_1_and_2_with_dataset_expressions
[2024-10-30T07:31:18.736+0000] {logging_mixin.py:190} INFO - [2024-10-30T07:31:18.736+0000] {override.py:1900} INFO - Created Permission View: can delete on DAG Run:consume_1_and_2_with_dataset_expressions
[2024-10-30T07:31:18.750+0000] {logging_mixin.py:190} INFO - [2024-10-30T07:31:18.750+0000] {override.py:1900} INFO - Created Permission View: can read on DAG:dataset_consumes_unknown_never_scheduled
[2024-10-30T07:31:18.758+0000] {logging_mixin.py:190} INFO - [2024-10-30T07:31:18.758+0000] {override.py:1900} INFO - Created Permission View: can edit on DAG:dataset_consumes_unknown_never_scheduled
[2024-10-30T07:31:18.766+0000] {logging_mixin.py:190} INFO - [2024-10-30T07:31:18.766+0000] {override.py:1900} INFO - Created Permission View: can delete on DAG:dataset_consumes_unknown_never_scheduled
[2024-10-30T07:31:18.776+0000] {logging_mixin.py:190} INFO - [2024-10-30T07:31:18.775+0000] {override.py:1900} INFO - Created Permission View: can read on DAG Run:dataset_consumes_unknown_never_scheduled
[2024-10-30T07:31:18.782+0000] {logging_mixin.py:190} INFO - [2024-10-30T07:31:18.781+0000] {override.py:1900} INFO - Created Permission View: menu access on DAG Run:dataset_consumes_unknown_never_scheduled
[2024-10-30T07:31:18.788+0000] {logging_mixin.py:190} INFO - [2024-10-30T07:31:18.788+0000] {override.py:1900} INFO - Created Permission View: can create on DAG Run:dataset_consumes_unknown_never_scheduled
[2024-10-30T07:31:18.796+0000] {logging_mixin.py:190} INFO - [2024-10-30T07:31:18.796+0000] {override.py:1900} INFO - Created Permission View: can delete on DAG Run:dataset_consumes_unknown_never_scheduled
[2024-10-30T07:31:18.814+0000] {logging_mixin.py:190} INFO - [2024-10-30T07:31:18.814+0000] {override.py:1900} INFO - Created Permission View: can read on DAG:dataset_consumes_1
[2024-10-30T07:31:18.822+0000] {logging_mixin.py:190} INFO - [2024-10-30T07:31:18.822+0000] {override.py:1900} INFO - Created Permission View: can edit on DAG:dataset_consumes_1
[2024-10-30T07:31:18.829+0000] {logging_mixin.py:190} INFO - [2024-10-30T07:31:18.828+0000] {override.py:1900} INFO - Created Permission View: can delete on DAG:dataset_consumes_1
[2024-10-30T07:31:18.837+0000] {logging_mixin.py:190} INFO - [2024-10-30T07:31:18.836+0000] {override.py:1900} INFO - Created Permission View: can read on DAG Run:dataset_consumes_1
[2024-10-30T07:31:18.844+0000] {logging_mixin.py:190} INFO - [2024-10-30T07:31:18.844+0000] {override.py:1900} INFO - Created Permission View: menu access on DAG Run:dataset_consumes_1
[2024-10-30T07:31:18.852+0000] {logging_mixin.py:190} INFO - [2024-10-30T07:31:18.852+0000] {override.py:1900} INFO - Created Permission View: can create on DAG Run:dataset_consumes_1
[2024-10-30T07:31:18.860+0000] {logging_mixin.py:190} INFO - [2024-10-30T07:31:18.860+0000] {override.py:1900} INFO - Created Permission View: can delete on DAG Run:dataset_consumes_1
[2024-10-30T07:31:18.874+0000] {logging_mixin.py:190} INFO - [2024-10-30T07:31:18.874+0000] {override.py:1900} INFO - Created Permission View: can read on DAG:dataset_consumes_1_and_2
[2024-10-30T07:31:18.882+0000] {logging_mixin.py:190} INFO - [2024-10-30T07:31:18.882+0000] {override.py:1900} INFO - Created Permission View: can edit on DAG:dataset_consumes_1_and_2
[2024-10-30T07:31:18.890+0000] {logging_mixin.py:190} INFO - [2024-10-30T07:31:18.890+0000] {override.py:1900} INFO - Created Permission View: can delete on DAG:dataset_consumes_1_and_2
[2024-10-30T07:31:18.900+0000] {logging_mixin.py:190} INFO - [2024-10-30T07:31:18.899+0000] {override.py:1900} INFO - Created Permission View: can read on DAG Run:dataset_consumes_1_and_2
[2024-10-30T07:31:18.906+0000] {logging_mixin.py:190} INFO - [2024-10-30T07:31:18.906+0000] {override.py:1900} INFO - Created Permission View: menu access on DAG Run:dataset_consumes_1_and_2
[2024-10-30T07:31:18.912+0000] {logging_mixin.py:190} INFO - [2024-10-30T07:31:18.911+0000] {override.py:1900} INFO - Created Permission View: can create on DAG Run:dataset_consumes_1_and_2
[2024-10-30T07:31:18.917+0000] {logging_mixin.py:190} INFO - [2024-10-30T07:31:18.917+0000] {override.py:1900} INFO - Created Permission View: can delete on DAG Run:dataset_consumes_1_and_2
[2024-10-30T07:31:18.928+0000] {logging_mixin.py:190} INFO - [2024-10-30T07:31:18.928+0000] {override.py:1900} INFO - Created Permission View: can read on DAG:conditional_dataset_and_time_based_timetable
[2024-10-30T07:31:18.934+0000] {logging_mixin.py:190} INFO - [2024-10-30T07:31:18.934+0000] {override.py:1900} INFO - Created Permission View: can edit on DAG:conditional_dataset_and_time_based_timetable
[2024-10-30T07:31:18.940+0000] {logging_mixin.py:190} INFO - [2024-10-30T07:31:18.939+0000] {override.py:1900} INFO - Created Permission View: can delete on DAG:conditional_dataset_and_time_based_timetable
[2024-10-30T07:31:18.948+0000] {logging_mixin.py:190} INFO - [2024-10-30T07:31:18.948+0000] {override.py:1900} INFO - Created Permission View: can read on DAG Run:conditional_dataset_and_time_based_timetable
[2024-10-30T07:31:18.954+0000] {logging_mixin.py:190} INFO - [2024-10-30T07:31:18.954+0000] {override.py:1900} INFO - Created Permission View: menu access on DAG Run:conditional_dataset_and_time_based_timetable
[2024-10-30T07:31:18.960+0000] {logging_mixin.py:190} INFO - [2024-10-30T07:31:18.960+0000] {override.py:1900} INFO - Created Permission View: can create on DAG Run:conditional_dataset_and_time_based_timetable
[2024-10-30T07:31:18.966+0000] {logging_mixin.py:190} INFO - [2024-10-30T07:31:18.966+0000] {override.py:1900} INFO - Created Permission View: can delete on DAG Run:conditional_dataset_and_time_based_timetable
[2024-10-30T07:31:18.967+0000] {logging_mixin.py:190} INFO - [2024-10-30T07:31:18.966+0000] {dag.py:3239} INFO - Sync 10 DAGs
[2024-10-30T07:31:18.982+0000] {logging_mixin.py:190} INFO - [2024-10-30T07:31:18.982+0000] {dag.py:3262} INFO - Creating ORM DAG for consume_1_or_2_with_dataset_expressions
[2024-10-30T07:31:18.983+0000] {logging_mixin.py:190} INFO - [2024-10-30T07:31:18.983+0000] {dag.py:3262} INFO - Creating ORM DAG for dataset_consumes_unknown_never_scheduled
[2024-10-30T07:31:18.983+0000] {logging_mixin.py:190} INFO - [2024-10-30T07:31:18.983+0000] {dag.py:3262} INFO - Creating ORM DAG for dataset_consumes_1_and_2
[2024-10-30T07:31:18.983+0000] {logging_mixin.py:190} INFO - [2024-10-30T07:31:18.983+0000] {dag.py:3262} INFO - Creating ORM DAG for conditional_dataset_and_time_based_timetable
[2024-10-30T07:31:18.984+0000] {logging_mixin.py:190} INFO - [2024-10-30T07:31:18.984+0000] {dag.py:3262} INFO - Creating ORM DAG for dataset_produces_2
[2024-10-30T07:31:18.984+0000] {logging_mixin.py:190} INFO - [2024-10-30T07:31:18.984+0000] {dag.py:3262} INFO - Creating ORM DAG for dataset_consumes_1
[2024-10-30T07:31:18.984+0000] {logging_mixin.py:190} INFO - [2024-10-30T07:31:18.984+0000] {dag.py:3262} INFO - Creating ORM DAG for dataset_consumes_1_never_scheduled
[2024-10-30T07:31:18.984+0000] {logging_mixin.py:190} INFO - [2024-10-30T07:31:18.984+0000] {dag.py:3262} INFO - Creating ORM DAG for consume_1_and_2_with_dataset_expressions
[2024-10-30T07:31:18.985+0000] {logging_mixin.py:190} INFO - [2024-10-30T07:31:18.985+0000] {dag.py:3262} INFO - Creating ORM DAG for dataset_produces_1
[2024-10-30T07:31:18.985+0000] {logging_mixin.py:190} INFO - [2024-10-30T07:31:18.985+0000] {dag.py:3262} INFO - Creating ORM DAG for consume_1_or_both_2_and_3_with_dataset_expressions
[2024-10-30T07:31:18.995+0000] {logging_mixin.py:190} INFO - [2024-10-30T07:31:18.995+0000] {dag.py:4180} INFO - Setting next_dagrun for conditional_dataset_and_time_based_timetable to 2024-10-30 01:00:00+00:00, run_after=2024-10-30 01:00:00+00:00
[2024-10-30T07:31:18.996+0000] {logging_mixin.py:190} INFO - [2024-10-30T07:31:18.996+0000] {dag.py:4180} INFO - Setting next_dagrun for consume_1_and_2_with_dataset_expressions to None, run_after=None
[2024-10-30T07:31:18.996+0000] {logging_mixin.py:190} INFO - [2024-10-30T07:31:18.996+0000] {dag.py:4180} INFO - Setting next_dagrun for consume_1_or_2_with_dataset_expressions to None, run_after=None
[2024-10-30T07:31:18.997+0000] {logging_mixin.py:190} INFO - [2024-10-30T07:31:18.997+0000] {dag.py:4180} INFO - Setting next_dagrun for consume_1_or_both_2_and_3_with_dataset_expressions to None, run_after=None
[2024-10-30T07:31:18.997+0000] {logging_mixin.py:190} INFO - [2024-10-30T07:31:18.997+0000] {dag.py:4180} INFO - Setting next_dagrun for dataset_consumes_1 to None, run_after=None
[2024-10-30T07:31:18.997+0000] {logging_mixin.py:190} INFO - [2024-10-30T07:31:18.997+0000] {dag.py:4180} INFO - Setting next_dagrun for dataset_consumes_1_and_2 to None, run_after=None
[2024-10-30T07:31:18.997+0000] {logging_mixin.py:190} INFO - [2024-10-30T07:31:18.997+0000] {dag.py:4180} INFO - Setting next_dagrun for dataset_consumes_1_never_scheduled to None, run_after=None
[2024-10-30T07:31:18.998+0000] {logging_mixin.py:190} INFO - [2024-10-30T07:31:18.998+0000] {dag.py:4180} INFO - Setting next_dagrun for dataset_consumes_unknown_never_scheduled to None, run_after=None
[2024-10-30T07:31:18.999+0000] {logging_mixin.py:190} INFO - [2024-10-30T07:31:18.999+0000] {dag.py:4180} INFO - Setting next_dagrun for dataset_produces_1 to 2024-10-29 00:00:00+00:00, run_after=2024-10-30 00:00:00+00:00
[2024-10-30T07:31:18.999+0000] {logging_mixin.py:190} INFO - [2024-10-30T07:31:18.999+0000] {dag.py:4180} INFO - Setting next_dagrun for dataset_produces_2 to None, run_after=None
[2024-10-30T07:31:19.046+0000] {processor.py:208} INFO - Processing /home/airflow/.local/lib/python3.12/site-packages/airflow/example_dags/example_datasets.py took 1.347 seconds
[2024-10-30T07:31:49.603+0000] {processor.py:186} INFO - Started process (PID=113) to work on /home/airflow/.local/lib/python3.12/site-packages/airflow/example_dags/example_datasets.py
[2024-10-30T07:31:49.605+0000] {processor.py:914} INFO - Processing file /home/airflow/.local/lib/python3.12/site-packages/airflow/example_dags/example_datasets.py for tasks to queue
[2024-10-30T07:31:49.607+0000] {logging_mixin.py:190} INFO - [2024-10-30T07:31:49.607+0000] {dagbag.py:588} INFO - Filling up the DagBag from /home/airflow/.local/lib/python3.12/site-packages/airflow/example_dags/example_datasets.py
[2024-10-30T07:31:49.781+0000] {processor.py:925} INFO - DAG(s) 'dataset_consumes_unknown_never_scheduled', 'dataset_produces_2', 'dataset_consumes_1', 'dataset_produces_1', 'consume_1_and_2_with_dataset_expressions', 'conditional_dataset_and_time_based_timetable', 'consume_1_or_2_with_dataset_expressions', 'dataset_consumes_1_never_scheduled', 'consume_1_or_both_2_and_3_with_dataset_expressions', 'dataset_consumes_1_and_2' retrieved from /home/airflow/.local/lib/python3.12/site-packages/airflow/example_dags/example_datasets.py
[2024-10-30T07:31:49.836+0000] {logging_mixin.py:190} INFO - [2024-10-30T07:31:49.836+0000] {dag.py:3239} INFO - Sync 10 DAGs
[2024-10-30T07:31:49.859+0000] {logging_mixin.py:190} INFO - [2024-10-30T07:31:49.859+0000] {dag.py:4180} INFO - Setting next_dagrun for conditional_dataset_and_time_based_timetable to 2024-10-30 01:00:00+00:00, run_after=2024-10-30 01:00:00+00:00
[2024-10-30T07:31:49.862+0000] {logging_mixin.py:190} INFO - [2024-10-30T07:31:49.861+0000] {dag.py:4180} INFO - Setting next_dagrun for consume_1_and_2_with_dataset_expressions to None, run_after=None
[2024-10-30T07:31:49.863+0000] {logging_mixin.py:190} INFO - [2024-10-30T07:31:49.862+0000] {dag.py:4180} INFO - Setting next_dagrun for consume_1_or_2_with_dataset_expressions to None, run_after=None
[2024-10-30T07:31:49.863+0000] {logging_mixin.py:190} INFO - [2024-10-30T07:31:49.863+0000] {dag.py:4180} INFO - Setting next_dagrun for consume_1_or_both_2_and_3_with_dataset_expressions to None, run_after=None
[2024-10-30T07:31:49.864+0000] {logging_mixin.py:190} INFO - [2024-10-30T07:31:49.864+0000] {dag.py:4180} INFO - Setting next_dagrun for dataset_consumes_1 to None, run_after=None
[2024-10-30T07:31:49.865+0000] {logging_mixin.py:190} INFO - [2024-10-30T07:31:49.865+0000] {dag.py:4180} INFO - Setting next_dagrun for dataset_consumes_1_and_2 to None, run_after=None
[2024-10-30T07:31:49.866+0000] {logging_mixin.py:190} INFO - [2024-10-30T07:31:49.866+0000] {dag.py:4180} INFO - Setting next_dagrun for dataset_consumes_1_never_scheduled to None, run_after=None
[2024-10-30T07:31:49.867+0000] {logging_mixin.py:190} INFO - [2024-10-30T07:31:49.867+0000] {dag.py:4180} INFO - Setting next_dagrun for dataset_consumes_unknown_never_scheduled to None, run_after=None
[2024-10-30T07:31:49.869+0000] {logging_mixin.py:190} INFO - [2024-10-30T07:31:49.868+0000] {dag.py:4180} INFO - Setting next_dagrun for dataset_produces_1 to 2024-10-29 00:00:00+00:00, run_after=2024-10-30 00:00:00+00:00
[2024-10-30T07:31:49.869+0000] {logging_mixin.py:190} INFO - [2024-10-30T07:31:49.869+0000] {dag.py:4180} INFO - Setting next_dagrun for dataset_produces_2 to None, run_after=None
[2024-10-30T07:31:49.898+0000] {processor.py:208} INFO - Processing /home/airflow/.local/lib/python3.12/site-packages/airflow/example_dags/example_datasets.py took 0.301 seconds
[2024-10-30T07:32:20.043+0000] {processor.py:186} INFO - Started process (PID=175) to work on /home/airflow/.local/lib/python3.12/site-packages/airflow/example_dags/example_datasets.py
[2024-10-30T07:32:20.044+0000] {processor.py:914} INFO - Processing file /home/airflow/.local/lib/python3.12/site-packages/airflow/example_dags/example_datasets.py for tasks to queue
[2024-10-30T07:32:20.047+0000] {logging_mixin.py:190} INFO - [2024-10-30T07:32:20.046+0000] {dagbag.py:588} INFO - Filling up the DagBag from /home/airflow/.local/lib/python3.12/site-packages/airflow/example_dags/example_datasets.py
[2024-10-30T07:32:20.214+0000] {processor.py:925} INFO - DAG(s) 'dataset_produces_1', 'dataset_consumes_unknown_never_scheduled', 'dataset_consumes_1_and_2', 'consume_1_or_both_2_and_3_with_dataset_expressions', 'consume_1_and_2_with_dataset_expressions', 'dataset_consumes_1_never_scheduled', 'dataset_produces_2', 'conditional_dataset_and_time_based_timetable', 'dataset_consumes_1', 'consume_1_or_2_with_dataset_expressions' retrieved from /home/airflow/.local/lib/python3.12/site-packages/airflow/example_dags/example_datasets.py
[2024-10-30T07:32:20.247+0000] {logging_mixin.py:190} INFO - [2024-10-30T07:32:20.247+0000] {dag.py:3239} INFO - Sync 10 DAGs
[2024-10-30T07:32:20.266+0000] {logging_mixin.py:190} INFO - [2024-10-30T07:32:20.265+0000] {dag.py:4180} INFO - Setting next_dagrun for conditional_dataset_and_time_based_timetable to 2024-10-30 01:00:00+00:00, run_after=2024-10-30 01:00:00+00:00
[2024-10-30T07:32:20.268+0000] {logging_mixin.py:190} INFO - [2024-10-30T07:32:20.268+0000] {dag.py:4180} INFO - Setting next_dagrun for consume_1_and_2_with_dataset_expressions to None, run_after=None
[2024-10-30T07:32:20.270+0000] {logging_mixin.py:190} INFO - [2024-10-30T07:32:20.270+0000] {dag.py:4180} INFO - Setting next_dagrun for consume_1_or_2_with_dataset_expressions to None, run_after=None
[2024-10-30T07:32:20.271+0000] {logging_mixin.py:190} INFO - [2024-10-30T07:32:20.271+0000] {dag.py:4180} INFO - Setting next_dagrun for consume_1_or_both_2_and_3_with_dataset_expressions to None, run_after=None
[2024-10-30T07:32:20.272+0000] {logging_mixin.py:190} INFO - [2024-10-30T07:32:20.272+0000] {dag.py:4180} INFO - Setting next_dagrun for dataset_consumes_1 to None, run_after=None
[2024-10-30T07:32:20.273+0000] {logging_mixin.py:190} INFO - [2024-10-30T07:32:20.273+0000] {dag.py:4180} INFO - Setting next_dagrun for dataset_consumes_1_and_2 to None, run_after=None
[2024-10-30T07:32:20.274+0000] {logging_mixin.py:190} INFO - [2024-10-30T07:32:20.274+0000] {dag.py:4180} INFO - Setting next_dagrun for dataset_consumes_1_never_scheduled to None, run_after=None
[2024-10-30T07:32:20.274+0000] {logging_mixin.py:190} INFO - [2024-10-30T07:32:20.274+0000] {dag.py:4180} INFO - Setting next_dagrun for dataset_consumes_unknown_never_scheduled to None, run_after=None
[2024-10-30T07:32:20.276+0000] {logging_mixin.py:190} INFO - [2024-10-30T07:32:20.276+0000] {dag.py:4180} INFO - Setting next_dagrun for dataset_produces_1 to 2024-10-29 00:00:00+00:00, run_after=2024-10-30 00:00:00+00:00
[2024-10-30T07:32:20.277+0000] {logging_mixin.py:190} INFO - [2024-10-30T07:32:20.276+0000] {dag.py:4180} INFO - Setting next_dagrun for dataset_produces_2 to None, run_after=None
[2024-10-30T07:32:20.305+0000] {processor.py:208} INFO - Processing /home/airflow/.local/lib/python3.12/site-packages/airflow/example_dags/example_datasets.py took 0.267 seconds
[2024-10-30T07:32:50.338+0000] {processor.py:186} INFO - Started process (PID=237) to work on /home/airflow/.local/lib/python3.12/site-packages/airflow/example_dags/example_datasets.py
[2024-10-30T07:32:50.340+0000] {processor.py:914} INFO - Processing file /home/airflow/.local/lib/python3.12/site-packages/airflow/example_dags/example_datasets.py for tasks to queue
[2024-10-30T07:32:50.343+0000] {logging_mixin.py:190} INFO - [2024-10-30T07:32:50.343+0000] {dagbag.py:588} INFO - Filling up the DagBag from /home/airflow/.local/lib/python3.12/site-packages/airflow/example_dags/example_datasets.py
[2024-10-30T07:32:50.476+0000] {processor.py:925} INFO - DAG(s) 'conditional_dataset_and_time_based_timetable', 'dataset_consumes_1_never_scheduled', 'consume_1_or_both_2_and_3_with_dataset_expressions', 'dataset_produces_1', 'consume_1_and_2_with_dataset_expressions', 'consume_1_or_2_with_dataset_expressions', 'dataset_produces_2', 'dataset_consumes_unknown_never_scheduled', 'dataset_consumes_1', 'dataset_consumes_1_and_2' retrieved from /home/airflow/.local/lib/python3.12/site-packages/airflow/example_dags/example_datasets.py
[2024-10-30T07:32:50.519+0000] {logging_mixin.py:190} INFO - [2024-10-30T07:32:50.519+0000] {dag.py:3239} INFO - Sync 10 DAGs
[2024-10-30T07:32:50.541+0000] {logging_mixin.py:190} INFO - [2024-10-30T07:32:50.541+0000] {dag.py:4180} INFO - Setting next_dagrun for conditional_dataset_and_time_based_timetable to 2024-10-30 01:00:00+00:00, run_after=2024-10-30 01:00:00+00:00
[2024-10-30T07:32:50.545+0000] {logging_mixin.py:190} INFO - [2024-10-30T07:32:50.545+0000] {dag.py:4180} INFO - Setting next_dagrun for consume_1_and_2_with_dataset_expressions to None, run_after=None
[2024-10-30T07:32:50.547+0000] {logging_mixin.py:190} INFO - [2024-10-30T07:32:50.546+0000] {dag.py:4180} INFO - Setting next_dagrun for consume_1_or_2_with_dataset_expressions to None, run_after=None
[2024-10-30T07:32:50.548+0000] {logging_mixin.py:190} INFO - [2024-10-30T07:32:50.548+0000] {dag.py:4180} INFO - Setting next_dagrun for consume_1_or_both_2_and_3_with_dataset_expressions to None, run_after=None
[2024-10-30T07:32:50.549+0000] {logging_mixin.py:190} INFO - [2024-10-30T07:32:50.549+0000] {dag.py:4180} INFO - Setting next_dagrun for dataset_consumes_1 to None, run_after=None
[2024-10-30T07:32:50.550+0000] {logging_mixin.py:190} INFO - [2024-10-30T07:32:50.550+0000] {dag.py:4180} INFO - Setting next_dagrun for dataset_consumes_1_and_2 to None, run_after=None
[2024-10-30T07:32:50.551+0000] {logging_mixin.py:190} INFO - [2024-10-30T07:32:50.551+0000] {dag.py:4180} INFO - Setting next_dagrun for dataset_consumes_1_never_scheduled to None, run_after=None
[2024-10-30T07:32:50.552+0000] {logging_mixin.py:190} INFO - [2024-10-30T07:32:50.552+0000] {dag.py:4180} INFO - Setting next_dagrun for dataset_consumes_unknown_never_scheduled to None, run_after=None
[2024-10-30T07:32:50.554+0000] {logging_mixin.py:190} INFO - [2024-10-30T07:32:50.554+0000] {dag.py:4180} INFO - Setting next_dagrun for dataset_produces_1 to 2024-10-29 00:00:00+00:00, run_after=2024-10-30 00:00:00+00:00
[2024-10-30T07:32:50.555+0000] {logging_mixin.py:190} INFO - [2024-10-30T07:32:50.555+0000] {dag.py:4180} INFO - Setting next_dagrun for dataset_produces_2 to None, run_after=None
[2024-10-30T07:32:50.594+0000] {processor.py:208} INFO - Processing /home/airflow/.local/lib/python3.12/site-packages/airflow/example_dags/example_datasets.py took 0.261 seconds
