[2024-10-30T07:31:21.460+0000] {processor.py:186} INFO - Started process (PID=75) to work on /home/airflow/.local/lib/python3.12/site-packages/airflow/example_dags/example_bash_operator.py
[2024-10-30T07:31:21.461+0000] {processor.py:914} INFO - Processing file /home/airflow/.local/lib/python3.12/site-packages/airflow/example_dags/example_bash_operator.py for tasks to queue
[2024-10-30T07:31:21.463+0000] {logging_mixin.py:190} INFO - [2024-10-30T07:31:21.463+0000] {dagbag.py:588} INFO - Filling up the DagBag from /home/airflow/.local/lib/python3.12/site-packages/airflow/example_dags/example_bash_operator.py
[2024-10-30T07:31:21.476+0000] {processor.py:925} INFO - DAG(s) 'example_bash_operator' retrieved from /home/airflow/.local/lib/python3.12/site-packages/airflow/example_dags/example_bash_operator.py
[2024-10-30T07:31:21.566+0000] {logging_mixin.py:190} INFO - [2024-10-30T07:31:21.566+0000] {override.py:1900} INFO - Created Permission View: can read on DAG:example_bash_operator
[2024-10-30T07:31:21.576+0000] {logging_mixin.py:190} INFO - [2024-10-30T07:31:21.576+0000] {override.py:1900} INFO - Created Permission View: can edit on DAG:example_bash_operator
[2024-10-30T07:31:21.582+0000] {logging_mixin.py:190} INFO - [2024-10-30T07:31:21.582+0000] {override.py:1900} INFO - Created Permission View: can delete on DAG:example_bash_operator
[2024-10-30T07:31:21.592+0000] {logging_mixin.py:190} INFO - [2024-10-30T07:31:21.592+0000] {override.py:1900} INFO - Created Permission View: can read on DAG Run:example_bash_operator
[2024-10-30T07:31:21.598+0000] {logging_mixin.py:190} INFO - [2024-10-30T07:31:21.597+0000] {override.py:1900} INFO - Created Permission View: menu access on DAG Run:example_bash_operator
[2024-10-30T07:31:21.604+0000] {logging_mixin.py:190} INFO - [2024-10-30T07:31:21.603+0000] {override.py:1900} INFO - Created Permission View: can create on DAG Run:example_bash_operator
[2024-10-30T07:31:21.610+0000] {logging_mixin.py:190} INFO - [2024-10-30T07:31:21.610+0000] {override.py:1900} INFO - Created Permission View: can delete on DAG Run:example_bash_operator
[2024-10-30T07:31:21.610+0000] {logging_mixin.py:190} INFO - [2024-10-30T07:31:21.610+0000] {dag.py:3239} INFO - Sync 1 DAGs
[2024-10-30T07:31:21.621+0000] {logging_mixin.py:190} INFO - [2024-10-30T07:31:21.620+0000] {dag.py:3262} INFO - Creating ORM DAG for example_bash_operator
[2024-10-30T07:31:21.630+0000] {logging_mixin.py:190} INFO - [2024-10-30T07:31:21.629+0000] {dag.py:4180} INFO - Setting next_dagrun for example_bash_operator to 2024-10-29 00:00:00+00:00, run_after=2024-10-30 00:00:00+00:00
[2024-10-30T07:31:21.643+0000] {processor.py:208} INFO - Processing /home/airflow/.local/lib/python3.12/site-packages/airflow/example_dags/example_bash_operator.py took 0.189 seconds
[2024-10-30T07:31:52.080+0000] {processor.py:186} INFO - Started process (PID=137) to work on /home/airflow/.local/lib/python3.12/site-packages/airflow/example_dags/example_bash_operator.py
[2024-10-30T07:31:52.081+0000] {processor.py:914} INFO - Processing file /home/airflow/.local/lib/python3.12/site-packages/airflow/example_dags/example_bash_operator.py for tasks to queue
[2024-10-30T07:31:52.083+0000] {logging_mixin.py:190} INFO - [2024-10-30T07:31:52.083+0000] {dagbag.py:588} INFO - Filling up the DagBag from /home/airflow/.local/lib/python3.12/site-packages/airflow/example_dags/example_bash_operator.py
[2024-10-30T07:31:52.093+0000] {processor.py:925} INFO - DAG(s) 'example_bash_operator' retrieved from /home/airflow/.local/lib/python3.12/site-packages/airflow/example_dags/example_bash_operator.py
[2024-10-30T07:31:52.115+0000] {logging_mixin.py:190} INFO - [2024-10-30T07:31:52.115+0000] {dag.py:3239} INFO - Sync 1 DAGs
[2024-10-30T07:31:52.137+0000] {logging_mixin.py:190} INFO - [2024-10-30T07:31:52.137+0000] {dag.py:4180} INFO - Setting next_dagrun for example_bash_operator to 2024-10-29 00:00:00+00:00, run_after=2024-10-30 00:00:00+00:00
[2024-10-30T07:31:52.155+0000] {processor.py:208} INFO - Processing /home/airflow/.local/lib/python3.12/site-packages/airflow/example_dags/example_bash_operator.py took 0.081 seconds
[2024-10-30T07:32:22.414+0000] {processor.py:186} INFO - Started process (PID=199) to work on /home/airflow/.local/lib/python3.12/site-packages/airflow/example_dags/example_bash_operator.py
[2024-10-30T07:32:22.415+0000] {processor.py:914} INFO - Processing file /home/airflow/.local/lib/python3.12/site-packages/airflow/example_dags/example_bash_operator.py for tasks to queue
[2024-10-30T07:32:22.417+0000] {logging_mixin.py:190} INFO - [2024-10-30T07:32:22.416+0000] {dagbag.py:588} INFO - Filling up the DagBag from /home/airflow/.local/lib/python3.12/site-packages/airflow/example_dags/example_bash_operator.py
[2024-10-30T07:32:22.426+0000] {processor.py:925} INFO - DAG(s) 'example_bash_operator' retrieved from /home/airflow/.local/lib/python3.12/site-packages/airflow/example_dags/example_bash_operator.py
[2024-10-30T07:32:22.447+0000] {logging_mixin.py:190} INFO - [2024-10-30T07:32:22.447+0000] {dag.py:3239} INFO - Sync 1 DAGs
[2024-10-30T07:32:22.468+0000] {logging_mixin.py:190} INFO - [2024-10-30T07:32:22.468+0000] {dag.py:4180} INFO - Setting next_dagrun for example_bash_operator to 2024-10-29 00:00:00+00:00, run_after=2024-10-30 00:00:00+00:00
[2024-10-30T07:32:22.488+0000] {processor.py:208} INFO - Processing /home/airflow/.local/lib/python3.12/site-packages/airflow/example_dags/example_bash_operator.py took 0.080 seconds
[2024-10-30T07:32:52.956+0000] {processor.py:186} INFO - Started process (PID=261) to work on /home/airflow/.local/lib/python3.12/site-packages/airflow/example_dags/example_bash_operator.py
[2024-10-30T07:32:52.957+0000] {processor.py:914} INFO - Processing file /home/airflow/.local/lib/python3.12/site-packages/airflow/example_dags/example_bash_operator.py for tasks to queue
[2024-10-30T07:32:52.958+0000] {logging_mixin.py:190} INFO - [2024-10-30T07:32:52.958+0000] {dagbag.py:588} INFO - Filling up the DagBag from /home/airflow/.local/lib/python3.12/site-packages/airflow/example_dags/example_bash_operator.py
[2024-10-30T07:32:52.969+0000] {processor.py:925} INFO - DAG(s) 'example_bash_operator' retrieved from /home/airflow/.local/lib/python3.12/site-packages/airflow/example_dags/example_bash_operator.py
[2024-10-30T07:32:52.993+0000] {logging_mixin.py:190} INFO - [2024-10-30T07:32:52.992+0000] {dag.py:3239} INFO - Sync 1 DAGs
[2024-10-30T07:32:53.011+0000] {logging_mixin.py:190} INFO - [2024-10-30T07:32:53.011+0000] {dag.py:4180} INFO - Setting next_dagrun for example_bash_operator to 2024-10-29 00:00:00+00:00, run_after=2024-10-30 00:00:00+00:00
[2024-10-30T07:32:53.029+0000] {processor.py:208} INFO - Processing /home/airflow/.local/lib/python3.12/site-packages/airflow/example_dags/example_bash_operator.py took 0.078 seconds
