[2024-10-30T07:31:17.355+0000] {processor.py:186} INFO - Started process (PID=47) to work on /home/airflow/.local/lib/python3.12/site-packages/airflow/example_dags/example_branch_operator.py
[2024-10-30T07:31:17.355+0000] {processor.py:914} INFO - Processing file /home/airflow/.local/lib/python3.12/site-packages/airflow/example_dags/example_branch_operator.py for tasks to queue
[2024-10-30T07:31:17.358+0000] {logging_mixin.py:190} INFO - [2024-10-30T07:31:17.358+0000] {dagbag.py:588} INFO - Filling up the DagBag from /home/airflow/.local/lib/python3.12/site-packages/airflow/example_dags/example_branch_operator.py
[2024-10-30T07:31:17.377+0000] {processor.py:925} INFO - DAG(s) 'example_branch_operator' retrieved from /home/airflow/.local/lib/python3.12/site-packages/airflow/example_dags/example_branch_operator.py
[2024-10-30T07:31:17.582+0000] {logging_mixin.py:190} INFO - [2024-10-30T07:31:17.580+0000] {override.py:1900} INFO - Created Permission View: can read on DAG:example_branch_operator
[2024-10-30T07:31:17.598+0000] {logging_mixin.py:190} INFO - [2024-10-30T07:31:17.598+0000] {override.py:1900} INFO - Created Permission View: can edit on DAG:example_branch_operator
[2024-10-30T07:31:17.604+0000] {logging_mixin.py:190} INFO - [2024-10-30T07:31:17.604+0000] {override.py:1900} INFO - Created Permission View: can delete on DAG:example_branch_operator
[2024-10-30T07:31:17.614+0000] {logging_mixin.py:190} INFO - [2024-10-30T07:31:17.614+0000] {override.py:1900} INFO - Created Permission View: can read on DAG Run:example_branch_operator
[2024-10-30T07:31:17.620+0000] {logging_mixin.py:190} INFO - [2024-10-30T07:31:17.620+0000] {override.py:1900} INFO - Created Permission View: menu access on DAG Run:example_branch_operator
[2024-10-30T07:31:17.630+0000] {logging_mixin.py:190} INFO - [2024-10-30T07:31:17.630+0000] {override.py:1900} INFO - Created Permission View: can create on DAG Run:example_branch_operator
[2024-10-30T07:31:17.638+0000] {logging_mixin.py:190} INFO - [2024-10-30T07:31:17.638+0000] {override.py:1900} INFO - Created Permission View: can delete on DAG Run:example_branch_operator
[2024-10-30T07:31:17.638+0000] {logging_mixin.py:190} INFO - [2024-10-30T07:31:17.638+0000] {dag.py:3239} INFO - Sync 1 DAGs
[2024-10-30T07:31:17.650+0000] {logging_mixin.py:190} INFO - [2024-10-30T07:31:17.650+0000] {dag.py:3262} INFO - Creating ORM DAG for example_branch_operator
[2024-10-30T07:31:17.664+0000] {logging_mixin.py:190} INFO - [2024-10-30T07:31:17.664+0000] {dag.py:4180} INFO - Setting next_dagrun for example_branch_operator to 2024-10-29 00:00:00+00:00, run_after=2024-10-30 00:00:00+00:00
[2024-10-30T07:31:17.680+0000] {processor.py:208} INFO - Processing /home/airflow/.local/lib/python3.12/site-packages/airflow/example_dags/example_branch_operator.py took 0.331 seconds
[2024-10-30T07:31:48.400+0000] {processor.py:186} INFO - Started process (PID=109) to work on /home/airflow/.local/lib/python3.12/site-packages/airflow/example_dags/example_branch_operator.py
[2024-10-30T07:31:48.406+0000] {processor.py:914} INFO - Processing file /home/airflow/.local/lib/python3.12/site-packages/airflow/example_dags/example_branch_operator.py for tasks to queue
[2024-10-30T07:31:48.408+0000] {logging_mixin.py:190} INFO - [2024-10-30T07:31:48.407+0000] {dagbag.py:588} INFO - Filling up the DagBag from /home/airflow/.local/lib/python3.12/site-packages/airflow/example_dags/example_branch_operator.py
[2024-10-30T07:31:48.422+0000] {processor.py:925} INFO - DAG(s) 'example_branch_operator' retrieved from /home/airflow/.local/lib/python3.12/site-packages/airflow/example_dags/example_branch_operator.py
[2024-10-30T07:31:48.447+0000] {logging_mixin.py:190} INFO - [2024-10-30T07:31:48.446+0000] {dag.py:3239} INFO - Sync 1 DAGs
[2024-10-30T07:31:48.465+0000] {logging_mixin.py:190} INFO - [2024-10-30T07:31:48.465+0000] {dag.py:4180} INFO - Setting next_dagrun for example_branch_operator to 2024-10-29 00:00:00+00:00, run_after=2024-10-30 00:00:00+00:00
[2024-10-30T07:31:48.487+0000] {processor.py:208} INFO - Processing /home/airflow/.local/lib/python3.12/site-packages/airflow/example_dags/example_branch_operator.py took 0.092 seconds
[2024-10-30T07:32:18.729+0000] {processor.py:186} INFO - Started process (PID=171) to work on /home/airflow/.local/lib/python3.12/site-packages/airflow/example_dags/example_branch_operator.py
[2024-10-30T07:32:18.731+0000] {processor.py:914} INFO - Processing file /home/airflow/.local/lib/python3.12/site-packages/airflow/example_dags/example_branch_operator.py for tasks to queue
[2024-10-30T07:32:18.736+0000] {logging_mixin.py:190} INFO - [2024-10-30T07:32:18.735+0000] {dagbag.py:588} INFO - Filling up the DagBag from /home/airflow/.local/lib/python3.12/site-packages/airflow/example_dags/example_branch_operator.py
[2024-10-30T07:32:18.778+0000] {processor.py:925} INFO - DAG(s) 'example_branch_operator' retrieved from /home/airflow/.local/lib/python3.12/site-packages/airflow/example_dags/example_branch_operator.py
[2024-10-30T07:32:18.832+0000] {logging_mixin.py:190} INFO - [2024-10-30T07:32:18.832+0000] {dag.py:3239} INFO - Sync 1 DAGs
[2024-10-30T07:32:18.868+0000] {logging_mixin.py:190} INFO - [2024-10-30T07:32:18.867+0000] {dag.py:4180} INFO - Setting next_dagrun for example_branch_operator to 2024-10-29 00:00:00+00:00, run_after=2024-10-30 00:00:00+00:00
[2024-10-30T07:32:18.900+0000] {processor.py:208} INFO - Processing /home/airflow/.local/lib/python3.12/site-packages/airflow/example_dags/example_branch_operator.py took 0.176 seconds
[2024-10-30T07:32:49.107+0000] {processor.py:186} INFO - Started process (PID=233) to work on /home/airflow/.local/lib/python3.12/site-packages/airflow/example_dags/example_branch_operator.py
[2024-10-30T07:32:49.116+0000] {processor.py:914} INFO - Processing file /home/airflow/.local/lib/python3.12/site-packages/airflow/example_dags/example_branch_operator.py for tasks to queue
[2024-10-30T07:32:49.118+0000] {logging_mixin.py:190} INFO - [2024-10-30T07:32:49.117+0000] {dagbag.py:588} INFO - Filling up the DagBag from /home/airflow/.local/lib/python3.12/site-packages/airflow/example_dags/example_branch_operator.py
[2024-10-30T07:32:49.136+0000] {processor.py:925} INFO - DAG(s) 'example_branch_operator' retrieved from /home/airflow/.local/lib/python3.12/site-packages/airflow/example_dags/example_branch_operator.py
[2024-10-30T07:32:49.163+0000] {logging_mixin.py:190} INFO - [2024-10-30T07:32:49.163+0000] {dag.py:3239} INFO - Sync 1 DAGs
[2024-10-30T07:32:49.194+0000] {logging_mixin.py:190} INFO - [2024-10-30T07:32:49.194+0000] {dag.py:4180} INFO - Setting next_dagrun for example_branch_operator to 2024-10-29 00:00:00+00:00, run_after=2024-10-30 00:00:00+00:00
[2024-10-30T07:32:49.215+0000] {processor.py:208} INFO - Processing /home/airflow/.local/lib/python3.12/site-packages/airflow/example_dags/example_branch_operator.py took 0.112 seconds
