[2024-10-30T07:31:19.322+0000] {processor.py:186} INFO - Started process (PID=56) to work on /home/airflow/.local/lib/python3.12/site-packages/airflow/example_dags/example_trigger_controller_dag.py
[2024-10-30T07:31:19.328+0000] {processor.py:914} INFO - Processing file /home/airflow/.local/lib/python3.12/site-packages/airflow/example_dags/example_trigger_controller_dag.py for tasks to queue
[2024-10-30T07:31:19.343+0000] {logging_mixin.py:190} INFO - [2024-10-30T07:31:19.342+0000] {dagbag.py:588} INFO - Filling up the DagBag from /home/airflow/.local/lib/python3.12/site-packages/airflow/example_dags/example_trigger_controller_dag.py
[2024-10-30T07:31:19.358+0000] {processor.py:925} INFO - DAG(s) 'example_trigger_controller_dag' retrieved from /home/airflow/.local/lib/python3.12/site-packages/airflow/example_dags/example_trigger_controller_dag.py
[2024-10-30T07:31:19.460+0000] {logging_mixin.py:190} INFO - [2024-10-30T07:31:19.460+0000] {override.py:1900} INFO - Created Permission View: can read on DAG:example_trigger_controller_dag
[2024-10-30T07:31:19.478+0000] {logging_mixin.py:190} INFO - [2024-10-30T07:31:19.478+0000] {override.py:1900} INFO - Created Permission View: can edit on DAG:example_trigger_controller_dag
[2024-10-30T07:31:19.486+0000] {logging_mixin.py:190} INFO - [2024-10-30T07:31:19.485+0000] {override.py:1900} INFO - Created Permission View: can delete on DAG:example_trigger_controller_dag
[2024-10-30T07:31:19.494+0000] {logging_mixin.py:190} INFO - [2024-10-30T07:31:19.494+0000] {override.py:1900} INFO - Created Permission View: can read on DAG Run:example_trigger_controller_dag
[2024-10-30T07:31:19.500+0000] {logging_mixin.py:190} INFO - [2024-10-30T07:31:19.500+0000] {override.py:1900} INFO - Created Permission View: menu access on DAG Run:example_trigger_controller_dag
[2024-10-30T07:31:19.507+0000] {logging_mixin.py:190} INFO - [2024-10-30T07:31:19.507+0000] {override.py:1900} INFO - Created Permission View: can create on DAG Run:example_trigger_controller_dag
[2024-10-30T07:31:19.518+0000] {logging_mixin.py:190} INFO - [2024-10-30T07:31:19.518+0000] {override.py:1900} INFO - Created Permission View: can delete on DAG Run:example_trigger_controller_dag
[2024-10-30T07:31:19.519+0000] {logging_mixin.py:190} INFO - [2024-10-30T07:31:19.518+0000] {dag.py:3239} INFO - Sync 1 DAGs
[2024-10-30T07:31:19.539+0000] {logging_mixin.py:190} INFO - [2024-10-30T07:31:19.539+0000] {dag.py:3262} INFO - Creating ORM DAG for example_trigger_controller_dag
[2024-10-30T07:31:19.547+0000] {logging_mixin.py:190} INFO - [2024-10-30T07:31:19.547+0000] {dag.py:4180} INFO - Setting next_dagrun for example_trigger_controller_dag to 2021-01-01 00:00:00+00:00, run_after=2021-01-01 00:00:00+00:00
[2024-10-30T07:31:19.564+0000] {processor.py:208} INFO - Processing /home/airflow/.local/lib/python3.12/site-packages/airflow/example_dags/example_trigger_controller_dag.py took 0.253 seconds
[2024-10-30T07:31:50.026+0000] {processor.py:186} INFO - Started process (PID=118) to work on /home/airflow/.local/lib/python3.12/site-packages/airflow/example_dags/example_trigger_controller_dag.py
[2024-10-30T07:31:50.027+0000] {processor.py:914} INFO - Processing file /home/airflow/.local/lib/python3.12/site-packages/airflow/example_dags/example_trigger_controller_dag.py for tasks to queue
[2024-10-30T07:31:50.029+0000] {logging_mixin.py:190} INFO - [2024-10-30T07:31:50.029+0000] {dagbag.py:588} INFO - Filling up the DagBag from /home/airflow/.local/lib/python3.12/site-packages/airflow/example_dags/example_trigger_controller_dag.py
[2024-10-30T07:31:50.035+0000] {processor.py:925} INFO - DAG(s) 'example_trigger_controller_dag' retrieved from /home/airflow/.local/lib/python3.12/site-packages/airflow/example_dags/example_trigger_controller_dag.py
[2024-10-30T07:31:50.053+0000] {logging_mixin.py:190} INFO - [2024-10-30T07:31:50.053+0000] {dag.py:3239} INFO - Sync 1 DAGs
[2024-10-30T07:31:50.073+0000] {logging_mixin.py:190} INFO - [2024-10-30T07:31:50.073+0000] {dag.py:4180} INFO - Setting next_dagrun for example_trigger_controller_dag to 2021-01-01 00:00:00+00:00, run_after=2021-01-01 00:00:00+00:00
[2024-10-30T07:31:50.089+0000] {processor.py:208} INFO - Processing /home/airflow/.local/lib/python3.12/site-packages/airflow/example_dags/example_trigger_controller_dag.py took 0.068 seconds
[2024-10-30T07:32:20.342+0000] {processor.py:186} INFO - Started process (PID=180) to work on /home/airflow/.local/lib/python3.12/site-packages/airflow/example_dags/example_trigger_controller_dag.py
[2024-10-30T07:32:20.343+0000] {processor.py:914} INFO - Processing file /home/airflow/.local/lib/python3.12/site-packages/airflow/example_dags/example_trigger_controller_dag.py for tasks to queue
[2024-10-30T07:32:20.347+0000] {logging_mixin.py:190} INFO - [2024-10-30T07:32:20.347+0000] {dagbag.py:588} INFO - Filling up the DagBag from /home/airflow/.local/lib/python3.12/site-packages/airflow/example_dags/example_trigger_controller_dag.py
[2024-10-30T07:32:20.353+0000] {processor.py:925} INFO - DAG(s) 'example_trigger_controller_dag' retrieved from /home/airflow/.local/lib/python3.12/site-packages/airflow/example_dags/example_trigger_controller_dag.py
[2024-10-30T07:32:20.367+0000] {logging_mixin.py:190} INFO - [2024-10-30T07:32:20.366+0000] {dag.py:3239} INFO - Sync 1 DAGs
[2024-10-30T07:32:20.385+0000] {logging_mixin.py:190} INFO - [2024-10-30T07:32:20.385+0000] {dag.py:4180} INFO - Setting next_dagrun for example_trigger_controller_dag to 2021-01-01 00:00:00+00:00, run_after=2021-01-01 00:00:00+00:00
[2024-10-30T07:32:20.413+0000] {processor.py:208} INFO - Processing /home/airflow/.local/lib/python3.12/site-packages/airflow/example_dags/example_trigger_controller_dag.py took 0.077 seconds
[2024-10-30T07:32:50.745+0000] {processor.py:186} INFO - Started process (PID=242) to work on /home/airflow/.local/lib/python3.12/site-packages/airflow/example_dags/example_trigger_controller_dag.py
[2024-10-30T07:32:50.746+0000] {processor.py:914} INFO - Processing file /home/airflow/.local/lib/python3.12/site-packages/airflow/example_dags/example_trigger_controller_dag.py for tasks to queue
[2024-10-30T07:32:50.748+0000] {logging_mixin.py:190} INFO - [2024-10-30T07:32:50.747+0000] {dagbag.py:588} INFO - Filling up the DagBag from /home/airflow/.local/lib/python3.12/site-packages/airflow/example_dags/example_trigger_controller_dag.py
[2024-10-30T07:32:50.753+0000] {processor.py:925} INFO - DAG(s) 'example_trigger_controller_dag' retrieved from /home/airflow/.local/lib/python3.12/site-packages/airflow/example_dags/example_trigger_controller_dag.py
[2024-10-30T07:32:50.771+0000] {logging_mixin.py:190} INFO - [2024-10-30T07:32:50.771+0000] {dag.py:3239} INFO - Sync 1 DAGs
[2024-10-30T07:32:50.793+0000] {logging_mixin.py:190} INFO - [2024-10-30T07:32:50.793+0000] {dag.py:4180} INFO - Setting next_dagrun for example_trigger_controller_dag to 2021-01-01 00:00:00+00:00, run_after=2021-01-01 00:00:00+00:00
[2024-10-30T07:32:50.814+0000] {processor.py:208} INFO - Processing /home/airflow/.local/lib/python3.12/site-packages/airflow/example_dags/example_trigger_controller_dag.py took 0.075 seconds
