[2024-10-30T07:31:20.879+0000] {processor.py:186} INFO - Started process (PID=69) to work on /home/airflow/.local/lib/python3.12/site-packages/airflow/example_dags/example_params_ui_tutorial.py
[2024-10-30T07:31:20.880+0000] {processor.py:914} INFO - Processing file /home/airflow/.local/lib/python3.12/site-packages/airflow/example_dags/example_params_ui_tutorial.py for tasks to queue
[2024-10-30T07:31:20.882+0000] {logging_mixin.py:190} INFO - [2024-10-30T07:31:20.881+0000] {dagbag.py:588} INFO - Filling up the DagBag from /home/airflow/.local/lib/python3.12/site-packages/airflow/example_dags/example_params_ui_tutorial.py
[2024-10-30T07:31:20.889+0000] {processor.py:925} INFO - DAG(s) 'example_params_ui_tutorial' retrieved from /home/airflow/.local/lib/python3.12/site-packages/airflow/example_dags/example_params_ui_tutorial.py
[2024-10-30T07:31:20.988+0000] {logging_mixin.py:190} INFO - [2024-10-30T07:31:20.988+0000] {override.py:1900} INFO - Created Permission View: can read on DAG:example_params_ui_tutorial
[2024-10-30T07:31:20.998+0000] {logging_mixin.py:190} INFO - [2024-10-30T07:31:20.998+0000] {override.py:1900} INFO - Created Permission View: can edit on DAG:example_params_ui_tutorial
[2024-10-30T07:31:21.006+0000] {logging_mixin.py:190} INFO - [2024-10-30T07:31:21.006+0000] {override.py:1900} INFO - Created Permission View: can delete on DAG:example_params_ui_tutorial
[2024-10-30T07:31:21.014+0000] {logging_mixin.py:190} INFO - [2024-10-30T07:31:21.013+0000] {override.py:1900} INFO - Created Permission View: can read on DAG Run:example_params_ui_tutorial
[2024-10-30T07:31:21.020+0000] {logging_mixin.py:190} INFO - [2024-10-30T07:31:21.020+0000] {override.py:1900} INFO - Created Permission View: menu access on DAG Run:example_params_ui_tutorial
[2024-10-30T07:31:21.028+0000] {logging_mixin.py:190} INFO - [2024-10-30T07:31:21.028+0000] {override.py:1900} INFO - Created Permission View: can create on DAG Run:example_params_ui_tutorial
[2024-10-30T07:31:21.034+0000] {logging_mixin.py:190} INFO - [2024-10-30T07:31:21.034+0000] {override.py:1900} INFO - Created Permission View: can delete on DAG Run:example_params_ui_tutorial
[2024-10-30T07:31:21.034+0000] {logging_mixin.py:190} INFO - [2024-10-30T07:31:21.034+0000] {dag.py:3239} INFO - Sync 1 DAGs
[2024-10-30T07:31:21.044+0000] {logging_mixin.py:190} INFO - [2024-10-30T07:31:21.043+0000] {dag.py:3262} INFO - Creating ORM DAG for example_params_ui_tutorial
[2024-10-30T07:31:21.044+0000] {logging_mixin.py:190} INFO - [2024-10-30T07:31:21.044+0000] {dag.py:4180} INFO - Setting next_dagrun for example_params_ui_tutorial to None, run_after=None
[2024-10-30T07:31:21.062+0000] {processor.py:208} INFO - Processing /home/airflow/.local/lib/python3.12/site-packages/airflow/example_dags/example_params_ui_tutorial.py took 0.189 seconds
[2024-10-30T07:31:51.790+0000] {processor.py:186} INFO - Started process (PID=131) to work on /home/airflow/.local/lib/python3.12/site-packages/airflow/example_dags/example_params_ui_tutorial.py
[2024-10-30T07:31:51.791+0000] {processor.py:914} INFO - Processing file /home/airflow/.local/lib/python3.12/site-packages/airflow/example_dags/example_params_ui_tutorial.py for tasks to queue
[2024-10-30T07:31:51.793+0000] {logging_mixin.py:190} INFO - [2024-10-30T07:31:51.792+0000] {dagbag.py:588} INFO - Filling up the DagBag from /home/airflow/.local/lib/python3.12/site-packages/airflow/example_dags/example_params_ui_tutorial.py
[2024-10-30T07:31:51.800+0000] {processor.py:925} INFO - DAG(s) 'example_params_ui_tutorial' retrieved from /home/airflow/.local/lib/python3.12/site-packages/airflow/example_dags/example_params_ui_tutorial.py
[2024-10-30T07:31:51.836+0000] {logging_mixin.py:190} INFO - [2024-10-30T07:31:51.836+0000] {dag.py:3239} INFO - Sync 1 DAGs
[2024-10-30T07:31:51.848+0000] {logging_mixin.py:190} INFO - [2024-10-30T07:31:51.848+0000] {dag.py:4180} INFO - Setting next_dagrun for example_params_ui_tutorial to None, run_after=None
[2024-10-30T07:31:51.867+0000] {processor.py:208} INFO - Processing /home/airflow/.local/lib/python3.12/site-packages/airflow/example_dags/example_params_ui_tutorial.py took 0.081 seconds
[2024-10-30T07:32:22.124+0000] {processor.py:186} INFO - Started process (PID=193) to work on /home/airflow/.local/lib/python3.12/site-packages/airflow/example_dags/example_params_ui_tutorial.py
[2024-10-30T07:32:22.125+0000] {processor.py:914} INFO - Processing file /home/airflow/.local/lib/python3.12/site-packages/airflow/example_dags/example_params_ui_tutorial.py for tasks to queue
[2024-10-30T07:32:22.127+0000] {logging_mixin.py:190} INFO - [2024-10-30T07:32:22.126+0000] {dagbag.py:588} INFO - Filling up the DagBag from /home/airflow/.local/lib/python3.12/site-packages/airflow/example_dags/example_params_ui_tutorial.py
[2024-10-30T07:32:22.135+0000] {processor.py:925} INFO - DAG(s) 'example_params_ui_tutorial' retrieved from /home/airflow/.local/lib/python3.12/site-packages/airflow/example_dags/example_params_ui_tutorial.py
[2024-10-30T07:32:22.176+0000] {logging_mixin.py:190} INFO - [2024-10-30T07:32:22.176+0000] {dag.py:3239} INFO - Sync 1 DAGs
[2024-10-30T07:32:22.189+0000] {logging_mixin.py:190} INFO - [2024-10-30T07:32:22.189+0000] {dag.py:4180} INFO - Setting next_dagrun for example_params_ui_tutorial to None, run_after=None
[2024-10-30T07:32:22.206+0000] {processor.py:208} INFO - Processing /home/airflow/.local/lib/python3.12/site-packages/airflow/example_dags/example_params_ui_tutorial.py took 0.087 seconds
[2024-10-30T07:32:52.662+0000] {processor.py:186} INFO - Started process (PID=255) to work on /home/airflow/.local/lib/python3.12/site-packages/airflow/example_dags/example_params_ui_tutorial.py
[2024-10-30T07:32:52.663+0000] {processor.py:914} INFO - Processing file /home/airflow/.local/lib/python3.12/site-packages/airflow/example_dags/example_params_ui_tutorial.py for tasks to queue
[2024-10-30T07:32:52.665+0000] {logging_mixin.py:190} INFO - [2024-10-30T07:32:52.665+0000] {dagbag.py:588} INFO - Filling up the DagBag from /home/airflow/.local/lib/python3.12/site-packages/airflow/example_dags/example_params_ui_tutorial.py
[2024-10-30T07:32:52.673+0000] {processor.py:925} INFO - DAG(s) 'example_params_ui_tutorial' retrieved from /home/airflow/.local/lib/python3.12/site-packages/airflow/example_dags/example_params_ui_tutorial.py
[2024-10-30T07:32:52.706+0000] {logging_mixin.py:190} INFO - [2024-10-30T07:32:52.705+0000] {dag.py:3239} INFO - Sync 1 DAGs
[2024-10-30T07:32:52.721+0000] {logging_mixin.py:190} INFO - [2024-10-30T07:32:52.720+0000] {dag.py:4180} INFO - Setting next_dagrun for example_params_ui_tutorial to None, run_after=None
[2024-10-30T07:32:52.742+0000] {processor.py:208} INFO - Processing /home/airflow/.local/lib/python3.12/site-packages/airflow/example_dags/example_params_ui_tutorial.py took 0.085 seconds
