[2024-10-30T07:31:21.314+0000] {processor.py:186} INFO - Started process (PID=74) to work on /home/airflow/.local/lib/python3.12/site-packages/airflow/example_dags/example_external_task_marker_dag.py
[2024-10-30T07:31:21.314+0000] {processor.py:914} INFO - Processing file /home/airflow/.local/lib/python3.12/site-packages/airflow/example_dags/example_external_task_marker_dag.py for tasks to queue
[2024-10-30T07:31:21.316+0000] {logging_mixin.py:190} INFO - [2024-10-30T07:31:21.316+0000] {dagbag.py:588} INFO - Filling up the DagBag from /home/airflow/.local/lib/python3.12/site-packages/airflow/example_dags/example_external_task_marker_dag.py
[2024-10-30T07:31:21.322+0000] {processor.py:925} INFO - DAG(s) 'example_external_task_marker_child', 'example_external_task_marker_parent' retrieved from /home/airflow/.local/lib/python3.12/site-packages/airflow/example_dags/example_external_task_marker_dag.py
[2024-10-30T07:31:21.401+0000] {logging_mixin.py:190} INFO - [2024-10-30T07:31:21.400+0000] {override.py:1900} INFO - Created Permission View: can read on DAG:example_external_task_marker_child
[2024-10-30T07:31:21.410+0000] {logging_mixin.py:190} INFO - [2024-10-30T07:31:21.410+0000] {override.py:1900} INFO - Created Permission View: can edit on DAG:example_external_task_marker_child
[2024-10-30T07:31:21.416+0000] {logging_mixin.py:190} INFO - [2024-10-30T07:31:21.416+0000] {override.py:1900} INFO - Created Permission View: can delete on DAG:example_external_task_marker_child
[2024-10-30T07:31:21.426+0000] {logging_mixin.py:190} INFO - [2024-10-30T07:31:21.426+0000] {override.py:1900} INFO - Created Permission View: can read on DAG Run:example_external_task_marker_child
[2024-10-30T07:31:21.434+0000] {logging_mixin.py:190} INFO - [2024-10-30T07:31:21.434+0000] {override.py:1900} INFO - Created Permission View: menu access on DAG Run:example_external_task_marker_child
[2024-10-30T07:31:21.440+0000] {logging_mixin.py:190} INFO - [2024-10-30T07:31:21.440+0000] {override.py:1900} INFO - Created Permission View: can create on DAG Run:example_external_task_marker_child
[2024-10-30T07:31:21.446+0000] {logging_mixin.py:190} INFO - [2024-10-30T07:31:21.446+0000] {override.py:1900} INFO - Created Permission View: can delete on DAG Run:example_external_task_marker_child
[2024-10-30T07:31:21.460+0000] {logging_mixin.py:190} INFO - [2024-10-30T07:31:21.460+0000] {override.py:1900} INFO - Created Permission View: can read on DAG:example_external_task_marker_parent
[2024-10-30T07:31:21.468+0000] {logging_mixin.py:190} INFO - [2024-10-30T07:31:21.468+0000] {override.py:1900} INFO - Created Permission View: can edit on DAG:example_external_task_marker_parent
[2024-10-30T07:31:21.476+0000] {logging_mixin.py:190} INFO - [2024-10-30T07:31:21.476+0000] {override.py:1900} INFO - Created Permission View: can delete on DAG:example_external_task_marker_parent
[2024-10-30T07:31:21.486+0000] {logging_mixin.py:190} INFO - [2024-10-30T07:31:21.485+0000] {override.py:1900} INFO - Created Permission View: can read on DAG Run:example_external_task_marker_parent
[2024-10-30T07:31:21.492+0000] {logging_mixin.py:190} INFO - [2024-10-30T07:31:21.492+0000] {override.py:1900} INFO - Created Permission View: menu access on DAG Run:example_external_task_marker_parent
[2024-10-30T07:31:21.498+0000] {logging_mixin.py:190} INFO - [2024-10-30T07:31:21.498+0000] {override.py:1900} INFO - Created Permission View: can create on DAG Run:example_external_task_marker_parent
[2024-10-30T07:31:21.504+0000] {logging_mixin.py:190} INFO - [2024-10-30T07:31:21.504+0000] {override.py:1900} INFO - Created Permission View: can delete on DAG Run:example_external_task_marker_parent
[2024-10-30T07:31:21.504+0000] {logging_mixin.py:190} INFO - [2024-10-30T07:31:21.504+0000] {dag.py:3239} INFO - Sync 2 DAGs
[2024-10-30T07:31:21.514+0000] {logging_mixin.py:190} INFO - [2024-10-30T07:31:21.514+0000] {dag.py:3262} INFO - Creating ORM DAG for example_external_task_marker_parent
[2024-10-30T07:31:21.514+0000] {logging_mixin.py:190} INFO - [2024-10-30T07:31:21.514+0000] {dag.py:3262} INFO - Creating ORM DAG for example_external_task_marker_child
[2024-10-30T07:31:21.515+0000] {logging_mixin.py:190} INFO - [2024-10-30T07:31:21.515+0000] {dag.py:4180} INFO - Setting next_dagrun for example_external_task_marker_child to None, run_after=None
[2024-10-30T07:31:21.515+0000] {logging_mixin.py:190} INFO - [2024-10-30T07:31:21.515+0000] {dag.py:4180} INFO - Setting next_dagrun for example_external_task_marker_parent to None, run_after=None
[2024-10-30T07:31:21.529+0000] {processor.py:208} INFO - Processing /home/airflow/.local/lib/python3.12/site-packages/airflow/example_dags/example_external_task_marker_dag.py took 0.220 seconds
[2024-10-30T07:31:52.047+0000] {processor.py:186} INFO - Started process (PID=136) to work on /home/airflow/.local/lib/python3.12/site-packages/airflow/example_dags/example_external_task_marker_dag.py
[2024-10-30T07:31:52.048+0000] {processor.py:914} INFO - Processing file /home/airflow/.local/lib/python3.12/site-packages/airflow/example_dags/example_external_task_marker_dag.py for tasks to queue
[2024-10-30T07:31:52.051+0000] {logging_mixin.py:190} INFO - [2024-10-30T07:31:52.051+0000] {dagbag.py:588} INFO - Filling up the DagBag from /home/airflow/.local/lib/python3.12/site-packages/airflow/example_dags/example_external_task_marker_dag.py
[2024-10-30T07:31:52.059+0000] {processor.py:925} INFO - DAG(s) 'example_external_task_marker_child', 'example_external_task_marker_parent' retrieved from /home/airflow/.local/lib/python3.12/site-packages/airflow/example_dags/example_external_task_marker_dag.py
[2024-10-30T07:31:52.080+0000] {logging_mixin.py:190} INFO - [2024-10-30T07:31:52.080+0000] {dag.py:3239} INFO - Sync 2 DAGs
[2024-10-30T07:31:52.092+0000] {logging_mixin.py:190} INFO - [2024-10-30T07:31:52.092+0000] {dag.py:4180} INFO - Setting next_dagrun for example_external_task_marker_child to None, run_after=None
[2024-10-30T07:31:52.095+0000] {logging_mixin.py:190} INFO - [2024-10-30T07:31:52.095+0000] {dag.py:4180} INFO - Setting next_dagrun for example_external_task_marker_parent to None, run_after=None
[2024-10-30T07:31:52.110+0000] {processor.py:208} INFO - Processing /home/airflow/.local/lib/python3.12/site-packages/airflow/example_dags/example_external_task_marker_dag.py took 0.068 seconds
[2024-10-30T07:32:22.378+0000] {processor.py:186} INFO - Started process (PID=198) to work on /home/airflow/.local/lib/python3.12/site-packages/airflow/example_dags/example_external_task_marker_dag.py
[2024-10-30T07:32:22.379+0000] {processor.py:914} INFO - Processing file /home/airflow/.local/lib/python3.12/site-packages/airflow/example_dags/example_external_task_marker_dag.py for tasks to queue
[2024-10-30T07:32:22.381+0000] {logging_mixin.py:190} INFO - [2024-10-30T07:32:22.381+0000] {dagbag.py:588} INFO - Filling up the DagBag from /home/airflow/.local/lib/python3.12/site-packages/airflow/example_dags/example_external_task_marker_dag.py
[2024-10-30T07:32:22.388+0000] {processor.py:925} INFO - DAG(s) 'example_external_task_marker_child', 'example_external_task_marker_parent' retrieved from /home/airflow/.local/lib/python3.12/site-packages/airflow/example_dags/example_external_task_marker_dag.py
[2024-10-30T07:32:22.409+0000] {logging_mixin.py:190} INFO - [2024-10-30T07:32:22.408+0000] {dag.py:3239} INFO - Sync 2 DAGs
[2024-10-30T07:32:22.422+0000] {logging_mixin.py:190} INFO - [2024-10-30T07:32:22.421+0000] {dag.py:4180} INFO - Setting next_dagrun for example_external_task_marker_child to None, run_after=None
[2024-10-30T07:32:22.424+0000] {logging_mixin.py:190} INFO - [2024-10-30T07:32:22.424+0000] {dag.py:4180} INFO - Setting next_dagrun for example_external_task_marker_parent to None, run_after=None
[2024-10-30T07:32:22.438+0000] {processor.py:208} INFO - Processing /home/airflow/.local/lib/python3.12/site-packages/airflow/example_dags/example_external_task_marker_dag.py took 0.066 seconds
[2024-10-30T07:32:52.933+0000] {processor.py:186} INFO - Started process (PID=260) to work on /home/airflow/.local/lib/python3.12/site-packages/airflow/example_dags/example_external_task_marker_dag.py
[2024-10-30T07:32:52.933+0000] {processor.py:914} INFO - Processing file /home/airflow/.local/lib/python3.12/site-packages/airflow/example_dags/example_external_task_marker_dag.py for tasks to queue
[2024-10-30T07:32:52.935+0000] {logging_mixin.py:190} INFO - [2024-10-30T07:32:52.935+0000] {dagbag.py:588} INFO - Filling up the DagBag from /home/airflow/.local/lib/python3.12/site-packages/airflow/example_dags/example_external_task_marker_dag.py
[2024-10-30T07:32:52.942+0000] {processor.py:925} INFO - DAG(s) 'example_external_task_marker_child', 'example_external_task_marker_parent' retrieved from /home/airflow/.local/lib/python3.12/site-packages/airflow/example_dags/example_external_task_marker_dag.py
[2024-10-30T07:32:52.961+0000] {logging_mixin.py:190} INFO - [2024-10-30T07:32:52.961+0000] {dag.py:3239} INFO - Sync 2 DAGs
[2024-10-30T07:32:52.973+0000] {logging_mixin.py:190} INFO - [2024-10-30T07:32:52.973+0000] {dag.py:4180} INFO - Setting next_dagrun for example_external_task_marker_child to None, run_after=None
[2024-10-30T07:32:52.976+0000] {logging_mixin.py:190} INFO - [2024-10-30T07:32:52.976+0000] {dag.py:4180} INFO - Setting next_dagrun for example_external_task_marker_parent to None, run_after=None
[2024-10-30T07:32:52.994+0000] {processor.py:208} INFO - Processing /home/airflow/.local/lib/python3.12/site-packages/airflow/example_dags/example_external_task_marker_dag.py took 0.066 seconds
