[2024-10-30T07:31:21.750+0000] {processor.py:186} INFO - Started process (PID=78) to work on /home/airflow/.local/lib/python3.12/site-packages/airflow/example_dags/example_sensors.py
[2024-10-30T07:31:21.751+0000] {processor.py:914} INFO - Processing file /home/airflow/.local/lib/python3.12/site-packages/airflow/example_dags/example_sensors.py for tasks to queue
[2024-10-30T07:31:21.753+0000] {logging_mixin.py:190} INFO - [2024-10-30T07:31:21.753+0000] {dagbag.py:588} INFO - Filling up the DagBag from /home/airflow/.local/lib/python3.12/site-packages/airflow/example_dags/example_sensors.py
[2024-10-30T07:31:21.763+0000] {processor.py:925} INFO - DAG(s) 'example_sensors' retrieved from /home/airflow/.local/lib/python3.12/site-packages/airflow/example_dags/example_sensors.py
[2024-10-30T07:31:21.850+0000] {logging_mixin.py:190} INFO - [2024-10-30T07:31:21.850+0000] {override.py:1900} INFO - Created Permission View: can read on DAG:example_sensors
[2024-10-30T07:31:21.860+0000] {logging_mixin.py:190} INFO - [2024-10-30T07:31:21.860+0000] {override.py:1900} INFO - Created Permission View: can edit on DAG:example_sensors
[2024-10-30T07:31:21.866+0000] {logging_mixin.py:190} INFO - [2024-10-30T07:31:21.865+0000] {override.py:1900} INFO - Created Permission View: can delete on DAG:example_sensors
[2024-10-30T07:31:21.874+0000] {logging_mixin.py:190} INFO - [2024-10-30T07:31:21.874+0000] {override.py:1900} INFO - Created Permission View: can read on DAG Run:example_sensors
[2024-10-30T07:31:21.882+0000] {logging_mixin.py:190} INFO - [2024-10-30T07:31:21.882+0000] {override.py:1900} INFO - Created Permission View: menu access on DAG Run:example_sensors
[2024-10-30T07:31:21.888+0000] {logging_mixin.py:190} INFO - [2024-10-30T07:31:21.887+0000] {override.py:1900} INFO - Created Permission View: can create on DAG Run:example_sensors
[2024-10-30T07:31:21.894+0000] {logging_mixin.py:190} INFO - [2024-10-30T07:31:21.893+0000] {override.py:1900} INFO - Created Permission View: can delete on DAG Run:example_sensors
[2024-10-30T07:31:21.894+0000] {logging_mixin.py:190} INFO - [2024-10-30T07:31:21.894+0000] {dag.py:3239} INFO - Sync 1 DAGs
[2024-10-30T07:31:21.905+0000] {logging_mixin.py:190} INFO - [2024-10-30T07:31:21.905+0000] {dag.py:3262} INFO - Creating ORM DAG for example_sensors
[2024-10-30T07:31:21.905+0000] {logging_mixin.py:190} INFO - [2024-10-30T07:31:21.905+0000] {dag.py:4180} INFO - Setting next_dagrun for example_sensors to None, run_after=None
[2024-10-30T07:31:21.922+0000] {processor.py:208} INFO - Processing /home/airflow/.local/lib/python3.12/site-packages/airflow/example_dags/example_sensors.py took 0.176 seconds
[2024-10-30T07:31:52.217+0000] {processor.py:186} INFO - Started process (PID=140) to work on /home/airflow/.local/lib/python3.12/site-packages/airflow/example_dags/example_sensors.py
[2024-10-30T07:31:52.219+0000] {processor.py:914} INFO - Processing file /home/airflow/.local/lib/python3.12/site-packages/airflow/example_dags/example_sensors.py for tasks to queue
[2024-10-30T07:31:52.221+0000] {logging_mixin.py:190} INFO - [2024-10-30T07:31:52.220+0000] {dagbag.py:588} INFO - Filling up the DagBag from /home/airflow/.local/lib/python3.12/site-packages/airflow/example_dags/example_sensors.py
[2024-10-30T07:31:52.229+0000] {processor.py:925} INFO - DAG(s) 'example_sensors' retrieved from /home/airflow/.local/lib/python3.12/site-packages/airflow/example_dags/example_sensors.py
[2024-10-30T07:31:52.258+0000] {logging_mixin.py:190} INFO - [2024-10-30T07:31:52.257+0000] {dag.py:3239} INFO - Sync 1 DAGs
[2024-10-30T07:31:52.276+0000] {logging_mixin.py:190} INFO - [2024-10-30T07:31:52.276+0000] {dag.py:4180} INFO - Setting next_dagrun for example_sensors to None, run_after=None
[2024-10-30T07:31:52.299+0000] {processor.py:208} INFO - Processing /home/airflow/.local/lib/python3.12/site-packages/airflow/example_dags/example_sensors.py took 0.087 seconds
[2024-10-30T07:32:22.566+0000] {processor.py:186} INFO - Started process (PID=202) to work on /home/airflow/.local/lib/python3.12/site-packages/airflow/example_dags/example_sensors.py
[2024-10-30T07:32:22.567+0000] {processor.py:914} INFO - Processing file /home/airflow/.local/lib/python3.12/site-packages/airflow/example_dags/example_sensors.py for tasks to queue
[2024-10-30T07:32:22.568+0000] {logging_mixin.py:190} INFO - [2024-10-30T07:32:22.568+0000] {dagbag.py:588} INFO - Filling up the DagBag from /home/airflow/.local/lib/python3.12/site-packages/airflow/example_dags/example_sensors.py
[2024-10-30T07:32:22.579+0000] {processor.py:925} INFO - DAG(s) 'example_sensors' retrieved from /home/airflow/.local/lib/python3.12/site-packages/airflow/example_dags/example_sensors.py
[2024-10-30T07:32:22.609+0000] {logging_mixin.py:190} INFO - [2024-10-30T07:32:22.609+0000] {dag.py:3239} INFO - Sync 1 DAGs
[2024-10-30T07:32:22.627+0000] {logging_mixin.py:190} INFO - [2024-10-30T07:32:22.627+0000] {dag.py:4180} INFO - Setting next_dagrun for example_sensors to None, run_after=None
[2024-10-30T07:32:22.643+0000] {processor.py:208} INFO - Processing /home/airflow/.local/lib/python3.12/site-packages/airflow/example_dags/example_sensors.py took 0.083 seconds
[2024-10-30T07:32:53.096+0000] {processor.py:186} INFO - Started process (PID=264) to work on /home/airflow/.local/lib/python3.12/site-packages/airflow/example_dags/example_sensors.py
[2024-10-30T07:32:53.097+0000] {processor.py:914} INFO - Processing file /home/airflow/.local/lib/python3.12/site-packages/airflow/example_dags/example_sensors.py for tasks to queue
[2024-10-30T07:32:53.099+0000] {logging_mixin.py:190} INFO - [2024-10-30T07:32:53.099+0000] {dagbag.py:588} INFO - Filling up the DagBag from /home/airflow/.local/lib/python3.12/site-packages/airflow/example_dags/example_sensors.py
[2024-10-30T07:32:53.107+0000] {processor.py:925} INFO - DAG(s) 'example_sensors' retrieved from /home/airflow/.local/lib/python3.12/site-packages/airflow/example_dags/example_sensors.py
[2024-10-30T07:32:53.130+0000] {logging_mixin.py:190} INFO - [2024-10-30T07:32:53.129+0000] {dag.py:3239} INFO - Sync 1 DAGs
[2024-10-30T07:32:53.144+0000] {logging_mixin.py:190} INFO - [2024-10-30T07:32:53.144+0000] {dag.py:4180} INFO - Setting next_dagrun for example_sensors to None, run_after=None
[2024-10-30T07:32:53.160+0000] {processor.py:208} INFO - Processing /home/airflow/.local/lib/python3.12/site-packages/airflow/example_dags/example_sensors.py took 0.069 seconds
