[2024-10-30T07:31:19.399+0000] {processor.py:186} INFO - Started process (PID=57) to work on /home/airflow/.local/lib/python3.12/site-packages/airflow/example_dags/example_display_name.py
[2024-10-30T07:31:19.400+0000] {processor.py:914} INFO - Processing file /home/airflow/.local/lib/python3.12/site-packages/airflow/example_dags/example_display_name.py for tasks to queue
[2024-10-30T07:31:19.402+0000] {logging_mixin.py:190} INFO - [2024-10-30T07:31:19.401+0000] {dagbag.py:588} INFO - Filling up the DagBag from /home/airflow/.local/lib/python3.12/site-packages/airflow/example_dags/example_display_name.py
[2024-10-30T07:31:19.409+0000] {processor.py:925} INFO - DAG(s) 'example_display_name' retrieved from /home/airflow/.local/lib/python3.12/site-packages/airflow/example_dags/example_display_name.py
[2024-10-30T07:31:19.540+0000] {logging_mixin.py:190} INFO - [2024-10-30T07:31:19.540+0000] {override.py:1900} INFO - Created Permission View: can read on DAG:example_display_name
[2024-10-30T07:31:19.550+0000] {logging_mixin.py:190} INFO - [2024-10-30T07:31:19.550+0000] {override.py:1900} INFO - Created Permission View: can edit on DAG:example_display_name
[2024-10-30T07:31:19.558+0000] {logging_mixin.py:190} INFO - [2024-10-30T07:31:19.557+0000] {override.py:1900} INFO - Created Permission View: can delete on DAG:example_display_name
[2024-10-30T07:31:19.568+0000] {logging_mixin.py:190} INFO - [2024-10-30T07:31:19.568+0000] {override.py:1900} INFO - Created Permission View: can read on DAG Run:example_display_name
[2024-10-30T07:31:19.576+0000] {logging_mixin.py:190} INFO - [2024-10-30T07:31:19.576+0000] {override.py:1900} INFO - Created Permission View: menu access on DAG Run:example_display_name
[2024-10-30T07:31:19.584+0000] {logging_mixin.py:190} INFO - [2024-10-30T07:31:19.584+0000] {override.py:1900} INFO - Created Permission View: can create on DAG Run:example_display_name
[2024-10-30T07:31:19.592+0000] {logging_mixin.py:190} INFO - [2024-10-30T07:31:19.592+0000] {override.py:1900} INFO - Created Permission View: can delete on DAG Run:example_display_name
[2024-10-30T07:31:19.592+0000] {logging_mixin.py:190} INFO - [2024-10-30T07:31:19.592+0000] {dag.py:3239} INFO - Sync 1 DAGs
[2024-10-30T07:31:19.602+0000] {logging_mixin.py:190} INFO - [2024-10-30T07:31:19.602+0000] {dag.py:3262} INFO - Creating ORM DAG for example_display_name
[2024-10-30T07:31:19.603+0000] {logging_mixin.py:190} INFO - [2024-10-30T07:31:19.602+0000] {dag.py:4180} INFO - Setting next_dagrun for example_display_name to None, run_after=None
[2024-10-30T07:31:19.624+0000] {processor.py:208} INFO - Processing /home/airflow/.local/lib/python3.12/site-packages/airflow/example_dags/example_display_name.py took 0.230 seconds
[2024-10-30T07:31:50.109+0000] {processor.py:186} INFO - Started process (PID=119) to work on /home/airflow/.local/lib/python3.12/site-packages/airflow/example_dags/example_display_name.py
[2024-10-30T07:31:50.110+0000] {processor.py:914} INFO - Processing file /home/airflow/.local/lib/python3.12/site-packages/airflow/example_dags/example_display_name.py for tasks to queue
[2024-10-30T07:31:50.112+0000] {logging_mixin.py:190} INFO - [2024-10-30T07:31:50.112+0000] {dagbag.py:588} INFO - Filling up the DagBag from /home/airflow/.local/lib/python3.12/site-packages/airflow/example_dags/example_display_name.py
[2024-10-30T07:31:50.118+0000] {processor.py:925} INFO - DAG(s) 'example_display_name' retrieved from /home/airflow/.local/lib/python3.12/site-packages/airflow/example_dags/example_display_name.py
[2024-10-30T07:31:50.139+0000] {logging_mixin.py:190} INFO - [2024-10-30T07:31:50.139+0000] {dag.py:3239} INFO - Sync 1 DAGs
[2024-10-30T07:31:50.152+0000] {logging_mixin.py:190} INFO - [2024-10-30T07:31:50.152+0000] {dag.py:4180} INFO - Setting next_dagrun for example_display_name to None, run_after=None
[2024-10-30T07:31:50.170+0000] {processor.py:208} INFO - Processing /home/airflow/.local/lib/python3.12/site-packages/airflow/example_dags/example_display_name.py took 0.067 seconds
[2024-10-30T07:32:20.444+0000] {processor.py:186} INFO - Started process (PID=181) to work on /home/airflow/.local/lib/python3.12/site-packages/airflow/example_dags/example_display_name.py
[2024-10-30T07:32:20.445+0000] {processor.py:914} INFO - Processing file /home/airflow/.local/lib/python3.12/site-packages/airflow/example_dags/example_display_name.py for tasks to queue
[2024-10-30T07:32:20.450+0000] {logging_mixin.py:190} INFO - [2024-10-30T07:32:20.450+0000] {dagbag.py:588} INFO - Filling up the DagBag from /home/airflow/.local/lib/python3.12/site-packages/airflow/example_dags/example_display_name.py
[2024-10-30T07:32:20.461+0000] {processor.py:925} INFO - DAG(s) 'example_display_name' retrieved from /home/airflow/.local/lib/python3.12/site-packages/airflow/example_dags/example_display_name.py
[2024-10-30T07:32:20.478+0000] {logging_mixin.py:190} INFO - [2024-10-30T07:32:20.478+0000] {dag.py:3239} INFO - Sync 1 DAGs
[2024-10-30T07:32:20.489+0000] {logging_mixin.py:190} INFO - [2024-10-30T07:32:20.489+0000] {dag.py:4180} INFO - Setting next_dagrun for example_display_name to None, run_after=None
[2024-10-30T07:32:20.504+0000] {processor.py:208} INFO - Processing /home/airflow/.local/lib/python3.12/site-packages/airflow/example_dags/example_display_name.py took 0.067 seconds
[2024-10-30T07:32:50.750+0000] {processor.py:186} INFO - Started process (PID=243) to work on /home/airflow/.local/lib/python3.12/site-packages/airflow/example_dags/example_display_name.py
[2024-10-30T07:32:50.751+0000] {processor.py:914} INFO - Processing file /home/airflow/.local/lib/python3.12/site-packages/airflow/example_dags/example_display_name.py for tasks to queue
[2024-10-30T07:32:50.753+0000] {logging_mixin.py:190} INFO - [2024-10-30T07:32:50.752+0000] {dagbag.py:588} INFO - Filling up the DagBag from /home/airflow/.local/lib/python3.12/site-packages/airflow/example_dags/example_display_name.py
[2024-10-30T07:32:50.759+0000] {processor.py:925} INFO - DAG(s) 'example_display_name' retrieved from /home/airflow/.local/lib/python3.12/site-packages/airflow/example_dags/example_display_name.py
[2024-10-30T07:32:50.778+0000] {logging_mixin.py:190} INFO - [2024-10-30T07:32:50.777+0000] {dag.py:3239} INFO - Sync 1 DAGs
[2024-10-30T07:32:50.792+0000] {logging_mixin.py:190} INFO - [2024-10-30T07:32:50.792+0000] {dag.py:4180} INFO - Setting next_dagrun for example_display_name to None, run_after=None
[2024-10-30T07:32:50.815+0000] {processor.py:208} INFO - Processing /home/airflow/.local/lib/python3.12/site-packages/airflow/example_dags/example_display_name.py took 0.070 seconds
