[2024-10-30T07:31:21.265+0000] {processor.py:186} INFO - Started process (PID=73) to work on /home/airflow/.local/lib/python3.12/site-packages/airflow/example_dags/example_latest_only_with_trigger.py
[2024-10-30T07:31:21.266+0000] {processor.py:914} INFO - Processing file /home/airflow/.local/lib/python3.12/site-packages/airflow/example_dags/example_latest_only_with_trigger.py for tasks to queue
[2024-10-30T07:31:21.268+0000] {logging_mixin.py:190} INFO - [2024-10-30T07:31:21.267+0000] {dagbag.py:588} INFO - Filling up the DagBag from /home/airflow/.local/lib/python3.12/site-packages/airflow/example_dags/example_latest_only_with_trigger.py
[2024-10-30T07:31:21.274+0000] {processor.py:925} INFO - DAG(s) 'latest_only_with_trigger' retrieved from /home/airflow/.local/lib/python3.12/site-packages/airflow/example_dags/example_latest_only_with_trigger.py
[2024-10-30T07:31:21.356+0000] {logging_mixin.py:190} INFO - [2024-10-30T07:31:21.356+0000] {override.py:1900} INFO - Created Permission View: can read on DAG:latest_only_with_trigger
[2024-10-30T07:31:21.366+0000] {logging_mixin.py:190} INFO - [2024-10-30T07:31:21.366+0000] {override.py:1900} INFO - Created Permission View: can edit on DAG:latest_only_with_trigger
[2024-10-30T07:31:21.374+0000] {logging_mixin.py:190} INFO - [2024-10-30T07:31:21.374+0000] {override.py:1900} INFO - Created Permission View: can delete on DAG:latest_only_with_trigger
[2024-10-30T07:31:21.384+0000] {logging_mixin.py:190} INFO - [2024-10-30T07:31:21.384+0000] {override.py:1900} INFO - Created Permission View: can read on DAG Run:latest_only_with_trigger
[2024-10-30T07:31:21.390+0000] {logging_mixin.py:190} INFO - [2024-10-30T07:31:21.390+0000] {override.py:1900} INFO - Created Permission View: menu access on DAG Run:latest_only_with_trigger
[2024-10-30T07:31:21.398+0000] {logging_mixin.py:190} INFO - [2024-10-30T07:31:21.398+0000] {override.py:1900} INFO - Created Permission View: can create on DAG Run:latest_only_with_trigger
[2024-10-30T07:31:21.406+0000] {logging_mixin.py:190} INFO - [2024-10-30T07:31:21.406+0000] {override.py:1900} INFO - Created Permission View: can delete on DAG Run:latest_only_with_trigger
[2024-10-30T07:31:21.406+0000] {logging_mixin.py:190} INFO - [2024-10-30T07:31:21.406+0000] {dag.py:3239} INFO - Sync 1 DAGs
[2024-10-30T07:31:21.415+0000] {logging_mixin.py:190} INFO - [2024-10-30T07:31:21.414+0000] {dag.py:3262} INFO - Creating ORM DAG for latest_only_with_trigger
[2024-10-30T07:31:21.424+0000] {logging_mixin.py:190} INFO - [2024-10-30T07:31:21.424+0000] {dag.py:4180} INFO - Setting next_dagrun for latest_only_with_trigger to 2024-10-30 00:00:00+00:00, run_after=2024-10-30 04:00:00+00:00
[2024-10-30T07:31:21.438+0000] {processor.py:208} INFO - Processing /home/airflow/.local/lib/python3.12/site-packages/airflow/example_dags/example_latest_only_with_trigger.py took 0.177 seconds
[2024-10-30T07:31:51.989+0000] {processor.py:186} INFO - Started process (PID=135) to work on /home/airflow/.local/lib/python3.12/site-packages/airflow/example_dags/example_latest_only_with_trigger.py
[2024-10-30T07:31:51.990+0000] {processor.py:914} INFO - Processing file /home/airflow/.local/lib/python3.12/site-packages/airflow/example_dags/example_latest_only_with_trigger.py for tasks to queue
[2024-10-30T07:31:51.992+0000] {logging_mixin.py:190} INFO - [2024-10-30T07:31:51.992+0000] {dagbag.py:588} INFO - Filling up the DagBag from /home/airflow/.local/lib/python3.12/site-packages/airflow/example_dags/example_latest_only_with_trigger.py
[2024-10-30T07:31:51.998+0000] {processor.py:925} INFO - DAG(s) 'latest_only_with_trigger' retrieved from /home/airflow/.local/lib/python3.12/site-packages/airflow/example_dags/example_latest_only_with_trigger.py
[2024-10-30T07:31:52.017+0000] {logging_mixin.py:190} INFO - [2024-10-30T07:31:52.017+0000] {dag.py:3239} INFO - Sync 1 DAGs
[2024-10-30T07:31:52.035+0000] {logging_mixin.py:190} INFO - [2024-10-30T07:31:52.035+0000] {dag.py:4180} INFO - Setting next_dagrun for latest_only_with_trigger to 2024-10-30 00:00:00+00:00, run_after=2024-10-30 04:00:00+00:00
[2024-10-30T07:31:52.056+0000] {processor.py:208} INFO - Processing /home/airflow/.local/lib/python3.12/site-packages/airflow/example_dags/example_latest_only_with_trigger.py took 0.073 seconds
[2024-10-30T07:32:22.317+0000] {processor.py:186} INFO - Started process (PID=197) to work on /home/airflow/.local/lib/python3.12/site-packages/airflow/example_dags/example_latest_only_with_trigger.py
[2024-10-30T07:32:22.318+0000] {processor.py:914} INFO - Processing file /home/airflow/.local/lib/python3.12/site-packages/airflow/example_dags/example_latest_only_with_trigger.py for tasks to queue
[2024-10-30T07:32:22.320+0000] {logging_mixin.py:190} INFO - [2024-10-30T07:32:22.320+0000] {dagbag.py:588} INFO - Filling up the DagBag from /home/airflow/.local/lib/python3.12/site-packages/airflow/example_dags/example_latest_only_with_trigger.py
[2024-10-30T07:32:22.327+0000] {processor.py:925} INFO - DAG(s) 'latest_only_with_trigger' retrieved from /home/airflow/.local/lib/python3.12/site-packages/airflow/example_dags/example_latest_only_with_trigger.py
[2024-10-30T07:32:22.350+0000] {logging_mixin.py:190} INFO - [2024-10-30T07:32:22.349+0000] {dag.py:3239} INFO - Sync 1 DAGs
[2024-10-30T07:32:22.373+0000] {logging_mixin.py:190} INFO - [2024-10-30T07:32:22.373+0000] {dag.py:4180} INFO - Setting next_dagrun for latest_only_with_trigger to 2024-10-30 00:00:00+00:00, run_after=2024-10-30 04:00:00+00:00
[2024-10-30T07:32:22.392+0000] {processor.py:208} INFO - Processing /home/airflow/.local/lib/python3.12/site-packages/airflow/example_dags/example_latest_only_with_trigger.py took 0.080 seconds
[2024-10-30T07:32:52.870+0000] {processor.py:186} INFO - Started process (PID=259) to work on /home/airflow/.local/lib/python3.12/site-packages/airflow/example_dags/example_latest_only_with_trigger.py
[2024-10-30T07:32:52.871+0000] {processor.py:914} INFO - Processing file /home/airflow/.local/lib/python3.12/site-packages/airflow/example_dags/example_latest_only_with_trigger.py for tasks to queue
[2024-10-30T07:32:52.873+0000] {logging_mixin.py:190} INFO - [2024-10-30T07:32:52.873+0000] {dagbag.py:588} INFO - Filling up the DagBag from /home/airflow/.local/lib/python3.12/site-packages/airflow/example_dags/example_latest_only_with_trigger.py
[2024-10-30T07:32:52.879+0000] {processor.py:925} INFO - DAG(s) 'latest_only_with_trigger' retrieved from /home/airflow/.local/lib/python3.12/site-packages/airflow/example_dags/example_latest_only_with_trigger.py
[2024-10-30T07:32:52.899+0000] {logging_mixin.py:190} INFO - [2024-10-30T07:32:52.899+0000] {dag.py:3239} INFO - Sync 1 DAGs
[2024-10-30T07:32:52.918+0000] {logging_mixin.py:190} INFO - [2024-10-30T07:32:52.918+0000] {dag.py:4180} INFO - Setting next_dagrun for latest_only_with_trigger to 2024-10-30 00:00:00+00:00, run_after=2024-10-30 04:00:00+00:00
[2024-10-30T07:32:52.933+0000] {processor.py:208} INFO - Processing /home/airflow/.local/lib/python3.12/site-packages/airflow/example_dags/example_latest_only_with_trigger.py took 0.069 seconds
