[2024-10-30T07:31:20.350+0000] {processor.py:186} INFO - Started process (PID=65) to work on /home/airflow/.local/lib/python3.12/site-packages/airflow/example_dags/example_sla_dag.py
[2024-10-30T07:31:20.351+0000] {processor.py:914} INFO - Processing file /home/airflow/.local/lib/python3.12/site-packages/airflow/example_dags/example_sla_dag.py for tasks to queue
[2024-10-30T07:31:20.353+0000] {logging_mixin.py:190} INFO - [2024-10-30T07:31:20.353+0000] {dagbag.py:588} INFO - Filling up the DagBag from /home/airflow/.local/lib/python3.12/site-packages/airflow/example_dags/example_sla_dag.py
[2024-10-30T07:31:20.363+0000] {processor.py:925} INFO - DAG(s) 'example_sla_dag' retrieved from /home/airflow/.local/lib/python3.12/site-packages/airflow/example_dags/example_sla_dag.py
[2024-10-30T07:31:20.448+0000] {logging_mixin.py:190} INFO - [2024-10-30T07:31:20.448+0000] {override.py:1900} INFO - Created Permission View: can read on DAG:example_sla_dag
[2024-10-30T07:31:20.458+0000] {logging_mixin.py:190} INFO - [2024-10-30T07:31:20.457+0000] {override.py:1900} INFO - Created Permission View: can edit on DAG:example_sla_dag
[2024-10-30T07:31:20.466+0000] {logging_mixin.py:190} INFO - [2024-10-30T07:31:20.465+0000] {override.py:1900} INFO - Created Permission View: can delete on DAG:example_sla_dag
[2024-10-30T07:31:20.476+0000] {logging_mixin.py:190} INFO - [2024-10-30T07:31:20.476+0000] {override.py:1900} INFO - Created Permission View: can read on DAG Run:example_sla_dag
[2024-10-30T07:31:20.482+0000] {logging_mixin.py:190} INFO - [2024-10-30T07:31:20.482+0000] {override.py:1900} INFO - Created Permission View: menu access on DAG Run:example_sla_dag
[2024-10-30T07:31:20.490+0000] {logging_mixin.py:190} INFO - [2024-10-30T07:31:20.490+0000] {override.py:1900} INFO - Created Permission View: can create on DAG Run:example_sla_dag
[2024-10-30T07:31:20.498+0000] {logging_mixin.py:190} INFO - [2024-10-30T07:31:20.498+0000] {override.py:1900} INFO - Created Permission View: can delete on DAG Run:example_sla_dag
[2024-10-30T07:31:20.498+0000] {logging_mixin.py:190} INFO - [2024-10-30T07:31:20.498+0000] {dag.py:3239} INFO - Sync 1 DAGs
[2024-10-30T07:31:20.508+0000] {logging_mixin.py:190} INFO - [2024-10-30T07:31:20.508+0000] {dag.py:3262} INFO - Creating ORM DAG for example_sla_dag
[2024-10-30T07:31:20.518+0000] {logging_mixin.py:190} INFO - [2024-10-30T07:31:20.518+0000] {dag.py:4180} INFO - Setting next_dagrun for example_sla_dag to 2024-10-30 07:28:00+00:00, run_after=2024-10-30 07:30:00+00:00
[2024-10-30T07:31:20.533+0000] {processor.py:208} INFO - Processing /home/airflow/.local/lib/python3.12/site-packages/airflow/example_dags/example_sla_dag.py took 0.188 seconds
[2024-10-30T07:31:51.447+0000] {processor.py:186} INFO - Started process (PID=127) to work on /home/airflow/.local/lib/python3.12/site-packages/airflow/example_dags/example_sla_dag.py
[2024-10-30T07:31:51.448+0000] {processor.py:914} INFO - Processing file /home/airflow/.local/lib/python3.12/site-packages/airflow/example_dags/example_sla_dag.py for tasks to queue
[2024-10-30T07:31:51.449+0000] {logging_mixin.py:190} INFO - [2024-10-30T07:31:51.449+0000] {dagbag.py:588} INFO - Filling up the DagBag from /home/airflow/.local/lib/python3.12/site-packages/airflow/example_dags/example_sla_dag.py
[2024-10-30T07:31:51.457+0000] {processor.py:925} INFO - DAG(s) 'example_sla_dag' retrieved from /home/airflow/.local/lib/python3.12/site-packages/airflow/example_dags/example_sla_dag.py
[2024-10-30T07:31:51.503+0000] {logging_mixin.py:190} INFO - [2024-10-30T07:31:51.503+0000] {dag.py:3239} INFO - Sync 1 DAGs
[2024-10-30T07:31:51.535+0000] {logging_mixin.py:190} INFO - [2024-10-30T07:31:51.535+0000] {dag.py:4180} INFO - Setting next_dagrun for example_sla_dag to 2024-10-30 07:28:00+00:00, run_after=2024-10-30 07:30:00+00:00
[2024-10-30T07:31:51.557+0000] {processor.py:208} INFO - Processing /home/airflow/.local/lib/python3.12/site-packages/airflow/example_dags/example_sla_dag.py took 0.115 seconds
[2024-10-30T07:32:21.795+0000] {processor.py:186} INFO - Started process (PID=189) to work on /home/airflow/.local/lib/python3.12/site-packages/airflow/example_dags/example_sla_dag.py
[2024-10-30T07:32:21.798+0000] {processor.py:914} INFO - Processing file /home/airflow/.local/lib/python3.12/site-packages/airflow/example_dags/example_sla_dag.py for tasks to queue
[2024-10-30T07:32:21.799+0000] {logging_mixin.py:190} INFO - [2024-10-30T07:32:21.799+0000] {dagbag.py:588} INFO - Filling up the DagBag from /home/airflow/.local/lib/python3.12/site-packages/airflow/example_dags/example_sla_dag.py
[2024-10-30T07:32:21.808+0000] {processor.py:925} INFO - DAG(s) 'example_sla_dag' retrieved from /home/airflow/.local/lib/python3.12/site-packages/airflow/example_dags/example_sla_dag.py
[2024-10-30T07:32:21.841+0000] {logging_mixin.py:190} INFO - [2024-10-30T07:32:21.841+0000] {dag.py:3239} INFO - Sync 1 DAGs
[2024-10-30T07:32:21.870+0000] {logging_mixin.py:190} INFO - [2024-10-30T07:32:21.869+0000] {dag.py:4180} INFO - Setting next_dagrun for example_sla_dag to 2024-10-30 07:30:00+00:00, run_after=2024-10-30 07:32:00+00:00
[2024-10-30T07:32:21.891+0000] {processor.py:208} INFO - Processing /home/airflow/.local/lib/python3.12/site-packages/airflow/example_dags/example_sla_dag.py took 0.101 seconds
[2024-10-30T07:32:52.276+0000] {processor.py:186} INFO - Started process (PID=251) to work on /home/airflow/.local/lib/python3.12/site-packages/airflow/example_dags/example_sla_dag.py
[2024-10-30T07:32:52.277+0000] {processor.py:914} INFO - Processing file /home/airflow/.local/lib/python3.12/site-packages/airflow/example_dags/example_sla_dag.py for tasks to queue
[2024-10-30T07:32:52.279+0000] {logging_mixin.py:190} INFO - [2024-10-30T07:32:52.278+0000] {dagbag.py:588} INFO - Filling up the DagBag from /home/airflow/.local/lib/python3.12/site-packages/airflow/example_dags/example_sla_dag.py
[2024-10-30T07:32:52.287+0000] {processor.py:925} INFO - DAG(s) 'example_sla_dag' retrieved from /home/airflow/.local/lib/python3.12/site-packages/airflow/example_dags/example_sla_dag.py
[2024-10-30T07:32:52.304+0000] {logging_mixin.py:190} INFO - [2024-10-30T07:32:52.304+0000] {dag.py:3239} INFO - Sync 1 DAGs
[2024-10-30T07:32:52.328+0000] {logging_mixin.py:190} INFO - [2024-10-30T07:32:52.327+0000] {dag.py:4180} INFO - Setting next_dagrun for example_sla_dag to 2024-10-30 07:30:00+00:00, run_after=2024-10-30 07:32:00+00:00
[2024-10-30T07:32:52.347+0000] {processor.py:208} INFO - Processing /home/airflow/.local/lib/python3.12/site-packages/airflow/example_dags/example_sla_dag.py took 0.076 seconds
