[2024-10-30T07:31:23.530+0000] {processor.py:186} INFO - Started process (PID=91) to work on /home/airflow/.local/lib/python3.12/site-packages/airflow/example_dags/example_kubernetes_executor.py
[2024-10-30T07:31:23.531+0000] {processor.py:914} INFO - Processing file /home/airflow/.local/lib/python3.12/site-packages/airflow/example_dags/example_kubernetes_executor.py for tasks to queue
[2024-10-30T07:31:23.532+0000] {logging_mixin.py:190} INFO - [2024-10-30T07:31:23.532+0000] {dagbag.py:588} INFO - Filling up the DagBag from /home/airflow/.local/lib/python3.12/site-packages/airflow/example_dags/example_kubernetes_executor.py
[2024-10-30T07:31:23.546+0000] {processor.py:925} INFO - DAG(s) 'example_kubernetes_executor' retrieved from /home/airflow/.local/lib/python3.12/site-packages/airflow/example_dags/example_kubernetes_executor.py
[2024-10-30T07:31:23.652+0000] {logging_mixin.py:190} INFO - [2024-10-30T07:31:23.652+0000] {override.py:1900} INFO - Created Permission View: can read on DAG:example_kubernetes_executor
[2024-10-30T07:31:23.664+0000] {logging_mixin.py:190} INFO - [2024-10-30T07:31:23.664+0000] {override.py:1900} INFO - Created Permission View: can edit on DAG:example_kubernetes_executor
[2024-10-30T07:31:23.672+0000] {logging_mixin.py:190} INFO - [2024-10-30T07:31:23.672+0000] {override.py:1900} INFO - Created Permission View: can delete on DAG:example_kubernetes_executor
[2024-10-30T07:31:23.684+0000] {logging_mixin.py:190} INFO - [2024-10-30T07:31:23.684+0000] {override.py:1900} INFO - Created Permission View: can read on DAG Run:example_kubernetes_executor
[2024-10-30T07:31:23.692+0000] {logging_mixin.py:190} INFO - [2024-10-30T07:31:23.692+0000] {override.py:1900} INFO - Created Permission View: menu access on DAG Run:example_kubernetes_executor
[2024-10-30T07:31:23.698+0000] {logging_mixin.py:190} INFO - [2024-10-30T07:31:23.698+0000] {override.py:1900} INFO - Created Permission View: can create on DAG Run:example_kubernetes_executor
[2024-10-30T07:31:23.704+0000] {logging_mixin.py:190} INFO - [2024-10-30T07:31:23.703+0000] {override.py:1900} INFO - Created Permission View: can delete on DAG Run:example_kubernetes_executor
[2024-10-30T07:31:23.704+0000] {logging_mixin.py:190} INFO - [2024-10-30T07:31:23.704+0000] {dag.py:3239} INFO - Sync 1 DAGs
[2024-10-30T07:31:23.713+0000] {logging_mixin.py:190} INFO - [2024-10-30T07:31:23.713+0000] {dag.py:3262} INFO - Creating ORM DAG for example_kubernetes_executor
[2024-10-30T07:31:23.714+0000] {logging_mixin.py:190} INFO - [2024-10-30T07:31:23.713+0000] {dag.py:4180} INFO - Setting next_dagrun for example_kubernetes_executor to None, run_after=None
[2024-10-30T07:31:23.730+0000] {processor.py:208} INFO - Processing /home/airflow/.local/lib/python3.12/site-packages/airflow/example_dags/example_kubernetes_executor.py took 0.205 seconds
[2024-10-30T07:31:54.113+0000] {processor.py:186} INFO - Started process (PID=153) to work on /home/airflow/.local/lib/python3.12/site-packages/airflow/example_dags/example_kubernetes_executor.py
[2024-10-30T07:31:54.114+0000] {processor.py:914} INFO - Processing file /home/airflow/.local/lib/python3.12/site-packages/airflow/example_dags/example_kubernetes_executor.py for tasks to queue
[2024-10-30T07:31:54.117+0000] {logging_mixin.py:190} INFO - [2024-10-30T07:31:54.116+0000] {dagbag.py:588} INFO - Filling up the DagBag from /home/airflow/.local/lib/python3.12/site-packages/airflow/example_dags/example_kubernetes_executor.py
[2024-10-30T07:31:54.129+0000] {processor.py:925} INFO - DAG(s) 'example_kubernetes_executor' retrieved from /home/airflow/.local/lib/python3.12/site-packages/airflow/example_dags/example_kubernetes_executor.py
[2024-10-30T07:31:54.159+0000] {logging_mixin.py:190} INFO - [2024-10-30T07:31:54.159+0000] {dag.py:3239} INFO - Sync 1 DAGs
[2024-10-30T07:31:54.169+0000] {logging_mixin.py:190} INFO - [2024-10-30T07:31:54.168+0000] {dag.py:4180} INFO - Setting next_dagrun for example_kubernetes_executor to None, run_after=None
[2024-10-30T07:31:54.186+0000] {processor.py:208} INFO - Processing /home/airflow/.local/lib/python3.12/site-packages/airflow/example_dags/example_kubernetes_executor.py took 0.078 seconds
[2024-10-30T07:32:24.579+0000] {processor.py:186} INFO - Started process (PID=215) to work on /home/airflow/.local/lib/python3.12/site-packages/airflow/example_dags/example_kubernetes_executor.py
[2024-10-30T07:32:24.580+0000] {processor.py:914} INFO - Processing file /home/airflow/.local/lib/python3.12/site-packages/airflow/example_dags/example_kubernetes_executor.py for tasks to queue
[2024-10-30T07:32:24.582+0000] {logging_mixin.py:190} INFO - [2024-10-30T07:32:24.581+0000] {dagbag.py:588} INFO - Filling up the DagBag from /home/airflow/.local/lib/python3.12/site-packages/airflow/example_dags/example_kubernetes_executor.py
[2024-10-30T07:32:24.593+0000] {processor.py:925} INFO - DAG(s) 'example_kubernetes_executor' retrieved from /home/airflow/.local/lib/python3.12/site-packages/airflow/example_dags/example_kubernetes_executor.py
[2024-10-30T07:32:24.619+0000] {logging_mixin.py:190} INFO - [2024-10-30T07:32:24.618+0000] {dag.py:3239} INFO - Sync 1 DAGs
[2024-10-30T07:32:24.633+0000] {logging_mixin.py:190} INFO - [2024-10-30T07:32:24.633+0000] {dag.py:4180} INFO - Setting next_dagrun for example_kubernetes_executor to None, run_after=None
[2024-10-30T07:32:24.655+0000] {processor.py:208} INFO - Processing /home/airflow/.local/lib/python3.12/site-packages/airflow/example_dags/example_kubernetes_executor.py took 0.080 seconds
[2024-10-30T07:32:54.901+0000] {processor.py:186} INFO - Started process (PID=277) to work on /home/airflow/.local/lib/python3.12/site-packages/airflow/example_dags/example_kubernetes_executor.py
[2024-10-30T07:32:54.903+0000] {processor.py:914} INFO - Processing file /home/airflow/.local/lib/python3.12/site-packages/airflow/example_dags/example_kubernetes_executor.py for tasks to queue
[2024-10-30T07:32:54.905+0000] {logging_mixin.py:190} INFO - [2024-10-30T07:32:54.904+0000] {dagbag.py:588} INFO - Filling up the DagBag from /home/airflow/.local/lib/python3.12/site-packages/airflow/example_dags/example_kubernetes_executor.py
[2024-10-30T07:32:54.915+0000] {processor.py:925} INFO - DAG(s) 'example_kubernetes_executor' retrieved from /home/airflow/.local/lib/python3.12/site-packages/airflow/example_dags/example_kubernetes_executor.py
[2024-10-30T07:32:54.943+0000] {logging_mixin.py:190} INFO - [2024-10-30T07:32:54.943+0000] {dag.py:3239} INFO - Sync 1 DAGs
[2024-10-30T07:32:54.954+0000] {logging_mixin.py:190} INFO - [2024-10-30T07:32:54.954+0000] {dag.py:4180} INFO - Setting next_dagrun for example_kubernetes_executor to None, run_after=None
[2024-10-30T07:32:54.970+0000] {processor.py:208} INFO - Processing /home/airflow/.local/lib/python3.12/site-packages/airflow/example_dags/example_kubernetes_executor.py took 0.074 seconds
