[2024-10-30T07:31:21.120+0000] {processor.py:186} INFO - Started process (PID=72) to work on /home/airflow/.local/lib/python3.12/site-packages/airflow/example_dags/example_branch_python_dop_operator_3.py
[2024-10-30T07:31:21.122+0000] {processor.py:914} INFO - Processing file /home/airflow/.local/lib/python3.12/site-packages/airflow/example_dags/example_branch_python_dop_operator_3.py for tasks to queue
[2024-10-30T07:31:21.125+0000] {logging_mixin.py:190} INFO - [2024-10-30T07:31:21.124+0000] {dagbag.py:588} INFO - Filling up the DagBag from /home/airflow/.local/lib/python3.12/site-packages/airflow/example_dags/example_branch_python_dop_operator_3.py
[2024-10-30T07:31:21.135+0000] {processor.py:925} INFO - DAG(s) 'example_branch_dop_operator_v3' retrieved from /home/airflow/.local/lib/python3.12/site-packages/airflow/example_dags/example_branch_python_dop_operator_3.py
[2024-10-30T07:31:21.207+0000] {logging_mixin.py:190} INFO - [2024-10-30T07:31:21.207+0000] {override.py:1900} INFO - Created Permission View: can read on DAG:example_branch_dop_operator_v3
[2024-10-30T07:31:21.217+0000] {logging_mixin.py:190} INFO - [2024-10-30T07:31:21.216+0000] {override.py:1900} INFO - Created Permission View: can edit on DAG:example_branch_dop_operator_v3
[2024-10-30T07:31:21.226+0000] {logging_mixin.py:190} INFO - [2024-10-30T07:31:21.225+0000] {override.py:1900} INFO - Created Permission View: can delete on DAG:example_branch_dop_operator_v3
[2024-10-30T07:31:21.236+0000] {logging_mixin.py:190} INFO - [2024-10-30T07:31:21.236+0000] {override.py:1900} INFO - Created Permission View: can read on DAG Run:example_branch_dop_operator_v3
[2024-10-30T07:31:21.244+0000] {logging_mixin.py:190} INFO - [2024-10-30T07:31:21.244+0000] {override.py:1900} INFO - Created Permission View: menu access on DAG Run:example_branch_dop_operator_v3
[2024-10-30T07:31:21.250+0000] {logging_mixin.py:190} INFO - [2024-10-30T07:31:21.249+0000] {override.py:1900} INFO - Created Permission View: can create on DAG Run:example_branch_dop_operator_v3
[2024-10-30T07:31:21.256+0000] {logging_mixin.py:190} INFO - [2024-10-30T07:31:21.256+0000] {override.py:1900} INFO - Created Permission View: can delete on DAG Run:example_branch_dop_operator_v3
[2024-10-30T07:31:21.256+0000] {logging_mixin.py:190} INFO - [2024-10-30T07:31:21.256+0000] {dag.py:3239} INFO - Sync 1 DAGs
[2024-10-30T07:31:21.266+0000] {logging_mixin.py:190} INFO - [2024-10-30T07:31:21.266+0000] {dag.py:3262} INFO - Creating ORM DAG for example_branch_dop_operator_v3
[2024-10-30T07:31:21.277+0000] {logging_mixin.py:190} INFO - [2024-10-30T07:31:21.277+0000] {dag.py:4180} INFO - Setting next_dagrun for example_branch_dop_operator_v3 to 2024-10-30 07:30:00+00:00, run_after=2024-10-30 07:31:00+00:00
[2024-10-30T07:31:21.290+0000] {processor.py:208} INFO - Processing /home/airflow/.local/lib/python3.12/site-packages/airflow/example_dags/example_branch_python_dop_operator_3.py took 0.174 seconds
[2024-10-30T07:31:51.948+0000] {processor.py:186} INFO - Started process (PID=134) to work on /home/airflow/.local/lib/python3.12/site-packages/airflow/example_dags/example_branch_python_dop_operator_3.py
[2024-10-30T07:31:51.950+0000] {processor.py:914} INFO - Processing file /home/airflow/.local/lib/python3.12/site-packages/airflow/example_dags/example_branch_python_dop_operator_3.py for tasks to queue
[2024-10-30T07:31:51.952+0000] {logging_mixin.py:190} INFO - [2024-10-30T07:31:51.951+0000] {dagbag.py:588} INFO - Filling up the DagBag from /home/airflow/.local/lib/python3.12/site-packages/airflow/example_dags/example_branch_python_dop_operator_3.py
[2024-10-30T07:31:51.961+0000] {processor.py:925} INFO - DAG(s) 'example_branch_dop_operator_v3' retrieved from /home/airflow/.local/lib/python3.12/site-packages/airflow/example_dags/example_branch_python_dop_operator_3.py
[2024-10-30T07:31:51.981+0000] {logging_mixin.py:190} INFO - [2024-10-30T07:31:51.981+0000] {dag.py:3239} INFO - Sync 1 DAGs
[2024-10-30T07:31:52.005+0000] {logging_mixin.py:190} INFO - [2024-10-30T07:31:52.005+0000] {dag.py:4180} INFO - Setting next_dagrun for example_branch_dop_operator_v3 to 2024-10-30 07:30:00+00:00, run_after=2024-10-30 07:31:00+00:00
[2024-10-30T07:31:52.023+0000] {processor.py:208} INFO - Processing /home/airflow/.local/lib/python3.12/site-packages/airflow/example_dags/example_branch_python_dop_operator_3.py took 0.080 seconds
[2024-10-30T07:32:22.277+0000] {processor.py:186} INFO - Started process (PID=196) to work on /home/airflow/.local/lib/python3.12/site-packages/airflow/example_dags/example_branch_python_dop_operator_3.py
[2024-10-30T07:32:22.278+0000] {processor.py:914} INFO - Processing file /home/airflow/.local/lib/python3.12/site-packages/airflow/example_dags/example_branch_python_dop_operator_3.py for tasks to queue
[2024-10-30T07:32:22.279+0000] {logging_mixin.py:190} INFO - [2024-10-30T07:32:22.279+0000] {dagbag.py:588} INFO - Filling up the DagBag from /home/airflow/.local/lib/python3.12/site-packages/airflow/example_dags/example_branch_python_dop_operator_3.py
[2024-10-30T07:32:22.289+0000] {processor.py:925} INFO - DAG(s) 'example_branch_dop_operator_v3' retrieved from /home/airflow/.local/lib/python3.12/site-packages/airflow/example_dags/example_branch_python_dop_operator_3.py
[2024-10-30T07:32:22.307+0000] {logging_mixin.py:190} INFO - [2024-10-30T07:32:22.307+0000] {dag.py:3239} INFO - Sync 1 DAGs
[2024-10-30T07:32:22.334+0000] {logging_mixin.py:190} INFO - [2024-10-30T07:32:22.334+0000] {dag.py:4180} INFO - Setting next_dagrun for example_branch_dop_operator_v3 to 2024-10-30 07:31:00+00:00, run_after=2024-10-30 07:32:00+00:00
[2024-10-30T07:32:22.354+0000] {processor.py:208} INFO - Processing /home/airflow/.local/lib/python3.12/site-packages/airflow/example_dags/example_branch_python_dop_operator_3.py took 0.081 seconds
[2024-10-30T07:32:52.840+0000] {processor.py:186} INFO - Started process (PID=258) to work on /home/airflow/.local/lib/python3.12/site-packages/airflow/example_dags/example_branch_python_dop_operator_3.py
[2024-10-30T07:32:52.842+0000] {processor.py:914} INFO - Processing file /home/airflow/.local/lib/python3.12/site-packages/airflow/example_dags/example_branch_python_dop_operator_3.py for tasks to queue
[2024-10-30T07:32:52.844+0000] {logging_mixin.py:190} INFO - [2024-10-30T07:32:52.843+0000] {dagbag.py:588} INFO - Filling up the DagBag from /home/airflow/.local/lib/python3.12/site-packages/airflow/example_dags/example_branch_python_dop_operator_3.py
[2024-10-30T07:32:52.853+0000] {processor.py:925} INFO - DAG(s) 'example_branch_dop_operator_v3' retrieved from /home/airflow/.local/lib/python3.12/site-packages/airflow/example_dags/example_branch_python_dop_operator_3.py
[2024-10-30T07:32:52.869+0000] {logging_mixin.py:190} INFO - [2024-10-30T07:32:52.869+0000] {dag.py:3239} INFO - Sync 1 DAGs
[2024-10-30T07:32:52.894+0000] {logging_mixin.py:190} INFO - [2024-10-30T07:32:52.894+0000] {dag.py:4180} INFO - Setting next_dagrun for example_branch_dop_operator_v3 to 2024-10-30 07:31:00+00:00, run_after=2024-10-30 07:32:00+00:00
[2024-10-30T07:32:52.912+0000] {processor.py:208} INFO - Processing /home/airflow/.local/lib/python3.12/site-packages/airflow/example_dags/example_branch_python_dop_operator_3.py took 0.077 seconds
