[2024-10-30T07:31:23.506+0000] {processor.py:186} INFO - Started process (PID=90) to work on /home/airflow/.local/lib/python3.12/site-packages/airflow/example_dags/example_branch_labels.py
[2024-10-30T07:31:23.507+0000] {processor.py:914} INFO - Processing file /home/airflow/.local/lib/python3.12/site-packages/airflow/example_dags/example_branch_labels.py for tasks to queue
[2024-10-30T07:31:23.509+0000] {logging_mixin.py:190} INFO - [2024-10-30T07:31:23.508+0000] {dagbag.py:588} INFO - Filling up the DagBag from /home/airflow/.local/lib/python3.12/site-packages/airflow/example_dags/example_branch_labels.py
[2024-10-30T07:31:23.516+0000] {processor.py:925} INFO - DAG(s) 'example_branch_labels' retrieved from /home/airflow/.local/lib/python3.12/site-packages/airflow/example_dags/example_branch_labels.py
[2024-10-30T07:31:23.604+0000] {logging_mixin.py:190} INFO - [2024-10-30T07:31:23.603+0000] {override.py:1900} INFO - Created Permission View: can read on DAG:example_branch_labels
[2024-10-30T07:31:23.613+0000] {logging_mixin.py:190} INFO - [2024-10-30T07:31:23.612+0000] {override.py:1900} INFO - Created Permission View: can edit on DAG:example_branch_labels
[2024-10-30T07:31:23.620+0000] {logging_mixin.py:190} INFO - [2024-10-30T07:31:23.620+0000] {override.py:1900} INFO - Created Permission View: can delete on DAG:example_branch_labels
[2024-10-30T07:31:23.634+0000] {logging_mixin.py:190} INFO - [2024-10-30T07:31:23.634+0000] {override.py:1900} INFO - Created Permission View: can read on DAG Run:example_branch_labels
[2024-10-30T07:31:23.644+0000] {logging_mixin.py:190} INFO - [2024-10-30T07:31:23.644+0000] {override.py:1900} INFO - Created Permission View: menu access on DAG Run:example_branch_labels
[2024-10-30T07:31:23.650+0000] {logging_mixin.py:190} INFO - [2024-10-30T07:31:23.650+0000] {override.py:1900} INFO - Created Permission View: can create on DAG Run:example_branch_labels
[2024-10-30T07:31:23.658+0000] {logging_mixin.py:190} INFO - [2024-10-30T07:31:23.657+0000] {override.py:1900} INFO - Created Permission View: can delete on DAG Run:example_branch_labels
[2024-10-30T07:31:23.658+0000] {logging_mixin.py:190} INFO - [2024-10-30T07:31:23.658+0000] {dag.py:3239} INFO - Sync 1 DAGs
[2024-10-30T07:31:23.668+0000] {logging_mixin.py:190} INFO - [2024-10-30T07:31:23.668+0000] {dag.py:3262} INFO - Creating ORM DAG for example_branch_labels
[2024-10-30T07:31:23.677+0000] {logging_mixin.py:190} INFO - [2024-10-30T07:31:23.677+0000] {dag.py:4180} INFO - Setting next_dagrun for example_branch_labels to 2024-10-29 00:00:00+00:00, run_after=2024-10-30 00:00:00+00:00
[2024-10-30T07:31:23.693+0000] {processor.py:208} INFO - Processing /home/airflow/.local/lib/python3.12/site-packages/airflow/example_dags/example_branch_labels.py took 0.191 seconds
[2024-10-30T07:31:54.034+0000] {processor.py:186} INFO - Started process (PID=152) to work on /home/airflow/.local/lib/python3.12/site-packages/airflow/example_dags/example_branch_labels.py
[2024-10-30T07:31:54.035+0000] {processor.py:914} INFO - Processing file /home/airflow/.local/lib/python3.12/site-packages/airflow/example_dags/example_branch_labels.py for tasks to queue
[2024-10-30T07:31:54.037+0000] {logging_mixin.py:190} INFO - [2024-10-30T07:31:54.037+0000] {dagbag.py:588} INFO - Filling up the DagBag from /home/airflow/.local/lib/python3.12/site-packages/airflow/example_dags/example_branch_labels.py
[2024-10-30T07:31:54.044+0000] {processor.py:925} INFO - DAG(s) 'example_branch_labels' retrieved from /home/airflow/.local/lib/python3.12/site-packages/airflow/example_dags/example_branch_labels.py
[2024-10-30T07:31:54.061+0000] {logging_mixin.py:190} INFO - [2024-10-30T07:31:54.061+0000] {dag.py:3239} INFO - Sync 1 DAGs
[2024-10-30T07:31:54.079+0000] {logging_mixin.py:190} INFO - [2024-10-30T07:31:54.079+0000] {dag.py:4180} INFO - Setting next_dagrun for example_branch_labels to 2024-10-29 00:00:00+00:00, run_after=2024-10-30 00:00:00+00:00
[2024-10-30T07:31:54.093+0000] {processor.py:208} INFO - Processing /home/airflow/.local/lib/python3.12/site-packages/airflow/example_dags/example_branch_labels.py took 0.064 seconds
[2024-10-30T07:32:24.498+0000] {processor.py:186} INFO - Started process (PID=214) to work on /home/airflow/.local/lib/python3.12/site-packages/airflow/example_dags/example_branch_labels.py
[2024-10-30T07:32:24.499+0000] {processor.py:914} INFO - Processing file /home/airflow/.local/lib/python3.12/site-packages/airflow/example_dags/example_branch_labels.py for tasks to queue
[2024-10-30T07:32:24.501+0000] {logging_mixin.py:190} INFO - [2024-10-30T07:32:24.501+0000] {dagbag.py:588} INFO - Filling up the DagBag from /home/airflow/.local/lib/python3.12/site-packages/airflow/example_dags/example_branch_labels.py
[2024-10-30T07:32:24.509+0000] {processor.py:925} INFO - DAG(s) 'example_branch_labels' retrieved from /home/airflow/.local/lib/python3.12/site-packages/airflow/example_dags/example_branch_labels.py
[2024-10-30T07:32:24.524+0000] {logging_mixin.py:190} INFO - [2024-10-30T07:32:24.523+0000] {dag.py:3239} INFO - Sync 1 DAGs
[2024-10-30T07:32:24.543+0000] {logging_mixin.py:190} INFO - [2024-10-30T07:32:24.543+0000] {dag.py:4180} INFO - Setting next_dagrun for example_branch_labels to 2024-10-29 00:00:00+00:00, run_after=2024-10-30 00:00:00+00:00
[2024-10-30T07:32:24.560+0000] {processor.py:208} INFO - Processing /home/airflow/.local/lib/python3.12/site-packages/airflow/example_dags/example_branch_labels.py took 0.066 seconds
[2024-10-30T07:32:54.889+0000] {processor.py:186} INFO - Started process (PID=276) to work on /home/airflow/.local/lib/python3.12/site-packages/airflow/example_dags/example_branch_labels.py
[2024-10-30T07:32:54.890+0000] {processor.py:914} INFO - Processing file /home/airflow/.local/lib/python3.12/site-packages/airflow/example_dags/example_branch_labels.py for tasks to queue
[2024-10-30T07:32:54.892+0000] {logging_mixin.py:190} INFO - [2024-10-30T07:32:54.892+0000] {dagbag.py:588} INFO - Filling up the DagBag from /home/airflow/.local/lib/python3.12/site-packages/airflow/example_dags/example_branch_labels.py
[2024-10-30T07:32:54.899+0000] {processor.py:925} INFO - DAG(s) 'example_branch_labels' retrieved from /home/airflow/.local/lib/python3.12/site-packages/airflow/example_dags/example_branch_labels.py
[2024-10-30T07:32:54.915+0000] {logging_mixin.py:190} INFO - [2024-10-30T07:32:54.915+0000] {dag.py:3239} INFO - Sync 1 DAGs
[2024-10-30T07:32:54.934+0000] {logging_mixin.py:190} INFO - [2024-10-30T07:32:54.934+0000] {dag.py:4180} INFO - Setting next_dagrun for example_branch_labels to 2024-10-29 00:00:00+00:00, run_after=2024-10-30 00:00:00+00:00
[2024-10-30T07:32:54.950+0000] {processor.py:208} INFO - Processing /home/airflow/.local/lib/python3.12/site-packages/airflow/example_dags/example_branch_labels.py took 0.065 seconds
