[2024-10-30T07:31:21.945+0000] {processor.py:186} INFO - Started process (PID=80) to work on /home/airflow/.local/lib/python3.12/site-packages/airflow/example_dags/example_dataset_alias.py
[2024-10-30T07:31:21.945+0000] {processor.py:914} INFO - Processing file /home/airflow/.local/lib/python3.12/site-packages/airflow/example_dags/example_dataset_alias.py for tasks to queue
[2024-10-30T07:31:21.947+0000] {logging_mixin.py:190} INFO - [2024-10-30T07:31:21.947+0000] {dagbag.py:588} INFO - Filling up the DagBag from /home/airflow/.local/lib/python3.12/site-packages/airflow/example_dags/example_dataset_alias.py
[2024-10-30T07:31:22.093+0000] {processor.py:925} INFO - DAG(s) 'dataset_alias_example_alias_producer', 'dataset_s3_bucket_consumer', 'dataset_alias_example_alias_consumer', 'dataset_s3_bucket_producer' retrieved from /home/airflow/.local/lib/python3.12/site-packages/airflow/example_dags/example_dataset_alias.py
[2024-10-30T07:31:22.200+0000] {logging_mixin.py:190} INFO - [2024-10-30T07:31:22.200+0000] {override.py:1900} INFO - Created Permission View: can read on DAG:dataset_alias_example_alias_producer
[2024-10-30T07:31:22.212+0000] {logging_mixin.py:190} INFO - [2024-10-30T07:31:22.212+0000] {override.py:1900} INFO - Created Permission View: can edit on DAG:dataset_alias_example_alias_producer
[2024-10-30T07:31:22.220+0000] {logging_mixin.py:190} INFO - [2024-10-30T07:31:22.220+0000] {override.py:1900} INFO - Created Permission View: can delete on DAG:dataset_alias_example_alias_producer
[2024-10-30T07:31:22.230+0000] {logging_mixin.py:190} INFO - [2024-10-30T07:31:22.230+0000] {override.py:1900} INFO - Created Permission View: can read on DAG Run:dataset_alias_example_alias_producer
[2024-10-30T07:31:22.236+0000] {logging_mixin.py:190} INFO - [2024-10-30T07:31:22.236+0000] {override.py:1900} INFO - Created Permission View: menu access on DAG Run:dataset_alias_example_alias_producer
[2024-10-30T07:31:22.242+0000] {logging_mixin.py:190} INFO - [2024-10-30T07:31:22.242+0000] {override.py:1900} INFO - Created Permission View: can create on DAG Run:dataset_alias_example_alias_producer
[2024-10-30T07:31:22.250+0000] {logging_mixin.py:190} INFO - [2024-10-30T07:31:22.250+0000] {override.py:1900} INFO - Created Permission View: can delete on DAG Run:dataset_alias_example_alias_producer
[2024-10-30T07:31:22.264+0000] {logging_mixin.py:190} INFO - [2024-10-30T07:31:22.264+0000] {override.py:1900} INFO - Created Permission View: can read on DAG:dataset_s3_bucket_consumer
[2024-10-30T07:31:22.270+0000] {logging_mixin.py:190} INFO - [2024-10-30T07:31:22.270+0000] {override.py:1900} INFO - Created Permission View: can edit on DAG:dataset_s3_bucket_consumer
[2024-10-30T07:31:22.278+0000] {logging_mixin.py:190} INFO - [2024-10-30T07:31:22.278+0000] {override.py:1900} INFO - Created Permission View: can delete on DAG:dataset_s3_bucket_consumer
[2024-10-30T07:31:22.288+0000] {logging_mixin.py:190} INFO - [2024-10-30T07:31:22.288+0000] {override.py:1900} INFO - Created Permission View: can read on DAG Run:dataset_s3_bucket_consumer
[2024-10-30T07:31:22.294+0000] {logging_mixin.py:190} INFO - [2024-10-30T07:31:22.294+0000] {override.py:1900} INFO - Created Permission View: menu access on DAG Run:dataset_s3_bucket_consumer
[2024-10-30T07:31:22.302+0000] {logging_mixin.py:190} INFO - [2024-10-30T07:31:22.302+0000] {override.py:1900} INFO - Created Permission View: can create on DAG Run:dataset_s3_bucket_consumer
[2024-10-30T07:31:22.310+0000] {logging_mixin.py:190} INFO - [2024-10-30T07:31:22.309+0000] {override.py:1900} INFO - Created Permission View: can delete on DAG Run:dataset_s3_bucket_consumer
[2024-10-30T07:31:22.322+0000] {logging_mixin.py:190} INFO - [2024-10-30T07:31:22.322+0000] {override.py:1900} INFO - Created Permission View: can read on DAG:dataset_alias_example_alias_consumer
[2024-10-30T07:31:22.328+0000] {logging_mixin.py:190} INFO - [2024-10-30T07:31:22.328+0000] {override.py:1900} INFO - Created Permission View: can edit on DAG:dataset_alias_example_alias_consumer
[2024-10-30T07:31:22.334+0000] {logging_mixin.py:190} INFO - [2024-10-30T07:31:22.334+0000] {override.py:1900} INFO - Created Permission View: can delete on DAG:dataset_alias_example_alias_consumer
[2024-10-30T07:31:22.344+0000] {logging_mixin.py:190} INFO - [2024-10-30T07:31:22.344+0000] {override.py:1900} INFO - Created Permission View: can read on DAG Run:dataset_alias_example_alias_consumer
[2024-10-30T07:31:22.350+0000] {logging_mixin.py:190} INFO - [2024-10-30T07:31:22.350+0000] {override.py:1900} INFO - Created Permission View: menu access on DAG Run:dataset_alias_example_alias_consumer
[2024-10-30T07:31:22.358+0000] {logging_mixin.py:190} INFO - [2024-10-30T07:31:22.358+0000] {override.py:1900} INFO - Created Permission View: can create on DAG Run:dataset_alias_example_alias_consumer
[2024-10-30T07:31:22.366+0000] {logging_mixin.py:190} INFO - [2024-10-30T07:31:22.366+0000] {override.py:1900} INFO - Created Permission View: can delete on DAG Run:dataset_alias_example_alias_consumer
[2024-10-30T07:31:22.384+0000] {logging_mixin.py:190} INFO - [2024-10-30T07:31:22.384+0000] {override.py:1900} INFO - Created Permission View: can read on DAG:dataset_s3_bucket_producer
[2024-10-30T07:31:22.392+0000] {logging_mixin.py:190} INFO - [2024-10-30T07:31:22.392+0000] {override.py:1900} INFO - Created Permission View: can edit on DAG:dataset_s3_bucket_producer
[2024-10-30T07:31:22.400+0000] {logging_mixin.py:190} INFO - [2024-10-30T07:31:22.400+0000] {override.py:1900} INFO - Created Permission View: can delete on DAG:dataset_s3_bucket_producer
[2024-10-30T07:31:22.409+0000] {logging_mixin.py:190} INFO - [2024-10-30T07:31:22.409+0000] {override.py:1900} INFO - Created Permission View: can read on DAG Run:dataset_s3_bucket_producer
[2024-10-30T07:31:22.418+0000] {logging_mixin.py:190} INFO - [2024-10-30T07:31:22.418+0000] {override.py:1900} INFO - Created Permission View: menu access on DAG Run:dataset_s3_bucket_producer
[2024-10-30T07:31:22.426+0000] {logging_mixin.py:190} INFO - [2024-10-30T07:31:22.426+0000] {override.py:1900} INFO - Created Permission View: can create on DAG Run:dataset_s3_bucket_producer
[2024-10-30T07:31:22.434+0000] {logging_mixin.py:190} INFO - [2024-10-30T07:31:22.434+0000] {override.py:1900} INFO - Created Permission View: can delete on DAG Run:dataset_s3_bucket_producer
[2024-10-30T07:31:22.434+0000] {logging_mixin.py:190} INFO - [2024-10-30T07:31:22.434+0000] {dag.py:3239} INFO - Sync 4 DAGs
[2024-10-30T07:31:22.448+0000] {logging_mixin.py:190} INFO - [2024-10-30T07:31:22.447+0000] {dag.py:3262} INFO - Creating ORM DAG for dataset_s3_bucket_consumer
[2024-10-30T07:31:22.448+0000] {logging_mixin.py:190} INFO - [2024-10-30T07:31:22.448+0000] {dag.py:3262} INFO - Creating ORM DAG for dataset_alias_example_alias_producer
[2024-10-30T07:31:22.448+0000] {logging_mixin.py:190} INFO - [2024-10-30T07:31:22.448+0000] {dag.py:3262} INFO - Creating ORM DAG for dataset_alias_example_alias_consumer
[2024-10-30T07:31:22.449+0000] {logging_mixin.py:190} INFO - [2024-10-30T07:31:22.449+0000] {dag.py:3262} INFO - Creating ORM DAG for dataset_s3_bucket_producer
[2024-10-30T07:31:22.455+0000] {logging_mixin.py:190} INFO - [2024-10-30T07:31:22.455+0000] {dag.py:4180} INFO - Setting next_dagrun for dataset_alias_example_alias_consumer to None, run_after=None
[2024-10-30T07:31:22.455+0000] {logging_mixin.py:190} INFO - [2024-10-30T07:31:22.455+0000] {dag.py:4180} INFO - Setting next_dagrun for dataset_alias_example_alias_producer to None, run_after=None
[2024-10-30T07:31:22.456+0000] {logging_mixin.py:190} INFO - [2024-10-30T07:31:22.456+0000] {dag.py:4180} INFO - Setting next_dagrun for dataset_s3_bucket_consumer to None, run_after=None
[2024-10-30T07:31:22.456+0000] {logging_mixin.py:190} INFO - [2024-10-30T07:31:22.456+0000] {dag.py:4180} INFO - Setting next_dagrun for dataset_s3_bucket_producer to None, run_after=None
[2024-10-30T07:31:22.483+0000] {processor.py:208} INFO - Processing /home/airflow/.local/lib/python3.12/site-packages/airflow/example_dags/example_dataset_alias.py took 0.543 seconds
[2024-10-30T07:31:53.283+0000] {processor.py:186} INFO - Started process (PID=142) to work on /home/airflow/.local/lib/python3.12/site-packages/airflow/example_dags/example_dataset_alias.py
[2024-10-30T07:31:53.284+0000] {processor.py:914} INFO - Processing file /home/airflow/.local/lib/python3.12/site-packages/airflow/example_dags/example_dataset_alias.py for tasks to queue
[2024-10-30T07:31:53.286+0000] {logging_mixin.py:190} INFO - [2024-10-30T07:31:53.285+0000] {dagbag.py:588} INFO - Filling up the DagBag from /home/airflow/.local/lib/python3.12/site-packages/airflow/example_dags/example_dataset_alias.py
[2024-10-30T07:31:53.412+0000] {processor.py:925} INFO - DAG(s) 'dataset_alias_example_alias_consumer', 'dataset_s3_bucket_producer', 'dataset_alias_example_alias_producer', 'dataset_s3_bucket_consumer' retrieved from /home/airflow/.local/lib/python3.12/site-packages/airflow/example_dags/example_dataset_alias.py
[2024-10-30T07:31:53.431+0000] {logging_mixin.py:190} INFO - [2024-10-30T07:31:53.431+0000] {dag.py:3239} INFO - Sync 4 DAGs
[2024-10-30T07:31:53.448+0000] {logging_mixin.py:190} INFO - [2024-10-30T07:31:53.448+0000] {dag.py:4180} INFO - Setting next_dagrun for dataset_alias_example_alias_consumer to None, run_after=None
[2024-10-30T07:31:53.450+0000] {logging_mixin.py:190} INFO - [2024-10-30T07:31:53.450+0000] {dag.py:4180} INFO - Setting next_dagrun for dataset_alias_example_alias_producer to None, run_after=None
[2024-10-30T07:31:53.451+0000] {logging_mixin.py:190} INFO - [2024-10-30T07:31:53.451+0000] {dag.py:4180} INFO - Setting next_dagrun for dataset_s3_bucket_consumer to None, run_after=None
[2024-10-30T07:31:53.452+0000] {logging_mixin.py:190} INFO - [2024-10-30T07:31:53.452+0000] {dag.py:4180} INFO - Setting next_dagrun for dataset_s3_bucket_producer to None, run_after=None
[2024-10-30T07:31:53.478+0000] {processor.py:208} INFO - Processing /home/airflow/.local/lib/python3.12/site-packages/airflow/example_dags/example_dataset_alias.py took 0.200 seconds
[2024-10-30T07:32:23.647+0000] {processor.py:186} INFO - Started process (PID=204) to work on /home/airflow/.local/lib/python3.12/site-packages/airflow/example_dags/example_dataset_alias.py
[2024-10-30T07:32:23.648+0000] {processor.py:914} INFO - Processing file /home/airflow/.local/lib/python3.12/site-packages/airflow/example_dags/example_dataset_alias.py for tasks to queue
[2024-10-30T07:32:23.650+0000] {logging_mixin.py:190} INFO - [2024-10-30T07:32:23.649+0000] {dagbag.py:588} INFO - Filling up the DagBag from /home/airflow/.local/lib/python3.12/site-packages/airflow/example_dags/example_dataset_alias.py
[2024-10-30T07:32:23.826+0000] {processor.py:925} INFO - DAG(s) 'dataset_s3_bucket_producer', 'dataset_alias_example_alias_consumer', 'dataset_alias_example_alias_producer', 'dataset_s3_bucket_consumer' retrieved from /home/airflow/.local/lib/python3.12/site-packages/airflow/example_dags/example_dataset_alias.py
[2024-10-30T07:32:23.853+0000] {logging_mixin.py:190} INFO - [2024-10-30T07:32:23.853+0000] {dag.py:3239} INFO - Sync 4 DAGs
[2024-10-30T07:32:23.879+0000] {logging_mixin.py:190} INFO - [2024-10-30T07:32:23.879+0000] {dag.py:4180} INFO - Setting next_dagrun for dataset_alias_example_alias_consumer to None, run_after=None
[2024-10-30T07:32:23.881+0000] {logging_mixin.py:190} INFO - [2024-10-30T07:32:23.881+0000] {dag.py:4180} INFO - Setting next_dagrun for dataset_alias_example_alias_producer to None, run_after=None
[2024-10-30T07:32:23.882+0000] {logging_mixin.py:190} INFO - [2024-10-30T07:32:23.882+0000] {dag.py:4180} INFO - Setting next_dagrun for dataset_s3_bucket_consumer to None, run_after=None
[2024-10-30T07:32:23.883+0000] {logging_mixin.py:190} INFO - [2024-10-30T07:32:23.883+0000] {dag.py:4180} INFO - Setting next_dagrun for dataset_s3_bucket_producer to None, run_after=None
[2024-10-30T07:32:23.904+0000] {processor.py:208} INFO - Processing /home/airflow/.local/lib/python3.12/site-packages/airflow/example_dags/example_dataset_alias.py took 0.261 seconds
[2024-10-30T07:32:54.154+0000] {processor.py:186} INFO - Started process (PID=266) to work on /home/airflow/.local/lib/python3.12/site-packages/airflow/example_dags/example_dataset_alias.py
[2024-10-30T07:32:54.155+0000] {processor.py:914} INFO - Processing file /home/airflow/.local/lib/python3.12/site-packages/airflow/example_dags/example_dataset_alias.py for tasks to queue
[2024-10-30T07:32:54.157+0000] {logging_mixin.py:190} INFO - [2024-10-30T07:32:54.157+0000] {dagbag.py:588} INFO - Filling up the DagBag from /home/airflow/.local/lib/python3.12/site-packages/airflow/example_dags/example_dataset_alias.py
[2024-10-30T07:32:54.276+0000] {processor.py:925} INFO - DAG(s) 'dataset_s3_bucket_producer', 'dataset_s3_bucket_consumer', 'dataset_alias_example_alias_producer', 'dataset_alias_example_alias_consumer' retrieved from /home/airflow/.local/lib/python3.12/site-packages/airflow/example_dags/example_dataset_alias.py
[2024-10-30T07:32:54.293+0000] {logging_mixin.py:190} INFO - [2024-10-30T07:32:54.293+0000] {dag.py:3239} INFO - Sync 4 DAGs
[2024-10-30T07:32:54.314+0000] {logging_mixin.py:190} INFO - [2024-10-30T07:32:54.313+0000] {dag.py:4180} INFO - Setting next_dagrun for dataset_alias_example_alias_consumer to None, run_after=None
[2024-10-30T07:32:54.316+0000] {logging_mixin.py:190} INFO - [2024-10-30T07:32:54.316+0000] {dag.py:4180} INFO - Setting next_dagrun for dataset_alias_example_alias_producer to None, run_after=None
[2024-10-30T07:32:54.318+0000] {logging_mixin.py:190} INFO - [2024-10-30T07:32:54.317+0000] {dag.py:4180} INFO - Setting next_dagrun for dataset_s3_bucket_consumer to None, run_after=None
[2024-10-30T07:32:54.319+0000] {logging_mixin.py:190} INFO - [2024-10-30T07:32:54.319+0000] {dag.py:4180} INFO - Setting next_dagrun for dataset_s3_bucket_producer to None, run_after=None
[2024-10-30T07:32:54.338+0000] {processor.py:208} INFO - Processing /home/airflow/.local/lib/python3.12/site-packages/airflow/example_dags/example_dataset_alias.py took 0.189 seconds
