[2024-10-30T07:31:20.312+0000] {processor.py:186} INFO - Started process (PID=64) to work on /home/airflow/.local/lib/python3.12/site-packages/airflow/example_dags/example_bash_decorator.py
[2024-10-30T07:31:20.313+0000] {processor.py:914} INFO - Processing file /home/airflow/.local/lib/python3.12/site-packages/airflow/example_dags/example_bash_decorator.py for tasks to queue
[2024-10-30T07:31:20.315+0000] {logging_mixin.py:190} INFO - [2024-10-30T07:31:20.315+0000] {dagbag.py:588} INFO - Filling up the DagBag from /home/airflow/.local/lib/python3.12/site-packages/airflow/example_dags/example_bash_decorator.py
[2024-10-30T07:31:20.327+0000] {processor.py:925} INFO - DAG(s) 'example_bash_decorator' retrieved from /home/airflow/.local/lib/python3.12/site-packages/airflow/example_dags/example_bash_decorator.py
[2024-10-30T07:31:20.414+0000] {logging_mixin.py:190} INFO - [2024-10-30T07:31:20.414+0000] {override.py:1900} INFO - Created Permission View: can read on DAG:example_bash_decorator
[2024-10-30T07:31:20.424+0000] {logging_mixin.py:190} INFO - [2024-10-30T07:31:20.424+0000] {override.py:1900} INFO - Created Permission View: can edit on DAG:example_bash_decorator
[2024-10-30T07:31:20.430+0000] {logging_mixin.py:190} INFO - [2024-10-30T07:31:20.430+0000] {override.py:1900} INFO - Created Permission View: can delete on DAG:example_bash_decorator
[2024-10-30T07:31:20.440+0000] {logging_mixin.py:190} INFO - [2024-10-30T07:31:20.440+0000] {override.py:1900} INFO - Created Permission View: can read on DAG Run:example_bash_decorator
[2024-10-30T07:31:20.446+0000] {logging_mixin.py:190} INFO - [2024-10-30T07:31:20.446+0000] {override.py:1900} INFO - Created Permission View: menu access on DAG Run:example_bash_decorator
[2024-10-30T07:31:20.452+0000] {logging_mixin.py:190} INFO - [2024-10-30T07:31:20.452+0000] {override.py:1900} INFO - Created Permission View: can create on DAG Run:example_bash_decorator
[2024-10-30T07:31:20.460+0000] {logging_mixin.py:190} INFO - [2024-10-30T07:31:20.460+0000] {override.py:1900} INFO - Created Permission View: can delete on DAG Run:example_bash_decorator
[2024-10-30T07:31:20.460+0000] {logging_mixin.py:190} INFO - [2024-10-30T07:31:20.460+0000] {dag.py:3239} INFO - Sync 1 DAGs
[2024-10-30T07:31:20.472+0000] {logging_mixin.py:190} INFO - [2024-10-30T07:31:20.472+0000] {dag.py:3262} INFO - Creating ORM DAG for example_bash_decorator
[2024-10-30T07:31:20.473+0000] {logging_mixin.py:190} INFO - [2024-10-30T07:31:20.473+0000] {dag.py:4180} INFO - Setting next_dagrun for example_bash_decorator to None, run_after=None
[2024-10-30T07:31:20.486+0000] {processor.py:208} INFO - Processing /home/airflow/.local/lib/python3.12/site-packages/airflow/example_dags/example_bash_decorator.py took 0.179 seconds
[2024-10-30T07:31:51.441+0000] {processor.py:186} INFO - Started process (PID=126) to work on /home/airflow/.local/lib/python3.12/site-packages/airflow/example_dags/example_bash_decorator.py
[2024-10-30T07:31:51.442+0000] {processor.py:914} INFO - Processing file /home/airflow/.local/lib/python3.12/site-packages/airflow/example_dags/example_bash_decorator.py for tasks to queue
[2024-10-30T07:31:51.444+0000] {logging_mixin.py:190} INFO - [2024-10-30T07:31:51.444+0000] {dagbag.py:588} INFO - Filling up the DagBag from /home/airflow/.local/lib/python3.12/site-packages/airflow/example_dags/example_bash_decorator.py
[2024-10-30T07:31:51.456+0000] {processor.py:925} INFO - DAG(s) 'example_bash_decorator' retrieved from /home/airflow/.local/lib/python3.12/site-packages/airflow/example_dags/example_bash_decorator.py
[2024-10-30T07:31:51.503+0000] {logging_mixin.py:190} INFO - [2024-10-30T07:31:51.503+0000] {dag.py:3239} INFO - Sync 1 DAGs
[2024-10-30T07:31:51.525+0000] {logging_mixin.py:190} INFO - [2024-10-30T07:31:51.525+0000] {dag.py:4180} INFO - Setting next_dagrun for example_bash_decorator to None, run_after=None
[2024-10-30T07:31:51.543+0000] {processor.py:208} INFO - Processing /home/airflow/.local/lib/python3.12/site-packages/airflow/example_dags/example_bash_decorator.py took 0.107 seconds
[2024-10-30T07:32:21.787+0000] {processor.py:186} INFO - Started process (PID=188) to work on /home/airflow/.local/lib/python3.12/site-packages/airflow/example_dags/example_bash_decorator.py
[2024-10-30T07:32:21.787+0000] {processor.py:914} INFO - Processing file /home/airflow/.local/lib/python3.12/site-packages/airflow/example_dags/example_bash_decorator.py for tasks to queue
[2024-10-30T07:32:21.789+0000] {logging_mixin.py:190} INFO - [2024-10-30T07:32:21.789+0000] {dagbag.py:588} INFO - Filling up the DagBag from /home/airflow/.local/lib/python3.12/site-packages/airflow/example_dags/example_bash_decorator.py
[2024-10-30T07:32:21.802+0000] {processor.py:925} INFO - DAG(s) 'example_bash_decorator' retrieved from /home/airflow/.local/lib/python3.12/site-packages/airflow/example_dags/example_bash_decorator.py
[2024-10-30T07:32:21.836+0000] {logging_mixin.py:190} INFO - [2024-10-30T07:32:21.836+0000] {dag.py:3239} INFO - Sync 1 DAGs
[2024-10-30T07:32:21.851+0000] {logging_mixin.py:190} INFO - [2024-10-30T07:32:21.851+0000] {dag.py:4180} INFO - Setting next_dagrun for example_bash_decorator to None, run_after=None
[2024-10-30T07:32:21.878+0000] {processor.py:208} INFO - Processing /home/airflow/.local/lib/python3.12/site-packages/airflow/example_dags/example_bash_decorator.py took 0.095 seconds
[2024-10-30T07:32:52.270+0000] {processor.py:186} INFO - Started process (PID=250) to work on /home/airflow/.local/lib/python3.12/site-packages/airflow/example_dags/example_bash_decorator.py
[2024-10-30T07:32:52.271+0000] {processor.py:914} INFO - Processing file /home/airflow/.local/lib/python3.12/site-packages/airflow/example_dags/example_bash_decorator.py for tasks to queue
[2024-10-30T07:32:52.273+0000] {logging_mixin.py:190} INFO - [2024-10-30T07:32:52.273+0000] {dagbag.py:588} INFO - Filling up the DagBag from /home/airflow/.local/lib/python3.12/site-packages/airflow/example_dags/example_bash_decorator.py
[2024-10-30T07:32:52.285+0000] {processor.py:925} INFO - DAG(s) 'example_bash_decorator' retrieved from /home/airflow/.local/lib/python3.12/site-packages/airflow/example_dags/example_bash_decorator.py
[2024-10-30T07:32:52.308+0000] {logging_mixin.py:190} INFO - [2024-10-30T07:32:52.308+0000] {dag.py:3239} INFO - Sync 1 DAGs
[2024-10-30T07:32:52.322+0000] {logging_mixin.py:190} INFO - [2024-10-30T07:32:52.322+0000] {dag.py:4180} INFO - Setting next_dagrun for example_bash_decorator to None, run_after=None
[2024-10-30T07:32:52.342+0000] {processor.py:208} INFO - Processing /home/airflow/.local/lib/python3.12/site-packages/airflow/example_dags/example_bash_decorator.py took 0.077 seconds
