[2024-10-30T07:31:17.827+0000] {processor.py:186} INFO - Started process (PID=50) to work on /home/airflow/.local/lib/python3.12/site-packages/airflow/example_dags/example_local_kubernetes_executor.py
[2024-10-30T07:31:17.828+0000] {processor.py:914} INFO - Processing file /home/airflow/.local/lib/python3.12/site-packages/airflow/example_dags/example_local_kubernetes_executor.py for tasks to queue
[2024-10-30T07:31:17.830+0000] {logging_mixin.py:190} INFO - [2024-10-30T07:31:17.829+0000] {dagbag.py:588} INFO - Filling up the DagBag from /home/airflow/.local/lib/python3.12/site-packages/airflow/example_dags/example_local_kubernetes_executor.py
[2024-10-30T07:31:17.845+0000] {processor.py:925} INFO - DAG(s) 'example_local_kubernetes_executor' retrieved from /home/airflow/.local/lib/python3.12/site-packages/airflow/example_dags/example_local_kubernetes_executor.py
[2024-10-30T07:31:18.034+0000] {logging_mixin.py:190} INFO - [2024-10-30T07:31:18.034+0000] {override.py:1900} INFO - Created Permission View: can read on DAG:example_local_kubernetes_executor
[2024-10-30T07:31:18.042+0000] {logging_mixin.py:190} INFO - [2024-10-30T07:31:18.042+0000] {override.py:1900} INFO - Created Permission View: can edit on DAG:example_local_kubernetes_executor
[2024-10-30T07:31:18.048+0000] {logging_mixin.py:190} INFO - [2024-10-30T07:31:18.048+0000] {override.py:1900} INFO - Created Permission View: can delete on DAG:example_local_kubernetes_executor
[2024-10-30T07:31:18.054+0000] {logging_mixin.py:190} INFO - [2024-10-30T07:31:18.054+0000] {override.py:1900} INFO - Created Permission View: can read on DAG Run:example_local_kubernetes_executor
[2024-10-30T07:31:18.060+0000] {logging_mixin.py:190} INFO - [2024-10-30T07:31:18.060+0000] {override.py:1900} INFO - Created Permission View: menu access on DAG Run:example_local_kubernetes_executor
[2024-10-30T07:31:18.067+0000] {logging_mixin.py:190} INFO - [2024-10-30T07:31:18.066+0000] {override.py:1900} INFO - Created Permission View: can create on DAG Run:example_local_kubernetes_executor
[2024-10-30T07:31:18.074+0000] {logging_mixin.py:190} INFO - [2024-10-30T07:31:18.074+0000] {override.py:1900} INFO - Created Permission View: can delete on DAG Run:example_local_kubernetes_executor
[2024-10-30T07:31:18.074+0000] {logging_mixin.py:190} INFO - [2024-10-30T07:31:18.074+0000] {dag.py:3239} INFO - Sync 1 DAGs
[2024-10-30T07:31:18.084+0000] {logging_mixin.py:190} INFO - [2024-10-30T07:31:18.084+0000] {dag.py:3262} INFO - Creating ORM DAG for example_local_kubernetes_executor
[2024-10-30T07:31:18.085+0000] {logging_mixin.py:190} INFO - [2024-10-30T07:31:18.085+0000] {dag.py:4180} INFO - Setting next_dagrun for example_local_kubernetes_executor to None, run_after=None
[2024-10-30T07:31:18.098+0000] {processor.py:208} INFO - Processing /home/airflow/.local/lib/python3.12/site-packages/airflow/example_dags/example_local_kubernetes_executor.py took 0.278 seconds
[2024-10-30T07:31:48.507+0000] {processor.py:186} INFO - Started process (PID=111) to work on /home/airflow/.local/lib/python3.12/site-packages/airflow/example_dags/example_local_kubernetes_executor.py
[2024-10-30T07:31:48.508+0000] {processor.py:914} INFO - Processing file /home/airflow/.local/lib/python3.12/site-packages/airflow/example_dags/example_local_kubernetes_executor.py for tasks to queue
[2024-10-30T07:31:48.510+0000] {logging_mixin.py:190} INFO - [2024-10-30T07:31:48.509+0000] {dagbag.py:588} INFO - Filling up the DagBag from /home/airflow/.local/lib/python3.12/site-packages/airflow/example_dags/example_local_kubernetes_executor.py
[2024-10-30T07:31:48.517+0000] {processor.py:925} INFO - DAG(s) 'example_local_kubernetes_executor' retrieved from /home/airflow/.local/lib/python3.12/site-packages/airflow/example_dags/example_local_kubernetes_executor.py
[2024-10-30T07:31:48.542+0000] {logging_mixin.py:190} INFO - [2024-10-30T07:31:48.542+0000] {dag.py:3239} INFO - Sync 1 DAGs
[2024-10-30T07:31:48.554+0000] {logging_mixin.py:190} INFO - [2024-10-30T07:31:48.554+0000] {dag.py:4180} INFO - Setting next_dagrun for example_local_kubernetes_executor to None, run_after=None
[2024-10-30T07:31:48.569+0000] {processor.py:208} INFO - Processing /home/airflow/.local/lib/python3.12/site-packages/airflow/example_dags/example_local_kubernetes_executor.py took 0.066 seconds
[2024-10-30T07:32:18.925+0000] {processor.py:186} INFO - Started process (PID=173) to work on /home/airflow/.local/lib/python3.12/site-packages/airflow/example_dags/example_local_kubernetes_executor.py
[2024-10-30T07:32:18.926+0000] {processor.py:914} INFO - Processing file /home/airflow/.local/lib/python3.12/site-packages/airflow/example_dags/example_local_kubernetes_executor.py for tasks to queue
[2024-10-30T07:32:18.929+0000] {logging_mixin.py:190} INFO - [2024-10-30T07:32:18.928+0000] {dagbag.py:588} INFO - Filling up the DagBag from /home/airflow/.local/lib/python3.12/site-packages/airflow/example_dags/example_local_kubernetes_executor.py
[2024-10-30T07:32:18.944+0000] {processor.py:925} INFO - DAG(s) 'example_local_kubernetes_executor' retrieved from /home/airflow/.local/lib/python3.12/site-packages/airflow/example_dags/example_local_kubernetes_executor.py
[2024-10-30T07:32:18.986+0000] {logging_mixin.py:190} INFO - [2024-10-30T07:32:18.986+0000] {dag.py:3239} INFO - Sync 1 DAGs
[2024-10-30T07:32:18.997+0000] {logging_mixin.py:190} INFO - [2024-10-30T07:32:18.997+0000] {dag.py:4180} INFO - Setting next_dagrun for example_local_kubernetes_executor to None, run_after=None
[2024-10-30T07:32:19.015+0000] {processor.py:208} INFO - Processing /home/airflow/.local/lib/python3.12/site-packages/airflow/example_dags/example_local_kubernetes_executor.py took 0.096 seconds
[2024-10-30T07:32:49.237+0000] {processor.py:186} INFO - Started process (PID=235) to work on /home/airflow/.local/lib/python3.12/site-packages/airflow/example_dags/example_local_kubernetes_executor.py
[2024-10-30T07:32:49.238+0000] {processor.py:914} INFO - Processing file /home/airflow/.local/lib/python3.12/site-packages/airflow/example_dags/example_local_kubernetes_executor.py for tasks to queue
[2024-10-30T07:32:49.240+0000] {logging_mixin.py:190} INFO - [2024-10-30T07:32:49.240+0000] {dagbag.py:588} INFO - Filling up the DagBag from /home/airflow/.local/lib/python3.12/site-packages/airflow/example_dags/example_local_kubernetes_executor.py
[2024-10-30T07:32:49.248+0000] {processor.py:925} INFO - DAG(s) 'example_local_kubernetes_executor' retrieved from /home/airflow/.local/lib/python3.12/site-packages/airflow/example_dags/example_local_kubernetes_executor.py
[2024-10-30T07:32:49.274+0000] {logging_mixin.py:190} INFO - [2024-10-30T07:32:49.273+0000] {dag.py:3239} INFO - Sync 1 DAGs
[2024-10-30T07:32:49.285+0000] {logging_mixin.py:190} INFO - [2024-10-30T07:32:49.285+0000] {dag.py:4180} INFO - Setting next_dagrun for example_local_kubernetes_executor to None, run_after=None
[2024-10-30T07:32:49.305+0000] {processor.py:208} INFO - Processing /home/airflow/.local/lib/python3.12/site-packages/airflow/example_dags/example_local_kubernetes_executor.py took 0.074 seconds
