[2024-10-30T07:31:23.913+0000] {processor.py:186} INFO - Started process (PID=94) to work on /home/airflow/.local/lib/python3.12/site-packages/airflow/example_dags/example_time_delta_sensor_async.py
[2024-10-30T07:31:23.914+0000] {processor.py:914} INFO - Processing file /home/airflow/.local/lib/python3.12/site-packages/airflow/example_dags/example_time_delta_sensor_async.py for tasks to queue
[2024-10-30T07:31:23.915+0000] {logging_mixin.py:190} INFO - [2024-10-30T07:31:23.915+0000] {dagbag.py:588} INFO - Filling up the DagBag from /home/airflow/.local/lib/python3.12/site-packages/airflow/example_dags/example_time_delta_sensor_async.py
[2024-10-30T07:31:23.921+0000] {processor.py:925} INFO - DAG(s) 'example_time_delta_sensor_async' retrieved from /home/airflow/.local/lib/python3.12/site-packages/airflow/example_dags/example_time_delta_sensor_async.py
[2024-10-30T07:31:24.002+0000] {logging_mixin.py:190} INFO - [2024-10-30T07:31:24.002+0000] {override.py:1900} INFO - Created Permission View: can read on DAG:example_time_delta_sensor_async
[2024-10-30T07:31:24.012+0000] {logging_mixin.py:190} INFO - [2024-10-30T07:31:24.012+0000] {override.py:1900} INFO - Created Permission View: can edit on DAG:example_time_delta_sensor_async
[2024-10-30T07:31:24.020+0000] {logging_mixin.py:190} INFO - [2024-10-30T07:31:24.020+0000] {override.py:1900} INFO - Created Permission View: can delete on DAG:example_time_delta_sensor_async
[2024-10-30T07:31:24.030+0000] {logging_mixin.py:190} INFO - [2024-10-30T07:31:24.030+0000] {override.py:1900} INFO - Created Permission View: can read on DAG Run:example_time_delta_sensor_async
[2024-10-30T07:31:24.038+0000] {logging_mixin.py:190} INFO - [2024-10-30T07:31:24.038+0000] {override.py:1900} INFO - Created Permission View: menu access on DAG Run:example_time_delta_sensor_async
[2024-10-30T07:31:24.046+0000] {logging_mixin.py:190} INFO - [2024-10-30T07:31:24.046+0000] {override.py:1900} INFO - Created Permission View: can create on DAG Run:example_time_delta_sensor_async
[2024-10-30T07:31:24.054+0000] {logging_mixin.py:190} INFO - [2024-10-30T07:31:24.054+0000] {override.py:1900} INFO - Created Permission View: can delete on DAG Run:example_time_delta_sensor_async
[2024-10-30T07:31:24.054+0000] {logging_mixin.py:190} INFO - [2024-10-30T07:31:24.054+0000] {dag.py:3239} INFO - Sync 1 DAGs
[2024-10-30T07:31:24.064+0000] {logging_mixin.py:190} INFO - [2024-10-30T07:31:24.064+0000] {dag.py:3262} INFO - Creating ORM DAG for example_time_delta_sensor_async
[2024-10-30T07:31:24.064+0000] {logging_mixin.py:190} INFO - [2024-10-30T07:31:24.064+0000] {dag.py:4180} INFO - Setting next_dagrun for example_time_delta_sensor_async to None, run_after=None
[2024-10-30T07:31:24.078+0000] {processor.py:208} INFO - Processing /home/airflow/.local/lib/python3.12/site-packages/airflow/example_dags/example_time_delta_sensor_async.py took 0.170 seconds
[2024-10-30T07:31:54.290+0000] {processor.py:186} INFO - Started process (PID=156) to work on /home/airflow/.local/lib/python3.12/site-packages/airflow/example_dags/example_time_delta_sensor_async.py
[2024-10-30T07:31:54.291+0000] {processor.py:914} INFO - Processing file /home/airflow/.local/lib/python3.12/site-packages/airflow/example_dags/example_time_delta_sensor_async.py for tasks to queue
[2024-10-30T07:31:54.293+0000] {logging_mixin.py:190} INFO - [2024-10-30T07:31:54.293+0000] {dagbag.py:588} INFO - Filling up the DagBag from /home/airflow/.local/lib/python3.12/site-packages/airflow/example_dags/example_time_delta_sensor_async.py
[2024-10-30T07:31:54.300+0000] {processor.py:925} INFO - DAG(s) 'example_time_delta_sensor_async' retrieved from /home/airflow/.local/lib/python3.12/site-packages/airflow/example_dags/example_time_delta_sensor_async.py
[2024-10-30T07:31:54.323+0000] {logging_mixin.py:190} INFO - [2024-10-30T07:31:54.322+0000] {dag.py:3239} INFO - Sync 1 DAGs
[2024-10-30T07:31:54.341+0000] {logging_mixin.py:190} INFO - [2024-10-30T07:31:54.341+0000] {dag.py:4180} INFO - Setting next_dagrun for example_time_delta_sensor_async to None, run_after=None
[2024-10-30T07:31:54.359+0000] {processor.py:208} INFO - Processing /home/airflow/.local/lib/python3.12/site-packages/airflow/example_dags/example_time_delta_sensor_async.py took 0.074 seconds
[2024-10-30T07:32:24.676+0000] {processor.py:186} INFO - Started process (PID=218) to work on /home/airflow/.local/lib/python3.12/site-packages/airflow/example_dags/example_time_delta_sensor_async.py
[2024-10-30T07:32:24.677+0000] {processor.py:914} INFO - Processing file /home/airflow/.local/lib/python3.12/site-packages/airflow/example_dags/example_time_delta_sensor_async.py for tasks to queue
[2024-10-30T07:32:24.678+0000] {logging_mixin.py:190} INFO - [2024-10-30T07:32:24.678+0000] {dagbag.py:588} INFO - Filling up the DagBag from /home/airflow/.local/lib/python3.12/site-packages/airflow/example_dags/example_time_delta_sensor_async.py
[2024-10-30T07:32:24.683+0000] {processor.py:925} INFO - DAG(s) 'example_time_delta_sensor_async' retrieved from /home/airflow/.local/lib/python3.12/site-packages/airflow/example_dags/example_time_delta_sensor_async.py
[2024-10-30T07:32:24.709+0000] {logging_mixin.py:190} INFO - [2024-10-30T07:32:24.709+0000] {dag.py:3239} INFO - Sync 1 DAGs
[2024-10-30T07:32:24.724+0000] {logging_mixin.py:190} INFO - [2024-10-30T07:32:24.724+0000] {dag.py:4180} INFO - Setting next_dagrun for example_time_delta_sensor_async to None, run_after=None
[2024-10-30T07:32:24.737+0000] {processor.py:208} INFO - Processing /home/airflow/.local/lib/python3.12/site-packages/airflow/example_dags/example_time_delta_sensor_async.py took 0.066 seconds
[2024-10-30T07:32:55.042+0000] {processor.py:186} INFO - Started process (PID=280) to work on /home/airflow/.local/lib/python3.12/site-packages/airflow/example_dags/example_time_delta_sensor_async.py
[2024-10-30T07:32:55.043+0000] {processor.py:914} INFO - Processing file /home/airflow/.local/lib/python3.12/site-packages/airflow/example_dags/example_time_delta_sensor_async.py for tasks to queue
[2024-10-30T07:32:55.046+0000] {logging_mixin.py:190} INFO - [2024-10-30T07:32:55.045+0000] {dagbag.py:588} INFO - Filling up the DagBag from /home/airflow/.local/lib/python3.12/site-packages/airflow/example_dags/example_time_delta_sensor_async.py
[2024-10-30T07:32:55.053+0000] {processor.py:925} INFO - DAG(s) 'example_time_delta_sensor_async' retrieved from /home/airflow/.local/lib/python3.12/site-packages/airflow/example_dags/example_time_delta_sensor_async.py
[2024-10-30T07:32:55.069+0000] {logging_mixin.py:190} INFO - [2024-10-30T07:32:55.069+0000] {dag.py:3239} INFO - Sync 1 DAGs
[2024-10-30T07:32:55.081+0000] {logging_mixin.py:190} INFO - [2024-10-30T07:32:55.081+0000] {dag.py:4180} INFO - Setting next_dagrun for example_time_delta_sensor_async to None, run_after=None
[2024-10-30T07:32:55.098+0000] {processor.py:208} INFO - Processing /home/airflow/.local/lib/python3.12/site-packages/airflow/example_dags/example_time_delta_sensor_async.py took 0.061 seconds
