[2024-10-30T07:31:22.385+0000] {processor.py:186} INFO - Started process (PID=81) to work on /home/airflow/.local/lib/python3.12/site-packages/airflow/example_dags/example_outlet_event_extra.py
[2024-10-30T07:31:22.385+0000] {processor.py:914} INFO - Processing file /home/airflow/.local/lib/python3.12/site-packages/airflow/example_dags/example_outlet_event_extra.py for tasks to queue
[2024-10-30T07:31:22.388+0000] {logging_mixin.py:190} INFO - [2024-10-30T07:31:22.387+0000] {dagbag.py:588} INFO - Filling up the DagBag from /home/airflow/.local/lib/python3.12/site-packages/airflow/example_dags/example_outlet_event_extra.py
[2024-10-30T07:31:22.504+0000] {processor.py:925} INFO - DAG(s) 'dataset_with_extra_by_yield', 'dataset_with_extra_by_context', 'dataset_with_extra_from_classic_operator' retrieved from /home/airflow/.local/lib/python3.12/site-packages/airflow/example_dags/example_outlet_event_extra.py
[2024-10-30T07:31:22.580+0000] {logging_mixin.py:190} INFO - [2024-10-30T07:31:22.580+0000] {override.py:1900} INFO - Created Permission View: can read on DAG:dataset_with_extra_by_yield
[2024-10-30T07:31:22.590+0000] {logging_mixin.py:190} INFO - [2024-10-30T07:31:22.590+0000] {override.py:1900} INFO - Created Permission View: can edit on DAG:dataset_with_extra_by_yield
[2024-10-30T07:31:22.598+0000] {logging_mixin.py:190} INFO - [2024-10-30T07:31:22.598+0000] {override.py:1900} INFO - Created Permission View: can delete on DAG:dataset_with_extra_by_yield
[2024-10-30T07:31:22.608+0000] {logging_mixin.py:190} INFO - [2024-10-30T07:31:22.608+0000] {override.py:1900} INFO - Created Permission View: can read on DAG Run:dataset_with_extra_by_yield
[2024-10-30T07:31:22.616+0000] {logging_mixin.py:190} INFO - [2024-10-30T07:31:22.616+0000] {override.py:1900} INFO - Created Permission View: menu access on DAG Run:dataset_with_extra_by_yield
[2024-10-30T07:31:22.626+0000] {logging_mixin.py:190} INFO - [2024-10-30T07:31:22.626+0000] {override.py:1900} INFO - Created Permission View: can create on DAG Run:dataset_with_extra_by_yield
[2024-10-30T07:31:22.636+0000] {logging_mixin.py:190} INFO - [2024-10-30T07:31:22.636+0000] {override.py:1900} INFO - Created Permission View: can delete on DAG Run:dataset_with_extra_by_yield
[2024-10-30T07:31:22.652+0000] {logging_mixin.py:190} INFO - [2024-10-30T07:31:22.651+0000] {override.py:1900} INFO - Created Permission View: can read on DAG:dataset_with_extra_by_context
[2024-10-30T07:31:22.660+0000] {logging_mixin.py:190} INFO - [2024-10-30T07:31:22.660+0000] {override.py:1900} INFO - Created Permission View: can edit on DAG:dataset_with_extra_by_context
[2024-10-30T07:31:22.668+0000] {logging_mixin.py:190} INFO - [2024-10-30T07:31:22.668+0000] {override.py:1900} INFO - Created Permission View: can delete on DAG:dataset_with_extra_by_context
[2024-10-30T07:31:22.678+0000] {logging_mixin.py:190} INFO - [2024-10-30T07:31:22.678+0000] {override.py:1900} INFO - Created Permission View: can read on DAG Run:dataset_with_extra_by_context
[2024-10-30T07:31:22.687+0000] {logging_mixin.py:190} INFO - [2024-10-30T07:31:22.686+0000] {override.py:1900} INFO - Created Permission View: menu access on DAG Run:dataset_with_extra_by_context
[2024-10-30T07:31:22.698+0000] {logging_mixin.py:190} INFO - [2024-10-30T07:31:22.698+0000] {override.py:1900} INFO - Created Permission View: can create on DAG Run:dataset_with_extra_by_context
[2024-10-30T07:31:22.708+0000] {logging_mixin.py:190} INFO - [2024-10-30T07:31:22.708+0000] {override.py:1900} INFO - Created Permission View: can delete on DAG Run:dataset_with_extra_by_context
[2024-10-30T07:31:22.722+0000] {logging_mixin.py:190} INFO - [2024-10-30T07:31:22.722+0000] {override.py:1900} INFO - Created Permission View: can read on DAG:dataset_with_extra_from_classic_operator
[2024-10-30T07:31:22.730+0000] {logging_mixin.py:190} INFO - [2024-10-30T07:31:22.730+0000] {override.py:1900} INFO - Created Permission View: can edit on DAG:dataset_with_extra_from_classic_operator
[2024-10-30T07:31:22.738+0000] {logging_mixin.py:190} INFO - [2024-10-30T07:31:22.738+0000] {override.py:1900} INFO - Created Permission View: can delete on DAG:dataset_with_extra_from_classic_operator
[2024-10-30T07:31:22.748+0000] {logging_mixin.py:190} INFO - [2024-10-30T07:31:22.748+0000] {override.py:1900} INFO - Created Permission View: can read on DAG Run:dataset_with_extra_from_classic_operator
[2024-10-30T07:31:22.756+0000] {logging_mixin.py:190} INFO - [2024-10-30T07:31:22.756+0000] {override.py:1900} INFO - Created Permission View: menu access on DAG Run:dataset_with_extra_from_classic_operator
[2024-10-30T07:31:22.764+0000] {logging_mixin.py:190} INFO - [2024-10-30T07:31:22.764+0000] {override.py:1900} INFO - Created Permission View: can create on DAG Run:dataset_with_extra_from_classic_operator
[2024-10-30T07:31:22.774+0000] {logging_mixin.py:190} INFO - [2024-10-30T07:31:22.774+0000] {override.py:1900} INFO - Created Permission View: can delete on DAG Run:dataset_with_extra_from_classic_operator
[2024-10-30T07:31:22.775+0000] {logging_mixin.py:190} INFO - [2024-10-30T07:31:22.774+0000] {dag.py:3239} INFO - Sync 3 DAGs
[2024-10-30T07:31:22.787+0000] {logging_mixin.py:190} INFO - [2024-10-30T07:31:22.787+0000] {dag.py:3262} INFO - Creating ORM DAG for dataset_with_extra_from_classic_operator
[2024-10-30T07:31:22.788+0000] {logging_mixin.py:190} INFO - [2024-10-30T07:31:22.787+0000] {dag.py:3262} INFO - Creating ORM DAG for dataset_with_extra_by_yield
[2024-10-30T07:31:22.788+0000] {logging_mixin.py:190} INFO - [2024-10-30T07:31:22.788+0000] {dag.py:3262} INFO - Creating ORM DAG for dataset_with_extra_by_context
[2024-10-30T07:31:22.796+0000] {logging_mixin.py:190} INFO - [2024-10-30T07:31:22.796+0000] {dag.py:4180} INFO - Setting next_dagrun for dataset_with_extra_by_context to 2024-10-29 00:00:00+00:00, run_after=2024-10-30 00:00:00+00:00
[2024-10-30T07:31:22.797+0000] {logging_mixin.py:190} INFO - [2024-10-30T07:31:22.797+0000] {dag.py:4180} INFO - Setting next_dagrun for dataset_with_extra_by_yield to 2024-10-29 00:00:00+00:00, run_after=2024-10-30 00:00:00+00:00
[2024-10-30T07:31:22.798+0000] {logging_mixin.py:190} INFO - [2024-10-30T07:31:22.798+0000] {dag.py:4180} INFO - Setting next_dagrun for dataset_with_extra_from_classic_operator to 2024-10-29 00:00:00+00:00, run_after=2024-10-30 00:00:00+00:00
[2024-10-30T07:31:22.821+0000] {processor.py:208} INFO - Processing /home/airflow/.local/lib/python3.12/site-packages/airflow/example_dags/example_outlet_event_extra.py took 0.442 seconds
[2024-10-30T07:31:53.502+0000] {processor.py:186} INFO - Started process (PID=143) to work on /home/airflow/.local/lib/python3.12/site-packages/airflow/example_dags/example_outlet_event_extra.py
[2024-10-30T07:31:53.504+0000] {processor.py:914} INFO - Processing file /home/airflow/.local/lib/python3.12/site-packages/airflow/example_dags/example_outlet_event_extra.py for tasks to queue
[2024-10-30T07:31:53.509+0000] {logging_mixin.py:190} INFO - [2024-10-30T07:31:53.508+0000] {dagbag.py:588} INFO - Filling up the DagBag from /home/airflow/.local/lib/python3.12/site-packages/airflow/example_dags/example_outlet_event_extra.py
[2024-10-30T07:31:53.621+0000] {processor.py:925} INFO - DAG(s) 'dataset_with_extra_by_yield', 'dataset_with_extra_from_classic_operator', 'dataset_with_extra_by_context' retrieved from /home/airflow/.local/lib/python3.12/site-packages/airflow/example_dags/example_outlet_event_extra.py
[2024-10-30T07:31:53.645+0000] {logging_mixin.py:190} INFO - [2024-10-30T07:31:53.645+0000] {dag.py:3239} INFO - Sync 3 DAGs
[2024-10-30T07:31:53.674+0000] {logging_mixin.py:190} INFO - [2024-10-30T07:31:53.674+0000] {dag.py:4180} INFO - Setting next_dagrun for dataset_with_extra_by_context to 2024-10-29 00:00:00+00:00, run_after=2024-10-30 00:00:00+00:00
[2024-10-30T07:31:53.677+0000] {logging_mixin.py:190} INFO - [2024-10-30T07:31:53.677+0000] {dag.py:4180} INFO - Setting next_dagrun for dataset_with_extra_by_yield to 2024-10-29 00:00:00+00:00, run_after=2024-10-30 00:00:00+00:00
[2024-10-30T07:31:53.678+0000] {logging_mixin.py:190} INFO - [2024-10-30T07:31:53.678+0000] {dag.py:4180} INFO - Setting next_dagrun for dataset_with_extra_from_classic_operator to 2024-10-29 00:00:00+00:00, run_after=2024-10-30 00:00:00+00:00
[2024-10-30T07:31:53.696+0000] {processor.py:208} INFO - Processing /home/airflow/.local/lib/python3.12/site-packages/airflow/example_dags/example_outlet_event_extra.py took 0.201 seconds
[2024-10-30T07:32:23.916+0000] {processor.py:186} INFO - Started process (PID=205) to work on /home/airflow/.local/lib/python3.12/site-packages/airflow/example_dags/example_outlet_event_extra.py
[2024-10-30T07:32:23.917+0000] {processor.py:914} INFO - Processing file /home/airflow/.local/lib/python3.12/site-packages/airflow/example_dags/example_outlet_event_extra.py for tasks to queue
[2024-10-30T07:32:23.919+0000] {logging_mixin.py:190} INFO - [2024-10-30T07:32:23.918+0000] {dagbag.py:588} INFO - Filling up the DagBag from /home/airflow/.local/lib/python3.12/site-packages/airflow/example_dags/example_outlet_event_extra.py
[2024-10-30T07:32:24.047+0000] {processor.py:925} INFO - DAG(s) 'dataset_with_extra_from_classic_operator', 'dataset_with_extra_by_yield', 'dataset_with_extra_by_context' retrieved from /home/airflow/.local/lib/python3.12/site-packages/airflow/example_dags/example_outlet_event_extra.py
[2024-10-30T07:32:24.077+0000] {logging_mixin.py:190} INFO - [2024-10-30T07:32:24.076+0000] {dag.py:3239} INFO - Sync 3 DAGs
[2024-10-30T07:32:24.100+0000] {logging_mixin.py:190} INFO - [2024-10-30T07:32:24.100+0000] {dag.py:4180} INFO - Setting next_dagrun for dataset_with_extra_by_context to 2024-10-29 00:00:00+00:00, run_after=2024-10-30 00:00:00+00:00
[2024-10-30T07:32:24.104+0000] {logging_mixin.py:190} INFO - [2024-10-30T07:32:24.104+0000] {dag.py:4180} INFO - Setting next_dagrun for dataset_with_extra_by_yield to 2024-10-29 00:00:00+00:00, run_after=2024-10-30 00:00:00+00:00
[2024-10-30T07:32:24.106+0000] {logging_mixin.py:190} INFO - [2024-10-30T07:32:24.106+0000] {dag.py:4180} INFO - Setting next_dagrun for dataset_with_extra_from_classic_operator to 2024-10-29 00:00:00+00:00, run_after=2024-10-30 00:00:00+00:00
[2024-10-30T07:32:24.133+0000] {processor.py:208} INFO - Processing /home/airflow/.local/lib/python3.12/site-packages/airflow/example_dags/example_outlet_event_extra.py took 0.221 seconds
[2024-10-30T07:32:54.360+0000] {processor.py:186} INFO - Started process (PID=267) to work on /home/airflow/.local/lib/python3.12/site-packages/airflow/example_dags/example_outlet_event_extra.py
[2024-10-30T07:32:54.361+0000] {processor.py:914} INFO - Processing file /home/airflow/.local/lib/python3.12/site-packages/airflow/example_dags/example_outlet_event_extra.py for tasks to queue
[2024-10-30T07:32:54.363+0000] {logging_mixin.py:190} INFO - [2024-10-30T07:32:54.363+0000] {dagbag.py:588} INFO - Filling up the DagBag from /home/airflow/.local/lib/python3.12/site-packages/airflow/example_dags/example_outlet_event_extra.py
[2024-10-30T07:32:54.464+0000] {processor.py:925} INFO - DAG(s) 'dataset_with_extra_from_classic_operator', 'dataset_with_extra_by_yield', 'dataset_with_extra_by_context' retrieved from /home/airflow/.local/lib/python3.12/site-packages/airflow/example_dags/example_outlet_event_extra.py
[2024-10-30T07:32:54.487+0000] {logging_mixin.py:190} INFO - [2024-10-30T07:32:54.487+0000] {dag.py:3239} INFO - Sync 3 DAGs
[2024-10-30T07:32:54.506+0000] {logging_mixin.py:190} INFO - [2024-10-30T07:32:54.505+0000] {dag.py:4180} INFO - Setting next_dagrun for dataset_with_extra_by_context to 2024-10-29 00:00:00+00:00, run_after=2024-10-30 00:00:00+00:00
[2024-10-30T07:32:54.509+0000] {logging_mixin.py:190} INFO - [2024-10-30T07:32:54.508+0000] {dag.py:4180} INFO - Setting next_dagrun for dataset_with_extra_by_yield to 2024-10-29 00:00:00+00:00, run_after=2024-10-30 00:00:00+00:00
[2024-10-30T07:32:54.510+0000] {logging_mixin.py:190} INFO - [2024-10-30T07:32:54.510+0000] {dag.py:4180} INFO - Setting next_dagrun for dataset_with_extra_from_classic_operator to 2024-10-29 00:00:00+00:00, run_after=2024-10-30 00:00:00+00:00
[2024-10-30T07:32:54.529+0000] {processor.py:208} INFO - Processing /home/airflow/.local/lib/python3.12/site-packages/airflow/example_dags/example_outlet_event_extra.py took 0.175 seconds
