[2024-10-30T07:31:21.869+0000] {processor.py:186} INFO - Started process (PID=79) to work on /home/airflow/.local/lib/python3.12/site-packages/airflow/example_dags/example_dataset_alias_with_no_taskflow.py
[2024-10-30T07:31:21.870+0000] {processor.py:914} INFO - Processing file /home/airflow/.local/lib/python3.12/site-packages/airflow/example_dags/example_dataset_alias_with_no_taskflow.py for tasks to queue
[2024-10-30T07:31:21.872+0000] {logging_mixin.py:190} INFO - [2024-10-30T07:31:21.871+0000] {dagbag.py:588} INFO - Filling up the DagBag from /home/airflow/.local/lib/python3.12/site-packages/airflow/example_dags/example_dataset_alias_with_no_taskflow.py
[2024-10-30T07:31:21.984+0000] {processor.py:925} INFO - DAG(s) 'dataset_alias_example_alias_consumer_with_no_taskflow', 'dataset_s3_bucket_producer_with_no_taskflow', 'dataset_alias_example_alias_producer_with_no_taskflow', 'dataset_s3_bucket_consumer_with_no_taskflow' retrieved from /home/airflow/.local/lib/python3.12/site-packages/airflow/example_dags/example_dataset_alias_with_no_taskflow.py
[2024-10-30T07:31:22.066+0000] {logging_mixin.py:190} INFO - [2024-10-30T07:31:22.066+0000] {override.py:1900} INFO - Created Permission View: can read on DAG:dataset_alias_example_alias_consumer_with_no_taskflow
[2024-10-30T07:31:22.076+0000] {logging_mixin.py:190} INFO - [2024-10-30T07:31:22.076+0000] {override.py:1900} INFO - Created Permission View: can edit on DAG:dataset_alias_example_alias_consumer_with_no_taskflow
[2024-10-30T07:31:22.082+0000] {logging_mixin.py:190} INFO - [2024-10-30T07:31:22.082+0000] {override.py:1900} INFO - Created Permission View: can delete on DAG:dataset_alias_example_alias_consumer_with_no_taskflow
[2024-10-30T07:31:22.092+0000] {logging_mixin.py:190} INFO - [2024-10-30T07:31:22.092+0000] {override.py:1900} INFO - Created Permission View: can read on DAG Run:dataset_alias_example_alias_consumer_with_no_taskflow
[2024-10-30T07:31:22.098+0000] {logging_mixin.py:190} INFO - [2024-10-30T07:31:22.097+0000] {override.py:1900} INFO - Created Permission View: menu access on DAG Run:dataset_alias_example_alias_consumer_with_no_taskflow
[2024-10-30T07:31:22.104+0000] {logging_mixin.py:190} INFO - [2024-10-30T07:31:22.104+0000] {override.py:1900} INFO - Created Permission View: can create on DAG Run:dataset_alias_example_alias_consumer_with_no_taskflow
[2024-10-30T07:31:22.112+0000] {logging_mixin.py:190} INFO - [2024-10-30T07:31:22.112+0000] {override.py:1900} INFO - Created Permission View: can delete on DAG Run:dataset_alias_example_alias_consumer_with_no_taskflow
[2024-10-30T07:31:22.128+0000] {logging_mixin.py:190} INFO - [2024-10-30T07:31:22.128+0000] {override.py:1900} INFO - Created Permission View: can read on DAG:dataset_s3_bucket_producer_with_no_taskflow
[2024-10-30T07:31:22.140+0000] {logging_mixin.py:190} INFO - [2024-10-30T07:31:22.140+0000] {override.py:1900} INFO - Created Permission View: can edit on DAG:dataset_s3_bucket_producer_with_no_taskflow
[2024-10-30T07:31:22.148+0000] {logging_mixin.py:190} INFO - [2024-10-30T07:31:22.148+0000] {override.py:1900} INFO - Created Permission View: can delete on DAG:dataset_s3_bucket_producer_with_no_taskflow
[2024-10-30T07:31:22.158+0000] {logging_mixin.py:190} INFO - [2024-10-30T07:31:22.157+0000] {override.py:1900} INFO - Created Permission View: can read on DAG Run:dataset_s3_bucket_producer_with_no_taskflow
[2024-10-30T07:31:22.166+0000] {logging_mixin.py:190} INFO - [2024-10-30T07:31:22.166+0000] {override.py:1900} INFO - Created Permission View: menu access on DAG Run:dataset_s3_bucket_producer_with_no_taskflow
[2024-10-30T07:31:22.174+0000] {logging_mixin.py:190} INFO - [2024-10-30T07:31:22.174+0000] {override.py:1900} INFO - Created Permission View: can create on DAG Run:dataset_s3_bucket_producer_with_no_taskflow
[2024-10-30T07:31:22.182+0000] {logging_mixin.py:190} INFO - [2024-10-30T07:31:22.182+0000] {override.py:1900} INFO - Created Permission View: can delete on DAG Run:dataset_s3_bucket_producer_with_no_taskflow
[2024-10-30T07:31:22.196+0000] {logging_mixin.py:190} INFO - [2024-10-30T07:31:22.196+0000] {override.py:1900} INFO - Created Permission View: can read on DAG:dataset_alias_example_alias_producer_with_no_taskflow
[2024-10-30T07:31:22.204+0000] {logging_mixin.py:190} INFO - [2024-10-30T07:31:22.203+0000] {override.py:1900} INFO - Created Permission View: can edit on DAG:dataset_alias_example_alias_producer_with_no_taskflow
[2024-10-30T07:31:22.210+0000] {logging_mixin.py:190} INFO - [2024-10-30T07:31:22.210+0000] {override.py:1900} INFO - Created Permission View: can delete on DAG:dataset_alias_example_alias_producer_with_no_taskflow
[2024-10-30T07:31:22.222+0000] {logging_mixin.py:190} INFO - [2024-10-30T07:31:22.222+0000] {override.py:1900} INFO - Created Permission View: can read on DAG Run:dataset_alias_example_alias_producer_with_no_taskflow
[2024-10-30T07:31:22.228+0000] {logging_mixin.py:190} INFO - [2024-10-30T07:31:22.228+0000] {override.py:1900} INFO - Created Permission View: menu access on DAG Run:dataset_alias_example_alias_producer_with_no_taskflow
[2024-10-30T07:31:22.234+0000] {logging_mixin.py:190} INFO - [2024-10-30T07:31:22.234+0000] {override.py:1900} INFO - Created Permission View: can create on DAG Run:dataset_alias_example_alias_producer_with_no_taskflow
[2024-10-30T07:31:22.240+0000] {logging_mixin.py:190} INFO - [2024-10-30T07:31:22.239+0000] {override.py:1900} INFO - Created Permission View: can delete on DAG Run:dataset_alias_example_alias_producer_with_no_taskflow
[2024-10-30T07:31:22.252+0000] {logging_mixin.py:190} INFO - [2024-10-30T07:31:22.251+0000] {override.py:1900} INFO - Created Permission View: can read on DAG:dataset_s3_bucket_consumer_with_no_taskflow
[2024-10-30T07:31:22.258+0000] {logging_mixin.py:190} INFO - [2024-10-30T07:31:22.258+0000] {override.py:1900} INFO - Created Permission View: can edit on DAG:dataset_s3_bucket_consumer_with_no_taskflow
[2024-10-30T07:31:22.266+0000] {logging_mixin.py:190} INFO - [2024-10-30T07:31:22.266+0000] {override.py:1900} INFO - Created Permission View: can delete on DAG:dataset_s3_bucket_consumer_with_no_taskflow
[2024-10-30T07:31:22.276+0000] {logging_mixin.py:190} INFO - [2024-10-30T07:31:22.275+0000] {override.py:1900} INFO - Created Permission View: can read on DAG Run:dataset_s3_bucket_consumer_with_no_taskflow
[2024-10-30T07:31:22.282+0000] {logging_mixin.py:190} INFO - [2024-10-30T07:31:22.281+0000] {override.py:1900} INFO - Created Permission View: menu access on DAG Run:dataset_s3_bucket_consumer_with_no_taskflow
[2024-10-30T07:31:22.290+0000] {logging_mixin.py:190} INFO - [2024-10-30T07:31:22.290+0000] {override.py:1900} INFO - Created Permission View: can create on DAG Run:dataset_s3_bucket_consumer_with_no_taskflow
[2024-10-30T07:31:22.298+0000] {logging_mixin.py:190} INFO - [2024-10-30T07:31:22.298+0000] {override.py:1900} INFO - Created Permission View: can delete on DAG Run:dataset_s3_bucket_consumer_with_no_taskflow
[2024-10-30T07:31:22.299+0000] {logging_mixin.py:190} INFO - [2024-10-30T07:31:22.299+0000] {dag.py:3239} INFO - Sync 4 DAGs
[2024-10-30T07:31:22.318+0000] {logging_mixin.py:190} INFO - [2024-10-30T07:31:22.318+0000] {dag.py:3262} INFO - Creating ORM DAG for dataset_alias_example_alias_consumer_with_no_taskflow
[2024-10-30T07:31:22.319+0000] {logging_mixin.py:190} INFO - [2024-10-30T07:31:22.318+0000] {dag.py:3262} INFO - Creating ORM DAG for dataset_alias_example_alias_producer_with_no_taskflow
[2024-10-30T07:31:22.319+0000] {logging_mixin.py:190} INFO - [2024-10-30T07:31:22.319+0000] {dag.py:3262} INFO - Creating ORM DAG for dataset_s3_bucket_producer_with_no_taskflow
[2024-10-30T07:31:22.319+0000] {logging_mixin.py:190} INFO - [2024-10-30T07:31:22.319+0000] {dag.py:3262} INFO - Creating ORM DAG for dataset_s3_bucket_consumer_with_no_taskflow
[2024-10-30T07:31:22.327+0000] {logging_mixin.py:190} INFO - [2024-10-30T07:31:22.327+0000] {dag.py:4180} INFO - Setting next_dagrun for dataset_alias_example_alias_consumer_with_no_taskflow to None, run_after=None
[2024-10-30T07:31:22.327+0000] {logging_mixin.py:190} INFO - [2024-10-30T07:31:22.327+0000] {dag.py:4180} INFO - Setting next_dagrun for dataset_alias_example_alias_producer_with_no_taskflow to None, run_after=None
[2024-10-30T07:31:22.328+0000] {logging_mixin.py:190} INFO - [2024-10-30T07:31:22.327+0000] {dag.py:4180} INFO - Setting next_dagrun for dataset_s3_bucket_consumer_with_no_taskflow to None, run_after=None
[2024-10-30T07:31:22.328+0000] {logging_mixin.py:190} INFO - [2024-10-30T07:31:22.328+0000] {dag.py:4180} INFO - Setting next_dagrun for dataset_s3_bucket_producer_with_no_taskflow to None, run_after=None
[2024-10-30T07:31:22.351+0000] {processor.py:208} INFO - Processing /home/airflow/.local/lib/python3.12/site-packages/airflow/example_dags/example_dataset_alias_with_no_taskflow.py took 0.486 seconds
[2024-10-30T07:31:53.274+0000] {processor.py:186} INFO - Started process (PID=141) to work on /home/airflow/.local/lib/python3.12/site-packages/airflow/example_dags/example_dataset_alias_with_no_taskflow.py
[2024-10-30T07:31:53.283+0000] {processor.py:914} INFO - Processing file /home/airflow/.local/lib/python3.12/site-packages/airflow/example_dags/example_dataset_alias_with_no_taskflow.py for tasks to queue
[2024-10-30T07:31:53.285+0000] {logging_mixin.py:190} INFO - [2024-10-30T07:31:53.285+0000] {dagbag.py:588} INFO - Filling up the DagBag from /home/airflow/.local/lib/python3.12/site-packages/airflow/example_dags/example_dataset_alias_with_no_taskflow.py
[2024-10-30T07:31:53.412+0000] {processor.py:925} INFO - DAG(s) 'dataset_s3_bucket_producer_with_no_taskflow', 'dataset_alias_example_alias_producer_with_no_taskflow', 'dataset_s3_bucket_consumer_with_no_taskflow', 'dataset_alias_example_alias_consumer_with_no_taskflow' retrieved from /home/airflow/.local/lib/python3.12/site-packages/airflow/example_dags/example_dataset_alias_with_no_taskflow.py
[2024-10-30T07:31:53.431+0000] {logging_mixin.py:190} INFO - [2024-10-30T07:31:53.430+0000] {dag.py:3239} INFO - Sync 4 DAGs
[2024-10-30T07:31:53.448+0000] {logging_mixin.py:190} INFO - [2024-10-30T07:31:53.448+0000] {dag.py:4180} INFO - Setting next_dagrun for dataset_alias_example_alias_consumer_with_no_taskflow to None, run_after=None
[2024-10-30T07:31:53.450+0000] {logging_mixin.py:190} INFO - [2024-10-30T07:31:53.450+0000] {dag.py:4180} INFO - Setting next_dagrun for dataset_alias_example_alias_producer_with_no_taskflow to None, run_after=None
[2024-10-30T07:31:53.451+0000] {logging_mixin.py:190} INFO - [2024-10-30T07:31:53.451+0000] {dag.py:4180} INFO - Setting next_dagrun for dataset_s3_bucket_consumer_with_no_taskflow to None, run_after=None
[2024-10-30T07:31:53.452+0000] {logging_mixin.py:190} INFO - [2024-10-30T07:31:53.452+0000] {dag.py:4180} INFO - Setting next_dagrun for dataset_s3_bucket_producer_with_no_taskflow to None, run_after=None
[2024-10-30T07:31:53.477+0000] {processor.py:208} INFO - Processing /home/airflow/.local/lib/python3.12/site-packages/airflow/example_dags/example_dataset_alias_with_no_taskflow.py took 0.207 seconds
[2024-10-30T07:32:23.639+0000] {processor.py:186} INFO - Started process (PID=203) to work on /home/airflow/.local/lib/python3.12/site-packages/airflow/example_dags/example_dataset_alias_with_no_taskflow.py
[2024-10-30T07:32:23.641+0000] {processor.py:914} INFO - Processing file /home/airflow/.local/lib/python3.12/site-packages/airflow/example_dags/example_dataset_alias_with_no_taskflow.py for tasks to queue
[2024-10-30T07:32:23.643+0000] {logging_mixin.py:190} INFO - [2024-10-30T07:32:23.643+0000] {dagbag.py:588} INFO - Filling up the DagBag from /home/airflow/.local/lib/python3.12/site-packages/airflow/example_dags/example_dataset_alias_with_no_taskflow.py
[2024-10-30T07:32:23.806+0000] {processor.py:925} INFO - DAG(s) 'dataset_s3_bucket_producer_with_no_taskflow', 'dataset_alias_example_alias_consumer_with_no_taskflow', 'dataset_s3_bucket_consumer_with_no_taskflow', 'dataset_alias_example_alias_producer_with_no_taskflow' retrieved from /home/airflow/.local/lib/python3.12/site-packages/airflow/example_dags/example_dataset_alias_with_no_taskflow.py
[2024-10-30T07:32:23.831+0000] {logging_mixin.py:190} INFO - [2024-10-30T07:32:23.831+0000] {dag.py:3239} INFO - Sync 4 DAGs
[2024-10-30T07:32:23.870+0000] {logging_mixin.py:190} INFO - [2024-10-30T07:32:23.870+0000] {dag.py:4180} INFO - Setting next_dagrun for dataset_alias_example_alias_consumer_with_no_taskflow to None, run_after=None
[2024-10-30T07:32:23.873+0000] {logging_mixin.py:190} INFO - [2024-10-30T07:32:23.872+0000] {dag.py:4180} INFO - Setting next_dagrun for dataset_alias_example_alias_producer_with_no_taskflow to None, run_after=None
[2024-10-30T07:32:23.874+0000] {logging_mixin.py:190} INFO - [2024-10-30T07:32:23.874+0000] {dag.py:4180} INFO - Setting next_dagrun for dataset_s3_bucket_consumer_with_no_taskflow to None, run_after=None
[2024-10-30T07:32:23.875+0000] {logging_mixin.py:190} INFO - [2024-10-30T07:32:23.875+0000] {dag.py:4180} INFO - Setting next_dagrun for dataset_s3_bucket_producer_with_no_taskflow to None, run_after=None
[2024-10-30T07:32:23.895+0000] {processor.py:208} INFO - Processing /home/airflow/.local/lib/python3.12/site-packages/airflow/example_dags/example_dataset_alias_with_no_taskflow.py took 0.260 seconds
[2024-10-30T07:32:54.146+0000] {processor.py:186} INFO - Started process (PID=265) to work on /home/airflow/.local/lib/python3.12/site-packages/airflow/example_dags/example_dataset_alias_with_no_taskflow.py
[2024-10-30T07:32:54.147+0000] {processor.py:914} INFO - Processing file /home/airflow/.local/lib/python3.12/site-packages/airflow/example_dags/example_dataset_alias_with_no_taskflow.py for tasks to queue
[2024-10-30T07:32:54.150+0000] {logging_mixin.py:190} INFO - [2024-10-30T07:32:54.149+0000] {dagbag.py:588} INFO - Filling up the DagBag from /home/airflow/.local/lib/python3.12/site-packages/airflow/example_dags/example_dataset_alias_with_no_taskflow.py
[2024-10-30T07:32:54.276+0000] {processor.py:925} INFO - DAG(s) 'dataset_s3_bucket_consumer_with_no_taskflow', 'dataset_s3_bucket_producer_with_no_taskflow', 'dataset_alias_example_alias_consumer_with_no_taskflow', 'dataset_alias_example_alias_producer_with_no_taskflow' retrieved from /home/airflow/.local/lib/python3.12/site-packages/airflow/example_dags/example_dataset_alias_with_no_taskflow.py
[2024-10-30T07:32:54.294+0000] {logging_mixin.py:190} INFO - [2024-10-30T07:32:54.293+0000] {dag.py:3239} INFO - Sync 4 DAGs
[2024-10-30T07:32:54.315+0000] {logging_mixin.py:190} INFO - [2024-10-30T07:32:54.315+0000] {dag.py:4180} INFO - Setting next_dagrun for dataset_alias_example_alias_consumer_with_no_taskflow to None, run_after=None
[2024-10-30T07:32:54.318+0000] {logging_mixin.py:190} INFO - [2024-10-30T07:32:54.318+0000] {dag.py:4180} INFO - Setting next_dagrun for dataset_alias_example_alias_producer_with_no_taskflow to None, run_after=None
[2024-10-30T07:32:54.319+0000] {logging_mixin.py:190} INFO - [2024-10-30T07:32:54.319+0000] {dag.py:4180} INFO - Setting next_dagrun for dataset_s3_bucket_consumer_with_no_taskflow to None, run_after=None
[2024-10-30T07:32:54.319+0000] {logging_mixin.py:190} INFO - [2024-10-30T07:32:54.319+0000] {dag.py:4180} INFO - Setting next_dagrun for dataset_s3_bucket_producer_with_no_taskflow to None, run_after=None
[2024-10-30T07:32:54.340+0000] {processor.py:208} INFO - Processing /home/airflow/.local/lib/python3.12/site-packages/airflow/example_dags/example_dataset_alias_with_no_taskflow.py took 0.200 seconds
