[2024-10-30T07:31:22.846+0000] {processor.py:186} INFO - Started process (PID=84) to work on /home/airflow/.local/lib/python3.12/site-packages/airflow/example_dags/example_dynamic_task_mapping.py
[2024-10-30T07:31:22.847+0000] {processor.py:914} INFO - Processing file /home/airflow/.local/lib/python3.12/site-packages/airflow/example_dags/example_dynamic_task_mapping.py for tasks to queue
[2024-10-30T07:31:22.849+0000] {logging_mixin.py:190} INFO - [2024-10-30T07:31:22.849+0000] {dagbag.py:588} INFO - Filling up the DagBag from /home/airflow/.local/lib/python3.12/site-packages/airflow/example_dags/example_dynamic_task_mapping.py
[2024-10-30T07:31:22.856+0000] {processor.py:925} INFO - DAG(s) 'example_dynamic_task_mapping' retrieved from /home/airflow/.local/lib/python3.12/site-packages/airflow/example_dags/example_dynamic_task_mapping.py
[2024-10-30T07:31:22.943+0000] {logging_mixin.py:190} INFO - [2024-10-30T07:31:22.943+0000] {override.py:1900} INFO - Created Permission View: can read on DAG:example_dynamic_task_mapping
[2024-10-30T07:31:22.952+0000] {logging_mixin.py:190} INFO - [2024-10-30T07:31:22.952+0000] {override.py:1900} INFO - Created Permission View: can edit on DAG:example_dynamic_task_mapping
[2024-10-30T07:31:22.961+0000] {logging_mixin.py:190} INFO - [2024-10-30T07:31:22.960+0000] {override.py:1900} INFO - Created Permission View: can delete on DAG:example_dynamic_task_mapping
[2024-10-30T07:31:22.974+0000] {logging_mixin.py:190} INFO - [2024-10-30T07:31:22.974+0000] {override.py:1900} INFO - Created Permission View: can read on DAG Run:example_dynamic_task_mapping
[2024-10-30T07:31:22.984+0000] {logging_mixin.py:190} INFO - [2024-10-30T07:31:22.984+0000] {override.py:1900} INFO - Created Permission View: menu access on DAG Run:example_dynamic_task_mapping
[2024-10-30T07:31:22.992+0000] {logging_mixin.py:190} INFO - [2024-10-30T07:31:22.992+0000] {override.py:1900} INFO - Created Permission View: can create on DAG Run:example_dynamic_task_mapping
[2024-10-30T07:31:23.000+0000] {logging_mixin.py:190} INFO - [2024-10-30T07:31:23.000+0000] {override.py:1900} INFO - Created Permission View: can delete on DAG Run:example_dynamic_task_mapping
[2024-10-30T07:31:23.001+0000] {logging_mixin.py:190} INFO - [2024-10-30T07:31:23.000+0000] {dag.py:3239} INFO - Sync 1 DAGs
[2024-10-30T07:31:23.010+0000] {logging_mixin.py:190} INFO - [2024-10-30T07:31:23.010+0000] {dag.py:3262} INFO - Creating ORM DAG for example_dynamic_task_mapping
[2024-10-30T07:31:23.010+0000] {logging_mixin.py:190} INFO - [2024-10-30T07:31:23.010+0000] {dag.py:4180} INFO - Setting next_dagrun for example_dynamic_task_mapping to None, run_after=None
[2024-10-30T07:31:23.024+0000] {processor.py:208} INFO - Processing /home/airflow/.local/lib/python3.12/site-packages/airflow/example_dags/example_dynamic_task_mapping.py took 0.182 seconds
[2024-10-30T07:31:53.794+0000] {processor.py:186} INFO - Started process (PID=146) to work on /home/airflow/.local/lib/python3.12/site-packages/airflow/example_dags/example_dynamic_task_mapping.py
[2024-10-30T07:31:53.795+0000] {processor.py:914} INFO - Processing file /home/airflow/.local/lib/python3.12/site-packages/airflow/example_dags/example_dynamic_task_mapping.py for tasks to queue
[2024-10-30T07:31:53.796+0000] {logging_mixin.py:190} INFO - [2024-10-30T07:31:53.796+0000] {dagbag.py:588} INFO - Filling up the DagBag from /home/airflow/.local/lib/python3.12/site-packages/airflow/example_dags/example_dynamic_task_mapping.py
[2024-10-30T07:31:53.803+0000] {processor.py:925} INFO - DAG(s) 'example_dynamic_task_mapping' retrieved from /home/airflow/.local/lib/python3.12/site-packages/airflow/example_dags/example_dynamic_task_mapping.py
[2024-10-30T07:31:53.818+0000] {logging_mixin.py:190} INFO - [2024-10-30T07:31:53.817+0000] {dag.py:3239} INFO - Sync 1 DAGs
[2024-10-30T07:31:53.829+0000] {logging_mixin.py:190} INFO - [2024-10-30T07:31:53.829+0000] {dag.py:4180} INFO - Setting next_dagrun for example_dynamic_task_mapping to None, run_after=None
[2024-10-30T07:31:53.843+0000] {processor.py:208} INFO - Processing /home/airflow/.local/lib/python3.12/site-packages/airflow/example_dags/example_dynamic_task_mapping.py took 0.054 seconds
[2024-10-30T07:32:24.239+0000] {processor.py:186} INFO - Started process (PID=208) to work on /home/airflow/.local/lib/python3.12/site-packages/airflow/example_dags/example_dynamic_task_mapping.py
[2024-10-30T07:32:24.241+0000] {processor.py:914} INFO - Processing file /home/airflow/.local/lib/python3.12/site-packages/airflow/example_dags/example_dynamic_task_mapping.py for tasks to queue
[2024-10-30T07:32:24.243+0000] {logging_mixin.py:190} INFO - [2024-10-30T07:32:24.242+0000] {dagbag.py:588} INFO - Filling up the DagBag from /home/airflow/.local/lib/python3.12/site-packages/airflow/example_dags/example_dynamic_task_mapping.py
[2024-10-30T07:32:24.250+0000] {processor.py:925} INFO - DAG(s) 'example_dynamic_task_mapping' retrieved from /home/airflow/.local/lib/python3.12/site-packages/airflow/example_dags/example_dynamic_task_mapping.py
[2024-10-30T07:32:24.266+0000] {logging_mixin.py:190} INFO - [2024-10-30T07:32:24.265+0000] {dag.py:3239} INFO - Sync 1 DAGs
[2024-10-30T07:32:24.277+0000] {logging_mixin.py:190} INFO - [2024-10-30T07:32:24.277+0000] {dag.py:4180} INFO - Setting next_dagrun for example_dynamic_task_mapping to None, run_after=None
[2024-10-30T07:32:24.292+0000] {processor.py:208} INFO - Processing /home/airflow/.local/lib/python3.12/site-packages/airflow/example_dags/example_dynamic_task_mapping.py took 0.058 seconds
[2024-10-30T07:32:54.627+0000] {processor.py:186} INFO - Started process (PID=270) to work on /home/airflow/.local/lib/python3.12/site-packages/airflow/example_dags/example_dynamic_task_mapping.py
[2024-10-30T07:32:54.627+0000] {processor.py:914} INFO - Processing file /home/airflow/.local/lib/python3.12/site-packages/airflow/example_dags/example_dynamic_task_mapping.py for tasks to queue
[2024-10-30T07:32:54.629+0000] {logging_mixin.py:190} INFO - [2024-10-30T07:32:54.629+0000] {dagbag.py:588} INFO - Filling up the DagBag from /home/airflow/.local/lib/python3.12/site-packages/airflow/example_dags/example_dynamic_task_mapping.py
[2024-10-30T07:32:54.637+0000] {processor.py:925} INFO - DAG(s) 'example_dynamic_task_mapping' retrieved from /home/airflow/.local/lib/python3.12/site-packages/airflow/example_dags/example_dynamic_task_mapping.py
[2024-10-30T07:32:54.654+0000] {logging_mixin.py:190} INFO - [2024-10-30T07:32:54.654+0000] {dag.py:3239} INFO - Sync 1 DAGs
[2024-10-30T07:32:54.665+0000] {logging_mixin.py:190} INFO - [2024-10-30T07:32:54.665+0000] {dag.py:4180} INFO - Setting next_dagrun for example_dynamic_task_mapping to None, run_after=None
[2024-10-30T07:32:54.682+0000] {processor.py:208} INFO - Processing /home/airflow/.local/lib/python3.12/site-packages/airflow/example_dags/example_dynamic_task_mapping.py took 0.060 seconds
