[2024-10-30T07:31:20.154+0000] {processor.py:186} INFO - Started process (PID=63) to work on /home/airflow/.local/lib/python3.12/site-packages/airflow/example_dags/example_short_circuit_operator.py
[2024-10-30T07:31:20.154+0000] {processor.py:914} INFO - Processing file /home/airflow/.local/lib/python3.12/site-packages/airflow/example_dags/example_short_circuit_operator.py for tasks to queue
[2024-10-30T07:31:20.156+0000] {logging_mixin.py:190} INFO - [2024-10-30T07:31:20.156+0000] {dagbag.py:588} INFO - Filling up the DagBag from /home/airflow/.local/lib/python3.12/site-packages/airflow/example_dags/example_short_circuit_operator.py
[2024-10-30T07:31:20.164+0000] {processor.py:925} INFO - DAG(s) 'example_short_circuit_operator' retrieved from /home/airflow/.local/lib/python3.12/site-packages/airflow/example_dags/example_short_circuit_operator.py
[2024-10-30T07:31:20.250+0000] {logging_mixin.py:190} INFO - [2024-10-30T07:31:20.250+0000] {override.py:1900} INFO - Created Permission View: can read on DAG:example_short_circuit_operator
[2024-10-30T07:31:20.260+0000] {logging_mixin.py:190} INFO - [2024-10-30T07:31:20.260+0000] {override.py:1900} INFO - Created Permission View: can edit on DAG:example_short_circuit_operator
[2024-10-30T07:31:20.268+0000] {logging_mixin.py:190} INFO - [2024-10-30T07:31:20.268+0000] {override.py:1900} INFO - Created Permission View: can delete on DAG:example_short_circuit_operator
[2024-10-30T07:31:20.276+0000] {logging_mixin.py:190} INFO - [2024-10-30T07:31:20.276+0000] {override.py:1900} INFO - Created Permission View: can read on DAG Run:example_short_circuit_operator
[2024-10-30T07:31:20.282+0000] {logging_mixin.py:190} INFO - [2024-10-30T07:31:20.282+0000] {override.py:1900} INFO - Created Permission View: menu access on DAG Run:example_short_circuit_operator
[2024-10-30T07:31:20.288+0000] {logging_mixin.py:190} INFO - [2024-10-30T07:31:20.288+0000] {override.py:1900} INFO - Created Permission View: can create on DAG Run:example_short_circuit_operator
[2024-10-30T07:31:20.296+0000] {logging_mixin.py:190} INFO - [2024-10-30T07:31:20.296+0000] {override.py:1900} INFO - Created Permission View: can delete on DAG Run:example_short_circuit_operator
[2024-10-30T07:31:20.296+0000] {logging_mixin.py:190} INFO - [2024-10-30T07:31:20.296+0000] {dag.py:3239} INFO - Sync 1 DAGs
[2024-10-30T07:31:20.308+0000] {logging_mixin.py:190} INFO - [2024-10-30T07:31:20.308+0000] {dag.py:3262} INFO - Creating ORM DAG for example_short_circuit_operator
[2024-10-30T07:31:20.309+0000] {logging_mixin.py:190} INFO - [2024-10-30T07:31:20.308+0000] {dag.py:4180} INFO - Setting next_dagrun for example_short_circuit_operator to None, run_after=None
[2024-10-30T07:31:20.326+0000] {processor.py:208} INFO - Processing /home/airflow/.local/lib/python3.12/site-packages/airflow/example_dags/example_short_circuit_operator.py took 0.178 seconds
[2024-10-30T07:31:50.376+0000] {processor.py:186} INFO - Started process (PID=125) to work on /home/airflow/.local/lib/python3.12/site-packages/airflow/example_dags/example_short_circuit_operator.py
[2024-10-30T07:31:50.377+0000] {processor.py:914} INFO - Processing file /home/airflow/.local/lib/python3.12/site-packages/airflow/example_dags/example_short_circuit_operator.py for tasks to queue
[2024-10-30T07:31:50.379+0000] {logging_mixin.py:190} INFO - [2024-10-30T07:31:50.379+0000] {dagbag.py:588} INFO - Filling up the DagBag from /home/airflow/.local/lib/python3.12/site-packages/airflow/example_dags/example_short_circuit_operator.py
[2024-10-30T07:31:50.387+0000] {processor.py:925} INFO - DAG(s) 'example_short_circuit_operator' retrieved from /home/airflow/.local/lib/python3.12/site-packages/airflow/example_dags/example_short_circuit_operator.py
[2024-10-30T07:31:50.409+0000] {logging_mixin.py:190} INFO - [2024-10-30T07:31:50.409+0000] {dag.py:3239} INFO - Sync 1 DAGs
[2024-10-30T07:31:50.423+0000] {logging_mixin.py:190} INFO - [2024-10-30T07:31:50.423+0000] {dag.py:4180} INFO - Setting next_dagrun for example_short_circuit_operator to None, run_after=None
[2024-10-30T07:31:50.442+0000] {processor.py:208} INFO - Processing /home/airflow/.local/lib/python3.12/site-packages/airflow/example_dags/example_short_circuit_operator.py took 0.072 seconds
[2024-10-30T07:32:20.707+0000] {processor.py:186} INFO - Started process (PID=187) to work on /home/airflow/.local/lib/python3.12/site-packages/airflow/example_dags/example_short_circuit_operator.py
[2024-10-30T07:32:20.708+0000] {processor.py:914} INFO - Processing file /home/airflow/.local/lib/python3.12/site-packages/airflow/example_dags/example_short_circuit_operator.py for tasks to queue
[2024-10-30T07:32:20.710+0000] {logging_mixin.py:190} INFO - [2024-10-30T07:32:20.709+0000] {dagbag.py:588} INFO - Filling up the DagBag from /home/airflow/.local/lib/python3.12/site-packages/airflow/example_dags/example_short_circuit_operator.py
[2024-10-30T07:32:20.718+0000] {processor.py:925} INFO - DAG(s) 'example_short_circuit_operator' retrieved from /home/airflow/.local/lib/python3.12/site-packages/airflow/example_dags/example_short_circuit_operator.py
[2024-10-30T07:32:20.736+0000] {logging_mixin.py:190} INFO - [2024-10-30T07:32:20.736+0000] {dag.py:3239} INFO - Sync 1 DAGs
[2024-10-30T07:32:20.746+0000] {logging_mixin.py:190} INFO - [2024-10-30T07:32:20.746+0000] {dag.py:4180} INFO - Setting next_dagrun for example_short_circuit_operator to None, run_after=None
[2024-10-30T07:32:20.774+0000] {processor.py:208} INFO - Processing /home/airflow/.local/lib/python3.12/site-packages/airflow/example_dags/example_short_circuit_operator.py took 0.071 seconds
[2024-10-30T07:32:51.256+0000] {processor.py:186} INFO - Started process (PID=249) to work on /home/airflow/.local/lib/python3.12/site-packages/airflow/example_dags/example_short_circuit_operator.py
[2024-10-30T07:32:51.257+0000] {processor.py:914} INFO - Processing file /home/airflow/.local/lib/python3.12/site-packages/airflow/example_dags/example_short_circuit_operator.py for tasks to queue
[2024-10-30T07:32:51.259+0000] {logging_mixin.py:190} INFO - [2024-10-30T07:32:51.258+0000] {dagbag.py:588} INFO - Filling up the DagBag from /home/airflow/.local/lib/python3.12/site-packages/airflow/example_dags/example_short_circuit_operator.py
[2024-10-30T07:32:51.265+0000] {processor.py:925} INFO - DAG(s) 'example_short_circuit_operator' retrieved from /home/airflow/.local/lib/python3.12/site-packages/airflow/example_dags/example_short_circuit_operator.py
[2024-10-30T07:32:51.288+0000] {logging_mixin.py:190} INFO - [2024-10-30T07:32:51.288+0000] {dag.py:3239} INFO - Sync 1 DAGs
[2024-10-30T07:32:51.303+0000] {logging_mixin.py:190} INFO - [2024-10-30T07:32:51.303+0000] {dag.py:4180} INFO - Setting next_dagrun for example_short_circuit_operator to None, run_after=None
[2024-10-30T07:32:51.326+0000] {processor.py:208} INFO - Processing /home/airflow/.local/lib/python3.12/site-packages/airflow/example_dags/example_short_circuit_operator.py took 0.075 seconds
