[2024-10-30T07:31:19.592+0000] {processor.py:186} INFO - Started process (PID=58) to work on /home/airflow/.local/lib/python3.12/site-packages/airflow/example_dags/example_subdag_operator.py
[2024-10-30T07:31:19.592+0000] {processor.py:914} INFO - Processing file /home/airflow/.local/lib/python3.12/site-packages/airflow/example_dags/example_subdag_operator.py for tasks to queue
[2024-10-30T07:31:19.594+0000] {logging_mixin.py:190} INFO - [2024-10-30T07:31:19.594+0000] {dagbag.py:588} INFO - Filling up the DagBag from /home/airflow/.local/lib/python3.12/site-packages/airflow/example_dags/example_subdag_operator.py
[2024-10-30T07:31:19.627+0000] {processor.py:925} INFO - DAG(s) 'example_subdag_operator.section-1', 'example_subdag_operator.section-2', 'example_subdag_operator' retrieved from /home/airflow/.local/lib/python3.12/site-packages/airflow/example_dags/example_subdag_operator.py
[2024-10-30T07:31:19.747+0000] {logging_mixin.py:190} INFO - [2024-10-30T07:31:19.746+0000] {override.py:1900} INFO - Created Permission View: can read on DAG:example_subdag_operator
[2024-10-30T07:31:19.758+0000] {logging_mixin.py:190} INFO - [2024-10-30T07:31:19.758+0000] {override.py:1900} INFO - Created Permission View: can edit on DAG:example_subdag_operator
[2024-10-30T07:31:19.764+0000] {logging_mixin.py:190} INFO - [2024-10-30T07:31:19.764+0000] {override.py:1900} INFO - Created Permission View: can delete on DAG:example_subdag_operator
[2024-10-30T07:31:19.770+0000] {logging_mixin.py:190} INFO - [2024-10-30T07:31:19.770+0000] {override.py:1900} INFO - Created Permission View: can read on DAG Run:example_subdag_operator
[2024-10-30T07:31:19.776+0000] {logging_mixin.py:190} INFO - [2024-10-30T07:31:19.775+0000] {override.py:1900} INFO - Created Permission View: menu access on DAG Run:example_subdag_operator
[2024-10-30T07:31:19.782+0000] {logging_mixin.py:190} INFO - [2024-10-30T07:31:19.781+0000] {override.py:1900} INFO - Created Permission View: can create on DAG Run:example_subdag_operator
[2024-10-30T07:31:19.788+0000] {logging_mixin.py:190} INFO - [2024-10-30T07:31:19.788+0000] {override.py:1900} INFO - Created Permission View: can delete on DAG Run:example_subdag_operator
[2024-10-30T07:31:19.788+0000] {logging_mixin.py:190} INFO - [2024-10-30T07:31:19.788+0000] {dag.py:3239} INFO - Sync 3 DAGs
[2024-10-30T07:31:19.803+0000] {logging_mixin.py:190} INFO - [2024-10-30T07:31:19.803+0000] {dag.py:3262} INFO - Creating ORM DAG for example_subdag_operator.section-1
[2024-10-30T07:31:19.804+0000] {logging_mixin.py:190} INFO - [2024-10-30T07:31:19.803+0000] {dag.py:3262} INFO - Creating ORM DAG for example_subdag_operator
[2024-10-30T07:31:19.804+0000] {logging_mixin.py:190} INFO - [2024-10-30T07:31:19.804+0000] {dag.py:3262} INFO - Creating ORM DAG for example_subdag_operator.section-2
[2024-10-30T07:31:19.814+0000] {logging_mixin.py:190} INFO - [2024-10-30T07:31:19.814+0000] {dag.py:4180} INFO - Setting next_dagrun for example_subdag_operator to 2022-01-01 00:00:00+00:00, run_after=2022-01-01 00:00:00+00:00
[2024-10-30T07:31:19.815+0000] {logging_mixin.py:190} INFO - [2024-10-30T07:31:19.815+0000] {dag.py:4180} INFO - Setting next_dagrun for example_subdag_operator.section-1 to None, run_after=None
[2024-10-30T07:31:19.815+0000] {logging_mixin.py:190} INFO - [2024-10-30T07:31:19.815+0000] {dag.py:4180} INFO - Setting next_dagrun for example_subdag_operator.section-2 to None, run_after=None
[2024-10-30T07:31:19.822+0000] {logging_mixin.py:190} INFO - [2024-10-30T07:31:19.822+0000] {dag.py:3239} INFO - Sync 2 DAGs
[2024-10-30T07:31:19.827+0000] {logging_mixin.py:190} INFO - [2024-10-30T07:31:19.827+0000] {dag.py:4180} INFO - Setting next_dagrun for example_subdag_operator.section-1 to None, run_after=None
[2024-10-30T07:31:19.830+0000] {logging_mixin.py:190} INFO - [2024-10-30T07:31:19.830+0000] {dag.py:4180} INFO - Setting next_dagrun for example_subdag_operator.section-2 to None, run_after=None
[2024-10-30T07:31:19.845+0000] {processor.py:208} INFO - Processing /home/airflow/.local/lib/python3.12/site-packages/airflow/example_dags/example_subdag_operator.py took 0.258 seconds
[2024-10-30T07:31:50.114+0000] {processor.py:186} INFO - Started process (PID=120) to work on /home/airflow/.local/lib/python3.12/site-packages/airflow/example_dags/example_subdag_operator.py
[2024-10-30T07:31:50.116+0000] {processor.py:914} INFO - Processing file /home/airflow/.local/lib/python3.12/site-packages/airflow/example_dags/example_subdag_operator.py for tasks to queue
[2024-10-30T07:31:50.118+0000] {logging_mixin.py:190} INFO - [2024-10-30T07:31:50.117+0000] {dagbag.py:588} INFO - Filling up the DagBag from /home/airflow/.local/lib/python3.12/site-packages/airflow/example_dags/example_subdag_operator.py
[2024-10-30T07:31:50.145+0000] {processor.py:925} INFO - DAG(s) 'example_subdag_operator.section-1', 'example_subdag_operator.section-2', 'example_subdag_operator' retrieved from /home/airflow/.local/lib/python3.12/site-packages/airflow/example_dags/example_subdag_operator.py
[2024-10-30T07:31:50.157+0000] {logging_mixin.py:190} INFO - [2024-10-30T07:31:50.157+0000] {dag.py:3239} INFO - Sync 3 DAGs
[2024-10-30T07:31:50.177+0000] {logging_mixin.py:190} INFO - [2024-10-30T07:31:50.176+0000] {dag.py:4180} INFO - Setting next_dagrun for example_subdag_operator to 2022-01-01 00:00:00+00:00, run_after=2022-01-01 00:00:00+00:00
[2024-10-30T07:31:50.180+0000] {logging_mixin.py:190} INFO - [2024-10-30T07:31:50.180+0000] {dag.py:4180} INFO - Setting next_dagrun for example_subdag_operator.section-1 to None, run_after=None
[2024-10-30T07:31:50.181+0000] {logging_mixin.py:190} INFO - [2024-10-30T07:31:50.181+0000] {dag.py:4180} INFO - Setting next_dagrun for example_subdag_operator.section-2 to None, run_after=None
[2024-10-30T07:31:50.188+0000] {logging_mixin.py:190} INFO - [2024-10-30T07:31:50.187+0000] {dag.py:3239} INFO - Sync 2 DAGs
[2024-10-30T07:31:50.193+0000] {logging_mixin.py:190} INFO - [2024-10-30T07:31:50.192+0000] {dag.py:4180} INFO - Setting next_dagrun for example_subdag_operator.section-1 to None, run_after=None
[2024-10-30T07:31:50.193+0000] {logging_mixin.py:190} INFO - [2024-10-30T07:31:50.193+0000] {dag.py:4180} INFO - Setting next_dagrun for example_subdag_operator.section-2 to None, run_after=None
[2024-10-30T07:31:50.204+0000] {processor.py:208} INFO - Processing /home/airflow/.local/lib/python3.12/site-packages/airflow/example_dags/example_subdag_operator.py took 0.094 seconds
[2024-10-30T07:32:20.522+0000] {processor.py:186} INFO - Started process (PID=182) to work on /home/airflow/.local/lib/python3.12/site-packages/airflow/example_dags/example_subdag_operator.py
[2024-10-30T07:32:20.523+0000] {processor.py:914} INFO - Processing file /home/airflow/.local/lib/python3.12/site-packages/airflow/example_dags/example_subdag_operator.py for tasks to queue
[2024-10-30T07:32:20.525+0000] {logging_mixin.py:190} INFO - [2024-10-30T07:32:20.525+0000] {dagbag.py:588} INFO - Filling up the DagBag from /home/airflow/.local/lib/python3.12/site-packages/airflow/example_dags/example_subdag_operator.py
[2024-10-30T07:32:20.547+0000] {processor.py:925} INFO - DAG(s) 'example_subdag_operator.section-1', 'example_subdag_operator.section-2', 'example_subdag_operator' retrieved from /home/airflow/.local/lib/python3.12/site-packages/airflow/example_dags/example_subdag_operator.py
[2024-10-30T07:32:20.559+0000] {logging_mixin.py:190} INFO - [2024-10-30T07:32:20.559+0000] {dag.py:3239} INFO - Sync 3 DAGs
[2024-10-30T07:32:20.575+0000] {logging_mixin.py:190} INFO - [2024-10-30T07:32:20.575+0000] {dag.py:4180} INFO - Setting next_dagrun for example_subdag_operator to 2022-01-01 00:00:00+00:00, run_after=2022-01-01 00:00:00+00:00
[2024-10-30T07:32:20.577+0000] {logging_mixin.py:190} INFO - [2024-10-30T07:32:20.577+0000] {dag.py:4180} INFO - Setting next_dagrun for example_subdag_operator.section-1 to None, run_after=None
[2024-10-30T07:32:20.578+0000] {logging_mixin.py:190} INFO - [2024-10-30T07:32:20.578+0000] {dag.py:4180} INFO - Setting next_dagrun for example_subdag_operator.section-2 to None, run_after=None
[2024-10-30T07:32:20.583+0000] {logging_mixin.py:190} INFO - [2024-10-30T07:32:20.583+0000] {dag.py:3239} INFO - Sync 2 DAGs
[2024-10-30T07:32:20.588+0000] {logging_mixin.py:190} INFO - [2024-10-30T07:32:20.588+0000] {dag.py:4180} INFO - Setting next_dagrun for example_subdag_operator.section-1 to None, run_after=None
[2024-10-30T07:32:20.588+0000] {logging_mixin.py:190} INFO - [2024-10-30T07:32:20.588+0000] {dag.py:4180} INFO - Setting next_dagrun for example_subdag_operator.section-2 to None, run_after=None
[2024-10-30T07:32:20.598+0000] {processor.py:208} INFO - Processing /home/airflow/.local/lib/python3.12/site-packages/airflow/example_dags/example_subdag_operator.py took 0.081 seconds
[2024-10-30T07:32:50.838+0000] {processor.py:186} INFO - Started process (PID=244) to work on /home/airflow/.local/lib/python3.12/site-packages/airflow/example_dags/example_subdag_operator.py
[2024-10-30T07:32:50.839+0000] {processor.py:914} INFO - Processing file /home/airflow/.local/lib/python3.12/site-packages/airflow/example_dags/example_subdag_operator.py for tasks to queue
[2024-10-30T07:32:50.841+0000] {logging_mixin.py:190} INFO - [2024-10-30T07:32:50.841+0000] {dagbag.py:588} INFO - Filling up the DagBag from /home/airflow/.local/lib/python3.12/site-packages/airflow/example_dags/example_subdag_operator.py
[2024-10-30T07:32:50.864+0000] {processor.py:925} INFO - DAG(s) 'example_subdag_operator.section-1', 'example_subdag_operator.section-2', 'example_subdag_operator' retrieved from /home/airflow/.local/lib/python3.12/site-packages/airflow/example_dags/example_subdag_operator.py
[2024-10-30T07:32:50.877+0000] {logging_mixin.py:190} INFO - [2024-10-30T07:32:50.877+0000] {dag.py:3239} INFO - Sync 3 DAGs
[2024-10-30T07:32:50.898+0000] {logging_mixin.py:190} INFO - [2024-10-30T07:32:50.898+0000] {dag.py:4180} INFO - Setting next_dagrun for example_subdag_operator to 2022-01-01 00:00:00+00:00, run_after=2022-01-01 00:00:00+00:00
[2024-10-30T07:32:50.901+0000] {logging_mixin.py:190} INFO - [2024-10-30T07:32:50.901+0000] {dag.py:4180} INFO - Setting next_dagrun for example_subdag_operator.section-1 to None, run_after=None
[2024-10-30T07:32:50.903+0000] {logging_mixin.py:190} INFO - [2024-10-30T07:32:50.903+0000] {dag.py:4180} INFO - Setting next_dagrun for example_subdag_operator.section-2 to None, run_after=None
[2024-10-30T07:32:50.908+0000] {logging_mixin.py:190} INFO - [2024-10-30T07:32:50.908+0000] {dag.py:3239} INFO - Sync 2 DAGs
[2024-10-30T07:32:50.913+0000] {logging_mixin.py:190} INFO - [2024-10-30T07:32:50.913+0000] {dag.py:4180} INFO - Setting next_dagrun for example_subdag_operator.section-1 to None, run_after=None
[2024-10-30T07:32:50.913+0000] {logging_mixin.py:190} INFO - [2024-10-30T07:32:50.913+0000] {dag.py:4180} INFO - Setting next_dagrun for example_subdag_operator.section-2 to None, run_after=None
[2024-10-30T07:32:50.927+0000] {processor.py:208} INFO - Processing /home/airflow/.local/lib/python3.12/site-packages/airflow/example_dags/example_subdag_operator.py took 0.095 seconds
