[2024-10-30T07:31:17.365+0000] {processor.py:186} INFO - Started process (PID=48) to work on /home/airflow/.local/lib/python3.12/site-packages/airflow/example_dags/example_branch_datetime_operator.py
[2024-10-30T07:31:17.366+0000] {processor.py:914} INFO - Processing file /home/airflow/.local/lib/python3.12/site-packages/airflow/example_dags/example_branch_datetime_operator.py for tasks to queue
[2024-10-30T07:31:17.367+0000] {logging_mixin.py:190} INFO - [2024-10-30T07:31:17.367+0000] {dagbag.py:588} INFO - Filling up the DagBag from /home/airflow/.local/lib/python3.12/site-packages/airflow/example_dags/example_branch_datetime_operator.py
[2024-10-30T07:31:17.377+0000] {processor.py:925} INFO - DAG(s) 'example_branch_datetime_operator', 'example_branch_datetime_operator_3', 'example_branch_datetime_operator_2' retrieved from /home/airflow/.local/lib/python3.12/site-packages/airflow/example_dags/example_branch_datetime_operator.py
[2024-10-30T07:31:17.577+0000] {logging_mixin.py:190} INFO - [2024-10-30T07:31:17.576+0000] {override.py:1900} INFO - Created Permission View: can read on DAG:example_branch_datetime_operator
[2024-10-30T07:31:17.586+0000] {logging_mixin.py:190} INFO - [2024-10-30T07:31:17.586+0000] {override.py:1900} INFO - Created Permission View: can edit on DAG:example_branch_datetime_operator
[2024-10-30T07:31:17.592+0000] {logging_mixin.py:190} INFO - [2024-10-30T07:31:17.591+0000] {override.py:1900} INFO - Created Permission View: can delete on DAG:example_branch_datetime_operator
[2024-10-30T07:31:17.600+0000] {logging_mixin.py:190} INFO - [2024-10-30T07:31:17.600+0000] {override.py:1900} INFO - Created Permission View: can read on DAG Run:example_branch_datetime_operator
[2024-10-30T07:31:17.606+0000] {logging_mixin.py:190} INFO - [2024-10-30T07:31:17.606+0000] {override.py:1900} INFO - Created Permission View: menu access on DAG Run:example_branch_datetime_operator
[2024-10-30T07:31:17.612+0000] {logging_mixin.py:190} INFO - [2024-10-30T07:31:17.612+0000] {override.py:1900} INFO - Created Permission View: can create on DAG Run:example_branch_datetime_operator
[2024-10-30T07:31:17.618+0000] {logging_mixin.py:190} INFO - [2024-10-30T07:31:17.618+0000] {override.py:1900} INFO - Created Permission View: can delete on DAG Run:example_branch_datetime_operator
[2024-10-30T07:31:17.631+0000] {logging_mixin.py:190} INFO - [2024-10-30T07:31:17.631+0000] {override.py:1900} INFO - Created Permission View: can read on DAG:example_branch_datetime_operator_3
[2024-10-30T07:31:17.640+0000] {logging_mixin.py:190} INFO - [2024-10-30T07:31:17.640+0000] {override.py:1900} INFO - Created Permission View: can edit on DAG:example_branch_datetime_operator_3
[2024-10-30T07:31:17.648+0000] {logging_mixin.py:190} INFO - [2024-10-30T07:31:17.648+0000] {override.py:1900} INFO - Created Permission View: can delete on DAG:example_branch_datetime_operator_3
[2024-10-30T07:31:17.658+0000] {logging_mixin.py:190} INFO - [2024-10-30T07:31:17.657+0000] {override.py:1900} INFO - Created Permission View: can read on DAG Run:example_branch_datetime_operator_3
[2024-10-30T07:31:17.664+0000] {logging_mixin.py:190} INFO - [2024-10-30T07:31:17.664+0000] {override.py:1900} INFO - Created Permission View: menu access on DAG Run:example_branch_datetime_operator_3
[2024-10-30T07:31:17.670+0000] {logging_mixin.py:190} INFO - [2024-10-30T07:31:17.670+0000] {override.py:1900} INFO - Created Permission View: can create on DAG Run:example_branch_datetime_operator_3
[2024-10-30T07:31:17.678+0000] {logging_mixin.py:190} INFO - [2024-10-30T07:31:17.678+0000] {override.py:1900} INFO - Created Permission View: can delete on DAG Run:example_branch_datetime_operator_3
[2024-10-30T07:31:17.692+0000] {logging_mixin.py:190} INFO - [2024-10-30T07:31:17.692+0000] {override.py:1900} INFO - Created Permission View: can read on DAG:example_branch_datetime_operator_2
[2024-10-30T07:31:17.698+0000] {logging_mixin.py:190} INFO - [2024-10-30T07:31:17.698+0000] {override.py:1900} INFO - Created Permission View: can edit on DAG:example_branch_datetime_operator_2
[2024-10-30T07:31:17.704+0000] {logging_mixin.py:190} INFO - [2024-10-30T07:31:17.704+0000] {override.py:1900} INFO - Created Permission View: can delete on DAG:example_branch_datetime_operator_2
[2024-10-30T07:31:17.712+0000] {logging_mixin.py:190} INFO - [2024-10-30T07:31:17.712+0000] {override.py:1900} INFO - Created Permission View: can read on DAG Run:example_branch_datetime_operator_2
[2024-10-30T07:31:17.720+0000] {logging_mixin.py:190} INFO - [2024-10-30T07:31:17.720+0000] {override.py:1900} INFO - Created Permission View: menu access on DAG Run:example_branch_datetime_operator_2
[2024-10-30T07:31:17.728+0000] {logging_mixin.py:190} INFO - [2024-10-30T07:31:17.728+0000] {override.py:1900} INFO - Created Permission View: can create on DAG Run:example_branch_datetime_operator_2
[2024-10-30T07:31:17.736+0000] {logging_mixin.py:190} INFO - [2024-10-30T07:31:17.736+0000] {override.py:1900} INFO - Created Permission View: can delete on DAG Run:example_branch_datetime_operator_2
[2024-10-30T07:31:17.736+0000] {logging_mixin.py:190} INFO - [2024-10-30T07:31:17.736+0000] {dag.py:3239} INFO - Sync 3 DAGs
[2024-10-30T07:31:17.748+0000] {logging_mixin.py:190} INFO - [2024-10-30T07:31:17.748+0000] {dag.py:3262} INFO - Creating ORM DAG for example_branch_datetime_operator_2
[2024-10-30T07:31:17.749+0000] {logging_mixin.py:190} INFO - [2024-10-30T07:31:17.748+0000] {dag.py:3262} INFO - Creating ORM DAG for example_branch_datetime_operator
[2024-10-30T07:31:17.749+0000] {logging_mixin.py:190} INFO - [2024-10-30T07:31:17.749+0000] {dag.py:3262} INFO - Creating ORM DAG for example_branch_datetime_operator_3
[2024-10-30T07:31:17.768+0000] {logging_mixin.py:190} INFO - [2024-10-30T07:31:17.768+0000] {dag.py:4180} INFO - Setting next_dagrun for example_branch_datetime_operator to 2024-10-29 00:00:00+00:00, run_after=2024-10-30 00:00:00+00:00
[2024-10-30T07:31:17.770+0000] {logging_mixin.py:190} INFO - [2024-10-30T07:31:17.770+0000] {dag.py:4180} INFO - Setting next_dagrun for example_branch_datetime_operator_2 to 2024-10-29 00:00:00+00:00, run_after=2024-10-30 00:00:00+00:00
[2024-10-30T07:31:17.771+0000] {logging_mixin.py:190} INFO - [2024-10-30T07:31:17.771+0000] {dag.py:4180} INFO - Setting next_dagrun for example_branch_datetime_operator_3 to 2024-10-29 00:00:00+00:00, run_after=2024-10-30 00:00:00+00:00
[2024-10-30T07:31:17.791+0000] {processor.py:208} INFO - Processing /home/airflow/.local/lib/python3.12/site-packages/airflow/example_dags/example_branch_datetime_operator.py took 0.431 seconds
[2024-10-30T07:31:48.409+0000] {processor.py:186} INFO - Started process (PID=110) to work on /home/airflow/.local/lib/python3.12/site-packages/airflow/example_dags/example_branch_datetime_operator.py
[2024-10-30T07:31:48.410+0000] {processor.py:914} INFO - Processing file /home/airflow/.local/lib/python3.12/site-packages/airflow/example_dags/example_branch_datetime_operator.py for tasks to queue
[2024-10-30T07:31:48.413+0000] {logging_mixin.py:190} INFO - [2024-10-30T07:31:48.412+0000] {dagbag.py:588} INFO - Filling up the DagBag from /home/airflow/.local/lib/python3.12/site-packages/airflow/example_dags/example_branch_datetime_operator.py
[2024-10-30T07:31:48.422+0000] {processor.py:925} INFO - DAG(s) 'example_branch_datetime_operator_3', 'example_branch_datetime_operator_2', 'example_branch_datetime_operator' retrieved from /home/airflow/.local/lib/python3.12/site-packages/airflow/example_dags/example_branch_datetime_operator.py
[2024-10-30T07:31:48.447+0000] {logging_mixin.py:190} INFO - [2024-10-30T07:31:48.446+0000] {dag.py:3239} INFO - Sync 3 DAGs
[2024-10-30T07:31:48.465+0000] {logging_mixin.py:190} INFO - [2024-10-30T07:31:48.465+0000] {dag.py:4180} INFO - Setting next_dagrun for example_branch_datetime_operator to 2024-10-29 00:00:00+00:00, run_after=2024-10-30 00:00:00+00:00
[2024-10-30T07:31:48.469+0000] {logging_mixin.py:190} INFO - [2024-10-30T07:31:48.469+0000] {dag.py:4180} INFO - Setting next_dagrun for example_branch_datetime_operator_2 to 2024-10-29 00:00:00+00:00, run_after=2024-10-30 00:00:00+00:00
[2024-10-30T07:31:48.471+0000] {logging_mixin.py:190} INFO - [2024-10-30T07:31:48.470+0000] {dag.py:4180} INFO - Setting next_dagrun for example_branch_datetime_operator_3 to 2024-10-29 00:00:00+00:00, run_after=2024-10-30 00:00:00+00:00
[2024-10-30T07:31:48.488+0000] {processor.py:208} INFO - Processing /home/airflow/.local/lib/python3.12/site-packages/airflow/example_dags/example_branch_datetime_operator.py took 0.083 seconds
[2024-10-30T07:32:18.759+0000] {processor.py:186} INFO - Started process (PID=172) to work on /home/airflow/.local/lib/python3.12/site-packages/airflow/example_dags/example_branch_datetime_operator.py
[2024-10-30T07:32:18.762+0000] {processor.py:914} INFO - Processing file /home/airflow/.local/lib/python3.12/site-packages/airflow/example_dags/example_branch_datetime_operator.py for tasks to queue
[2024-10-30T07:32:18.768+0000] {logging_mixin.py:190} INFO - [2024-10-30T07:32:18.768+0000] {dagbag.py:588} INFO - Filling up the DagBag from /home/airflow/.local/lib/python3.12/site-packages/airflow/example_dags/example_branch_datetime_operator.py
[2024-10-30T07:32:18.783+0000] {processor.py:925} INFO - DAG(s) 'example_branch_datetime_operator_3', 'example_branch_datetime_operator', 'example_branch_datetime_operator_2' retrieved from /home/airflow/.local/lib/python3.12/site-packages/airflow/example_dags/example_branch_datetime_operator.py
[2024-10-30T07:32:18.846+0000] {logging_mixin.py:190} INFO - [2024-10-30T07:32:18.846+0000] {dag.py:3239} INFO - Sync 3 DAGs
[2024-10-30T07:32:18.879+0000] {logging_mixin.py:190} INFO - [2024-10-30T07:32:18.878+0000] {dag.py:4180} INFO - Setting next_dagrun for example_branch_datetime_operator to 2024-10-29 00:00:00+00:00, run_after=2024-10-30 00:00:00+00:00
[2024-10-30T07:32:18.888+0000] {logging_mixin.py:190} INFO - [2024-10-30T07:32:18.888+0000] {dag.py:4180} INFO - Setting next_dagrun for example_branch_datetime_operator_2 to 2024-10-29 00:00:00+00:00, run_after=2024-10-30 00:00:00+00:00
[2024-10-30T07:32:18.890+0000] {logging_mixin.py:190} INFO - [2024-10-30T07:32:18.890+0000] {dag.py:4180} INFO - Setting next_dagrun for example_branch_datetime_operator_3 to 2024-10-29 00:00:00+00:00, run_after=2024-10-30 00:00:00+00:00
[2024-10-30T07:32:18.913+0000] {processor.py:208} INFO - Processing /home/airflow/.local/lib/python3.12/site-packages/airflow/example_dags/example_branch_datetime_operator.py took 0.179 seconds
[2024-10-30T07:32:49.114+0000] {processor.py:186} INFO - Started process (PID=234) to work on /home/airflow/.local/lib/python3.12/site-packages/airflow/example_dags/example_branch_datetime_operator.py
[2024-10-30T07:32:49.116+0000] {processor.py:914} INFO - Processing file /home/airflow/.local/lib/python3.12/site-packages/airflow/example_dags/example_branch_datetime_operator.py for tasks to queue
[2024-10-30T07:32:49.118+0000] {logging_mixin.py:190} INFO - [2024-10-30T07:32:49.117+0000] {dagbag.py:588} INFO - Filling up the DagBag from /home/airflow/.local/lib/python3.12/site-packages/airflow/example_dags/example_branch_datetime_operator.py
[2024-10-30T07:32:49.130+0000] {processor.py:925} INFO - DAG(s) 'example_branch_datetime_operator_3', 'example_branch_datetime_operator', 'example_branch_datetime_operator_2' retrieved from /home/airflow/.local/lib/python3.12/site-packages/airflow/example_dags/example_branch_datetime_operator.py
[2024-10-30T07:32:49.155+0000] {logging_mixin.py:190} INFO - [2024-10-30T07:32:49.155+0000] {dag.py:3239} INFO - Sync 3 DAGs
[2024-10-30T07:32:49.194+0000] {logging_mixin.py:190} INFO - [2024-10-30T07:32:49.194+0000] {dag.py:4180} INFO - Setting next_dagrun for example_branch_datetime_operator to 2024-10-29 00:00:00+00:00, run_after=2024-10-30 00:00:00+00:00
[2024-10-30T07:32:49.199+0000] {logging_mixin.py:190} INFO - [2024-10-30T07:32:49.199+0000] {dag.py:4180} INFO - Setting next_dagrun for example_branch_datetime_operator_2 to 2024-10-29 00:00:00+00:00, run_after=2024-10-30 00:00:00+00:00
[2024-10-30T07:32:49.204+0000] {logging_mixin.py:190} INFO - [2024-10-30T07:32:49.203+0000] {dag.py:4180} INFO - Setting next_dagrun for example_branch_datetime_operator_3 to 2024-10-29 00:00:00+00:00, run_after=2024-10-30 00:00:00+00:00
[2024-10-30T07:32:49.219+0000] {processor.py:208} INFO - Processing /home/airflow/.local/lib/python3.12/site-packages/airflow/example_dags/example_branch_datetime_operator.py took 0.110 seconds
