[2024-10-30T07:31:18.768+0000] {processor.py:186} INFO - Started process (PID=53) to work on /home/airflow/.local/lib/python3.12/site-packages/airflow/example_dags/example_task_group.py
[2024-10-30T07:31:18.769+0000] {processor.py:914} INFO - Processing file /home/airflow/.local/lib/python3.12/site-packages/airflow/example_dags/example_task_group.py for tasks to queue
[2024-10-30T07:31:18.778+0000] {logging_mixin.py:190} INFO - [2024-10-30T07:31:18.777+0000] {dagbag.py:588} INFO - Filling up the DagBag from /home/airflow/.local/lib/python3.12/site-packages/airflow/example_dags/example_task_group.py
[2024-10-30T07:31:18.819+0000] {processor.py:925} INFO - DAG(s) 'example_task_group' retrieved from /home/airflow/.local/lib/python3.12/site-packages/airflow/example_dags/example_task_group.py
[2024-10-30T07:31:18.969+0000] {logging_mixin.py:190} INFO - [2024-10-30T07:31:18.968+0000] {override.py:1900} INFO - Created Permission View: can read on DAG:example_task_group
[2024-10-30T07:31:18.980+0000] {logging_mixin.py:190} INFO - [2024-10-30T07:31:18.980+0000] {override.py:1900} INFO - Created Permission View: can edit on DAG:example_task_group
[2024-10-30T07:31:18.986+0000] {logging_mixin.py:190} INFO - [2024-10-30T07:31:18.985+0000] {override.py:1900} INFO - Created Permission View: can delete on DAG:example_task_group
[2024-10-30T07:31:18.993+0000] {logging_mixin.py:190} INFO - [2024-10-30T07:31:18.993+0000] {override.py:1900} INFO - Created Permission View: can read on DAG Run:example_task_group
[2024-10-30T07:31:19.000+0000] {logging_mixin.py:190} INFO - [2024-10-30T07:31:19.000+0000] {override.py:1900} INFO - Created Permission View: menu access on DAG Run:example_task_group
[2024-10-30T07:31:19.008+0000] {logging_mixin.py:190} INFO - [2024-10-30T07:31:19.008+0000] {override.py:1900} INFO - Created Permission View: can create on DAG Run:example_task_group
[2024-10-30T07:31:19.016+0000] {logging_mixin.py:190} INFO - [2024-10-30T07:31:19.015+0000] {override.py:1900} INFO - Created Permission View: can delete on DAG Run:example_task_group
[2024-10-30T07:31:19.017+0000] {logging_mixin.py:190} INFO - [2024-10-30T07:31:19.017+0000] {dag.py:3239} INFO - Sync 1 DAGs
[2024-10-30T07:31:19.040+0000] {logging_mixin.py:190} INFO - [2024-10-30T07:31:19.040+0000] {dag.py:3262} INFO - Creating ORM DAG for example_task_group
[2024-10-30T07:31:19.040+0000] {logging_mixin.py:190} INFO - [2024-10-30T07:31:19.040+0000] {dag.py:4180} INFO - Setting next_dagrun for example_task_group to None, run_after=None
[2024-10-30T07:31:19.063+0000] {processor.py:208} INFO - Processing /home/airflow/.local/lib/python3.12/site-packages/airflow/example_dags/example_task_group.py took 0.303 seconds
[2024-10-30T07:31:49.715+0000] {processor.py:186} INFO - Started process (PID=115) to work on /home/airflow/.local/lib/python3.12/site-packages/airflow/example_dags/example_task_group.py
[2024-10-30T07:31:49.717+0000] {processor.py:914} INFO - Processing file /home/airflow/.local/lib/python3.12/site-packages/airflow/example_dags/example_task_group.py for tasks to queue
[2024-10-30T07:31:49.720+0000] {logging_mixin.py:190} INFO - [2024-10-30T07:31:49.719+0000] {dagbag.py:588} INFO - Filling up the DagBag from /home/airflow/.local/lib/python3.12/site-packages/airflow/example_dags/example_task_group.py
[2024-10-30T07:31:49.731+0000] {processor.py:925} INFO - DAG(s) 'example_task_group' retrieved from /home/airflow/.local/lib/python3.12/site-packages/airflow/example_dags/example_task_group.py
[2024-10-30T07:31:49.762+0000] {logging_mixin.py:190} INFO - [2024-10-30T07:31:49.762+0000] {dag.py:3239} INFO - Sync 1 DAGs
[2024-10-30T07:31:49.788+0000] {logging_mixin.py:190} INFO - [2024-10-30T07:31:49.788+0000] {dag.py:4180} INFO - Setting next_dagrun for example_task_group to None, run_after=None
[2024-10-30T07:31:49.823+0000] {processor.py:208} INFO - Processing /home/airflow/.local/lib/python3.12/site-packages/airflow/example_dags/example_task_group.py took 0.114 seconds
[2024-10-30T07:32:20.177+0000] {processor.py:186} INFO - Started process (PID=177) to work on /home/airflow/.local/lib/python3.12/site-packages/airflow/example_dags/example_task_group.py
[2024-10-30T07:32:20.178+0000] {processor.py:914} INFO - Processing file /home/airflow/.local/lib/python3.12/site-packages/airflow/example_dags/example_task_group.py for tasks to queue
[2024-10-30T07:32:20.183+0000] {logging_mixin.py:190} INFO - [2024-10-30T07:32:20.183+0000] {dagbag.py:588} INFO - Filling up the DagBag from /home/airflow/.local/lib/python3.12/site-packages/airflow/example_dags/example_task_group.py
[2024-10-30T07:32:20.197+0000] {processor.py:925} INFO - DAG(s) 'example_task_group' retrieved from /home/airflow/.local/lib/python3.12/site-packages/airflow/example_dags/example_task_group.py
[2024-10-30T07:32:20.216+0000] {logging_mixin.py:190} INFO - [2024-10-30T07:32:20.216+0000] {dag.py:3239} INFO - Sync 1 DAGs
[2024-10-30T07:32:20.228+0000] {logging_mixin.py:190} INFO - [2024-10-30T07:32:20.227+0000] {dag.py:4180} INFO - Setting next_dagrun for example_task_group to None, run_after=None
[2024-10-30T07:32:20.243+0000] {processor.py:208} INFO - Processing /home/airflow/.local/lib/python3.12/site-packages/airflow/example_dags/example_task_group.py took 0.076 seconds
[2024-10-30T07:32:50.451+0000] {processor.py:186} INFO - Started process (PID=239) to work on /home/airflow/.local/lib/python3.12/site-packages/airflow/example_dags/example_task_group.py
[2024-10-30T07:32:50.452+0000] {processor.py:914} INFO - Processing file /home/airflow/.local/lib/python3.12/site-packages/airflow/example_dags/example_task_group.py for tasks to queue
[2024-10-30T07:32:50.453+0000] {logging_mixin.py:190} INFO - [2024-10-30T07:32:50.453+0000] {dagbag.py:588} INFO - Filling up the DagBag from /home/airflow/.local/lib/python3.12/site-packages/airflow/example_dags/example_task_group.py
[2024-10-30T07:32:50.459+0000] {processor.py:925} INFO - DAG(s) 'example_task_group' retrieved from /home/airflow/.local/lib/python3.12/site-packages/airflow/example_dags/example_task_group.py
[2024-10-30T07:32:50.478+0000] {logging_mixin.py:190} INFO - [2024-10-30T07:32:50.477+0000] {dag.py:3239} INFO - Sync 1 DAGs
[2024-10-30T07:32:50.491+0000] {logging_mixin.py:190} INFO - [2024-10-30T07:32:50.490+0000] {dag.py:4180} INFO - Setting next_dagrun for example_task_group to None, run_after=None
[2024-10-30T07:32:50.510+0000] {processor.py:208} INFO - Processing /home/airflow/.local/lib/python3.12/site-packages/airflow/example_dags/example_task_group.py took 0.064 seconds
