[2024-10-30T07:31:23.715+0000] {processor.py:186} INFO - Started process (PID=92) to work on /home/airflow/.local/lib/python3.12/site-packages/airflow/example_dags/tutorial_dag.py
[2024-10-30T07:31:23.715+0000] {processor.py:914} INFO - Processing file /home/airflow/.local/lib/python3.12/site-packages/airflow/example_dags/tutorial_dag.py for tasks to queue
[2024-10-30T07:31:23.718+0000] {logging_mixin.py:190} INFO - [2024-10-30T07:31:23.717+0000] {dagbag.py:588} INFO - Filling up the DagBag from /home/airflow/.local/lib/python3.12/site-packages/airflow/example_dags/tutorial_dag.py
[2024-10-30T07:31:23.724+0000] {processor.py:925} INFO - DAG(s) 'tutorial_dag' retrieved from /home/airflow/.local/lib/python3.12/site-packages/airflow/example_dags/tutorial_dag.py
[2024-10-30T07:31:23.816+0000] {logging_mixin.py:190} INFO - [2024-10-30T07:31:23.815+0000] {override.py:1900} INFO - Created Permission View: can read on DAG:tutorial_dag
[2024-10-30T07:31:23.826+0000] {logging_mixin.py:190} INFO - [2024-10-30T07:31:23.825+0000] {override.py:1900} INFO - Created Permission View: can edit on DAG:tutorial_dag
[2024-10-30T07:31:23.834+0000] {logging_mixin.py:190} INFO - [2024-10-30T07:31:23.834+0000] {override.py:1900} INFO - Created Permission View: can delete on DAG:tutorial_dag
[2024-10-30T07:31:23.842+0000] {logging_mixin.py:190} INFO - [2024-10-30T07:31:23.842+0000] {override.py:1900} INFO - Created Permission View: can read on DAG Run:tutorial_dag
[2024-10-30T07:31:23.849+0000] {logging_mixin.py:190} INFO - [2024-10-30T07:31:23.848+0000] {override.py:1900} INFO - Created Permission View: menu access on DAG Run:tutorial_dag
[2024-10-30T07:31:23.858+0000] {logging_mixin.py:190} INFO - [2024-10-30T07:31:23.858+0000] {override.py:1900} INFO - Created Permission View: can create on DAG Run:tutorial_dag
[2024-10-30T07:31:23.866+0000] {logging_mixin.py:190} INFO - [2024-10-30T07:31:23.865+0000] {override.py:1900} INFO - Created Permission View: can delete on DAG Run:tutorial_dag
[2024-10-30T07:31:23.866+0000] {logging_mixin.py:190} INFO - [2024-10-30T07:31:23.866+0000] {dag.py:3239} INFO - Sync 1 DAGs
[2024-10-30T07:31:23.876+0000] {logging_mixin.py:190} INFO - [2024-10-30T07:31:23.876+0000] {dag.py:3262} INFO - Creating ORM DAG for tutorial_dag
[2024-10-30T07:31:23.876+0000] {logging_mixin.py:190} INFO - [2024-10-30T07:31:23.876+0000] {dag.py:4180} INFO - Setting next_dagrun for tutorial_dag to None, run_after=None
[2024-10-30T07:31:23.893+0000] {processor.py:208} INFO - Processing /home/airflow/.local/lib/python3.12/site-packages/airflow/example_dags/tutorial_dag.py took 0.183 seconds
[2024-10-30T07:31:54.206+0000] {processor.py:186} INFO - Started process (PID=154) to work on /home/airflow/.local/lib/python3.12/site-packages/airflow/example_dags/tutorial_dag.py
[2024-10-30T07:31:54.207+0000] {processor.py:914} INFO - Processing file /home/airflow/.local/lib/python3.12/site-packages/airflow/example_dags/tutorial_dag.py for tasks to queue
[2024-10-30T07:31:54.209+0000] {logging_mixin.py:190} INFO - [2024-10-30T07:31:54.209+0000] {dagbag.py:588} INFO - Filling up the DagBag from /home/airflow/.local/lib/python3.12/site-packages/airflow/example_dags/tutorial_dag.py
[2024-10-30T07:31:54.215+0000] {processor.py:925} INFO - DAG(s) 'tutorial_dag' retrieved from /home/airflow/.local/lib/python3.12/site-packages/airflow/example_dags/tutorial_dag.py
[2024-10-30T07:31:54.233+0000] {logging_mixin.py:190} INFO - [2024-10-30T07:31:54.233+0000] {dag.py:3239} INFO - Sync 1 DAGs
[2024-10-30T07:31:54.244+0000] {logging_mixin.py:190} INFO - [2024-10-30T07:31:54.244+0000] {dag.py:4180} INFO - Setting next_dagrun for tutorial_dag to None, run_after=None
[2024-10-30T07:31:54.269+0000] {processor.py:208} INFO - Processing /home/airflow/.local/lib/python3.12/site-packages/airflow/example_dags/tutorial_dag.py took 0.067 seconds
[2024-10-30T07:32:24.585+0000] {processor.py:186} INFO - Started process (PID=216) to work on /home/airflow/.local/lib/python3.12/site-packages/airflow/example_dags/tutorial_dag.py
[2024-10-30T07:32:24.585+0000] {processor.py:914} INFO - Processing file /home/airflow/.local/lib/python3.12/site-packages/airflow/example_dags/tutorial_dag.py for tasks to queue
[2024-10-30T07:32:24.587+0000] {logging_mixin.py:190} INFO - [2024-10-30T07:32:24.587+0000] {dagbag.py:588} INFO - Filling up the DagBag from /home/airflow/.local/lib/python3.12/site-packages/airflow/example_dags/tutorial_dag.py
[2024-10-30T07:32:24.593+0000] {processor.py:925} INFO - DAG(s) 'tutorial_dag' retrieved from /home/airflow/.local/lib/python3.12/site-packages/airflow/example_dags/tutorial_dag.py
[2024-10-30T07:32:24.607+0000] {logging_mixin.py:190} INFO - [2024-10-30T07:32:24.607+0000] {dag.py:3239} INFO - Sync 1 DAGs
[2024-10-30T07:32:24.617+0000] {logging_mixin.py:190} INFO - [2024-10-30T07:32:24.617+0000] {dag.py:4180} INFO - Setting next_dagrun for tutorial_dag to None, run_after=None
[2024-10-30T07:32:24.637+0000] {processor.py:208} INFO - Processing /home/airflow/.local/lib/python3.12/site-packages/airflow/example_dags/tutorial_dag.py took 0.056 seconds
[2024-10-30T07:32:54.970+0000] {processor.py:186} INFO - Started process (PID=278) to work on /home/airflow/.local/lib/python3.12/site-packages/airflow/example_dags/tutorial_dag.py
[2024-10-30T07:32:54.971+0000] {processor.py:914} INFO - Processing file /home/airflow/.local/lib/python3.12/site-packages/airflow/example_dags/tutorial_dag.py for tasks to queue
[2024-10-30T07:32:54.973+0000] {logging_mixin.py:190} INFO - [2024-10-30T07:32:54.973+0000] {dagbag.py:588} INFO - Filling up the DagBag from /home/airflow/.local/lib/python3.12/site-packages/airflow/example_dags/tutorial_dag.py
[2024-10-30T07:32:54.979+0000] {processor.py:925} INFO - DAG(s) 'tutorial_dag' retrieved from /home/airflow/.local/lib/python3.12/site-packages/airflow/example_dags/tutorial_dag.py
[2024-10-30T07:32:54.994+0000] {logging_mixin.py:190} INFO - [2024-10-30T07:32:54.994+0000] {dag.py:3239} INFO - Sync 1 DAGs
[2024-10-30T07:32:55.005+0000] {logging_mixin.py:190} INFO - [2024-10-30T07:32:55.005+0000] {dag.py:4180} INFO - Setting next_dagrun for tutorial_dag to None, run_after=None
[2024-10-30T07:32:55.022+0000] {processor.py:208} INFO - Processing /home/airflow/.local/lib/python3.12/site-packages/airflow/example_dags/tutorial_dag.py took 0.056 seconds
