[2024-10-30T07:31:22.925+0000] {processor.py:186} INFO - Started process (PID=85) to work on /home/airflow/.local/lib/python3.12/site-packages/airflow/example_dags/tutorial_objectstorage.py
[2024-10-30T07:31:22.926+0000] {processor.py:914} INFO - Processing file /home/airflow/.local/lib/python3.12/site-packages/airflow/example_dags/tutorial_objectstorage.py for tasks to queue
[2024-10-30T07:31:22.928+0000] {logging_mixin.py:190} INFO - [2024-10-30T07:31:22.928+0000] {dagbag.py:588} INFO - Filling up the DagBag from /home/airflow/.local/lib/python3.12/site-packages/airflow/example_dags/tutorial_objectstorage.py
[2024-10-30T07:31:22.936+0000] {processor.py:925} INFO - DAG(s) 'tutorial_objectstorage' retrieved from /home/airflow/.local/lib/python3.12/site-packages/airflow/example_dags/tutorial_objectstorage.py
[2024-10-30T07:31:23.020+0000] {logging_mixin.py:190} INFO - [2024-10-30T07:31:23.020+0000] {override.py:1900} INFO - Created Permission View: can read on DAG:tutorial_objectstorage
[2024-10-30T07:31:23.030+0000] {logging_mixin.py:190} INFO - [2024-10-30T07:31:23.029+0000] {override.py:1900} INFO - Created Permission View: can edit on DAG:tutorial_objectstorage
[2024-10-30T07:31:23.038+0000] {logging_mixin.py:190} INFO - [2024-10-30T07:31:23.037+0000] {override.py:1900} INFO - Created Permission View: can delete on DAG:tutorial_objectstorage
[2024-10-30T07:31:23.051+0000] {logging_mixin.py:190} INFO - [2024-10-30T07:31:23.050+0000] {override.py:1900} INFO - Created Permission View: can read on DAG Run:tutorial_objectstorage
[2024-10-30T07:31:23.058+0000] {logging_mixin.py:190} INFO - [2024-10-30T07:31:23.058+0000] {override.py:1900} INFO - Created Permission View: menu access on DAG Run:tutorial_objectstorage
[2024-10-30T07:31:23.066+0000] {logging_mixin.py:190} INFO - [2024-10-30T07:31:23.066+0000] {override.py:1900} INFO - Created Permission View: can create on DAG Run:tutorial_objectstorage
[2024-10-30T07:31:23.074+0000] {logging_mixin.py:190} INFO - [2024-10-30T07:31:23.074+0000] {override.py:1900} INFO - Created Permission View: can delete on DAG Run:tutorial_objectstorage
[2024-10-30T07:31:23.075+0000] {logging_mixin.py:190} INFO - [2024-10-30T07:31:23.074+0000] {dag.py:3239} INFO - Sync 1 DAGs
[2024-10-30T07:31:23.087+0000] {logging_mixin.py:190} INFO - [2024-10-30T07:31:23.087+0000] {dag.py:3262} INFO - Creating ORM DAG for tutorial_objectstorage
[2024-10-30T07:31:23.087+0000] {logging_mixin.py:190} INFO - [2024-10-30T07:31:23.087+0000] {dag.py:4180} INFO - Setting next_dagrun for tutorial_objectstorage to None, run_after=None
[2024-10-30T07:31:23.106+0000] {processor.py:208} INFO - Processing /home/airflow/.local/lib/python3.12/site-packages/airflow/example_dags/tutorial_objectstorage.py took 0.186 seconds
[2024-10-30T07:31:53.812+0000] {processor.py:186} INFO - Started process (PID=147) to work on /home/airflow/.local/lib/python3.12/site-packages/airflow/example_dags/tutorial_objectstorage.py
[2024-10-30T07:31:53.813+0000] {processor.py:914} INFO - Processing file /home/airflow/.local/lib/python3.12/site-packages/airflow/example_dags/tutorial_objectstorage.py for tasks to queue
[2024-10-30T07:31:53.814+0000] {logging_mixin.py:190} INFO - [2024-10-30T07:31:53.814+0000] {dagbag.py:588} INFO - Filling up the DagBag from /home/airflow/.local/lib/python3.12/site-packages/airflow/example_dags/tutorial_objectstorage.py
[2024-10-30T07:31:53.822+0000] {processor.py:925} INFO - DAG(s) 'tutorial_objectstorage' retrieved from /home/airflow/.local/lib/python3.12/site-packages/airflow/example_dags/tutorial_objectstorage.py
[2024-10-30T07:31:53.837+0000] {logging_mixin.py:190} INFO - [2024-10-30T07:31:53.837+0000] {dag.py:3239} INFO - Sync 1 DAGs
[2024-10-30T07:31:53.847+0000] {logging_mixin.py:190} INFO - [2024-10-30T07:31:53.847+0000] {dag.py:4180} INFO - Setting next_dagrun for tutorial_objectstorage to None, run_after=None
[2024-10-30T07:31:53.864+0000] {processor.py:208} INFO - Processing /home/airflow/.local/lib/python3.12/site-packages/airflow/example_dags/tutorial_objectstorage.py took 0.057 seconds
[2024-10-30T07:32:24.259+0000] {processor.py:186} INFO - Started process (PID=209) to work on /home/airflow/.local/lib/python3.12/site-packages/airflow/example_dags/tutorial_objectstorage.py
[2024-10-30T07:32:24.260+0000] {processor.py:914} INFO - Processing file /home/airflow/.local/lib/python3.12/site-packages/airflow/example_dags/tutorial_objectstorage.py for tasks to queue
[2024-10-30T07:32:24.262+0000] {logging_mixin.py:190} INFO - [2024-10-30T07:32:24.262+0000] {dagbag.py:588} INFO - Filling up the DagBag from /home/airflow/.local/lib/python3.12/site-packages/airflow/example_dags/tutorial_objectstorage.py
[2024-10-30T07:32:24.269+0000] {processor.py:925} INFO - DAG(s) 'tutorial_objectstorage' retrieved from /home/airflow/.local/lib/python3.12/site-packages/airflow/example_dags/tutorial_objectstorage.py
[2024-10-30T07:32:24.285+0000] {logging_mixin.py:190} INFO - [2024-10-30T07:32:24.285+0000] {dag.py:3239} INFO - Sync 1 DAGs
[2024-10-30T07:32:24.298+0000] {logging_mixin.py:190} INFO - [2024-10-30T07:32:24.298+0000] {dag.py:4180} INFO - Setting next_dagrun for tutorial_objectstorage to None, run_after=None
[2024-10-30T07:32:24.316+0000] {processor.py:208} INFO - Processing /home/airflow/.local/lib/python3.12/site-packages/airflow/example_dags/tutorial_objectstorage.py took 0.061 seconds
[2024-10-30T07:32:54.643+0000] {processor.py:186} INFO - Started process (PID=271) to work on /home/airflow/.local/lib/python3.12/site-packages/airflow/example_dags/tutorial_objectstorage.py
[2024-10-30T07:32:54.645+0000] {processor.py:914} INFO - Processing file /home/airflow/.local/lib/python3.12/site-packages/airflow/example_dags/tutorial_objectstorage.py for tasks to queue
[2024-10-30T07:32:54.647+0000] {logging_mixin.py:190} INFO - [2024-10-30T07:32:54.647+0000] {dagbag.py:588} INFO - Filling up the DagBag from /home/airflow/.local/lib/python3.12/site-packages/airflow/example_dags/tutorial_objectstorage.py
[2024-10-30T07:32:54.655+0000] {processor.py:925} INFO - DAG(s) 'tutorial_objectstorage' retrieved from /home/airflow/.local/lib/python3.12/site-packages/airflow/example_dags/tutorial_objectstorage.py
[2024-10-30T07:32:54.670+0000] {logging_mixin.py:190} INFO - [2024-10-30T07:32:54.670+0000] {dag.py:3239} INFO - Sync 1 DAGs
[2024-10-30T07:32:54.681+0000] {logging_mixin.py:190} INFO - [2024-10-30T07:32:54.681+0000] {dag.py:4180} INFO - Setting next_dagrun for tutorial_objectstorage to None, run_after=None
[2024-10-30T07:32:54.698+0000] {processor.py:208} INFO - Processing /home/airflow/.local/lib/python3.12/site-packages/airflow/example_dags/tutorial_objectstorage.py took 0.060 seconds
