[2024-10-30T07:31:17.127+0000] {processor.py:186} INFO - Started process (PID=46) to work on /home/airflow/.local/lib/python3.12/site-packages/airflow/example_dags/tutorial_taskflow_api_virtualenv.py
[2024-10-30T07:31:17.127+0000] {processor.py:914} INFO - Processing file /home/airflow/.local/lib/python3.12/site-packages/airflow/example_dags/tutorial_taskflow_api_virtualenv.py for tasks to queue
[2024-10-30T07:31:17.129+0000] {logging_mixin.py:190} INFO - [2024-10-30T07:31:17.129+0000] {dagbag.py:588} INFO - Filling up the DagBag from /home/airflow/.local/lib/python3.12/site-packages/airflow/example_dags/tutorial_taskflow_api_virtualenv.py
[2024-10-30T07:31:17.146+0000] {processor.py:925} INFO - DAG(s) 'tutorial_taskflow_api_virtualenv' retrieved from /home/airflow/.local/lib/python3.12/site-packages/airflow/example_dags/tutorial_taskflow_api_virtualenv.py
[2024-10-30T07:31:17.254+0000] {logging_mixin.py:190} INFO - [2024-10-30T07:31:17.254+0000] {override.py:1900} INFO - Created Permission View: can read on DAG:tutorial_taskflow_api_virtualenv
[2024-10-30T07:31:17.269+0000] {logging_mixin.py:190} INFO - [2024-10-30T07:31:17.268+0000] {override.py:1900} INFO - Created Permission View: can edit on DAG:tutorial_taskflow_api_virtualenv
[2024-10-30T07:31:17.274+0000] {logging_mixin.py:190} INFO - [2024-10-30T07:31:17.273+0000] {override.py:1900} INFO - Created Permission View: can delete on DAG:tutorial_taskflow_api_virtualenv
[2024-10-30T07:31:17.280+0000] {logging_mixin.py:190} INFO - [2024-10-30T07:31:17.280+0000] {override.py:1900} INFO - Created Permission View: can read on DAG Run:tutorial_taskflow_api_virtualenv
[2024-10-30T07:31:17.285+0000] {logging_mixin.py:190} INFO - [2024-10-30T07:31:17.285+0000] {override.py:1900} INFO - Created Permission View: menu access on DAG Run:tutorial_taskflow_api_virtualenv
[2024-10-30T07:31:17.290+0000] {logging_mixin.py:190} INFO - [2024-10-30T07:31:17.290+0000] {override.py:1900} INFO - Created Permission View: can create on DAG Run:tutorial_taskflow_api_virtualenv
[2024-10-30T07:31:17.296+0000] {logging_mixin.py:190} INFO - [2024-10-30T07:31:17.296+0000] {override.py:1900} INFO - Created Permission View: can delete on DAG Run:tutorial_taskflow_api_virtualenv
[2024-10-30T07:31:17.296+0000] {logging_mixin.py:190} INFO - [2024-10-30T07:31:17.296+0000] {dag.py:3239} INFO - Sync 1 DAGs
[2024-10-30T07:31:17.313+0000] {logging_mixin.py:190} INFO - [2024-10-30T07:31:17.313+0000] {dag.py:3262} INFO - Creating ORM DAG for tutorial_taskflow_api_virtualenv
[2024-10-30T07:31:17.314+0000] {logging_mixin.py:190} INFO - [2024-10-30T07:31:17.314+0000] {dag.py:4180} INFO - Setting next_dagrun for tutorial_taskflow_api_virtualenv to None, run_after=None
[2024-10-30T07:31:17.331+0000] {processor.py:208} INFO - Processing /home/airflow/.local/lib/python3.12/site-packages/airflow/example_dags/tutorial_taskflow_api_virtualenv.py took 0.209 seconds
[2024-10-30T07:31:47.389+0000] {processor.py:186} INFO - Started process (PID=108) to work on /home/airflow/.local/lib/python3.12/site-packages/airflow/example_dags/tutorial_taskflow_api_virtualenv.py
[2024-10-30T07:31:47.390+0000] {processor.py:914} INFO - Processing file /home/airflow/.local/lib/python3.12/site-packages/airflow/example_dags/tutorial_taskflow_api_virtualenv.py for tasks to queue
[2024-10-30T07:31:47.391+0000] {logging_mixin.py:190} INFO - [2024-10-30T07:31:47.391+0000] {dagbag.py:588} INFO - Filling up the DagBag from /home/airflow/.local/lib/python3.12/site-packages/airflow/example_dags/tutorial_taskflow_api_virtualenv.py
[2024-10-30T07:31:47.401+0000] {processor.py:925} INFO - DAG(s) 'tutorial_taskflow_api_virtualenv' retrieved from /home/airflow/.local/lib/python3.12/site-packages/airflow/example_dags/tutorial_taskflow_api_virtualenv.py
[2024-10-30T07:31:47.420+0000] {logging_mixin.py:190} INFO - [2024-10-30T07:31:47.420+0000] {dag.py:3239} INFO - Sync 1 DAGs
[2024-10-30T07:31:47.431+0000] {logging_mixin.py:190} INFO - [2024-10-30T07:31:47.431+0000] {dag.py:4180} INFO - Setting next_dagrun for tutorial_taskflow_api_virtualenv to None, run_after=None
[2024-10-30T07:31:47.448+0000] {processor.py:208} INFO - Processing /home/airflow/.local/lib/python3.12/site-packages/airflow/example_dags/tutorial_taskflow_api_virtualenv.py took 0.065 seconds
[2024-10-30T07:32:17.700+0000] {processor.py:186} INFO - Started process (PID=170) to work on /home/airflow/.local/lib/python3.12/site-packages/airflow/example_dags/tutorial_taskflow_api_virtualenv.py
[2024-10-30T07:32:17.701+0000] {processor.py:914} INFO - Processing file /home/airflow/.local/lib/python3.12/site-packages/airflow/example_dags/tutorial_taskflow_api_virtualenv.py for tasks to queue
[2024-10-30T07:32:17.703+0000] {logging_mixin.py:190} INFO - [2024-10-30T07:32:17.703+0000] {dagbag.py:588} INFO - Filling up the DagBag from /home/airflow/.local/lib/python3.12/site-packages/airflow/example_dags/tutorial_taskflow_api_virtualenv.py
[2024-10-30T07:32:17.715+0000] {processor.py:925} INFO - DAG(s) 'tutorial_taskflow_api_virtualenv' retrieved from /home/airflow/.local/lib/python3.12/site-packages/airflow/example_dags/tutorial_taskflow_api_virtualenv.py
[2024-10-30T07:32:17.729+0000] {logging_mixin.py:190} INFO - [2024-10-30T07:32:17.729+0000] {dag.py:3239} INFO - Sync 1 DAGs
[2024-10-30T07:32:17.740+0000] {logging_mixin.py:190} INFO - [2024-10-30T07:32:17.740+0000] {dag.py:4180} INFO - Setting next_dagrun for tutorial_taskflow_api_virtualenv to None, run_after=None
[2024-10-30T07:32:17.757+0000] {processor.py:208} INFO - Processing /home/airflow/.local/lib/python3.12/site-packages/airflow/example_dags/tutorial_taskflow_api_virtualenv.py took 0.062 seconds
[2024-10-30T07:32:48.096+0000] {processor.py:186} INFO - Started process (PID=232) to work on /home/airflow/.local/lib/python3.12/site-packages/airflow/example_dags/tutorial_taskflow_api_virtualenv.py
[2024-10-30T07:32:48.097+0000] {processor.py:914} INFO - Processing file /home/airflow/.local/lib/python3.12/site-packages/airflow/example_dags/tutorial_taskflow_api_virtualenv.py for tasks to queue
[2024-10-30T07:32:48.099+0000] {logging_mixin.py:190} INFO - [2024-10-30T07:32:48.099+0000] {dagbag.py:588} INFO - Filling up the DagBag from /home/airflow/.local/lib/python3.12/site-packages/airflow/example_dags/tutorial_taskflow_api_virtualenv.py
[2024-10-30T07:32:48.109+0000] {processor.py:925} INFO - DAG(s) 'tutorial_taskflow_api_virtualenv' retrieved from /home/airflow/.local/lib/python3.12/site-packages/airflow/example_dags/tutorial_taskflow_api_virtualenv.py
[2024-10-30T07:32:48.127+0000] {logging_mixin.py:190} INFO - [2024-10-30T07:32:48.127+0000] {dag.py:3239} INFO - Sync 1 DAGs
[2024-10-30T07:32:48.142+0000] {logging_mixin.py:190} INFO - [2024-10-30T07:32:48.142+0000] {dag.py:4180} INFO - Setting next_dagrun for tutorial_taskflow_api_virtualenv to None, run_after=None
[2024-10-30T07:32:48.162+0000] {processor.py:208} INFO - Processing /home/airflow/.local/lib/python3.12/site-packages/airflow/example_dags/tutorial_taskflow_api_virtualenv.py took 0.073 seconds
