[2024-10-31T06:21:50.623+0000] {processor.py:186} INFO - Started process (PID=68) to work on /home/airflow/.local/lib/python3.12/site-packages/airflow/example_dags/example_dag_decorator.py
[2024-10-31T06:21:50.623+0000] {processor.py:914} INFO - Processing file /home/airflow/.local/lib/python3.12/site-packages/airflow/example_dags/example_dag_decorator.py for tasks to queue
[2024-10-31T06:21:50.625+0000] {logging_mixin.py:190} INFO - [2024-10-31T06:21:50.625+0000] {dagbag.py:588} INFO - Filling up the DagBag from /home/airflow/.local/lib/python3.12/site-packages/airflow/example_dags/example_dag_decorator.py
[2024-10-31T06:21:50.634+0000] {processor.py:925} INFO - DAG(s) 'example_dag_decorator' retrieved from /home/airflow/.local/lib/python3.12/site-packages/airflow/example_dags/example_dag_decorator.py
[2024-10-31T06:21:50.718+0000] {logging_mixin.py:190} INFO - [2024-10-31T06:21:50.717+0000] {override.py:1900} INFO - Created Permission View: can delete on DAG:example_dag_decorator
[2024-10-31T06:21:50.727+0000] {logging_mixin.py:190} INFO - [2024-10-31T06:21:50.727+0000] {override.py:1900} INFO - Created Permission View: can read on DAG:example_dag_decorator
[2024-10-31T06:21:50.735+0000] {logging_mixin.py:190} INFO - [2024-10-31T06:21:50.735+0000] {override.py:1900} INFO - Created Permission View: can edit on DAG:example_dag_decorator
[2024-10-31T06:21:50.745+0000] {logging_mixin.py:190} INFO - [2024-10-31T06:21:50.745+0000] {override.py:1900} INFO - Created Permission View: can delete on DAG Run:example_dag_decorator
[2024-10-31T06:21:50.751+0000] {logging_mixin.py:190} INFO - [2024-10-31T06:21:50.751+0000] {override.py:1900} INFO - Created Permission View: can create on DAG Run:example_dag_decorator
[2024-10-31T06:21:50.757+0000] {logging_mixin.py:190} INFO - [2024-10-31T06:21:50.757+0000] {override.py:1900} INFO - Created Permission View: can read on DAG Run:example_dag_decorator
[2024-10-31T06:21:50.763+0000] {logging_mixin.py:190} INFO - [2024-10-31T06:21:50.763+0000] {override.py:1900} INFO - Created Permission View: menu access on DAG Run:example_dag_decorator
[2024-10-31T06:21:50.764+0000] {logging_mixin.py:190} INFO - [2024-10-31T06:21:50.764+0000] {dag.py:3239} INFO - Sync 1 DAGs
[2024-10-31T06:21:50.772+0000] {logging_mixin.py:190} INFO - [2024-10-31T06:21:50.772+0000] {dag.py:3262} INFO - Creating ORM DAG for example_dag_decorator
[2024-10-31T06:21:50.773+0000] {logging_mixin.py:190} INFO - [2024-10-31T06:21:50.773+0000] {dag.py:4180} INFO - Setting next_dagrun for example_dag_decorator to None, run_after=None
[2024-10-31T06:21:50.787+0000] {processor.py:208} INFO - Processing /home/airflow/.local/lib/python3.12/site-packages/airflow/example_dags/example_dag_decorator.py took 0.168 seconds
[2024-10-31T06:22:20.864+0000] {processor.py:186} INFO - Started process (PID=130) to work on /home/airflow/.local/lib/python3.12/site-packages/airflow/example_dags/example_dag_decorator.py
[2024-10-31T06:22:20.865+0000] {processor.py:914} INFO - Processing file /home/airflow/.local/lib/python3.12/site-packages/airflow/example_dags/example_dag_decorator.py for tasks to queue
[2024-10-31T06:22:20.867+0000] {logging_mixin.py:190} INFO - [2024-10-31T06:22:20.866+0000] {dagbag.py:588} INFO - Filling up the DagBag from /home/airflow/.local/lib/python3.12/site-packages/airflow/example_dags/example_dag_decorator.py
[2024-10-31T06:22:20.875+0000] {processor.py:925} INFO - DAG(s) 'example_dag_decorator' retrieved from /home/airflow/.local/lib/python3.12/site-packages/airflow/example_dags/example_dag_decorator.py
[2024-10-31T06:22:20.955+0000] {logging_mixin.py:190} INFO - [2024-10-31T06:22:20.955+0000] {dag.py:3239} INFO - Sync 1 DAGs
[2024-10-31T06:22:20.966+0000] {logging_mixin.py:190} INFO - [2024-10-31T06:22:20.966+0000] {dag.py:4180} INFO - Setting next_dagrun for example_dag_decorator to None, run_after=None
[2024-10-31T06:22:20.981+0000] {processor.py:208} INFO - Processing /home/airflow/.local/lib/python3.12/site-packages/airflow/example_dags/example_dag_decorator.py took 0.121 seconds
[2024-10-31T06:22:51.601+0000] {processor.py:186} INFO - Started process (PID=192) to work on /home/airflow/.local/lib/python3.12/site-packages/airflow/example_dags/example_dag_decorator.py
[2024-10-31T06:22:51.602+0000] {processor.py:914} INFO - Processing file /home/airflow/.local/lib/python3.12/site-packages/airflow/example_dags/example_dag_decorator.py for tasks to queue
[2024-10-31T06:22:51.605+0000] {logging_mixin.py:190} INFO - [2024-10-31T06:22:51.604+0000] {dagbag.py:588} INFO - Filling up the DagBag from /home/airflow/.local/lib/python3.12/site-packages/airflow/example_dags/example_dag_decorator.py
[2024-10-31T06:22:51.618+0000] {processor.py:925} INFO - DAG(s) 'example_dag_decorator' retrieved from /home/airflow/.local/lib/python3.12/site-packages/airflow/example_dags/example_dag_decorator.py
[2024-10-31T06:22:51.700+0000] {logging_mixin.py:190} INFO - [2024-10-31T06:22:51.700+0000] {dag.py:3239} INFO - Sync 1 DAGs
[2024-10-31T06:22:51.711+0000] {logging_mixin.py:190} INFO - [2024-10-31T06:22:51.711+0000] {dag.py:4180} INFO - Setting next_dagrun for example_dag_decorator to None, run_after=None
[2024-10-31T06:22:51.729+0000] {processor.py:208} INFO - Processing /home/airflow/.local/lib/python3.12/site-packages/airflow/example_dags/example_dag_decorator.py took 0.132 seconds
[2024-10-31T06:23:22.291+0000] {processor.py:186} INFO - Started process (PID=254) to work on /home/airflow/.local/lib/python3.12/site-packages/airflow/example_dags/example_dag_decorator.py
[2024-10-31T06:23:22.292+0000] {processor.py:914} INFO - Processing file /home/airflow/.local/lib/python3.12/site-packages/airflow/example_dags/example_dag_decorator.py for tasks to queue
[2024-10-31T06:23:22.294+0000] {logging_mixin.py:190} INFO - [2024-10-31T06:23:22.293+0000] {dagbag.py:588} INFO - Filling up the DagBag from /home/airflow/.local/lib/python3.12/site-packages/airflow/example_dags/example_dag_decorator.py
[2024-10-31T06:23:22.303+0000] {processor.py:925} INFO - DAG(s) 'example_dag_decorator' retrieved from /home/airflow/.local/lib/python3.12/site-packages/airflow/example_dags/example_dag_decorator.py
[2024-10-31T06:23:22.405+0000] {logging_mixin.py:190} INFO - [2024-10-31T06:23:22.405+0000] {dag.py:3239} INFO - Sync 1 DAGs
[2024-10-31T06:23:22.415+0000] {logging_mixin.py:190} INFO - [2024-10-31T06:23:22.414+0000] {dag.py:4180} INFO - Setting next_dagrun for example_dag_decorator to None, run_after=None
[2024-10-31T06:23:22.431+0000] {processor.py:208} INFO - Processing /home/airflow/.local/lib/python3.12/site-packages/airflow/example_dags/example_dag_decorator.py took 0.145 seconds
[2024-10-31T06:23:53.013+0000] {processor.py:186} INFO - Started process (PID=316) to work on /home/airflow/.local/lib/python3.12/site-packages/airflow/example_dags/example_dag_decorator.py
[2024-10-31T06:23:53.014+0000] {processor.py:914} INFO - Processing file /home/airflow/.local/lib/python3.12/site-packages/airflow/example_dags/example_dag_decorator.py for tasks to queue
[2024-10-31T06:23:53.017+0000] {logging_mixin.py:190} INFO - [2024-10-31T06:23:53.016+0000] {dagbag.py:588} INFO - Filling up the DagBag from /home/airflow/.local/lib/python3.12/site-packages/airflow/example_dags/example_dag_decorator.py
[2024-10-31T06:23:53.027+0000] {processor.py:925} INFO - DAG(s) 'example_dag_decorator' retrieved from /home/airflow/.local/lib/python3.12/site-packages/airflow/example_dags/example_dag_decorator.py
[2024-10-31T06:23:53.132+0000] {logging_mixin.py:190} INFO - [2024-10-31T06:23:53.132+0000] {dag.py:3239} INFO - Sync 1 DAGs
[2024-10-31T06:23:53.141+0000] {logging_mixin.py:190} INFO - [2024-10-31T06:23:53.141+0000] {dag.py:4180} INFO - Setting next_dagrun for example_dag_decorator to None, run_after=None
[2024-10-31T06:23:53.156+0000] {processor.py:208} INFO - Processing /home/airflow/.local/lib/python3.12/site-packages/airflow/example_dags/example_dag_decorator.py took 0.149 seconds
[2024-10-31T06:24:24.268+0000] {processor.py:186} INFO - Started process (PID=378) to work on /home/airflow/.local/lib/python3.12/site-packages/airflow/example_dags/example_dag_decorator.py
[2024-10-31T06:24:24.268+0000] {processor.py:914} INFO - Processing file /home/airflow/.local/lib/python3.12/site-packages/airflow/example_dags/example_dag_decorator.py for tasks to queue
[2024-10-31T06:24:24.270+0000] {logging_mixin.py:190} INFO - [2024-10-31T06:24:24.270+0000] {dagbag.py:588} INFO - Filling up the DagBag from /home/airflow/.local/lib/python3.12/site-packages/airflow/example_dags/example_dag_decorator.py
[2024-10-31T06:24:24.279+0000] {processor.py:925} INFO - DAG(s) 'example_dag_decorator' retrieved from /home/airflow/.local/lib/python3.12/site-packages/airflow/example_dags/example_dag_decorator.py
[2024-10-31T06:24:24.383+0000] {logging_mixin.py:190} INFO - [2024-10-31T06:24:24.383+0000] {dag.py:3239} INFO - Sync 1 DAGs
[2024-10-31T06:24:24.391+0000] {logging_mixin.py:190} INFO - [2024-10-31T06:24:24.391+0000] {dag.py:4180} INFO - Setting next_dagrun for example_dag_decorator to None, run_after=None
[2024-10-31T06:24:24.407+0000] {processor.py:208} INFO - Processing /home/airflow/.local/lib/python3.12/site-packages/airflow/example_dags/example_dag_decorator.py took 0.144 seconds
[2024-10-31T06:24:55.137+0000] {processor.py:186} INFO - Started process (PID=444) to work on /home/airflow/.local/lib/python3.12/site-packages/airflow/example_dags/example_dag_decorator.py
[2024-10-31T06:24:55.139+0000] {processor.py:914} INFO - Processing file /home/airflow/.local/lib/python3.12/site-packages/airflow/example_dags/example_dag_decorator.py for tasks to queue
[2024-10-31T06:24:55.144+0000] {logging_mixin.py:190} INFO - [2024-10-31T06:24:55.143+0000] {dagbag.py:588} INFO - Filling up the DagBag from /home/airflow/.local/lib/python3.12/site-packages/airflow/example_dags/example_dag_decorator.py
[2024-10-31T06:24:55.160+0000] {processor.py:925} INFO - DAG(s) 'example_dag_decorator' retrieved from /home/airflow/.local/lib/python3.12/site-packages/airflow/example_dags/example_dag_decorator.py
[2024-10-31T06:24:55.394+0000] {logging_mixin.py:190} INFO - [2024-10-31T06:24:55.394+0000] {dag.py:3239} INFO - Sync 1 DAGs
[2024-10-31T06:24:55.413+0000] {logging_mixin.py:190} INFO - [2024-10-31T06:24:55.412+0000] {dag.py:4180} INFO - Setting next_dagrun for example_dag_decorator to None, run_after=None
[2024-10-31T06:24:55.453+0000] {processor.py:208} INFO - Processing /home/airflow/.local/lib/python3.12/site-packages/airflow/example_dags/example_dag_decorator.py took 0.324 seconds
[2024-10-31T06:25:25.549+0000] {processor.py:186} INFO - Started process (PID=506) to work on /home/airflow/.local/lib/python3.12/site-packages/airflow/example_dags/example_dag_decorator.py
[2024-10-31T06:25:25.550+0000] {processor.py:914} INFO - Processing file /home/airflow/.local/lib/python3.12/site-packages/airflow/example_dags/example_dag_decorator.py for tasks to queue
[2024-10-31T06:25:25.552+0000] {logging_mixin.py:190} INFO - [2024-10-31T06:25:25.552+0000] {dagbag.py:588} INFO - Filling up the DagBag from /home/airflow/.local/lib/python3.12/site-packages/airflow/example_dags/example_dag_decorator.py
[2024-10-31T06:25:25.562+0000] {processor.py:925} INFO - DAG(s) 'example_dag_decorator' retrieved from /home/airflow/.local/lib/python3.12/site-packages/airflow/example_dags/example_dag_decorator.py
[2024-10-31T06:25:25.701+0000] {logging_mixin.py:190} INFO - [2024-10-31T06:25:25.700+0000] {dag.py:3239} INFO - Sync 1 DAGs
[2024-10-31T06:25:25.713+0000] {logging_mixin.py:190} INFO - [2024-10-31T06:25:25.713+0000] {dag.py:4180} INFO - Setting next_dagrun for example_dag_decorator to None, run_after=None
[2024-10-31T06:25:25.732+0000] {processor.py:208} INFO - Processing /home/airflow/.local/lib/python3.12/site-packages/airflow/example_dags/example_dag_decorator.py took 0.189 seconds
[2024-10-31T06:25:56.093+0000] {processor.py:186} INFO - Started process (PID=568) to work on /home/airflow/.local/lib/python3.12/site-packages/airflow/example_dags/example_dag_decorator.py
[2024-10-31T06:25:56.094+0000] {processor.py:914} INFO - Processing file /home/airflow/.local/lib/python3.12/site-packages/airflow/example_dags/example_dag_decorator.py for tasks to queue
[2024-10-31T06:25:56.095+0000] {logging_mixin.py:190} INFO - [2024-10-31T06:25:56.095+0000] {dagbag.py:588} INFO - Filling up the DagBag from /home/airflow/.local/lib/python3.12/site-packages/airflow/example_dags/example_dag_decorator.py
[2024-10-31T06:25:56.104+0000] {processor.py:925} INFO - DAG(s) 'example_dag_decorator' retrieved from /home/airflow/.local/lib/python3.12/site-packages/airflow/example_dags/example_dag_decorator.py
[2024-10-31T06:25:56.209+0000] {logging_mixin.py:190} INFO - [2024-10-31T06:25:56.208+0000] {dag.py:3239} INFO - Sync 1 DAGs
[2024-10-31T06:25:56.217+0000] {logging_mixin.py:190} INFO - [2024-10-31T06:25:56.217+0000] {dag.py:4180} INFO - Setting next_dagrun for example_dag_decorator to None, run_after=None
[2024-10-31T06:25:56.231+0000] {processor.py:208} INFO - Processing /home/airflow/.local/lib/python3.12/site-packages/airflow/example_dags/example_dag_decorator.py took 0.142 seconds
[2024-10-31T06:26:26.735+0000] {processor.py:186} INFO - Started process (PID=630) to work on /home/airflow/.local/lib/python3.12/site-packages/airflow/example_dags/example_dag_decorator.py
[2024-10-31T06:26:26.736+0000] {processor.py:914} INFO - Processing file /home/airflow/.local/lib/python3.12/site-packages/airflow/example_dags/example_dag_decorator.py for tasks to queue
[2024-10-31T06:26:26.738+0000] {logging_mixin.py:190} INFO - [2024-10-31T06:26:26.738+0000] {dagbag.py:588} INFO - Filling up the DagBag from /home/airflow/.local/lib/python3.12/site-packages/airflow/example_dags/example_dag_decorator.py
[2024-10-31T06:26:26.747+0000] {processor.py:925} INFO - DAG(s) 'example_dag_decorator' retrieved from /home/airflow/.local/lib/python3.12/site-packages/airflow/example_dags/example_dag_decorator.py
[2024-10-31T06:26:26.869+0000] {logging_mixin.py:190} INFO - [2024-10-31T06:26:26.868+0000] {dag.py:3239} INFO - Sync 1 DAGs
[2024-10-31T06:26:26.882+0000] {logging_mixin.py:190} INFO - [2024-10-31T06:26:26.881+0000] {dag.py:4180} INFO - Setting next_dagrun for example_dag_decorator to None, run_after=None
[2024-10-31T06:26:26.897+0000] {processor.py:208} INFO - Processing /home/airflow/.local/lib/python3.12/site-packages/airflow/example_dags/example_dag_decorator.py took 0.167 seconds
[2024-10-31T06:26:57.328+0000] {processor.py:186} INFO - Started process (PID=692) to work on /home/airflow/.local/lib/python3.12/site-packages/airflow/example_dags/example_dag_decorator.py
[2024-10-31T06:26:57.329+0000] {processor.py:914} INFO - Processing file /home/airflow/.local/lib/python3.12/site-packages/airflow/example_dags/example_dag_decorator.py for tasks to queue
[2024-10-31T06:26:57.332+0000] {logging_mixin.py:190} INFO - [2024-10-31T06:26:57.331+0000] {dagbag.py:588} INFO - Filling up the DagBag from /home/airflow/.local/lib/python3.12/site-packages/airflow/example_dags/example_dag_decorator.py
[2024-10-31T06:26:57.344+0000] {processor.py:925} INFO - DAG(s) 'example_dag_decorator' retrieved from /home/airflow/.local/lib/python3.12/site-packages/airflow/example_dags/example_dag_decorator.py
[2024-10-31T06:26:57.472+0000] {logging_mixin.py:190} INFO - [2024-10-31T06:26:57.472+0000] {dag.py:3239} INFO - Sync 1 DAGs
[2024-10-31T06:26:57.481+0000] {logging_mixin.py:190} INFO - [2024-10-31T06:26:57.481+0000] {dag.py:4180} INFO - Setting next_dagrun for example_dag_decorator to None, run_after=None
[2024-10-31T06:26:57.496+0000] {processor.py:208} INFO - Processing /home/airflow/.local/lib/python3.12/site-packages/airflow/example_dags/example_dag_decorator.py took 0.173 seconds
[2024-10-31T06:27:27.675+0000] {processor.py:186} INFO - Started process (PID=754) to work on /home/airflow/.local/lib/python3.12/site-packages/airflow/example_dags/example_dag_decorator.py
[2024-10-31T06:27:27.676+0000] {processor.py:914} INFO - Processing file /home/airflow/.local/lib/python3.12/site-packages/airflow/example_dags/example_dag_decorator.py for tasks to queue
[2024-10-31T06:27:27.678+0000] {logging_mixin.py:190} INFO - [2024-10-31T06:27:27.678+0000] {dagbag.py:588} INFO - Filling up the DagBag from /home/airflow/.local/lib/python3.12/site-packages/airflow/example_dags/example_dag_decorator.py
[2024-10-31T06:27:27.687+0000] {processor.py:925} INFO - DAG(s) 'example_dag_decorator' retrieved from /home/airflow/.local/lib/python3.12/site-packages/airflow/example_dags/example_dag_decorator.py
[2024-10-31T06:27:27.790+0000] {logging_mixin.py:190} INFO - [2024-10-31T06:27:27.789+0000] {dag.py:3239} INFO - Sync 1 DAGs
[2024-10-31T06:27:27.798+0000] {logging_mixin.py:190} INFO - [2024-10-31T06:27:27.797+0000] {dag.py:4180} INFO - Setting next_dagrun for example_dag_decorator to None, run_after=None
[2024-10-31T06:27:27.813+0000] {processor.py:208} INFO - Processing /home/airflow/.local/lib/python3.12/site-packages/airflow/example_dags/example_dag_decorator.py took 0.142 seconds
[2024-10-31T06:27:58.977+0000] {processor.py:186} INFO - Started process (PID=816) to work on /home/airflow/.local/lib/python3.12/site-packages/airflow/example_dags/example_dag_decorator.py
[2024-10-31T06:27:58.978+0000] {processor.py:914} INFO - Processing file /home/airflow/.local/lib/python3.12/site-packages/airflow/example_dags/example_dag_decorator.py for tasks to queue
[2024-10-31T06:27:58.980+0000] {logging_mixin.py:190} INFO - [2024-10-31T06:27:58.980+0000] {dagbag.py:588} INFO - Filling up the DagBag from /home/airflow/.local/lib/python3.12/site-packages/airflow/example_dags/example_dag_decorator.py
[2024-10-31T06:27:58.991+0000] {processor.py:925} INFO - DAG(s) 'example_dag_decorator' retrieved from /home/airflow/.local/lib/python3.12/site-packages/airflow/example_dags/example_dag_decorator.py
[2024-10-31T06:27:59.096+0000] {logging_mixin.py:190} INFO - [2024-10-31T06:27:59.096+0000] {dag.py:3239} INFO - Sync 1 DAGs
[2024-10-31T06:27:59.105+0000] {logging_mixin.py:190} INFO - [2024-10-31T06:27:59.105+0000] {dag.py:4180} INFO - Setting next_dagrun for example_dag_decorator to None, run_after=None
[2024-10-31T06:27:59.121+0000] {processor.py:208} INFO - Processing /home/airflow/.local/lib/python3.12/site-packages/airflow/example_dags/example_dag_decorator.py took 0.148 seconds
[2024-10-31T06:28:29.305+0000] {processor.py:186} INFO - Started process (PID=879) to work on /home/airflow/.local/lib/python3.12/site-packages/airflow/example_dags/example_dag_decorator.py
[2024-10-31T06:28:29.306+0000] {processor.py:914} INFO - Processing file /home/airflow/.local/lib/python3.12/site-packages/airflow/example_dags/example_dag_decorator.py for tasks to queue
[2024-10-31T06:28:29.309+0000] {logging_mixin.py:190} INFO - [2024-10-31T06:28:29.308+0000] {dagbag.py:588} INFO - Filling up the DagBag from /home/airflow/.local/lib/python3.12/site-packages/airflow/example_dags/example_dag_decorator.py
[2024-10-31T06:28:29.320+0000] {processor.py:925} INFO - DAG(s) 'example_dag_decorator' retrieved from /home/airflow/.local/lib/python3.12/site-packages/airflow/example_dags/example_dag_decorator.py
[2024-10-31T06:28:29.465+0000] {logging_mixin.py:190} INFO - [2024-10-31T06:28:29.465+0000] {dag.py:3239} INFO - Sync 1 DAGs
[2024-10-31T06:28:29.477+0000] {logging_mixin.py:190} INFO - [2024-10-31T06:28:29.476+0000] {dag.py:4180} INFO - Setting next_dagrun for example_dag_decorator to None, run_after=None
[2024-10-31T06:28:29.497+0000] {processor.py:208} INFO - Processing /home/airflow/.local/lib/python3.12/site-packages/airflow/example_dags/example_dag_decorator.py took 0.199 seconds
