[2024-10-31T06:21:53.144+0000] {processor.py:186} INFO - Started process (PID=90) to work on /home/airflow/.local/lib/python3.12/site-packages/airflow/example_dags/example_branch_labels.py
[2024-10-31T06:21:53.144+0000] {processor.py:914} INFO - Processing file /home/airflow/.local/lib/python3.12/site-packages/airflow/example_dags/example_branch_labels.py for tasks to queue
[2024-10-31T06:21:53.146+0000] {logging_mixin.py:190} INFO - [2024-10-31T06:21:53.145+0000] {dagbag.py:588} INFO - Filling up the DagBag from /home/airflow/.local/lib/python3.12/site-packages/airflow/example_dags/example_branch_labels.py
[2024-10-31T06:21:53.153+0000] {processor.py:925} INFO - DAG(s) 'example_branch_labels' retrieved from /home/airflow/.local/lib/python3.12/site-packages/airflow/example_dags/example_branch_labels.py
[2024-10-31T06:21:53.225+0000] {logging_mixin.py:190} INFO - [2024-10-31T06:21:53.225+0000] {override.py:1900} INFO - Created Permission View: can delete on DAG:example_branch_labels
[2024-10-31T06:21:53.233+0000] {logging_mixin.py:190} INFO - [2024-10-31T06:21:53.233+0000] {override.py:1900} INFO - Created Permission View: can read on DAG:example_branch_labels
[2024-10-31T06:21:53.239+0000] {logging_mixin.py:190} INFO - [2024-10-31T06:21:53.239+0000] {override.py:1900} INFO - Created Permission View: can edit on DAG:example_branch_labels
[2024-10-31T06:21:53.247+0000] {logging_mixin.py:190} INFO - [2024-10-31T06:21:53.247+0000] {override.py:1900} INFO - Created Permission View: can delete on DAG Run:example_branch_labels
[2024-10-31T06:21:53.254+0000] {logging_mixin.py:190} INFO - [2024-10-31T06:21:53.254+0000] {override.py:1900} INFO - Created Permission View: can create on DAG Run:example_branch_labels
[2024-10-31T06:21:53.259+0000] {logging_mixin.py:190} INFO - [2024-10-31T06:21:53.259+0000] {override.py:1900} INFO - Created Permission View: can read on DAG Run:example_branch_labels
[2024-10-31T06:21:53.265+0000] {logging_mixin.py:190} INFO - [2024-10-31T06:21:53.264+0000] {override.py:1900} INFO - Created Permission View: menu access on DAG Run:example_branch_labels
[2024-10-31T06:21:53.265+0000] {logging_mixin.py:190} INFO - [2024-10-31T06:21:53.265+0000] {dag.py:3239} INFO - Sync 1 DAGs
[2024-10-31T06:21:53.274+0000] {logging_mixin.py:190} INFO - [2024-10-31T06:21:53.273+0000] {dag.py:3262} INFO - Creating ORM DAG for example_branch_labels
[2024-10-31T06:21:53.281+0000] {logging_mixin.py:190} INFO - [2024-10-31T06:21:53.281+0000] {dag.py:4180} INFO - Setting next_dagrun for example_branch_labels to 2024-10-30 00:00:00+00:00, run_after=2024-10-31 00:00:00+00:00
[2024-10-31T06:21:53.293+0000] {processor.py:208} INFO - Processing /home/airflow/.local/lib/python3.12/site-packages/airflow/example_dags/example_branch_labels.py took 0.154 seconds
[2024-10-31T06:22:23.987+0000] {processor.py:186} INFO - Started process (PID=152) to work on /home/airflow/.local/lib/python3.12/site-packages/airflow/example_dags/example_branch_labels.py
[2024-10-31T06:22:23.988+0000] {processor.py:914} INFO - Processing file /home/airflow/.local/lib/python3.12/site-packages/airflow/example_dags/example_branch_labels.py for tasks to queue
[2024-10-31T06:22:23.990+0000] {logging_mixin.py:190} INFO - [2024-10-31T06:22:23.989+0000] {dagbag.py:588} INFO - Filling up the DagBag from /home/airflow/.local/lib/python3.12/site-packages/airflow/example_dags/example_branch_labels.py
[2024-10-31T06:22:23.996+0000] {processor.py:925} INFO - DAG(s) 'example_branch_labels' retrieved from /home/airflow/.local/lib/python3.12/site-packages/airflow/example_dags/example_branch_labels.py
[2024-10-31T06:22:24.013+0000] {logging_mixin.py:190} INFO - [2024-10-31T06:22:24.013+0000] {dag.py:3239} INFO - Sync 1 DAGs
[2024-10-31T06:22:24.033+0000] {logging_mixin.py:190} INFO - [2024-10-31T06:22:24.033+0000] {dag.py:4180} INFO - Setting next_dagrun for example_branch_labels to 2024-10-30 00:00:00+00:00, run_after=2024-10-31 00:00:00+00:00
[2024-10-31T06:22:24.046+0000] {processor.py:208} INFO - Processing /home/airflow/.local/lib/python3.12/site-packages/airflow/example_dags/example_branch_labels.py took 0.064 seconds
[2024-10-31T06:22:54.681+0000] {processor.py:186} INFO - Started process (PID=214) to work on /home/airflow/.local/lib/python3.12/site-packages/airflow/example_dags/example_branch_labels.py
[2024-10-31T06:22:54.682+0000] {processor.py:914} INFO - Processing file /home/airflow/.local/lib/python3.12/site-packages/airflow/example_dags/example_branch_labels.py for tasks to queue
[2024-10-31T06:22:54.684+0000] {logging_mixin.py:190} INFO - [2024-10-31T06:22:54.684+0000] {dagbag.py:588} INFO - Filling up the DagBag from /home/airflow/.local/lib/python3.12/site-packages/airflow/example_dags/example_branch_labels.py
[2024-10-31T06:22:54.691+0000] {processor.py:925} INFO - DAG(s) 'example_branch_labels' retrieved from /home/airflow/.local/lib/python3.12/site-packages/airflow/example_dags/example_branch_labels.py
[2024-10-31T06:22:54.705+0000] {logging_mixin.py:190} INFO - [2024-10-31T06:22:54.705+0000] {dag.py:3239} INFO - Sync 1 DAGs
[2024-10-31T06:22:54.722+0000] {logging_mixin.py:190} INFO - [2024-10-31T06:22:54.722+0000] {dag.py:4180} INFO - Setting next_dagrun for example_branch_labels to 2024-10-30 00:00:00+00:00, run_after=2024-10-31 00:00:00+00:00
[2024-10-31T06:22:54.736+0000] {processor.py:208} INFO - Processing /home/airflow/.local/lib/python3.12/site-packages/airflow/example_dags/example_branch_labels.py took 0.060 seconds
[2024-10-31T06:23:25.417+0000] {processor.py:186} INFO - Started process (PID=276) to work on /home/airflow/.local/lib/python3.12/site-packages/airflow/example_dags/example_branch_labels.py
[2024-10-31T06:23:25.418+0000] {processor.py:914} INFO - Processing file /home/airflow/.local/lib/python3.12/site-packages/airflow/example_dags/example_branch_labels.py for tasks to queue
[2024-10-31T06:23:25.420+0000] {logging_mixin.py:190} INFO - [2024-10-31T06:23:25.420+0000] {dagbag.py:588} INFO - Filling up the DagBag from /home/airflow/.local/lib/python3.12/site-packages/airflow/example_dags/example_branch_labels.py
[2024-10-31T06:23:25.427+0000] {processor.py:925} INFO - DAG(s) 'example_branch_labels' retrieved from /home/airflow/.local/lib/python3.12/site-packages/airflow/example_dags/example_branch_labels.py
[2024-10-31T06:23:25.443+0000] {logging_mixin.py:190} INFO - [2024-10-31T06:23:25.443+0000] {dag.py:3239} INFO - Sync 1 DAGs
[2024-10-31T06:23:25.461+0000] {logging_mixin.py:190} INFO - [2024-10-31T06:23:25.461+0000] {dag.py:4180} INFO - Setting next_dagrun for example_branch_labels to 2024-10-30 00:00:00+00:00, run_after=2024-10-31 00:00:00+00:00
[2024-10-31T06:23:25.476+0000] {processor.py:208} INFO - Processing /home/airflow/.local/lib/python3.12/site-packages/airflow/example_dags/example_branch_labels.py took 0.064 seconds
[2024-10-31T06:23:56.271+0000] {processor.py:186} INFO - Started process (PID=338) to work on /home/airflow/.local/lib/python3.12/site-packages/airflow/example_dags/example_branch_labels.py
[2024-10-31T06:23:56.272+0000] {processor.py:914} INFO - Processing file /home/airflow/.local/lib/python3.12/site-packages/airflow/example_dags/example_branch_labels.py for tasks to queue
[2024-10-31T06:23:56.275+0000] {logging_mixin.py:190} INFO - [2024-10-31T06:23:56.274+0000] {dagbag.py:588} INFO - Filling up the DagBag from /home/airflow/.local/lib/python3.12/site-packages/airflow/example_dags/example_branch_labels.py
[2024-10-31T06:23:56.284+0000] {processor.py:925} INFO - DAG(s) 'example_branch_labels' retrieved from /home/airflow/.local/lib/python3.12/site-packages/airflow/example_dags/example_branch_labels.py
[2024-10-31T06:23:56.305+0000] {logging_mixin.py:190} INFO - [2024-10-31T06:23:56.304+0000] {dag.py:3239} INFO - Sync 1 DAGs
[2024-10-31T06:23:56.326+0000] {logging_mixin.py:190} INFO - [2024-10-31T06:23:56.326+0000] {dag.py:4180} INFO - Setting next_dagrun for example_branch_labels to 2024-10-30 00:00:00+00:00, run_after=2024-10-31 00:00:00+00:00
[2024-10-31T06:23:56.350+0000] {processor.py:208} INFO - Processing /home/airflow/.local/lib/python3.12/site-packages/airflow/example_dags/example_branch_labels.py took 0.085 seconds
[2024-10-31T06:24:27.160+0000] {processor.py:186} INFO - Started process (PID=400) to work on /home/airflow/.local/lib/python3.12/site-packages/airflow/example_dags/example_branch_labels.py
[2024-10-31T06:24:27.161+0000] {processor.py:914} INFO - Processing file /home/airflow/.local/lib/python3.12/site-packages/airflow/example_dags/example_branch_labels.py for tasks to queue
[2024-10-31T06:24:27.164+0000] {logging_mixin.py:190} INFO - [2024-10-31T06:24:27.163+0000] {dagbag.py:588} INFO - Filling up the DagBag from /home/airflow/.local/lib/python3.12/site-packages/airflow/example_dags/example_branch_labels.py
[2024-10-31T06:24:27.174+0000] {processor.py:925} INFO - DAG(s) 'example_branch_labels' retrieved from /home/airflow/.local/lib/python3.12/site-packages/airflow/example_dags/example_branch_labels.py
[2024-10-31T06:24:27.200+0000] {logging_mixin.py:190} INFO - [2024-10-31T06:24:27.199+0000] {dag.py:3239} INFO - Sync 1 DAGs
[2024-10-31T06:24:27.235+0000] {logging_mixin.py:190} INFO - [2024-10-31T06:24:27.235+0000] {dag.py:4180} INFO - Setting next_dagrun for example_branch_labels to 2024-10-30 00:00:00+00:00, run_after=2024-10-31 00:00:00+00:00
[2024-10-31T06:24:27.257+0000] {processor.py:208} INFO - Processing /home/airflow/.local/lib/python3.12/site-packages/airflow/example_dags/example_branch_labels.py took 0.105 seconds
[2024-10-31T06:24:58.131+0000] {processor.py:186} INFO - Started process (PID=466) to work on /home/airflow/.local/lib/python3.12/site-packages/airflow/example_dags/example_branch_labels.py
[2024-10-31T06:24:58.132+0000] {processor.py:914} INFO - Processing file /home/airflow/.local/lib/python3.12/site-packages/airflow/example_dags/example_branch_labels.py for tasks to queue
[2024-10-31T06:24:58.136+0000] {logging_mixin.py:190} INFO - [2024-10-31T06:24:58.135+0000] {dagbag.py:588} INFO - Filling up the DagBag from /home/airflow/.local/lib/python3.12/site-packages/airflow/example_dags/example_branch_labels.py
[2024-10-31T06:24:58.146+0000] {processor.py:925} INFO - DAG(s) 'example_branch_labels' retrieved from /home/airflow/.local/lib/python3.12/site-packages/airflow/example_dags/example_branch_labels.py
[2024-10-31T06:24:58.170+0000] {logging_mixin.py:190} INFO - [2024-10-31T06:24:58.170+0000] {dag.py:3239} INFO - Sync 1 DAGs
[2024-10-31T06:24:58.194+0000] {logging_mixin.py:190} INFO - [2024-10-31T06:24:58.194+0000] {dag.py:4180} INFO - Setting next_dagrun for example_branch_labels to 2024-10-30 00:00:00+00:00, run_after=2024-10-31 00:00:00+00:00
[2024-10-31T06:24:58.216+0000] {processor.py:208} INFO - Processing /home/airflow/.local/lib/python3.12/site-packages/airflow/example_dags/example_branch_labels.py took 0.090 seconds
[2024-10-31T06:25:29.187+0000] {processor.py:186} INFO - Started process (PID=528) to work on /home/airflow/.local/lib/python3.12/site-packages/airflow/example_dags/example_branch_labels.py
[2024-10-31T06:25:29.188+0000] {processor.py:914} INFO - Processing file /home/airflow/.local/lib/python3.12/site-packages/airflow/example_dags/example_branch_labels.py for tasks to queue
[2024-10-31T06:25:29.191+0000] {logging_mixin.py:190} INFO - [2024-10-31T06:25:29.191+0000] {dagbag.py:588} INFO - Filling up the DagBag from /home/airflow/.local/lib/python3.12/site-packages/airflow/example_dags/example_branch_labels.py
[2024-10-31T06:25:29.202+0000] {processor.py:925} INFO - DAG(s) 'example_branch_labels' retrieved from /home/airflow/.local/lib/python3.12/site-packages/airflow/example_dags/example_branch_labels.py
[2024-10-31T06:25:29.234+0000] {logging_mixin.py:190} INFO - [2024-10-31T06:25:29.233+0000] {dag.py:3239} INFO - Sync 1 DAGs
[2024-10-31T06:25:29.269+0000] {logging_mixin.py:190} INFO - [2024-10-31T06:25:29.269+0000] {dag.py:4180} INFO - Setting next_dagrun for example_branch_labels to 2024-10-30 00:00:00+00:00, run_after=2024-10-31 00:00:00+00:00
[2024-10-31T06:25:29.289+0000] {processor.py:208} INFO - Processing /home/airflow/.local/lib/python3.12/site-packages/airflow/example_dags/example_branch_labels.py took 0.110 seconds
[2024-10-31T06:25:59.626+0000] {processor.py:186} INFO - Started process (PID=590) to work on /home/airflow/.local/lib/python3.12/site-packages/airflow/example_dags/example_branch_labels.py
[2024-10-31T06:25:59.627+0000] {processor.py:914} INFO - Processing file /home/airflow/.local/lib/python3.12/site-packages/airflow/example_dags/example_branch_labels.py for tasks to queue
[2024-10-31T06:25:59.631+0000] {logging_mixin.py:190} INFO - [2024-10-31T06:25:59.631+0000] {dagbag.py:588} INFO - Filling up the DagBag from /home/airflow/.local/lib/python3.12/site-packages/airflow/example_dags/example_branch_labels.py
[2024-10-31T06:25:59.640+0000] {processor.py:925} INFO - DAG(s) 'example_branch_labels' retrieved from /home/airflow/.local/lib/python3.12/site-packages/airflow/example_dags/example_branch_labels.py
[2024-10-31T06:25:59.662+0000] {logging_mixin.py:190} INFO - [2024-10-31T06:25:59.662+0000] {dag.py:3239} INFO - Sync 1 DAGs
[2024-10-31T06:25:59.684+0000] {logging_mixin.py:190} INFO - [2024-10-31T06:25:59.684+0000] {dag.py:4180} INFO - Setting next_dagrun for example_branch_labels to 2024-10-30 00:00:00+00:00, run_after=2024-10-31 00:00:00+00:00
[2024-10-31T06:25:59.702+0000] {processor.py:208} INFO - Processing /home/airflow/.local/lib/python3.12/site-packages/airflow/example_dags/example_branch_labels.py took 0.087 seconds
[2024-10-31T06:26:30.240+0000] {processor.py:186} INFO - Started process (PID=652) to work on /home/airflow/.local/lib/python3.12/site-packages/airflow/example_dags/example_branch_labels.py
[2024-10-31T06:26:30.242+0000] {processor.py:914} INFO - Processing file /home/airflow/.local/lib/python3.12/site-packages/airflow/example_dags/example_branch_labels.py for tasks to queue
[2024-10-31T06:26:30.245+0000] {logging_mixin.py:190} INFO - [2024-10-31T06:26:30.244+0000] {dagbag.py:588} INFO - Filling up the DagBag from /home/airflow/.local/lib/python3.12/site-packages/airflow/example_dags/example_branch_labels.py
[2024-10-31T06:26:30.257+0000] {processor.py:925} INFO - DAG(s) 'example_branch_labels' retrieved from /home/airflow/.local/lib/python3.12/site-packages/airflow/example_dags/example_branch_labels.py
[2024-10-31T06:26:30.282+0000] {logging_mixin.py:190} INFO - [2024-10-31T06:26:30.281+0000] {dag.py:3239} INFO - Sync 1 DAGs
[2024-10-31T06:26:30.312+0000] {logging_mixin.py:190} INFO - [2024-10-31T06:26:30.312+0000] {dag.py:4180} INFO - Setting next_dagrun for example_branch_labels to 2024-10-30 00:00:00+00:00, run_after=2024-10-31 00:00:00+00:00
[2024-10-31T06:26:30.332+0000] {processor.py:208} INFO - Processing /home/airflow/.local/lib/python3.12/site-packages/airflow/example_dags/example_branch_labels.py took 0.098 seconds
[2024-10-31T06:27:00.833+0000] {processor.py:186} INFO - Started process (PID=714) to work on /home/airflow/.local/lib/python3.12/site-packages/airflow/example_dags/example_branch_labels.py
[2024-10-31T06:27:00.834+0000] {processor.py:914} INFO - Processing file /home/airflow/.local/lib/python3.12/site-packages/airflow/example_dags/example_branch_labels.py for tasks to queue
[2024-10-31T06:27:00.837+0000] {logging_mixin.py:190} INFO - [2024-10-31T06:27:00.836+0000] {dagbag.py:588} INFO - Filling up the DagBag from /home/airflow/.local/lib/python3.12/site-packages/airflow/example_dags/example_branch_labels.py
[2024-10-31T06:27:00.845+0000] {processor.py:925} INFO - DAG(s) 'example_branch_labels' retrieved from /home/airflow/.local/lib/python3.12/site-packages/airflow/example_dags/example_branch_labels.py
[2024-10-31T06:27:00.863+0000] {logging_mixin.py:190} INFO - [2024-10-31T06:27:00.863+0000] {dag.py:3239} INFO - Sync 1 DAGs
[2024-10-31T06:27:00.881+0000] {logging_mixin.py:190} INFO - [2024-10-31T06:27:00.881+0000] {dag.py:4180} INFO - Setting next_dagrun for example_branch_labels to 2024-10-30 00:00:00+00:00, run_after=2024-10-31 00:00:00+00:00
[2024-10-31T06:27:00.897+0000] {processor.py:208} INFO - Processing /home/airflow/.local/lib/python3.12/site-packages/airflow/example_dags/example_branch_labels.py took 0.068 seconds
[2024-10-31T06:27:30.936+0000] {processor.py:186} INFO - Started process (PID=776) to work on /home/airflow/.local/lib/python3.12/site-packages/airflow/example_dags/example_branch_labels.py
[2024-10-31T06:27:30.937+0000] {processor.py:914} INFO - Processing file /home/airflow/.local/lib/python3.12/site-packages/airflow/example_dags/example_branch_labels.py for tasks to queue
[2024-10-31T06:27:30.939+0000] {logging_mixin.py:190} INFO - [2024-10-31T06:27:30.939+0000] {dagbag.py:588} INFO - Filling up the DagBag from /home/airflow/.local/lib/python3.12/site-packages/airflow/example_dags/example_branch_labels.py
[2024-10-31T06:27:30.946+0000] {processor.py:925} INFO - DAG(s) 'example_branch_labels' retrieved from /home/airflow/.local/lib/python3.12/site-packages/airflow/example_dags/example_branch_labels.py
[2024-10-31T06:27:30.964+0000] {logging_mixin.py:190} INFO - [2024-10-31T06:27:30.964+0000] {dag.py:3239} INFO - Sync 1 DAGs
[2024-10-31T06:27:30.982+0000] {logging_mixin.py:190} INFO - [2024-10-31T06:27:30.981+0000] {dag.py:4180} INFO - Setting next_dagrun for example_branch_labels to 2024-10-30 00:00:00+00:00, run_after=2024-10-31 00:00:00+00:00
[2024-10-31T06:27:30.995+0000] {processor.py:208} INFO - Processing /home/airflow/.local/lib/python3.12/site-packages/airflow/example_dags/example_branch_labels.py took 0.064 seconds
[2024-10-31T06:28:01.327+0000] {processor.py:186} INFO - Started process (PID=838) to work on /home/airflow/.local/lib/python3.12/site-packages/airflow/example_dags/example_branch_labels.py
[2024-10-31T06:28:01.328+0000] {processor.py:914} INFO - Processing file /home/airflow/.local/lib/python3.12/site-packages/airflow/example_dags/example_branch_labels.py for tasks to queue
[2024-10-31T06:28:01.330+0000] {logging_mixin.py:190} INFO - [2024-10-31T06:28:01.330+0000] {dagbag.py:588} INFO - Filling up the DagBag from /home/airflow/.local/lib/python3.12/site-packages/airflow/example_dags/example_branch_labels.py
[2024-10-31T06:28:01.338+0000] {processor.py:925} INFO - DAG(s) 'example_branch_labels' retrieved from /home/airflow/.local/lib/python3.12/site-packages/airflow/example_dags/example_branch_labels.py
[2024-10-31T06:28:01.355+0000] {logging_mixin.py:190} INFO - [2024-10-31T06:28:01.355+0000] {dag.py:3239} INFO - Sync 1 DAGs
[2024-10-31T06:28:01.373+0000] {logging_mixin.py:190} INFO - [2024-10-31T06:28:01.373+0000] {dag.py:4180} INFO - Setting next_dagrun for example_branch_labels to 2024-10-30 00:00:00+00:00, run_after=2024-10-31 00:00:00+00:00
[2024-10-31T06:28:01.389+0000] {processor.py:208} INFO - Processing /home/airflow/.local/lib/python3.12/site-packages/airflow/example_dags/example_branch_labels.py took 0.066 seconds
[2024-10-31T06:28:32.055+0000] {processor.py:186} INFO - Started process (PID=901) to work on /home/airflow/.local/lib/python3.12/site-packages/airflow/example_dags/example_branch_labels.py
[2024-10-31T06:28:32.056+0000] {processor.py:914} INFO - Processing file /home/airflow/.local/lib/python3.12/site-packages/airflow/example_dags/example_branch_labels.py for tasks to queue
[2024-10-31T06:28:32.058+0000] {logging_mixin.py:190} INFO - [2024-10-31T06:28:32.058+0000] {dagbag.py:588} INFO - Filling up the DagBag from /home/airflow/.local/lib/python3.12/site-packages/airflow/example_dags/example_branch_labels.py
[2024-10-31T06:28:32.065+0000] {processor.py:925} INFO - DAG(s) 'example_branch_labels' retrieved from /home/airflow/.local/lib/python3.12/site-packages/airflow/example_dags/example_branch_labels.py
[2024-10-31T06:28:32.082+0000] {logging_mixin.py:190} INFO - [2024-10-31T06:28:32.081+0000] {dag.py:3239} INFO - Sync 1 DAGs
[2024-10-31T06:28:32.102+0000] {logging_mixin.py:190} INFO - [2024-10-31T06:28:32.102+0000] {dag.py:4180} INFO - Setting next_dagrun for example_branch_labels to 2024-10-30 00:00:00+00:00, run_after=2024-10-31 00:00:00+00:00
[2024-10-31T06:28:32.117+0000] {processor.py:208} INFO - Processing /home/airflow/.local/lib/python3.12/site-packages/airflow/example_dags/example_branch_labels.py took 0.067 seconds
