[2024-10-31T06:21:51.092+0000] {processor.py:186} INFO - Started process (PID=73) to work on /home/airflow/.local/lib/python3.12/site-packages/airflow/example_dags/example_latest_only_with_trigger.py
[2024-10-31T06:21:51.092+0000] {processor.py:914} INFO - Processing file /home/airflow/.local/lib/python3.12/site-packages/airflow/example_dags/example_latest_only_with_trigger.py for tasks to queue
[2024-10-31T06:21:51.094+0000] {logging_mixin.py:190} INFO - [2024-10-31T06:21:51.093+0000] {dagbag.py:588} INFO - Filling up the DagBag from /home/airflow/.local/lib/python3.12/site-packages/airflow/example_dags/example_latest_only_with_trigger.py
[2024-10-31T06:21:51.099+0000] {processor.py:925} INFO - DAG(s) 'latest_only_with_trigger' retrieved from /home/airflow/.local/lib/python3.12/site-packages/airflow/example_dags/example_latest_only_with_trigger.py
[2024-10-31T06:21:51.178+0000] {logging_mixin.py:190} INFO - [2024-10-31T06:21:51.177+0000] {override.py:1900} INFO - Created Permission View: can delete on DAG:latest_only_with_trigger
[2024-10-31T06:21:51.187+0000] {logging_mixin.py:190} INFO - [2024-10-31T06:21:51.187+0000] {override.py:1900} INFO - Created Permission View: can read on DAG:latest_only_with_trigger
[2024-10-31T06:21:51.193+0000] {logging_mixin.py:190} INFO - [2024-10-31T06:21:51.193+0000] {override.py:1900} INFO - Created Permission View: can edit on DAG:latest_only_with_trigger
[2024-10-31T06:21:51.201+0000] {logging_mixin.py:190} INFO - [2024-10-31T06:21:51.201+0000] {override.py:1900} INFO - Created Permission View: can delete on DAG Run:latest_only_with_trigger
[2024-10-31T06:21:51.207+0000] {logging_mixin.py:190} INFO - [2024-10-31T06:21:51.207+0000] {override.py:1900} INFO - Created Permission View: can create on DAG Run:latest_only_with_trigger
[2024-10-31T06:21:51.213+0000] {logging_mixin.py:190} INFO - [2024-10-31T06:21:51.213+0000] {override.py:1900} INFO - Created Permission View: can read on DAG Run:latest_only_with_trigger
[2024-10-31T06:21:51.219+0000] {logging_mixin.py:190} INFO - [2024-10-31T06:21:51.219+0000] {override.py:1900} INFO - Created Permission View: menu access on DAG Run:latest_only_with_trigger
[2024-10-31T06:21:51.220+0000] {logging_mixin.py:190} INFO - [2024-10-31T06:21:51.220+0000] {dag.py:3239} INFO - Sync 1 DAGs
[2024-10-31T06:21:51.229+0000] {logging_mixin.py:190} INFO - [2024-10-31T06:21:51.229+0000] {dag.py:3262} INFO - Creating ORM DAG for latest_only_with_trigger
[2024-10-31T06:21:51.238+0000] {logging_mixin.py:190} INFO - [2024-10-31T06:21:51.237+0000] {dag.py:4180} INFO - Setting next_dagrun for latest_only_with_trigger to 2024-10-31 00:00:00+00:00, run_after=2024-10-31 04:00:00+00:00
[2024-10-31T06:21:51.253+0000] {processor.py:208} INFO - Processing /home/airflow/.local/lib/python3.12/site-packages/airflow/example_dags/example_latest_only_with_trigger.py took 0.166 seconds
[2024-10-31T06:22:22.166+0000] {processor.py:186} INFO - Started process (PID=135) to work on /home/airflow/.local/lib/python3.12/site-packages/airflow/example_dags/example_latest_only_with_trigger.py
[2024-10-31T06:22:22.166+0000] {processor.py:914} INFO - Processing file /home/airflow/.local/lib/python3.12/site-packages/airflow/example_dags/example_latest_only_with_trigger.py for tasks to queue
[2024-10-31T06:22:22.168+0000] {logging_mixin.py:190} INFO - [2024-10-31T06:22:22.168+0000] {dagbag.py:588} INFO - Filling up the DagBag from /home/airflow/.local/lib/python3.12/site-packages/airflow/example_dags/example_latest_only_with_trigger.py
[2024-10-31T06:22:22.174+0000] {processor.py:925} INFO - DAG(s) 'latest_only_with_trigger' retrieved from /home/airflow/.local/lib/python3.12/site-packages/airflow/example_dags/example_latest_only_with_trigger.py
[2024-10-31T06:22:22.190+0000] {logging_mixin.py:190} INFO - [2024-10-31T06:22:22.189+0000] {dag.py:3239} INFO - Sync 1 DAGs
[2024-10-31T06:22:22.208+0000] {logging_mixin.py:190} INFO - [2024-10-31T06:22:22.207+0000] {dag.py:4180} INFO - Setting next_dagrun for latest_only_with_trigger to 2024-10-31 00:00:00+00:00, run_after=2024-10-31 04:00:00+00:00
[2024-10-31T06:22:22.222+0000] {processor.py:208} INFO - Processing /home/airflow/.local/lib/python3.12/site-packages/airflow/example_dags/example_latest_only_with_trigger.py took 0.061 seconds
[2024-10-31T06:22:52.842+0000] {processor.py:186} INFO - Started process (PID=197) to work on /home/airflow/.local/lib/python3.12/site-packages/airflow/example_dags/example_latest_only_with_trigger.py
[2024-10-31T06:22:52.843+0000] {processor.py:914} INFO - Processing file /home/airflow/.local/lib/python3.12/site-packages/airflow/example_dags/example_latest_only_with_trigger.py for tasks to queue
[2024-10-31T06:22:52.845+0000] {logging_mixin.py:190} INFO - [2024-10-31T06:22:52.844+0000] {dagbag.py:588} INFO - Filling up the DagBag from /home/airflow/.local/lib/python3.12/site-packages/airflow/example_dags/example_latest_only_with_trigger.py
[2024-10-31T06:22:52.851+0000] {processor.py:925} INFO - DAG(s) 'latest_only_with_trigger' retrieved from /home/airflow/.local/lib/python3.12/site-packages/airflow/example_dags/example_latest_only_with_trigger.py
[2024-10-31T06:22:52.867+0000] {logging_mixin.py:190} INFO - [2024-10-31T06:22:52.867+0000] {dag.py:3239} INFO - Sync 1 DAGs
[2024-10-31T06:22:52.886+0000] {logging_mixin.py:190} INFO - [2024-10-31T06:22:52.885+0000] {dag.py:4180} INFO - Setting next_dagrun for latest_only_with_trigger to 2024-10-31 00:00:00+00:00, run_after=2024-10-31 04:00:00+00:00
[2024-10-31T06:22:52.901+0000] {processor.py:208} INFO - Processing /home/airflow/.local/lib/python3.12/site-packages/airflow/example_dags/example_latest_only_with_trigger.py took 0.064 seconds
[2024-10-31T06:23:23.546+0000] {processor.py:186} INFO - Started process (PID=259) to work on /home/airflow/.local/lib/python3.12/site-packages/airflow/example_dags/example_latest_only_with_trigger.py
[2024-10-31T06:23:23.547+0000] {processor.py:914} INFO - Processing file /home/airflow/.local/lib/python3.12/site-packages/airflow/example_dags/example_latest_only_with_trigger.py for tasks to queue
[2024-10-31T06:23:23.549+0000] {logging_mixin.py:190} INFO - [2024-10-31T06:23:23.549+0000] {dagbag.py:588} INFO - Filling up the DagBag from /home/airflow/.local/lib/python3.12/site-packages/airflow/example_dags/example_latest_only_with_trigger.py
[2024-10-31T06:23:23.554+0000] {processor.py:925} INFO - DAG(s) 'latest_only_with_trigger' retrieved from /home/airflow/.local/lib/python3.12/site-packages/airflow/example_dags/example_latest_only_with_trigger.py
[2024-10-31T06:23:23.568+0000] {logging_mixin.py:190} INFO - [2024-10-31T06:23:23.568+0000] {dag.py:3239} INFO - Sync 1 DAGs
[2024-10-31T06:23:23.584+0000] {logging_mixin.py:190} INFO - [2024-10-31T06:23:23.584+0000] {dag.py:4180} INFO - Setting next_dagrun for latest_only_with_trigger to 2024-10-31 00:00:00+00:00, run_after=2024-10-31 04:00:00+00:00
[2024-10-31T06:23:23.598+0000] {processor.py:208} INFO - Processing /home/airflow/.local/lib/python3.12/site-packages/airflow/example_dags/example_latest_only_with_trigger.py took 0.056 seconds
[2024-10-31T06:23:54.267+0000] {processor.py:186} INFO - Started process (PID=321) to work on /home/airflow/.local/lib/python3.12/site-packages/airflow/example_dags/example_latest_only_with_trigger.py
[2024-10-31T06:23:54.268+0000] {processor.py:914} INFO - Processing file /home/airflow/.local/lib/python3.12/site-packages/airflow/example_dags/example_latest_only_with_trigger.py for tasks to queue
[2024-10-31T06:23:54.269+0000] {logging_mixin.py:190} INFO - [2024-10-31T06:23:54.269+0000] {dagbag.py:588} INFO - Filling up the DagBag from /home/airflow/.local/lib/python3.12/site-packages/airflow/example_dags/example_latest_only_with_trigger.py
[2024-10-31T06:23:54.275+0000] {processor.py:925} INFO - DAG(s) 'latest_only_with_trigger' retrieved from /home/airflow/.local/lib/python3.12/site-packages/airflow/example_dags/example_latest_only_with_trigger.py
[2024-10-31T06:23:54.288+0000] {logging_mixin.py:190} INFO - [2024-10-31T06:23:54.288+0000] {dag.py:3239} INFO - Sync 1 DAGs
[2024-10-31T06:23:54.304+0000] {logging_mixin.py:190} INFO - [2024-10-31T06:23:54.304+0000] {dag.py:4180} INFO - Setting next_dagrun for latest_only_with_trigger to 2024-10-31 00:00:00+00:00, run_after=2024-10-31 04:00:00+00:00
[2024-10-31T06:23:54.318+0000] {processor.py:208} INFO - Processing /home/airflow/.local/lib/python3.12/site-packages/airflow/example_dags/example_latest_only_with_trigger.py took 0.055 seconds
[2024-10-31T06:24:24.552+0000] {processor.py:186} INFO - Started process (PID=383) to work on /home/airflow/.local/lib/python3.12/site-packages/airflow/example_dags/example_latest_only_with_trigger.py
[2024-10-31T06:24:24.553+0000] {processor.py:914} INFO - Processing file /home/airflow/.local/lib/python3.12/site-packages/airflow/example_dags/example_latest_only_with_trigger.py for tasks to queue
[2024-10-31T06:24:24.557+0000] {logging_mixin.py:190} INFO - [2024-10-31T06:24:24.556+0000] {dagbag.py:588} INFO - Filling up the DagBag from /home/airflow/.local/lib/python3.12/site-packages/airflow/example_dags/example_latest_only_with_trigger.py
[2024-10-31T06:24:24.570+0000] {processor.py:925} INFO - DAG(s) 'latest_only_with_trigger' retrieved from /home/airflow/.local/lib/python3.12/site-packages/airflow/example_dags/example_latest_only_with_trigger.py
[2024-10-31T06:24:24.599+0000] {logging_mixin.py:190} INFO - [2024-10-31T06:24:24.598+0000] {dag.py:3239} INFO - Sync 1 DAGs
[2024-10-31T06:24:24.639+0000] {logging_mixin.py:190} INFO - [2024-10-31T06:24:24.638+0000] {dag.py:4180} INFO - Setting next_dagrun for latest_only_with_trigger to 2024-10-31 00:00:00+00:00, run_after=2024-10-31 04:00:00+00:00
[2024-10-31T06:24:24.674+0000] {processor.py:208} INFO - Processing /home/airflow/.local/lib/python3.12/site-packages/airflow/example_dags/example_latest_only_with_trigger.py took 0.129 seconds
[2024-10-31T06:24:55.726+0000] {processor.py:186} INFO - Started process (PID=449) to work on /home/airflow/.local/lib/python3.12/site-packages/airflow/example_dags/example_latest_only_with_trigger.py
[2024-10-31T06:24:55.727+0000] {processor.py:914} INFO - Processing file /home/airflow/.local/lib/python3.12/site-packages/airflow/example_dags/example_latest_only_with_trigger.py for tasks to queue
[2024-10-31T06:24:55.731+0000] {logging_mixin.py:190} INFO - [2024-10-31T06:24:55.730+0000] {dagbag.py:588} INFO - Filling up the DagBag from /home/airflow/.local/lib/python3.12/site-packages/airflow/example_dags/example_latest_only_with_trigger.py
[2024-10-31T06:24:55.742+0000] {processor.py:925} INFO - DAG(s) 'latest_only_with_trigger' retrieved from /home/airflow/.local/lib/python3.12/site-packages/airflow/example_dags/example_latest_only_with_trigger.py
[2024-10-31T06:24:55.770+0000] {logging_mixin.py:190} INFO - [2024-10-31T06:24:55.770+0000] {dag.py:3239} INFO - Sync 1 DAGs
[2024-10-31T06:24:55.798+0000] {logging_mixin.py:190} INFO - [2024-10-31T06:24:55.797+0000] {dag.py:4180} INFO - Setting next_dagrun for latest_only_with_trigger to 2024-10-31 00:00:00+00:00, run_after=2024-10-31 04:00:00+00:00
[2024-10-31T06:24:55.834+0000] {processor.py:208} INFO - Processing /home/airflow/.local/lib/python3.12/site-packages/airflow/example_dags/example_latest_only_with_trigger.py took 0.118 seconds
[2024-10-31T06:25:25.874+0000] {processor.py:186} INFO - Started process (PID=511) to work on /home/airflow/.local/lib/python3.12/site-packages/airflow/example_dags/example_latest_only_with_trigger.py
[2024-10-31T06:25:25.875+0000] {processor.py:914} INFO - Processing file /home/airflow/.local/lib/python3.12/site-packages/airflow/example_dags/example_latest_only_with_trigger.py for tasks to queue
[2024-10-31T06:25:25.879+0000] {logging_mixin.py:190} INFO - [2024-10-31T06:25:25.878+0000] {dagbag.py:588} INFO - Filling up the DagBag from /home/airflow/.local/lib/python3.12/site-packages/airflow/example_dags/example_latest_only_with_trigger.py
[2024-10-31T06:25:25.887+0000] {processor.py:925} INFO - DAG(s) 'latest_only_with_trigger' retrieved from /home/airflow/.local/lib/python3.12/site-packages/airflow/example_dags/example_latest_only_with_trigger.py
[2024-10-31T06:25:25.909+0000] {logging_mixin.py:190} INFO - [2024-10-31T06:25:25.909+0000] {dag.py:3239} INFO - Sync 1 DAGs
[2024-10-31T06:25:25.932+0000] {logging_mixin.py:190} INFO - [2024-10-31T06:25:25.931+0000] {dag.py:4180} INFO - Setting next_dagrun for latest_only_with_trigger to 2024-10-31 00:00:00+00:00, run_after=2024-10-31 04:00:00+00:00
[2024-10-31T06:25:25.948+0000] {processor.py:208} INFO - Processing /home/airflow/.local/lib/python3.12/site-packages/airflow/example_dags/example_latest_only_with_trigger.py took 0.079 seconds
[2024-10-31T06:25:56.368+0000] {processor.py:186} INFO - Started process (PID=573) to work on /home/airflow/.local/lib/python3.12/site-packages/airflow/example_dags/example_latest_only_with_trigger.py
[2024-10-31T06:25:56.369+0000] {processor.py:914} INFO - Processing file /home/airflow/.local/lib/python3.12/site-packages/airflow/example_dags/example_latest_only_with_trigger.py for tasks to queue
[2024-10-31T06:25:56.371+0000] {logging_mixin.py:190} INFO - [2024-10-31T06:25:56.371+0000] {dagbag.py:588} INFO - Filling up the DagBag from /home/airflow/.local/lib/python3.12/site-packages/airflow/example_dags/example_latest_only_with_trigger.py
[2024-10-31T06:25:56.377+0000] {processor.py:925} INFO - DAG(s) 'latest_only_with_trigger' retrieved from /home/airflow/.local/lib/python3.12/site-packages/airflow/example_dags/example_latest_only_with_trigger.py
[2024-10-31T06:25:56.393+0000] {logging_mixin.py:190} INFO - [2024-10-31T06:25:56.392+0000] {dag.py:3239} INFO - Sync 1 DAGs
[2024-10-31T06:25:56.411+0000] {logging_mixin.py:190} INFO - [2024-10-31T06:25:56.411+0000] {dag.py:4180} INFO - Setting next_dagrun for latest_only_with_trigger to 2024-10-31 00:00:00+00:00, run_after=2024-10-31 04:00:00+00:00
[2024-10-31T06:25:56.426+0000] {processor.py:208} INFO - Processing /home/airflow/.local/lib/python3.12/site-packages/airflow/example_dags/example_latest_only_with_trigger.py took 0.062 seconds
[2024-10-31T06:26:27.019+0000] {processor.py:186} INFO - Started process (PID=635) to work on /home/airflow/.local/lib/python3.12/site-packages/airflow/example_dags/example_latest_only_with_trigger.py
[2024-10-31T06:26:27.020+0000] {processor.py:914} INFO - Processing file /home/airflow/.local/lib/python3.12/site-packages/airflow/example_dags/example_latest_only_with_trigger.py for tasks to queue
[2024-10-31T06:26:27.022+0000] {logging_mixin.py:190} INFO - [2024-10-31T06:26:27.022+0000] {dagbag.py:588} INFO - Filling up the DagBag from /home/airflow/.local/lib/python3.12/site-packages/airflow/example_dags/example_latest_only_with_trigger.py
[2024-10-31T06:26:27.029+0000] {processor.py:925} INFO - DAG(s) 'latest_only_with_trigger' retrieved from /home/airflow/.local/lib/python3.12/site-packages/airflow/example_dags/example_latest_only_with_trigger.py
[2024-10-31T06:26:27.048+0000] {logging_mixin.py:190} INFO - [2024-10-31T06:26:27.047+0000] {dag.py:3239} INFO - Sync 1 DAGs
[2024-10-31T06:26:27.067+0000] {logging_mixin.py:190} INFO - [2024-10-31T06:26:27.067+0000] {dag.py:4180} INFO - Setting next_dagrun for latest_only_with_trigger to 2024-10-31 00:00:00+00:00, run_after=2024-10-31 04:00:00+00:00
[2024-10-31T06:26:27.085+0000] {processor.py:208} INFO - Processing /home/airflow/.local/lib/python3.12/site-packages/airflow/example_dags/example_latest_only_with_trigger.py took 0.071 seconds
[2024-10-31T06:26:57.605+0000] {processor.py:186} INFO - Started process (PID=697) to work on /home/airflow/.local/lib/python3.12/site-packages/airflow/example_dags/example_latest_only_with_trigger.py
[2024-10-31T06:26:57.606+0000] {processor.py:914} INFO - Processing file /home/airflow/.local/lib/python3.12/site-packages/airflow/example_dags/example_latest_only_with_trigger.py for tasks to queue
[2024-10-31T06:26:57.609+0000] {logging_mixin.py:190} INFO - [2024-10-31T06:26:57.608+0000] {dagbag.py:588} INFO - Filling up the DagBag from /home/airflow/.local/lib/python3.12/site-packages/airflow/example_dags/example_latest_only_with_trigger.py
[2024-10-31T06:26:57.616+0000] {processor.py:925} INFO - DAG(s) 'latest_only_with_trigger' retrieved from /home/airflow/.local/lib/python3.12/site-packages/airflow/example_dags/example_latest_only_with_trigger.py
[2024-10-31T06:26:57.634+0000] {logging_mixin.py:190} INFO - [2024-10-31T06:26:57.634+0000] {dag.py:3239} INFO - Sync 1 DAGs
[2024-10-31T06:26:57.656+0000] {logging_mixin.py:190} INFO - [2024-10-31T06:26:57.656+0000] {dag.py:4180} INFO - Setting next_dagrun for latest_only_with_trigger to 2024-10-31 00:00:00+00:00, run_after=2024-10-31 04:00:00+00:00
[2024-10-31T06:26:57.673+0000] {processor.py:208} INFO - Processing /home/airflow/.local/lib/python3.12/site-packages/airflow/example_dags/example_latest_only_with_trigger.py took 0.073 seconds
[2024-10-31T06:27:27.928+0000] {processor.py:186} INFO - Started process (PID=759) to work on /home/airflow/.local/lib/python3.12/site-packages/airflow/example_dags/example_latest_only_with_trigger.py
[2024-10-31T06:27:27.929+0000] {processor.py:914} INFO - Processing file /home/airflow/.local/lib/python3.12/site-packages/airflow/example_dags/example_latest_only_with_trigger.py for tasks to queue
[2024-10-31T06:27:27.931+0000] {logging_mixin.py:190} INFO - [2024-10-31T06:27:27.930+0000] {dagbag.py:588} INFO - Filling up the DagBag from /home/airflow/.local/lib/python3.12/site-packages/airflow/example_dags/example_latest_only_with_trigger.py
[2024-10-31T06:27:27.937+0000] {processor.py:925} INFO - DAG(s) 'latest_only_with_trigger' retrieved from /home/airflow/.local/lib/python3.12/site-packages/airflow/example_dags/example_latest_only_with_trigger.py
[2024-10-31T06:27:27.952+0000] {logging_mixin.py:190} INFO - [2024-10-31T06:27:27.952+0000] {dag.py:3239} INFO - Sync 1 DAGs
[2024-10-31T06:27:27.968+0000] {logging_mixin.py:190} INFO - [2024-10-31T06:27:27.968+0000] {dag.py:4180} INFO - Setting next_dagrun for latest_only_with_trigger to 2024-10-31 00:00:00+00:00, run_after=2024-10-31 04:00:00+00:00
[2024-10-31T06:27:27.982+0000] {processor.py:208} INFO - Processing /home/airflow/.local/lib/python3.12/site-packages/airflow/example_dags/example_latest_only_with_trigger.py took 0.059 seconds
[2024-10-31T06:27:59.231+0000] {processor.py:186} INFO - Started process (PID=821) to work on /home/airflow/.local/lib/python3.12/site-packages/airflow/example_dags/example_latest_only_with_trigger.py
[2024-10-31T06:27:59.232+0000] {processor.py:914} INFO - Processing file /home/airflow/.local/lib/python3.12/site-packages/airflow/example_dags/example_latest_only_with_trigger.py for tasks to queue
[2024-10-31T06:27:59.234+0000] {logging_mixin.py:190} INFO - [2024-10-31T06:27:59.234+0000] {dagbag.py:588} INFO - Filling up the DagBag from /home/airflow/.local/lib/python3.12/site-packages/airflow/example_dags/example_latest_only_with_trigger.py
[2024-10-31T06:27:59.240+0000] {processor.py:925} INFO - DAG(s) 'latest_only_with_trigger' retrieved from /home/airflow/.local/lib/python3.12/site-packages/airflow/example_dags/example_latest_only_with_trigger.py
[2024-10-31T06:27:59.256+0000] {logging_mixin.py:190} INFO - [2024-10-31T06:27:59.256+0000] {dag.py:3239} INFO - Sync 1 DAGs
[2024-10-31T06:27:59.273+0000] {logging_mixin.py:190} INFO - [2024-10-31T06:27:59.273+0000] {dag.py:4180} INFO - Setting next_dagrun for latest_only_with_trigger to 2024-10-31 00:00:00+00:00, run_after=2024-10-31 04:00:00+00:00
[2024-10-31T06:27:59.287+0000] {processor.py:208} INFO - Processing /home/airflow/.local/lib/python3.12/site-packages/airflow/example_dags/example_latest_only_with_trigger.py took 0.063 seconds
[2024-10-31T06:28:29.832+0000] {processor.py:186} INFO - Started process (PID=884) to work on /home/airflow/.local/lib/python3.12/site-packages/airflow/example_dags/example_latest_only_with_trigger.py
[2024-10-31T06:28:29.833+0000] {processor.py:914} INFO - Processing file /home/airflow/.local/lib/python3.12/site-packages/airflow/example_dags/example_latest_only_with_trigger.py for tasks to queue
[2024-10-31T06:28:29.835+0000] {logging_mixin.py:190} INFO - [2024-10-31T06:28:29.835+0000] {dagbag.py:588} INFO - Filling up the DagBag from /home/airflow/.local/lib/python3.12/site-packages/airflow/example_dags/example_latest_only_with_trigger.py
[2024-10-31T06:28:29.843+0000] {processor.py:925} INFO - DAG(s) 'latest_only_with_trigger' retrieved from /home/airflow/.local/lib/python3.12/site-packages/airflow/example_dags/example_latest_only_with_trigger.py
[2024-10-31T06:28:29.870+0000] {logging_mixin.py:190} INFO - [2024-10-31T06:28:29.869+0000] {dag.py:3239} INFO - Sync 1 DAGs
[2024-10-31T06:28:29.893+0000] {logging_mixin.py:190} INFO - [2024-10-31T06:28:29.893+0000] {dag.py:4180} INFO - Setting next_dagrun for latest_only_with_trigger to 2024-10-31 00:00:00+00:00, run_after=2024-10-31 04:00:00+00:00
[2024-10-31T06:28:29.913+0000] {processor.py:208} INFO - Processing /home/airflow/.local/lib/python3.12/site-packages/airflow/example_dags/example_latest_only_with_trigger.py took 0.087 seconds
