[2024-10-31T06:21:49.549+0000] {processor.py:186} INFO - Started process (PID=57) to work on /home/airflow/.local/lib/python3.12/site-packages/airflow/example_dags/example_display_name.py
[2024-10-31T06:21:49.549+0000] {processor.py:914} INFO - Processing file /home/airflow/.local/lib/python3.12/site-packages/airflow/example_dags/example_display_name.py for tasks to queue
[2024-10-31T06:21:49.551+0000] {logging_mixin.py:190} INFO - [2024-10-31T06:21:49.551+0000] {dagbag.py:588} INFO - Filling up the DagBag from /home/airflow/.local/lib/python3.12/site-packages/airflow/example_dags/example_display_name.py
[2024-10-31T06:21:49.556+0000] {processor.py:925} INFO - DAG(s) 'example_display_name' retrieved from /home/airflow/.local/lib/python3.12/site-packages/airflow/example_dags/example_display_name.py
[2024-10-31T06:21:49.632+0000] {logging_mixin.py:190} INFO - [2024-10-31T06:21:49.631+0000] {override.py:1900} INFO - Created Permission View: can delete on DAG:example_display_name
[2024-10-31T06:21:49.639+0000] {logging_mixin.py:190} INFO - [2024-10-31T06:21:49.639+0000] {override.py:1900} INFO - Created Permission View: can read on DAG:example_display_name
[2024-10-31T06:21:49.645+0000] {logging_mixin.py:190} INFO - [2024-10-31T06:21:49.645+0000] {override.py:1900} INFO - Created Permission View: can edit on DAG:example_display_name
[2024-10-31T06:21:49.653+0000] {logging_mixin.py:190} INFO - [2024-10-31T06:21:49.653+0000] {override.py:1900} INFO - Created Permission View: can delete on DAG Run:example_display_name
[2024-10-31T06:21:49.659+0000] {logging_mixin.py:190} INFO - [2024-10-31T06:21:49.659+0000] {override.py:1900} INFO - Created Permission View: can create on DAG Run:example_display_name
[2024-10-31T06:21:49.665+0000] {logging_mixin.py:190} INFO - [2024-10-31T06:21:49.665+0000] {override.py:1900} INFO - Created Permission View: can read on DAG Run:example_display_name
[2024-10-31T06:21:49.671+0000] {logging_mixin.py:190} INFO - [2024-10-31T06:21:49.671+0000] {override.py:1900} INFO - Created Permission View: menu access on DAG Run:example_display_name
[2024-10-31T06:21:49.671+0000] {logging_mixin.py:190} INFO - [2024-10-31T06:21:49.671+0000] {dag.py:3239} INFO - Sync 1 DAGs
[2024-10-31T06:21:49.680+0000] {logging_mixin.py:190} INFO - [2024-10-31T06:21:49.679+0000] {dag.py:3262} INFO - Creating ORM DAG for example_display_name
[2024-10-31T06:21:49.680+0000] {logging_mixin.py:190} INFO - [2024-10-31T06:21:49.680+0000] {dag.py:4180} INFO - Setting next_dagrun for example_display_name to None, run_after=None
[2024-10-31T06:21:49.691+0000] {processor.py:208} INFO - Processing /home/airflow/.local/lib/python3.12/site-packages/airflow/example_dags/example_display_name.py took 0.147 seconds
[2024-10-31T06:22:20.325+0000] {processor.py:186} INFO - Started process (PID=119) to work on /home/airflow/.local/lib/python3.12/site-packages/airflow/example_dags/example_display_name.py
[2024-10-31T06:22:20.326+0000] {processor.py:914} INFO - Processing file /home/airflow/.local/lib/python3.12/site-packages/airflow/example_dags/example_display_name.py for tasks to queue
[2024-10-31T06:22:20.328+0000] {logging_mixin.py:190} INFO - [2024-10-31T06:22:20.327+0000] {dagbag.py:588} INFO - Filling up the DagBag from /home/airflow/.local/lib/python3.12/site-packages/airflow/example_dags/example_display_name.py
[2024-10-31T06:22:20.333+0000] {processor.py:925} INFO - DAG(s) 'example_display_name' retrieved from /home/airflow/.local/lib/python3.12/site-packages/airflow/example_dags/example_display_name.py
[2024-10-31T06:22:20.347+0000] {logging_mixin.py:190} INFO - [2024-10-31T06:22:20.346+0000] {dag.py:3239} INFO - Sync 1 DAGs
[2024-10-31T06:22:20.357+0000] {logging_mixin.py:190} INFO - [2024-10-31T06:22:20.356+0000] {dag.py:4180} INFO - Setting next_dagrun for example_display_name to None, run_after=None
[2024-10-31T06:22:20.371+0000] {processor.py:208} INFO - Processing /home/airflow/.local/lib/python3.12/site-packages/airflow/example_dags/example_display_name.py took 0.050 seconds
[2024-10-31T06:22:50.959+0000] {processor.py:186} INFO - Started process (PID=181) to work on /home/airflow/.local/lib/python3.12/site-packages/airflow/example_dags/example_display_name.py
[2024-10-31T06:22:50.960+0000] {processor.py:914} INFO - Processing file /home/airflow/.local/lib/python3.12/site-packages/airflow/example_dags/example_display_name.py for tasks to queue
[2024-10-31T06:22:50.962+0000] {logging_mixin.py:190} INFO - [2024-10-31T06:22:50.962+0000] {dagbag.py:588} INFO - Filling up the DagBag from /home/airflow/.local/lib/python3.12/site-packages/airflow/example_dags/example_display_name.py
[2024-10-31T06:22:50.968+0000] {processor.py:925} INFO - DAG(s) 'example_display_name' retrieved from /home/airflow/.local/lib/python3.12/site-packages/airflow/example_dags/example_display_name.py
[2024-10-31T06:22:50.984+0000] {logging_mixin.py:190} INFO - [2024-10-31T06:22:50.984+0000] {dag.py:3239} INFO - Sync 1 DAGs
[2024-10-31T06:22:50.995+0000] {logging_mixin.py:190} INFO - [2024-10-31T06:22:50.995+0000] {dag.py:4180} INFO - Setting next_dagrun for example_display_name to None, run_after=None
[2024-10-31T06:22:51.012+0000] {processor.py:208} INFO - Processing /home/airflow/.local/lib/python3.12/site-packages/airflow/example_dags/example_display_name.py took 0.058 seconds
[2024-10-31T06:23:21.747+0000] {processor.py:186} INFO - Started process (PID=243) to work on /home/airflow/.local/lib/python3.12/site-packages/airflow/example_dags/example_display_name.py
[2024-10-31T06:23:21.748+0000] {processor.py:914} INFO - Processing file /home/airflow/.local/lib/python3.12/site-packages/airflow/example_dags/example_display_name.py for tasks to queue
[2024-10-31T06:23:21.750+0000] {logging_mixin.py:190} INFO - [2024-10-31T06:23:21.750+0000] {dagbag.py:588} INFO - Filling up the DagBag from /home/airflow/.local/lib/python3.12/site-packages/airflow/example_dags/example_display_name.py
[2024-10-31T06:23:21.756+0000] {processor.py:925} INFO - DAG(s) 'example_display_name' retrieved from /home/airflow/.local/lib/python3.12/site-packages/airflow/example_dags/example_display_name.py
[2024-10-31T06:23:21.769+0000] {logging_mixin.py:190} INFO - [2024-10-31T06:23:21.769+0000] {dag.py:3239} INFO - Sync 1 DAGs
[2024-10-31T06:23:21.779+0000] {logging_mixin.py:190} INFO - [2024-10-31T06:23:21.779+0000] {dag.py:4180} INFO - Setting next_dagrun for example_display_name to None, run_after=None
[2024-10-31T06:23:21.794+0000] {processor.py:208} INFO - Processing /home/airflow/.local/lib/python3.12/site-packages/airflow/example_dags/example_display_name.py took 0.051 seconds
[2024-10-31T06:23:52.457+0000] {processor.py:186} INFO - Started process (PID=305) to work on /home/airflow/.local/lib/python3.12/site-packages/airflow/example_dags/example_display_name.py
[2024-10-31T06:23:52.457+0000] {processor.py:914} INFO - Processing file /home/airflow/.local/lib/python3.12/site-packages/airflow/example_dags/example_display_name.py for tasks to queue
[2024-10-31T06:23:52.459+0000] {logging_mixin.py:190} INFO - [2024-10-31T06:23:52.459+0000] {dagbag.py:588} INFO - Filling up the DagBag from /home/airflow/.local/lib/python3.12/site-packages/airflow/example_dags/example_display_name.py
[2024-10-31T06:23:52.466+0000] {processor.py:925} INFO - DAG(s) 'example_display_name' retrieved from /home/airflow/.local/lib/python3.12/site-packages/airflow/example_dags/example_display_name.py
[2024-10-31T06:23:52.480+0000] {logging_mixin.py:190} INFO - [2024-10-31T06:23:52.480+0000] {dag.py:3239} INFO - Sync 1 DAGs
[2024-10-31T06:23:52.490+0000] {logging_mixin.py:190} INFO - [2024-10-31T06:23:52.490+0000] {dag.py:4180} INFO - Setting next_dagrun for example_display_name to None, run_after=None
[2024-10-31T06:23:52.510+0000] {processor.py:208} INFO - Processing /home/airflow/.local/lib/python3.12/site-packages/airflow/example_dags/example_display_name.py took 0.057 seconds
[2024-10-31T06:24:23.573+0000] {processor.py:186} INFO - Started process (PID=367) to work on /home/airflow/.local/lib/python3.12/site-packages/airflow/example_dags/example_display_name.py
[2024-10-31T06:24:23.574+0000] {processor.py:914} INFO - Processing file /home/airflow/.local/lib/python3.12/site-packages/airflow/example_dags/example_display_name.py for tasks to queue
[2024-10-31T06:24:23.576+0000] {logging_mixin.py:190} INFO - [2024-10-31T06:24:23.576+0000] {dagbag.py:588} INFO - Filling up the DagBag from /home/airflow/.local/lib/python3.12/site-packages/airflow/example_dags/example_display_name.py
[2024-10-31T06:24:23.582+0000] {processor.py:925} INFO - DAG(s) 'example_display_name' retrieved from /home/airflow/.local/lib/python3.12/site-packages/airflow/example_dags/example_display_name.py
[2024-10-31T06:24:23.597+0000] {logging_mixin.py:190} INFO - [2024-10-31T06:24:23.597+0000] {dag.py:3239} INFO - Sync 1 DAGs
[2024-10-31T06:24:23.608+0000] {logging_mixin.py:190} INFO - [2024-10-31T06:24:23.608+0000] {dag.py:4180} INFO - Setting next_dagrun for example_display_name to None, run_after=None
[2024-10-31T06:24:23.622+0000] {processor.py:208} INFO - Processing /home/airflow/.local/lib/python3.12/site-packages/airflow/example_dags/example_display_name.py took 0.053 seconds
[2024-10-31T06:24:54.034+0000] {processor.py:186} INFO - Started process (PID=433) to work on /home/airflow/.local/lib/python3.12/site-packages/airflow/example_dags/example_display_name.py
[2024-10-31T06:24:54.037+0000] {processor.py:914} INFO - Processing file /home/airflow/.local/lib/python3.12/site-packages/airflow/example_dags/example_display_name.py for tasks to queue
[2024-10-31T06:24:54.042+0000] {logging_mixin.py:190} INFO - [2024-10-31T06:24:54.041+0000] {dagbag.py:588} INFO - Filling up the DagBag from /home/airflow/.local/lib/python3.12/site-packages/airflow/example_dags/example_display_name.py
[2024-10-31T06:24:54.054+0000] {processor.py:925} INFO - DAG(s) 'example_display_name' retrieved from /home/airflow/.local/lib/python3.12/site-packages/airflow/example_dags/example_display_name.py
[2024-10-31T06:24:54.085+0000] {logging_mixin.py:190} INFO - [2024-10-31T06:24:54.085+0000] {dag.py:3239} INFO - Sync 1 DAGs
[2024-10-31T06:24:54.112+0000] {logging_mixin.py:190} INFO - [2024-10-31T06:24:54.112+0000] {dag.py:4180} INFO - Setting next_dagrun for example_display_name to None, run_after=None
[2024-10-31T06:24:54.151+0000] {processor.py:208} INFO - Processing /home/airflow/.local/lib/python3.12/site-packages/airflow/example_dags/example_display_name.py took 0.129 seconds
[2024-10-31T06:25:24.797+0000] {processor.py:186} INFO - Started process (PID=495) to work on /home/airflow/.local/lib/python3.12/site-packages/airflow/example_dags/example_display_name.py
[2024-10-31T06:25:24.798+0000] {processor.py:914} INFO - Processing file /home/airflow/.local/lib/python3.12/site-packages/airflow/example_dags/example_display_name.py for tasks to queue
[2024-10-31T06:25:24.800+0000] {logging_mixin.py:190} INFO - [2024-10-31T06:25:24.799+0000] {dagbag.py:588} INFO - Filling up the DagBag from /home/airflow/.local/lib/python3.12/site-packages/airflow/example_dags/example_display_name.py
[2024-10-31T06:25:24.806+0000] {processor.py:925} INFO - DAG(s) 'example_display_name' retrieved from /home/airflow/.local/lib/python3.12/site-packages/airflow/example_dags/example_display_name.py
[2024-10-31T06:25:24.824+0000] {logging_mixin.py:190} INFO - [2024-10-31T06:25:24.824+0000] {dag.py:3239} INFO - Sync 1 DAGs
[2024-10-31T06:25:24.835+0000] {logging_mixin.py:190} INFO - [2024-10-31T06:25:24.835+0000] {dag.py:4180} INFO - Setting next_dagrun for example_display_name to None, run_after=None
[2024-10-31T06:25:24.852+0000] {processor.py:208} INFO - Processing /home/airflow/.local/lib/python3.12/site-packages/airflow/example_dags/example_display_name.py took 0.059 seconds
[2024-10-31T06:25:55.489+0000] {processor.py:186} INFO - Started process (PID=557) to work on /home/airflow/.local/lib/python3.12/site-packages/airflow/example_dags/example_display_name.py
[2024-10-31T06:25:55.490+0000] {processor.py:914} INFO - Processing file /home/airflow/.local/lib/python3.12/site-packages/airflow/example_dags/example_display_name.py for tasks to queue
[2024-10-31T06:25:55.492+0000] {logging_mixin.py:190} INFO - [2024-10-31T06:25:55.492+0000] {dagbag.py:588} INFO - Filling up the DagBag from /home/airflow/.local/lib/python3.12/site-packages/airflow/example_dags/example_display_name.py
[2024-10-31T06:25:55.498+0000] {processor.py:925} INFO - DAG(s) 'example_display_name' retrieved from /home/airflow/.local/lib/python3.12/site-packages/airflow/example_dags/example_display_name.py
[2024-10-31T06:25:55.512+0000] {logging_mixin.py:190} INFO - [2024-10-31T06:25:55.512+0000] {dag.py:3239} INFO - Sync 1 DAGs
[2024-10-31T06:25:55.523+0000] {logging_mixin.py:190} INFO - [2024-10-31T06:25:55.523+0000] {dag.py:4180} INFO - Setting next_dagrun for example_display_name to None, run_after=None
[2024-10-31T06:25:55.538+0000] {processor.py:208} INFO - Processing /home/airflow/.local/lib/python3.12/site-packages/airflow/example_dags/example_display_name.py took 0.053 seconds
[2024-10-31T06:26:26.096+0000] {processor.py:186} INFO - Started process (PID=619) to work on /home/airflow/.local/lib/python3.12/site-packages/airflow/example_dags/example_display_name.py
[2024-10-31T06:26:26.099+0000] {processor.py:914} INFO - Processing file /home/airflow/.local/lib/python3.12/site-packages/airflow/example_dags/example_display_name.py for tasks to queue
[2024-10-31T06:26:26.103+0000] {logging_mixin.py:190} INFO - [2024-10-31T06:26:26.103+0000] {dagbag.py:588} INFO - Filling up the DagBag from /home/airflow/.local/lib/python3.12/site-packages/airflow/example_dags/example_display_name.py
[2024-10-31T06:26:26.113+0000] {processor.py:925} INFO - DAG(s) 'example_display_name' retrieved from /home/airflow/.local/lib/python3.12/site-packages/airflow/example_dags/example_display_name.py
[2024-10-31T06:26:26.130+0000] {logging_mixin.py:190} INFO - [2024-10-31T06:26:26.130+0000] {dag.py:3239} INFO - Sync 1 DAGs
[2024-10-31T06:26:26.142+0000] {logging_mixin.py:190} INFO - [2024-10-31T06:26:26.142+0000] {dag.py:4180} INFO - Setting next_dagrun for example_display_name to None, run_after=None
[2024-10-31T06:26:26.157+0000] {processor.py:208} INFO - Processing /home/airflow/.local/lib/python3.12/site-packages/airflow/example_dags/example_display_name.py took 0.070 seconds
[2024-10-31T06:26:56.718+0000] {processor.py:186} INFO - Started process (PID=681) to work on /home/airflow/.local/lib/python3.12/site-packages/airflow/example_dags/example_display_name.py
[2024-10-31T06:26:56.719+0000] {processor.py:914} INFO - Processing file /home/airflow/.local/lib/python3.12/site-packages/airflow/example_dags/example_display_name.py for tasks to queue
[2024-10-31T06:26:56.721+0000] {logging_mixin.py:190} INFO - [2024-10-31T06:26:56.721+0000] {dagbag.py:588} INFO - Filling up the DagBag from /home/airflow/.local/lib/python3.12/site-packages/airflow/example_dags/example_display_name.py
[2024-10-31T06:26:56.727+0000] {processor.py:925} INFO - DAG(s) 'example_display_name' retrieved from /home/airflow/.local/lib/python3.12/site-packages/airflow/example_dags/example_display_name.py
[2024-10-31T06:26:56.742+0000] {logging_mixin.py:190} INFO - [2024-10-31T06:26:56.741+0000] {dag.py:3239} INFO - Sync 1 DAGs
[2024-10-31T06:26:56.752+0000] {logging_mixin.py:190} INFO - [2024-10-31T06:26:56.752+0000] {dag.py:4180} INFO - Setting next_dagrun for example_display_name to None, run_after=None
[2024-10-31T06:26:56.767+0000] {processor.py:208} INFO - Processing /home/airflow/.local/lib/python3.12/site-packages/airflow/example_dags/example_display_name.py took 0.054 seconds
[2024-10-31T06:27:26.939+0000] {processor.py:186} INFO - Started process (PID=742) to work on /home/airflow/.local/lib/python3.12/site-packages/airflow/example_dags/example_display_name.py
[2024-10-31T06:27:26.940+0000] {processor.py:914} INFO - Processing file /home/airflow/.local/lib/python3.12/site-packages/airflow/example_dags/example_display_name.py for tasks to queue
[2024-10-31T06:27:26.943+0000] {logging_mixin.py:190} INFO - [2024-10-31T06:27:26.942+0000] {dagbag.py:588} INFO - Filling up the DagBag from /home/airflow/.local/lib/python3.12/site-packages/airflow/example_dags/example_display_name.py
[2024-10-31T06:27:26.951+0000] {processor.py:925} INFO - DAG(s) 'example_display_name' retrieved from /home/airflow/.local/lib/python3.12/site-packages/airflow/example_dags/example_display_name.py
[2024-10-31T06:27:26.969+0000] {logging_mixin.py:190} INFO - [2024-10-31T06:27:26.969+0000] {dag.py:3239} INFO - Sync 1 DAGs
[2024-10-31T06:27:26.982+0000] {logging_mixin.py:190} INFO - [2024-10-31T06:27:26.982+0000] {dag.py:4180} INFO - Setting next_dagrun for example_display_name to None, run_after=None
[2024-10-31T06:27:26.998+0000] {processor.py:208} INFO - Processing /home/airflow/.local/lib/python3.12/site-packages/airflow/example_dags/example_display_name.py took 0.068 seconds
[2024-10-31T06:27:57.058+0000] {processor.py:186} INFO - Started process (PID=804) to work on /home/airflow/.local/lib/python3.12/site-packages/airflow/example_dags/example_display_name.py
[2024-10-31T06:27:57.059+0000] {processor.py:914} INFO - Processing file /home/airflow/.local/lib/python3.12/site-packages/airflow/example_dags/example_display_name.py for tasks to queue
[2024-10-31T06:27:57.061+0000] {logging_mixin.py:190} INFO - [2024-10-31T06:27:57.061+0000] {dagbag.py:588} INFO - Filling up the DagBag from /home/airflow/.local/lib/python3.12/site-packages/airflow/example_dags/example_display_name.py
[2024-10-31T06:27:57.067+0000] {processor.py:925} INFO - DAG(s) 'example_display_name' retrieved from /home/airflow/.local/lib/python3.12/site-packages/airflow/example_dags/example_display_name.py
[2024-10-31T06:27:57.080+0000] {logging_mixin.py:190} INFO - [2024-10-31T06:27:57.080+0000] {dag.py:3239} INFO - Sync 1 DAGs
[2024-10-31T06:27:57.091+0000] {logging_mixin.py:190} INFO - [2024-10-31T06:27:57.090+0000] {dag.py:4180} INFO - Setting next_dagrun for example_display_name to None, run_after=None
[2024-10-31T06:27:57.105+0000] {processor.py:208} INFO - Processing /home/airflow/.local/lib/python3.12/site-packages/airflow/example_dags/example_display_name.py took 0.052 seconds
[2024-10-31T06:28:27.406+0000] {processor.py:186} INFO - Started process (PID=867) to work on /home/airflow/.local/lib/python3.12/site-packages/airflow/example_dags/example_display_name.py
[2024-10-31T06:28:27.407+0000] {processor.py:914} INFO - Processing file /home/airflow/.local/lib/python3.12/site-packages/airflow/example_dags/example_display_name.py for tasks to queue
[2024-10-31T06:28:27.409+0000] {logging_mixin.py:190} INFO - [2024-10-31T06:28:27.409+0000] {dagbag.py:588} INFO - Filling up the DagBag from /home/airflow/.local/lib/python3.12/site-packages/airflow/example_dags/example_display_name.py
[2024-10-31T06:28:27.415+0000] {processor.py:925} INFO - DAG(s) 'example_display_name' retrieved from /home/airflow/.local/lib/python3.12/site-packages/airflow/example_dags/example_display_name.py
[2024-10-31T06:28:27.431+0000] {logging_mixin.py:190} INFO - [2024-10-31T06:28:27.431+0000] {dag.py:3239} INFO - Sync 1 DAGs
[2024-10-31T06:28:27.442+0000] {logging_mixin.py:190} INFO - [2024-10-31T06:28:27.442+0000] {dag.py:4180} INFO - Setting next_dagrun for example_display_name to None, run_after=None
[2024-10-31T06:28:27.457+0000] {processor.py:208} INFO - Processing /home/airflow/.local/lib/python3.12/site-packages/airflow/example_dags/example_display_name.py took 0.055 seconds
