[2024-10-31T06:21:50.365+0000] {processor.py:186} INFO - Started process (PID=66) to work on /home/airflow/.local/lib/python3.12/site-packages/airflow/example_dags/example_inlet_event_extra.py
[2024-10-31T06:21:50.365+0000] {processor.py:914} INFO - Processing file /home/airflow/.local/lib/python3.12/site-packages/airflow/example_dags/example_inlet_event_extra.py for tasks to queue
[2024-10-31T06:21:50.367+0000] {logging_mixin.py:190} INFO - [2024-10-31T06:21:50.367+0000] {dagbag.py:588} INFO - Filling up the DagBag from /home/airflow/.local/lib/python3.12/site-packages/airflow/example_dags/example_inlet_event_extra.py
[2024-10-31T06:21:50.477+0000] {processor.py:925} INFO - DAG(s) 'read_dataset_event_from_classic', 'read_dataset_event' retrieved from /home/airflow/.local/lib/python3.12/site-packages/airflow/example_dags/example_inlet_event_extra.py
[2024-10-31T06:21:50.556+0000] {logging_mixin.py:190} INFO - [2024-10-31T06:21:50.555+0000] {override.py:1900} INFO - Created Permission View: can delete on DAG:read_dataset_event_from_classic
[2024-10-31T06:21:50.565+0000] {logging_mixin.py:190} INFO - [2024-10-31T06:21:50.565+0000] {override.py:1900} INFO - Created Permission View: can read on DAG:read_dataset_event_from_classic
[2024-10-31T06:21:50.571+0000] {logging_mixin.py:190} INFO - [2024-10-31T06:21:50.571+0000] {override.py:1900} INFO - Created Permission View: can edit on DAG:read_dataset_event_from_classic
[2024-10-31T06:21:50.581+0000] {logging_mixin.py:190} INFO - [2024-10-31T06:21:50.581+0000] {override.py:1900} INFO - Created Permission View: can delete on DAG Run:read_dataset_event_from_classic
[2024-10-31T06:21:50.587+0000] {logging_mixin.py:190} INFO - [2024-10-31T06:21:50.587+0000] {override.py:1900} INFO - Created Permission View: can create on DAG Run:read_dataset_event_from_classic
[2024-10-31T06:21:50.593+0000] {logging_mixin.py:190} INFO - [2024-10-31T06:21:50.593+0000] {override.py:1900} INFO - Created Permission View: can read on DAG Run:read_dataset_event_from_classic
[2024-10-31T06:21:50.599+0000] {logging_mixin.py:190} INFO - [2024-10-31T06:21:50.599+0000] {override.py:1900} INFO - Created Permission View: menu access on DAG Run:read_dataset_event_from_classic
[2024-10-31T06:21:50.611+0000] {logging_mixin.py:190} INFO - [2024-10-31T06:21:50.611+0000] {override.py:1900} INFO - Created Permission View: can delete on DAG:read_dataset_event
[2024-10-31T06:21:50.617+0000] {logging_mixin.py:190} INFO - [2024-10-31T06:21:50.616+0000] {override.py:1900} INFO - Created Permission View: can read on DAG:read_dataset_event
[2024-10-31T06:21:50.622+0000] {logging_mixin.py:190} INFO - [2024-10-31T06:21:50.622+0000] {override.py:1900} INFO - Created Permission View: can edit on DAG:read_dataset_event
[2024-10-31T06:21:50.630+0000] {logging_mixin.py:190} INFO - [2024-10-31T06:21:50.630+0000] {override.py:1900} INFO - Created Permission View: can delete on DAG Run:read_dataset_event
[2024-10-31T06:21:50.635+0000] {logging_mixin.py:190} INFO - [2024-10-31T06:21:50.635+0000] {override.py:1900} INFO - Created Permission View: can create on DAG Run:read_dataset_event
[2024-10-31T06:21:50.641+0000] {logging_mixin.py:190} INFO - [2024-10-31T06:21:50.641+0000] {override.py:1900} INFO - Created Permission View: can read on DAG Run:read_dataset_event
[2024-10-31T06:21:50.647+0000] {logging_mixin.py:190} INFO - [2024-10-31T06:21:50.647+0000] {override.py:1900} INFO - Created Permission View: menu access on DAG Run:read_dataset_event
[2024-10-31T06:21:50.648+0000] {logging_mixin.py:190} INFO - [2024-10-31T06:21:50.647+0000] {dag.py:3239} INFO - Sync 2 DAGs
[2024-10-31T06:21:50.657+0000] {logging_mixin.py:190} INFO - [2024-10-31T06:21:50.657+0000] {dag.py:3262} INFO - Creating ORM DAG for read_dataset_event
[2024-10-31T06:21:50.657+0000] {logging_mixin.py:190} INFO - [2024-10-31T06:21:50.657+0000] {dag.py:3262} INFO - Creating ORM DAG for read_dataset_event_from_classic
[2024-10-31T06:21:50.665+0000] {logging_mixin.py:190} INFO - [2024-10-31T06:21:50.665+0000] {dag.py:4180} INFO - Setting next_dagrun for read_dataset_event to 2024-10-30 00:00:00+00:00, run_after=2024-10-31 00:00:00+00:00
[2024-10-31T06:21:50.667+0000] {logging_mixin.py:190} INFO - [2024-10-31T06:21:50.666+0000] {dag.py:4180} INFO - Setting next_dagrun for read_dataset_event_from_classic to 2024-10-30 00:00:00+00:00, run_after=2024-10-31 00:00:00+00:00
[2024-10-31T06:21:50.681+0000] {processor.py:208} INFO - Processing /home/airflow/.local/lib/python3.12/site-packages/airflow/example_dags/example_inlet_event_extra.py took 0.321 seconds
[2024-10-31T06:22:20.796+0000] {processor.py:186} INFO - Started process (PID=129) to work on /home/airflow/.local/lib/python3.12/site-packages/airflow/example_dags/example_inlet_event_extra.py
[2024-10-31T06:22:20.797+0000] {processor.py:914} INFO - Processing file /home/airflow/.local/lib/python3.12/site-packages/airflow/example_dags/example_inlet_event_extra.py for tasks to queue
[2024-10-31T06:22:20.799+0000] {logging_mixin.py:190} INFO - [2024-10-31T06:22:20.798+0000] {dagbag.py:588} INFO - Filling up the DagBag from /home/airflow/.local/lib/python3.12/site-packages/airflow/example_dags/example_inlet_event_extra.py
[2024-10-31T06:22:20.899+0000] {processor.py:925} INFO - DAG(s) 'read_dataset_event_from_classic', 'read_dataset_event' retrieved from /home/airflow/.local/lib/python3.12/site-packages/airflow/example_dags/example_inlet_event_extra.py
[2024-10-31T06:22:20.915+0000] {logging_mixin.py:190} INFO - [2024-10-31T06:22:20.915+0000] {dag.py:3239} INFO - Sync 2 DAGs
[2024-10-31T06:22:20.932+0000] {logging_mixin.py:190} INFO - [2024-10-31T06:22:20.932+0000] {dag.py:4180} INFO - Setting next_dagrun for read_dataset_event to 2024-10-30 00:00:00+00:00, run_after=2024-10-31 00:00:00+00:00
[2024-10-31T06:22:20.936+0000] {logging_mixin.py:190} INFO - [2024-10-31T06:22:20.936+0000] {dag.py:4180} INFO - Setting next_dagrun for read_dataset_event_from_classic to 2024-10-30 00:00:00+00:00, run_after=2024-10-31 00:00:00+00:00
[2024-10-31T06:22:20.950+0000] {processor.py:208} INFO - Processing /home/airflow/.local/lib/python3.12/site-packages/airflow/example_dags/example_inlet_event_extra.py took 0.158 seconds
[2024-10-31T06:22:51.439+0000] {processor.py:186} INFO - Started process (PID=190) to work on /home/airflow/.local/lib/python3.12/site-packages/airflow/example_dags/example_inlet_event_extra.py
[2024-10-31T06:22:51.440+0000] {processor.py:914} INFO - Processing file /home/airflow/.local/lib/python3.12/site-packages/airflow/example_dags/example_inlet_event_extra.py for tasks to queue
[2024-10-31T06:22:51.441+0000] {logging_mixin.py:190} INFO - [2024-10-31T06:22:51.441+0000] {dagbag.py:588} INFO - Filling up the DagBag from /home/airflow/.local/lib/python3.12/site-packages/airflow/example_dags/example_inlet_event_extra.py
[2024-10-31T06:22:51.542+0000] {processor.py:925} INFO - DAG(s) 'read_dataset_event', 'read_dataset_event_from_classic' retrieved from /home/airflow/.local/lib/python3.12/site-packages/airflow/example_dags/example_inlet_event_extra.py
[2024-10-31T06:22:51.562+0000] {logging_mixin.py:190} INFO - [2024-10-31T06:22:51.562+0000] {dag.py:3239} INFO - Sync 2 DAGs
[2024-10-31T06:22:51.588+0000] {logging_mixin.py:190} INFO - [2024-10-31T06:22:51.587+0000] {dag.py:4180} INFO - Setting next_dagrun for read_dataset_event to 2024-10-30 00:00:00+00:00, run_after=2024-10-31 00:00:00+00:00
[2024-10-31T06:22:51.591+0000] {logging_mixin.py:190} INFO - [2024-10-31T06:22:51.591+0000] {dag.py:4180} INFO - Setting next_dagrun for read_dataset_event_from_classic to 2024-10-30 00:00:00+00:00, run_after=2024-10-31 00:00:00+00:00
[2024-10-31T06:22:51.606+0000] {processor.py:208} INFO - Processing /home/airflow/.local/lib/python3.12/site-packages/airflow/example_dags/example_inlet_event_extra.py took 0.172 seconds
[2024-10-31T06:23:22.144+0000] {processor.py:186} INFO - Started process (PID=252) to work on /home/airflow/.local/lib/python3.12/site-packages/airflow/example_dags/example_inlet_event_extra.py
[2024-10-31T06:23:22.145+0000] {processor.py:914} INFO - Processing file /home/airflow/.local/lib/python3.12/site-packages/airflow/example_dags/example_inlet_event_extra.py for tasks to queue
[2024-10-31T06:23:22.147+0000] {logging_mixin.py:190} INFO - [2024-10-31T06:23:22.147+0000] {dagbag.py:588} INFO - Filling up the DagBag from /home/airflow/.local/lib/python3.12/site-packages/airflow/example_dags/example_inlet_event_extra.py
[2024-10-31T06:23:22.259+0000] {processor.py:925} INFO - DAG(s) 'read_dataset_event', 'read_dataset_event_from_classic' retrieved from /home/airflow/.local/lib/python3.12/site-packages/airflow/example_dags/example_inlet_event_extra.py
[2024-10-31T06:23:22.276+0000] {logging_mixin.py:190} INFO - [2024-10-31T06:23:22.276+0000] {dag.py:3239} INFO - Sync 2 DAGs
[2024-10-31T06:23:22.297+0000] {logging_mixin.py:190} INFO - [2024-10-31T06:23:22.297+0000] {dag.py:4180} INFO - Setting next_dagrun for read_dataset_event to 2024-10-30 00:00:00+00:00, run_after=2024-10-31 00:00:00+00:00
[2024-10-31T06:23:22.301+0000] {logging_mixin.py:190} INFO - [2024-10-31T06:23:22.301+0000] {dag.py:4180} INFO - Setting next_dagrun for read_dataset_event_from_classic to 2024-10-30 00:00:00+00:00, run_after=2024-10-31 00:00:00+00:00
[2024-10-31T06:23:22.315+0000] {processor.py:208} INFO - Processing /home/airflow/.local/lib/python3.12/site-packages/airflow/example_dags/example_inlet_event_extra.py took 0.175 seconds
[2024-10-31T06:23:52.855+0000] {processor.py:186} INFO - Started process (PID=314) to work on /home/airflow/.local/lib/python3.12/site-packages/airflow/example_dags/example_inlet_event_extra.py
[2024-10-31T06:23:52.856+0000] {processor.py:914} INFO - Processing file /home/airflow/.local/lib/python3.12/site-packages/airflow/example_dags/example_inlet_event_extra.py for tasks to queue
[2024-10-31T06:23:52.857+0000] {logging_mixin.py:190} INFO - [2024-10-31T06:23:52.857+0000] {dagbag.py:588} INFO - Filling up the DagBag from /home/airflow/.local/lib/python3.12/site-packages/airflow/example_dags/example_inlet_event_extra.py
[2024-10-31T06:23:52.959+0000] {processor.py:925} INFO - DAG(s) 'read_dataset_event_from_classic', 'read_dataset_event' retrieved from /home/airflow/.local/lib/python3.12/site-packages/airflow/example_dags/example_inlet_event_extra.py
[2024-10-31T06:23:52.977+0000] {logging_mixin.py:190} INFO - [2024-10-31T06:23:52.977+0000] {dag.py:3239} INFO - Sync 2 DAGs
[2024-10-31T06:23:52.998+0000] {logging_mixin.py:190} INFO - [2024-10-31T06:23:52.997+0000] {dag.py:4180} INFO - Setting next_dagrun for read_dataset_event to 2024-10-30 00:00:00+00:00, run_after=2024-10-31 00:00:00+00:00
[2024-10-31T06:23:53.002+0000] {logging_mixin.py:190} INFO - [2024-10-31T06:23:53.002+0000] {dag.py:4180} INFO - Setting next_dagrun for read_dataset_event_from_classic to 2024-10-30 00:00:00+00:00, run_after=2024-10-31 00:00:00+00:00
[2024-10-31T06:23:53.017+0000] {processor.py:208} INFO - Processing /home/airflow/.local/lib/python3.12/site-packages/airflow/example_dags/example_inlet_event_extra.py took 0.167 seconds
[2024-10-31T06:24:24.010+0000] {processor.py:186} INFO - Started process (PID=376) to work on /home/airflow/.local/lib/python3.12/site-packages/airflow/example_dags/example_inlet_event_extra.py
[2024-10-31T06:24:24.013+0000] {processor.py:914} INFO - Processing file /home/airflow/.local/lib/python3.12/site-packages/airflow/example_dags/example_inlet_event_extra.py for tasks to queue
[2024-10-31T06:24:24.016+0000] {logging_mixin.py:190} INFO - [2024-10-31T06:24:24.015+0000] {dagbag.py:588} INFO - Filling up the DagBag from /home/airflow/.local/lib/python3.12/site-packages/airflow/example_dags/example_inlet_event_extra.py
[2024-10-31T06:24:24.216+0000] {processor.py:925} INFO - DAG(s) 'read_dataset_event', 'read_dataset_event_from_classic' retrieved from /home/airflow/.local/lib/python3.12/site-packages/airflow/example_dags/example_inlet_event_extra.py
[2024-10-31T06:24:24.241+0000] {logging_mixin.py:190} INFO - [2024-10-31T06:24:24.240+0000] {dag.py:3239} INFO - Sync 2 DAGs
[2024-10-31T06:24:24.263+0000] {logging_mixin.py:190} INFO - [2024-10-31T06:24:24.262+0000] {dag.py:4180} INFO - Setting next_dagrun for read_dataset_event to 2024-10-30 00:00:00+00:00, run_after=2024-10-31 00:00:00+00:00
[2024-10-31T06:24:24.266+0000] {logging_mixin.py:190} INFO - [2024-10-31T06:24:24.266+0000] {dag.py:4180} INFO - Setting next_dagrun for read_dataset_event_from_classic to 2024-10-30 00:00:00+00:00, run_after=2024-10-31 00:00:00+00:00
[2024-10-31T06:24:24.279+0000] {processor.py:208} INFO - Processing /home/airflow/.local/lib/python3.12/site-packages/airflow/example_dags/example_inlet_event_extra.py took 0.280 seconds
[2024-10-31T06:24:54.922+0000] {processor.py:186} INFO - Started process (PID=442) to work on /home/airflow/.local/lib/python3.12/site-packages/airflow/example_dags/example_inlet_event_extra.py
[2024-10-31T06:24:54.924+0000] {processor.py:914} INFO - Processing file /home/airflow/.local/lib/python3.12/site-packages/airflow/example_dags/example_inlet_event_extra.py for tasks to queue
[2024-10-31T06:24:54.926+0000] {logging_mixin.py:190} INFO - [2024-10-31T06:24:54.926+0000] {dagbag.py:588} INFO - Filling up the DagBag from /home/airflow/.local/lib/python3.12/site-packages/airflow/example_dags/example_inlet_event_extra.py
[2024-10-31T06:24:55.109+0000] {processor.py:925} INFO - DAG(s) 'read_dataset_event', 'read_dataset_event_from_classic' retrieved from /home/airflow/.local/lib/python3.12/site-packages/airflow/example_dags/example_inlet_event_extra.py
[2024-10-31T06:24:55.146+0000] {logging_mixin.py:190} INFO - [2024-10-31T06:24:55.145+0000] {dag.py:3239} INFO - Sync 2 DAGs
[2024-10-31T06:24:55.183+0000] {logging_mixin.py:190} INFO - [2024-10-31T06:24:55.183+0000] {dag.py:4180} INFO - Setting next_dagrun for read_dataset_event to 2024-10-30 00:00:00+00:00, run_after=2024-10-31 00:00:00+00:00
[2024-10-31T06:24:55.196+0000] {logging_mixin.py:190} INFO - [2024-10-31T06:24:55.196+0000] {dag.py:4180} INFO - Setting next_dagrun for read_dataset_event_from_classic to 2024-10-30 00:00:00+00:00, run_after=2024-10-31 00:00:00+00:00
[2024-10-31T06:24:55.224+0000] {processor.py:208} INFO - Processing /home/airflow/.local/lib/python3.12/site-packages/airflow/example_dags/example_inlet_event_extra.py took 0.310 seconds
[2024-10-31T06:25:25.329+0000] {processor.py:186} INFO - Started process (PID=505) to work on /home/airflow/.local/lib/python3.12/site-packages/airflow/example_dags/example_inlet_event_extra.py
[2024-10-31T06:25:25.330+0000] {processor.py:914} INFO - Processing file /home/airflow/.local/lib/python3.12/site-packages/airflow/example_dags/example_inlet_event_extra.py for tasks to queue
[2024-10-31T06:25:25.332+0000] {logging_mixin.py:190} INFO - [2024-10-31T06:25:25.332+0000] {dagbag.py:588} INFO - Filling up the DagBag from /home/airflow/.local/lib/python3.12/site-packages/airflow/example_dags/example_inlet_event_extra.py
[2024-10-31T06:25:25.450+0000] {processor.py:925} INFO - DAG(s) 'read_dataset_event_from_classic', 'read_dataset_event' retrieved from /home/airflow/.local/lib/python3.12/site-packages/airflow/example_dags/example_inlet_event_extra.py
[2024-10-31T06:25:25.471+0000] {logging_mixin.py:190} INFO - [2024-10-31T06:25:25.471+0000] {dag.py:3239} INFO - Sync 2 DAGs
[2024-10-31T06:25:25.497+0000] {logging_mixin.py:190} INFO - [2024-10-31T06:25:25.496+0000] {dag.py:4180} INFO - Setting next_dagrun for read_dataset_event to 2024-10-30 00:00:00+00:00, run_after=2024-10-31 00:00:00+00:00
[2024-10-31T06:25:25.502+0000] {logging_mixin.py:190} INFO - [2024-10-31T06:25:25.501+0000] {dag.py:4180} INFO - Setting next_dagrun for read_dataset_event_from_classic to 2024-10-30 00:00:00+00:00, run_after=2024-10-31 00:00:00+00:00
[2024-10-31T06:25:25.519+0000] {processor.py:208} INFO - Processing /home/airflow/.local/lib/python3.12/site-packages/airflow/example_dags/example_inlet_event_extra.py took 0.194 seconds
[2024-10-31T06:25:55.995+0000] {processor.py:186} INFO - Started process (PID=566) to work on /home/airflow/.local/lib/python3.12/site-packages/airflow/example_dags/example_inlet_event_extra.py
[2024-10-31T06:25:55.996+0000] {processor.py:914} INFO - Processing file /home/airflow/.local/lib/python3.12/site-packages/airflow/example_dags/example_inlet_event_extra.py for tasks to queue
[2024-10-31T06:25:55.998+0000] {logging_mixin.py:190} INFO - [2024-10-31T06:25:55.998+0000] {dagbag.py:588} INFO - Filling up the DagBag from /home/airflow/.local/lib/python3.12/site-packages/airflow/example_dags/example_inlet_event_extra.py
[2024-10-31T06:25:56.106+0000] {processor.py:925} INFO - DAG(s) 'read_dataset_event', 'read_dataset_event_from_classic' retrieved from /home/airflow/.local/lib/python3.12/site-packages/airflow/example_dags/example_inlet_event_extra.py
[2024-10-31T06:25:56.121+0000] {logging_mixin.py:190} INFO - [2024-10-31T06:25:56.121+0000] {dag.py:3239} INFO - Sync 2 DAGs
[2024-10-31T06:25:56.140+0000] {logging_mixin.py:190} INFO - [2024-10-31T06:25:56.140+0000] {dag.py:4180} INFO - Setting next_dagrun for read_dataset_event to 2024-10-30 00:00:00+00:00, run_after=2024-10-31 00:00:00+00:00
[2024-10-31T06:25:56.143+0000] {logging_mixin.py:190} INFO - [2024-10-31T06:25:56.143+0000] {dag.py:4180} INFO - Setting next_dagrun for read_dataset_event_from_classic to 2024-10-30 00:00:00+00:00, run_after=2024-10-31 00:00:00+00:00
[2024-10-31T06:25:56.157+0000] {processor.py:208} INFO - Processing /home/airflow/.local/lib/python3.12/site-packages/airflow/example_dags/example_inlet_event_extra.py took 0.167 seconds
[2024-10-31T06:26:26.633+0000] {processor.py:186} INFO - Started process (PID=628) to work on /home/airflow/.local/lib/python3.12/site-packages/airflow/example_dags/example_inlet_event_extra.py
[2024-10-31T06:26:26.634+0000] {processor.py:914} INFO - Processing file /home/airflow/.local/lib/python3.12/site-packages/airflow/example_dags/example_inlet_event_extra.py for tasks to queue
[2024-10-31T06:26:26.637+0000] {logging_mixin.py:190} INFO - [2024-10-31T06:26:26.636+0000] {dagbag.py:588} INFO - Filling up the DagBag from /home/airflow/.local/lib/python3.12/site-packages/airflow/example_dags/example_inlet_event_extra.py
[2024-10-31T06:26:26.738+0000] {processor.py:925} INFO - DAG(s) 'read_dataset_event', 'read_dataset_event_from_classic' retrieved from /home/airflow/.local/lib/python3.12/site-packages/airflow/example_dags/example_inlet_event_extra.py
[2024-10-31T06:26:26.756+0000] {logging_mixin.py:190} INFO - [2024-10-31T06:26:26.755+0000] {dag.py:3239} INFO - Sync 2 DAGs
[2024-10-31T06:26:26.773+0000] {logging_mixin.py:190} INFO - [2024-10-31T06:26:26.773+0000] {dag.py:4180} INFO - Setting next_dagrun for read_dataset_event to 2024-10-30 00:00:00+00:00, run_after=2024-10-31 00:00:00+00:00
[2024-10-31T06:26:26.776+0000] {logging_mixin.py:190} INFO - [2024-10-31T06:26:26.776+0000] {dag.py:4180} INFO - Setting next_dagrun for read_dataset_event_from_classic to 2024-10-30 00:00:00+00:00, run_after=2024-10-31 00:00:00+00:00
[2024-10-31T06:26:26.788+0000] {processor.py:208} INFO - Processing /home/airflow/.local/lib/python3.12/site-packages/airflow/example_dags/example_inlet_event_extra.py took 0.160 seconds
[2024-10-31T06:26:57.158+0000] {processor.py:186} INFO - Started process (PID=690) to work on /home/airflow/.local/lib/python3.12/site-packages/airflow/example_dags/example_inlet_event_extra.py
[2024-10-31T06:26:57.158+0000] {processor.py:914} INFO - Processing file /home/airflow/.local/lib/python3.12/site-packages/airflow/example_dags/example_inlet_event_extra.py for tasks to queue
[2024-10-31T06:26:57.160+0000] {logging_mixin.py:190} INFO - [2024-10-31T06:26:57.160+0000] {dagbag.py:588} INFO - Filling up the DagBag from /home/airflow/.local/lib/python3.12/site-packages/airflow/example_dags/example_inlet_event_extra.py
[2024-10-31T06:26:57.274+0000] {processor.py:925} INFO - DAG(s) 'read_dataset_event', 'read_dataset_event_from_classic' retrieved from /home/airflow/.local/lib/python3.12/site-packages/airflow/example_dags/example_inlet_event_extra.py
[2024-10-31T06:26:57.293+0000] {logging_mixin.py:190} INFO - [2024-10-31T06:26:57.293+0000] {dag.py:3239} INFO - Sync 2 DAGs
[2024-10-31T06:26:57.328+0000] {logging_mixin.py:190} INFO - [2024-10-31T06:26:57.328+0000] {dag.py:4180} INFO - Setting next_dagrun for read_dataset_event to 2024-10-30 00:00:00+00:00, run_after=2024-10-31 00:00:00+00:00
[2024-10-31T06:26:57.334+0000] {logging_mixin.py:190} INFO - [2024-10-31T06:26:57.333+0000] {dag.py:4180} INFO - Setting next_dagrun for read_dataset_event_from_classic to 2024-10-30 00:00:00+00:00, run_after=2024-10-31 00:00:00+00:00
[2024-10-31T06:26:57.354+0000] {processor.py:208} INFO - Processing /home/airflow/.local/lib/python3.12/site-packages/airflow/example_dags/example_inlet_event_extra.py took 0.201 seconds
[2024-10-31T06:27:27.537+0000] {processor.py:186} INFO - Started process (PID=752) to work on /home/airflow/.local/lib/python3.12/site-packages/airflow/example_dags/example_inlet_event_extra.py
[2024-10-31T06:27:27.538+0000] {processor.py:914} INFO - Processing file /home/airflow/.local/lib/python3.12/site-packages/airflow/example_dags/example_inlet_event_extra.py for tasks to queue
[2024-10-31T06:27:27.540+0000] {logging_mixin.py:190} INFO - [2024-10-31T06:27:27.540+0000] {dagbag.py:588} INFO - Filling up the DagBag from /home/airflow/.local/lib/python3.12/site-packages/airflow/example_dags/example_inlet_event_extra.py
[2024-10-31T06:27:27.658+0000] {processor.py:925} INFO - DAG(s) 'read_dataset_event', 'read_dataset_event_from_classic' retrieved from /home/airflow/.local/lib/python3.12/site-packages/airflow/example_dags/example_inlet_event_extra.py
[2024-10-31T06:27:27.675+0000] {logging_mixin.py:190} INFO - [2024-10-31T06:27:27.675+0000] {dag.py:3239} INFO - Sync 2 DAGs
[2024-10-31T06:27:27.696+0000] {logging_mixin.py:190} INFO - [2024-10-31T06:27:27.696+0000] {dag.py:4180} INFO - Setting next_dagrun for read_dataset_event to 2024-10-30 00:00:00+00:00, run_after=2024-10-31 00:00:00+00:00
[2024-10-31T06:27:27.699+0000] {logging_mixin.py:190} INFO - [2024-10-31T06:27:27.699+0000] {dag.py:4180} INFO - Setting next_dagrun for read_dataset_event_from_classic to 2024-10-30 00:00:00+00:00, run_after=2024-10-31 00:00:00+00:00
[2024-10-31T06:27:27.713+0000] {processor.py:208} INFO - Processing /home/airflow/.local/lib/python3.12/site-packages/airflow/example_dags/example_inlet_event_extra.py took 0.184 seconds
[2024-10-31T06:27:58.803+0000] {processor.py:186} INFO - Started process (PID=814) to work on /home/airflow/.local/lib/python3.12/site-packages/airflow/example_dags/example_inlet_event_extra.py
[2024-10-31T06:27:58.804+0000] {processor.py:914} INFO - Processing file /home/airflow/.local/lib/python3.12/site-packages/airflow/example_dags/example_inlet_event_extra.py for tasks to queue
[2024-10-31T06:27:58.806+0000] {logging_mixin.py:190} INFO - [2024-10-31T06:27:58.806+0000] {dagbag.py:588} INFO - Filling up the DagBag from /home/airflow/.local/lib/python3.12/site-packages/airflow/example_dags/example_inlet_event_extra.py
[2024-10-31T06:27:58.916+0000] {processor.py:925} INFO - DAG(s) 'read_dataset_event_from_classic', 'read_dataset_event' retrieved from /home/airflow/.local/lib/python3.12/site-packages/airflow/example_dags/example_inlet_event_extra.py
[2024-10-31T06:27:58.936+0000] {logging_mixin.py:190} INFO - [2024-10-31T06:27:58.936+0000] {dag.py:3239} INFO - Sync 2 DAGs
[2024-10-31T06:27:58.959+0000] {logging_mixin.py:190} INFO - [2024-10-31T06:27:58.959+0000] {dag.py:4180} INFO - Setting next_dagrun for read_dataset_event to 2024-10-30 00:00:00+00:00, run_after=2024-10-31 00:00:00+00:00
[2024-10-31T06:27:58.963+0000] {logging_mixin.py:190} INFO - [2024-10-31T06:27:58.963+0000] {dag.py:4180} INFO - Setting next_dagrun for read_dataset_event_from_classic to 2024-10-30 00:00:00+00:00, run_after=2024-10-31 00:00:00+00:00
[2024-10-31T06:27:58.979+0000] {processor.py:208} INFO - Processing /home/airflow/.local/lib/python3.12/site-packages/airflow/example_dags/example_inlet_event_extra.py took 0.181 seconds
[2024-10-31T06:28:29.000+0000] {processor.py:186} INFO - Started process (PID=877) to work on /home/airflow/.local/lib/python3.12/site-packages/airflow/example_dags/example_inlet_event_extra.py
[2024-10-31T06:28:29.001+0000] {processor.py:914} INFO - Processing file /home/airflow/.local/lib/python3.12/site-packages/airflow/example_dags/example_inlet_event_extra.py for tasks to queue
[2024-10-31T06:28:29.003+0000] {logging_mixin.py:190} INFO - [2024-10-31T06:28:29.003+0000] {dagbag.py:588} INFO - Filling up the DagBag from /home/airflow/.local/lib/python3.12/site-packages/airflow/example_dags/example_inlet_event_extra.py
[2024-10-31T06:28:29.114+0000] {processor.py:925} INFO - DAG(s) 'read_dataset_event', 'read_dataset_event_from_classic' retrieved from /home/airflow/.local/lib/python3.12/site-packages/airflow/example_dags/example_inlet_event_extra.py
[2024-10-31T06:28:29.137+0000] {logging_mixin.py:190} INFO - [2024-10-31T06:28:29.136+0000] {dag.py:3239} INFO - Sync 2 DAGs
[2024-10-31T06:28:29.158+0000] {logging_mixin.py:190} INFO - [2024-10-31T06:28:29.158+0000] {dag.py:4180} INFO - Setting next_dagrun for read_dataset_event to 2024-10-30 00:00:00+00:00, run_after=2024-10-31 00:00:00+00:00
[2024-10-31T06:28:29.162+0000] {logging_mixin.py:190} INFO - [2024-10-31T06:28:29.162+0000] {dag.py:4180} INFO - Setting next_dagrun for read_dataset_event_from_classic to 2024-10-30 00:00:00+00:00, run_after=2024-10-31 00:00:00+00:00
[2024-10-31T06:28:29.184+0000] {processor.py:208} INFO - Processing /home/airflow/.local/lib/python3.12/site-packages/airflow/example_dags/example_inlet_event_extra.py took 0.189 seconds
