[2024-10-31T06:21:51.409+0000] {processor.py:186} INFO - Started process (PID=76) to work on /home/airflow/.local/lib/python3.12/site-packages/airflow/example_dags/example_sensor_decorator.py
[2024-10-31T06:21:51.410+0000] {processor.py:914} INFO - Processing file /home/airflow/.local/lib/python3.12/site-packages/airflow/example_dags/example_sensor_decorator.py for tasks to queue
[2024-10-31T06:21:51.412+0000] {logging_mixin.py:190} INFO - [2024-10-31T06:21:51.412+0000] {dagbag.py:588} INFO - Filling up the DagBag from /home/airflow/.local/lib/python3.12/site-packages/airflow/example_dags/example_sensor_decorator.py
[2024-10-31T06:21:51.419+0000] {processor.py:925} INFO - DAG(s) 'example_sensor_decorator' retrieved from /home/airflow/.local/lib/python3.12/site-packages/airflow/example_dags/example_sensor_decorator.py
[2024-10-31T06:21:51.508+0000] {logging_mixin.py:190} INFO - [2024-10-31T06:21:51.507+0000] {override.py:1900} INFO - Created Permission View: can delete on DAG:example_sensor_decorator
[2024-10-31T06:21:51.518+0000] {logging_mixin.py:190} INFO - [2024-10-31T06:21:51.517+0000] {override.py:1900} INFO - Created Permission View: can read on DAG:example_sensor_decorator
[2024-10-31T06:21:51.528+0000] {logging_mixin.py:190} INFO - [2024-10-31T06:21:51.527+0000] {override.py:1900} INFO - Created Permission View: can edit on DAG:example_sensor_decorator
[2024-10-31T06:21:51.537+0000] {logging_mixin.py:190} INFO - [2024-10-31T06:21:51.537+0000] {override.py:1900} INFO - Created Permission View: can delete on DAG Run:example_sensor_decorator
[2024-10-31T06:21:51.544+0000] {logging_mixin.py:190} INFO - [2024-10-31T06:21:51.544+0000] {override.py:1900} INFO - Created Permission View: can create on DAG Run:example_sensor_decorator
[2024-10-31T06:21:51.551+0000] {logging_mixin.py:190} INFO - [2024-10-31T06:21:51.551+0000] {override.py:1900} INFO - Created Permission View: can read on DAG Run:example_sensor_decorator
[2024-10-31T06:21:51.558+0000] {logging_mixin.py:190} INFO - [2024-10-31T06:21:51.558+0000] {override.py:1900} INFO - Created Permission View: menu access on DAG Run:example_sensor_decorator
[2024-10-31T06:21:51.558+0000] {logging_mixin.py:190} INFO - [2024-10-31T06:21:51.558+0000] {dag.py:3239} INFO - Sync 1 DAGs
[2024-10-31T06:21:51.568+0000] {logging_mixin.py:190} INFO - [2024-10-31T06:21:51.567+0000] {dag.py:3262} INFO - Creating ORM DAG for example_sensor_decorator
[2024-10-31T06:21:51.568+0000] {logging_mixin.py:190} INFO - [2024-10-31T06:21:51.568+0000] {dag.py:4180} INFO - Setting next_dagrun for example_sensor_decorator to None, run_after=None
[2024-10-31T06:21:51.585+0000] {processor.py:208} INFO - Processing /home/airflow/.local/lib/python3.12/site-packages/airflow/example_dags/example_sensor_decorator.py took 0.181 seconds
[2024-10-31T06:22:22.316+0000] {processor.py:186} INFO - Started process (PID=138) to work on /home/airflow/.local/lib/python3.12/site-packages/airflow/example_dags/example_sensor_decorator.py
[2024-10-31T06:22:22.317+0000] {processor.py:914} INFO - Processing file /home/airflow/.local/lib/python3.12/site-packages/airflow/example_dags/example_sensor_decorator.py for tasks to queue
[2024-10-31T06:22:22.318+0000] {logging_mixin.py:190} INFO - [2024-10-31T06:22:22.318+0000] {dagbag.py:588} INFO - Filling up the DagBag from /home/airflow/.local/lib/python3.12/site-packages/airflow/example_dags/example_sensor_decorator.py
[2024-10-31T06:22:22.324+0000] {processor.py:925} INFO - DAG(s) 'example_sensor_decorator' retrieved from /home/airflow/.local/lib/python3.12/site-packages/airflow/example_dags/example_sensor_decorator.py
[2024-10-31T06:22:22.338+0000] {logging_mixin.py:190} INFO - [2024-10-31T06:22:22.338+0000] {dag.py:3239} INFO - Sync 1 DAGs
[2024-10-31T06:22:22.349+0000] {logging_mixin.py:190} INFO - [2024-10-31T06:22:22.349+0000] {dag.py:4180} INFO - Setting next_dagrun for example_sensor_decorator to None, run_after=None
[2024-10-31T06:22:22.363+0000] {processor.py:208} INFO - Processing /home/airflow/.local/lib/python3.12/site-packages/airflow/example_dags/example_sensor_decorator.py took 0.052 seconds
[2024-10-31T06:22:53.005+0000] {processor.py:186} INFO - Started process (PID=200) to work on /home/airflow/.local/lib/python3.12/site-packages/airflow/example_dags/example_sensor_decorator.py
[2024-10-31T06:22:53.006+0000] {processor.py:914} INFO - Processing file /home/airflow/.local/lib/python3.12/site-packages/airflow/example_dags/example_sensor_decorator.py for tasks to queue
[2024-10-31T06:22:53.008+0000] {logging_mixin.py:190} INFO - [2024-10-31T06:22:53.008+0000] {dagbag.py:588} INFO - Filling up the DagBag from /home/airflow/.local/lib/python3.12/site-packages/airflow/example_dags/example_sensor_decorator.py
[2024-10-31T06:22:53.014+0000] {processor.py:925} INFO - DAG(s) 'example_sensor_decorator' retrieved from /home/airflow/.local/lib/python3.12/site-packages/airflow/example_dags/example_sensor_decorator.py
[2024-10-31T06:22:53.029+0000] {logging_mixin.py:190} INFO - [2024-10-31T06:22:53.029+0000] {dag.py:3239} INFO - Sync 1 DAGs
[2024-10-31T06:22:53.042+0000] {logging_mixin.py:190} INFO - [2024-10-31T06:22:53.042+0000] {dag.py:4180} INFO - Setting next_dagrun for example_sensor_decorator to None, run_after=None
[2024-10-31T06:22:53.060+0000] {processor.py:208} INFO - Processing /home/airflow/.local/lib/python3.12/site-packages/airflow/example_dags/example_sensor_decorator.py took 0.059 seconds
[2024-10-31T06:23:23.689+0000] {processor.py:186} INFO - Started process (PID=262) to work on /home/airflow/.local/lib/python3.12/site-packages/airflow/example_dags/example_sensor_decorator.py
[2024-10-31T06:23:23.690+0000] {processor.py:914} INFO - Processing file /home/airflow/.local/lib/python3.12/site-packages/airflow/example_dags/example_sensor_decorator.py for tasks to queue
[2024-10-31T06:23:23.692+0000] {logging_mixin.py:190} INFO - [2024-10-31T06:23:23.691+0000] {dagbag.py:588} INFO - Filling up the DagBag from /home/airflow/.local/lib/python3.12/site-packages/airflow/example_dags/example_sensor_decorator.py
[2024-10-31T06:23:23.697+0000] {processor.py:925} INFO - DAG(s) 'example_sensor_decorator' retrieved from /home/airflow/.local/lib/python3.12/site-packages/airflow/example_dags/example_sensor_decorator.py
[2024-10-31T06:23:23.711+0000] {logging_mixin.py:190} INFO - [2024-10-31T06:23:23.710+0000] {dag.py:3239} INFO - Sync 1 DAGs
[2024-10-31T06:23:23.721+0000] {logging_mixin.py:190} INFO - [2024-10-31T06:23:23.721+0000] {dag.py:4180} INFO - Setting next_dagrun for example_sensor_decorator to None, run_after=None
[2024-10-31T06:23:23.735+0000] {processor.py:208} INFO - Processing /home/airflow/.local/lib/python3.12/site-packages/airflow/example_dags/example_sensor_decorator.py took 0.050 seconds
[2024-10-31T06:23:54.355+0000] {processor.py:186} INFO - Started process (PID=324) to work on /home/airflow/.local/lib/python3.12/site-packages/airflow/example_dags/example_sensor_decorator.py
[2024-10-31T06:23:54.355+0000] {processor.py:914} INFO - Processing file /home/airflow/.local/lib/python3.12/site-packages/airflow/example_dags/example_sensor_decorator.py for tasks to queue
[2024-10-31T06:23:54.357+0000] {logging_mixin.py:190} INFO - [2024-10-31T06:23:54.357+0000] {dagbag.py:588} INFO - Filling up the DagBag from /home/airflow/.local/lib/python3.12/site-packages/airflow/example_dags/example_sensor_decorator.py
[2024-10-31T06:23:54.363+0000] {processor.py:925} INFO - DAG(s) 'example_sensor_decorator' retrieved from /home/airflow/.local/lib/python3.12/site-packages/airflow/example_dags/example_sensor_decorator.py
[2024-10-31T06:23:54.376+0000] {logging_mixin.py:190} INFO - [2024-10-31T06:23:54.376+0000] {dag.py:3239} INFO - Sync 1 DAGs
[2024-10-31T06:23:54.385+0000] {logging_mixin.py:190} INFO - [2024-10-31T06:23:54.385+0000] {dag.py:4180} INFO - Setting next_dagrun for example_sensor_decorator to None, run_after=None
[2024-10-31T06:23:54.398+0000] {processor.py:208} INFO - Processing /home/airflow/.local/lib/python3.12/site-packages/airflow/example_dags/example_sensor_decorator.py took 0.048 seconds
[2024-10-31T06:24:24.764+0000] {processor.py:186} INFO - Started process (PID=386) to work on /home/airflow/.local/lib/python3.12/site-packages/airflow/example_dags/example_sensor_decorator.py
[2024-10-31T06:24:24.766+0000] {processor.py:914} INFO - Processing file /home/airflow/.local/lib/python3.12/site-packages/airflow/example_dags/example_sensor_decorator.py for tasks to queue
[2024-10-31T06:24:24.768+0000] {logging_mixin.py:190} INFO - [2024-10-31T06:24:24.768+0000] {dagbag.py:588} INFO - Filling up the DagBag from /home/airflow/.local/lib/python3.12/site-packages/airflow/example_dags/example_sensor_decorator.py
[2024-10-31T06:24:24.778+0000] {processor.py:925} INFO - DAG(s) 'example_sensor_decorator' retrieved from /home/airflow/.local/lib/python3.12/site-packages/airflow/example_dags/example_sensor_decorator.py
[2024-10-31T06:24:24.798+0000] {logging_mixin.py:190} INFO - [2024-10-31T06:24:24.798+0000] {dag.py:3239} INFO - Sync 1 DAGs
[2024-10-31T06:24:24.814+0000] {logging_mixin.py:190} INFO - [2024-10-31T06:24:24.813+0000] {dag.py:4180} INFO - Setting next_dagrun for example_sensor_decorator to None, run_after=None
[2024-10-31T06:24:24.836+0000] {processor.py:208} INFO - Processing /home/airflow/.local/lib/python3.12/site-packages/airflow/example_dags/example_sensor_decorator.py took 0.080 seconds
[2024-10-31T06:24:55.978+0000] {processor.py:186} INFO - Started process (PID=452) to work on /home/airflow/.local/lib/python3.12/site-packages/airflow/example_dags/example_sensor_decorator.py
[2024-10-31T06:24:55.982+0000] {processor.py:914} INFO - Processing file /home/airflow/.local/lib/python3.12/site-packages/airflow/example_dags/example_sensor_decorator.py for tasks to queue
[2024-10-31T06:24:55.985+0000] {logging_mixin.py:190} INFO - [2024-10-31T06:24:55.984+0000] {dagbag.py:588} INFO - Filling up the DagBag from /home/airflow/.local/lib/python3.12/site-packages/airflow/example_dags/example_sensor_decorator.py
[2024-10-31T06:24:55.994+0000] {processor.py:925} INFO - DAG(s) 'example_sensor_decorator' retrieved from /home/airflow/.local/lib/python3.12/site-packages/airflow/example_dags/example_sensor_decorator.py
[2024-10-31T06:24:56.023+0000] {logging_mixin.py:190} INFO - [2024-10-31T06:24:56.023+0000] {dag.py:3239} INFO - Sync 1 DAGs
[2024-10-31T06:24:56.042+0000] {logging_mixin.py:190} INFO - [2024-10-31T06:24:56.042+0000] {dag.py:4180} INFO - Setting next_dagrun for example_sensor_decorator to None, run_after=None
[2024-10-31T06:24:56.067+0000] {processor.py:208} INFO - Processing /home/airflow/.local/lib/python3.12/site-packages/airflow/example_dags/example_sensor_decorator.py took 0.098 seconds
[2024-10-31T06:25:26.182+0000] {processor.py:186} INFO - Started process (PID=514) to work on /home/airflow/.local/lib/python3.12/site-packages/airflow/example_dags/example_sensor_decorator.py
[2024-10-31T06:25:26.183+0000] {processor.py:914} INFO - Processing file /home/airflow/.local/lib/python3.12/site-packages/airflow/example_dags/example_sensor_decorator.py for tasks to queue
[2024-10-31T06:25:26.185+0000] {logging_mixin.py:190} INFO - [2024-10-31T06:25:26.185+0000] {dagbag.py:588} INFO - Filling up the DagBag from /home/airflow/.local/lib/python3.12/site-packages/airflow/example_dags/example_sensor_decorator.py
[2024-10-31T06:25:26.193+0000] {processor.py:925} INFO - DAG(s) 'example_sensor_decorator' retrieved from /home/airflow/.local/lib/python3.12/site-packages/airflow/example_dags/example_sensor_decorator.py
[2024-10-31T06:25:26.213+0000] {logging_mixin.py:190} INFO - [2024-10-31T06:25:26.213+0000] {dag.py:3239} INFO - Sync 1 DAGs
[2024-10-31T06:25:26.235+0000] {logging_mixin.py:190} INFO - [2024-10-31T06:25:26.234+0000] {dag.py:4180} INFO - Setting next_dagrun for example_sensor_decorator to None, run_after=None
[2024-10-31T06:25:26.258+0000] {processor.py:208} INFO - Processing /home/airflow/.local/lib/python3.12/site-packages/airflow/example_dags/example_sensor_decorator.py took 0.081 seconds
[2024-10-31T06:25:56.508+0000] {processor.py:186} INFO - Started process (PID=576) to work on /home/airflow/.local/lib/python3.12/site-packages/airflow/example_dags/example_sensor_decorator.py
[2024-10-31T06:25:56.510+0000] {processor.py:914} INFO - Processing file /home/airflow/.local/lib/python3.12/site-packages/airflow/example_dags/example_sensor_decorator.py for tasks to queue
[2024-10-31T06:25:56.511+0000] {logging_mixin.py:190} INFO - [2024-10-31T06:25:56.511+0000] {dagbag.py:588} INFO - Filling up the DagBag from /home/airflow/.local/lib/python3.12/site-packages/airflow/example_dags/example_sensor_decorator.py
[2024-10-31T06:25:56.517+0000] {processor.py:925} INFO - DAG(s) 'example_sensor_decorator' retrieved from /home/airflow/.local/lib/python3.12/site-packages/airflow/example_dags/example_sensor_decorator.py
[2024-10-31T06:25:56.534+0000] {logging_mixin.py:190} INFO - [2024-10-31T06:25:56.534+0000] {dag.py:3239} INFO - Sync 1 DAGs
[2024-10-31T06:25:56.544+0000] {logging_mixin.py:190} INFO - [2024-10-31T06:25:56.544+0000] {dag.py:4180} INFO - Setting next_dagrun for example_sensor_decorator to None, run_after=None
[2024-10-31T06:25:56.559+0000] {processor.py:208} INFO - Processing /home/airflow/.local/lib/python3.12/site-packages/airflow/example_dags/example_sensor_decorator.py took 0.055 seconds
[2024-10-31T06:26:27.179+0000] {processor.py:186} INFO - Started process (PID=638) to work on /home/airflow/.local/lib/python3.12/site-packages/airflow/example_dags/example_sensor_decorator.py
[2024-10-31T06:26:27.179+0000] {processor.py:914} INFO - Processing file /home/airflow/.local/lib/python3.12/site-packages/airflow/example_dags/example_sensor_decorator.py for tasks to queue
[2024-10-31T06:26:27.181+0000] {logging_mixin.py:190} INFO - [2024-10-31T06:26:27.181+0000] {dagbag.py:588} INFO - Filling up the DagBag from /home/airflow/.local/lib/python3.12/site-packages/airflow/example_dags/example_sensor_decorator.py
[2024-10-31T06:26:27.188+0000] {processor.py:925} INFO - DAG(s) 'example_sensor_decorator' retrieved from /home/airflow/.local/lib/python3.12/site-packages/airflow/example_dags/example_sensor_decorator.py
[2024-10-31T06:26:27.200+0000] {logging_mixin.py:190} INFO - [2024-10-31T06:26:27.200+0000] {dag.py:3239} INFO - Sync 1 DAGs
[2024-10-31T06:26:27.212+0000] {logging_mixin.py:190} INFO - [2024-10-31T06:26:27.212+0000] {dag.py:4180} INFO - Setting next_dagrun for example_sensor_decorator to None, run_after=None
[2024-10-31T06:26:27.228+0000] {processor.py:208} INFO - Processing /home/airflow/.local/lib/python3.12/site-packages/airflow/example_dags/example_sensor_decorator.py took 0.054 seconds
[2024-10-31T06:26:57.735+0000] {processor.py:186} INFO - Started process (PID=700) to work on /home/airflow/.local/lib/python3.12/site-packages/airflow/example_dags/example_sensor_decorator.py
[2024-10-31T06:26:57.736+0000] {processor.py:914} INFO - Processing file /home/airflow/.local/lib/python3.12/site-packages/airflow/example_dags/example_sensor_decorator.py for tasks to queue
[2024-10-31T06:26:57.737+0000] {logging_mixin.py:190} INFO - [2024-10-31T06:26:57.737+0000] {dagbag.py:588} INFO - Filling up the DagBag from /home/airflow/.local/lib/python3.12/site-packages/airflow/example_dags/example_sensor_decorator.py
[2024-10-31T06:26:57.743+0000] {processor.py:925} INFO - DAG(s) 'example_sensor_decorator' retrieved from /home/airflow/.local/lib/python3.12/site-packages/airflow/example_dags/example_sensor_decorator.py
[2024-10-31T06:26:57.757+0000] {logging_mixin.py:190} INFO - [2024-10-31T06:26:57.757+0000] {dag.py:3239} INFO - Sync 1 DAGs
[2024-10-31T06:26:57.768+0000] {logging_mixin.py:190} INFO - [2024-10-31T06:26:57.768+0000] {dag.py:4180} INFO - Setting next_dagrun for example_sensor_decorator to None, run_after=None
[2024-10-31T06:26:57.783+0000] {processor.py:208} INFO - Processing /home/airflow/.local/lib/python3.12/site-packages/airflow/example_dags/example_sensor_decorator.py took 0.053 seconds
[2024-10-31T06:27:28.065+0000] {processor.py:186} INFO - Started process (PID=762) to work on /home/airflow/.local/lib/python3.12/site-packages/airflow/example_dags/example_sensor_decorator.py
[2024-10-31T06:27:28.066+0000] {processor.py:914} INFO - Processing file /home/airflow/.local/lib/python3.12/site-packages/airflow/example_dags/example_sensor_decorator.py for tasks to queue
[2024-10-31T06:27:28.067+0000] {logging_mixin.py:190} INFO - [2024-10-31T06:27:28.067+0000] {dagbag.py:588} INFO - Filling up the DagBag from /home/airflow/.local/lib/python3.12/site-packages/airflow/example_dags/example_sensor_decorator.py
[2024-10-31T06:27:28.074+0000] {processor.py:925} INFO - DAG(s) 'example_sensor_decorator' retrieved from /home/airflow/.local/lib/python3.12/site-packages/airflow/example_dags/example_sensor_decorator.py
[2024-10-31T06:27:28.088+0000] {logging_mixin.py:190} INFO - [2024-10-31T06:27:28.088+0000] {dag.py:3239} INFO - Sync 1 DAGs
[2024-10-31T06:27:28.098+0000] {logging_mixin.py:190} INFO - [2024-10-31T06:27:28.098+0000] {dag.py:4180} INFO - Setting next_dagrun for example_sensor_decorator to None, run_after=None
[2024-10-31T06:27:28.113+0000] {processor.py:208} INFO - Processing /home/airflow/.local/lib/python3.12/site-packages/airflow/example_dags/example_sensor_decorator.py took 0.053 seconds
[2024-10-31T06:27:59.342+0000] {processor.py:186} INFO - Started process (PID=824) to work on /home/airflow/.local/lib/python3.12/site-packages/airflow/example_dags/example_sensor_decorator.py
[2024-10-31T06:27:59.343+0000] {processor.py:914} INFO - Processing file /home/airflow/.local/lib/python3.12/site-packages/airflow/example_dags/example_sensor_decorator.py for tasks to queue
[2024-10-31T06:27:59.345+0000] {logging_mixin.py:190} INFO - [2024-10-31T06:27:59.344+0000] {dagbag.py:588} INFO - Filling up the DagBag from /home/airflow/.local/lib/python3.12/site-packages/airflow/example_dags/example_sensor_decorator.py
[2024-10-31T06:27:59.351+0000] {processor.py:925} INFO - DAG(s) 'example_sensor_decorator' retrieved from /home/airflow/.local/lib/python3.12/site-packages/airflow/example_dags/example_sensor_decorator.py
[2024-10-31T06:27:59.366+0000] {logging_mixin.py:190} INFO - [2024-10-31T06:27:59.365+0000] {dag.py:3239} INFO - Sync 1 DAGs
[2024-10-31T06:27:59.376+0000] {logging_mixin.py:190} INFO - [2024-10-31T06:27:59.375+0000] {dag.py:4180} INFO - Setting next_dagrun for example_sensor_decorator to None, run_after=None
[2024-10-31T06:27:59.389+0000] {processor.py:208} INFO - Processing /home/airflow/.local/lib/python3.12/site-packages/airflow/example_dags/example_sensor_decorator.py took 0.052 seconds
[2024-10-31T06:28:30.027+0000] {processor.py:186} INFO - Started process (PID=887) to work on /home/airflow/.local/lib/python3.12/site-packages/airflow/example_dags/example_sensor_decorator.py
[2024-10-31T06:28:30.028+0000] {processor.py:914} INFO - Processing file /home/airflow/.local/lib/python3.12/site-packages/airflow/example_dags/example_sensor_decorator.py for tasks to queue
[2024-10-31T06:28:30.031+0000] {logging_mixin.py:190} INFO - [2024-10-31T06:28:30.030+0000] {dagbag.py:588} INFO - Filling up the DagBag from /home/airflow/.local/lib/python3.12/site-packages/airflow/example_dags/example_sensor_decorator.py
[2024-10-31T06:28:30.041+0000] {processor.py:925} INFO - DAG(s) 'example_sensor_decorator' retrieved from /home/airflow/.local/lib/python3.12/site-packages/airflow/example_dags/example_sensor_decorator.py
[2024-10-31T06:28:30.063+0000] {logging_mixin.py:190} INFO - [2024-10-31T06:28:30.063+0000] {dag.py:3239} INFO - Sync 1 DAGs
[2024-10-31T06:28:30.077+0000] {logging_mixin.py:190} INFO - [2024-10-31T06:28:30.077+0000] {dag.py:4180} INFO - Setting next_dagrun for example_sensor_decorator to None, run_after=None
[2024-10-31T06:28:30.097+0000] {processor.py:208} INFO - Processing /home/airflow/.local/lib/python3.12/site-packages/airflow/example_dags/example_sensor_decorator.py took 0.076 seconds
