[2024-10-31T06:21:49.615+0000] {processor.py:186} INFO - Started process (PID=58) to work on /home/airflow/.local/lib/python3.12/site-packages/airflow/example_dags/example_subdag_operator.py
[2024-10-31T06:21:49.615+0000] {processor.py:914} INFO - Processing file /home/airflow/.local/lib/python3.12/site-packages/airflow/example_dags/example_subdag_operator.py for tasks to queue
[2024-10-31T06:21:49.617+0000] {logging_mixin.py:190} INFO - [2024-10-31T06:21:49.616+0000] {dagbag.py:588} INFO - Filling up the DagBag from /home/airflow/.local/lib/python3.12/site-packages/airflow/example_dags/example_subdag_operator.py
[2024-10-31T06:21:49.635+0000] {processor.py:925} INFO - DAG(s) 'example_subdag_operator.section-1', 'example_subdag_operator.section-2', 'example_subdag_operator' retrieved from /home/airflow/.local/lib/python3.12/site-packages/airflow/example_dags/example_subdag_operator.py
[2024-10-31T06:21:49.704+0000] {logging_mixin.py:190} INFO - [2024-10-31T06:21:49.703+0000] {override.py:1900} INFO - Created Permission View: can delete on DAG:example_subdag_operator
[2024-10-31T06:21:49.711+0000] {logging_mixin.py:190} INFO - [2024-10-31T06:21:49.711+0000] {override.py:1900} INFO - Created Permission View: can read on DAG:example_subdag_operator
[2024-10-31T06:21:49.717+0000] {logging_mixin.py:190} INFO - [2024-10-31T06:21:49.717+0000] {override.py:1900} INFO - Created Permission View: can edit on DAG:example_subdag_operator
[2024-10-31T06:21:49.725+0000] {logging_mixin.py:190} INFO - [2024-10-31T06:21:49.725+0000] {override.py:1900} INFO - Created Permission View: can delete on DAG Run:example_subdag_operator
[2024-10-31T06:21:49.731+0000] {logging_mixin.py:190} INFO - [2024-10-31T06:21:49.731+0000] {override.py:1900} INFO - Created Permission View: can create on DAG Run:example_subdag_operator
[2024-10-31T06:21:49.737+0000] {logging_mixin.py:190} INFO - [2024-10-31T06:21:49.737+0000] {override.py:1900} INFO - Created Permission View: can read on DAG Run:example_subdag_operator
[2024-10-31T06:21:49.743+0000] {logging_mixin.py:190} INFO - [2024-10-31T06:21:49.743+0000] {override.py:1900} INFO - Created Permission View: menu access on DAG Run:example_subdag_operator
[2024-10-31T06:21:49.744+0000] {logging_mixin.py:190} INFO - [2024-10-31T06:21:49.743+0000] {dag.py:3239} INFO - Sync 3 DAGs
[2024-10-31T06:21:49.752+0000] {logging_mixin.py:190} INFO - [2024-10-31T06:21:49.752+0000] {dag.py:3262} INFO - Creating ORM DAG for example_subdag_operator
[2024-10-31T06:21:49.752+0000] {logging_mixin.py:190} INFO - [2024-10-31T06:21:49.752+0000] {dag.py:3262} INFO - Creating ORM DAG for example_subdag_operator.section-1
[2024-10-31T06:21:49.752+0000] {logging_mixin.py:190} INFO - [2024-10-31T06:21:49.752+0000] {dag.py:3262} INFO - Creating ORM DAG for example_subdag_operator.section-2
[2024-10-31T06:21:49.759+0000] {logging_mixin.py:190} INFO - [2024-10-31T06:21:49.759+0000] {dag.py:4180} INFO - Setting next_dagrun for example_subdag_operator to 2022-01-01 00:00:00+00:00, run_after=2022-01-01 00:00:00+00:00
[2024-10-31T06:21:49.759+0000] {logging_mixin.py:190} INFO - [2024-10-31T06:21:49.759+0000] {dag.py:4180} INFO - Setting next_dagrun for example_subdag_operator.section-1 to None, run_after=None
[2024-10-31T06:21:49.759+0000] {logging_mixin.py:190} INFO - [2024-10-31T06:21:49.759+0000] {dag.py:4180} INFO - Setting next_dagrun for example_subdag_operator.section-2 to None, run_after=None
[2024-10-31T06:21:49.766+0000] {logging_mixin.py:190} INFO - [2024-10-31T06:21:49.766+0000] {dag.py:3239} INFO - Sync 2 DAGs
[2024-10-31T06:21:49.771+0000] {logging_mixin.py:190} INFO - [2024-10-31T06:21:49.771+0000] {dag.py:4180} INFO - Setting next_dagrun for example_subdag_operator.section-1 to None, run_after=None
[2024-10-31T06:21:49.773+0000] {logging_mixin.py:190} INFO - [2024-10-31T06:21:49.773+0000] {dag.py:4180} INFO - Setting next_dagrun for example_subdag_operator.section-2 to None, run_after=None
[2024-10-31T06:21:49.784+0000] {processor.py:208} INFO - Processing /home/airflow/.local/lib/python3.12/site-packages/airflow/example_dags/example_subdag_operator.py took 0.174 seconds
[2024-10-31T06:22:20.376+0000] {processor.py:186} INFO - Started process (PID=120) to work on /home/airflow/.local/lib/python3.12/site-packages/airflow/example_dags/example_subdag_operator.py
[2024-10-31T06:22:20.377+0000] {processor.py:914} INFO - Processing file /home/airflow/.local/lib/python3.12/site-packages/airflow/example_dags/example_subdag_operator.py for tasks to queue
[2024-10-31T06:22:20.378+0000] {logging_mixin.py:190} INFO - [2024-10-31T06:22:20.378+0000] {dagbag.py:588} INFO - Filling up the DagBag from /home/airflow/.local/lib/python3.12/site-packages/airflow/example_dags/example_subdag_operator.py
[2024-10-31T06:22:20.397+0000] {processor.py:925} INFO - DAG(s) 'example_subdag_operator.section-1', 'example_subdag_operator.section-2', 'example_subdag_operator' retrieved from /home/airflow/.local/lib/python3.12/site-packages/airflow/example_dags/example_subdag_operator.py
[2024-10-31T06:22:20.407+0000] {logging_mixin.py:190} INFO - [2024-10-31T06:22:20.407+0000] {dag.py:3239} INFO - Sync 3 DAGs
[2024-10-31T06:22:20.424+0000] {logging_mixin.py:190} INFO - [2024-10-31T06:22:20.424+0000] {dag.py:4180} INFO - Setting next_dagrun for example_subdag_operator to 2022-01-01 00:00:00+00:00, run_after=2022-01-01 00:00:00+00:00
[2024-10-31T06:22:20.427+0000] {logging_mixin.py:190} INFO - [2024-10-31T06:22:20.426+0000] {dag.py:4180} INFO - Setting next_dagrun for example_subdag_operator.section-1 to None, run_after=None
[2024-10-31T06:22:20.428+0000] {logging_mixin.py:190} INFO - [2024-10-31T06:22:20.427+0000] {dag.py:4180} INFO - Setting next_dagrun for example_subdag_operator.section-2 to None, run_after=None
[2024-10-31T06:22:20.434+0000] {logging_mixin.py:190} INFO - [2024-10-31T06:22:20.434+0000] {dag.py:3239} INFO - Sync 2 DAGs
[2024-10-31T06:22:20.438+0000] {logging_mixin.py:190} INFO - [2024-10-31T06:22:20.437+0000] {dag.py:4180} INFO - Setting next_dagrun for example_subdag_operator.section-1 to None, run_after=None
[2024-10-31T06:22:20.438+0000] {logging_mixin.py:190} INFO - [2024-10-31T06:22:20.438+0000] {dag.py:4180} INFO - Setting next_dagrun for example_subdag_operator.section-2 to None, run_after=None
[2024-10-31T06:22:20.447+0000] {processor.py:208} INFO - Processing /home/airflow/.local/lib/python3.12/site-packages/airflow/example_dags/example_subdag_operator.py took 0.075 seconds
[2024-10-31T06:22:51.021+0000] {processor.py:186} INFO - Started process (PID=182) to work on /home/airflow/.local/lib/python3.12/site-packages/airflow/example_dags/example_subdag_operator.py
[2024-10-31T06:22:51.022+0000] {processor.py:914} INFO - Processing file /home/airflow/.local/lib/python3.12/site-packages/airflow/example_dags/example_subdag_operator.py for tasks to queue
[2024-10-31T06:22:51.024+0000] {logging_mixin.py:190} INFO - [2024-10-31T06:22:51.024+0000] {dagbag.py:588} INFO - Filling up the DagBag from /home/airflow/.local/lib/python3.12/site-packages/airflow/example_dags/example_subdag_operator.py
[2024-10-31T06:22:51.047+0000] {processor.py:925} INFO - DAG(s) 'example_subdag_operator.section-1', 'example_subdag_operator.section-2', 'example_subdag_operator' retrieved from /home/airflow/.local/lib/python3.12/site-packages/airflow/example_dags/example_subdag_operator.py
[2024-10-31T06:22:51.059+0000] {logging_mixin.py:190} INFO - [2024-10-31T06:22:51.058+0000] {dag.py:3239} INFO - Sync 3 DAGs
[2024-10-31T06:22:51.077+0000] {logging_mixin.py:190} INFO - [2024-10-31T06:22:51.076+0000] {dag.py:4180} INFO - Setting next_dagrun for example_subdag_operator to 2022-01-01 00:00:00+00:00, run_after=2022-01-01 00:00:00+00:00
[2024-10-31T06:22:51.079+0000] {logging_mixin.py:190} INFO - [2024-10-31T06:22:51.079+0000] {dag.py:4180} INFO - Setting next_dagrun for example_subdag_operator.section-1 to None, run_after=None
[2024-10-31T06:22:51.080+0000] {logging_mixin.py:190} INFO - [2024-10-31T06:22:51.080+0000] {dag.py:4180} INFO - Setting next_dagrun for example_subdag_operator.section-2 to None, run_after=None
[2024-10-31T06:22:51.085+0000] {logging_mixin.py:190} INFO - [2024-10-31T06:22:51.085+0000] {dag.py:3239} INFO - Sync 2 DAGs
[2024-10-31T06:22:51.089+0000] {logging_mixin.py:190} INFO - [2024-10-31T06:22:51.088+0000] {dag.py:4180} INFO - Setting next_dagrun for example_subdag_operator.section-1 to None, run_after=None
[2024-10-31T06:22:51.089+0000] {logging_mixin.py:190} INFO - [2024-10-31T06:22:51.089+0000] {dag.py:4180} INFO - Setting next_dagrun for example_subdag_operator.section-2 to None, run_after=None
[2024-10-31T06:22:51.098+0000] {processor.py:208} INFO - Processing /home/airflow/.local/lib/python3.12/site-packages/airflow/example_dags/example_subdag_operator.py took 0.084 seconds
[2024-10-31T06:23:21.797+0000] {processor.py:186} INFO - Started process (PID=244) to work on /home/airflow/.local/lib/python3.12/site-packages/airflow/example_dags/example_subdag_operator.py
[2024-10-31T06:23:21.798+0000] {processor.py:914} INFO - Processing file /home/airflow/.local/lib/python3.12/site-packages/airflow/example_dags/example_subdag_operator.py for tasks to queue
[2024-10-31T06:23:21.800+0000] {logging_mixin.py:190} INFO - [2024-10-31T06:23:21.799+0000] {dagbag.py:588} INFO - Filling up the DagBag from /home/airflow/.local/lib/python3.12/site-packages/airflow/example_dags/example_subdag_operator.py
[2024-10-31T06:23:21.818+0000] {processor.py:925} INFO - DAG(s) 'example_subdag_operator.section-1', 'example_subdag_operator.section-2', 'example_subdag_operator' retrieved from /home/airflow/.local/lib/python3.12/site-packages/airflow/example_dags/example_subdag_operator.py
[2024-10-31T06:23:21.830+0000] {logging_mixin.py:190} INFO - [2024-10-31T06:23:21.829+0000] {dag.py:3239} INFO - Sync 3 DAGs
[2024-10-31T06:23:21.845+0000] {logging_mixin.py:190} INFO - [2024-10-31T06:23:21.845+0000] {dag.py:4180} INFO - Setting next_dagrun for example_subdag_operator to 2022-01-01 00:00:00+00:00, run_after=2022-01-01 00:00:00+00:00
[2024-10-31T06:23:21.848+0000] {logging_mixin.py:190} INFO - [2024-10-31T06:23:21.847+0000] {dag.py:4180} INFO - Setting next_dagrun for example_subdag_operator.section-1 to None, run_after=None
[2024-10-31T06:23:21.848+0000] {logging_mixin.py:190} INFO - [2024-10-31T06:23:21.848+0000] {dag.py:4180} INFO - Setting next_dagrun for example_subdag_operator.section-2 to None, run_after=None
[2024-10-31T06:23:21.853+0000] {logging_mixin.py:190} INFO - [2024-10-31T06:23:21.853+0000] {dag.py:3239} INFO - Sync 2 DAGs
[2024-10-31T06:23:21.856+0000] {logging_mixin.py:190} INFO - [2024-10-31T06:23:21.856+0000] {dag.py:4180} INFO - Setting next_dagrun for example_subdag_operator.section-1 to None, run_after=None
[2024-10-31T06:23:21.856+0000] {logging_mixin.py:190} INFO - [2024-10-31T06:23:21.856+0000] {dag.py:4180} INFO - Setting next_dagrun for example_subdag_operator.section-2 to None, run_after=None
[2024-10-31T06:23:21.865+0000] {processor.py:208} INFO - Processing /home/airflow/.local/lib/python3.12/site-packages/airflow/example_dags/example_subdag_operator.py took 0.073 seconds
[2024-10-31T06:23:52.520+0000] {processor.py:186} INFO - Started process (PID=306) to work on /home/airflow/.local/lib/python3.12/site-packages/airflow/example_dags/example_subdag_operator.py
[2024-10-31T06:23:52.521+0000] {processor.py:914} INFO - Processing file /home/airflow/.local/lib/python3.12/site-packages/airflow/example_dags/example_subdag_operator.py for tasks to queue
[2024-10-31T06:23:52.523+0000] {logging_mixin.py:190} INFO - [2024-10-31T06:23:52.522+0000] {dagbag.py:588} INFO - Filling up the DagBag from /home/airflow/.local/lib/python3.12/site-packages/airflow/example_dags/example_subdag_operator.py
[2024-10-31T06:23:52.543+0000] {processor.py:925} INFO - DAG(s) 'example_subdag_operator.section-1', 'example_subdag_operator.section-2', 'example_subdag_operator' retrieved from /home/airflow/.local/lib/python3.12/site-packages/airflow/example_dags/example_subdag_operator.py
[2024-10-31T06:23:52.554+0000] {logging_mixin.py:190} INFO - [2024-10-31T06:23:52.553+0000] {dag.py:3239} INFO - Sync 3 DAGs
[2024-10-31T06:23:52.570+0000] {logging_mixin.py:190} INFO - [2024-10-31T06:23:52.570+0000] {dag.py:4180} INFO - Setting next_dagrun for example_subdag_operator to 2022-01-01 00:00:00+00:00, run_after=2022-01-01 00:00:00+00:00
[2024-10-31T06:23:52.573+0000] {logging_mixin.py:190} INFO - [2024-10-31T06:23:52.572+0000] {dag.py:4180} INFO - Setting next_dagrun for example_subdag_operator.section-1 to None, run_after=None
[2024-10-31T06:23:52.574+0000] {logging_mixin.py:190} INFO - [2024-10-31T06:23:52.573+0000] {dag.py:4180} INFO - Setting next_dagrun for example_subdag_operator.section-2 to None, run_after=None
[2024-10-31T06:23:52.580+0000] {logging_mixin.py:190} INFO - [2024-10-31T06:23:52.580+0000] {dag.py:3239} INFO - Sync 2 DAGs
[2024-10-31T06:23:52.585+0000] {logging_mixin.py:190} INFO - [2024-10-31T06:23:52.585+0000] {dag.py:4180} INFO - Setting next_dagrun for example_subdag_operator.section-1 to None, run_after=None
[2024-10-31T06:23:52.585+0000] {logging_mixin.py:190} INFO - [2024-10-31T06:23:52.585+0000] {dag.py:4180} INFO - Setting next_dagrun for example_subdag_operator.section-2 to None, run_after=None
[2024-10-31T06:23:52.595+0000] {processor.py:208} INFO - Processing /home/airflow/.local/lib/python3.12/site-packages/airflow/example_dags/example_subdag_operator.py took 0.079 seconds
[2024-10-31T06:24:23.619+0000] {processor.py:186} INFO - Started process (PID=368) to work on /home/airflow/.local/lib/python3.12/site-packages/airflow/example_dags/example_subdag_operator.py
[2024-10-31T06:24:23.620+0000] {processor.py:914} INFO - Processing file /home/airflow/.local/lib/python3.12/site-packages/airflow/example_dags/example_subdag_operator.py for tasks to queue
[2024-10-31T06:24:23.622+0000] {logging_mixin.py:190} INFO - [2024-10-31T06:24:23.622+0000] {dagbag.py:588} INFO - Filling up the DagBag from /home/airflow/.local/lib/python3.12/site-packages/airflow/example_dags/example_subdag_operator.py
[2024-10-31T06:24:23.640+0000] {processor.py:925} INFO - DAG(s) 'example_subdag_operator.section-1', 'example_subdag_operator.section-2', 'example_subdag_operator' retrieved from /home/airflow/.local/lib/python3.12/site-packages/airflow/example_dags/example_subdag_operator.py
[2024-10-31T06:24:23.651+0000] {logging_mixin.py:190} INFO - [2024-10-31T06:24:23.651+0000] {dag.py:3239} INFO - Sync 3 DAGs
[2024-10-31T06:24:23.668+0000] {logging_mixin.py:190} INFO - [2024-10-31T06:24:23.668+0000] {dag.py:4180} INFO - Setting next_dagrun for example_subdag_operator to 2022-01-01 00:00:00+00:00, run_after=2022-01-01 00:00:00+00:00
[2024-10-31T06:24:23.671+0000] {logging_mixin.py:190} INFO - [2024-10-31T06:24:23.671+0000] {dag.py:4180} INFO - Setting next_dagrun for example_subdag_operator.section-1 to None, run_after=None
[2024-10-31T06:24:23.672+0000] {logging_mixin.py:190} INFO - [2024-10-31T06:24:23.672+0000] {dag.py:4180} INFO - Setting next_dagrun for example_subdag_operator.section-2 to None, run_after=None
[2024-10-31T06:24:23.677+0000] {logging_mixin.py:190} INFO - [2024-10-31T06:24:23.677+0000] {dag.py:3239} INFO - Sync 2 DAGs
[2024-10-31T06:24:23.681+0000] {logging_mixin.py:190} INFO - [2024-10-31T06:24:23.681+0000] {dag.py:4180} INFO - Setting next_dagrun for example_subdag_operator.section-1 to None, run_after=None
[2024-10-31T06:24:23.681+0000] {logging_mixin.py:190} INFO - [2024-10-31T06:24:23.681+0000] {dag.py:4180} INFO - Setting next_dagrun for example_subdag_operator.section-2 to None, run_after=None
[2024-10-31T06:24:23.690+0000] {processor.py:208} INFO - Processing /home/airflow/.local/lib/python3.12/site-packages/airflow/example_dags/example_subdag_operator.py took 0.075 seconds
[2024-10-31T06:24:54.195+0000] {processor.py:186} INFO - Started process (PID=434) to work on /home/airflow/.local/lib/python3.12/site-packages/airflow/example_dags/example_subdag_operator.py
[2024-10-31T06:24:54.197+0000] {processor.py:914} INFO - Processing file /home/airflow/.local/lib/python3.12/site-packages/airflow/example_dags/example_subdag_operator.py for tasks to queue
[2024-10-31T06:24:54.201+0000] {logging_mixin.py:190} INFO - [2024-10-31T06:24:54.201+0000] {dagbag.py:588} INFO - Filling up the DagBag from /home/airflow/.local/lib/python3.12/site-packages/airflow/example_dags/example_subdag_operator.py
[2024-10-31T06:24:54.251+0000] {processor.py:925} INFO - DAG(s) 'example_subdag_operator.section-1', 'example_subdag_operator.section-2', 'example_subdag_operator' retrieved from /home/airflow/.local/lib/python3.12/site-packages/airflow/example_dags/example_subdag_operator.py
[2024-10-31T06:24:54.278+0000] {logging_mixin.py:190} INFO - [2024-10-31T06:24:54.277+0000] {dag.py:3239} INFO - Sync 3 DAGs
[2024-10-31T06:24:54.310+0000] {logging_mixin.py:190} INFO - [2024-10-31T06:24:54.310+0000] {dag.py:4180} INFO - Setting next_dagrun for example_subdag_operator to 2022-01-01 00:00:00+00:00, run_after=2022-01-01 00:00:00+00:00
[2024-10-31T06:24:54.317+0000] {logging_mixin.py:190} INFO - [2024-10-31T06:24:54.317+0000] {dag.py:4180} INFO - Setting next_dagrun for example_subdag_operator.section-1 to None, run_after=None
[2024-10-31T06:24:54.320+0000] {logging_mixin.py:190} INFO - [2024-10-31T06:24:54.320+0000] {dag.py:4180} INFO - Setting next_dagrun for example_subdag_operator.section-2 to None, run_after=None
[2024-10-31T06:24:54.330+0000] {logging_mixin.py:190} INFO - [2024-10-31T06:24:54.330+0000] {dag.py:3239} INFO - Sync 2 DAGs
[2024-10-31T06:24:54.337+0000] {logging_mixin.py:190} INFO - [2024-10-31T06:24:54.337+0000] {dag.py:4180} INFO - Setting next_dagrun for example_subdag_operator.section-1 to None, run_after=None
[2024-10-31T06:24:54.338+0000] {logging_mixin.py:190} INFO - [2024-10-31T06:24:54.338+0000] {dag.py:4180} INFO - Setting next_dagrun for example_subdag_operator.section-2 to None, run_after=None
[2024-10-31T06:24:54.355+0000] {processor.py:208} INFO - Processing /home/airflow/.local/lib/python3.12/site-packages/airflow/example_dags/example_subdag_operator.py took 0.165 seconds
[2024-10-31T06:25:24.875+0000] {processor.py:186} INFO - Started process (PID=496) to work on /home/airflow/.local/lib/python3.12/site-packages/airflow/example_dags/example_subdag_operator.py
[2024-10-31T06:25:24.875+0000] {processor.py:914} INFO - Processing file /home/airflow/.local/lib/python3.12/site-packages/airflow/example_dags/example_subdag_operator.py for tasks to queue
[2024-10-31T06:25:24.877+0000] {logging_mixin.py:190} INFO - [2024-10-31T06:25:24.877+0000] {dagbag.py:588} INFO - Filling up the DagBag from /home/airflow/.local/lib/python3.12/site-packages/airflow/example_dags/example_subdag_operator.py
[2024-10-31T06:25:24.901+0000] {processor.py:925} INFO - DAG(s) 'example_subdag_operator.section-1', 'example_subdag_operator.section-2', 'example_subdag_operator' retrieved from /home/airflow/.local/lib/python3.12/site-packages/airflow/example_dags/example_subdag_operator.py
[2024-10-31T06:25:24.914+0000] {logging_mixin.py:190} INFO - [2024-10-31T06:25:24.914+0000] {dag.py:3239} INFO - Sync 3 DAGs
[2024-10-31T06:25:24.934+0000] {logging_mixin.py:190} INFO - [2024-10-31T06:25:24.934+0000] {dag.py:4180} INFO - Setting next_dagrun for example_subdag_operator to 2022-01-01 00:00:00+00:00, run_after=2022-01-01 00:00:00+00:00
[2024-10-31T06:25:24.936+0000] {logging_mixin.py:190} INFO - [2024-10-31T06:25:24.936+0000] {dag.py:4180} INFO - Setting next_dagrun for example_subdag_operator.section-1 to None, run_after=None
[2024-10-31T06:25:24.938+0000] {logging_mixin.py:190} INFO - [2024-10-31T06:25:24.938+0000] {dag.py:4180} INFO - Setting next_dagrun for example_subdag_operator.section-2 to None, run_after=None
[2024-10-31T06:25:24.944+0000] {logging_mixin.py:190} INFO - [2024-10-31T06:25:24.944+0000] {dag.py:3239} INFO - Sync 2 DAGs
[2024-10-31T06:25:24.949+0000] {logging_mixin.py:190} INFO - [2024-10-31T06:25:24.948+0000] {dag.py:4180} INFO - Setting next_dagrun for example_subdag_operator.section-1 to None, run_after=None
[2024-10-31T06:25:24.949+0000] {logging_mixin.py:190} INFO - [2024-10-31T06:25:24.949+0000] {dag.py:4180} INFO - Setting next_dagrun for example_subdag_operator.section-2 to None, run_after=None
[2024-10-31T06:25:24.961+0000] {processor.py:208} INFO - Processing /home/airflow/.local/lib/python3.12/site-packages/airflow/example_dags/example_subdag_operator.py took 0.092 seconds
[2024-10-31T06:25:55.559+0000] {processor.py:186} INFO - Started process (PID=558) to work on /home/airflow/.local/lib/python3.12/site-packages/airflow/example_dags/example_subdag_operator.py
[2024-10-31T06:25:55.560+0000] {processor.py:914} INFO - Processing file /home/airflow/.local/lib/python3.12/site-packages/airflow/example_dags/example_subdag_operator.py for tasks to queue
[2024-10-31T06:25:55.561+0000] {logging_mixin.py:190} INFO - [2024-10-31T06:25:55.561+0000] {dagbag.py:588} INFO - Filling up the DagBag from /home/airflow/.local/lib/python3.12/site-packages/airflow/example_dags/example_subdag_operator.py
[2024-10-31T06:25:55.581+0000] {processor.py:925} INFO - DAG(s) 'example_subdag_operator.section-1', 'example_subdag_operator.section-2', 'example_subdag_operator' retrieved from /home/airflow/.local/lib/python3.12/site-packages/airflow/example_dags/example_subdag_operator.py
[2024-10-31T06:25:55.592+0000] {logging_mixin.py:190} INFO - [2024-10-31T06:25:55.592+0000] {dag.py:3239} INFO - Sync 3 DAGs
[2024-10-31T06:25:55.609+0000] {logging_mixin.py:190} INFO - [2024-10-31T06:25:55.609+0000] {dag.py:4180} INFO - Setting next_dagrun for example_subdag_operator to 2022-01-01 00:00:00+00:00, run_after=2022-01-01 00:00:00+00:00
[2024-10-31T06:25:55.612+0000] {logging_mixin.py:190} INFO - [2024-10-31T06:25:55.612+0000] {dag.py:4180} INFO - Setting next_dagrun for example_subdag_operator.section-1 to None, run_after=None
[2024-10-31T06:25:55.613+0000] {logging_mixin.py:190} INFO - [2024-10-31T06:25:55.613+0000] {dag.py:4180} INFO - Setting next_dagrun for example_subdag_operator.section-2 to None, run_after=None
[2024-10-31T06:25:55.618+0000] {logging_mixin.py:190} INFO - [2024-10-31T06:25:55.618+0000] {dag.py:3239} INFO - Sync 2 DAGs
[2024-10-31T06:25:55.622+0000] {logging_mixin.py:190} INFO - [2024-10-31T06:25:55.622+0000] {dag.py:4180} INFO - Setting next_dagrun for example_subdag_operator.section-1 to None, run_after=None
[2024-10-31T06:25:55.623+0000] {logging_mixin.py:190} INFO - [2024-10-31T06:25:55.623+0000] {dag.py:4180} INFO - Setting next_dagrun for example_subdag_operator.section-2 to None, run_after=None
[2024-10-31T06:25:55.632+0000] {processor.py:208} INFO - Processing /home/airflow/.local/lib/python3.12/site-packages/airflow/example_dags/example_subdag_operator.py took 0.077 seconds
[2024-10-31T06:26:26.180+0000] {processor.py:186} INFO - Started process (PID=620) to work on /home/airflow/.local/lib/python3.12/site-packages/airflow/example_dags/example_subdag_operator.py
[2024-10-31T06:26:26.180+0000] {processor.py:914} INFO - Processing file /home/airflow/.local/lib/python3.12/site-packages/airflow/example_dags/example_subdag_operator.py for tasks to queue
[2024-10-31T06:26:26.182+0000] {logging_mixin.py:190} INFO - [2024-10-31T06:26:26.182+0000] {dagbag.py:588} INFO - Filling up the DagBag from /home/airflow/.local/lib/python3.12/site-packages/airflow/example_dags/example_subdag_operator.py
[2024-10-31T06:26:26.205+0000] {processor.py:925} INFO - DAG(s) 'example_subdag_operator.section-1', 'example_subdag_operator.section-2', 'example_subdag_operator' retrieved from /home/airflow/.local/lib/python3.12/site-packages/airflow/example_dags/example_subdag_operator.py
[2024-10-31T06:26:26.218+0000] {logging_mixin.py:190} INFO - [2024-10-31T06:26:26.218+0000] {dag.py:3239} INFO - Sync 3 DAGs
[2024-10-31T06:26:26.238+0000] {logging_mixin.py:190} INFO - [2024-10-31T06:26:26.238+0000] {dag.py:4180} INFO - Setting next_dagrun for example_subdag_operator to 2022-01-01 00:00:00+00:00, run_after=2022-01-01 00:00:00+00:00
[2024-10-31T06:26:26.242+0000] {logging_mixin.py:190} INFO - [2024-10-31T06:26:26.242+0000] {dag.py:4180} INFO - Setting next_dagrun for example_subdag_operator.section-1 to None, run_after=None
[2024-10-31T06:26:26.245+0000] {logging_mixin.py:190} INFO - [2024-10-31T06:26:26.244+0000] {dag.py:4180} INFO - Setting next_dagrun for example_subdag_operator.section-2 to None, run_after=None
[2024-10-31T06:26:26.253+0000] {logging_mixin.py:190} INFO - [2024-10-31T06:26:26.253+0000] {dag.py:3239} INFO - Sync 2 DAGs
[2024-10-31T06:26:26.258+0000] {logging_mixin.py:190} INFO - [2024-10-31T06:26:26.258+0000] {dag.py:4180} INFO - Setting next_dagrun for example_subdag_operator.section-1 to None, run_after=None
[2024-10-31T06:26:26.258+0000] {logging_mixin.py:190} INFO - [2024-10-31T06:26:26.258+0000] {dag.py:4180} INFO - Setting next_dagrun for example_subdag_operator.section-2 to None, run_after=None
[2024-10-31T06:26:26.270+0000] {processor.py:208} INFO - Processing /home/airflow/.local/lib/python3.12/site-packages/airflow/example_dags/example_subdag_operator.py took 0.095 seconds
[2024-10-31T06:26:56.794+0000] {processor.py:186} INFO - Started process (PID=682) to work on /home/airflow/.local/lib/python3.12/site-packages/airflow/example_dags/example_subdag_operator.py
[2024-10-31T06:26:56.795+0000] {processor.py:914} INFO - Processing file /home/airflow/.local/lib/python3.12/site-packages/airflow/example_dags/example_subdag_operator.py for tasks to queue
[2024-10-31T06:26:56.796+0000] {logging_mixin.py:190} INFO - [2024-10-31T06:26:56.796+0000] {dagbag.py:588} INFO - Filling up the DagBag from /home/airflow/.local/lib/python3.12/site-packages/airflow/example_dags/example_subdag_operator.py
[2024-10-31T06:26:56.819+0000] {processor.py:925} INFO - DAG(s) 'example_subdag_operator.section-1', 'example_subdag_operator.section-2', 'example_subdag_operator' retrieved from /home/airflow/.local/lib/python3.12/site-packages/airflow/example_dags/example_subdag_operator.py
[2024-10-31T06:26:56.830+0000] {logging_mixin.py:190} INFO - [2024-10-31T06:26:56.829+0000] {dag.py:3239} INFO - Sync 3 DAGs
[2024-10-31T06:26:56.846+0000] {logging_mixin.py:190} INFO - [2024-10-31T06:26:56.846+0000] {dag.py:4180} INFO - Setting next_dagrun for example_subdag_operator to 2022-01-01 00:00:00+00:00, run_after=2022-01-01 00:00:00+00:00
[2024-10-31T06:26:56.849+0000] {logging_mixin.py:190} INFO - [2024-10-31T06:26:56.849+0000] {dag.py:4180} INFO - Setting next_dagrun for example_subdag_operator.section-1 to None, run_after=None
[2024-10-31T06:26:56.850+0000] {logging_mixin.py:190} INFO - [2024-10-31T06:26:56.850+0000] {dag.py:4180} INFO - Setting next_dagrun for example_subdag_operator.section-2 to None, run_after=None
[2024-10-31T06:26:56.854+0000] {logging_mixin.py:190} INFO - [2024-10-31T06:26:56.854+0000] {dag.py:3239} INFO - Sync 2 DAGs
[2024-10-31T06:26:56.858+0000] {logging_mixin.py:190} INFO - [2024-10-31T06:26:56.858+0000] {dag.py:4180} INFO - Setting next_dagrun for example_subdag_operator.section-1 to None, run_after=None
[2024-10-31T06:26:56.858+0000] {logging_mixin.py:190} INFO - [2024-10-31T06:26:56.858+0000] {dag.py:4180} INFO - Setting next_dagrun for example_subdag_operator.section-2 to None, run_after=None
[2024-10-31T06:26:56.867+0000] {processor.py:208} INFO - Processing /home/airflow/.local/lib/python3.12/site-packages/airflow/example_dags/example_subdag_operator.py took 0.079 seconds
[2024-10-31T06:27:27.025+0000] {processor.py:186} INFO - Started process (PID=744) to work on /home/airflow/.local/lib/python3.12/site-packages/airflow/example_dags/example_subdag_operator.py
[2024-10-31T06:27:27.026+0000] {processor.py:914} INFO - Processing file /home/airflow/.local/lib/python3.12/site-packages/airflow/example_dags/example_subdag_operator.py for tasks to queue
[2024-10-31T06:27:27.028+0000] {logging_mixin.py:190} INFO - [2024-10-31T06:27:27.028+0000] {dagbag.py:588} INFO - Filling up the DagBag from /home/airflow/.local/lib/python3.12/site-packages/airflow/example_dags/example_subdag_operator.py
[2024-10-31T06:27:27.049+0000] {processor.py:925} INFO - DAG(s) 'example_subdag_operator.section-1', 'example_subdag_operator.section-2', 'example_subdag_operator' retrieved from /home/airflow/.local/lib/python3.12/site-packages/airflow/example_dags/example_subdag_operator.py
[2024-10-31T06:27:27.061+0000] {logging_mixin.py:190} INFO - [2024-10-31T06:27:27.061+0000] {dag.py:3239} INFO - Sync 3 DAGs
[2024-10-31T06:27:27.083+0000] {logging_mixin.py:190} INFO - [2024-10-31T06:27:27.082+0000] {dag.py:4180} INFO - Setting next_dagrun for example_subdag_operator to 2022-01-01 00:00:00+00:00, run_after=2022-01-01 00:00:00+00:00
[2024-10-31T06:27:27.086+0000] {logging_mixin.py:190} INFO - [2024-10-31T06:27:27.086+0000] {dag.py:4180} INFO - Setting next_dagrun for example_subdag_operator.section-1 to None, run_after=None
[2024-10-31T06:27:27.088+0000] {logging_mixin.py:190} INFO - [2024-10-31T06:27:27.087+0000] {dag.py:4180} INFO - Setting next_dagrun for example_subdag_operator.section-2 to None, run_after=None
[2024-10-31T06:27:27.093+0000] {logging_mixin.py:190} INFO - [2024-10-31T06:27:27.093+0000] {dag.py:3239} INFO - Sync 2 DAGs
[2024-10-31T06:27:27.098+0000] {logging_mixin.py:190} INFO - [2024-10-31T06:27:27.098+0000] {dag.py:4180} INFO - Setting next_dagrun for example_subdag_operator.section-1 to None, run_after=None
[2024-10-31T06:27:27.098+0000] {logging_mixin.py:190} INFO - [2024-10-31T06:27:27.098+0000] {dag.py:4180} INFO - Setting next_dagrun for example_subdag_operator.section-2 to None, run_after=None
[2024-10-31T06:27:27.110+0000] {processor.py:208} INFO - Processing /home/airflow/.local/lib/python3.12/site-packages/airflow/example_dags/example_subdag_operator.py took 0.089 seconds
[2024-10-31T06:27:58.108+0000] {processor.py:186} INFO - Started process (PID=806) to work on /home/airflow/.local/lib/python3.12/site-packages/airflow/example_dags/example_subdag_operator.py
[2024-10-31T06:27:58.109+0000] {processor.py:914} INFO - Processing file /home/airflow/.local/lib/python3.12/site-packages/airflow/example_dags/example_subdag_operator.py for tasks to queue
[2024-10-31T06:27:58.112+0000] {logging_mixin.py:190} INFO - [2024-10-31T06:27:58.112+0000] {dagbag.py:588} INFO - Filling up the DagBag from /home/airflow/.local/lib/python3.12/site-packages/airflow/example_dags/example_subdag_operator.py
[2024-10-31T06:27:58.167+0000] {processor.py:925} INFO - DAG(s) 'example_subdag_operator.section-1', 'example_subdag_operator.section-2', 'example_subdag_operator' retrieved from /home/airflow/.local/lib/python3.12/site-packages/airflow/example_dags/example_subdag_operator.py
[2024-10-31T06:27:58.185+0000] {logging_mixin.py:190} INFO - [2024-10-31T06:27:58.185+0000] {dag.py:3239} INFO - Sync 3 DAGs
[2024-10-31T06:27:58.219+0000] {logging_mixin.py:190} INFO - [2024-10-31T06:27:58.218+0000] {dag.py:4180} INFO - Setting next_dagrun for example_subdag_operator to 2022-01-01 00:00:00+00:00, run_after=2022-01-01 00:00:00+00:00
[2024-10-31T06:27:58.223+0000] {logging_mixin.py:190} INFO - [2024-10-31T06:27:58.223+0000] {dag.py:4180} INFO - Setting next_dagrun for example_subdag_operator.section-1 to None, run_after=None
[2024-10-31T06:27:58.225+0000] {logging_mixin.py:190} INFO - [2024-10-31T06:27:58.225+0000] {dag.py:4180} INFO - Setting next_dagrun for example_subdag_operator.section-2 to None, run_after=None
[2024-10-31T06:27:58.239+0000] {logging_mixin.py:190} INFO - [2024-10-31T06:27:58.238+0000] {dag.py:3239} INFO - Sync 2 DAGs
[2024-10-31T06:27:58.245+0000] {logging_mixin.py:190} INFO - [2024-10-31T06:27:58.244+0000] {dag.py:4180} INFO - Setting next_dagrun for example_subdag_operator.section-1 to None, run_after=None
[2024-10-31T06:27:58.245+0000] {logging_mixin.py:190} INFO - [2024-10-31T06:27:58.245+0000] {dag.py:4180} INFO - Setting next_dagrun for example_subdag_operator.section-2 to None, run_after=None
[2024-10-31T06:27:58.260+0000] {processor.py:208} INFO - Processing /home/airflow/.local/lib/python3.12/site-packages/airflow/example_dags/example_subdag_operator.py took 0.159 seconds
[2024-10-31T06:28:28.432+0000] {processor.py:186} INFO - Started process (PID=868) to work on /home/airflow/.local/lib/python3.12/site-packages/airflow/example_dags/example_subdag_operator.py
[2024-10-31T06:28:28.434+0000] {processor.py:914} INFO - Processing file /home/airflow/.local/lib/python3.12/site-packages/airflow/example_dags/example_subdag_operator.py for tasks to queue
[2024-10-31T06:28:28.436+0000] {logging_mixin.py:190} INFO - [2024-10-31T06:28:28.436+0000] {dagbag.py:588} INFO - Filling up the DagBag from /home/airflow/.local/lib/python3.12/site-packages/airflow/example_dags/example_subdag_operator.py
[2024-10-31T06:28:28.464+0000] {processor.py:925} INFO - DAG(s) 'example_subdag_operator.section-1', 'example_subdag_operator.section-2', 'example_subdag_operator' retrieved from /home/airflow/.local/lib/python3.12/site-packages/airflow/example_dags/example_subdag_operator.py
[2024-10-31T06:28:28.481+0000] {logging_mixin.py:190} INFO - [2024-10-31T06:28:28.481+0000] {dag.py:3239} INFO - Sync 3 DAGs
[2024-10-31T06:28:28.506+0000] {logging_mixin.py:190} INFO - [2024-10-31T06:28:28.505+0000] {dag.py:4180} INFO - Setting next_dagrun for example_subdag_operator to 2022-01-01 00:00:00+00:00, run_after=2022-01-01 00:00:00+00:00
[2024-10-31T06:28:28.511+0000] {logging_mixin.py:190} INFO - [2024-10-31T06:28:28.511+0000] {dag.py:4180} INFO - Setting next_dagrun for example_subdag_operator.section-1 to None, run_after=None
[2024-10-31T06:28:28.514+0000] {logging_mixin.py:190} INFO - [2024-10-31T06:28:28.513+0000] {dag.py:4180} INFO - Setting next_dagrun for example_subdag_operator.section-2 to None, run_after=None
[2024-10-31T06:28:28.521+0000] {logging_mixin.py:190} INFO - [2024-10-31T06:28:28.521+0000] {dag.py:3239} INFO - Sync 2 DAGs
[2024-10-31T06:28:28.526+0000] {logging_mixin.py:190} INFO - [2024-10-31T06:28:28.525+0000] {dag.py:4180} INFO - Setting next_dagrun for example_subdag_operator.section-1 to None, run_after=None
[2024-10-31T06:28:28.526+0000] {logging_mixin.py:190} INFO - [2024-10-31T06:28:28.526+0000] {dag.py:4180} INFO - Setting next_dagrun for example_subdag_operator.section-2 to None, run_after=None
[2024-10-31T06:28:28.537+0000] {processor.py:208} INFO - Processing /home/airflow/.local/lib/python3.12/site-packages/airflow/example_dags/example_subdag_operator.py took 0.111 seconds
