[2024-10-31T06:21:48.974+0000] {processor.py:186} INFO - Started process (PID=53) to work on /home/airflow/.local/lib/python3.12/site-packages/airflow/example_dags/example_task_group.py
[2024-10-31T06:21:48.974+0000] {processor.py:914} INFO - Processing file /home/airflow/.local/lib/python3.12/site-packages/airflow/example_dags/example_task_group.py for tasks to queue
[2024-10-31T06:21:48.980+0000] {logging_mixin.py:190} INFO - [2024-10-31T06:21:48.979+0000] {dagbag.py:588} INFO - Filling up the DagBag from /home/airflow/.local/lib/python3.12/site-packages/airflow/example_dags/example_task_group.py
[2024-10-31T06:21:49.000+0000] {processor.py:925} INFO - DAG(s) 'example_task_group' retrieved from /home/airflow/.local/lib/python3.12/site-packages/airflow/example_dags/example_task_group.py
[2024-10-31T06:21:49.126+0000] {logging_mixin.py:190} INFO - [2024-10-31T06:21:49.125+0000] {override.py:1900} INFO - Created Permission View: can delete on DAG:example_task_group
[2024-10-31T06:21:49.133+0000] {logging_mixin.py:190} INFO - [2024-10-31T06:21:49.133+0000] {override.py:1900} INFO - Created Permission View: can read on DAG:example_task_group
[2024-10-31T06:21:49.139+0000] {logging_mixin.py:190} INFO - [2024-10-31T06:21:49.139+0000] {override.py:1900} INFO - Created Permission View: can edit on DAG:example_task_group
[2024-10-31T06:21:49.146+0000] {logging_mixin.py:190} INFO - [2024-10-31T06:21:49.146+0000] {override.py:1900} INFO - Created Permission View: can delete on DAG Run:example_task_group
[2024-10-31T06:21:49.153+0000] {logging_mixin.py:190} INFO - [2024-10-31T06:21:49.153+0000] {override.py:1900} INFO - Created Permission View: can create on DAG Run:example_task_group
[2024-10-31T06:21:49.161+0000] {logging_mixin.py:190} INFO - [2024-10-31T06:21:49.161+0000] {override.py:1900} INFO - Created Permission View: can read on DAG Run:example_task_group
[2024-10-31T06:21:49.169+0000] {logging_mixin.py:190} INFO - [2024-10-31T06:21:49.169+0000] {override.py:1900} INFO - Created Permission View: menu access on DAG Run:example_task_group
[2024-10-31T06:21:49.170+0000] {logging_mixin.py:190} INFO - [2024-10-31T06:21:49.170+0000] {dag.py:3239} INFO - Sync 1 DAGs
[2024-10-31T06:21:49.186+0000] {logging_mixin.py:190} INFO - [2024-10-31T06:21:49.186+0000] {dag.py:3262} INFO - Creating ORM DAG for example_task_group
[2024-10-31T06:21:49.187+0000] {logging_mixin.py:190} INFO - [2024-10-31T06:21:49.187+0000] {dag.py:4180} INFO - Setting next_dagrun for example_task_group to None, run_after=None
[2024-10-31T06:21:49.208+0000] {processor.py:208} INFO - Processing /home/airflow/.local/lib/python3.12/site-packages/airflow/example_dags/example_task_group.py took 0.243 seconds
[2024-10-31T06:22:20.093+0000] {processor.py:186} INFO - Started process (PID=115) to work on /home/airflow/.local/lib/python3.12/site-packages/airflow/example_dags/example_task_group.py
[2024-10-31T06:22:20.095+0000] {processor.py:914} INFO - Processing file /home/airflow/.local/lib/python3.12/site-packages/airflow/example_dags/example_task_group.py for tasks to queue
[2024-10-31T06:22:20.097+0000] {logging_mixin.py:190} INFO - [2024-10-31T06:22:20.097+0000] {dagbag.py:588} INFO - Filling up the DagBag from /home/airflow/.local/lib/python3.12/site-packages/airflow/example_dags/example_task_group.py
[2024-10-31T06:22:20.103+0000] {processor.py:925} INFO - DAG(s) 'example_task_group' retrieved from /home/airflow/.local/lib/python3.12/site-packages/airflow/example_dags/example_task_group.py
[2024-10-31T06:22:20.119+0000] {logging_mixin.py:190} INFO - [2024-10-31T06:22:20.119+0000] {dag.py:3239} INFO - Sync 1 DAGs
[2024-10-31T06:22:20.130+0000] {logging_mixin.py:190} INFO - [2024-10-31T06:22:20.130+0000] {dag.py:4180} INFO - Setting next_dagrun for example_task_group to None, run_after=None
[2024-10-31T06:22:20.146+0000] {processor.py:208} INFO - Processing /home/airflow/.local/lib/python3.12/site-packages/airflow/example_dags/example_task_group.py took 0.057 seconds
[2024-10-31T06:22:50.687+0000] {processor.py:186} INFO - Started process (PID=177) to work on /home/airflow/.local/lib/python3.12/site-packages/airflow/example_dags/example_task_group.py
[2024-10-31T06:22:50.687+0000] {processor.py:914} INFO - Processing file /home/airflow/.local/lib/python3.12/site-packages/airflow/example_dags/example_task_group.py for tasks to queue
[2024-10-31T06:22:50.689+0000] {logging_mixin.py:190} INFO - [2024-10-31T06:22:50.689+0000] {dagbag.py:588} INFO - Filling up the DagBag from /home/airflow/.local/lib/python3.12/site-packages/airflow/example_dags/example_task_group.py
[2024-10-31T06:22:50.695+0000] {processor.py:925} INFO - DAG(s) 'example_task_group' retrieved from /home/airflow/.local/lib/python3.12/site-packages/airflow/example_dags/example_task_group.py
[2024-10-31T06:22:50.713+0000] {logging_mixin.py:190} INFO - [2024-10-31T06:22:50.712+0000] {dag.py:3239} INFO - Sync 1 DAGs
[2024-10-31T06:22:50.724+0000] {logging_mixin.py:190} INFO - [2024-10-31T06:22:50.724+0000] {dag.py:4180} INFO - Setting next_dagrun for example_task_group to None, run_after=None
[2024-10-31T06:22:50.740+0000] {processor.py:208} INFO - Processing /home/airflow/.local/lib/python3.12/site-packages/airflow/example_dags/example_task_group.py took 0.058 seconds
[2024-10-31T06:23:21.485+0000] {processor.py:186} INFO - Started process (PID=239) to work on /home/airflow/.local/lib/python3.12/site-packages/airflow/example_dags/example_task_group.py
[2024-10-31T06:23:21.486+0000] {processor.py:914} INFO - Processing file /home/airflow/.local/lib/python3.12/site-packages/airflow/example_dags/example_task_group.py for tasks to queue
[2024-10-31T06:23:21.488+0000] {logging_mixin.py:190} INFO - [2024-10-31T06:23:21.488+0000] {dagbag.py:588} INFO - Filling up the DagBag from /home/airflow/.local/lib/python3.12/site-packages/airflow/example_dags/example_task_group.py
[2024-10-31T06:23:21.494+0000] {processor.py:925} INFO - DAG(s) 'example_task_group' retrieved from /home/airflow/.local/lib/python3.12/site-packages/airflow/example_dags/example_task_group.py
[2024-10-31T06:23:21.513+0000] {logging_mixin.py:190} INFO - [2024-10-31T06:23:21.512+0000] {dag.py:3239} INFO - Sync 1 DAGs
[2024-10-31T06:23:21.523+0000] {logging_mixin.py:190} INFO - [2024-10-31T06:23:21.523+0000] {dag.py:4180} INFO - Setting next_dagrun for example_task_group to None, run_after=None
[2024-10-31T06:23:21.540+0000] {processor.py:208} INFO - Processing /home/airflow/.local/lib/python3.12/site-packages/airflow/example_dags/example_task_group.py took 0.060 seconds
[2024-10-31T06:23:52.187+0000] {processor.py:186} INFO - Started process (PID=301) to work on /home/airflow/.local/lib/python3.12/site-packages/airflow/example_dags/example_task_group.py
[2024-10-31T06:23:52.187+0000] {processor.py:914} INFO - Processing file /home/airflow/.local/lib/python3.12/site-packages/airflow/example_dags/example_task_group.py for tasks to queue
[2024-10-31T06:23:52.189+0000] {logging_mixin.py:190} INFO - [2024-10-31T06:23:52.189+0000] {dagbag.py:588} INFO - Filling up the DagBag from /home/airflow/.local/lib/python3.12/site-packages/airflow/example_dags/example_task_group.py
[2024-10-31T06:23:52.196+0000] {processor.py:925} INFO - DAG(s) 'example_task_group' retrieved from /home/airflow/.local/lib/python3.12/site-packages/airflow/example_dags/example_task_group.py
[2024-10-31T06:23:52.212+0000] {logging_mixin.py:190} INFO - [2024-10-31T06:23:52.212+0000] {dag.py:3239} INFO - Sync 1 DAGs
[2024-10-31T06:23:52.224+0000] {logging_mixin.py:190} INFO - [2024-10-31T06:23:52.223+0000] {dag.py:4180} INFO - Setting next_dagrun for example_task_group to None, run_after=None
[2024-10-31T06:23:52.243+0000] {processor.py:208} INFO - Processing /home/airflow/.local/lib/python3.12/site-packages/airflow/example_dags/example_task_group.py took 0.061 seconds
[2024-10-31T06:24:22.284+0000] {processor.py:186} INFO - Started process (PID=362) to work on /home/airflow/.local/lib/python3.12/site-packages/airflow/example_dags/example_task_group.py
[2024-10-31T06:24:22.285+0000] {processor.py:914} INFO - Processing file /home/airflow/.local/lib/python3.12/site-packages/airflow/example_dags/example_task_group.py for tasks to queue
[2024-10-31T06:24:22.287+0000] {logging_mixin.py:190} INFO - [2024-10-31T06:24:22.287+0000] {dagbag.py:588} INFO - Filling up the DagBag from /home/airflow/.local/lib/python3.12/site-packages/airflow/example_dags/example_task_group.py
[2024-10-31T06:24:22.294+0000] {processor.py:925} INFO - DAG(s) 'example_task_group' retrieved from /home/airflow/.local/lib/python3.12/site-packages/airflow/example_dags/example_task_group.py
[2024-10-31T06:24:22.310+0000] {logging_mixin.py:190} INFO - [2024-10-31T06:24:22.310+0000] {dag.py:3239} INFO - Sync 1 DAGs
[2024-10-31T06:24:22.321+0000] {logging_mixin.py:190} INFO - [2024-10-31T06:24:22.320+0000] {dag.py:4180} INFO - Setting next_dagrun for example_task_group to None, run_after=None
[2024-10-31T06:24:22.336+0000] {processor.py:208} INFO - Processing /home/airflow/.local/lib/python3.12/site-packages/airflow/example_dags/example_task_group.py took 0.057 seconds
[2024-10-31T06:24:52.606+0000] {processor.py:186} INFO - Started process (PID=428) to work on /home/airflow/.local/lib/python3.12/site-packages/airflow/example_dags/example_task_group.py
[2024-10-31T06:24:52.607+0000] {processor.py:914} INFO - Processing file /home/airflow/.local/lib/python3.12/site-packages/airflow/example_dags/example_task_group.py for tasks to queue
[2024-10-31T06:24:52.609+0000] {logging_mixin.py:190} INFO - [2024-10-31T06:24:52.609+0000] {dagbag.py:588} INFO - Filling up the DagBag from /home/airflow/.local/lib/python3.12/site-packages/airflow/example_dags/example_task_group.py
[2024-10-31T06:24:52.619+0000] {processor.py:925} INFO - DAG(s) 'example_task_group' retrieved from /home/airflow/.local/lib/python3.12/site-packages/airflow/example_dags/example_task_group.py
[2024-10-31T06:24:52.640+0000] {logging_mixin.py:190} INFO - [2024-10-31T06:24:52.640+0000] {dag.py:3239} INFO - Sync 1 DAGs
[2024-10-31T06:24:52.652+0000] {logging_mixin.py:190} INFO - [2024-10-31T06:24:52.652+0000] {dag.py:4180} INFO - Setting next_dagrun for example_task_group to None, run_after=None
[2024-10-31T06:24:52.673+0000] {processor.py:208} INFO - Processing /home/airflow/.local/lib/python3.12/site-packages/airflow/example_dags/example_task_group.py took 0.073 seconds
[2024-10-31T06:25:23.451+0000] {processor.py:186} INFO - Started process (PID=490) to work on /home/airflow/.local/lib/python3.12/site-packages/airflow/example_dags/example_task_group.py
[2024-10-31T06:25:23.452+0000] {processor.py:914} INFO - Processing file /home/airflow/.local/lib/python3.12/site-packages/airflow/example_dags/example_task_group.py for tasks to queue
[2024-10-31T06:25:23.455+0000] {logging_mixin.py:190} INFO - [2024-10-31T06:25:23.455+0000] {dagbag.py:588} INFO - Filling up the DagBag from /home/airflow/.local/lib/python3.12/site-packages/airflow/example_dags/example_task_group.py
[2024-10-31T06:25:23.479+0000] {processor.py:925} INFO - DAG(s) 'example_task_group' retrieved from /home/airflow/.local/lib/python3.12/site-packages/airflow/example_dags/example_task_group.py
[2024-10-31T06:25:23.527+0000] {logging_mixin.py:190} INFO - [2024-10-31T06:25:23.527+0000] {dag.py:3239} INFO - Sync 1 DAGs
[2024-10-31T06:25:23.546+0000] {logging_mixin.py:190} INFO - [2024-10-31T06:25:23.545+0000] {dag.py:4180} INFO - Setting next_dagrun for example_task_group to None, run_after=None
[2024-10-31T06:25:23.573+0000] {processor.py:208} INFO - Processing /home/airflow/.local/lib/python3.12/site-packages/airflow/example_dags/example_task_group.py took 0.130 seconds
[2024-10-31T06:25:54.297+0000] {processor.py:186} INFO - Started process (PID=552) to work on /home/airflow/.local/lib/python3.12/site-packages/airflow/example_dags/example_task_group.py
[2024-10-31T06:25:54.298+0000] {processor.py:914} INFO - Processing file /home/airflow/.local/lib/python3.12/site-packages/airflow/example_dags/example_task_group.py for tasks to queue
[2024-10-31T06:25:54.300+0000] {logging_mixin.py:190} INFO - [2024-10-31T06:25:54.299+0000] {dagbag.py:588} INFO - Filling up the DagBag from /home/airflow/.local/lib/python3.12/site-packages/airflow/example_dags/example_task_group.py
[2024-10-31T06:25:54.306+0000] {processor.py:925} INFO - DAG(s) 'example_task_group' retrieved from /home/airflow/.local/lib/python3.12/site-packages/airflow/example_dags/example_task_group.py
[2024-10-31T06:25:54.334+0000] {logging_mixin.py:190} INFO - [2024-10-31T06:25:54.333+0000] {dag.py:3239} INFO - Sync 1 DAGs
[2024-10-31T06:25:54.343+0000] {logging_mixin.py:190} INFO - [2024-10-31T06:25:54.343+0000] {dag.py:4180} INFO - Setting next_dagrun for example_task_group to None, run_after=None
[2024-10-31T06:25:54.357+0000] {processor.py:208} INFO - Processing /home/airflow/.local/lib/python3.12/site-packages/airflow/example_dags/example_task_group.py took 0.065 seconds
[2024-10-31T06:26:24.788+0000] {processor.py:186} INFO - Started process (PID=614) to work on /home/airflow/.local/lib/python3.12/site-packages/airflow/example_dags/example_task_group.py
[2024-10-31T06:26:24.789+0000] {processor.py:914} INFO - Processing file /home/airflow/.local/lib/python3.12/site-packages/airflow/example_dags/example_task_group.py for tasks to queue
[2024-10-31T06:26:24.791+0000] {logging_mixin.py:190} INFO - [2024-10-31T06:26:24.791+0000] {dagbag.py:588} INFO - Filling up the DagBag from /home/airflow/.local/lib/python3.12/site-packages/airflow/example_dags/example_task_group.py
[2024-10-31T06:26:24.798+0000] {processor.py:925} INFO - DAG(s) 'example_task_group' retrieved from /home/airflow/.local/lib/python3.12/site-packages/airflow/example_dags/example_task_group.py
[2024-10-31T06:26:24.819+0000] {logging_mixin.py:190} INFO - [2024-10-31T06:26:24.818+0000] {dag.py:3239} INFO - Sync 1 DAGs
[2024-10-31T06:26:24.844+0000] {logging_mixin.py:190} INFO - [2024-10-31T06:26:24.844+0000] {dag.py:4180} INFO - Setting next_dagrun for example_task_group to None, run_after=None
[2024-10-31T06:26:24.862+0000] {processor.py:208} INFO - Processing /home/airflow/.local/lib/python3.12/site-packages/airflow/example_dags/example_task_group.py took 0.083 seconds
[2024-10-31T06:26:55.409+0000] {processor.py:186} INFO - Started process (PID=676) to work on /home/airflow/.local/lib/python3.12/site-packages/airflow/example_dags/example_task_group.py
[2024-10-31T06:26:55.410+0000] {processor.py:914} INFO - Processing file /home/airflow/.local/lib/python3.12/site-packages/airflow/example_dags/example_task_group.py for tasks to queue
[2024-10-31T06:26:55.412+0000] {logging_mixin.py:190} INFO - [2024-10-31T06:26:55.412+0000] {dagbag.py:588} INFO - Filling up the DagBag from /home/airflow/.local/lib/python3.12/site-packages/airflow/example_dags/example_task_group.py
[2024-10-31T06:26:55.419+0000] {processor.py:925} INFO - DAG(s) 'example_task_group' retrieved from /home/airflow/.local/lib/python3.12/site-packages/airflow/example_dags/example_task_group.py
[2024-10-31T06:26:55.440+0000] {logging_mixin.py:190} INFO - [2024-10-31T06:26:55.440+0000] {dag.py:3239} INFO - Sync 1 DAGs
[2024-10-31T06:26:55.451+0000] {logging_mixin.py:190} INFO - [2024-10-31T06:26:55.451+0000] {dag.py:4180} INFO - Setting next_dagrun for example_task_group to None, run_after=None
[2024-10-31T06:26:55.470+0000] {processor.py:208} INFO - Processing /home/airflow/.local/lib/python3.12/site-packages/airflow/example_dags/example_task_group.py took 0.066 seconds
[2024-10-31T06:27:25.729+0000] {processor.py:186} INFO - Started process (PID=738) to work on /home/airflow/.local/lib/python3.12/site-packages/airflow/example_dags/example_task_group.py
[2024-10-31T06:27:25.730+0000] {processor.py:914} INFO - Processing file /home/airflow/.local/lib/python3.12/site-packages/airflow/example_dags/example_task_group.py for tasks to queue
[2024-10-31T06:27:25.732+0000] {logging_mixin.py:190} INFO - [2024-10-31T06:27:25.731+0000] {dagbag.py:588} INFO - Filling up the DagBag from /home/airflow/.local/lib/python3.12/site-packages/airflow/example_dags/example_task_group.py
[2024-10-31T06:27:25.739+0000] {processor.py:925} INFO - DAG(s) 'example_task_group' retrieved from /home/airflow/.local/lib/python3.12/site-packages/airflow/example_dags/example_task_group.py
[2024-10-31T06:27:25.756+0000] {logging_mixin.py:190} INFO - [2024-10-31T06:27:25.755+0000] {dag.py:3239} INFO - Sync 1 DAGs
[2024-10-31T06:27:25.767+0000] {logging_mixin.py:190} INFO - [2024-10-31T06:27:25.766+0000] {dag.py:4180} INFO - Setting next_dagrun for example_task_group to None, run_after=None
[2024-10-31T06:27:25.781+0000] {processor.py:208} INFO - Processing /home/airflow/.local/lib/python3.12/site-packages/airflow/example_dags/example_task_group.py took 0.056 seconds
[2024-10-31T06:27:55.884+0000] {processor.py:186} INFO - Started process (PID=800) to work on /home/airflow/.local/lib/python3.12/site-packages/airflow/example_dags/example_task_group.py
[2024-10-31T06:27:55.885+0000] {processor.py:914} INFO - Processing file /home/airflow/.local/lib/python3.12/site-packages/airflow/example_dags/example_task_group.py for tasks to queue
[2024-10-31T06:27:55.887+0000] {logging_mixin.py:190} INFO - [2024-10-31T06:27:55.887+0000] {dagbag.py:588} INFO - Filling up the DagBag from /home/airflow/.local/lib/python3.12/site-packages/airflow/example_dags/example_task_group.py
[2024-10-31T06:27:55.894+0000] {processor.py:925} INFO - DAG(s) 'example_task_group' retrieved from /home/airflow/.local/lib/python3.12/site-packages/airflow/example_dags/example_task_group.py
[2024-10-31T06:27:55.910+0000] {logging_mixin.py:190} INFO - [2024-10-31T06:27:55.910+0000] {dag.py:3239} INFO - Sync 1 DAGs
[2024-10-31T06:27:55.922+0000] {logging_mixin.py:190} INFO - [2024-10-31T06:27:55.922+0000] {dag.py:4180} INFO - Setting next_dagrun for example_task_group to None, run_after=None
[2024-10-31T06:27:55.937+0000] {processor.py:208} INFO - Processing /home/airflow/.local/lib/python3.12/site-packages/airflow/example_dags/example_task_group.py took 0.057 seconds
[2024-10-31T06:28:26.178+0000] {processor.py:186} INFO - Started process (PID=863) to work on /home/airflow/.local/lib/python3.12/site-packages/airflow/example_dags/example_task_group.py
[2024-10-31T06:28:26.179+0000] {processor.py:914} INFO - Processing file /home/airflow/.local/lib/python3.12/site-packages/airflow/example_dags/example_task_group.py for tasks to queue
[2024-10-31T06:28:26.181+0000] {logging_mixin.py:190} INFO - [2024-10-31T06:28:26.181+0000] {dagbag.py:588} INFO - Filling up the DagBag from /home/airflow/.local/lib/python3.12/site-packages/airflow/example_dags/example_task_group.py
[2024-10-31T06:28:26.189+0000] {processor.py:925} INFO - DAG(s) 'example_task_group' retrieved from /home/airflow/.local/lib/python3.12/site-packages/airflow/example_dags/example_task_group.py
[2024-10-31T06:28:26.207+0000] {logging_mixin.py:190} INFO - [2024-10-31T06:28:26.207+0000] {dag.py:3239} INFO - Sync 1 DAGs
[2024-10-31T06:28:26.219+0000] {logging_mixin.py:190} INFO - [2024-10-31T06:28:26.219+0000] {dag.py:4180} INFO - Setting next_dagrun for example_task_group to None, run_after=None
[2024-10-31T06:28:26.239+0000] {processor.py:208} INFO - Processing /home/airflow/.local/lib/python3.12/site-packages/airflow/example_dags/example_task_group.py took 0.066 seconds
