[2024-10-31T06:21:51.175+0000] {processor.py:186} INFO - Started process (PID=74) to work on /home/airflow/.local/lib/python3.12/site-packages/airflow/example_dags/example_external_task_marker_dag.py
[2024-10-31T06:21:51.176+0000] {processor.py:914} INFO - Processing file /home/airflow/.local/lib/python3.12/site-packages/airflow/example_dags/example_external_task_marker_dag.py for tasks to queue
[2024-10-31T06:21:51.178+0000] {logging_mixin.py:190} INFO - [2024-10-31T06:21:51.178+0000] {dagbag.py:588} INFO - Filling up the DagBag from /home/airflow/.local/lib/python3.12/site-packages/airflow/example_dags/example_external_task_marker_dag.py
[2024-10-31T06:21:51.184+0000] {processor.py:925} INFO - DAG(s) 'example_external_task_marker_child', 'example_external_task_marker_parent' retrieved from /home/airflow/.local/lib/python3.12/site-packages/airflow/example_dags/example_external_task_marker_dag.py
[2024-10-31T06:21:51.262+0000] {logging_mixin.py:190} INFO - [2024-10-31T06:21:51.261+0000] {override.py:1900} INFO - Created Permission View: can delete on DAG:example_external_task_marker_child
[2024-10-31T06:21:51.271+0000] {logging_mixin.py:190} INFO - [2024-10-31T06:21:51.271+0000] {override.py:1900} INFO - Created Permission View: can read on DAG:example_external_task_marker_child
[2024-10-31T06:21:51.277+0000] {logging_mixin.py:190} INFO - [2024-10-31T06:21:51.277+0000] {override.py:1900} INFO - Created Permission View: can edit on DAG:example_external_task_marker_child
[2024-10-31T06:21:51.286+0000] {logging_mixin.py:190} INFO - [2024-10-31T06:21:51.286+0000] {override.py:1900} INFO - Created Permission View: can delete on DAG Run:example_external_task_marker_child
[2024-10-31T06:21:51.293+0000] {logging_mixin.py:190} INFO - [2024-10-31T06:21:51.293+0000] {override.py:1900} INFO - Created Permission View: can create on DAG Run:example_external_task_marker_child
[2024-10-31T06:21:51.299+0000] {logging_mixin.py:190} INFO - [2024-10-31T06:21:51.299+0000] {override.py:1900} INFO - Created Permission View: can read on DAG Run:example_external_task_marker_child
[2024-10-31T06:21:51.305+0000] {logging_mixin.py:190} INFO - [2024-10-31T06:21:51.305+0000] {override.py:1900} INFO - Created Permission View: menu access on DAG Run:example_external_task_marker_child
[2024-10-31T06:21:51.317+0000] {logging_mixin.py:190} INFO - [2024-10-31T06:21:51.317+0000] {override.py:1900} INFO - Created Permission View: can delete on DAG:example_external_task_marker_parent
[2024-10-31T06:21:51.323+0000] {logging_mixin.py:190} INFO - [2024-10-31T06:21:51.323+0000] {override.py:1900} INFO - Created Permission View: can read on DAG:example_external_task_marker_parent
[2024-10-31T06:21:51.331+0000] {logging_mixin.py:190} INFO - [2024-10-31T06:21:51.331+0000] {override.py:1900} INFO - Created Permission View: can edit on DAG:example_external_task_marker_parent
[2024-10-31T06:21:51.339+0000] {logging_mixin.py:190} INFO - [2024-10-31T06:21:51.339+0000] {override.py:1900} INFO - Created Permission View: can delete on DAG Run:example_external_task_marker_parent
[2024-10-31T06:21:51.344+0000] {logging_mixin.py:190} INFO - [2024-10-31T06:21:51.344+0000] {override.py:1900} INFO - Created Permission View: can create on DAG Run:example_external_task_marker_parent
[2024-10-31T06:21:51.349+0000] {logging_mixin.py:190} INFO - [2024-10-31T06:21:51.349+0000] {override.py:1900} INFO - Created Permission View: can read on DAG Run:example_external_task_marker_parent
[2024-10-31T06:21:51.355+0000] {logging_mixin.py:190} INFO - [2024-10-31T06:21:51.355+0000] {override.py:1900} INFO - Created Permission View: menu access on DAG Run:example_external_task_marker_parent
[2024-10-31T06:21:51.355+0000] {logging_mixin.py:190} INFO - [2024-10-31T06:21:51.355+0000] {dag.py:3239} INFO - Sync 2 DAGs
[2024-10-31T06:21:51.369+0000] {logging_mixin.py:190} INFO - [2024-10-31T06:21:51.369+0000] {dag.py:3262} INFO - Creating ORM DAG for example_external_task_marker_child
[2024-10-31T06:21:51.370+0000] {logging_mixin.py:190} INFO - [2024-10-31T06:21:51.370+0000] {dag.py:3262} INFO - Creating ORM DAG for example_external_task_marker_parent
[2024-10-31T06:21:51.370+0000] {logging_mixin.py:190} INFO - [2024-10-31T06:21:51.370+0000] {dag.py:4180} INFO - Setting next_dagrun for example_external_task_marker_child to None, run_after=None
[2024-10-31T06:21:51.371+0000] {logging_mixin.py:190} INFO - [2024-10-31T06:21:51.370+0000] {dag.py:4180} INFO - Setting next_dagrun for example_external_task_marker_parent to None, run_after=None
[2024-10-31T06:21:51.387+0000] {processor.py:208} INFO - Processing /home/airflow/.local/lib/python3.12/site-packages/airflow/example_dags/example_external_task_marker_dag.py took 0.216 seconds
[2024-10-31T06:22:22.241+0000] {processor.py:186} INFO - Started process (PID=136) to work on /home/airflow/.local/lib/python3.12/site-packages/airflow/example_dags/example_external_task_marker_dag.py
[2024-10-31T06:22:22.242+0000] {processor.py:914} INFO - Processing file /home/airflow/.local/lib/python3.12/site-packages/airflow/example_dags/example_external_task_marker_dag.py for tasks to queue
[2024-10-31T06:22:22.244+0000] {logging_mixin.py:190} INFO - [2024-10-31T06:22:22.243+0000] {dagbag.py:588} INFO - Filling up the DagBag from /home/airflow/.local/lib/python3.12/site-packages/airflow/example_dags/example_external_task_marker_dag.py
[2024-10-31T06:22:22.250+0000] {processor.py:925} INFO - DAG(s) 'example_external_task_marker_child', 'example_external_task_marker_parent' retrieved from /home/airflow/.local/lib/python3.12/site-packages/airflow/example_dags/example_external_task_marker_dag.py
[2024-10-31T06:22:22.267+0000] {logging_mixin.py:190} INFO - [2024-10-31T06:22:22.267+0000] {dag.py:3239} INFO - Sync 2 DAGs
[2024-10-31T06:22:22.278+0000] {logging_mixin.py:190} INFO - [2024-10-31T06:22:22.278+0000] {dag.py:4180} INFO - Setting next_dagrun for example_external_task_marker_child to None, run_after=None
[2024-10-31T06:22:22.280+0000] {logging_mixin.py:190} INFO - [2024-10-31T06:22:22.280+0000] {dag.py:4180} INFO - Setting next_dagrun for example_external_task_marker_parent to None, run_after=None
[2024-10-31T06:22:22.295+0000] {processor.py:208} INFO - Processing /home/airflow/.local/lib/python3.12/site-packages/airflow/example_dags/example_external_task_marker_dag.py took 0.058 seconds
[2024-10-31T06:22:52.923+0000] {processor.py:186} INFO - Started process (PID=198) to work on /home/airflow/.local/lib/python3.12/site-packages/airflow/example_dags/example_external_task_marker_dag.py
[2024-10-31T06:22:52.924+0000] {processor.py:914} INFO - Processing file /home/airflow/.local/lib/python3.12/site-packages/airflow/example_dags/example_external_task_marker_dag.py for tasks to queue
[2024-10-31T06:22:52.926+0000] {logging_mixin.py:190} INFO - [2024-10-31T06:22:52.925+0000] {dagbag.py:588} INFO - Filling up the DagBag from /home/airflow/.local/lib/python3.12/site-packages/airflow/example_dags/example_external_task_marker_dag.py
[2024-10-31T06:22:52.932+0000] {processor.py:925} INFO - DAG(s) 'example_external_task_marker_parent', 'example_external_task_marker_child' retrieved from /home/airflow/.local/lib/python3.12/site-packages/airflow/example_dags/example_external_task_marker_dag.py
[2024-10-31T06:22:52.954+0000] {logging_mixin.py:190} INFO - [2024-10-31T06:22:52.954+0000] {dag.py:3239} INFO - Sync 2 DAGs
[2024-10-31T06:22:52.966+0000] {logging_mixin.py:190} INFO - [2024-10-31T06:22:52.966+0000] {dag.py:4180} INFO - Setting next_dagrun for example_external_task_marker_child to None, run_after=None
[2024-10-31T06:22:52.969+0000] {logging_mixin.py:190} INFO - [2024-10-31T06:22:52.969+0000] {dag.py:4180} INFO - Setting next_dagrun for example_external_task_marker_parent to None, run_after=None
[2024-10-31T06:22:52.983+0000] {processor.py:208} INFO - Processing /home/airflow/.local/lib/python3.12/site-packages/airflow/example_dags/example_external_task_marker_dag.py took 0.065 seconds
[2024-10-31T06:23:23.617+0000] {processor.py:186} INFO - Started process (PID=260) to work on /home/airflow/.local/lib/python3.12/site-packages/airflow/example_dags/example_external_task_marker_dag.py
[2024-10-31T06:23:23.618+0000] {processor.py:914} INFO - Processing file /home/airflow/.local/lib/python3.12/site-packages/airflow/example_dags/example_external_task_marker_dag.py for tasks to queue
[2024-10-31T06:23:23.620+0000] {logging_mixin.py:190} INFO - [2024-10-31T06:23:23.620+0000] {dagbag.py:588} INFO - Filling up the DagBag from /home/airflow/.local/lib/python3.12/site-packages/airflow/example_dags/example_external_task_marker_dag.py
[2024-10-31T06:23:23.626+0000] {processor.py:925} INFO - DAG(s) 'example_external_task_marker_parent', 'example_external_task_marker_child' retrieved from /home/airflow/.local/lib/python3.12/site-packages/airflow/example_dags/example_external_task_marker_dag.py
[2024-10-31T06:23:23.642+0000] {logging_mixin.py:190} INFO - [2024-10-31T06:23:23.642+0000] {dag.py:3239} INFO - Sync 2 DAGs
[2024-10-31T06:23:23.653+0000] {logging_mixin.py:190} INFO - [2024-10-31T06:23:23.653+0000] {dag.py:4180} INFO - Setting next_dagrun for example_external_task_marker_child to None, run_after=None
[2024-10-31T06:23:23.655+0000] {logging_mixin.py:190} INFO - [2024-10-31T06:23:23.655+0000] {dag.py:4180} INFO - Setting next_dagrun for example_external_task_marker_parent to None, run_after=None
[2024-10-31T06:23:23.669+0000] {processor.py:208} INFO - Processing /home/airflow/.local/lib/python3.12/site-packages/airflow/example_dags/example_external_task_marker_dag.py took 0.055 seconds
[2024-10-31T06:23:54.280+0000] {processor.py:186} INFO - Started process (PID=322) to work on /home/airflow/.local/lib/python3.12/site-packages/airflow/example_dags/example_external_task_marker_dag.py
[2024-10-31T06:23:54.281+0000] {processor.py:914} INFO - Processing file /home/airflow/.local/lib/python3.12/site-packages/airflow/example_dags/example_external_task_marker_dag.py for tasks to queue
[2024-10-31T06:23:54.282+0000] {logging_mixin.py:190} INFO - [2024-10-31T06:23:54.282+0000] {dagbag.py:588} INFO - Filling up the DagBag from /home/airflow/.local/lib/python3.12/site-packages/airflow/example_dags/example_external_task_marker_dag.py
[2024-10-31T06:23:54.288+0000] {processor.py:925} INFO - DAG(s) 'example_external_task_marker_child', 'example_external_task_marker_parent' retrieved from /home/airflow/.local/lib/python3.12/site-packages/airflow/example_dags/example_external_task_marker_dag.py
[2024-10-31T06:23:54.304+0000] {logging_mixin.py:190} INFO - [2024-10-31T06:23:54.304+0000] {dag.py:3239} INFO - Sync 2 DAGs
[2024-10-31T06:23:54.314+0000] {logging_mixin.py:190} INFO - [2024-10-31T06:23:54.314+0000] {dag.py:4180} INFO - Setting next_dagrun for example_external_task_marker_child to None, run_after=None
[2024-10-31T06:23:54.317+0000] {logging_mixin.py:190} INFO - [2024-10-31T06:23:54.317+0000] {dag.py:4180} INFO - Setting next_dagrun for example_external_task_marker_parent to None, run_after=None
[2024-10-31T06:23:54.328+0000] {processor.py:208} INFO - Processing /home/airflow/.local/lib/python3.12/site-packages/airflow/example_dags/example_external_task_marker_dag.py took 0.052 seconds
[2024-10-31T06:24:24.643+0000] {processor.py:186} INFO - Started process (PID=384) to work on /home/airflow/.local/lib/python3.12/site-packages/airflow/example_dags/example_external_task_marker_dag.py
[2024-10-31T06:24:24.645+0000] {processor.py:914} INFO - Processing file /home/airflow/.local/lib/python3.12/site-packages/airflow/example_dags/example_external_task_marker_dag.py for tasks to queue
[2024-10-31T06:24:24.651+0000] {logging_mixin.py:190} INFO - [2024-10-31T06:24:24.650+0000] {dagbag.py:588} INFO - Filling up the DagBag from /home/airflow/.local/lib/python3.12/site-packages/airflow/example_dags/example_external_task_marker_dag.py
[2024-10-31T06:24:24.662+0000] {processor.py:925} INFO - DAG(s) 'example_external_task_marker_parent', 'example_external_task_marker_child' retrieved from /home/airflow/.local/lib/python3.12/site-packages/airflow/example_dags/example_external_task_marker_dag.py
[2024-10-31T06:24:24.694+0000] {logging_mixin.py:190} INFO - [2024-10-31T06:24:24.694+0000] {dag.py:3239} INFO - Sync 2 DAGs
[2024-10-31T06:24:24.710+0000] {logging_mixin.py:190} INFO - [2024-10-31T06:24:24.709+0000] {dag.py:4180} INFO - Setting next_dagrun for example_external_task_marker_child to None, run_after=None
[2024-10-31T06:24:24.713+0000] {logging_mixin.py:190} INFO - [2024-10-31T06:24:24.712+0000] {dag.py:4180} INFO - Setting next_dagrun for example_external_task_marker_parent to None, run_after=None
[2024-10-31T06:24:24.732+0000] {processor.py:208} INFO - Processing /home/airflow/.local/lib/python3.12/site-packages/airflow/example_dags/example_external_task_marker_dag.py took 0.097 seconds
[2024-10-31T06:24:55.838+0000] {processor.py:186} INFO - Started process (PID=450) to work on /home/airflow/.local/lib/python3.12/site-packages/airflow/example_dags/example_external_task_marker_dag.py
[2024-10-31T06:24:55.839+0000] {processor.py:914} INFO - Processing file /home/airflow/.local/lib/python3.12/site-packages/airflow/example_dags/example_external_task_marker_dag.py for tasks to queue
[2024-10-31T06:24:55.842+0000] {logging_mixin.py:190} INFO - [2024-10-31T06:24:55.841+0000] {dagbag.py:588} INFO - Filling up the DagBag from /home/airflow/.local/lib/python3.12/site-packages/airflow/example_dags/example_external_task_marker_dag.py
[2024-10-31T06:24:55.854+0000] {processor.py:925} INFO - DAG(s) 'example_external_task_marker_parent', 'example_external_task_marker_child' retrieved from /home/airflow/.local/lib/python3.12/site-packages/airflow/example_dags/example_external_task_marker_dag.py
[2024-10-31T06:24:55.888+0000] {logging_mixin.py:190} INFO - [2024-10-31T06:24:55.887+0000] {dag.py:3239} INFO - Sync 2 DAGs
[2024-10-31T06:24:55.905+0000] {logging_mixin.py:190} INFO - [2024-10-31T06:24:55.905+0000] {dag.py:4180} INFO - Setting next_dagrun for example_external_task_marker_child to None, run_after=None
[2024-10-31T06:24:55.910+0000] {logging_mixin.py:190} INFO - [2024-10-31T06:24:55.909+0000] {dag.py:4180} INFO - Setting next_dagrun for example_external_task_marker_parent to None, run_after=None
[2024-10-31T06:24:55.934+0000] {processor.py:208} INFO - Processing /home/airflow/.local/lib/python3.12/site-packages/airflow/example_dags/example_external_task_marker_dag.py took 0.105 seconds
[2024-10-31T06:25:25.972+0000] {processor.py:186} INFO - Started process (PID=512) to work on /home/airflow/.local/lib/python3.12/site-packages/airflow/example_dags/example_external_task_marker_dag.py
[2024-10-31T06:25:25.973+0000] {processor.py:914} INFO - Processing file /home/airflow/.local/lib/python3.12/site-packages/airflow/example_dags/example_external_task_marker_dag.py for tasks to queue
[2024-10-31T06:25:25.975+0000] {logging_mixin.py:190} INFO - [2024-10-31T06:25:25.974+0000] {dagbag.py:588} INFO - Filling up the DagBag from /home/airflow/.local/lib/python3.12/site-packages/airflow/example_dags/example_external_task_marker_dag.py
[2024-10-31T06:25:25.981+0000] {processor.py:925} INFO - DAG(s) 'example_external_task_marker_child', 'example_external_task_marker_parent' retrieved from /home/airflow/.local/lib/python3.12/site-packages/airflow/example_dags/example_external_task_marker_dag.py
[2024-10-31T06:25:26.003+0000] {logging_mixin.py:190} INFO - [2024-10-31T06:25:26.003+0000] {dag.py:3239} INFO - Sync 2 DAGs
[2024-10-31T06:25:26.017+0000] {logging_mixin.py:190} INFO - [2024-10-31T06:25:26.016+0000] {dag.py:4180} INFO - Setting next_dagrun for example_external_task_marker_child to None, run_after=None
[2024-10-31T06:25:26.020+0000] {logging_mixin.py:190} INFO - [2024-10-31T06:25:26.020+0000] {dag.py:4180} INFO - Setting next_dagrun for example_external_task_marker_parent to None, run_after=None
[2024-10-31T06:25:26.045+0000] {processor.py:208} INFO - Processing /home/airflow/.local/lib/python3.12/site-packages/airflow/example_dags/example_external_task_marker_dag.py took 0.078 seconds
[2024-10-31T06:25:56.428+0000] {processor.py:186} INFO - Started process (PID=574) to work on /home/airflow/.local/lib/python3.12/site-packages/airflow/example_dags/example_external_task_marker_dag.py
[2024-10-31T06:25:56.429+0000] {processor.py:914} INFO - Processing file /home/airflow/.local/lib/python3.12/site-packages/airflow/example_dags/example_external_task_marker_dag.py for tasks to queue
[2024-10-31T06:25:56.431+0000] {logging_mixin.py:190} INFO - [2024-10-31T06:25:56.430+0000] {dagbag.py:588} INFO - Filling up the DagBag from /home/airflow/.local/lib/python3.12/site-packages/airflow/example_dags/example_external_task_marker_dag.py
[2024-10-31T06:25:56.437+0000] {processor.py:925} INFO - DAG(s) 'example_external_task_marker_child', 'example_external_task_marker_parent' retrieved from /home/airflow/.local/lib/python3.12/site-packages/airflow/example_dags/example_external_task_marker_dag.py
[2024-10-31T06:25:56.459+0000] {logging_mixin.py:190} INFO - [2024-10-31T06:25:56.459+0000] {dag.py:3239} INFO - Sync 2 DAGs
[2024-10-31T06:25:56.470+0000] {logging_mixin.py:190} INFO - [2024-10-31T06:25:56.470+0000] {dag.py:4180} INFO - Setting next_dagrun for example_external_task_marker_child to None, run_after=None
[2024-10-31T06:25:56.472+0000] {logging_mixin.py:190} INFO - [2024-10-31T06:25:56.472+0000] {dag.py:4180} INFO - Setting next_dagrun for example_external_task_marker_parent to None, run_after=None
[2024-10-31T06:25:56.485+0000] {processor.py:208} INFO - Processing /home/airflow/.local/lib/python3.12/site-packages/airflow/example_dags/example_external_task_marker_dag.py took 0.062 seconds
[2024-10-31T06:26:27.098+0000] {processor.py:186} INFO - Started process (PID=636) to work on /home/airflow/.local/lib/python3.12/site-packages/airflow/example_dags/example_external_task_marker_dag.py
[2024-10-31T06:26:27.099+0000] {processor.py:914} INFO - Processing file /home/airflow/.local/lib/python3.12/site-packages/airflow/example_dags/example_external_task_marker_dag.py for tasks to queue
[2024-10-31T06:26:27.101+0000] {logging_mixin.py:190} INFO - [2024-10-31T06:26:27.100+0000] {dagbag.py:588} INFO - Filling up the DagBag from /home/airflow/.local/lib/python3.12/site-packages/airflow/example_dags/example_external_task_marker_dag.py
[2024-10-31T06:26:27.107+0000] {processor.py:925} INFO - DAG(s) 'example_external_task_marker_child', 'example_external_task_marker_parent' retrieved from /home/airflow/.local/lib/python3.12/site-packages/airflow/example_dags/example_external_task_marker_dag.py
[2024-10-31T06:26:27.126+0000] {logging_mixin.py:190} INFO - [2024-10-31T06:26:27.126+0000] {dag.py:3239} INFO - Sync 2 DAGs
[2024-10-31T06:26:27.137+0000] {logging_mixin.py:190} INFO - [2024-10-31T06:26:27.137+0000] {dag.py:4180} INFO - Setting next_dagrun for example_external_task_marker_child to None, run_after=None
[2024-10-31T06:26:27.140+0000] {logging_mixin.py:190} INFO - [2024-10-31T06:26:27.140+0000] {dag.py:4180} INFO - Setting next_dagrun for example_external_task_marker_parent to None, run_after=None
[2024-10-31T06:26:27.156+0000] {processor.py:208} INFO - Processing /home/airflow/.local/lib/python3.12/site-packages/airflow/example_dags/example_external_task_marker_dag.py took 0.063 seconds
[2024-10-31T06:26:57.650+0000] {processor.py:186} INFO - Started process (PID=698) to work on /home/airflow/.local/lib/python3.12/site-packages/airflow/example_dags/example_external_task_marker_dag.py
[2024-10-31T06:26:57.651+0000] {processor.py:914} INFO - Processing file /home/airflow/.local/lib/python3.12/site-packages/airflow/example_dags/example_external_task_marker_dag.py for tasks to queue
[2024-10-31T06:26:57.653+0000] {logging_mixin.py:190} INFO - [2024-10-31T06:26:57.653+0000] {dagbag.py:588} INFO - Filling up the DagBag from /home/airflow/.local/lib/python3.12/site-packages/airflow/example_dags/example_external_task_marker_dag.py
[2024-10-31T06:26:57.661+0000] {processor.py:925} INFO - DAG(s) 'example_external_task_marker_child', 'example_external_task_marker_parent' retrieved from /home/airflow/.local/lib/python3.12/site-packages/airflow/example_dags/example_external_task_marker_dag.py
[2024-10-31T06:26:57.680+0000] {logging_mixin.py:190} INFO - [2024-10-31T06:26:57.680+0000] {dag.py:3239} INFO - Sync 2 DAGs
[2024-10-31T06:26:57.691+0000] {logging_mixin.py:190} INFO - [2024-10-31T06:26:57.691+0000] {dag.py:4180} INFO - Setting next_dagrun for example_external_task_marker_child to None, run_after=None
[2024-10-31T06:26:57.693+0000] {logging_mixin.py:190} INFO - [2024-10-31T06:26:57.693+0000] {dag.py:4180} INFO - Setting next_dagrun for example_external_task_marker_parent to None, run_after=None
[2024-10-31T06:26:57.710+0000] {processor.py:208} INFO - Processing /home/airflow/.local/lib/python3.12/site-packages/airflow/example_dags/example_external_task_marker_dag.py took 0.066 seconds
[2024-10-31T06:27:27.991+0000] {processor.py:186} INFO - Started process (PID=760) to work on /home/airflow/.local/lib/python3.12/site-packages/airflow/example_dags/example_external_task_marker_dag.py
[2024-10-31T06:27:27.992+0000] {processor.py:914} INFO - Processing file /home/airflow/.local/lib/python3.12/site-packages/airflow/example_dags/example_external_task_marker_dag.py for tasks to queue
[2024-10-31T06:27:27.994+0000] {logging_mixin.py:190} INFO - [2024-10-31T06:27:27.993+0000] {dagbag.py:588} INFO - Filling up the DagBag from /home/airflow/.local/lib/python3.12/site-packages/airflow/example_dags/example_external_task_marker_dag.py
[2024-10-31T06:27:28.000+0000] {processor.py:925} INFO - DAG(s) 'example_external_task_marker_parent', 'example_external_task_marker_child' retrieved from /home/airflow/.local/lib/python3.12/site-packages/airflow/example_dags/example_external_task_marker_dag.py
[2024-10-31T06:27:28.016+0000] {logging_mixin.py:190} INFO - [2024-10-31T06:27:28.016+0000] {dag.py:3239} INFO - Sync 2 DAGs
[2024-10-31T06:27:28.027+0000] {logging_mixin.py:190} INFO - [2024-10-31T06:27:28.027+0000] {dag.py:4180} INFO - Setting next_dagrun for example_external_task_marker_child to None, run_after=None
[2024-10-31T06:27:28.030+0000] {logging_mixin.py:190} INFO - [2024-10-31T06:27:28.030+0000] {dag.py:4180} INFO - Setting next_dagrun for example_external_task_marker_parent to None, run_after=None
[2024-10-31T06:27:28.043+0000] {processor.py:208} INFO - Processing /home/airflow/.local/lib/python3.12/site-packages/airflow/example_dags/example_external_task_marker_dag.py took 0.057 seconds
[2024-10-31T06:27:59.264+0000] {processor.py:186} INFO - Started process (PID=822) to work on /home/airflow/.local/lib/python3.12/site-packages/airflow/example_dags/example_external_task_marker_dag.py
[2024-10-31T06:27:59.265+0000] {processor.py:914} INFO - Processing file /home/airflow/.local/lib/python3.12/site-packages/airflow/example_dags/example_external_task_marker_dag.py for tasks to queue
[2024-10-31T06:27:59.267+0000] {logging_mixin.py:190} INFO - [2024-10-31T06:27:59.267+0000] {dagbag.py:588} INFO - Filling up the DagBag from /home/airflow/.local/lib/python3.12/site-packages/airflow/example_dags/example_external_task_marker_dag.py
[2024-10-31T06:27:59.273+0000] {processor.py:925} INFO - DAG(s) 'example_external_task_marker_parent', 'example_external_task_marker_child' retrieved from /home/airflow/.local/lib/python3.12/site-packages/airflow/example_dags/example_external_task_marker_dag.py
[2024-10-31T06:27:59.291+0000] {logging_mixin.py:190} INFO - [2024-10-31T06:27:59.290+0000] {dag.py:3239} INFO - Sync 2 DAGs
[2024-10-31T06:27:59.302+0000] {logging_mixin.py:190} INFO - [2024-10-31T06:27:59.301+0000] {dag.py:4180} INFO - Setting next_dagrun for example_external_task_marker_child to None, run_after=None
[2024-10-31T06:27:59.305+0000] {logging_mixin.py:190} INFO - [2024-10-31T06:27:59.304+0000] {dag.py:4180} INFO - Setting next_dagrun for example_external_task_marker_parent to None, run_after=None
[2024-10-31T06:27:59.318+0000] {processor.py:208} INFO - Processing /home/airflow/.local/lib/python3.12/site-packages/airflow/example_dags/example_external_task_marker_dag.py took 0.059 seconds
[2024-10-31T06:28:29.841+0000] {processor.py:186} INFO - Started process (PID=885) to work on /home/airflow/.local/lib/python3.12/site-packages/airflow/example_dags/example_external_task_marker_dag.py
[2024-10-31T06:28:29.842+0000] {processor.py:914} INFO - Processing file /home/airflow/.local/lib/python3.12/site-packages/airflow/example_dags/example_external_task_marker_dag.py for tasks to queue
[2024-10-31T06:28:29.845+0000] {logging_mixin.py:190} INFO - [2024-10-31T06:28:29.844+0000] {dagbag.py:588} INFO - Filling up the DagBag from /home/airflow/.local/lib/python3.12/site-packages/airflow/example_dags/example_external_task_marker_dag.py
[2024-10-31T06:28:29.854+0000] {processor.py:925} INFO - DAG(s) 'example_external_task_marker_child', 'example_external_task_marker_parent' retrieved from /home/airflow/.local/lib/python3.12/site-packages/airflow/example_dags/example_external_task_marker_dag.py
[2024-10-31T06:28:29.882+0000] {logging_mixin.py:190} INFO - [2024-10-31T06:28:29.882+0000] {dag.py:3239} INFO - Sync 2 DAGs
[2024-10-31T06:28:29.896+0000] {logging_mixin.py:190} INFO - [2024-10-31T06:28:29.896+0000] {dag.py:4180} INFO - Setting next_dagrun for example_external_task_marker_child to None, run_after=None
[2024-10-31T06:28:29.900+0000] {logging_mixin.py:190} INFO - [2024-10-31T06:28:29.899+0000] {dag.py:4180} INFO - Setting next_dagrun for example_external_task_marker_parent to None, run_after=None
[2024-10-31T06:28:29.916+0000] {processor.py:208} INFO - Processing /home/airflow/.local/lib/python3.12/site-packages/airflow/example_dags/example_external_task_marker_dag.py took 0.081 seconds
