[2024-10-31T06:21:49.880+0000] {processor.py:186} INFO - Started process (PID=61) to work on /home/airflow/.local/lib/python3.12/site-packages/airflow/example_dags/example_skip_dag.py
[2024-10-31T06:21:49.880+0000] {processor.py:914} INFO - Processing file /home/airflow/.local/lib/python3.12/site-packages/airflow/example_dags/example_skip_dag.py for tasks to queue
[2024-10-31T06:21:49.882+0000] {logging_mixin.py:190} INFO - [2024-10-31T06:21:49.882+0000] {dagbag.py:588} INFO - Filling up the DagBag from /home/airflow/.local/lib/python3.12/site-packages/airflow/example_dags/example_skip_dag.py
[2024-10-31T06:21:49.888+0000] {processor.py:925} INFO - DAG(s) 'example_skip_dag' retrieved from /home/airflow/.local/lib/python3.12/site-packages/airflow/example_dags/example_skip_dag.py
[2024-10-31T06:21:49.961+0000] {logging_mixin.py:190} INFO - [2024-10-31T06:21:49.961+0000] {override.py:1900} INFO - Created Permission View: can delete on DAG:example_skip_dag
[2024-10-31T06:21:49.969+0000] {logging_mixin.py:190} INFO - [2024-10-31T06:21:49.969+0000] {override.py:1900} INFO - Created Permission View: can read on DAG:example_skip_dag
[2024-10-31T06:21:49.975+0000] {logging_mixin.py:190} INFO - [2024-10-31T06:21:49.975+0000] {override.py:1900} INFO - Created Permission View: can edit on DAG:example_skip_dag
[2024-10-31T06:21:49.983+0000] {logging_mixin.py:190} INFO - [2024-10-31T06:21:49.983+0000] {override.py:1900} INFO - Created Permission View: can delete on DAG Run:example_skip_dag
[2024-10-31T06:21:49.989+0000] {logging_mixin.py:190} INFO - [2024-10-31T06:21:49.989+0000] {override.py:1900} INFO - Created Permission View: can create on DAG Run:example_skip_dag
[2024-10-31T06:21:49.995+0000] {logging_mixin.py:190} INFO - [2024-10-31T06:21:49.995+0000] {override.py:1900} INFO - Created Permission View: can read on DAG Run:example_skip_dag
[2024-10-31T06:21:50.001+0000] {logging_mixin.py:190} INFO - [2024-10-31T06:21:50.001+0000] {override.py:1900} INFO - Created Permission View: menu access on DAG Run:example_skip_dag
[2024-10-31T06:21:50.002+0000] {logging_mixin.py:190} INFO - [2024-10-31T06:21:50.001+0000] {dag.py:3239} INFO - Sync 1 DAGs
[2024-10-31T06:21:50.010+0000] {logging_mixin.py:190} INFO - [2024-10-31T06:21:50.010+0000] {dag.py:3262} INFO - Creating ORM DAG for example_skip_dag
[2024-10-31T06:21:50.017+0000] {logging_mixin.py:190} INFO - [2024-10-31T06:21:50.017+0000] {dag.py:4180} INFO - Setting next_dagrun for example_skip_dag to 2024-10-30 00:00:00+00:00, run_after=2024-10-31 00:00:00+00:00
[2024-10-31T06:21:50.032+0000] {processor.py:208} INFO - Processing /home/airflow/.local/lib/python3.12/site-packages/airflow/example_dags/example_skip_dag.py took 0.157 seconds
[2024-10-31T06:22:20.543+0000] {processor.py:186} INFO - Started process (PID=123) to work on /home/airflow/.local/lib/python3.12/site-packages/airflow/example_dags/example_skip_dag.py
[2024-10-31T06:22:20.544+0000] {processor.py:914} INFO - Processing file /home/airflow/.local/lib/python3.12/site-packages/airflow/example_dags/example_skip_dag.py for tasks to queue
[2024-10-31T06:22:20.549+0000] {logging_mixin.py:190} INFO - [2024-10-31T06:22:20.549+0000] {dagbag.py:588} INFO - Filling up the DagBag from /home/airflow/.local/lib/python3.12/site-packages/airflow/example_dags/example_skip_dag.py
[2024-10-31T06:22:20.556+0000] {processor.py:925} INFO - DAG(s) 'example_skip_dag' retrieved from /home/airflow/.local/lib/python3.12/site-packages/airflow/example_dags/example_skip_dag.py
[2024-10-31T06:22:20.574+0000] {logging_mixin.py:190} INFO - [2024-10-31T06:22:20.574+0000] {dag.py:3239} INFO - Sync 1 DAGs
[2024-10-31T06:22:20.592+0000] {logging_mixin.py:190} INFO - [2024-10-31T06:22:20.592+0000] {dag.py:4180} INFO - Setting next_dagrun for example_skip_dag to 2024-10-30 00:00:00+00:00, run_after=2024-10-31 00:00:00+00:00
[2024-10-31T06:22:20.609+0000] {processor.py:208} INFO - Processing /home/airflow/.local/lib/python3.12/site-packages/airflow/example_dags/example_skip_dag.py took 0.070 seconds
[2024-10-31T06:22:51.196+0000] {processor.py:186} INFO - Started process (PID=185) to work on /home/airflow/.local/lib/python3.12/site-packages/airflow/example_dags/example_skip_dag.py
[2024-10-31T06:22:51.197+0000] {processor.py:914} INFO - Processing file /home/airflow/.local/lib/python3.12/site-packages/airflow/example_dags/example_skip_dag.py for tasks to queue
[2024-10-31T06:22:51.199+0000] {logging_mixin.py:190} INFO - [2024-10-31T06:22:51.199+0000] {dagbag.py:588} INFO - Filling up the DagBag from /home/airflow/.local/lib/python3.12/site-packages/airflow/example_dags/example_skip_dag.py
[2024-10-31T06:22:51.205+0000] {processor.py:925} INFO - DAG(s) 'example_skip_dag' retrieved from /home/airflow/.local/lib/python3.12/site-packages/airflow/example_dags/example_skip_dag.py
[2024-10-31T06:22:51.221+0000] {logging_mixin.py:190} INFO - [2024-10-31T06:22:51.221+0000] {dag.py:3239} INFO - Sync 1 DAGs
[2024-10-31T06:22:51.238+0000] {logging_mixin.py:190} INFO - [2024-10-31T06:22:51.238+0000] {dag.py:4180} INFO - Setting next_dagrun for example_skip_dag to 2024-10-30 00:00:00+00:00, run_after=2024-10-31 00:00:00+00:00
[2024-10-31T06:22:51.250+0000] {processor.py:208} INFO - Processing /home/airflow/.local/lib/python3.12/site-packages/airflow/example_dags/example_skip_dag.py took 0.059 seconds
[2024-10-31T06:23:21.964+0000] {processor.py:186} INFO - Started process (PID=247) to work on /home/airflow/.local/lib/python3.12/site-packages/airflow/example_dags/example_skip_dag.py
[2024-10-31T06:23:21.965+0000] {processor.py:914} INFO - Processing file /home/airflow/.local/lib/python3.12/site-packages/airflow/example_dags/example_skip_dag.py for tasks to queue
[2024-10-31T06:23:21.967+0000] {logging_mixin.py:190} INFO - [2024-10-31T06:23:21.967+0000] {dagbag.py:588} INFO - Filling up the DagBag from /home/airflow/.local/lib/python3.12/site-packages/airflow/example_dags/example_skip_dag.py
[2024-10-31T06:23:21.973+0000] {processor.py:925} INFO - DAG(s) 'example_skip_dag' retrieved from /home/airflow/.local/lib/python3.12/site-packages/airflow/example_dags/example_skip_dag.py
[2024-10-31T06:23:21.989+0000] {logging_mixin.py:190} INFO - [2024-10-31T06:23:21.989+0000] {dag.py:3239} INFO - Sync 1 DAGs
[2024-10-31T06:23:22.005+0000] {logging_mixin.py:190} INFO - [2024-10-31T06:23:22.005+0000] {dag.py:4180} INFO - Setting next_dagrun for example_skip_dag to 2024-10-30 00:00:00+00:00, run_after=2024-10-31 00:00:00+00:00
[2024-10-31T06:23:22.020+0000] {processor.py:208} INFO - Processing /home/airflow/.local/lib/python3.12/site-packages/airflow/example_dags/example_skip_dag.py took 0.061 seconds
[2024-10-31T06:23:52.619+0000] {processor.py:186} INFO - Started process (PID=309) to work on /home/airflow/.local/lib/python3.12/site-packages/airflow/example_dags/example_skip_dag.py
[2024-10-31T06:23:52.620+0000] {processor.py:914} INFO - Processing file /home/airflow/.local/lib/python3.12/site-packages/airflow/example_dags/example_skip_dag.py for tasks to queue
[2024-10-31T06:23:52.621+0000] {logging_mixin.py:190} INFO - [2024-10-31T06:23:52.621+0000] {dagbag.py:588} INFO - Filling up the DagBag from /home/airflow/.local/lib/python3.12/site-packages/airflow/example_dags/example_skip_dag.py
[2024-10-31T06:23:52.627+0000] {processor.py:925} INFO - DAG(s) 'example_skip_dag' retrieved from /home/airflow/.local/lib/python3.12/site-packages/airflow/example_dags/example_skip_dag.py
[2024-10-31T06:23:52.643+0000] {logging_mixin.py:190} INFO - [2024-10-31T06:23:52.643+0000] {dag.py:3239} INFO - Sync 1 DAGs
[2024-10-31T06:23:52.660+0000] {logging_mixin.py:190} INFO - [2024-10-31T06:23:52.660+0000] {dag.py:4180} INFO - Setting next_dagrun for example_skip_dag to 2024-10-30 00:00:00+00:00, run_after=2024-10-31 00:00:00+00:00
[2024-10-31T06:23:52.675+0000] {processor.py:208} INFO - Processing /home/airflow/.local/lib/python3.12/site-packages/airflow/example_dags/example_skip_dag.py took 0.061 seconds
[2024-10-31T06:24:23.796+0000] {processor.py:186} INFO - Started process (PID=371) to work on /home/airflow/.local/lib/python3.12/site-packages/airflow/example_dags/example_skip_dag.py
[2024-10-31T06:24:23.797+0000] {processor.py:914} INFO - Processing file /home/airflow/.local/lib/python3.12/site-packages/airflow/example_dags/example_skip_dag.py for tasks to queue
[2024-10-31T06:24:23.799+0000] {logging_mixin.py:190} INFO - [2024-10-31T06:24:23.799+0000] {dagbag.py:588} INFO - Filling up the DagBag from /home/airflow/.local/lib/python3.12/site-packages/airflow/example_dags/example_skip_dag.py
[2024-10-31T06:24:23.805+0000] {processor.py:925} INFO - DAG(s) 'example_skip_dag' retrieved from /home/airflow/.local/lib/python3.12/site-packages/airflow/example_dags/example_skip_dag.py
[2024-10-31T06:24:23.821+0000] {logging_mixin.py:190} INFO - [2024-10-31T06:24:23.821+0000] {dag.py:3239} INFO - Sync 1 DAGs
[2024-10-31T06:24:23.838+0000] {logging_mixin.py:190} INFO - [2024-10-31T06:24:23.838+0000] {dag.py:4180} INFO - Setting next_dagrun for example_skip_dag to 2024-10-30 00:00:00+00:00, run_after=2024-10-31 00:00:00+00:00
[2024-10-31T06:24:23.852+0000] {processor.py:208} INFO - Processing /home/airflow/.local/lib/python3.12/site-packages/airflow/example_dags/example_skip_dag.py took 0.060 seconds
[2024-10-31T06:24:54.444+0000] {processor.py:186} INFO - Started process (PID=437) to work on /home/airflow/.local/lib/python3.12/site-packages/airflow/example_dags/example_skip_dag.py
[2024-10-31T06:24:54.447+0000] {processor.py:914} INFO - Processing file /home/airflow/.local/lib/python3.12/site-packages/airflow/example_dags/example_skip_dag.py for tasks to queue
[2024-10-31T06:24:54.450+0000] {logging_mixin.py:190} INFO - [2024-10-31T06:24:54.449+0000] {dagbag.py:588} INFO - Filling up the DagBag from /home/airflow/.local/lib/python3.12/site-packages/airflow/example_dags/example_skip_dag.py
[2024-10-31T06:24:54.465+0000] {processor.py:925} INFO - DAG(s) 'example_skip_dag' retrieved from /home/airflow/.local/lib/python3.12/site-packages/airflow/example_dags/example_skip_dag.py
[2024-10-31T06:24:54.497+0000] {logging_mixin.py:190} INFO - [2024-10-31T06:24:54.496+0000] {dag.py:3239} INFO - Sync 1 DAGs
[2024-10-31T06:24:54.537+0000] {logging_mixin.py:190} INFO - [2024-10-31T06:24:54.536+0000] {dag.py:4180} INFO - Setting next_dagrun for example_skip_dag to 2024-10-30 00:00:00+00:00, run_after=2024-10-31 00:00:00+00:00
[2024-10-31T06:24:54.568+0000] {processor.py:208} INFO - Processing /home/airflow/.local/lib/python3.12/site-packages/airflow/example_dags/example_skip_dag.py took 0.134 seconds
[2024-10-31T06:25:24.999+0000] {processor.py:186} INFO - Started process (PID=499) to work on /home/airflow/.local/lib/python3.12/site-packages/airflow/example_dags/example_skip_dag.py
[2024-10-31T06:25:25.000+0000] {processor.py:914} INFO - Processing file /home/airflow/.local/lib/python3.12/site-packages/airflow/example_dags/example_skip_dag.py for tasks to queue
[2024-10-31T06:25:25.002+0000] {logging_mixin.py:190} INFO - [2024-10-31T06:25:25.001+0000] {dagbag.py:588} INFO - Filling up the DagBag from /home/airflow/.local/lib/python3.12/site-packages/airflow/example_dags/example_skip_dag.py
[2024-10-31T06:25:25.008+0000] {processor.py:925} INFO - DAG(s) 'example_skip_dag' retrieved from /home/airflow/.local/lib/python3.12/site-packages/airflow/example_dags/example_skip_dag.py
[2024-10-31T06:25:25.024+0000] {logging_mixin.py:190} INFO - [2024-10-31T06:25:25.024+0000] {dag.py:3239} INFO - Sync 1 DAGs
[2024-10-31T06:25:25.041+0000] {logging_mixin.py:190} INFO - [2024-10-31T06:25:25.041+0000] {dag.py:4180} INFO - Setting next_dagrun for example_skip_dag to 2024-10-30 00:00:00+00:00, run_after=2024-10-31 00:00:00+00:00
[2024-10-31T06:25:25.056+0000] {processor.py:208} INFO - Processing /home/airflow/.local/lib/python3.12/site-packages/airflow/example_dags/example_skip_dag.py took 0.062 seconds
[2024-10-31T06:25:55.669+0000] {processor.py:186} INFO - Started process (PID=561) to work on /home/airflow/.local/lib/python3.12/site-packages/airflow/example_dags/example_skip_dag.py
[2024-10-31T06:25:55.670+0000] {processor.py:914} INFO - Processing file /home/airflow/.local/lib/python3.12/site-packages/airflow/example_dags/example_skip_dag.py for tasks to queue
[2024-10-31T06:25:55.671+0000] {logging_mixin.py:190} INFO - [2024-10-31T06:25:55.671+0000] {dagbag.py:588} INFO - Filling up the DagBag from /home/airflow/.local/lib/python3.12/site-packages/airflow/example_dags/example_skip_dag.py
[2024-10-31T06:25:55.678+0000] {processor.py:925} INFO - DAG(s) 'example_skip_dag' retrieved from /home/airflow/.local/lib/python3.12/site-packages/airflow/example_dags/example_skip_dag.py
[2024-10-31T06:25:55.695+0000] {logging_mixin.py:190} INFO - [2024-10-31T06:25:55.695+0000] {dag.py:3239} INFO - Sync 1 DAGs
[2024-10-31T06:25:55.711+0000] {logging_mixin.py:190} INFO - [2024-10-31T06:25:55.710+0000] {dag.py:4180} INFO - Setting next_dagrun for example_skip_dag to 2024-10-30 00:00:00+00:00, run_after=2024-10-31 00:00:00+00:00
[2024-10-31T06:25:55.724+0000] {processor.py:208} INFO - Processing /home/airflow/.local/lib/python3.12/site-packages/airflow/example_dags/example_skip_dag.py took 0.060 seconds
[2024-10-31T06:26:26.313+0000] {processor.py:186} INFO - Started process (PID=623) to work on /home/airflow/.local/lib/python3.12/site-packages/airflow/example_dags/example_skip_dag.py
[2024-10-31T06:26:26.314+0000] {processor.py:914} INFO - Processing file /home/airflow/.local/lib/python3.12/site-packages/airflow/example_dags/example_skip_dag.py for tasks to queue
[2024-10-31T06:26:26.317+0000] {logging_mixin.py:190} INFO - [2024-10-31T06:26:26.317+0000] {dagbag.py:588} INFO - Filling up the DagBag from /home/airflow/.local/lib/python3.12/site-packages/airflow/example_dags/example_skip_dag.py
[2024-10-31T06:26:26.326+0000] {processor.py:925} INFO - DAG(s) 'example_skip_dag' retrieved from /home/airflow/.local/lib/python3.12/site-packages/airflow/example_dags/example_skip_dag.py
[2024-10-31T06:26:26.344+0000] {logging_mixin.py:190} INFO - [2024-10-31T06:26:26.344+0000] {dag.py:3239} INFO - Sync 1 DAGs
[2024-10-31T06:26:26.361+0000] {logging_mixin.py:190} INFO - [2024-10-31T06:26:26.361+0000] {dag.py:4180} INFO - Setting next_dagrun for example_skip_dag to 2024-10-30 00:00:00+00:00, run_after=2024-10-31 00:00:00+00:00
[2024-10-31T06:26:26.374+0000] {processor.py:208} INFO - Processing /home/airflow/.local/lib/python3.12/site-packages/airflow/example_dags/example_skip_dag.py took 0.068 seconds
[2024-10-31T06:26:56.970+0000] {processor.py:186} INFO - Started process (PID=685) to work on /home/airflow/.local/lib/python3.12/site-packages/airflow/example_dags/example_skip_dag.py
[2024-10-31T06:26:56.971+0000] {processor.py:914} INFO - Processing file /home/airflow/.local/lib/python3.12/site-packages/airflow/example_dags/example_skip_dag.py for tasks to queue
[2024-10-31T06:26:56.973+0000] {logging_mixin.py:190} INFO - [2024-10-31T06:26:56.972+0000] {dagbag.py:588} INFO - Filling up the DagBag from /home/airflow/.local/lib/python3.12/site-packages/airflow/example_dags/example_skip_dag.py
[2024-10-31T06:26:56.978+0000] {processor.py:925} INFO - DAG(s) 'example_skip_dag' retrieved from /home/airflow/.local/lib/python3.12/site-packages/airflow/example_dags/example_skip_dag.py
[2024-10-31T06:26:56.995+0000] {logging_mixin.py:190} INFO - [2024-10-31T06:26:56.995+0000] {dag.py:3239} INFO - Sync 1 DAGs
[2024-10-31T06:26:57.016+0000] {logging_mixin.py:190} INFO - [2024-10-31T06:26:57.016+0000] {dag.py:4180} INFO - Setting next_dagrun for example_skip_dag to 2024-10-30 00:00:00+00:00, run_after=2024-10-31 00:00:00+00:00
[2024-10-31T06:26:57.033+0000] {processor.py:208} INFO - Processing /home/airflow/.local/lib/python3.12/site-packages/airflow/example_dags/example_skip_dag.py took 0.067 seconds
[2024-10-31T06:27:27.286+0000] {processor.py:186} INFO - Started process (PID=747) to work on /home/airflow/.local/lib/python3.12/site-packages/airflow/example_dags/example_skip_dag.py
[2024-10-31T06:27:27.286+0000] {processor.py:914} INFO - Processing file /home/airflow/.local/lib/python3.12/site-packages/airflow/example_dags/example_skip_dag.py for tasks to queue
[2024-10-31T06:27:27.288+0000] {logging_mixin.py:190} INFO - [2024-10-31T06:27:27.288+0000] {dagbag.py:588} INFO - Filling up the DagBag from /home/airflow/.local/lib/python3.12/site-packages/airflow/example_dags/example_skip_dag.py
[2024-10-31T06:27:27.295+0000] {processor.py:925} INFO - DAG(s) 'example_skip_dag' retrieved from /home/airflow/.local/lib/python3.12/site-packages/airflow/example_dags/example_skip_dag.py
[2024-10-31T06:27:27.311+0000] {logging_mixin.py:190} INFO - [2024-10-31T06:27:27.311+0000] {dag.py:3239} INFO - Sync 1 DAGs
[2024-10-31T06:27:27.329+0000] {logging_mixin.py:190} INFO - [2024-10-31T06:27:27.328+0000] {dag.py:4180} INFO - Setting next_dagrun for example_skip_dag to 2024-10-30 00:00:00+00:00, run_after=2024-10-31 00:00:00+00:00
[2024-10-31T06:27:27.343+0000] {processor.py:208} INFO - Processing /home/airflow/.local/lib/python3.12/site-packages/airflow/example_dags/example_skip_dag.py took 0.062 seconds
[2024-10-31T06:27:58.542+0000] {processor.py:186} INFO - Started process (PID=809) to work on /home/airflow/.local/lib/python3.12/site-packages/airflow/example_dags/example_skip_dag.py
[2024-10-31T06:27:58.543+0000] {processor.py:914} INFO - Processing file /home/airflow/.local/lib/python3.12/site-packages/airflow/example_dags/example_skip_dag.py for tasks to queue
[2024-10-31T06:27:58.545+0000] {logging_mixin.py:190} INFO - [2024-10-31T06:27:58.544+0000] {dagbag.py:588} INFO - Filling up the DagBag from /home/airflow/.local/lib/python3.12/site-packages/airflow/example_dags/example_skip_dag.py
[2024-10-31T06:27:58.551+0000] {processor.py:925} INFO - DAG(s) 'example_skip_dag' retrieved from /home/airflow/.local/lib/python3.12/site-packages/airflow/example_dags/example_skip_dag.py
[2024-10-31T06:27:58.567+0000] {logging_mixin.py:190} INFO - [2024-10-31T06:27:58.567+0000] {dag.py:3239} INFO - Sync 1 DAGs
[2024-10-31T06:27:58.584+0000] {logging_mixin.py:190} INFO - [2024-10-31T06:27:58.584+0000] {dag.py:4180} INFO - Setting next_dagrun for example_skip_dag to 2024-10-30 00:00:00+00:00, run_after=2024-10-31 00:00:00+00:00
[2024-10-31T06:27:58.599+0000] {processor.py:208} INFO - Processing /home/airflow/.local/lib/python3.12/site-packages/airflow/example_dags/example_skip_dag.py took 0.062 seconds
[2024-10-31T06:28:28.678+0000] {processor.py:186} INFO - Started process (PID=872) to work on /home/airflow/.local/lib/python3.12/site-packages/airflow/example_dags/example_skip_dag.py
[2024-10-31T06:28:28.679+0000] {processor.py:914} INFO - Processing file /home/airflow/.local/lib/python3.12/site-packages/airflow/example_dags/example_skip_dag.py for tasks to queue
[2024-10-31T06:28:28.681+0000] {logging_mixin.py:190} INFO - [2024-10-31T06:28:28.681+0000] {dagbag.py:588} INFO - Filling up the DagBag from /home/airflow/.local/lib/python3.12/site-packages/airflow/example_dags/example_skip_dag.py
[2024-10-31T06:28:28.687+0000] {processor.py:925} INFO - DAG(s) 'example_skip_dag' retrieved from /home/airflow/.local/lib/python3.12/site-packages/airflow/example_dags/example_skip_dag.py
[2024-10-31T06:28:28.703+0000] {logging_mixin.py:190} INFO - [2024-10-31T06:28:28.703+0000] {dag.py:3239} INFO - Sync 1 DAGs
[2024-10-31T06:28:28.721+0000] {logging_mixin.py:190} INFO - [2024-10-31T06:28:28.721+0000] {dag.py:4180} INFO - Setting next_dagrun for example_skip_dag to 2024-10-30 00:00:00+00:00, run_after=2024-10-31 00:00:00+00:00
[2024-10-31T06:28:28.735+0000] {processor.py:208} INFO - Processing /home/airflow/.local/lib/python3.12/site-packages/airflow/example_dags/example_skip_dag.py took 0.062 seconds
