[2024-10-31T06:21:50.433+0000] {processor.py:186} INFO - Started process (PID=67) to work on /home/airflow/.local/lib/python3.12/site-packages/airflow/example_dags/example_python_decorator.py
[2024-10-31T06:21:50.434+0000] {processor.py:914} INFO - Processing file /home/airflow/.local/lib/python3.12/site-packages/airflow/example_dags/example_python_decorator.py for tasks to queue
[2024-10-31T06:21:50.436+0000] {logging_mixin.py:190} INFO - [2024-10-31T06:21:50.435+0000] {dagbag.py:588} INFO - Filling up the DagBag from /home/airflow/.local/lib/python3.12/site-packages/airflow/example_dags/example_python_decorator.py
[2024-10-31T06:21:50.448+0000] {processor.py:925} INFO - DAG(s) 'example_python_decorator' retrieved from /home/airflow/.local/lib/python3.12/site-packages/airflow/example_dags/example_python_decorator.py
[2024-10-31T06:21:50.534+0000] {logging_mixin.py:190} INFO - [2024-10-31T06:21:50.533+0000] {override.py:1900} INFO - Created Permission View: can delete on DAG:example_python_decorator
[2024-10-31T06:21:50.543+0000] {logging_mixin.py:190} INFO - [2024-10-31T06:21:50.543+0000] {override.py:1900} INFO - Created Permission View: can read on DAG:example_python_decorator
[2024-10-31T06:21:50.550+0000] {logging_mixin.py:190} INFO - [2024-10-31T06:21:50.549+0000] {override.py:1900} INFO - Created Permission View: can edit on DAG:example_python_decorator
[2024-10-31T06:21:50.557+0000] {logging_mixin.py:190} INFO - [2024-10-31T06:21:50.557+0000] {override.py:1900} INFO - Created Permission View: can delete on DAG Run:example_python_decorator
[2024-10-31T06:21:50.563+0000] {logging_mixin.py:190} INFO - [2024-10-31T06:21:50.563+0000] {override.py:1900} INFO - Created Permission View: can create on DAG Run:example_python_decorator
[2024-10-31T06:21:50.569+0000] {logging_mixin.py:190} INFO - [2024-10-31T06:21:50.569+0000] {override.py:1900} INFO - Created Permission View: can read on DAG Run:example_python_decorator
[2024-10-31T06:21:50.575+0000] {logging_mixin.py:190} INFO - [2024-10-31T06:21:50.575+0000] {override.py:1900} INFO - Created Permission View: menu access on DAG Run:example_python_decorator
[2024-10-31T06:21:50.576+0000] {logging_mixin.py:190} INFO - [2024-10-31T06:21:50.576+0000] {dag.py:3239} INFO - Sync 1 DAGs
[2024-10-31T06:21:50.585+0000] {logging_mixin.py:190} INFO - [2024-10-31T06:21:50.585+0000] {dag.py:3262} INFO - Creating ORM DAG for example_python_decorator
[2024-10-31T06:21:50.585+0000] {logging_mixin.py:190} INFO - [2024-10-31T06:21:50.585+0000] {dag.py:4180} INFO - Setting next_dagrun for example_python_decorator to None, run_after=None
[2024-10-31T06:21:50.601+0000] {processor.py:208} INFO - Processing /home/airflow/.local/lib/python3.12/site-packages/airflow/example_dags/example_python_decorator.py took 0.172 seconds
[2024-10-31T06:22:20.781+0000] {processor.py:186} INFO - Started process (PID=128) to work on /home/airflow/.local/lib/python3.12/site-packages/airflow/example_dags/example_python_decorator.py
[2024-10-31T06:22:20.782+0000] {processor.py:914} INFO - Processing file /home/airflow/.local/lib/python3.12/site-packages/airflow/example_dags/example_python_decorator.py for tasks to queue
[2024-10-31T06:22:20.783+0000] {logging_mixin.py:190} INFO - [2024-10-31T06:22:20.783+0000] {dagbag.py:588} INFO - Filling up the DagBag from /home/airflow/.local/lib/python3.12/site-packages/airflow/example_dags/example_python_decorator.py
[2024-10-31T06:22:20.795+0000] {processor.py:925} INFO - DAG(s) 'example_python_decorator' retrieved from /home/airflow/.local/lib/python3.12/site-packages/airflow/example_dags/example_python_decorator.py
[2024-10-31T06:22:20.811+0000] {logging_mixin.py:190} INFO - [2024-10-31T06:22:20.810+0000] {dag.py:3239} INFO - Sync 1 DAGs
[2024-10-31T06:22:20.824+0000] {logging_mixin.py:190} INFO - [2024-10-31T06:22:20.823+0000] {dag.py:4180} INFO - Setting next_dagrun for example_python_decorator to None, run_after=None
[2024-10-31T06:22:20.839+0000] {processor.py:208} INFO - Processing /home/airflow/.local/lib/python3.12/site-packages/airflow/example_dags/example_python_decorator.py took 0.063 seconds
[2024-10-31T06:22:51.516+0000] {processor.py:186} INFO - Started process (PID=191) to work on /home/airflow/.local/lib/python3.12/site-packages/airflow/example_dags/example_python_decorator.py
[2024-10-31T06:22:51.517+0000] {processor.py:914} INFO - Processing file /home/airflow/.local/lib/python3.12/site-packages/airflow/example_dags/example_python_decorator.py for tasks to queue
[2024-10-31T06:22:51.518+0000] {logging_mixin.py:190} INFO - [2024-10-31T06:22:51.518+0000] {dagbag.py:588} INFO - Filling up the DagBag from /home/airflow/.local/lib/python3.12/site-packages/airflow/example_dags/example_python_decorator.py
[2024-10-31T06:22:51.529+0000] {processor.py:925} INFO - DAG(s) 'example_python_decorator' retrieved from /home/airflow/.local/lib/python3.12/site-packages/airflow/example_dags/example_python_decorator.py
[2024-10-31T06:22:51.547+0000] {logging_mixin.py:190} INFO - [2024-10-31T06:22:51.546+0000] {dag.py:3239} INFO - Sync 1 DAGs
[2024-10-31T06:22:51.561+0000] {logging_mixin.py:190} INFO - [2024-10-31T06:22:51.560+0000] {dag.py:4180} INFO - Setting next_dagrun for example_python_decorator to None, run_after=None
[2024-10-31T06:22:51.578+0000] {processor.py:208} INFO - Processing /home/airflow/.local/lib/python3.12/site-packages/airflow/example_dags/example_python_decorator.py took 0.068 seconds
[2024-10-31T06:23:22.211+0000] {processor.py:186} INFO - Started process (PID=253) to work on /home/airflow/.local/lib/python3.12/site-packages/airflow/example_dags/example_python_decorator.py
[2024-10-31T06:23:22.213+0000] {processor.py:914} INFO - Processing file /home/airflow/.local/lib/python3.12/site-packages/airflow/example_dags/example_python_decorator.py for tasks to queue
[2024-10-31T06:23:22.216+0000] {logging_mixin.py:190} INFO - [2024-10-31T06:23:22.215+0000] {dagbag.py:588} INFO - Filling up the DagBag from /home/airflow/.local/lib/python3.12/site-packages/airflow/example_dags/example_python_decorator.py
[2024-10-31T06:23:22.227+0000] {processor.py:925} INFO - DAG(s) 'example_python_decorator' retrieved from /home/airflow/.local/lib/python3.12/site-packages/airflow/example_dags/example_python_decorator.py
[2024-10-31T06:23:22.245+0000] {logging_mixin.py:190} INFO - [2024-10-31T06:23:22.244+0000] {dag.py:3239} INFO - Sync 1 DAGs
[2024-10-31T06:23:22.255+0000] {logging_mixin.py:190} INFO - [2024-10-31T06:23:22.255+0000] {dag.py:4180} INFO - Setting next_dagrun for example_python_decorator to None, run_after=None
[2024-10-31T06:23:22.270+0000] {processor.py:208} INFO - Processing /home/airflow/.local/lib/python3.12/site-packages/airflow/example_dags/example_python_decorator.py took 0.064 seconds
[2024-10-31T06:23:52.929+0000] {processor.py:186} INFO - Started process (PID=315) to work on /home/airflow/.local/lib/python3.12/site-packages/airflow/example_dags/example_python_decorator.py
[2024-10-31T06:23:52.930+0000] {processor.py:914} INFO - Processing file /home/airflow/.local/lib/python3.12/site-packages/airflow/example_dags/example_python_decorator.py for tasks to queue
[2024-10-31T06:23:52.931+0000] {logging_mixin.py:190} INFO - [2024-10-31T06:23:52.931+0000] {dagbag.py:588} INFO - Filling up the DagBag from /home/airflow/.local/lib/python3.12/site-packages/airflow/example_dags/example_python_decorator.py
[2024-10-31T06:23:52.943+0000] {processor.py:925} INFO - DAG(s) 'example_python_decorator' retrieved from /home/airflow/.local/lib/python3.12/site-packages/airflow/example_dags/example_python_decorator.py
[2024-10-31T06:23:52.961+0000] {logging_mixin.py:190} INFO - [2024-10-31T06:23:52.961+0000] {dag.py:3239} INFO - Sync 1 DAGs
[2024-10-31T06:23:52.972+0000] {logging_mixin.py:190} INFO - [2024-10-31T06:23:52.972+0000] {dag.py:4180} INFO - Setting next_dagrun for example_python_decorator to None, run_after=None
[2024-10-31T06:23:52.989+0000] {processor.py:208} INFO - Processing /home/airflow/.local/lib/python3.12/site-packages/airflow/example_dags/example_python_decorator.py took 0.065 seconds
[2024-10-31T06:24:24.144+0000] {processor.py:186} INFO - Started process (PID=377) to work on /home/airflow/.local/lib/python3.12/site-packages/airflow/example_dags/example_python_decorator.py
[2024-10-31T06:24:24.153+0000] {processor.py:914} INFO - Processing file /home/airflow/.local/lib/python3.12/site-packages/airflow/example_dags/example_python_decorator.py for tasks to queue
[2024-10-31T06:24:24.157+0000] {logging_mixin.py:190} INFO - [2024-10-31T06:24:24.156+0000] {dagbag.py:588} INFO - Filling up the DagBag from /home/airflow/.local/lib/python3.12/site-packages/airflow/example_dags/example_python_decorator.py
[2024-10-31T06:24:24.179+0000] {processor.py:925} INFO - DAG(s) 'example_python_decorator' retrieved from /home/airflow/.local/lib/python3.12/site-packages/airflow/example_dags/example_python_decorator.py
[2024-10-31T06:24:24.206+0000] {logging_mixin.py:190} INFO - [2024-10-31T06:24:24.205+0000] {dag.py:3239} INFO - Sync 1 DAGs
[2024-10-31T06:24:24.220+0000] {logging_mixin.py:190} INFO - [2024-10-31T06:24:24.220+0000] {dag.py:4180} INFO - Setting next_dagrun for example_python_decorator to None, run_after=None
[2024-10-31T06:24:24.243+0000] {processor.py:208} INFO - Processing /home/airflow/.local/lib/python3.12/site-packages/airflow/example_dags/example_python_decorator.py took 0.111 seconds
[2024-10-31T06:24:54.955+0000] {processor.py:186} INFO - Started process (PID=443) to work on /home/airflow/.local/lib/python3.12/site-packages/airflow/example_dags/example_python_decorator.py
[2024-10-31T06:24:54.957+0000] {processor.py:914} INFO - Processing file /home/airflow/.local/lib/python3.12/site-packages/airflow/example_dags/example_python_decorator.py for tasks to queue
[2024-10-31T06:24:54.961+0000] {logging_mixin.py:190} INFO - [2024-10-31T06:24:54.961+0000] {dagbag.py:588} INFO - Filling up the DagBag from /home/airflow/.local/lib/python3.12/site-packages/airflow/example_dags/example_python_decorator.py
[2024-10-31T06:24:54.985+0000] {processor.py:925} INFO - DAG(s) 'example_python_decorator' retrieved from /home/airflow/.local/lib/python3.12/site-packages/airflow/example_dags/example_python_decorator.py
[2024-10-31T06:24:55.023+0000] {logging_mixin.py:190} INFO - [2024-10-31T06:24:55.023+0000] {dag.py:3239} INFO - Sync 1 DAGs
[2024-10-31T06:24:55.053+0000] {logging_mixin.py:190} INFO - [2024-10-31T06:24:55.052+0000] {dag.py:4180} INFO - Setting next_dagrun for example_python_decorator to None, run_after=None
[2024-10-31T06:24:55.094+0000] {processor.py:208} INFO - Processing /home/airflow/.local/lib/python3.12/site-packages/airflow/example_dags/example_python_decorator.py took 0.148 seconds
[2024-10-31T06:25:25.240+0000] {processor.py:186} INFO - Started process (PID=504) to work on /home/airflow/.local/lib/python3.12/site-packages/airflow/example_dags/example_python_decorator.py
[2024-10-31T06:25:25.241+0000] {processor.py:914} INFO - Processing file /home/airflow/.local/lib/python3.12/site-packages/airflow/example_dags/example_python_decorator.py for tasks to queue
[2024-10-31T06:25:25.243+0000] {logging_mixin.py:190} INFO - [2024-10-31T06:25:25.243+0000] {dagbag.py:588} INFO - Filling up the DagBag from /home/airflow/.local/lib/python3.12/site-packages/airflow/example_dags/example_python_decorator.py
[2024-10-31T06:25:25.254+0000] {processor.py:925} INFO - DAG(s) 'example_python_decorator' retrieved from /home/airflow/.local/lib/python3.12/site-packages/airflow/example_dags/example_python_decorator.py
[2024-10-31T06:25:25.275+0000] {logging_mixin.py:190} INFO - [2024-10-31T06:25:25.275+0000] {dag.py:3239} INFO - Sync 1 DAGs
[2024-10-31T06:25:25.288+0000] {logging_mixin.py:190} INFO - [2024-10-31T06:25:25.287+0000] {dag.py:4180} INFO - Setting next_dagrun for example_python_decorator to None, run_after=None
[2024-10-31T06:25:25.306+0000] {processor.py:208} INFO - Processing /home/airflow/.local/lib/python3.12/site-packages/airflow/example_dags/example_python_decorator.py took 0.070 seconds
[2024-10-31T06:25:56.005+0000] {processor.py:186} INFO - Started process (PID=567) to work on /home/airflow/.local/lib/python3.12/site-packages/airflow/example_dags/example_python_decorator.py
[2024-10-31T06:25:56.006+0000] {processor.py:914} INFO - Processing file /home/airflow/.local/lib/python3.12/site-packages/airflow/example_dags/example_python_decorator.py for tasks to queue
[2024-10-31T06:25:56.008+0000] {logging_mixin.py:190} INFO - [2024-10-31T06:25:56.007+0000] {dagbag.py:588} INFO - Filling up the DagBag from /home/airflow/.local/lib/python3.12/site-packages/airflow/example_dags/example_python_decorator.py
[2024-10-31T06:25:56.022+0000] {processor.py:925} INFO - DAG(s) 'example_python_decorator' retrieved from /home/airflow/.local/lib/python3.12/site-packages/airflow/example_dags/example_python_decorator.py
[2024-10-31T06:25:56.042+0000] {logging_mixin.py:190} INFO - [2024-10-31T06:25:56.042+0000] {dag.py:3239} INFO - Sync 1 DAGs
[2024-10-31T06:25:56.053+0000] {logging_mixin.py:190} INFO - [2024-10-31T06:25:56.053+0000] {dag.py:4180} INFO - Setting next_dagrun for example_python_decorator to None, run_after=None
[2024-10-31T06:25:56.069+0000] {processor.py:208} INFO - Processing /home/airflow/.local/lib/python3.12/site-packages/airflow/example_dags/example_python_decorator.py took 0.070 seconds
[2024-10-31T06:26:26.654+0000] {processor.py:186} INFO - Started process (PID=629) to work on /home/airflow/.local/lib/python3.12/site-packages/airflow/example_dags/example_python_decorator.py
[2024-10-31T06:26:26.654+0000] {processor.py:914} INFO - Processing file /home/airflow/.local/lib/python3.12/site-packages/airflow/example_dags/example_python_decorator.py for tasks to queue
[2024-10-31T06:26:26.656+0000] {logging_mixin.py:190} INFO - [2024-10-31T06:26:26.656+0000] {dagbag.py:588} INFO - Filling up the DagBag from /home/airflow/.local/lib/python3.12/site-packages/airflow/example_dags/example_python_decorator.py
[2024-10-31T06:26:26.669+0000] {processor.py:925} INFO - DAG(s) 'example_python_decorator' retrieved from /home/airflow/.local/lib/python3.12/site-packages/airflow/example_dags/example_python_decorator.py
[2024-10-31T06:26:26.686+0000] {logging_mixin.py:190} INFO - [2024-10-31T06:26:26.686+0000] {dag.py:3239} INFO - Sync 1 DAGs
[2024-10-31T06:26:26.697+0000] {logging_mixin.py:190} INFO - [2024-10-31T06:26:26.697+0000] {dag.py:4180} INFO - Setting next_dagrun for example_python_decorator to None, run_after=None
[2024-10-31T06:26:26.713+0000] {processor.py:208} INFO - Processing /home/airflow/.local/lib/python3.12/site-packages/airflow/example_dags/example_python_decorator.py took 0.064 seconds
[2024-10-31T06:26:57.225+0000] {processor.py:186} INFO - Started process (PID=691) to work on /home/airflow/.local/lib/python3.12/site-packages/airflow/example_dags/example_python_decorator.py
[2024-10-31T06:26:57.226+0000] {processor.py:914} INFO - Processing file /home/airflow/.local/lib/python3.12/site-packages/airflow/example_dags/example_python_decorator.py for tasks to queue
[2024-10-31T06:26:57.229+0000] {logging_mixin.py:190} INFO - [2024-10-31T06:26:57.228+0000] {dagbag.py:588} INFO - Filling up the DagBag from /home/airflow/.local/lib/python3.12/site-packages/airflow/example_dags/example_python_decorator.py
[2024-10-31T06:26:57.243+0000] {processor.py:925} INFO - DAG(s) 'example_python_decorator' retrieved from /home/airflow/.local/lib/python3.12/site-packages/airflow/example_dags/example_python_decorator.py
[2024-10-31T06:26:57.263+0000] {logging_mixin.py:190} INFO - [2024-10-31T06:26:57.263+0000] {dag.py:3239} INFO - Sync 1 DAGs
[2024-10-31T06:26:57.274+0000] {logging_mixin.py:190} INFO - [2024-10-31T06:26:57.274+0000] {dag.py:4180} INFO - Setting next_dagrun for example_python_decorator to None, run_after=None
[2024-10-31T06:26:57.293+0000] {processor.py:208} INFO - Processing /home/airflow/.local/lib/python3.12/site-packages/airflow/example_dags/example_python_decorator.py took 0.072 seconds
[2024-10-31T06:27:27.593+0000] {processor.py:186} INFO - Started process (PID=753) to work on /home/airflow/.local/lib/python3.12/site-packages/airflow/example_dags/example_python_decorator.py
[2024-10-31T06:27:27.594+0000] {processor.py:914} INFO - Processing file /home/airflow/.local/lib/python3.12/site-packages/airflow/example_dags/example_python_decorator.py for tasks to queue
[2024-10-31T06:27:27.596+0000] {logging_mixin.py:190} INFO - [2024-10-31T06:27:27.596+0000] {dagbag.py:588} INFO - Filling up the DagBag from /home/airflow/.local/lib/python3.12/site-packages/airflow/example_dags/example_python_decorator.py
[2024-10-31T06:27:27.610+0000] {processor.py:925} INFO - DAG(s) 'example_python_decorator' retrieved from /home/airflow/.local/lib/python3.12/site-packages/airflow/example_dags/example_python_decorator.py
[2024-10-31T06:27:27.627+0000] {logging_mixin.py:190} INFO - [2024-10-31T06:27:27.627+0000] {dag.py:3239} INFO - Sync 1 DAGs
[2024-10-31T06:27:27.637+0000] {logging_mixin.py:190} INFO - [2024-10-31T06:27:27.637+0000] {dag.py:4180} INFO - Setting next_dagrun for example_python_decorator to None, run_after=None
[2024-10-31T06:27:27.652+0000] {processor.py:208} INFO - Processing /home/airflow/.local/lib/python3.12/site-packages/airflow/example_dags/example_python_decorator.py took 0.069 seconds
[2024-10-31T06:27:58.887+0000] {processor.py:186} INFO - Started process (PID=815) to work on /home/airflow/.local/lib/python3.12/site-packages/airflow/example_dags/example_python_decorator.py
[2024-10-31T06:27:58.889+0000] {processor.py:914} INFO - Processing file /home/airflow/.local/lib/python3.12/site-packages/airflow/example_dags/example_python_decorator.py for tasks to queue
[2024-10-31T06:27:58.891+0000] {logging_mixin.py:190} INFO - [2024-10-31T06:27:58.891+0000] {dagbag.py:588} INFO - Filling up the DagBag from /home/airflow/.local/lib/python3.12/site-packages/airflow/example_dags/example_python_decorator.py
[2024-10-31T06:27:58.903+0000] {processor.py:925} INFO - DAG(s) 'example_python_decorator' retrieved from /home/airflow/.local/lib/python3.12/site-packages/airflow/example_dags/example_python_decorator.py
[2024-10-31T06:27:58.924+0000] {logging_mixin.py:190} INFO - [2024-10-31T06:27:58.923+0000] {dag.py:3239} INFO - Sync 1 DAGs
[2024-10-31T06:27:58.936+0000] {logging_mixin.py:190} INFO - [2024-10-31T06:27:58.935+0000] {dag.py:4180} INFO - Setting next_dagrun for example_python_decorator to None, run_after=None
[2024-10-31T06:27:58.952+0000] {processor.py:208} INFO - Processing /home/airflow/.local/lib/python3.12/site-packages/airflow/example_dags/example_python_decorator.py took 0.069 seconds
[2024-10-31T06:28:29.213+0000] {processor.py:186} INFO - Started process (PID=878) to work on /home/airflow/.local/lib/python3.12/site-packages/airflow/example_dags/example_python_decorator.py
[2024-10-31T06:28:29.214+0000] {processor.py:914} INFO - Processing file /home/airflow/.local/lib/python3.12/site-packages/airflow/example_dags/example_python_decorator.py for tasks to queue
[2024-10-31T06:28:29.215+0000] {logging_mixin.py:190} INFO - [2024-10-31T06:28:29.215+0000] {dagbag.py:588} INFO - Filling up the DagBag from /home/airflow/.local/lib/python3.12/site-packages/airflow/example_dags/example_python_decorator.py
[2024-10-31T06:28:29.226+0000] {processor.py:925} INFO - DAG(s) 'example_python_decorator' retrieved from /home/airflow/.local/lib/python3.12/site-packages/airflow/example_dags/example_python_decorator.py
[2024-10-31T06:28:29.244+0000] {logging_mixin.py:190} INFO - [2024-10-31T06:28:29.244+0000] {dag.py:3239} INFO - Sync 1 DAGs
[2024-10-31T06:28:29.255+0000] {logging_mixin.py:190} INFO - [2024-10-31T06:28:29.255+0000] {dag.py:4180} INFO - Setting next_dagrun for example_python_decorator to None, run_after=None
[2024-10-31T06:28:29.275+0000] {processor.py:208} INFO - Processing /home/airflow/.local/lib/python3.12/site-packages/airflow/example_dags/example_python_decorator.py took 0.067 seconds
