[2024-10-31T06:21:46.239+0000] {processor.py:186} INFO - Started process (PID=45) to work on /home/airflow/.local/lib/python3.12/site-packages/airflow/example_dags/example_complex.py
[2024-10-31T06:21:46.243+0000] {processor.py:914} INFO - Processing file /home/airflow/.local/lib/python3.12/site-packages/airflow/example_dags/example_complex.py for tasks to queue
[2024-10-31T06:21:46.251+0000] {logging_mixin.py:190} INFO - [2024-10-31T06:21:46.250+0000] {dagbag.py:588} INFO - Filling up the DagBag from /home/airflow/.local/lib/python3.12/site-packages/airflow/example_dags/example_complex.py
[2024-10-31T06:21:46.279+0000] {processor.py:925} INFO - DAG(s) 'example_complex' retrieved from /home/airflow/.local/lib/python3.12/site-packages/airflow/example_dags/example_complex.py
[2024-10-31T06:21:46.620+0000] {logging_mixin.py:190} INFO - [2024-10-31T06:21:46.619+0000] {override.py:1900} INFO - Created Permission View: can delete on DAG:example_complex
[2024-10-31T06:21:46.638+0000] {logging_mixin.py:190} INFO - [2024-10-31T06:21:46.637+0000] {override.py:1900} INFO - Created Permission View: can read on DAG:example_complex
[2024-10-31T06:21:46.650+0000] {logging_mixin.py:190} INFO - [2024-10-31T06:21:46.649+0000] {override.py:1900} INFO - Created Permission View: can edit on DAG:example_complex
[2024-10-31T06:21:46.661+0000] {logging_mixin.py:190} INFO - [2024-10-31T06:21:46.661+0000] {override.py:1900} INFO - Created Permission View: can delete on DAG Run:example_complex
[2024-10-31T06:21:46.668+0000] {logging_mixin.py:190} INFO - [2024-10-31T06:21:46.667+0000] {override.py:1900} INFO - Created Permission View: can create on DAG Run:example_complex
[2024-10-31T06:21:46.674+0000] {logging_mixin.py:190} INFO - [2024-10-31T06:21:46.674+0000] {override.py:1900} INFO - Created Permission View: can read on DAG Run:example_complex
[2024-10-31T06:21:46.681+0000] {logging_mixin.py:190} INFO - [2024-10-31T06:21:46.681+0000] {override.py:1900} INFO - Created Permission View: menu access on DAG Run:example_complex
[2024-10-31T06:21:46.681+0000] {logging_mixin.py:190} INFO - [2024-10-31T06:21:46.681+0000] {dag.py:3239} INFO - Sync 1 DAGs
[2024-10-31T06:21:46.692+0000] {logging_mixin.py:190} INFO - [2024-10-31T06:21:46.692+0000] {dag.py:3262} INFO - Creating ORM DAG for example_complex
[2024-10-31T06:21:46.692+0000] {logging_mixin.py:190} INFO - [2024-10-31T06:21:46.692+0000] {dag.py:4180} INFO - Setting next_dagrun for example_complex to None, run_after=None
[2024-10-31T06:21:46.712+0000] {processor.py:208} INFO - Processing /home/airflow/.local/lib/python3.12/site-packages/airflow/example_dags/example_complex.py took 0.501 seconds
[2024-10-31T06:22:16.809+0000] {processor.py:186} INFO - Started process (PID=107) to work on /home/airflow/.local/lib/python3.12/site-packages/airflow/example_dags/example_complex.py
[2024-10-31T06:22:16.810+0000] {processor.py:914} INFO - Processing file /home/airflow/.local/lib/python3.12/site-packages/airflow/example_dags/example_complex.py for tasks to queue
[2024-10-31T06:22:16.812+0000] {logging_mixin.py:190} INFO - [2024-10-31T06:22:16.812+0000] {dagbag.py:588} INFO - Filling up the DagBag from /home/airflow/.local/lib/python3.12/site-packages/airflow/example_dags/example_complex.py
[2024-10-31T06:22:16.820+0000] {processor.py:925} INFO - DAG(s) 'example_complex' retrieved from /home/airflow/.local/lib/python3.12/site-packages/airflow/example_dags/example_complex.py
[2024-10-31T06:22:16.845+0000] {logging_mixin.py:190} INFO - [2024-10-31T06:22:16.844+0000] {dag.py:3239} INFO - Sync 1 DAGs
[2024-10-31T06:22:16.855+0000] {logging_mixin.py:190} INFO - [2024-10-31T06:22:16.855+0000] {dag.py:4180} INFO - Setting next_dagrun for example_complex to None, run_after=None
[2024-10-31T06:22:16.869+0000] {processor.py:208} INFO - Processing /home/airflow/.local/lib/python3.12/site-packages/airflow/example_dags/example_complex.py took 0.064 seconds
[2024-10-31T06:22:47.397+0000] {processor.py:186} INFO - Started process (PID=169) to work on /home/airflow/.local/lib/python3.12/site-packages/airflow/example_dags/example_complex.py
[2024-10-31T06:22:47.398+0000] {processor.py:914} INFO - Processing file /home/airflow/.local/lib/python3.12/site-packages/airflow/example_dags/example_complex.py for tasks to queue
[2024-10-31T06:22:47.400+0000] {logging_mixin.py:190} INFO - [2024-10-31T06:22:47.400+0000] {dagbag.py:588} INFO - Filling up the DagBag from /home/airflow/.local/lib/python3.12/site-packages/airflow/example_dags/example_complex.py
[2024-10-31T06:22:47.410+0000] {processor.py:925} INFO - DAG(s) 'example_complex' retrieved from /home/airflow/.local/lib/python3.12/site-packages/airflow/example_dags/example_complex.py
[2024-10-31T06:22:47.438+0000] {logging_mixin.py:190} INFO - [2024-10-31T06:22:47.438+0000] {dag.py:3239} INFO - Sync 1 DAGs
[2024-10-31T06:22:47.449+0000] {logging_mixin.py:190} INFO - [2024-10-31T06:22:47.449+0000] {dag.py:4180} INFO - Setting next_dagrun for example_complex to None, run_after=None
[2024-10-31T06:22:47.465+0000] {processor.py:208} INFO - Processing /home/airflow/.local/lib/python3.12/site-packages/airflow/example_dags/example_complex.py took 0.072 seconds
[2024-10-31T06:23:18.116+0000] {processor.py:186} INFO - Started process (PID=231) to work on /home/airflow/.local/lib/python3.12/site-packages/airflow/example_dags/example_complex.py
[2024-10-31T06:23:18.118+0000] {processor.py:914} INFO - Processing file /home/airflow/.local/lib/python3.12/site-packages/airflow/example_dags/example_complex.py for tasks to queue
[2024-10-31T06:23:18.124+0000] {logging_mixin.py:190} INFO - [2024-10-31T06:23:18.123+0000] {dagbag.py:588} INFO - Filling up the DagBag from /home/airflow/.local/lib/python3.12/site-packages/airflow/example_dags/example_complex.py
[2024-10-31T06:23:18.136+0000] {processor.py:925} INFO - DAG(s) 'example_complex' retrieved from /home/airflow/.local/lib/python3.12/site-packages/airflow/example_dags/example_complex.py
[2024-10-31T06:23:18.166+0000] {logging_mixin.py:190} INFO - [2024-10-31T06:23:18.166+0000] {dag.py:3239} INFO - Sync 1 DAGs
[2024-10-31T06:23:18.183+0000] {logging_mixin.py:190} INFO - [2024-10-31T06:23:18.183+0000] {dag.py:4180} INFO - Setting next_dagrun for example_complex to None, run_after=None
[2024-10-31T06:23:18.207+0000] {processor.py:208} INFO - Processing /home/airflow/.local/lib/python3.12/site-packages/airflow/example_dags/example_complex.py took 0.099 seconds
[2024-10-31T06:23:48.909+0000] {processor.py:186} INFO - Started process (PID=293) to work on /home/airflow/.local/lib/python3.12/site-packages/airflow/example_dags/example_complex.py
[2024-10-31T06:23:48.910+0000] {processor.py:914} INFO - Processing file /home/airflow/.local/lib/python3.12/site-packages/airflow/example_dags/example_complex.py for tasks to queue
[2024-10-31T06:23:48.911+0000] {logging_mixin.py:190} INFO - [2024-10-31T06:23:48.911+0000] {dagbag.py:588} INFO - Filling up the DagBag from /home/airflow/.local/lib/python3.12/site-packages/airflow/example_dags/example_complex.py
[2024-10-31T06:23:48.921+0000] {processor.py:925} INFO - DAG(s) 'example_complex' retrieved from /home/airflow/.local/lib/python3.12/site-packages/airflow/example_dags/example_complex.py
[2024-10-31T06:23:48.949+0000] {logging_mixin.py:190} INFO - [2024-10-31T06:23:48.948+0000] {dag.py:3239} INFO - Sync 1 DAGs
[2024-10-31T06:23:48.960+0000] {logging_mixin.py:190} INFO - [2024-10-31T06:23:48.960+0000] {dag.py:4180} INFO - Setting next_dagrun for example_complex to None, run_after=None
[2024-10-31T06:23:48.978+0000] {processor.py:208} INFO - Processing /home/airflow/.local/lib/python3.12/site-packages/airflow/example_dags/example_complex.py took 0.074 seconds
[2024-10-31T06:24:19.893+0000] {processor.py:186} INFO - Started process (PID=355) to work on /home/airflow/.local/lib/python3.12/site-packages/airflow/example_dags/example_complex.py
[2024-10-31T06:24:19.894+0000] {processor.py:914} INFO - Processing file /home/airflow/.local/lib/python3.12/site-packages/airflow/example_dags/example_complex.py for tasks to queue
[2024-10-31T06:24:19.896+0000] {logging_mixin.py:190} INFO - [2024-10-31T06:24:19.896+0000] {dagbag.py:588} INFO - Filling up the DagBag from /home/airflow/.local/lib/python3.12/site-packages/airflow/example_dags/example_complex.py
[2024-10-31T06:24:19.907+0000] {processor.py:925} INFO - DAG(s) 'example_complex' retrieved from /home/airflow/.local/lib/python3.12/site-packages/airflow/example_dags/example_complex.py
[2024-10-31T06:24:19.931+0000] {logging_mixin.py:190} INFO - [2024-10-31T06:24:19.930+0000] {dag.py:3239} INFO - Sync 1 DAGs
[2024-10-31T06:24:19.943+0000] {logging_mixin.py:190} INFO - [2024-10-31T06:24:19.943+0000] {dag.py:4180} INFO - Setting next_dagrun for example_complex to None, run_after=None
[2024-10-31T06:24:19.960+0000] {processor.py:208} INFO - Processing /home/airflow/.local/lib/python3.12/site-packages/airflow/example_dags/example_complex.py took 0.072 seconds
[2024-10-31T06:24:50.915+0000] {processor.py:186} INFO - Started process (PID=421) to work on /home/airflow/.local/lib/python3.12/site-packages/airflow/example_dags/example_complex.py
[2024-10-31T06:24:50.916+0000] {processor.py:914} INFO - Processing file /home/airflow/.local/lib/python3.12/site-packages/airflow/example_dags/example_complex.py for tasks to queue
[2024-10-31T06:24:50.918+0000] {logging_mixin.py:190} INFO - [2024-10-31T06:24:50.918+0000] {dagbag.py:588} INFO - Filling up the DagBag from /home/airflow/.local/lib/python3.12/site-packages/airflow/example_dags/example_complex.py
[2024-10-31T06:24:50.936+0000] {processor.py:925} INFO - DAG(s) 'example_complex' retrieved from /home/airflow/.local/lib/python3.12/site-packages/airflow/example_dags/example_complex.py
[2024-10-31T06:24:51.002+0000] {logging_mixin.py:190} INFO - [2024-10-31T06:24:51.001+0000] {dag.py:3239} INFO - Sync 1 DAGs
[2024-10-31T06:24:51.023+0000] {logging_mixin.py:190} INFO - [2024-10-31T06:24:51.022+0000] {dag.py:4180} INFO - Setting next_dagrun for example_complex to None, run_after=None
[2024-10-31T06:24:51.051+0000] {processor.py:208} INFO - Processing /home/airflow/.local/lib/python3.12/site-packages/airflow/example_dags/example_complex.py took 0.145 seconds
[2024-10-31T06:25:21.695+0000] {processor.py:186} INFO - Started process (PID=483) to work on /home/airflow/.local/lib/python3.12/site-packages/airflow/example_dags/example_complex.py
[2024-10-31T06:25:21.696+0000] {processor.py:914} INFO - Processing file /home/airflow/.local/lib/python3.12/site-packages/airflow/example_dags/example_complex.py for tasks to queue
[2024-10-31T06:25:21.698+0000] {logging_mixin.py:190} INFO - [2024-10-31T06:25:21.697+0000] {dagbag.py:588} INFO - Filling up the DagBag from /home/airflow/.local/lib/python3.12/site-packages/airflow/example_dags/example_complex.py
[2024-10-31T06:25:21.709+0000] {processor.py:925} INFO - DAG(s) 'example_complex' retrieved from /home/airflow/.local/lib/python3.12/site-packages/airflow/example_dags/example_complex.py
[2024-10-31T06:25:21.735+0000] {logging_mixin.py:190} INFO - [2024-10-31T06:25:21.735+0000] {dag.py:3239} INFO - Sync 1 DAGs
[2024-10-31T06:25:21.747+0000] {logging_mixin.py:190} INFO - [2024-10-31T06:25:21.747+0000] {dag.py:4180} INFO - Setting next_dagrun for example_complex to None, run_after=None
[2024-10-31T06:25:21.767+0000] {processor.py:208} INFO - Processing /home/airflow/.local/lib/python3.12/site-packages/airflow/example_dags/example_complex.py took 0.077 seconds
[2024-10-31T06:25:51.887+0000] {processor.py:186} INFO - Started process (PID=545) to work on /home/airflow/.local/lib/python3.12/site-packages/airflow/example_dags/example_complex.py
[2024-10-31T06:25:51.888+0000] {processor.py:914} INFO - Processing file /home/airflow/.local/lib/python3.12/site-packages/airflow/example_dags/example_complex.py for tasks to queue
[2024-10-31T06:25:51.890+0000] {logging_mixin.py:190} INFO - [2024-10-31T06:25:51.890+0000] {dagbag.py:588} INFO - Filling up the DagBag from /home/airflow/.local/lib/python3.12/site-packages/airflow/example_dags/example_complex.py
[2024-10-31T06:25:51.899+0000] {processor.py:925} INFO - DAG(s) 'example_complex' retrieved from /home/airflow/.local/lib/python3.12/site-packages/airflow/example_dags/example_complex.py
[2024-10-31T06:25:51.923+0000] {logging_mixin.py:190} INFO - [2024-10-31T06:25:51.923+0000] {dag.py:3239} INFO - Sync 1 DAGs
[2024-10-31T06:25:51.936+0000] {logging_mixin.py:190} INFO - [2024-10-31T06:25:51.935+0000] {dag.py:4180} INFO - Setting next_dagrun for example_complex to None, run_after=None
[2024-10-31T06:25:51.949+0000] {processor.py:208} INFO - Processing /home/airflow/.local/lib/python3.12/site-packages/airflow/example_dags/example_complex.py took 0.067 seconds
[2024-10-31T06:26:22.219+0000] {processor.py:186} INFO - Started process (PID=607) to work on /home/airflow/.local/lib/python3.12/site-packages/airflow/example_dags/example_complex.py
[2024-10-31T06:26:22.220+0000] {processor.py:914} INFO - Processing file /home/airflow/.local/lib/python3.12/site-packages/airflow/example_dags/example_complex.py for tasks to queue
[2024-10-31T06:26:22.223+0000] {logging_mixin.py:190} INFO - [2024-10-31T06:26:22.222+0000] {dagbag.py:588} INFO - Filling up the DagBag from /home/airflow/.local/lib/python3.12/site-packages/airflow/example_dags/example_complex.py
[2024-10-31T06:26:22.234+0000] {processor.py:925} INFO - DAG(s) 'example_complex' retrieved from /home/airflow/.local/lib/python3.12/site-packages/airflow/example_dags/example_complex.py
[2024-10-31T06:26:22.274+0000] {logging_mixin.py:190} INFO - [2024-10-31T06:26:22.273+0000] {dag.py:3239} INFO - Sync 1 DAGs
[2024-10-31T06:26:22.284+0000] {logging_mixin.py:190} INFO - [2024-10-31T06:26:22.284+0000] {dag.py:4180} INFO - Setting next_dagrun for example_complex to None, run_after=None
[2024-10-31T06:26:22.299+0000] {processor.py:208} INFO - Processing /home/airflow/.local/lib/python3.12/site-packages/airflow/example_dags/example_complex.py took 0.084 seconds
[2024-10-31T06:26:52.987+0000] {processor.py:186} INFO - Started process (PID=669) to work on /home/airflow/.local/lib/python3.12/site-packages/airflow/example_dags/example_complex.py
[2024-10-31T06:26:52.987+0000] {processor.py:914} INFO - Processing file /home/airflow/.local/lib/python3.12/site-packages/airflow/example_dags/example_complex.py for tasks to queue
[2024-10-31T06:26:52.989+0000] {logging_mixin.py:190} INFO - [2024-10-31T06:26:52.989+0000] {dagbag.py:588} INFO - Filling up the DagBag from /home/airflow/.local/lib/python3.12/site-packages/airflow/example_dags/example_complex.py
[2024-10-31T06:26:52.997+0000] {processor.py:925} INFO - DAG(s) 'example_complex' retrieved from /home/airflow/.local/lib/python3.12/site-packages/airflow/example_dags/example_complex.py
[2024-10-31T06:26:53.030+0000] {logging_mixin.py:190} INFO - [2024-10-31T06:26:53.030+0000] {dag.py:3239} INFO - Sync 1 DAGs
[2024-10-31T06:26:53.041+0000] {logging_mixin.py:190} INFO - [2024-10-31T06:26:53.041+0000] {dag.py:4180} INFO - Setting next_dagrun for example_complex to None, run_after=None
[2024-10-31T06:26:53.055+0000] {processor.py:208} INFO - Processing /home/airflow/.local/lib/python3.12/site-packages/airflow/example_dags/example_complex.py took 0.073 seconds
[2024-10-31T06:27:23.338+0000] {processor.py:186} INFO - Started process (PID=731) to work on /home/airflow/.local/lib/python3.12/site-packages/airflow/example_dags/example_complex.py
[2024-10-31T06:27:23.339+0000] {processor.py:914} INFO - Processing file /home/airflow/.local/lib/python3.12/site-packages/airflow/example_dags/example_complex.py for tasks to queue
[2024-10-31T06:27:23.340+0000] {logging_mixin.py:190} INFO - [2024-10-31T06:27:23.340+0000] {dagbag.py:588} INFO - Filling up the DagBag from /home/airflow/.local/lib/python3.12/site-packages/airflow/example_dags/example_complex.py
[2024-10-31T06:27:23.349+0000] {processor.py:925} INFO - DAG(s) 'example_complex' retrieved from /home/airflow/.local/lib/python3.12/site-packages/airflow/example_dags/example_complex.py
[2024-10-31T06:27:23.395+0000] {logging_mixin.py:190} INFO - [2024-10-31T06:27:23.395+0000] {dag.py:3239} INFO - Sync 1 DAGs
[2024-10-31T06:27:23.405+0000] {logging_mixin.py:190} INFO - [2024-10-31T06:27:23.405+0000] {dag.py:4180} INFO - Setting next_dagrun for example_complex to None, run_after=None
[2024-10-31T06:27:23.419+0000] {processor.py:208} INFO - Processing /home/airflow/.local/lib/python3.12/site-packages/airflow/example_dags/example_complex.py took 0.086 seconds
[2024-10-31T06:27:53.508+0000] {processor.py:186} INFO - Started process (PID=793) to work on /home/airflow/.local/lib/python3.12/site-packages/airflow/example_dags/example_complex.py
[2024-10-31T06:27:53.510+0000] {processor.py:914} INFO - Processing file /home/airflow/.local/lib/python3.12/site-packages/airflow/example_dags/example_complex.py for tasks to queue
[2024-10-31T06:27:53.513+0000] {logging_mixin.py:190} INFO - [2024-10-31T06:27:53.513+0000] {dagbag.py:588} INFO - Filling up the DagBag from /home/airflow/.local/lib/python3.12/site-packages/airflow/example_dags/example_complex.py
[2024-10-31T06:27:53.525+0000] {processor.py:925} INFO - DAG(s) 'example_complex' retrieved from /home/airflow/.local/lib/python3.12/site-packages/airflow/example_dags/example_complex.py
[2024-10-31T06:27:53.586+0000] {logging_mixin.py:190} INFO - [2024-10-31T06:27:53.586+0000] {dag.py:3239} INFO - Sync 1 DAGs
[2024-10-31T06:27:53.596+0000] {logging_mixin.py:190} INFO - [2024-10-31T06:27:53.596+0000] {dag.py:4180} INFO - Setting next_dagrun for example_complex to None, run_after=None
[2024-10-31T06:27:53.612+0000] {processor.py:208} INFO - Processing /home/airflow/.local/lib/python3.12/site-packages/airflow/example_dags/example_complex.py took 0.113 seconds
[2024-10-31T06:28:23.797+0000] {processor.py:186} INFO - Started process (PID=856) to work on /home/airflow/.local/lib/python3.12/site-packages/airflow/example_dags/example_complex.py
[2024-10-31T06:28:23.798+0000] {processor.py:914} INFO - Processing file /home/airflow/.local/lib/python3.12/site-packages/airflow/example_dags/example_complex.py for tasks to queue
[2024-10-31T06:28:23.799+0000] {logging_mixin.py:190} INFO - [2024-10-31T06:28:23.799+0000] {dagbag.py:588} INFO - Filling up the DagBag from /home/airflow/.local/lib/python3.12/site-packages/airflow/example_dags/example_complex.py
[2024-10-31T06:28:23.807+0000] {processor.py:925} INFO - DAG(s) 'example_complex' retrieved from /home/airflow/.local/lib/python3.12/site-packages/airflow/example_dags/example_complex.py
[2024-10-31T06:28:23.828+0000] {logging_mixin.py:190} INFO - [2024-10-31T06:28:23.828+0000] {dag.py:3239} INFO - Sync 1 DAGs
[2024-10-31T06:28:23.838+0000] {logging_mixin.py:190} INFO - [2024-10-31T06:28:23.837+0000] {dag.py:4180} INFO - Setting next_dagrun for example_complex to None, run_after=None
[2024-10-31T06:28:23.851+0000] {processor.py:208} INFO - Processing /home/airflow/.local/lib/python3.12/site-packages/airflow/example_dags/example_complex.py took 0.059 seconds
