[2024-10-31T06:21:50.237+0000] {processor.py:186} INFO - Started process (PID=65) to work on /home/airflow/.local/lib/python3.12/site-packages/airflow/example_dags/example_sla_dag.py
[2024-10-31T06:21:50.238+0000] {processor.py:914} INFO - Processing file /home/airflow/.local/lib/python3.12/site-packages/airflow/example_dags/example_sla_dag.py for tasks to queue
[2024-10-31T06:21:50.240+0000] {logging_mixin.py:190} INFO - [2024-10-31T06:21:50.239+0000] {dagbag.py:588} INFO - Filling up the DagBag from /home/airflow/.local/lib/python3.12/site-packages/airflow/example_dags/example_sla_dag.py
[2024-10-31T06:21:50.248+0000] {processor.py:925} INFO - DAG(s) 'example_sla_dag' retrieved from /home/airflow/.local/lib/python3.12/site-packages/airflow/example_dags/example_sla_dag.py
[2024-10-31T06:21:50.330+0000] {logging_mixin.py:190} INFO - [2024-10-31T06:21:50.329+0000] {override.py:1900} INFO - Created Permission View: can delete on DAG:example_sla_dag
[2024-10-31T06:21:50.339+0000] {logging_mixin.py:190} INFO - [2024-10-31T06:21:50.339+0000] {override.py:1900} INFO - Created Permission View: can read on DAG:example_sla_dag
[2024-10-31T06:21:50.346+0000] {logging_mixin.py:190} INFO - [2024-10-31T06:21:50.345+0000] {override.py:1900} INFO - Created Permission View: can edit on DAG:example_sla_dag
[2024-10-31T06:21:50.355+0000] {logging_mixin.py:190} INFO - [2024-10-31T06:21:50.355+0000] {override.py:1900} INFO - Created Permission View: can delete on DAG Run:example_sla_dag
[2024-10-31T06:21:50.361+0000] {logging_mixin.py:190} INFO - [2024-10-31T06:21:50.361+0000] {override.py:1900} INFO - Created Permission View: can create on DAG Run:example_sla_dag
[2024-10-31T06:21:50.367+0000] {logging_mixin.py:190} INFO - [2024-10-31T06:21:50.367+0000] {override.py:1900} INFO - Created Permission View: can read on DAG Run:example_sla_dag
[2024-10-31T06:21:50.373+0000] {logging_mixin.py:190} INFO - [2024-10-31T06:21:50.373+0000] {override.py:1900} INFO - Created Permission View: menu access on DAG Run:example_sla_dag
[2024-10-31T06:21:50.374+0000] {logging_mixin.py:190} INFO - [2024-10-31T06:21:50.374+0000] {dag.py:3239} INFO - Sync 1 DAGs
[2024-10-31T06:21:50.384+0000] {logging_mixin.py:190} INFO - [2024-10-31T06:21:50.383+0000] {dag.py:3262} INFO - Creating ORM DAG for example_sla_dag
[2024-10-31T06:21:50.393+0000] {logging_mixin.py:190} INFO - [2024-10-31T06:21:50.393+0000] {dag.py:4180} INFO - Setting next_dagrun for example_sla_dag to 2024-10-31 06:18:00+00:00, run_after=2024-10-31 06:20:00+00:00
[2024-10-31T06:21:50.409+0000] {processor.py:208} INFO - Processing /home/airflow/.local/lib/python3.12/site-packages/airflow/example_dags/example_sla_dag.py took 0.176 seconds
[2024-10-31T06:22:20.718+0000] {processor.py:186} INFO - Started process (PID=127) to work on /home/airflow/.local/lib/python3.12/site-packages/airflow/example_dags/example_sla_dag.py
[2024-10-31T06:22:20.718+0000] {processor.py:914} INFO - Processing file /home/airflow/.local/lib/python3.12/site-packages/airflow/example_dags/example_sla_dag.py for tasks to queue
[2024-10-31T06:22:20.720+0000] {logging_mixin.py:190} INFO - [2024-10-31T06:22:20.720+0000] {dagbag.py:588} INFO - Filling up the DagBag from /home/airflow/.local/lib/python3.12/site-packages/airflow/example_dags/example_sla_dag.py
[2024-10-31T06:22:20.727+0000] {processor.py:925} INFO - DAG(s) 'example_sla_dag' retrieved from /home/airflow/.local/lib/python3.12/site-packages/airflow/example_dags/example_sla_dag.py
[2024-10-31T06:22:20.741+0000] {logging_mixin.py:190} INFO - [2024-10-31T06:22:20.741+0000] {dag.py:3239} INFO - Sync 1 DAGs
[2024-10-31T06:22:20.759+0000] {logging_mixin.py:190} INFO - [2024-10-31T06:22:20.759+0000] {dag.py:4180} INFO - Setting next_dagrun for example_sla_dag to 2024-10-31 06:20:00+00:00, run_after=2024-10-31 06:22:00+00:00
[2024-10-31T06:22:20.773+0000] {processor.py:208} INFO - Processing /home/airflow/.local/lib/python3.12/site-packages/airflow/example_dags/example_sla_dag.py took 0.060 seconds
[2024-10-31T06:22:51.431+0000] {processor.py:186} INFO - Started process (PID=189) to work on /home/airflow/.local/lib/python3.12/site-packages/airflow/example_dags/example_sla_dag.py
[2024-10-31T06:22:51.432+0000] {processor.py:914} INFO - Processing file /home/airflow/.local/lib/python3.12/site-packages/airflow/example_dags/example_sla_dag.py for tasks to queue
[2024-10-31T06:22:51.434+0000] {logging_mixin.py:190} INFO - [2024-10-31T06:22:51.433+0000] {dagbag.py:588} INFO - Filling up the DagBag from /home/airflow/.local/lib/python3.12/site-packages/airflow/example_dags/example_sla_dag.py
[2024-10-31T06:22:51.441+0000] {processor.py:925} INFO - DAG(s) 'example_sla_dag' retrieved from /home/airflow/.local/lib/python3.12/site-packages/airflow/example_dags/example_sla_dag.py
[2024-10-31T06:22:51.457+0000] {logging_mixin.py:190} INFO - [2024-10-31T06:22:51.457+0000] {dag.py:3239} INFO - Sync 1 DAGs
[2024-10-31T06:22:51.476+0000] {logging_mixin.py:190} INFO - [2024-10-31T06:22:51.476+0000] {dag.py:4180} INFO - Setting next_dagrun for example_sla_dag to 2024-10-31 06:20:00+00:00, run_after=2024-10-31 06:22:00+00:00
[2024-10-31T06:22:51.492+0000] {processor.py:208} INFO - Processing /home/airflow/.local/lib/python3.12/site-packages/airflow/example_dags/example_sla_dag.py took 0.066 seconds
[2024-10-31T06:23:22.119+0000] {processor.py:186} INFO - Started process (PID=251) to work on /home/airflow/.local/lib/python3.12/site-packages/airflow/example_dags/example_sla_dag.py
[2024-10-31T06:23:22.120+0000] {processor.py:914} INFO - Processing file /home/airflow/.local/lib/python3.12/site-packages/airflow/example_dags/example_sla_dag.py for tasks to queue
[2024-10-31T06:23:22.121+0000] {logging_mixin.py:190} INFO - [2024-10-31T06:23:22.121+0000] {dagbag.py:588} INFO - Filling up the DagBag from /home/airflow/.local/lib/python3.12/site-packages/airflow/example_dags/example_sla_dag.py
[2024-10-31T06:23:22.129+0000] {processor.py:925} INFO - DAG(s) 'example_sla_dag' retrieved from /home/airflow/.local/lib/python3.12/site-packages/airflow/example_dags/example_sla_dag.py
[2024-10-31T06:23:22.144+0000] {logging_mixin.py:190} INFO - [2024-10-31T06:23:22.143+0000] {dag.py:3239} INFO - Sync 1 DAGs
[2024-10-31T06:23:22.161+0000] {logging_mixin.py:190} INFO - [2024-10-31T06:23:22.161+0000] {dag.py:4180} INFO - Setting next_dagrun for example_sla_dag to 2024-10-31 06:20:00+00:00, run_after=2024-10-31 06:22:00+00:00
[2024-10-31T06:23:22.178+0000] {processor.py:208} INFO - Processing /home/airflow/.local/lib/python3.12/site-packages/airflow/example_dags/example_sla_dag.py took 0.064 seconds
[2024-10-31T06:23:52.848+0000] {processor.py:186} INFO - Started process (PID=313) to work on /home/airflow/.local/lib/python3.12/site-packages/airflow/example_dags/example_sla_dag.py
[2024-10-31T06:23:52.849+0000] {processor.py:914} INFO - Processing file /home/airflow/.local/lib/python3.12/site-packages/airflow/example_dags/example_sla_dag.py for tasks to queue
[2024-10-31T06:23:52.851+0000] {logging_mixin.py:190} INFO - [2024-10-31T06:23:52.850+0000] {dagbag.py:588} INFO - Filling up the DagBag from /home/airflow/.local/lib/python3.12/site-packages/airflow/example_dags/example_sla_dag.py
[2024-10-31T06:23:52.858+0000] {processor.py:925} INFO - DAG(s) 'example_sla_dag' retrieved from /home/airflow/.local/lib/python3.12/site-packages/airflow/example_dags/example_sla_dag.py
[2024-10-31T06:23:52.872+0000] {logging_mixin.py:190} INFO - [2024-10-31T06:23:52.872+0000] {dag.py:3239} INFO - Sync 1 DAGs
[2024-10-31T06:23:52.891+0000] {logging_mixin.py:190} INFO - [2024-10-31T06:23:52.891+0000] {dag.py:4180} INFO - Setting next_dagrun for example_sla_dag to 2024-10-31 06:20:00+00:00, run_after=2024-10-31 06:22:00+00:00
[2024-10-31T06:23:52.905+0000] {processor.py:208} INFO - Processing /home/airflow/.local/lib/python3.12/site-packages/airflow/example_dags/example_sla_dag.py took 0.061 seconds
[2024-10-31T06:24:23.955+0000] {processor.py:186} INFO - Started process (PID=375) to work on /home/airflow/.local/lib/python3.12/site-packages/airflow/example_dags/example_sla_dag.py
[2024-10-31T06:24:23.957+0000] {processor.py:914} INFO - Processing file /home/airflow/.local/lib/python3.12/site-packages/airflow/example_dags/example_sla_dag.py for tasks to queue
[2024-10-31T06:24:23.959+0000] {logging_mixin.py:190} INFO - [2024-10-31T06:24:23.959+0000] {dagbag.py:588} INFO - Filling up the DagBag from /home/airflow/.local/lib/python3.12/site-packages/airflow/example_dags/example_sla_dag.py
[2024-10-31T06:24:23.971+0000] {processor.py:925} INFO - DAG(s) 'example_sla_dag' retrieved from /home/airflow/.local/lib/python3.12/site-packages/airflow/example_dags/example_sla_dag.py
[2024-10-31T06:24:23.992+0000] {logging_mixin.py:190} INFO - [2024-10-31T06:24:23.991+0000] {dag.py:3239} INFO - Sync 1 DAGs
[2024-10-31T06:24:24.041+0000] {logging_mixin.py:190} INFO - [2024-10-31T06:24:24.040+0000] {dag.py:4180} INFO - Setting next_dagrun for example_sla_dag to 2024-10-31 06:22:00+00:00, run_after=2024-10-31 06:24:00+00:00
[2024-10-31T06:24:24.078+0000] {processor.py:208} INFO - Processing /home/airflow/.local/lib/python3.12/site-packages/airflow/example_dags/example_sla_dag.py took 0.129 seconds
[2024-10-31T06:24:54.786+0000] {processor.py:186} INFO - Started process (PID=441) to work on /home/airflow/.local/lib/python3.12/site-packages/airflow/example_dags/example_sla_dag.py
[2024-10-31T06:24:54.788+0000] {processor.py:914} INFO - Processing file /home/airflow/.local/lib/python3.12/site-packages/airflow/example_dags/example_sla_dag.py for tasks to queue
[2024-10-31T06:24:54.791+0000] {logging_mixin.py:190} INFO - [2024-10-31T06:24:54.791+0000] {dagbag.py:588} INFO - Filling up the DagBag from /home/airflow/.local/lib/python3.12/site-packages/airflow/example_dags/example_sla_dag.py
[2024-10-31T06:24:54.807+0000] {processor.py:925} INFO - DAG(s) 'example_sla_dag' retrieved from /home/airflow/.local/lib/python3.12/site-packages/airflow/example_dags/example_sla_dag.py
[2024-10-31T06:24:54.835+0000] {logging_mixin.py:190} INFO - [2024-10-31T06:24:54.835+0000] {dag.py:3239} INFO - Sync 1 DAGs
[2024-10-31T06:24:54.868+0000] {logging_mixin.py:190} INFO - [2024-10-31T06:24:54.868+0000] {dag.py:4180} INFO - Setting next_dagrun for example_sla_dag to 2024-10-31 06:22:00+00:00, run_after=2024-10-31 06:24:00+00:00
[2024-10-31T06:24:54.901+0000] {processor.py:208} INFO - Processing /home/airflow/.local/lib/python3.12/site-packages/airflow/example_dags/example_sla_dag.py took 0.123 seconds
[2024-10-31T06:25:25.165+0000] {processor.py:186} INFO - Started process (PID=503) to work on /home/airflow/.local/lib/python3.12/site-packages/airflow/example_dags/example_sla_dag.py
[2024-10-31T06:25:25.166+0000] {processor.py:914} INFO - Processing file /home/airflow/.local/lib/python3.12/site-packages/airflow/example_dags/example_sla_dag.py for tasks to queue
[2024-10-31T06:25:25.167+0000] {logging_mixin.py:190} INFO - [2024-10-31T06:25:25.167+0000] {dagbag.py:588} INFO - Filling up the DagBag from /home/airflow/.local/lib/python3.12/site-packages/airflow/example_dags/example_sla_dag.py
[2024-10-31T06:25:25.175+0000] {processor.py:925} INFO - DAG(s) 'example_sla_dag' retrieved from /home/airflow/.local/lib/python3.12/site-packages/airflow/example_dags/example_sla_dag.py
[2024-10-31T06:25:25.192+0000] {logging_mixin.py:190} INFO - [2024-10-31T06:25:25.192+0000] {dag.py:3239} INFO - Sync 1 DAGs
[2024-10-31T06:25:25.209+0000] {logging_mixin.py:190} INFO - [2024-10-31T06:25:25.209+0000] {dag.py:4180} INFO - Setting next_dagrun for example_sla_dag to 2024-10-31 06:22:00+00:00, run_after=2024-10-31 06:24:00+00:00
[2024-10-31T06:25:25.226+0000] {processor.py:208} INFO - Processing /home/airflow/.local/lib/python3.12/site-packages/airflow/example_dags/example_sla_dag.py took 0.066 seconds
[2024-10-31T06:25:55.899+0000] {processor.py:186} INFO - Started process (PID=565) to work on /home/airflow/.local/lib/python3.12/site-packages/airflow/example_dags/example_sla_dag.py
[2024-10-31T06:25:55.900+0000] {processor.py:914} INFO - Processing file /home/airflow/.local/lib/python3.12/site-packages/airflow/example_dags/example_sla_dag.py for tasks to queue
[2024-10-31T06:25:55.903+0000] {logging_mixin.py:190} INFO - [2024-10-31T06:25:55.902+0000] {dagbag.py:588} INFO - Filling up the DagBag from /home/airflow/.local/lib/python3.12/site-packages/airflow/example_dags/example_sla_dag.py
[2024-10-31T06:25:55.911+0000] {processor.py:925} INFO - DAG(s) 'example_sla_dag' retrieved from /home/airflow/.local/lib/python3.12/site-packages/airflow/example_dags/example_sla_dag.py
[2024-10-31T06:25:55.929+0000] {logging_mixin.py:190} INFO - [2024-10-31T06:25:55.929+0000] {dag.py:3239} INFO - Sync 1 DAGs
[2024-10-31T06:25:55.950+0000] {logging_mixin.py:190} INFO - [2024-10-31T06:25:55.950+0000] {dag.py:4180} INFO - Setting next_dagrun for example_sla_dag to 2024-10-31 06:22:00+00:00, run_after=2024-10-31 06:24:00+00:00
[2024-10-31T06:25:55.967+0000] {processor.py:208} INFO - Processing /home/airflow/.local/lib/python3.12/site-packages/airflow/example_dags/example_sla_dag.py took 0.075 seconds
[2024-10-31T06:26:26.558+0000] {processor.py:186} INFO - Started process (PID=627) to work on /home/airflow/.local/lib/python3.12/site-packages/airflow/example_dags/example_sla_dag.py
[2024-10-31T06:26:26.559+0000] {processor.py:914} INFO - Processing file /home/airflow/.local/lib/python3.12/site-packages/airflow/example_dags/example_sla_dag.py for tasks to queue
[2024-10-31T06:26:26.561+0000] {logging_mixin.py:190} INFO - [2024-10-31T06:26:26.561+0000] {dagbag.py:588} INFO - Filling up the DagBag from /home/airflow/.local/lib/python3.12/site-packages/airflow/example_dags/example_sla_dag.py
[2024-10-31T06:26:26.569+0000] {processor.py:925} INFO - DAG(s) 'example_sla_dag' retrieved from /home/airflow/.local/lib/python3.12/site-packages/airflow/example_dags/example_sla_dag.py
[2024-10-31T06:26:26.584+0000] {logging_mixin.py:190} INFO - [2024-10-31T06:26:26.584+0000] {dag.py:3239} INFO - Sync 1 DAGs
[2024-10-31T06:26:26.603+0000] {logging_mixin.py:190} INFO - [2024-10-31T06:26:26.603+0000] {dag.py:4180} INFO - Setting next_dagrun for example_sla_dag to 2024-10-31 06:24:00+00:00, run_after=2024-10-31 06:26:00+00:00
[2024-10-31T06:26:26.621+0000] {processor.py:208} INFO - Processing /home/airflow/.local/lib/python3.12/site-packages/airflow/example_dags/example_sla_dag.py took 0.067 seconds
[2024-10-31T06:26:57.134+0000] {processor.py:186} INFO - Started process (PID=689) to work on /home/airflow/.local/lib/python3.12/site-packages/airflow/example_dags/example_sla_dag.py
[2024-10-31T06:26:57.135+0000] {processor.py:914} INFO - Processing file /home/airflow/.local/lib/python3.12/site-packages/airflow/example_dags/example_sla_dag.py for tasks to queue
[2024-10-31T06:26:57.136+0000] {logging_mixin.py:190} INFO - [2024-10-31T06:26:57.136+0000] {dagbag.py:588} INFO - Filling up the DagBag from /home/airflow/.local/lib/python3.12/site-packages/airflow/example_dags/example_sla_dag.py
[2024-10-31T06:26:57.145+0000] {processor.py:925} INFO - DAG(s) 'example_sla_dag' retrieved from /home/airflow/.local/lib/python3.12/site-packages/airflow/example_dags/example_sla_dag.py
[2024-10-31T06:26:57.159+0000] {logging_mixin.py:190} INFO - [2024-10-31T06:26:57.159+0000] {dag.py:3239} INFO - Sync 1 DAGs
[2024-10-31T06:26:57.179+0000] {logging_mixin.py:190} INFO - [2024-10-31T06:26:57.179+0000] {dag.py:4180} INFO - Setting next_dagrun for example_sla_dag to 2024-10-31 06:24:00+00:00, run_after=2024-10-31 06:26:00+00:00
[2024-10-31T06:26:57.196+0000] {processor.py:208} INFO - Processing /home/airflow/.local/lib/python3.12/site-packages/airflow/example_dags/example_sla_dag.py took 0.068 seconds
[2024-10-31T06:27:27.465+0000] {processor.py:186} INFO - Started process (PID=751) to work on /home/airflow/.local/lib/python3.12/site-packages/airflow/example_dags/example_sla_dag.py
[2024-10-31T06:27:27.467+0000] {processor.py:914} INFO - Processing file /home/airflow/.local/lib/python3.12/site-packages/airflow/example_dags/example_sla_dag.py for tasks to queue
[2024-10-31T06:27:27.469+0000] {logging_mixin.py:190} INFO - [2024-10-31T06:27:27.469+0000] {dagbag.py:588} INFO - Filling up the DagBag from /home/airflow/.local/lib/python3.12/site-packages/airflow/example_dags/example_sla_dag.py
[2024-10-31T06:27:27.481+0000] {processor.py:925} INFO - DAG(s) 'example_sla_dag' retrieved from /home/airflow/.local/lib/python3.12/site-packages/airflow/example_dags/example_sla_dag.py
[2024-10-31T06:27:27.509+0000] {logging_mixin.py:190} INFO - [2024-10-31T06:27:27.509+0000] {dag.py:3239} INFO - Sync 1 DAGs
[2024-10-31T06:27:27.538+0000] {logging_mixin.py:190} INFO - [2024-10-31T06:27:27.538+0000] {dag.py:4180} INFO - Setting next_dagrun for example_sla_dag to 2024-10-31 06:24:00+00:00, run_after=2024-10-31 06:26:00+00:00
[2024-10-31T06:27:27.556+0000] {processor.py:208} INFO - Processing /home/airflow/.local/lib/python3.12/site-packages/airflow/example_dags/example_sla_dag.py took 0.100 seconds
[2024-10-31T06:27:58.796+0000] {processor.py:186} INFO - Started process (PID=813) to work on /home/airflow/.local/lib/python3.12/site-packages/airflow/example_dags/example_sla_dag.py
[2024-10-31T06:27:58.797+0000] {processor.py:914} INFO - Processing file /home/airflow/.local/lib/python3.12/site-packages/airflow/example_dags/example_sla_dag.py for tasks to queue
[2024-10-31T06:27:58.799+0000] {logging_mixin.py:190} INFO - [2024-10-31T06:27:58.799+0000] {dagbag.py:588} INFO - Filling up the DagBag from /home/airflow/.local/lib/python3.12/site-packages/airflow/example_dags/example_sla_dag.py
[2024-10-31T06:27:58.808+0000] {processor.py:925} INFO - DAG(s) 'example_sla_dag' retrieved from /home/airflow/.local/lib/python3.12/site-packages/airflow/example_dags/example_sla_dag.py
[2024-10-31T06:27:58.823+0000] {logging_mixin.py:190} INFO - [2024-10-31T06:27:58.823+0000] {dag.py:3239} INFO - Sync 1 DAGs
[2024-10-31T06:27:58.843+0000] {logging_mixin.py:190} INFO - [2024-10-31T06:27:58.843+0000] {dag.py:4180} INFO - Setting next_dagrun for example_sla_dag to 2024-10-31 06:24:00+00:00, run_after=2024-10-31 06:26:00+00:00
[2024-10-31T06:27:58.857+0000] {processor.py:208} INFO - Processing /home/airflow/.local/lib/python3.12/site-packages/airflow/example_dags/example_sla_dag.py took 0.066 seconds
[2024-10-31T06:28:28.926+0000] {processor.py:186} INFO - Started process (PID=876) to work on /home/airflow/.local/lib/python3.12/site-packages/airflow/example_dags/example_sla_dag.py
[2024-10-31T06:28:28.927+0000] {processor.py:914} INFO - Processing file /home/airflow/.local/lib/python3.12/site-packages/airflow/example_dags/example_sla_dag.py for tasks to queue
[2024-10-31T06:28:28.929+0000] {logging_mixin.py:190} INFO - [2024-10-31T06:28:28.929+0000] {dagbag.py:588} INFO - Filling up the DagBag from /home/airflow/.local/lib/python3.12/site-packages/airflow/example_dags/example_sla_dag.py
[2024-10-31T06:28:28.937+0000] {processor.py:925} INFO - DAG(s) 'example_sla_dag' retrieved from /home/airflow/.local/lib/python3.12/site-packages/airflow/example_dags/example_sla_dag.py
[2024-10-31T06:28:28.954+0000] {logging_mixin.py:190} INFO - [2024-10-31T06:28:28.954+0000] {dag.py:3239} INFO - Sync 1 DAGs
[2024-10-31T06:28:28.973+0000] {logging_mixin.py:190} INFO - [2024-10-31T06:28:28.973+0000] {dag.py:4180} INFO - Setting next_dagrun for example_sla_dag to 2024-10-31 06:26:00+00:00, run_after=2024-10-31 06:28:00+00:00
[2024-10-31T06:28:28.988+0000] {processor.py:208} INFO - Processing /home/airflow/.local/lib/python3.12/site-packages/airflow/example_dags/example_sla_dag.py took 0.067 seconds
