[2024-10-31T06:21:48.406+0000] {processor.py:186} INFO - Started process (PID=52) to work on /home/airflow/.local/lib/python3.12/site-packages/airflow/example_dags/example_xcomargs.py
[2024-10-31T06:21:48.407+0000] {processor.py:914} INFO - Processing file /home/airflow/.local/lib/python3.12/site-packages/airflow/example_dags/example_xcomargs.py for tasks to queue
[2024-10-31T06:21:48.413+0000] {logging_mixin.py:190} INFO - [2024-10-31T06:21:48.412+0000] {dagbag.py:588} INFO - Filling up the DagBag from /home/airflow/.local/lib/python3.12/site-packages/airflow/example_dags/example_xcomargs.py
[2024-10-31T06:21:48.433+0000] {processor.py:925} INFO - DAG(s) 'example_xcom_args', 'example_xcom_args_with_operators' retrieved from /home/airflow/.local/lib/python3.12/site-packages/airflow/example_dags/example_xcomargs.py
[2024-10-31T06:21:48.810+0000] {logging_mixin.py:190} INFO - [2024-10-31T06:21:48.809+0000] {override.py:1900} INFO - Created Permission View: can delete on DAG:example_xcom_args
[2024-10-31T06:21:48.821+0000] {logging_mixin.py:190} INFO - [2024-10-31T06:21:48.821+0000] {override.py:1900} INFO - Created Permission View: can read on DAG:example_xcom_args
[2024-10-31T06:21:48.829+0000] {logging_mixin.py:190} INFO - [2024-10-31T06:21:48.829+0000] {override.py:1900} INFO - Created Permission View: can edit on DAG:example_xcom_args
[2024-10-31T06:21:48.838+0000] {logging_mixin.py:190} INFO - [2024-10-31T06:21:48.838+0000] {override.py:1900} INFO - Created Permission View: can delete on DAG Run:example_xcom_args
[2024-10-31T06:21:48.845+0000] {logging_mixin.py:190} INFO - [2024-10-31T06:21:48.845+0000] {override.py:1900} INFO - Created Permission View: can create on DAG Run:example_xcom_args
[2024-10-31T06:21:48.851+0000] {logging_mixin.py:190} INFO - [2024-10-31T06:21:48.851+0000] {override.py:1900} INFO - Created Permission View: can read on DAG Run:example_xcom_args
[2024-10-31T06:21:48.857+0000] {logging_mixin.py:190} INFO - [2024-10-31T06:21:48.857+0000] {override.py:1900} INFO - Created Permission View: menu access on DAG Run:example_xcom_args
[2024-10-31T06:21:48.871+0000] {logging_mixin.py:190} INFO - [2024-10-31T06:21:48.871+0000] {override.py:1900} INFO - Created Permission View: can delete on DAG:example_xcom_args_with_operators
[2024-10-31T06:21:48.877+0000] {logging_mixin.py:190} INFO - [2024-10-31T06:21:48.877+0000] {override.py:1900} INFO - Created Permission View: can read on DAG:example_xcom_args_with_operators
[2024-10-31T06:21:48.883+0000] {logging_mixin.py:190} INFO - [2024-10-31T06:21:48.883+0000] {override.py:1900} INFO - Created Permission View: can edit on DAG:example_xcom_args_with_operators
[2024-10-31T06:21:48.892+0000] {logging_mixin.py:190} INFO - [2024-10-31T06:21:48.891+0000] {override.py:1900} INFO - Created Permission View: can delete on DAG Run:example_xcom_args_with_operators
[2024-10-31T06:21:48.899+0000] {logging_mixin.py:190} INFO - [2024-10-31T06:21:48.899+0000] {override.py:1900} INFO - Created Permission View: can create on DAG Run:example_xcom_args_with_operators
[2024-10-31T06:21:48.905+0000] {logging_mixin.py:190} INFO - [2024-10-31T06:21:48.905+0000] {override.py:1900} INFO - Created Permission View: can read on DAG Run:example_xcom_args_with_operators
[2024-10-31T06:21:48.911+0000] {logging_mixin.py:190} INFO - [2024-10-31T06:21:48.911+0000] {override.py:1900} INFO - Created Permission View: menu access on DAG Run:example_xcom_args_with_operators
[2024-10-31T06:21:48.911+0000] {logging_mixin.py:190} INFO - [2024-10-31T06:21:48.911+0000] {dag.py:3239} INFO - Sync 2 DAGs
[2024-10-31T06:21:48.925+0000] {logging_mixin.py:190} INFO - [2024-10-31T06:21:48.925+0000] {dag.py:3262} INFO - Creating ORM DAG for example_xcom_args_with_operators
[2024-10-31T06:21:48.925+0000] {logging_mixin.py:190} INFO - [2024-10-31T06:21:48.925+0000] {dag.py:3262} INFO - Creating ORM DAG for example_xcom_args
[2024-10-31T06:21:48.926+0000] {logging_mixin.py:190} INFO - [2024-10-31T06:21:48.926+0000] {dag.py:4180} INFO - Setting next_dagrun for example_xcom_args to None, run_after=None
[2024-10-31T06:21:48.926+0000] {logging_mixin.py:190} INFO - [2024-10-31T06:21:48.926+0000] {dag.py:4180} INFO - Setting next_dagrun for example_xcom_args_with_operators to None, run_after=None
[2024-10-31T06:21:48.942+0000] {processor.py:208} INFO - Processing /home/airflow/.local/lib/python3.12/site-packages/airflow/example_dags/example_xcomargs.py took 0.544 seconds
[2024-10-31T06:22:19.066+0000] {processor.py:186} INFO - Started process (PID=113) to work on /home/airflow/.local/lib/python3.12/site-packages/airflow/example_dags/example_xcomargs.py
[2024-10-31T06:22:19.066+0000] {processor.py:914} INFO - Processing file /home/airflow/.local/lib/python3.12/site-packages/airflow/example_dags/example_xcomargs.py for tasks to queue
[2024-10-31T06:22:19.068+0000] {logging_mixin.py:190} INFO - [2024-10-31T06:22:19.068+0000] {dagbag.py:588} INFO - Filling up the DagBag from /home/airflow/.local/lib/python3.12/site-packages/airflow/example_dags/example_xcomargs.py
[2024-10-31T06:22:19.076+0000] {processor.py:925} INFO - DAG(s) 'example_xcom_args_with_operators', 'example_xcom_args' retrieved from /home/airflow/.local/lib/python3.12/site-packages/airflow/example_dags/example_xcomargs.py
[2024-10-31T06:22:19.096+0000] {logging_mixin.py:190} INFO - [2024-10-31T06:22:19.096+0000] {dag.py:3239} INFO - Sync 2 DAGs
[2024-10-31T06:22:19.108+0000] {logging_mixin.py:190} INFO - [2024-10-31T06:22:19.108+0000] {dag.py:4180} INFO - Setting next_dagrun for example_xcom_args to None, run_after=None
[2024-10-31T06:22:19.111+0000] {logging_mixin.py:190} INFO - [2024-10-31T06:22:19.111+0000] {dag.py:4180} INFO - Setting next_dagrun for example_xcom_args_with_operators to None, run_after=None
[2024-10-31T06:22:19.126+0000] {processor.py:208} INFO - Processing /home/airflow/.local/lib/python3.12/site-packages/airflow/example_dags/example_xcomargs.py took 0.064 seconds
[2024-10-31T06:22:49.660+0000] {processor.py:186} INFO - Started process (PID=175) to work on /home/airflow/.local/lib/python3.12/site-packages/airflow/example_dags/example_xcomargs.py
[2024-10-31T06:22:49.661+0000] {processor.py:914} INFO - Processing file /home/airflow/.local/lib/python3.12/site-packages/airflow/example_dags/example_xcomargs.py for tasks to queue
[2024-10-31T06:22:49.663+0000] {logging_mixin.py:190} INFO - [2024-10-31T06:22:49.662+0000] {dagbag.py:588} INFO - Filling up the DagBag from /home/airflow/.local/lib/python3.12/site-packages/airflow/example_dags/example_xcomargs.py
[2024-10-31T06:22:49.671+0000] {processor.py:925} INFO - DAG(s) 'example_xcom_args', 'example_xcom_args_with_operators' retrieved from /home/airflow/.local/lib/python3.12/site-packages/airflow/example_dags/example_xcomargs.py
[2024-10-31T06:22:49.693+0000] {logging_mixin.py:190} INFO - [2024-10-31T06:22:49.692+0000] {dag.py:3239} INFO - Sync 2 DAGs
[2024-10-31T06:22:49.705+0000] {logging_mixin.py:190} INFO - [2024-10-31T06:22:49.705+0000] {dag.py:4180} INFO - Setting next_dagrun for example_xcom_args to None, run_after=None
[2024-10-31T06:22:49.709+0000] {logging_mixin.py:190} INFO - [2024-10-31T06:22:49.709+0000] {dag.py:4180} INFO - Setting next_dagrun for example_xcom_args_with_operators to None, run_after=None
[2024-10-31T06:22:49.724+0000] {processor.py:208} INFO - Processing /home/airflow/.local/lib/python3.12/site-packages/airflow/example_dags/example_xcomargs.py took 0.069 seconds
[2024-10-31T06:23:20.458+0000] {processor.py:186} INFO - Started process (PID=237) to work on /home/airflow/.local/lib/python3.12/site-packages/airflow/example_dags/example_xcomargs.py
[2024-10-31T06:23:20.459+0000] {processor.py:914} INFO - Processing file /home/airflow/.local/lib/python3.12/site-packages/airflow/example_dags/example_xcomargs.py for tasks to queue
[2024-10-31T06:23:20.461+0000] {logging_mixin.py:190} INFO - [2024-10-31T06:23:20.461+0000] {dagbag.py:588} INFO - Filling up the DagBag from /home/airflow/.local/lib/python3.12/site-packages/airflow/example_dags/example_xcomargs.py
[2024-10-31T06:23:20.470+0000] {processor.py:925} INFO - DAG(s) 'example_xcom_args', 'example_xcom_args_with_operators' retrieved from /home/airflow/.local/lib/python3.12/site-packages/airflow/example_dags/example_xcomargs.py
[2024-10-31T06:23:20.494+0000] {logging_mixin.py:190} INFO - [2024-10-31T06:23:20.493+0000] {dag.py:3239} INFO - Sync 2 DAGs
[2024-10-31T06:23:20.508+0000] {logging_mixin.py:190} INFO - [2024-10-31T06:23:20.508+0000] {dag.py:4180} INFO - Setting next_dagrun for example_xcom_args to None, run_after=None
[2024-10-31T06:23:20.511+0000] {logging_mixin.py:190} INFO - [2024-10-31T06:23:20.511+0000] {dag.py:4180} INFO - Setting next_dagrun for example_xcom_args_with_operators to None, run_after=None
[2024-10-31T06:23:20.525+0000] {processor.py:208} INFO - Processing /home/airflow/.local/lib/python3.12/site-packages/airflow/example_dags/example_xcomargs.py took 0.072 seconds
[2024-10-31T06:23:51.168+0000] {processor.py:186} INFO - Started process (PID=299) to work on /home/airflow/.local/lib/python3.12/site-packages/airflow/example_dags/example_xcomargs.py
[2024-10-31T06:23:51.169+0000] {processor.py:914} INFO - Processing file /home/airflow/.local/lib/python3.12/site-packages/airflow/example_dags/example_xcomargs.py for tasks to queue
[2024-10-31T06:23:51.171+0000] {logging_mixin.py:190} INFO - [2024-10-31T06:23:51.171+0000] {dagbag.py:588} INFO - Filling up the DagBag from /home/airflow/.local/lib/python3.12/site-packages/airflow/example_dags/example_xcomargs.py
[2024-10-31T06:23:51.179+0000] {processor.py:925} INFO - DAG(s) 'example_xcom_args', 'example_xcom_args_with_operators' retrieved from /home/airflow/.local/lib/python3.12/site-packages/airflow/example_dags/example_xcomargs.py
[2024-10-31T06:23:51.198+0000] {logging_mixin.py:190} INFO - [2024-10-31T06:23:51.198+0000] {dag.py:3239} INFO - Sync 2 DAGs
[2024-10-31T06:23:51.213+0000] {logging_mixin.py:190} INFO - [2024-10-31T06:23:51.212+0000] {dag.py:4180} INFO - Setting next_dagrun for example_xcom_args to None, run_after=None
[2024-10-31T06:23:51.216+0000] {logging_mixin.py:190} INFO - [2024-10-31T06:23:51.216+0000] {dag.py:4180} INFO - Setting next_dagrun for example_xcom_args_with_operators to None, run_after=None
[2024-10-31T06:23:51.241+0000] {processor.py:208} INFO - Processing /home/airflow/.local/lib/python3.12/site-packages/airflow/example_dags/example_xcomargs.py took 0.077 seconds
[2024-10-31T06:24:22.198+0000] {processor.py:186} INFO - Started process (PID=361) to work on /home/airflow/.local/lib/python3.12/site-packages/airflow/example_dags/example_xcomargs.py
[2024-10-31T06:24:22.199+0000] {processor.py:914} INFO - Processing file /home/airflow/.local/lib/python3.12/site-packages/airflow/example_dags/example_xcomargs.py for tasks to queue
[2024-10-31T06:24:22.201+0000] {logging_mixin.py:190} INFO - [2024-10-31T06:24:22.200+0000] {dagbag.py:588} INFO - Filling up the DagBag from /home/airflow/.local/lib/python3.12/site-packages/airflow/example_dags/example_xcomargs.py
[2024-10-31T06:24:22.209+0000] {processor.py:925} INFO - DAG(s) 'example_xcom_args', 'example_xcom_args_with_operators' retrieved from /home/airflow/.local/lib/python3.12/site-packages/airflow/example_dags/example_xcomargs.py
[2024-10-31T06:24:22.229+0000] {logging_mixin.py:190} INFO - [2024-10-31T06:24:22.229+0000] {dag.py:3239} INFO - Sync 2 DAGs
[2024-10-31T06:24:22.242+0000] {logging_mixin.py:190} INFO - [2024-10-31T06:24:22.241+0000] {dag.py:4180} INFO - Setting next_dagrun for example_xcom_args to None, run_after=None
[2024-10-31T06:24:22.245+0000] {logging_mixin.py:190} INFO - [2024-10-31T06:24:22.245+0000] {dag.py:4180} INFO - Setting next_dagrun for example_xcom_args_with_operators to None, run_after=None
[2024-10-31T06:24:22.261+0000] {processor.py:208} INFO - Processing /home/airflow/.local/lib/python3.12/site-packages/airflow/example_dags/example_xcomargs.py took 0.068 seconds
[2024-10-31T06:24:52.486+0000] {processor.py:186} INFO - Started process (PID=427) to work on /home/airflow/.local/lib/python3.12/site-packages/airflow/example_dags/example_xcomargs.py
[2024-10-31T06:24:52.487+0000] {processor.py:914} INFO - Processing file /home/airflow/.local/lib/python3.12/site-packages/airflow/example_dags/example_xcomargs.py for tasks to queue
[2024-10-31T06:24:52.489+0000] {logging_mixin.py:190} INFO - [2024-10-31T06:24:52.489+0000] {dagbag.py:588} INFO - Filling up the DagBag from /home/airflow/.local/lib/python3.12/site-packages/airflow/example_dags/example_xcomargs.py
[2024-10-31T06:24:52.506+0000] {processor.py:925} INFO - DAG(s) 'example_xcom_args', 'example_xcom_args_with_operators' retrieved from /home/airflow/.local/lib/python3.12/site-packages/airflow/example_dags/example_xcomargs.py
[2024-10-31T06:24:52.530+0000] {logging_mixin.py:190} INFO - [2024-10-31T06:24:52.530+0000] {dag.py:3239} INFO - Sync 2 DAGs
[2024-10-31T06:24:52.546+0000] {logging_mixin.py:190} INFO - [2024-10-31T06:24:52.545+0000] {dag.py:4180} INFO - Setting next_dagrun for example_xcom_args to None, run_after=None
[2024-10-31T06:24:52.549+0000] {logging_mixin.py:190} INFO - [2024-10-31T06:24:52.549+0000] {dag.py:4180} INFO - Setting next_dagrun for example_xcom_args_with_operators to None, run_after=None
[2024-10-31T06:24:52.578+0000] {processor.py:208} INFO - Processing /home/airflow/.local/lib/python3.12/site-packages/airflow/example_dags/example_xcomargs.py took 0.099 seconds
[2024-10-31T06:25:23.323+0000] {processor.py:186} INFO - Started process (PID=489) to work on /home/airflow/.local/lib/python3.12/site-packages/airflow/example_dags/example_xcomargs.py
[2024-10-31T06:25:23.325+0000] {processor.py:914} INFO - Processing file /home/airflow/.local/lib/python3.12/site-packages/airflow/example_dags/example_xcomargs.py for tasks to queue
[2024-10-31T06:25:23.328+0000] {logging_mixin.py:190} INFO - [2024-10-31T06:25:23.327+0000] {dagbag.py:588} INFO - Filling up the DagBag from /home/airflow/.local/lib/python3.12/site-packages/airflow/example_dags/example_xcomargs.py
[2024-10-31T06:25:23.340+0000] {processor.py:925} INFO - DAG(s) 'example_xcom_args', 'example_xcom_args_with_operators' retrieved from /home/airflow/.local/lib/python3.12/site-packages/airflow/example_dags/example_xcomargs.py
[2024-10-31T06:25:23.369+0000] {logging_mixin.py:190} INFO - [2024-10-31T06:25:23.369+0000] {dag.py:3239} INFO - Sync 2 DAGs
[2024-10-31T06:25:23.389+0000] {logging_mixin.py:190} INFO - [2024-10-31T06:25:23.388+0000] {dag.py:4180} INFO - Setting next_dagrun for example_xcom_args to None, run_after=None
[2024-10-31T06:25:23.392+0000] {logging_mixin.py:190} INFO - [2024-10-31T06:25:23.392+0000] {dag.py:4180} INFO - Setting next_dagrun for example_xcom_args_with_operators to None, run_after=None
[2024-10-31T06:25:23.415+0000] {processor.py:208} INFO - Processing /home/airflow/.local/lib/python3.12/site-packages/airflow/example_dags/example_xcomargs.py took 0.100 seconds
[2024-10-31T06:25:54.217+0000] {processor.py:186} INFO - Started process (PID=551) to work on /home/airflow/.local/lib/python3.12/site-packages/airflow/example_dags/example_xcomargs.py
[2024-10-31T06:25:54.218+0000] {processor.py:914} INFO - Processing file /home/airflow/.local/lib/python3.12/site-packages/airflow/example_dags/example_xcomargs.py for tasks to queue
[2024-10-31T06:25:54.219+0000] {logging_mixin.py:190} INFO - [2024-10-31T06:25:54.219+0000] {dagbag.py:588} INFO - Filling up the DagBag from /home/airflow/.local/lib/python3.12/site-packages/airflow/example_dags/example_xcomargs.py
[2024-10-31T06:25:54.228+0000] {processor.py:925} INFO - DAG(s) 'example_xcom_args', 'example_xcom_args_with_operators' retrieved from /home/airflow/.local/lib/python3.12/site-packages/airflow/example_dags/example_xcomargs.py
[2024-10-31T06:25:54.245+0000] {logging_mixin.py:190} INFO - [2024-10-31T06:25:54.245+0000] {dag.py:3239} INFO - Sync 2 DAGs
[2024-10-31T06:25:54.257+0000] {logging_mixin.py:190} INFO - [2024-10-31T06:25:54.257+0000] {dag.py:4180} INFO - Setting next_dagrun for example_xcom_args to None, run_after=None
[2024-10-31T06:25:54.261+0000] {logging_mixin.py:190} INFO - [2024-10-31T06:25:54.261+0000] {dag.py:4180} INFO - Setting next_dagrun for example_xcom_args_with_operators to None, run_after=None
[2024-10-31T06:25:54.276+0000] {processor.py:208} INFO - Processing /home/airflow/.local/lib/python3.12/site-packages/airflow/example_dags/example_xcomargs.py took 0.063 seconds
[2024-10-31T06:26:24.621+0000] {processor.py:186} INFO - Started process (PID=613) to work on /home/airflow/.local/lib/python3.12/site-packages/airflow/example_dags/example_xcomargs.py
[2024-10-31T06:26:24.623+0000] {processor.py:914} INFO - Processing file /home/airflow/.local/lib/python3.12/site-packages/airflow/example_dags/example_xcomargs.py for tasks to queue
[2024-10-31T06:26:24.630+0000] {logging_mixin.py:190} INFO - [2024-10-31T06:26:24.630+0000] {dagbag.py:588} INFO - Filling up the DagBag from /home/airflow/.local/lib/python3.12/site-packages/airflow/example_dags/example_xcomargs.py
[2024-10-31T06:26:24.651+0000] {processor.py:925} INFO - DAG(s) 'example_xcom_args', 'example_xcom_args_with_operators' retrieved from /home/airflow/.local/lib/python3.12/site-packages/airflow/example_dags/example_xcomargs.py
[2024-10-31T06:26:24.690+0000] {logging_mixin.py:190} INFO - [2024-10-31T06:26:24.690+0000] {dag.py:3239} INFO - Sync 2 DAGs
[2024-10-31T06:26:24.709+0000] {logging_mixin.py:190} INFO - [2024-10-31T06:26:24.709+0000] {dag.py:4180} INFO - Setting next_dagrun for example_xcom_args to None, run_after=None
[2024-10-31T06:26:24.714+0000] {logging_mixin.py:190} INFO - [2024-10-31T06:26:24.714+0000] {dag.py:4180} INFO - Setting next_dagrun for example_xcom_args_with_operators to None, run_after=None
[2024-10-31T06:26:24.745+0000] {processor.py:208} INFO - Processing /home/airflow/.local/lib/python3.12/site-packages/airflow/example_dags/example_xcomargs.py took 0.139 seconds
[2024-10-31T06:26:55.323+0000] {processor.py:186} INFO - Started process (PID=675) to work on /home/airflow/.local/lib/python3.12/site-packages/airflow/example_dags/example_xcomargs.py
[2024-10-31T06:26:55.324+0000] {processor.py:914} INFO - Processing file /home/airflow/.local/lib/python3.12/site-packages/airflow/example_dags/example_xcomargs.py for tasks to queue
[2024-10-31T06:26:55.326+0000] {logging_mixin.py:190} INFO - [2024-10-31T06:26:55.326+0000] {dagbag.py:588} INFO - Filling up the DagBag from /home/airflow/.local/lib/python3.12/site-packages/airflow/example_dags/example_xcomargs.py
[2024-10-31T06:26:55.334+0000] {processor.py:925} INFO - DAG(s) 'example_xcom_args_with_operators', 'example_xcom_args' retrieved from /home/airflow/.local/lib/python3.12/site-packages/airflow/example_dags/example_xcomargs.py
[2024-10-31T06:26:55.353+0000] {logging_mixin.py:190} INFO - [2024-10-31T06:26:55.353+0000] {dag.py:3239} INFO - Sync 2 DAGs
[2024-10-31T06:26:55.365+0000] {logging_mixin.py:190} INFO - [2024-10-31T06:26:55.365+0000] {dag.py:4180} INFO - Setting next_dagrun for example_xcom_args to None, run_after=None
[2024-10-31T06:26:55.368+0000] {logging_mixin.py:190} INFO - [2024-10-31T06:26:55.368+0000] {dag.py:4180} INFO - Setting next_dagrun for example_xcom_args_with_operators to None, run_after=None
[2024-10-31T06:26:55.386+0000] {processor.py:208} INFO - Processing /home/airflow/.local/lib/python3.12/site-packages/airflow/example_dags/example_xcomargs.py took 0.068 seconds
[2024-10-31T06:27:25.652+0000] {processor.py:186} INFO - Started process (PID=737) to work on /home/airflow/.local/lib/python3.12/site-packages/airflow/example_dags/example_xcomargs.py
[2024-10-31T06:27:25.653+0000] {processor.py:914} INFO - Processing file /home/airflow/.local/lib/python3.12/site-packages/airflow/example_dags/example_xcomargs.py for tasks to queue
[2024-10-31T06:27:25.655+0000] {logging_mixin.py:190} INFO - [2024-10-31T06:27:25.655+0000] {dagbag.py:588} INFO - Filling up the DagBag from /home/airflow/.local/lib/python3.12/site-packages/airflow/example_dags/example_xcomargs.py
[2024-10-31T06:27:25.663+0000] {processor.py:925} INFO - DAG(s) 'example_xcom_args_with_operators', 'example_xcom_args' retrieved from /home/airflow/.local/lib/python3.12/site-packages/airflow/example_dags/example_xcomargs.py
[2024-10-31T06:27:25.682+0000] {logging_mixin.py:190} INFO - [2024-10-31T06:27:25.681+0000] {dag.py:3239} INFO - Sync 2 DAGs
[2024-10-31T06:27:25.693+0000] {logging_mixin.py:190} INFO - [2024-10-31T06:27:25.693+0000] {dag.py:4180} INFO - Setting next_dagrun for example_xcom_args to None, run_after=None
[2024-10-31T06:27:25.695+0000] {logging_mixin.py:190} INFO - [2024-10-31T06:27:25.695+0000] {dag.py:4180} INFO - Setting next_dagrun for example_xcom_args_with_operators to None, run_after=None
[2024-10-31T06:27:25.708+0000] {processor.py:208} INFO - Processing /home/airflow/.local/lib/python3.12/site-packages/airflow/example_dags/example_xcomargs.py took 0.060 seconds
[2024-10-31T06:27:55.808+0000] {processor.py:186} INFO - Started process (PID=799) to work on /home/airflow/.local/lib/python3.12/site-packages/airflow/example_dags/example_xcomargs.py
[2024-10-31T06:27:55.809+0000] {processor.py:914} INFO - Processing file /home/airflow/.local/lib/python3.12/site-packages/airflow/example_dags/example_xcomargs.py for tasks to queue
[2024-10-31T06:27:55.811+0000] {logging_mixin.py:190} INFO - [2024-10-31T06:27:55.811+0000] {dagbag.py:588} INFO - Filling up the DagBag from /home/airflow/.local/lib/python3.12/site-packages/airflow/example_dags/example_xcomargs.py
[2024-10-31T06:27:55.819+0000] {processor.py:925} INFO - DAG(s) 'example_xcom_args', 'example_xcom_args_with_operators' retrieved from /home/airflow/.local/lib/python3.12/site-packages/airflow/example_dags/example_xcomargs.py
[2024-10-31T06:27:55.835+0000] {logging_mixin.py:190} INFO - [2024-10-31T06:27:55.835+0000] {dag.py:3239} INFO - Sync 2 DAGs
[2024-10-31T06:27:55.846+0000] {logging_mixin.py:190} INFO - [2024-10-31T06:27:55.846+0000] {dag.py:4180} INFO - Setting next_dagrun for example_xcom_args to None, run_after=None
[2024-10-31T06:27:55.850+0000] {logging_mixin.py:190} INFO - [2024-10-31T06:27:55.849+0000] {dag.py:4180} INFO - Setting next_dagrun for example_xcom_args_with_operators to None, run_after=None
[2024-10-31T06:27:55.863+0000] {processor.py:208} INFO - Processing /home/airflow/.local/lib/python3.12/site-packages/airflow/example_dags/example_xcomargs.py took 0.059 seconds
[2024-10-31T06:28:26.098+0000] {processor.py:186} INFO - Started process (PID=862) to work on /home/airflow/.local/lib/python3.12/site-packages/airflow/example_dags/example_xcomargs.py
[2024-10-31T06:28:26.099+0000] {processor.py:914} INFO - Processing file /home/airflow/.local/lib/python3.12/site-packages/airflow/example_dags/example_xcomargs.py for tasks to queue
[2024-10-31T06:28:26.101+0000] {logging_mixin.py:190} INFO - [2024-10-31T06:28:26.101+0000] {dagbag.py:588} INFO - Filling up the DagBag from /home/airflow/.local/lib/python3.12/site-packages/airflow/example_dags/example_xcomargs.py
[2024-10-31T06:28:26.109+0000] {processor.py:925} INFO - DAG(s) 'example_xcom_args_with_operators', 'example_xcom_args' retrieved from /home/airflow/.local/lib/python3.12/site-packages/airflow/example_dags/example_xcomargs.py
[2024-10-31T06:28:26.127+0000] {logging_mixin.py:190} INFO - [2024-10-31T06:28:26.127+0000] {dag.py:3239} INFO - Sync 2 DAGs
[2024-10-31T06:28:26.139+0000] {logging_mixin.py:190} INFO - [2024-10-31T06:28:26.139+0000] {dag.py:4180} INFO - Setting next_dagrun for example_xcom_args to None, run_after=None
[2024-10-31T06:28:26.142+0000] {logging_mixin.py:190} INFO - [2024-10-31T06:28:26.142+0000] {dag.py:4180} INFO - Setting next_dagrun for example_xcom_args_with_operators to None, run_after=None
[2024-10-31T06:28:26.156+0000] {processor.py:208} INFO - Processing /home/airflow/.local/lib/python3.12/site-packages/airflow/example_dags/example_xcomargs.py took 0.062 seconds
