[2024-10-31T06:21:49.805+0000] {processor.py:186} INFO - Started process (PID=60) to work on /home/airflow/.local/lib/python3.12/site-packages/airflow/example_dags/example_nested_branch_dag.py
[2024-10-31T06:21:49.805+0000] {processor.py:914} INFO - Processing file /home/airflow/.local/lib/python3.12/site-packages/airflow/example_dags/example_nested_branch_dag.py for tasks to queue
[2024-10-31T06:21:49.807+0000] {logging_mixin.py:190} INFO - [2024-10-31T06:21:49.807+0000] {dagbag.py:588} INFO - Filling up the DagBag from /home/airflow/.local/lib/python3.12/site-packages/airflow/example_dags/example_nested_branch_dag.py
[2024-10-31T06:21:49.816+0000] {processor.py:925} INFO - DAG(s) 'example_nested_branch_dag' retrieved from /home/airflow/.local/lib/python3.12/site-packages/airflow/example_dags/example_nested_branch_dag.py
[2024-10-31T06:21:49.896+0000] {logging_mixin.py:190} INFO - [2024-10-31T06:21:49.895+0000] {override.py:1900} INFO - Created Permission View: can delete on DAG:example_nested_branch_dag
[2024-10-31T06:21:49.903+0000] {logging_mixin.py:190} INFO - [2024-10-31T06:21:49.903+0000] {override.py:1900} INFO - Created Permission View: can read on DAG:example_nested_branch_dag
[2024-10-31T06:21:49.909+0000] {logging_mixin.py:190} INFO - [2024-10-31T06:21:49.909+0000] {override.py:1900} INFO - Created Permission View: can edit on DAG:example_nested_branch_dag
[2024-10-31T06:21:49.917+0000] {logging_mixin.py:190} INFO - [2024-10-31T06:21:49.917+0000] {override.py:1900} INFO - Created Permission View: can delete on DAG Run:example_nested_branch_dag
[2024-10-31T06:21:49.923+0000] {logging_mixin.py:190} INFO - [2024-10-31T06:21:49.923+0000] {override.py:1900} INFO - Created Permission View: can create on DAG Run:example_nested_branch_dag
[2024-10-31T06:21:49.929+0000] {logging_mixin.py:190} INFO - [2024-10-31T06:21:49.929+0000] {override.py:1900} INFO - Created Permission View: can read on DAG Run:example_nested_branch_dag
[2024-10-31T06:21:49.935+0000] {logging_mixin.py:190} INFO - [2024-10-31T06:21:49.935+0000] {override.py:1900} INFO - Created Permission View: menu access on DAG Run:example_nested_branch_dag
[2024-10-31T06:21:49.935+0000] {logging_mixin.py:190} INFO - [2024-10-31T06:21:49.935+0000] {dag.py:3239} INFO - Sync 1 DAGs
[2024-10-31T06:21:49.944+0000] {logging_mixin.py:190} INFO - [2024-10-31T06:21:49.944+0000] {dag.py:3262} INFO - Creating ORM DAG for example_nested_branch_dag
[2024-10-31T06:21:49.951+0000] {logging_mixin.py:190} INFO - [2024-10-31T06:21:49.951+0000] {dag.py:4180} INFO - Setting next_dagrun for example_nested_branch_dag to 2024-10-30 00:00:00+00:00, run_after=2024-10-31 00:00:00+00:00
[2024-10-31T06:21:49.964+0000] {processor.py:208} INFO - Processing /home/airflow/.local/lib/python3.12/site-packages/airflow/example_dags/example_nested_branch_dag.py took 0.164 seconds
[2024-10-31T06:22:20.460+0000] {processor.py:186} INFO - Started process (PID=122) to work on /home/airflow/.local/lib/python3.12/site-packages/airflow/example_dags/example_nested_branch_dag.py
[2024-10-31T06:22:20.461+0000] {processor.py:914} INFO - Processing file /home/airflow/.local/lib/python3.12/site-packages/airflow/example_dags/example_nested_branch_dag.py for tasks to queue
[2024-10-31T06:22:20.463+0000] {logging_mixin.py:190} INFO - [2024-10-31T06:22:20.462+0000] {dagbag.py:588} INFO - Filling up the DagBag from /home/airflow/.local/lib/python3.12/site-packages/airflow/example_dags/example_nested_branch_dag.py
[2024-10-31T06:22:20.470+0000] {processor.py:925} INFO - DAG(s) 'example_nested_branch_dag' retrieved from /home/airflow/.local/lib/python3.12/site-packages/airflow/example_dags/example_nested_branch_dag.py
[2024-10-31T06:22:20.486+0000] {logging_mixin.py:190} INFO - [2024-10-31T06:22:20.486+0000] {dag.py:3239} INFO - Sync 1 DAGs
[2024-10-31T06:22:20.504+0000] {logging_mixin.py:190} INFO - [2024-10-31T06:22:20.504+0000] {dag.py:4180} INFO - Setting next_dagrun for example_nested_branch_dag to 2024-10-30 00:00:00+00:00, run_after=2024-10-31 00:00:00+00:00
[2024-10-31T06:22:20.520+0000] {processor.py:208} INFO - Processing /home/airflow/.local/lib/python3.12/site-packages/airflow/example_dags/example_nested_branch_dag.py took 0.064 seconds
[2024-10-31T06:22:51.116+0000] {processor.py:186} INFO - Started process (PID=184) to work on /home/airflow/.local/lib/python3.12/site-packages/airflow/example_dags/example_nested_branch_dag.py
[2024-10-31T06:22:51.117+0000] {processor.py:914} INFO - Processing file /home/airflow/.local/lib/python3.12/site-packages/airflow/example_dags/example_nested_branch_dag.py for tasks to queue
[2024-10-31T06:22:51.118+0000] {logging_mixin.py:190} INFO - [2024-10-31T06:22:51.118+0000] {dagbag.py:588} INFO - Filling up the DagBag from /home/airflow/.local/lib/python3.12/site-packages/airflow/example_dags/example_nested_branch_dag.py
[2024-10-31T06:22:51.127+0000] {processor.py:925} INFO - DAG(s) 'example_nested_branch_dag' retrieved from /home/airflow/.local/lib/python3.12/site-packages/airflow/example_dags/example_nested_branch_dag.py
[2024-10-31T06:22:51.144+0000] {logging_mixin.py:190} INFO - [2024-10-31T06:22:51.144+0000] {dag.py:3239} INFO - Sync 1 DAGs
[2024-10-31T06:22:51.162+0000] {logging_mixin.py:190} INFO - [2024-10-31T06:22:51.162+0000] {dag.py:4180} INFO - Setting next_dagrun for example_nested_branch_dag to 2024-10-30 00:00:00+00:00, run_after=2024-10-31 00:00:00+00:00
[2024-10-31T06:22:51.175+0000] {processor.py:208} INFO - Processing /home/airflow/.local/lib/python3.12/site-packages/airflow/example_dags/example_nested_branch_dag.py took 0.064 seconds
[2024-10-31T06:23:21.885+0000] {processor.py:186} INFO - Started process (PID=246) to work on /home/airflow/.local/lib/python3.12/site-packages/airflow/example_dags/example_nested_branch_dag.py
[2024-10-31T06:23:21.886+0000] {processor.py:914} INFO - Processing file /home/airflow/.local/lib/python3.12/site-packages/airflow/example_dags/example_nested_branch_dag.py for tasks to queue
[2024-10-31T06:23:21.887+0000] {logging_mixin.py:190} INFO - [2024-10-31T06:23:21.887+0000] {dagbag.py:588} INFO - Filling up the DagBag from /home/airflow/.local/lib/python3.12/site-packages/airflow/example_dags/example_nested_branch_dag.py
[2024-10-31T06:23:21.896+0000] {processor.py:925} INFO - DAG(s) 'example_nested_branch_dag' retrieved from /home/airflow/.local/lib/python3.12/site-packages/airflow/example_dags/example_nested_branch_dag.py
[2024-10-31T06:23:21.912+0000] {logging_mixin.py:190} INFO - [2024-10-31T06:23:21.912+0000] {dag.py:3239} INFO - Sync 1 DAGs
[2024-10-31T06:23:21.929+0000] {logging_mixin.py:190} INFO - [2024-10-31T06:23:21.929+0000] {dag.py:4180} INFO - Setting next_dagrun for example_nested_branch_dag to 2024-10-30 00:00:00+00:00, run_after=2024-10-31 00:00:00+00:00
[2024-10-31T06:23:21.944+0000] {processor.py:208} INFO - Processing /home/airflow/.local/lib/python3.12/site-packages/airflow/example_dags/example_nested_branch_dag.py took 0.064 seconds
[2024-10-31T06:23:52.600+0000] {processor.py:186} INFO - Started process (PID=308) to work on /home/airflow/.local/lib/python3.12/site-packages/airflow/example_dags/example_nested_branch_dag.py
[2024-10-31T06:23:52.601+0000] {processor.py:914} INFO - Processing file /home/airflow/.local/lib/python3.12/site-packages/airflow/example_dags/example_nested_branch_dag.py for tasks to queue
[2024-10-31T06:23:52.602+0000] {logging_mixin.py:190} INFO - [2024-10-31T06:23:52.602+0000] {dagbag.py:588} INFO - Filling up the DagBag from /home/airflow/.local/lib/python3.12/site-packages/airflow/example_dags/example_nested_branch_dag.py
[2024-10-31T06:23:52.611+0000] {processor.py:925} INFO - DAG(s) 'example_nested_branch_dag' retrieved from /home/airflow/.local/lib/python3.12/site-packages/airflow/example_dags/example_nested_branch_dag.py
[2024-10-31T06:23:52.629+0000] {logging_mixin.py:190} INFO - [2024-10-31T06:23:52.628+0000] {dag.py:3239} INFO - Sync 1 DAGs
[2024-10-31T06:23:52.646+0000] {logging_mixin.py:190} INFO - [2024-10-31T06:23:52.646+0000] {dag.py:4180} INFO - Setting next_dagrun for example_nested_branch_dag to 2024-10-30 00:00:00+00:00, run_after=2024-10-31 00:00:00+00:00
[2024-10-31T06:23:52.661+0000] {processor.py:208} INFO - Processing /home/airflow/.local/lib/python3.12/site-packages/airflow/example_dags/example_nested_branch_dag.py took 0.065 seconds
[2024-10-31T06:24:23.712+0000] {processor.py:186} INFO - Started process (PID=370) to work on /home/airflow/.local/lib/python3.12/site-packages/airflow/example_dags/example_nested_branch_dag.py
[2024-10-31T06:24:23.713+0000] {processor.py:914} INFO - Processing file /home/airflow/.local/lib/python3.12/site-packages/airflow/example_dags/example_nested_branch_dag.py for tasks to queue
[2024-10-31T06:24:23.715+0000] {logging_mixin.py:190} INFO - [2024-10-31T06:24:23.715+0000] {dagbag.py:588} INFO - Filling up the DagBag from /home/airflow/.local/lib/python3.12/site-packages/airflow/example_dags/example_nested_branch_dag.py
[2024-10-31T06:24:23.724+0000] {processor.py:925} INFO - DAG(s) 'example_nested_branch_dag' retrieved from /home/airflow/.local/lib/python3.12/site-packages/airflow/example_dags/example_nested_branch_dag.py
[2024-10-31T06:24:23.742+0000] {logging_mixin.py:190} INFO - [2024-10-31T06:24:23.742+0000] {dag.py:3239} INFO - Sync 1 DAGs
[2024-10-31T06:24:23.760+0000] {logging_mixin.py:190} INFO - [2024-10-31T06:24:23.760+0000] {dag.py:4180} INFO - Setting next_dagrun for example_nested_branch_dag to 2024-10-30 00:00:00+00:00, run_after=2024-10-31 00:00:00+00:00
[2024-10-31T06:24:23.776+0000] {processor.py:208} INFO - Processing /home/airflow/.local/lib/python3.12/site-packages/airflow/example_dags/example_nested_branch_dag.py took 0.069 seconds
[2024-10-31T06:24:54.403+0000] {processor.py:186} INFO - Started process (PID=436) to work on /home/airflow/.local/lib/python3.12/site-packages/airflow/example_dags/example_nested_branch_dag.py
[2024-10-31T06:24:54.406+0000] {processor.py:914} INFO - Processing file /home/airflow/.local/lib/python3.12/site-packages/airflow/example_dags/example_nested_branch_dag.py for tasks to queue
[2024-10-31T06:24:54.409+0000] {logging_mixin.py:190} INFO - [2024-10-31T06:24:54.408+0000] {dagbag.py:588} INFO - Filling up the DagBag from /home/airflow/.local/lib/python3.12/site-packages/airflow/example_dags/example_nested_branch_dag.py
[2024-10-31T06:24:54.427+0000] {processor.py:925} INFO - DAG(s) 'example_nested_branch_dag' retrieved from /home/airflow/.local/lib/python3.12/site-packages/airflow/example_dags/example_nested_branch_dag.py
[2024-10-31T06:24:54.458+0000] {logging_mixin.py:190} INFO - [2024-10-31T06:24:54.457+0000] {dag.py:3239} INFO - Sync 1 DAGs
[2024-10-31T06:24:54.494+0000] {logging_mixin.py:190} INFO - [2024-10-31T06:24:54.494+0000] {dag.py:4180} INFO - Setting next_dagrun for example_nested_branch_dag to 2024-10-30 00:00:00+00:00, run_after=2024-10-31 00:00:00+00:00
[2024-10-31T06:24:54.525+0000] {processor.py:208} INFO - Processing /home/airflow/.local/lib/python3.12/site-packages/airflow/example_dags/example_nested_branch_dag.py took 0.131 seconds
[2024-10-31T06:25:24.986+0000] {processor.py:186} INFO - Started process (PID=498) to work on /home/airflow/.local/lib/python3.12/site-packages/airflow/example_dags/example_nested_branch_dag.py
[2024-10-31T06:25:24.987+0000] {processor.py:914} INFO - Processing file /home/airflow/.local/lib/python3.12/site-packages/airflow/example_dags/example_nested_branch_dag.py for tasks to queue
[2024-10-31T06:25:24.989+0000] {logging_mixin.py:190} INFO - [2024-10-31T06:25:24.989+0000] {dagbag.py:588} INFO - Filling up the DagBag from /home/airflow/.local/lib/python3.12/site-packages/airflow/example_dags/example_nested_branch_dag.py
[2024-10-31T06:25:24.997+0000] {processor.py:925} INFO - DAG(s) 'example_nested_branch_dag' retrieved from /home/airflow/.local/lib/python3.12/site-packages/airflow/example_dags/example_nested_branch_dag.py
[2024-10-31T06:25:25.014+0000] {logging_mixin.py:190} INFO - [2024-10-31T06:25:25.013+0000] {dag.py:3239} INFO - Sync 1 DAGs
[2024-10-31T06:25:25.031+0000] {logging_mixin.py:190} INFO - [2024-10-31T06:25:25.031+0000] {dag.py:4180} INFO - Setting next_dagrun for example_nested_branch_dag to 2024-10-30 00:00:00+00:00, run_after=2024-10-31 00:00:00+00:00
[2024-10-31T06:25:25.045+0000] {processor.py:208} INFO - Processing /home/airflow/.local/lib/python3.12/site-packages/airflow/example_dags/example_nested_branch_dag.py took 0.064 seconds
[2024-10-31T06:25:55.655+0000] {processor.py:186} INFO - Started process (PID=560) to work on /home/airflow/.local/lib/python3.12/site-packages/airflow/example_dags/example_nested_branch_dag.py
[2024-10-31T06:25:55.655+0000] {processor.py:914} INFO - Processing file /home/airflow/.local/lib/python3.12/site-packages/airflow/example_dags/example_nested_branch_dag.py for tasks to queue
[2024-10-31T06:25:55.657+0000] {logging_mixin.py:190} INFO - [2024-10-31T06:25:55.657+0000] {dagbag.py:588} INFO - Filling up the DagBag from /home/airflow/.local/lib/python3.12/site-packages/airflow/example_dags/example_nested_branch_dag.py
[2024-10-31T06:25:55.666+0000] {processor.py:925} INFO - DAG(s) 'example_nested_branch_dag' retrieved from /home/airflow/.local/lib/python3.12/site-packages/airflow/example_dags/example_nested_branch_dag.py
[2024-10-31T06:25:55.681+0000] {logging_mixin.py:190} INFO - [2024-10-31T06:25:55.681+0000] {dag.py:3239} INFO - Sync 1 DAGs
[2024-10-31T06:25:55.698+0000] {logging_mixin.py:190} INFO - [2024-10-31T06:25:55.698+0000] {dag.py:4180} INFO - Setting next_dagrun for example_nested_branch_dag to 2024-10-30 00:00:00+00:00, run_after=2024-10-31 00:00:00+00:00
[2024-10-31T06:25:55.712+0000] {processor.py:208} INFO - Processing /home/airflow/.local/lib/python3.12/site-packages/airflow/example_dags/example_nested_branch_dag.py took 0.062 seconds
[2024-10-31T06:26:26.294+0000] {processor.py:186} INFO - Started process (PID=622) to work on /home/airflow/.local/lib/python3.12/site-packages/airflow/example_dags/example_nested_branch_dag.py
[2024-10-31T06:26:26.296+0000] {processor.py:914} INFO - Processing file /home/airflow/.local/lib/python3.12/site-packages/airflow/example_dags/example_nested_branch_dag.py for tasks to queue
[2024-10-31T06:26:26.298+0000] {logging_mixin.py:190} INFO - [2024-10-31T06:26:26.297+0000] {dagbag.py:588} INFO - Filling up the DagBag from /home/airflow/.local/lib/python3.12/site-packages/airflow/example_dags/example_nested_branch_dag.py
[2024-10-31T06:26:26.313+0000] {processor.py:925} INFO - DAG(s) 'example_nested_branch_dag' retrieved from /home/airflow/.local/lib/python3.12/site-packages/airflow/example_dags/example_nested_branch_dag.py
[2024-10-31T06:26:26.334+0000] {logging_mixin.py:190} INFO - [2024-10-31T06:26:26.334+0000] {dag.py:3239} INFO - Sync 1 DAGs
[2024-10-31T06:26:26.352+0000] {logging_mixin.py:190} INFO - [2024-10-31T06:26:26.352+0000] {dag.py:4180} INFO - Setting next_dagrun for example_nested_branch_dag to 2024-10-30 00:00:00+00:00, run_after=2024-10-31 00:00:00+00:00
[2024-10-31T06:26:26.366+0000] {processor.py:208} INFO - Processing /home/airflow/.local/lib/python3.12/site-packages/airflow/example_dags/example_nested_branch_dag.py took 0.078 seconds
[2024-10-31T06:26:56.887+0000] {processor.py:186} INFO - Started process (PID=684) to work on /home/airflow/.local/lib/python3.12/site-packages/airflow/example_dags/example_nested_branch_dag.py
[2024-10-31T06:26:56.888+0000] {processor.py:914} INFO - Processing file /home/airflow/.local/lib/python3.12/site-packages/airflow/example_dags/example_nested_branch_dag.py for tasks to queue
[2024-10-31T06:26:56.889+0000] {logging_mixin.py:190} INFO - [2024-10-31T06:26:56.889+0000] {dagbag.py:588} INFO - Filling up the DagBag from /home/airflow/.local/lib/python3.12/site-packages/airflow/example_dags/example_nested_branch_dag.py
[2024-10-31T06:26:56.899+0000] {processor.py:925} INFO - DAG(s) 'example_nested_branch_dag' retrieved from /home/airflow/.local/lib/python3.12/site-packages/airflow/example_dags/example_nested_branch_dag.py
[2024-10-31T06:26:56.919+0000] {logging_mixin.py:190} INFO - [2024-10-31T06:26:56.918+0000] {dag.py:3239} INFO - Sync 1 DAGs
[2024-10-31T06:26:56.936+0000] {logging_mixin.py:190} INFO - [2024-10-31T06:26:56.936+0000] {dag.py:4180} INFO - Setting next_dagrun for example_nested_branch_dag to 2024-10-30 00:00:00+00:00, run_after=2024-10-31 00:00:00+00:00
[2024-10-31T06:26:56.950+0000] {processor.py:208} INFO - Processing /home/airflow/.local/lib/python3.12/site-packages/airflow/example_dags/example_nested_branch_dag.py took 0.067 seconds
[2024-10-31T06:27:27.224+0000] {processor.py:186} INFO - Started process (PID=746) to work on /home/airflow/.local/lib/python3.12/site-packages/airflow/example_dags/example_nested_branch_dag.py
[2024-10-31T06:27:27.225+0000] {processor.py:914} INFO - Processing file /home/airflow/.local/lib/python3.12/site-packages/airflow/example_dags/example_nested_branch_dag.py for tasks to queue
[2024-10-31T06:27:27.227+0000] {logging_mixin.py:190} INFO - [2024-10-31T06:27:27.227+0000] {dagbag.py:588} INFO - Filling up the DagBag from /home/airflow/.local/lib/python3.12/site-packages/airflow/example_dags/example_nested_branch_dag.py
[2024-10-31T06:27:27.237+0000] {processor.py:925} INFO - DAG(s) 'example_nested_branch_dag' retrieved from /home/airflow/.local/lib/python3.12/site-packages/airflow/example_dags/example_nested_branch_dag.py
[2024-10-31T06:27:27.256+0000] {logging_mixin.py:190} INFO - [2024-10-31T06:27:27.255+0000] {dag.py:3239} INFO - Sync 1 DAGs
[2024-10-31T06:27:27.275+0000] {logging_mixin.py:190} INFO - [2024-10-31T06:27:27.275+0000] {dag.py:4180} INFO - Setting next_dagrun for example_nested_branch_dag to 2024-10-30 00:00:00+00:00, run_after=2024-10-31 00:00:00+00:00
[2024-10-31T06:27:27.289+0000] {processor.py:208} INFO - Processing /home/airflow/.local/lib/python3.12/site-packages/airflow/example_dags/example_nested_branch_dag.py took 0.069 seconds
[2024-10-31T06:27:58.442+0000] {processor.py:186} INFO - Started process (PID=808) to work on /home/airflow/.local/lib/python3.12/site-packages/airflow/example_dags/example_nested_branch_dag.py
[2024-10-31T06:27:58.444+0000] {processor.py:914} INFO - Processing file /home/airflow/.local/lib/python3.12/site-packages/airflow/example_dags/example_nested_branch_dag.py for tasks to queue
[2024-10-31T06:27:58.446+0000] {logging_mixin.py:190} INFO - [2024-10-31T06:27:58.446+0000] {dagbag.py:588} INFO - Filling up the DagBag from /home/airflow/.local/lib/python3.12/site-packages/airflow/example_dags/example_nested_branch_dag.py
[2024-10-31T06:27:58.463+0000] {processor.py:925} INFO - DAG(s) 'example_nested_branch_dag' retrieved from /home/airflow/.local/lib/python3.12/site-packages/airflow/example_dags/example_nested_branch_dag.py
[2024-10-31T06:27:58.489+0000] {logging_mixin.py:190} INFO - [2024-10-31T06:27:58.489+0000] {dag.py:3239} INFO - Sync 1 DAGs
[2024-10-31T06:27:58.508+0000] {logging_mixin.py:190} INFO - [2024-10-31T06:27:58.508+0000] {dag.py:4180} INFO - Setting next_dagrun for example_nested_branch_dag to 2024-10-30 00:00:00+00:00, run_after=2024-10-31 00:00:00+00:00
[2024-10-31T06:27:58.523+0000] {processor.py:208} INFO - Processing /home/airflow/.local/lib/python3.12/site-packages/airflow/example_dags/example_nested_branch_dag.py took 0.088 seconds
[2024-10-31T06:28:28.582+0000] {processor.py:186} INFO - Started process (PID=871) to work on /home/airflow/.local/lib/python3.12/site-packages/airflow/example_dags/example_nested_branch_dag.py
[2024-10-31T06:28:28.583+0000] {processor.py:914} INFO - Processing file /home/airflow/.local/lib/python3.12/site-packages/airflow/example_dags/example_nested_branch_dag.py for tasks to queue
[2024-10-31T06:28:28.585+0000] {logging_mixin.py:190} INFO - [2024-10-31T06:28:28.585+0000] {dagbag.py:588} INFO - Filling up the DagBag from /home/airflow/.local/lib/python3.12/site-packages/airflow/example_dags/example_nested_branch_dag.py
[2024-10-31T06:28:28.594+0000] {processor.py:925} INFO - DAG(s) 'example_nested_branch_dag' retrieved from /home/airflow/.local/lib/python3.12/site-packages/airflow/example_dags/example_nested_branch_dag.py
[2024-10-31T06:28:28.613+0000] {logging_mixin.py:190} INFO - [2024-10-31T06:28:28.613+0000] {dag.py:3239} INFO - Sync 1 DAGs
[2024-10-31T06:28:28.640+0000] {logging_mixin.py:190} INFO - [2024-10-31T06:28:28.640+0000] {dag.py:4180} INFO - Setting next_dagrun for example_nested_branch_dag to 2024-10-30 00:00:00+00:00, run_after=2024-10-31 00:00:00+00:00
[2024-10-31T06:28:28.655+0000] {processor.py:208} INFO - Processing /home/airflow/.local/lib/python3.12/site-packages/airflow/example_dags/example_nested_branch_dag.py took 0.079 seconds
