[2024-10-31T06:21:52.739+0000] {processor.py:186} INFO - Started process (PID=86) to work on /home/airflow/.local/lib/python3.12/site-packages/airflow/example_dags/example_workday_timetable.py
[2024-10-31T06:21:52.740+0000] {processor.py:914} INFO - Processing file /home/airflow/.local/lib/python3.12/site-packages/airflow/example_dags/example_workday_timetable.py for tasks to queue
[2024-10-31T06:21:52.741+0000] {logging_mixin.py:190} INFO - [2024-10-31T06:21:52.741+0000] {dagbag.py:588} INFO - Filling up the DagBag from /home/airflow/.local/lib/python3.12/site-packages/airflow/example_dags/example_workday_timetable.py
[2024-10-31T06:21:52.745+0000] {processor.py:925} INFO - DAG(s) 'example_workday_timetable' retrieved from /home/airflow/.local/lib/python3.12/site-packages/airflow/example_dags/example_workday_timetable.py
[2024-10-31T06:21:52.816+0000] {logging_mixin.py:190} INFO - [2024-10-31T06:21:52.815+0000] {override.py:1900} INFO - Created Permission View: can delete on DAG:example_workday_timetable
[2024-10-31T06:21:52.823+0000] {logging_mixin.py:190} INFO - [2024-10-31T06:21:52.823+0000] {override.py:1900} INFO - Created Permission View: can read on DAG:example_workday_timetable
[2024-10-31T06:21:52.829+0000] {logging_mixin.py:190} INFO - [2024-10-31T06:21:52.829+0000] {override.py:1900} INFO - Created Permission View: can edit on DAG:example_workday_timetable
[2024-10-31T06:21:52.837+0000] {logging_mixin.py:190} INFO - [2024-10-31T06:21:52.837+0000] {override.py:1900} INFO - Created Permission View: can delete on DAG Run:example_workday_timetable
[2024-10-31T06:21:52.843+0000] {logging_mixin.py:190} INFO - [2024-10-31T06:21:52.843+0000] {override.py:1900} INFO - Created Permission View: can create on DAG Run:example_workday_timetable
[2024-10-31T06:21:52.849+0000] {logging_mixin.py:190} INFO - [2024-10-31T06:21:52.849+0000] {override.py:1900} INFO - Created Permission View: can read on DAG Run:example_workday_timetable
[2024-10-31T06:21:52.855+0000] {logging_mixin.py:190} INFO - [2024-10-31T06:21:52.855+0000] {override.py:1900} INFO - Created Permission View: menu access on DAG Run:example_workday_timetable
[2024-10-31T06:21:52.855+0000] {logging_mixin.py:190} INFO - [2024-10-31T06:21:52.855+0000] {dag.py:3239} INFO - Sync 1 DAGs
[2024-10-31T06:21:52.865+0000] {logging_mixin.py:190} INFO - [2024-10-31T06:21:52.865+0000] {dag.py:3262} INFO - Creating ORM DAG for example_workday_timetable
[2024-10-31T06:21:52.912+0000] {logging_mixin.py:190} INFO - [2024-10-31T06:21:52.911+0000] {dag.py:4180} INFO - Setting next_dagrun for example_workday_timetable to 2021-01-04 00:00:00+00:00, run_after=2021-01-05 00:00:00+00:00
[2024-10-31T06:21:52.926+0000] {processor.py:208} INFO - Processing /home/airflow/.local/lib/python3.12/site-packages/airflow/example_dags/example_workday_timetable.py took 0.192 seconds
[2024-10-31T06:22:23.804+0000] {processor.py:186} INFO - Started process (PID=148) to work on /home/airflow/.local/lib/python3.12/site-packages/airflow/example_dags/example_workday_timetable.py
[2024-10-31T06:22:23.805+0000] {processor.py:914} INFO - Processing file /home/airflow/.local/lib/python3.12/site-packages/airflow/example_dags/example_workday_timetable.py for tasks to queue
[2024-10-31T06:22:23.806+0000] {logging_mixin.py:190} INFO - [2024-10-31T06:22:23.806+0000] {dagbag.py:588} INFO - Filling up the DagBag from /home/airflow/.local/lib/python3.12/site-packages/airflow/example_dags/example_workday_timetable.py
[2024-10-31T06:22:23.811+0000] {processor.py:925} INFO - DAG(s) 'example_workday_timetable' retrieved from /home/airflow/.local/lib/python3.12/site-packages/airflow/example_dags/example_workday_timetable.py
[2024-10-31T06:22:23.827+0000] {logging_mixin.py:190} INFO - [2024-10-31T06:22:23.827+0000] {dag.py:3239} INFO - Sync 1 DAGs
[2024-10-31T06:22:23.869+0000] {logging_mixin.py:190} INFO - [2024-10-31T06:22:23.869+0000] {dag.py:4180} INFO - Setting next_dagrun for example_workday_timetable to 2021-01-04 00:00:00+00:00, run_after=2021-01-05 00:00:00+00:00
[2024-10-31T06:22:23.884+0000] {processor.py:208} INFO - Processing /home/airflow/.local/lib/python3.12/site-packages/airflow/example_dags/example_workday_timetable.py took 0.085 seconds
[2024-10-31T06:22:54.488+0000] {processor.py:186} INFO - Started process (PID=210) to work on /home/airflow/.local/lib/python3.12/site-packages/airflow/example_dags/example_workday_timetable.py
[2024-10-31T06:22:54.488+0000] {processor.py:914} INFO - Processing file /home/airflow/.local/lib/python3.12/site-packages/airflow/example_dags/example_workday_timetable.py for tasks to queue
[2024-10-31T06:22:54.490+0000] {logging_mixin.py:190} INFO - [2024-10-31T06:22:54.490+0000] {dagbag.py:588} INFO - Filling up the DagBag from /home/airflow/.local/lib/python3.12/site-packages/airflow/example_dags/example_workday_timetable.py
[2024-10-31T06:22:54.494+0000] {processor.py:925} INFO - DAG(s) 'example_workday_timetable' retrieved from /home/airflow/.local/lib/python3.12/site-packages/airflow/example_dags/example_workday_timetable.py
[2024-10-31T06:22:54.508+0000] {logging_mixin.py:190} INFO - [2024-10-31T06:22:54.508+0000] {dag.py:3239} INFO - Sync 1 DAGs
[2024-10-31T06:22:54.550+0000] {logging_mixin.py:190} INFO - [2024-10-31T06:22:54.550+0000] {dag.py:4180} INFO - Setting next_dagrun for example_workday_timetable to 2021-01-04 00:00:00+00:00, run_after=2021-01-05 00:00:00+00:00
[2024-10-31T06:22:54.567+0000] {processor.py:208} INFO - Processing /home/airflow/.local/lib/python3.12/site-packages/airflow/example_dags/example_workday_timetable.py took 0.084 seconds
[2024-10-31T06:23:25.206+0000] {processor.py:186} INFO - Started process (PID=272) to work on /home/airflow/.local/lib/python3.12/site-packages/airflow/example_dags/example_workday_timetable.py
[2024-10-31T06:23:25.207+0000] {processor.py:914} INFO - Processing file /home/airflow/.local/lib/python3.12/site-packages/airflow/example_dags/example_workday_timetable.py for tasks to queue
[2024-10-31T06:23:25.209+0000] {logging_mixin.py:190} INFO - [2024-10-31T06:23:25.209+0000] {dagbag.py:588} INFO - Filling up the DagBag from /home/airflow/.local/lib/python3.12/site-packages/airflow/example_dags/example_workday_timetable.py
[2024-10-31T06:23:25.216+0000] {processor.py:925} INFO - DAG(s) 'example_workday_timetable' retrieved from /home/airflow/.local/lib/python3.12/site-packages/airflow/example_dags/example_workday_timetable.py
[2024-10-31T06:23:25.232+0000] {logging_mixin.py:190} INFO - [2024-10-31T06:23:25.232+0000] {dag.py:3239} INFO - Sync 1 DAGs
[2024-10-31T06:23:25.283+0000] {logging_mixin.py:190} INFO - [2024-10-31T06:23:25.283+0000] {dag.py:4180} INFO - Setting next_dagrun for example_workday_timetable to 2021-01-04 00:00:00+00:00, run_after=2021-01-05 00:00:00+00:00
[2024-10-31T06:23:25.304+0000] {processor.py:208} INFO - Processing /home/airflow/.local/lib/python3.12/site-packages/airflow/example_dags/example_workday_timetable.py took 0.103 seconds
[2024-10-31T06:23:55.999+0000] {processor.py:186} INFO - Started process (PID=334) to work on /home/airflow/.local/lib/python3.12/site-packages/airflow/example_dags/example_workday_timetable.py
[2024-10-31T06:23:55.999+0000] {processor.py:914} INFO - Processing file /home/airflow/.local/lib/python3.12/site-packages/airflow/example_dags/example_workday_timetable.py for tasks to queue
[2024-10-31T06:23:56.002+0000] {logging_mixin.py:190} INFO - [2024-10-31T06:23:56.001+0000] {dagbag.py:588} INFO - Filling up the DagBag from /home/airflow/.local/lib/python3.12/site-packages/airflow/example_dags/example_workday_timetable.py
[2024-10-31T06:23:56.009+0000] {processor.py:925} INFO - DAG(s) 'example_workday_timetable' retrieved from /home/airflow/.local/lib/python3.12/site-packages/airflow/example_dags/example_workday_timetable.py
[2024-10-31T06:23:56.025+0000] {logging_mixin.py:190} INFO - [2024-10-31T06:23:56.025+0000] {dag.py:3239} INFO - Sync 1 DAGs
[2024-10-31T06:23:56.109+0000] {logging_mixin.py:190} INFO - [2024-10-31T06:23:56.109+0000] {dag.py:4180} INFO - Setting next_dagrun for example_workday_timetable to 2021-01-04 00:00:00+00:00, run_after=2021-01-05 00:00:00+00:00
[2024-10-31T06:23:56.128+0000] {processor.py:208} INFO - Processing /home/airflow/.local/lib/python3.12/site-packages/airflow/example_dags/example_workday_timetable.py took 0.134 seconds
[2024-10-31T06:24:26.694+0000] {processor.py:186} INFO - Started process (PID=396) to work on /home/airflow/.local/lib/python3.12/site-packages/airflow/example_dags/example_workday_timetable.py
[2024-10-31T06:24:26.696+0000] {processor.py:914} INFO - Processing file /home/airflow/.local/lib/python3.12/site-packages/airflow/example_dags/example_workday_timetable.py for tasks to queue
[2024-10-31T06:24:26.699+0000] {logging_mixin.py:190} INFO - [2024-10-31T06:24:26.699+0000] {dagbag.py:588} INFO - Filling up the DagBag from /home/airflow/.local/lib/python3.12/site-packages/airflow/example_dags/example_workday_timetable.py
[2024-10-31T06:24:26.706+0000] {processor.py:925} INFO - DAG(s) 'example_workday_timetable' retrieved from /home/airflow/.local/lib/python3.12/site-packages/airflow/example_dags/example_workday_timetable.py
[2024-10-31T06:24:26.722+0000] {logging_mixin.py:190} INFO - [2024-10-31T06:24:26.722+0000] {dag.py:3239} INFO - Sync 1 DAGs
[2024-10-31T06:24:26.803+0000] {logging_mixin.py:190} INFO - [2024-10-31T06:24:26.803+0000] {dag.py:4180} INFO - Setting next_dagrun for example_workday_timetable to 2021-01-04 00:00:00+00:00, run_after=2021-01-05 00:00:00+00:00
[2024-10-31T06:24:26.834+0000] {processor.py:208} INFO - Processing /home/airflow/.local/lib/python3.12/site-packages/airflow/example_dags/example_workday_timetable.py took 0.145 seconds
[2024-10-31T06:24:56.916+0000] {processor.py:186} INFO - Started process (PID=462) to work on /home/airflow/.local/lib/python3.12/site-packages/airflow/example_dags/example_workday_timetable.py
[2024-10-31T06:24:56.917+0000] {processor.py:914} INFO - Processing file /home/airflow/.local/lib/python3.12/site-packages/airflow/example_dags/example_workday_timetable.py for tasks to queue
[2024-10-31T06:24:56.919+0000] {logging_mixin.py:190} INFO - [2024-10-31T06:24:56.919+0000] {dagbag.py:588} INFO - Filling up the DagBag from /home/airflow/.local/lib/python3.12/site-packages/airflow/example_dags/example_workday_timetable.py
[2024-10-31T06:24:56.924+0000] {processor.py:925} INFO - DAG(s) 'example_workday_timetable' retrieved from /home/airflow/.local/lib/python3.12/site-packages/airflow/example_dags/example_workday_timetable.py
[2024-10-31T06:24:56.938+0000] {logging_mixin.py:190} INFO - [2024-10-31T06:24:56.938+0000] {dag.py:3239} INFO - Sync 1 DAGs
[2024-10-31T06:24:57.015+0000] {logging_mixin.py:190} INFO - [2024-10-31T06:24:57.015+0000] {dag.py:4180} INFO - Setting next_dagrun for example_workday_timetable to 2021-01-04 00:00:00+00:00, run_after=2021-01-05 00:00:00+00:00
[2024-10-31T06:24:57.032+0000] {processor.py:208} INFO - Processing /home/airflow/.local/lib/python3.12/site-packages/airflow/example_dags/example_workday_timetable.py took 0.120 seconds
[2024-10-31T06:25:27.897+0000] {processor.py:186} INFO - Started process (PID=524) to work on /home/airflow/.local/lib/python3.12/site-packages/airflow/example_dags/example_workday_timetable.py
[2024-10-31T06:25:27.898+0000] {processor.py:914} INFO - Processing file /home/airflow/.local/lib/python3.12/site-packages/airflow/example_dags/example_workday_timetable.py for tasks to queue
[2024-10-31T06:25:27.902+0000] {logging_mixin.py:190} INFO - [2024-10-31T06:25:27.901+0000] {dagbag.py:588} INFO - Filling up the DagBag from /home/airflow/.local/lib/python3.12/site-packages/airflow/example_dags/example_workday_timetable.py
[2024-10-31T06:25:27.912+0000] {processor.py:925} INFO - DAG(s) 'example_workday_timetable' retrieved from /home/airflow/.local/lib/python3.12/site-packages/airflow/example_dags/example_workday_timetable.py
[2024-10-31T06:25:27.937+0000] {logging_mixin.py:190} INFO - [2024-10-31T06:25:27.937+0000] {dag.py:3239} INFO - Sync 1 DAGs
[2024-10-31T06:25:28.060+0000] {logging_mixin.py:190} INFO - [2024-10-31T06:25:28.059+0000] {dag.py:4180} INFO - Setting next_dagrun for example_workday_timetable to 2021-01-04 00:00:00+00:00, run_after=2021-01-05 00:00:00+00:00
[2024-10-31T06:25:28.084+0000] {processor.py:208} INFO - Processing /home/airflow/.local/lib/python3.12/site-packages/airflow/example_dags/example_workday_timetable.py took 0.192 seconds
[2024-10-31T06:25:58.333+0000] {processor.py:186} INFO - Started process (PID=586) to work on /home/airflow/.local/lib/python3.12/site-packages/airflow/example_dags/example_workday_timetable.py
[2024-10-31T06:25:58.333+0000] {processor.py:914} INFO - Processing file /home/airflow/.local/lib/python3.12/site-packages/airflow/example_dags/example_workday_timetable.py for tasks to queue
[2024-10-31T06:25:58.335+0000] {logging_mixin.py:190} INFO - [2024-10-31T06:25:58.335+0000] {dagbag.py:588} INFO - Filling up the DagBag from /home/airflow/.local/lib/python3.12/site-packages/airflow/example_dags/example_workday_timetable.py
[2024-10-31T06:25:58.342+0000] {processor.py:925} INFO - DAG(s) 'example_workday_timetable' retrieved from /home/airflow/.local/lib/python3.12/site-packages/airflow/example_dags/example_workday_timetable.py
[2024-10-31T06:25:58.361+0000] {logging_mixin.py:190} INFO - [2024-10-31T06:25:58.361+0000] {dag.py:3239} INFO - Sync 1 DAGs
[2024-10-31T06:25:58.458+0000] {logging_mixin.py:190} INFO - [2024-10-31T06:25:58.458+0000] {dag.py:4180} INFO - Setting next_dagrun for example_workday_timetable to 2021-01-04 00:00:00+00:00, run_after=2021-01-05 00:00:00+00:00
[2024-10-31T06:25:58.476+0000] {processor.py:208} INFO - Processing /home/airflow/.local/lib/python3.12/site-packages/airflow/example_dags/example_workday_timetable.py took 0.149 seconds
[2024-10-31T06:26:28.888+0000] {processor.py:186} INFO - Started process (PID=648) to work on /home/airflow/.local/lib/python3.12/site-packages/airflow/example_dags/example_workday_timetable.py
[2024-10-31T06:26:28.890+0000] {processor.py:914} INFO - Processing file /home/airflow/.local/lib/python3.12/site-packages/airflow/example_dags/example_workday_timetable.py for tasks to queue
[2024-10-31T06:26:28.892+0000] {logging_mixin.py:190} INFO - [2024-10-31T06:26:28.892+0000] {dagbag.py:588} INFO - Filling up the DagBag from /home/airflow/.local/lib/python3.12/site-packages/airflow/example_dags/example_workday_timetable.py
[2024-10-31T06:26:28.898+0000] {processor.py:925} INFO - DAG(s) 'example_workday_timetable' retrieved from /home/airflow/.local/lib/python3.12/site-packages/airflow/example_dags/example_workday_timetable.py
[2024-10-31T06:26:28.918+0000] {logging_mixin.py:190} INFO - [2024-10-31T06:26:28.918+0000] {dag.py:3239} INFO - Sync 1 DAGs
[2024-10-31T06:26:29.052+0000] {logging_mixin.py:190} INFO - [2024-10-31T06:26:29.052+0000] {dag.py:4180} INFO - Setting next_dagrun for example_workday_timetable to 2021-01-04 00:00:00+00:00, run_after=2021-01-05 00:00:00+00:00
[2024-10-31T06:26:29.079+0000] {processor.py:208} INFO - Processing /home/airflow/.local/lib/python3.12/site-packages/airflow/example_dags/example_workday_timetable.py took 0.197 seconds
[2024-10-31T06:26:59.504+0000] {processor.py:186} INFO - Started process (PID=710) to work on /home/airflow/.local/lib/python3.12/site-packages/airflow/example_dags/example_workday_timetable.py
[2024-10-31T06:26:59.506+0000] {processor.py:914} INFO - Processing file /home/airflow/.local/lib/python3.12/site-packages/airflow/example_dags/example_workday_timetable.py for tasks to queue
[2024-10-31T06:26:59.511+0000] {logging_mixin.py:190} INFO - [2024-10-31T06:26:59.510+0000] {dagbag.py:588} INFO - Filling up the DagBag from /home/airflow/.local/lib/python3.12/site-packages/airflow/example_dags/example_workday_timetable.py
[2024-10-31T06:26:59.520+0000] {processor.py:925} INFO - DAG(s) 'example_workday_timetable' retrieved from /home/airflow/.local/lib/python3.12/site-packages/airflow/example_dags/example_workday_timetable.py
[2024-10-31T06:26:59.549+0000] {logging_mixin.py:190} INFO - [2024-10-31T06:26:59.549+0000] {dag.py:3239} INFO - Sync 1 DAGs
[2024-10-31T06:26:59.640+0000] {logging_mixin.py:190} INFO - [2024-10-31T06:26:59.640+0000] {dag.py:4180} INFO - Setting next_dagrun for example_workday_timetable to 2021-01-04 00:00:00+00:00, run_after=2021-01-05 00:00:00+00:00
[2024-10-31T06:26:59.659+0000] {processor.py:208} INFO - Processing /home/airflow/.local/lib/python3.12/site-packages/airflow/example_dags/example_workday_timetable.py took 0.164 seconds
[2024-10-31T06:27:30.708+0000] {processor.py:186} INFO - Started process (PID=772) to work on /home/airflow/.local/lib/python3.12/site-packages/airflow/example_dags/example_workday_timetable.py
[2024-10-31T06:27:30.709+0000] {processor.py:914} INFO - Processing file /home/airflow/.local/lib/python3.12/site-packages/airflow/example_dags/example_workday_timetable.py for tasks to queue
[2024-10-31T06:27:30.711+0000] {logging_mixin.py:190} INFO - [2024-10-31T06:27:30.711+0000] {dagbag.py:588} INFO - Filling up the DagBag from /home/airflow/.local/lib/python3.12/site-packages/airflow/example_dags/example_workday_timetable.py
[2024-10-31T06:27:30.716+0000] {processor.py:925} INFO - DAG(s) 'example_workday_timetable' retrieved from /home/airflow/.local/lib/python3.12/site-packages/airflow/example_dags/example_workday_timetable.py
[2024-10-31T06:27:30.731+0000] {logging_mixin.py:190} INFO - [2024-10-31T06:27:30.731+0000] {dag.py:3239} INFO - Sync 1 DAGs
[2024-10-31T06:27:30.811+0000] {logging_mixin.py:190} INFO - [2024-10-31T06:27:30.811+0000] {dag.py:4180} INFO - Setting next_dagrun for example_workday_timetable to 2021-01-04 00:00:00+00:00, run_after=2021-01-05 00:00:00+00:00
[2024-10-31T06:27:30.827+0000] {processor.py:208} INFO - Processing /home/airflow/.local/lib/python3.12/site-packages/airflow/example_dags/example_workday_timetable.py took 0.124 seconds
[2024-10-31T06:28:01.000+0000] {processor.py:186} INFO - Started process (PID=834) to work on /home/airflow/.local/lib/python3.12/site-packages/airflow/example_dags/example_workday_timetable.py
[2024-10-31T06:28:01.004+0000] {processor.py:914} INFO - Processing file /home/airflow/.local/lib/python3.12/site-packages/airflow/example_dags/example_workday_timetable.py for tasks to queue
[2024-10-31T06:28:01.008+0000] {logging_mixin.py:190} INFO - [2024-10-31T06:28:01.008+0000] {dagbag.py:588} INFO - Filling up the DagBag from /home/airflow/.local/lib/python3.12/site-packages/airflow/example_dags/example_workday_timetable.py
[2024-10-31T06:28:01.016+0000] {processor.py:925} INFO - DAG(s) 'example_workday_timetable' retrieved from /home/airflow/.local/lib/python3.12/site-packages/airflow/example_dags/example_workday_timetable.py
[2024-10-31T06:28:01.038+0000] {logging_mixin.py:190} INFO - [2024-10-31T06:28:01.038+0000] {dag.py:3239} INFO - Sync 1 DAGs
[2024-10-31T06:28:01.126+0000] {logging_mixin.py:190} INFO - [2024-10-31T06:28:01.125+0000] {dag.py:4180} INFO - Setting next_dagrun for example_workday_timetable to 2021-01-04 00:00:00+00:00, run_after=2021-01-05 00:00:00+00:00
[2024-10-31T06:28:01.141+0000] {processor.py:208} INFO - Processing /home/airflow/.local/lib/python3.12/site-packages/airflow/example_dags/example_workday_timetable.py took 0.149 seconds
[2024-10-31T06:28:31.841+0000] {processor.py:186} INFO - Started process (PID=897) to work on /home/airflow/.local/lib/python3.12/site-packages/airflow/example_dags/example_workday_timetable.py
[2024-10-31T06:28:31.842+0000] {processor.py:914} INFO - Processing file /home/airflow/.local/lib/python3.12/site-packages/airflow/example_dags/example_workday_timetable.py for tasks to queue
[2024-10-31T06:28:31.843+0000] {logging_mixin.py:190} INFO - [2024-10-31T06:28:31.843+0000] {dagbag.py:588} INFO - Filling up the DagBag from /home/airflow/.local/lib/python3.12/site-packages/airflow/example_dags/example_workday_timetable.py
[2024-10-31T06:28:31.848+0000] {processor.py:925} INFO - DAG(s) 'example_workday_timetable' retrieved from /home/airflow/.local/lib/python3.12/site-packages/airflow/example_dags/example_workday_timetable.py
[2024-10-31T06:28:31.862+0000] {logging_mixin.py:190} INFO - [2024-10-31T06:28:31.862+0000] {dag.py:3239} INFO - Sync 1 DAGs
[2024-10-31T06:28:31.964+0000] {logging_mixin.py:190} INFO - [2024-10-31T06:28:31.964+0000] {dag.py:4180} INFO - Setting next_dagrun for example_workday_timetable to 2021-01-04 00:00:00+00:00, run_after=2021-01-05 00:00:00+00:00
[2024-10-31T06:28:31.989+0000] {processor.py:208} INFO - Processing /home/airflow/.local/lib/python3.12/site-packages/airflow/example_dags/example_workday_timetable.py took 0.152 seconds
