[2024-10-31T06:21:52.316+0000] {processor.py:186} INFO - Started process (PID=82) to work on /home/airflow/.local/lib/python3.12/site-packages/airflow/example_dags/example_trigger_target_dag.py
[2024-10-31T06:21:52.317+0000] {processor.py:914} INFO - Processing file /home/airflow/.local/lib/python3.12/site-packages/airflow/example_dags/example_trigger_target_dag.py for tasks to queue
[2024-10-31T06:21:52.319+0000] {logging_mixin.py:190} INFO - [2024-10-31T06:21:52.318+0000] {dagbag.py:588} INFO - Filling up the DagBag from /home/airflow/.local/lib/python3.12/site-packages/airflow/example_dags/example_trigger_target_dag.py
[2024-10-31T06:21:52.326+0000] {processor.py:925} INFO - DAG(s) 'example_trigger_target_dag' retrieved from /home/airflow/.local/lib/python3.12/site-packages/airflow/example_dags/example_trigger_target_dag.py
[2024-10-31T06:21:52.414+0000] {logging_mixin.py:190} INFO - [2024-10-31T06:21:52.413+0000] {override.py:1900} INFO - Created Permission View: can delete on DAG:example_trigger_target_dag
[2024-10-31T06:21:52.425+0000] {logging_mixin.py:190} INFO - [2024-10-31T06:21:52.425+0000] {override.py:1900} INFO - Created Permission View: can read on DAG:example_trigger_target_dag
[2024-10-31T06:21:52.431+0000] {logging_mixin.py:190} INFO - [2024-10-31T06:21:52.431+0000] {override.py:1900} INFO - Created Permission View: can edit on DAG:example_trigger_target_dag
[2024-10-31T06:21:52.441+0000] {logging_mixin.py:190} INFO - [2024-10-31T06:21:52.441+0000] {override.py:1900} INFO - Created Permission View: can delete on DAG Run:example_trigger_target_dag
[2024-10-31T06:21:52.447+0000] {logging_mixin.py:190} INFO - [2024-10-31T06:21:52.447+0000] {override.py:1900} INFO - Created Permission View: can create on DAG Run:example_trigger_target_dag
[2024-10-31T06:21:52.455+0000] {logging_mixin.py:190} INFO - [2024-10-31T06:21:52.455+0000] {override.py:1900} INFO - Created Permission View: can read on DAG Run:example_trigger_target_dag
[2024-10-31T06:21:52.462+0000] {logging_mixin.py:190} INFO - [2024-10-31T06:21:52.461+0000] {override.py:1900} INFO - Created Permission View: menu access on DAG Run:example_trigger_target_dag
[2024-10-31T06:21:52.462+0000] {logging_mixin.py:190} INFO - [2024-10-31T06:21:52.462+0000] {dag.py:3239} INFO - Sync 1 DAGs
[2024-10-31T06:21:52.472+0000] {logging_mixin.py:190} INFO - [2024-10-31T06:21:52.472+0000] {dag.py:3262} INFO - Creating ORM DAG for example_trigger_target_dag
[2024-10-31T06:21:52.473+0000] {logging_mixin.py:190} INFO - [2024-10-31T06:21:52.473+0000] {dag.py:4180} INFO - Setting next_dagrun for example_trigger_target_dag to None, run_after=None
[2024-10-31T06:21:52.484+0000] {processor.py:208} INFO - Processing /home/airflow/.local/lib/python3.12/site-packages/airflow/example_dags/example_trigger_target_dag.py took 0.172 seconds
[2024-10-31T06:22:22.645+0000] {processor.py:186} INFO - Started process (PID=144) to work on /home/airflow/.local/lib/python3.12/site-packages/airflow/example_dags/example_trigger_target_dag.py
[2024-10-31T06:22:22.646+0000] {processor.py:914} INFO - Processing file /home/airflow/.local/lib/python3.12/site-packages/airflow/example_dags/example_trigger_target_dag.py for tasks to queue
[2024-10-31T06:22:22.648+0000] {logging_mixin.py:190} INFO - [2024-10-31T06:22:22.648+0000] {dagbag.py:588} INFO - Filling up the DagBag from /home/airflow/.local/lib/python3.12/site-packages/airflow/example_dags/example_trigger_target_dag.py
[2024-10-31T06:22:22.654+0000] {processor.py:925} INFO - DAG(s) 'example_trigger_target_dag' retrieved from /home/airflow/.local/lib/python3.12/site-packages/airflow/example_dags/example_trigger_target_dag.py
[2024-10-31T06:22:22.668+0000] {logging_mixin.py:190} INFO - [2024-10-31T06:22:22.668+0000] {dag.py:3239} INFO - Sync 1 DAGs
[2024-10-31T06:22:22.679+0000] {logging_mixin.py:190} INFO - [2024-10-31T06:22:22.679+0000] {dag.py:4180} INFO - Setting next_dagrun for example_trigger_target_dag to None, run_after=None
[2024-10-31T06:22:22.692+0000] {processor.py:208} INFO - Processing /home/airflow/.local/lib/python3.12/site-packages/airflow/example_dags/example_trigger_target_dag.py took 0.051 seconds
[2024-10-31T06:22:53.314+0000] {processor.py:186} INFO - Started process (PID=205) to work on /home/airflow/.local/lib/python3.12/site-packages/airflow/example_dags/example_trigger_target_dag.py
[2024-10-31T06:22:53.314+0000] {processor.py:914} INFO - Processing file /home/airflow/.local/lib/python3.12/site-packages/airflow/example_dags/example_trigger_target_dag.py for tasks to queue
[2024-10-31T06:22:53.316+0000] {logging_mixin.py:190} INFO - [2024-10-31T06:22:53.316+0000] {dagbag.py:588} INFO - Filling up the DagBag from /home/airflow/.local/lib/python3.12/site-packages/airflow/example_dags/example_trigger_target_dag.py
[2024-10-31T06:22:53.323+0000] {processor.py:925} INFO - DAG(s) 'example_trigger_target_dag' retrieved from /home/airflow/.local/lib/python3.12/site-packages/airflow/example_dags/example_trigger_target_dag.py
[2024-10-31T06:22:53.339+0000] {logging_mixin.py:190} INFO - [2024-10-31T06:22:53.339+0000] {dag.py:3239} INFO - Sync 1 DAGs
[2024-10-31T06:22:53.350+0000] {logging_mixin.py:190} INFO - [2024-10-31T06:22:53.350+0000] {dag.py:4180} INFO - Setting next_dagrun for example_trigger_target_dag to None, run_after=None
[2024-10-31T06:22:53.366+0000] {processor.py:208} INFO - Processing /home/airflow/.local/lib/python3.12/site-packages/airflow/example_dags/example_trigger_target_dag.py took 0.057 seconds
[2024-10-31T06:23:23.967+0000] {processor.py:186} INFO - Started process (PID=267) to work on /home/airflow/.local/lib/python3.12/site-packages/airflow/example_dags/example_trigger_target_dag.py
[2024-10-31T06:23:23.967+0000] {processor.py:914} INFO - Processing file /home/airflow/.local/lib/python3.12/site-packages/airflow/example_dags/example_trigger_target_dag.py for tasks to queue
[2024-10-31T06:23:23.969+0000] {logging_mixin.py:190} INFO - [2024-10-31T06:23:23.969+0000] {dagbag.py:588} INFO - Filling up the DagBag from /home/airflow/.local/lib/python3.12/site-packages/airflow/example_dags/example_trigger_target_dag.py
[2024-10-31T06:23:23.975+0000] {processor.py:925} INFO - DAG(s) 'example_trigger_target_dag' retrieved from /home/airflow/.local/lib/python3.12/site-packages/airflow/example_dags/example_trigger_target_dag.py
[2024-10-31T06:23:23.988+0000] {logging_mixin.py:190} INFO - [2024-10-31T06:23:23.988+0000] {dag.py:3239} INFO - Sync 1 DAGs
[2024-10-31T06:23:23.999+0000] {logging_mixin.py:190} INFO - [2024-10-31T06:23:23.999+0000] {dag.py:4180} INFO - Setting next_dagrun for example_trigger_target_dag to None, run_after=None
[2024-10-31T06:23:24.013+0000] {processor.py:208} INFO - Processing /home/airflow/.local/lib/python3.12/site-packages/airflow/example_dags/example_trigger_target_dag.py took 0.051 seconds
[2024-10-31T06:23:54.731+0000] {processor.py:186} INFO - Started process (PID=329) to work on /home/airflow/.local/lib/python3.12/site-packages/airflow/example_dags/example_trigger_target_dag.py
[2024-10-31T06:23:54.732+0000] {processor.py:914} INFO - Processing file /home/airflow/.local/lib/python3.12/site-packages/airflow/example_dags/example_trigger_target_dag.py for tasks to queue
[2024-10-31T06:23:54.734+0000] {logging_mixin.py:190} INFO - [2024-10-31T06:23:54.734+0000] {dagbag.py:588} INFO - Filling up the DagBag from /home/airflow/.local/lib/python3.12/site-packages/airflow/example_dags/example_trigger_target_dag.py
[2024-10-31T06:23:54.740+0000] {processor.py:925} INFO - DAG(s) 'example_trigger_target_dag' retrieved from /home/airflow/.local/lib/python3.12/site-packages/airflow/example_dags/example_trigger_target_dag.py
[2024-10-31T06:23:54.757+0000] {logging_mixin.py:190} INFO - [2024-10-31T06:23:54.757+0000] {dag.py:3239} INFO - Sync 1 DAGs
[2024-10-31T06:23:54.768+0000] {logging_mixin.py:190} INFO - [2024-10-31T06:23:54.768+0000] {dag.py:4180} INFO - Setting next_dagrun for example_trigger_target_dag to None, run_after=None
[2024-10-31T06:23:54.786+0000] {processor.py:208} INFO - Processing /home/airflow/.local/lib/python3.12/site-packages/airflow/example_dags/example_trigger_target_dag.py took 0.061 seconds
[2024-10-31T06:24:25.304+0000] {processor.py:186} INFO - Started process (PID=391) to work on /home/airflow/.local/lib/python3.12/site-packages/airflow/example_dags/example_trigger_target_dag.py
[2024-10-31T06:24:25.305+0000] {processor.py:914} INFO - Processing file /home/airflow/.local/lib/python3.12/site-packages/airflow/example_dags/example_trigger_target_dag.py for tasks to queue
[2024-10-31T06:24:25.308+0000] {logging_mixin.py:190} INFO - [2024-10-31T06:24:25.307+0000] {dagbag.py:588} INFO - Filling up the DagBag from /home/airflow/.local/lib/python3.12/site-packages/airflow/example_dags/example_trigger_target_dag.py
[2024-10-31T06:24:25.321+0000] {processor.py:925} INFO - DAG(s) 'example_trigger_target_dag' retrieved from /home/airflow/.local/lib/python3.12/site-packages/airflow/example_dags/example_trigger_target_dag.py
[2024-10-31T06:24:25.346+0000] {logging_mixin.py:190} INFO - [2024-10-31T06:24:25.345+0000] {dag.py:3239} INFO - Sync 1 DAGs
[2024-10-31T06:24:25.364+0000] {logging_mixin.py:190} INFO - [2024-10-31T06:24:25.363+0000] {dag.py:4180} INFO - Setting next_dagrun for example_trigger_target_dag to None, run_after=None
[2024-10-31T06:24:25.389+0000] {processor.py:208} INFO - Processing /home/airflow/.local/lib/python3.12/site-packages/airflow/example_dags/example_trigger_target_dag.py took 0.092 seconds
[2024-10-31T06:24:56.625+0000] {processor.py:186} INFO - Started process (PID=458) to work on /home/airflow/.local/lib/python3.12/site-packages/airflow/example_dags/example_trigger_target_dag.py
[2024-10-31T06:24:56.626+0000] {processor.py:914} INFO - Processing file /home/airflow/.local/lib/python3.12/site-packages/airflow/example_dags/example_trigger_target_dag.py for tasks to queue
[2024-10-31T06:24:56.628+0000] {logging_mixin.py:190} INFO - [2024-10-31T06:24:56.627+0000] {dagbag.py:588} INFO - Filling up the DagBag from /home/airflow/.local/lib/python3.12/site-packages/airflow/example_dags/example_trigger_target_dag.py
[2024-10-31T06:24:56.634+0000] {processor.py:925} INFO - DAG(s) 'example_trigger_target_dag' retrieved from /home/airflow/.local/lib/python3.12/site-packages/airflow/example_dags/example_trigger_target_dag.py
[2024-10-31T06:24:56.651+0000] {logging_mixin.py:190} INFO - [2024-10-31T06:24:56.651+0000] {dag.py:3239} INFO - Sync 1 DAGs
[2024-10-31T06:24:56.662+0000] {logging_mixin.py:190} INFO - [2024-10-31T06:24:56.661+0000] {dag.py:4180} INFO - Setting next_dagrun for example_trigger_target_dag to None, run_after=None
[2024-10-31T06:24:56.676+0000] {processor.py:208} INFO - Processing /home/airflow/.local/lib/python3.12/site-packages/airflow/example_dags/example_trigger_target_dag.py took 0.056 seconds
[2024-10-31T06:25:27.551+0000] {processor.py:186} INFO - Started process (PID=520) to work on /home/airflow/.local/lib/python3.12/site-packages/airflow/example_dags/example_trigger_target_dag.py
[2024-10-31T06:25:27.552+0000] {processor.py:914} INFO - Processing file /home/airflow/.local/lib/python3.12/site-packages/airflow/example_dags/example_trigger_target_dag.py for tasks to queue
[2024-10-31T06:25:27.553+0000] {logging_mixin.py:190} INFO - [2024-10-31T06:25:27.553+0000] {dagbag.py:588} INFO - Filling up the DagBag from /home/airflow/.local/lib/python3.12/site-packages/airflow/example_dags/example_trigger_target_dag.py
[2024-10-31T06:25:27.562+0000] {processor.py:925} INFO - DAG(s) 'example_trigger_target_dag' retrieved from /home/airflow/.local/lib/python3.12/site-packages/airflow/example_dags/example_trigger_target_dag.py
[2024-10-31T06:25:27.586+0000] {logging_mixin.py:190} INFO - [2024-10-31T06:25:27.586+0000] {dag.py:3239} INFO - Sync 1 DAGs
[2024-10-31T06:25:27.607+0000] {logging_mixin.py:190} INFO - [2024-10-31T06:25:27.607+0000] {dag.py:4180} INFO - Setting next_dagrun for example_trigger_target_dag to None, run_after=None
[2024-10-31T06:25:27.631+0000] {processor.py:208} INFO - Processing /home/airflow/.local/lib/python3.12/site-packages/airflow/example_dags/example_trigger_target_dag.py took 0.086 seconds
[2024-10-31T06:25:57.990+0000] {processor.py:186} INFO - Started process (PID=581) to work on /home/airflow/.local/lib/python3.12/site-packages/airflow/example_dags/example_trigger_target_dag.py
[2024-10-31T06:25:57.991+0000] {processor.py:914} INFO - Processing file /home/airflow/.local/lib/python3.12/site-packages/airflow/example_dags/example_trigger_target_dag.py for tasks to queue
[2024-10-31T06:25:57.993+0000] {logging_mixin.py:190} INFO - [2024-10-31T06:25:57.992+0000] {dagbag.py:588} INFO - Filling up the DagBag from /home/airflow/.local/lib/python3.12/site-packages/airflow/example_dags/example_trigger_target_dag.py
[2024-10-31T06:25:58.000+0000] {processor.py:925} INFO - DAG(s) 'example_trigger_target_dag' retrieved from /home/airflow/.local/lib/python3.12/site-packages/airflow/example_dags/example_trigger_target_dag.py
[2024-10-31T06:25:58.019+0000] {logging_mixin.py:190} INFO - [2024-10-31T06:25:58.019+0000] {dag.py:3239} INFO - Sync 1 DAGs
[2024-10-31T06:25:58.032+0000] {logging_mixin.py:190} INFO - [2024-10-31T06:25:58.031+0000] {dag.py:4180} INFO - Setting next_dagrun for example_trigger_target_dag to None, run_after=None
[2024-10-31T06:25:58.050+0000] {processor.py:208} INFO - Processing /home/airflow/.local/lib/python3.12/site-packages/airflow/example_dags/example_trigger_target_dag.py took 0.066 seconds
[2024-10-31T06:26:28.568+0000] {processor.py:186} INFO - Started process (PID=643) to work on /home/airflow/.local/lib/python3.12/site-packages/airflow/example_dags/example_trigger_target_dag.py
[2024-10-31T06:26:28.569+0000] {processor.py:914} INFO - Processing file /home/airflow/.local/lib/python3.12/site-packages/airflow/example_dags/example_trigger_target_dag.py for tasks to queue
[2024-10-31T06:26:28.572+0000] {logging_mixin.py:190} INFO - [2024-10-31T06:26:28.571+0000] {dagbag.py:588} INFO - Filling up the DagBag from /home/airflow/.local/lib/python3.12/site-packages/airflow/example_dags/example_trigger_target_dag.py
[2024-10-31T06:26:28.584+0000] {processor.py:925} INFO - DAG(s) 'example_trigger_target_dag' retrieved from /home/airflow/.local/lib/python3.12/site-packages/airflow/example_dags/example_trigger_target_dag.py
[2024-10-31T06:26:28.607+0000] {logging_mixin.py:190} INFO - [2024-10-31T06:26:28.607+0000] {dag.py:3239} INFO - Sync 1 DAGs
[2024-10-31T06:26:28.622+0000] {logging_mixin.py:190} INFO - [2024-10-31T06:26:28.621+0000] {dag.py:4180} INFO - Setting next_dagrun for example_trigger_target_dag to None, run_after=None
[2024-10-31T06:26:28.647+0000] {processor.py:208} INFO - Processing /home/airflow/.local/lib/python3.12/site-packages/airflow/example_dags/example_trigger_target_dag.py took 0.086 seconds
[2024-10-31T06:26:59.264+0000] {processor.py:186} INFO - Started process (PID=705) to work on /home/airflow/.local/lib/python3.12/site-packages/airflow/example_dags/example_trigger_target_dag.py
[2024-10-31T06:26:59.265+0000] {processor.py:914} INFO - Processing file /home/airflow/.local/lib/python3.12/site-packages/airflow/example_dags/example_trigger_target_dag.py for tasks to queue
[2024-10-31T06:26:59.267+0000] {logging_mixin.py:190} INFO - [2024-10-31T06:26:59.267+0000] {dagbag.py:588} INFO - Filling up the DagBag from /home/airflow/.local/lib/python3.12/site-packages/airflow/example_dags/example_trigger_target_dag.py
[2024-10-31T06:26:59.278+0000] {processor.py:925} INFO - DAG(s) 'example_trigger_target_dag' retrieved from /home/airflow/.local/lib/python3.12/site-packages/airflow/example_dags/example_trigger_target_dag.py
[2024-10-31T06:26:59.294+0000] {logging_mixin.py:190} INFO - [2024-10-31T06:26:59.293+0000] {dag.py:3239} INFO - Sync 1 DAGs
[2024-10-31T06:26:59.305+0000] {logging_mixin.py:190} INFO - [2024-10-31T06:26:59.305+0000] {dag.py:4180} INFO - Setting next_dagrun for example_trigger_target_dag to None, run_after=None
[2024-10-31T06:26:59.320+0000] {processor.py:208} INFO - Processing /home/airflow/.local/lib/python3.12/site-packages/airflow/example_dags/example_trigger_target_dag.py took 0.062 seconds
[2024-10-31T06:27:30.564+0000] {processor.py:186} INFO - Started process (PID=768) to work on /home/airflow/.local/lib/python3.12/site-packages/airflow/example_dags/example_trigger_target_dag.py
[2024-10-31T06:27:30.565+0000] {processor.py:914} INFO - Processing file /home/airflow/.local/lib/python3.12/site-packages/airflow/example_dags/example_trigger_target_dag.py for tasks to queue
[2024-10-31T06:27:30.567+0000] {logging_mixin.py:190} INFO - [2024-10-31T06:27:30.566+0000] {dagbag.py:588} INFO - Filling up the DagBag from /home/airflow/.local/lib/python3.12/site-packages/airflow/example_dags/example_trigger_target_dag.py
[2024-10-31T06:27:30.573+0000] {processor.py:925} INFO - DAG(s) 'example_trigger_target_dag' retrieved from /home/airflow/.local/lib/python3.12/site-packages/airflow/example_dags/example_trigger_target_dag.py
[2024-10-31T06:27:30.587+0000] {logging_mixin.py:190} INFO - [2024-10-31T06:27:30.587+0000] {dag.py:3239} INFO - Sync 1 DAGs
[2024-10-31T06:27:30.598+0000] {logging_mixin.py:190} INFO - [2024-10-31T06:27:30.597+0000] {dag.py:4180} INFO - Setting next_dagrun for example_trigger_target_dag to None, run_after=None
[2024-10-31T06:27:30.611+0000] {processor.py:208} INFO - Processing /home/airflow/.local/lib/python3.12/site-packages/airflow/example_dags/example_trigger_target_dag.py took 0.051 seconds
[2024-10-31T06:28:00.739+0000] {processor.py:186} INFO - Started process (PID=830) to work on /home/airflow/.local/lib/python3.12/site-packages/airflow/example_dags/example_trigger_target_dag.py
[2024-10-31T06:28:00.740+0000] {processor.py:914} INFO - Processing file /home/airflow/.local/lib/python3.12/site-packages/airflow/example_dags/example_trigger_target_dag.py for tasks to queue
[2024-10-31T06:28:00.742+0000] {logging_mixin.py:190} INFO - [2024-10-31T06:28:00.741+0000] {dagbag.py:588} INFO - Filling up the DagBag from /home/airflow/.local/lib/python3.12/site-packages/airflow/example_dags/example_trigger_target_dag.py
[2024-10-31T06:28:00.748+0000] {processor.py:925} INFO - DAG(s) 'example_trigger_target_dag' retrieved from /home/airflow/.local/lib/python3.12/site-packages/airflow/example_dags/example_trigger_target_dag.py
[2024-10-31T06:28:00.765+0000] {logging_mixin.py:190} INFO - [2024-10-31T06:28:00.765+0000] {dag.py:3239} INFO - Sync 1 DAGs
[2024-10-31T06:28:00.776+0000] {logging_mixin.py:190} INFO - [2024-10-31T06:28:00.776+0000] {dag.py:4180} INFO - Setting next_dagrun for example_trigger_target_dag to None, run_after=None
[2024-10-31T06:28:00.792+0000] {processor.py:208} INFO - Processing /home/airflow/.local/lib/python3.12/site-packages/airflow/example_dags/example_trigger_target_dag.py took 0.060 seconds
[2024-10-31T06:28:31.653+0000] {processor.py:186} INFO - Started process (PID=893) to work on /home/airflow/.local/lib/python3.12/site-packages/airflow/example_dags/example_trigger_target_dag.py
[2024-10-31T06:28:31.655+0000] {processor.py:914} INFO - Processing file /home/airflow/.local/lib/python3.12/site-packages/airflow/example_dags/example_trigger_target_dag.py for tasks to queue
[2024-10-31T06:28:31.658+0000] {logging_mixin.py:190} INFO - [2024-10-31T06:28:31.657+0000] {dagbag.py:588} INFO - Filling up the DagBag from /home/airflow/.local/lib/python3.12/site-packages/airflow/example_dags/example_trigger_target_dag.py
[2024-10-31T06:28:31.668+0000] {processor.py:925} INFO - DAG(s) 'example_trigger_target_dag' retrieved from /home/airflow/.local/lib/python3.12/site-packages/airflow/example_dags/example_trigger_target_dag.py
[2024-10-31T06:28:31.691+0000] {logging_mixin.py:190} INFO - [2024-10-31T06:28:31.691+0000] {dag.py:3239} INFO - Sync 1 DAGs
[2024-10-31T06:28:31.711+0000] {logging_mixin.py:190} INFO - [2024-10-31T06:28:31.710+0000] {dag.py:4180} INFO - Setting next_dagrun for example_trigger_target_dag to None, run_after=None
[2024-10-31T06:28:31.730+0000] {processor.py:208} INFO - Processing /home/airflow/.local/lib/python3.12/site-packages/airflow/example_dags/example_trigger_target_dag.py took 0.084 seconds
