[2024-10-31T06:21:47.642+0000] {processor.py:186} INFO - Started process (PID=49) to work on /home/airflow/.local/lib/python3.12/site-packages/airflow/example_dags/example_datasets.py
[2024-10-31T06:21:47.643+0000] {processor.py:914} INFO - Processing file /home/airflow/.local/lib/python3.12/site-packages/airflow/example_dags/example_datasets.py for tasks to queue
[2024-10-31T06:21:47.647+0000] {logging_mixin.py:190} INFO - [2024-10-31T06:21:47.646+0000] {dagbag.py:588} INFO - Filling up the DagBag from /home/airflow/.local/lib/python3.12/site-packages/airflow/example_dags/example_datasets.py
[2024-10-31T06:21:48.330+0000] {processor.py:925} INFO - DAG(s) 'dataset_consumes_1', 'dataset_produces_1', 'dataset_consumes_unknown_never_scheduled', 'conditional_dataset_and_time_based_timetable', 'dataset_consumes_1_and_2', 'consume_1_and_2_with_dataset_expressions', 'dataset_consumes_1_never_scheduled', 'consume_1_or_both_2_and_3_with_dataset_expressions', 'consume_1_or_2_with_dataset_expressions', 'dataset_produces_2' retrieved from /home/airflow/.local/lib/python3.12/site-packages/airflow/example_dags/example_datasets.py
[2024-10-31T06:21:48.462+0000] {logging_mixin.py:190} INFO - [2024-10-31T06:21:48.461+0000] {override.py:1900} INFO - Created Permission View: can delete on DAG:dataset_consumes_1
[2024-10-31T06:21:48.476+0000] {logging_mixin.py:190} INFO - [2024-10-31T06:21:48.475+0000] {override.py:1900} INFO - Created Permission View: can read on DAG:dataset_consumes_1
[2024-10-31T06:21:48.486+0000] {logging_mixin.py:190} INFO - [2024-10-31T06:21:48.485+0000] {override.py:1900} INFO - Created Permission View: can edit on DAG:dataset_consumes_1
[2024-10-31T06:21:48.497+0000] {logging_mixin.py:190} INFO - [2024-10-31T06:21:48.496+0000] {override.py:1900} INFO - Created Permission View: can delete on DAG Run:dataset_consumes_1
[2024-10-31T06:21:48.505+0000] {logging_mixin.py:190} INFO - [2024-10-31T06:21:48.505+0000] {override.py:1900} INFO - Created Permission View: can create on DAG Run:dataset_consumes_1
[2024-10-31T06:21:48.517+0000] {logging_mixin.py:190} INFO - [2024-10-31T06:21:48.517+0000] {override.py:1900} INFO - Created Permission View: can read on DAG Run:dataset_consumes_1
[2024-10-31T06:21:48.527+0000] {logging_mixin.py:190} INFO - [2024-10-31T06:21:48.527+0000] {override.py:1900} INFO - Created Permission View: menu access on DAG Run:dataset_consumes_1
[2024-10-31T06:21:48.806+0000] {logging_mixin.py:190} INFO - [2024-10-31T06:21:48.806+0000] {override.py:1900} INFO - Created Permission View: can delete on DAG:dataset_produces_1
[2024-10-31T06:21:48.813+0000] {logging_mixin.py:190} INFO - [2024-10-31T06:21:48.813+0000] {override.py:1900} INFO - Created Permission View: can read on DAG:dataset_produces_1
[2024-10-31T06:21:48.819+0000] {logging_mixin.py:190} INFO - [2024-10-31T06:21:48.819+0000] {override.py:1900} INFO - Created Permission View: can edit on DAG:dataset_produces_1
[2024-10-31T06:21:48.827+0000] {logging_mixin.py:190} INFO - [2024-10-31T06:21:48.827+0000] {override.py:1900} INFO - Created Permission View: can delete on DAG Run:dataset_produces_1
[2024-10-31T06:21:48.833+0000] {logging_mixin.py:190} INFO - [2024-10-31T06:21:48.833+0000] {override.py:1900} INFO - Created Permission View: can create on DAG Run:dataset_produces_1
[2024-10-31T06:21:48.841+0000] {logging_mixin.py:190} INFO - [2024-10-31T06:21:48.841+0000] {override.py:1900} INFO - Created Permission View: can read on DAG Run:dataset_produces_1
[2024-10-31T06:21:48.847+0000] {logging_mixin.py:190} INFO - [2024-10-31T06:21:48.847+0000] {override.py:1900} INFO - Created Permission View: menu access on DAG Run:dataset_produces_1
[2024-10-31T06:21:48.859+0000] {logging_mixin.py:190} INFO - [2024-10-31T06:21:48.859+0000] {override.py:1900} INFO - Created Permission View: can delete on DAG:dataset_consumes_unknown_never_scheduled
[2024-10-31T06:21:48.865+0000] {logging_mixin.py:190} INFO - [2024-10-31T06:21:48.864+0000] {override.py:1900} INFO - Created Permission View: can read on DAG:dataset_consumes_unknown_never_scheduled
[2024-10-31T06:21:48.873+0000] {logging_mixin.py:190} INFO - [2024-10-31T06:21:48.873+0000] {override.py:1900} INFO - Created Permission View: can edit on DAG:dataset_consumes_unknown_never_scheduled
[2024-10-31T06:21:48.881+0000] {logging_mixin.py:190} INFO - [2024-10-31T06:21:48.881+0000] {override.py:1900} INFO - Created Permission View: can delete on DAG Run:dataset_consumes_unknown_never_scheduled
[2024-10-31T06:21:48.887+0000] {logging_mixin.py:190} INFO - [2024-10-31T06:21:48.887+0000] {override.py:1900} INFO - Created Permission View: can create on DAG Run:dataset_consumes_unknown_never_scheduled
[2024-10-31T06:21:48.894+0000] {logging_mixin.py:190} INFO - [2024-10-31T06:21:48.893+0000] {override.py:1900} INFO - Created Permission View: can read on DAG Run:dataset_consumes_unknown_never_scheduled
[2024-10-31T06:21:48.901+0000] {logging_mixin.py:190} INFO - [2024-10-31T06:21:48.901+0000] {override.py:1900} INFO - Created Permission View: menu access on DAG Run:dataset_consumes_unknown_never_scheduled
[2024-10-31T06:21:48.913+0000] {logging_mixin.py:190} INFO - [2024-10-31T06:21:48.913+0000] {override.py:1900} INFO - Created Permission View: can delete on DAG:conditional_dataset_and_time_based_timetable
[2024-10-31T06:21:48.919+0000] {logging_mixin.py:190} INFO - [2024-10-31T06:21:48.919+0000] {override.py:1900} INFO - Created Permission View: can read on DAG:conditional_dataset_and_time_based_timetable
[2024-10-31T06:21:48.925+0000] {logging_mixin.py:190} INFO - [2024-10-31T06:21:48.925+0000] {override.py:1900} INFO - Created Permission View: can edit on DAG:conditional_dataset_and_time_based_timetable
[2024-10-31T06:21:48.933+0000] {logging_mixin.py:190} INFO - [2024-10-31T06:21:48.933+0000] {override.py:1900} INFO - Created Permission View: can delete on DAG Run:conditional_dataset_and_time_based_timetable
[2024-10-31T06:21:48.939+0000] {logging_mixin.py:190} INFO - [2024-10-31T06:21:48.938+0000] {override.py:1900} INFO - Created Permission View: can create on DAG Run:conditional_dataset_and_time_based_timetable
[2024-10-31T06:21:48.945+0000] {logging_mixin.py:190} INFO - [2024-10-31T06:21:48.945+0000] {override.py:1900} INFO - Created Permission View: can read on DAG Run:conditional_dataset_and_time_based_timetable
[2024-10-31T06:21:48.951+0000] {logging_mixin.py:190} INFO - [2024-10-31T06:21:48.951+0000] {override.py:1900} INFO - Created Permission View: menu access on DAG Run:conditional_dataset_and_time_based_timetable
[2024-10-31T06:21:48.965+0000] {logging_mixin.py:190} INFO - [2024-10-31T06:21:48.964+0000] {override.py:1900} INFO - Created Permission View: can delete on DAG:dataset_consumes_1_and_2
[2024-10-31T06:21:48.971+0000] {logging_mixin.py:190} INFO - [2024-10-31T06:21:48.971+0000] {override.py:1900} INFO - Created Permission View: can read on DAG:dataset_consumes_1_and_2
[2024-10-31T06:21:48.977+0000] {logging_mixin.py:190} INFO - [2024-10-31T06:21:48.977+0000] {override.py:1900} INFO - Created Permission View: can edit on DAG:dataset_consumes_1_and_2
[2024-10-31T06:21:48.985+0000] {logging_mixin.py:190} INFO - [2024-10-31T06:21:48.985+0000] {override.py:1900} INFO - Created Permission View: can delete on DAG Run:dataset_consumes_1_and_2
[2024-10-31T06:21:48.992+0000] {logging_mixin.py:190} INFO - [2024-10-31T06:21:48.991+0000] {override.py:1900} INFO - Created Permission View: can create on DAG Run:dataset_consumes_1_and_2
[2024-10-31T06:21:48.997+0000] {logging_mixin.py:190} INFO - [2024-10-31T06:21:48.997+0000] {override.py:1900} INFO - Created Permission View: can read on DAG Run:dataset_consumes_1_and_2
[2024-10-31T06:21:49.002+0000] {logging_mixin.py:190} INFO - [2024-10-31T06:21:49.002+0000] {override.py:1900} INFO - Created Permission View: menu access on DAG Run:dataset_consumes_1_and_2
[2024-10-31T06:21:49.013+0000] {logging_mixin.py:190} INFO - [2024-10-31T06:21:49.013+0000] {override.py:1900} INFO - Created Permission View: can delete on DAG:consume_1_and_2_with_dataset_expressions
[2024-10-31T06:21:49.019+0000] {logging_mixin.py:190} INFO - [2024-10-31T06:21:49.019+0000] {override.py:1900} INFO - Created Permission View: can read on DAG:consume_1_and_2_with_dataset_expressions
[2024-10-31T06:21:49.025+0000] {logging_mixin.py:190} INFO - [2024-10-31T06:21:49.025+0000] {override.py:1900} INFO - Created Permission View: can edit on DAG:consume_1_and_2_with_dataset_expressions
[2024-10-31T06:21:49.033+0000] {logging_mixin.py:190} INFO - [2024-10-31T06:21:49.033+0000] {override.py:1900} INFO - Created Permission View: can delete on DAG Run:consume_1_and_2_with_dataset_expressions
[2024-10-31T06:21:49.039+0000] {logging_mixin.py:190} INFO - [2024-10-31T06:21:49.039+0000] {override.py:1900} INFO - Created Permission View: can create on DAG Run:consume_1_and_2_with_dataset_expressions
[2024-10-31T06:21:49.045+0000] {logging_mixin.py:190} INFO - [2024-10-31T06:21:49.045+0000] {override.py:1900} INFO - Created Permission View: can read on DAG Run:consume_1_and_2_with_dataset_expressions
[2024-10-31T06:21:49.055+0000] {logging_mixin.py:190} INFO - [2024-10-31T06:21:49.055+0000] {override.py:1900} INFO - Created Permission View: menu access on DAG Run:consume_1_and_2_with_dataset_expressions
[2024-10-31T06:21:49.067+0000] {logging_mixin.py:190} INFO - [2024-10-31T06:21:49.067+0000] {override.py:1900} INFO - Created Permission View: can delete on DAG:dataset_consumes_1_never_scheduled
[2024-10-31T06:21:49.073+0000] {logging_mixin.py:190} INFO - [2024-10-31T06:21:49.073+0000] {override.py:1900} INFO - Created Permission View: can read on DAG:dataset_consumes_1_never_scheduled
[2024-10-31T06:21:49.079+0000] {logging_mixin.py:190} INFO - [2024-10-31T06:21:49.079+0000] {override.py:1900} INFO - Created Permission View: can edit on DAG:dataset_consumes_1_never_scheduled
[2024-10-31T06:21:49.087+0000] {logging_mixin.py:190} INFO - [2024-10-31T06:21:49.087+0000] {override.py:1900} INFO - Created Permission View: can delete on DAG Run:dataset_consumes_1_never_scheduled
[2024-10-31T06:21:49.093+0000] {logging_mixin.py:190} INFO - [2024-10-31T06:21:49.093+0000] {override.py:1900} INFO - Created Permission View: can create on DAG Run:dataset_consumes_1_never_scheduled
[2024-10-31T06:21:49.099+0000] {logging_mixin.py:190} INFO - [2024-10-31T06:21:49.099+0000] {override.py:1900} INFO - Created Permission View: can read on DAG Run:dataset_consumes_1_never_scheduled
[2024-10-31T06:21:49.105+0000] {logging_mixin.py:190} INFO - [2024-10-31T06:21:49.105+0000] {override.py:1900} INFO - Created Permission View: menu access on DAG Run:dataset_consumes_1_never_scheduled
[2024-10-31T06:21:49.117+0000] {logging_mixin.py:190} INFO - [2024-10-31T06:21:49.117+0000] {override.py:1900} INFO - Created Permission View: can delete on DAG:consume_1_or_both_2_and_3_with_dataset_expressions
[2024-10-31T06:21:49.123+0000] {logging_mixin.py:190} INFO - [2024-10-31T06:21:49.123+0000] {override.py:1900} INFO - Created Permission View: can read on DAG:consume_1_or_both_2_and_3_with_dataset_expressions
[2024-10-31T06:21:49.128+0000] {logging_mixin.py:190} INFO - [2024-10-31T06:21:49.127+0000] {override.py:1900} INFO - Created Permission View: can edit on DAG:consume_1_or_both_2_and_3_with_dataset_expressions
[2024-10-31T06:21:49.135+0000] {logging_mixin.py:190} INFO - [2024-10-31T06:21:49.135+0000] {override.py:1900} INFO - Created Permission View: can delete on DAG Run:consume_1_or_both_2_and_3_with_dataset_expressions
[2024-10-31T06:21:49.140+0000] {logging_mixin.py:190} INFO - [2024-10-31T06:21:49.140+0000] {override.py:1900} INFO - Created Permission View: can create on DAG Run:consume_1_or_both_2_and_3_with_dataset_expressions
[2024-10-31T06:21:49.145+0000] {logging_mixin.py:190} INFO - [2024-10-31T06:21:49.145+0000] {override.py:1900} INFO - Created Permission View: can read on DAG Run:consume_1_or_both_2_and_3_with_dataset_expressions
[2024-10-31T06:21:49.151+0000] {logging_mixin.py:190} INFO - [2024-10-31T06:21:49.151+0000] {override.py:1900} INFO - Created Permission View: menu access on DAG Run:consume_1_or_both_2_and_3_with_dataset_expressions
[2024-10-31T06:21:49.163+0000] {logging_mixin.py:190} INFO - [2024-10-31T06:21:49.163+0000] {override.py:1900} INFO - Created Permission View: can delete on DAG:consume_1_or_2_with_dataset_expressions
[2024-10-31T06:21:49.171+0000] {logging_mixin.py:190} INFO - [2024-10-31T06:21:49.171+0000] {override.py:1900} INFO - Created Permission View: can read on DAG:consume_1_or_2_with_dataset_expressions
[2024-10-31T06:21:49.177+0000] {logging_mixin.py:190} INFO - [2024-10-31T06:21:49.177+0000] {override.py:1900} INFO - Created Permission View: can edit on DAG:consume_1_or_2_with_dataset_expressions
[2024-10-31T06:21:49.185+0000] {logging_mixin.py:190} INFO - [2024-10-31T06:21:49.185+0000] {override.py:1900} INFO - Created Permission View: can delete on DAG Run:consume_1_or_2_with_dataset_expressions
[2024-10-31T06:21:49.191+0000] {logging_mixin.py:190} INFO - [2024-10-31T06:21:49.191+0000] {override.py:1900} INFO - Created Permission View: can create on DAG Run:consume_1_or_2_with_dataset_expressions
[2024-10-31T06:21:49.197+0000] {logging_mixin.py:190} INFO - [2024-10-31T06:21:49.197+0000] {override.py:1900} INFO - Created Permission View: can read on DAG Run:consume_1_or_2_with_dataset_expressions
[2024-10-31T06:21:49.203+0000] {logging_mixin.py:190} INFO - [2024-10-31T06:21:49.203+0000] {override.py:1900} INFO - Created Permission View: menu access on DAG Run:consume_1_or_2_with_dataset_expressions
[2024-10-31T06:21:49.213+0000] {logging_mixin.py:190} INFO - [2024-10-31T06:21:49.213+0000] {override.py:1900} INFO - Created Permission View: can delete on DAG:dataset_produces_2
[2024-10-31T06:21:49.222+0000] {logging_mixin.py:190} INFO - [2024-10-31T06:21:49.221+0000] {override.py:1900} INFO - Created Permission View: can read on DAG:dataset_produces_2
[2024-10-31T06:21:49.227+0000] {logging_mixin.py:190} INFO - [2024-10-31T06:21:49.227+0000] {override.py:1900} INFO - Created Permission View: can edit on DAG:dataset_produces_2
[2024-10-31T06:21:49.235+0000] {logging_mixin.py:190} INFO - [2024-10-31T06:21:49.235+0000] {override.py:1900} INFO - Created Permission View: can delete on DAG Run:dataset_produces_2
[2024-10-31T06:21:49.240+0000] {logging_mixin.py:190} INFO - [2024-10-31T06:21:49.240+0000] {override.py:1900} INFO - Created Permission View: can create on DAG Run:dataset_produces_2
[2024-10-31T06:21:49.247+0000] {logging_mixin.py:190} INFO - [2024-10-31T06:21:49.247+0000] {override.py:1900} INFO - Created Permission View: can read on DAG Run:dataset_produces_2
[2024-10-31T06:21:49.253+0000] {logging_mixin.py:190} INFO - [2024-10-31T06:21:49.253+0000] {override.py:1900} INFO - Created Permission View: menu access on DAG Run:dataset_produces_2
[2024-10-31T06:21:49.254+0000] {logging_mixin.py:190} INFO - [2024-10-31T06:21:49.254+0000] {dag.py:3239} INFO - Sync 10 DAGs
[2024-10-31T06:21:49.264+0000] {logging_mixin.py:190} INFO - [2024-10-31T06:21:49.264+0000] {dag.py:3262} INFO - Creating ORM DAG for dataset_consumes_unknown_never_scheduled
[2024-10-31T06:21:49.265+0000] {logging_mixin.py:190} INFO - [2024-10-31T06:21:49.265+0000] {dag.py:3262} INFO - Creating ORM DAG for consume_1_or_both_2_and_3_with_dataset_expressions
[2024-10-31T06:21:49.265+0000] {logging_mixin.py:190} INFO - [2024-10-31T06:21:49.265+0000] {dag.py:3262} INFO - Creating ORM DAG for dataset_produces_2
[2024-10-31T06:21:49.266+0000] {logging_mixin.py:190} INFO - [2024-10-31T06:21:49.265+0000] {dag.py:3262} INFO - Creating ORM DAG for dataset_produces_1
[2024-10-31T06:21:49.266+0000] {logging_mixin.py:190} INFO - [2024-10-31T06:21:49.266+0000] {dag.py:3262} INFO - Creating ORM DAG for dataset_consumes_1_never_scheduled
[2024-10-31T06:21:49.266+0000] {logging_mixin.py:190} INFO - [2024-10-31T06:21:49.266+0000] {dag.py:3262} INFO - Creating ORM DAG for dataset_consumes_1
[2024-10-31T06:21:49.266+0000] {logging_mixin.py:190} INFO - [2024-10-31T06:21:49.266+0000] {dag.py:3262} INFO - Creating ORM DAG for consume_1_or_2_with_dataset_expressions
[2024-10-31T06:21:49.267+0000] {logging_mixin.py:190} INFO - [2024-10-31T06:21:49.266+0000] {dag.py:3262} INFO - Creating ORM DAG for consume_1_and_2_with_dataset_expressions
[2024-10-31T06:21:49.267+0000] {logging_mixin.py:190} INFO - [2024-10-31T06:21:49.267+0000] {dag.py:3262} INFO - Creating ORM DAG for conditional_dataset_and_time_based_timetable
[2024-10-31T06:21:49.267+0000] {logging_mixin.py:190} INFO - [2024-10-31T06:21:49.267+0000] {dag.py:3262} INFO - Creating ORM DAG for dataset_consumes_1_and_2
[2024-10-31T06:21:49.276+0000] {logging_mixin.py:190} INFO - [2024-10-31T06:21:49.276+0000] {dag.py:4180} INFO - Setting next_dagrun for conditional_dataset_and_time_based_timetable to 2024-10-30 01:00:00+00:00, run_after=2024-10-30 01:00:00+00:00
[2024-10-31T06:21:49.276+0000] {logging_mixin.py:190} INFO - [2024-10-31T06:21:49.276+0000] {dag.py:4180} INFO - Setting next_dagrun for consume_1_and_2_with_dataset_expressions to None, run_after=None
[2024-10-31T06:21:49.277+0000] {logging_mixin.py:190} INFO - [2024-10-31T06:21:49.276+0000] {dag.py:4180} INFO - Setting next_dagrun for consume_1_or_2_with_dataset_expressions to None, run_after=None
[2024-10-31T06:21:49.277+0000] {logging_mixin.py:190} INFO - [2024-10-31T06:21:49.277+0000] {dag.py:4180} INFO - Setting next_dagrun for consume_1_or_both_2_and_3_with_dataset_expressions to None, run_after=None
[2024-10-31T06:21:49.277+0000] {logging_mixin.py:190} INFO - [2024-10-31T06:21:49.277+0000] {dag.py:4180} INFO - Setting next_dagrun for dataset_consumes_1 to None, run_after=None
[2024-10-31T06:21:49.277+0000] {logging_mixin.py:190} INFO - [2024-10-31T06:21:49.277+0000] {dag.py:4180} INFO - Setting next_dagrun for dataset_consumes_1_and_2 to None, run_after=None
[2024-10-31T06:21:49.277+0000] {logging_mixin.py:190} INFO - [2024-10-31T06:21:49.277+0000] {dag.py:4180} INFO - Setting next_dagrun for dataset_consumes_1_never_scheduled to None, run_after=None
[2024-10-31T06:21:49.278+0000] {logging_mixin.py:190} INFO - [2024-10-31T06:21:49.278+0000] {dag.py:4180} INFO - Setting next_dagrun for dataset_consumes_unknown_never_scheduled to None, run_after=None
[2024-10-31T06:21:49.279+0000] {logging_mixin.py:190} INFO - [2024-10-31T06:21:49.279+0000] {dag.py:4180} INFO - Setting next_dagrun for dataset_produces_1 to 2024-10-30 00:00:00+00:00, run_after=2024-10-31 00:00:00+00:00
[2024-10-31T06:21:49.279+0000] {logging_mixin.py:190} INFO - [2024-10-31T06:21:49.279+0000] {dag.py:4180} INFO - Setting next_dagrun for dataset_produces_2 to None, run_after=None
[2024-10-31T06:21:49.314+0000] {processor.py:208} INFO - Processing /home/airflow/.local/lib/python3.12/site-packages/airflow/example_dags/example_datasets.py took 1.685 seconds
[2024-10-31T06:22:20.083+0000] {processor.py:186} INFO - Started process (PID=114) to work on /home/airflow/.local/lib/python3.12/site-packages/airflow/example_dags/example_datasets.py
[2024-10-31T06:22:20.094+0000] {processor.py:914} INFO - Processing file /home/airflow/.local/lib/python3.12/site-packages/airflow/example_dags/example_datasets.py for tasks to queue
[2024-10-31T06:22:20.096+0000] {logging_mixin.py:190} INFO - [2024-10-31T06:22:20.095+0000] {dagbag.py:588} INFO - Filling up the DagBag from /home/airflow/.local/lib/python3.12/site-packages/airflow/example_dags/example_datasets.py
[2024-10-31T06:22:20.201+0000] {processor.py:925} INFO - DAG(s) 'dataset_consumes_1_and_2', 'dataset_produces_2', 'consume_1_or_2_with_dataset_expressions', 'consume_1_or_both_2_and_3_with_dataset_expressions', 'conditional_dataset_and_time_based_timetable', 'dataset_consumes_1', 'dataset_consumes_1_never_scheduled', 'consume_1_and_2_with_dataset_expressions', 'dataset_consumes_unknown_never_scheduled', 'dataset_produces_1' retrieved from /home/airflow/.local/lib/python3.12/site-packages/airflow/example_dags/example_datasets.py
[2024-10-31T06:22:20.232+0000] {logging_mixin.py:190} INFO - [2024-10-31T06:22:20.232+0000] {dag.py:3239} INFO - Sync 10 DAGs
[2024-10-31T06:22:20.250+0000] {logging_mixin.py:190} INFO - [2024-10-31T06:22:20.250+0000] {dag.py:4180} INFO - Setting next_dagrun for conditional_dataset_and_time_based_timetable to 2024-10-30 01:00:00+00:00, run_after=2024-10-30 01:00:00+00:00
[2024-10-31T06:22:20.253+0000] {logging_mixin.py:190} INFO - [2024-10-31T06:22:20.253+0000] {dag.py:4180} INFO - Setting next_dagrun for consume_1_and_2_with_dataset_expressions to None, run_after=None
[2024-10-31T06:22:20.254+0000] {logging_mixin.py:190} INFO - [2024-10-31T06:22:20.254+0000] {dag.py:4180} INFO - Setting next_dagrun for consume_1_or_2_with_dataset_expressions to None, run_after=None
[2024-10-31T06:22:20.255+0000] {logging_mixin.py:190} INFO - [2024-10-31T06:22:20.254+0000] {dag.py:4180} INFO - Setting next_dagrun for consume_1_or_both_2_and_3_with_dataset_expressions to None, run_after=None
[2024-10-31T06:22:20.255+0000] {logging_mixin.py:190} INFO - [2024-10-31T06:22:20.255+0000] {dag.py:4180} INFO - Setting next_dagrun for dataset_consumes_1 to None, run_after=None
[2024-10-31T06:22:20.256+0000] {logging_mixin.py:190} INFO - [2024-10-31T06:22:20.256+0000] {dag.py:4180} INFO - Setting next_dagrun for dataset_consumes_1_and_2 to None, run_after=None
[2024-10-31T06:22:20.257+0000] {logging_mixin.py:190} INFO - [2024-10-31T06:22:20.257+0000] {dag.py:4180} INFO - Setting next_dagrun for dataset_consumes_1_never_scheduled to None, run_after=None
[2024-10-31T06:22:20.257+0000] {logging_mixin.py:190} INFO - [2024-10-31T06:22:20.257+0000] {dag.py:4180} INFO - Setting next_dagrun for dataset_consumes_unknown_never_scheduled to None, run_after=None
[2024-10-31T06:22:20.259+0000] {logging_mixin.py:190} INFO - [2024-10-31T06:22:20.259+0000] {dag.py:4180} INFO - Setting next_dagrun for dataset_produces_1 to 2024-10-30 00:00:00+00:00, run_after=2024-10-31 00:00:00+00:00
[2024-10-31T06:22:20.260+0000] {logging_mixin.py:190} INFO - [2024-10-31T06:22:20.260+0000] {dag.py:4180} INFO - Setting next_dagrun for dataset_produces_2 to None, run_after=None
[2024-10-31T06:22:20.283+0000] {processor.py:208} INFO - Processing /home/airflow/.local/lib/python3.12/site-packages/airflow/example_dags/example_datasets.py took 0.204 seconds
[2024-10-31T06:22:50.679+0000] {processor.py:186} INFO - Started process (PID=176) to work on /home/airflow/.local/lib/python3.12/site-packages/airflow/example_dags/example_datasets.py
[2024-10-31T06:22:50.680+0000] {processor.py:914} INFO - Processing file /home/airflow/.local/lib/python3.12/site-packages/airflow/example_dags/example_datasets.py for tasks to queue
[2024-10-31T06:22:50.682+0000] {logging_mixin.py:190} INFO - [2024-10-31T06:22:50.681+0000] {dagbag.py:588} INFO - Filling up the DagBag from /home/airflow/.local/lib/python3.12/site-packages/airflow/example_dags/example_datasets.py
[2024-10-31T06:22:50.795+0000] {processor.py:925} INFO - DAG(s) 'conditional_dataset_and_time_based_timetable', 'consume_1_or_both_2_and_3_with_dataset_expressions', 'dataset_consumes_1', 'dataset_consumes_unknown_never_scheduled', 'consume_1_and_2_with_dataset_expressions', 'dataset_consumes_1_never_scheduled', 'dataset_produces_1', 'dataset_consumes_1_and_2', 'dataset_produces_2', 'consume_1_or_2_with_dataset_expressions' retrieved from /home/airflow/.local/lib/python3.12/site-packages/airflow/example_dags/example_datasets.py
[2024-10-31T06:22:50.836+0000] {logging_mixin.py:190} INFO - [2024-10-31T06:22:50.836+0000] {dag.py:3239} INFO - Sync 10 DAGs
[2024-10-31T06:22:50.861+0000] {logging_mixin.py:190} INFO - [2024-10-31T06:22:50.860+0000] {dag.py:4180} INFO - Setting next_dagrun for conditional_dataset_and_time_based_timetable to 2024-10-30 01:00:00+00:00, run_after=2024-10-30 01:00:00+00:00
[2024-10-31T06:22:50.863+0000] {logging_mixin.py:190} INFO - [2024-10-31T06:22:50.863+0000] {dag.py:4180} INFO - Setting next_dagrun for consume_1_and_2_with_dataset_expressions to None, run_after=None
[2024-10-31T06:22:50.864+0000] {logging_mixin.py:190} INFO - [2024-10-31T06:22:50.864+0000] {dag.py:4180} INFO - Setting next_dagrun for consume_1_or_2_with_dataset_expressions to None, run_after=None
[2024-10-31T06:22:50.865+0000] {logging_mixin.py:190} INFO - [2024-10-31T06:22:50.865+0000] {dag.py:4180} INFO - Setting next_dagrun for consume_1_or_both_2_and_3_with_dataset_expressions to None, run_after=None
[2024-10-31T06:22:50.866+0000] {logging_mixin.py:190} INFO - [2024-10-31T06:22:50.866+0000] {dag.py:4180} INFO - Setting next_dagrun for dataset_consumes_1 to None, run_after=None
[2024-10-31T06:22:50.867+0000] {logging_mixin.py:190} INFO - [2024-10-31T06:22:50.867+0000] {dag.py:4180} INFO - Setting next_dagrun for dataset_consumes_1_and_2 to None, run_after=None
[2024-10-31T06:22:50.868+0000] {logging_mixin.py:190} INFO - [2024-10-31T06:22:50.868+0000] {dag.py:4180} INFO - Setting next_dagrun for dataset_consumes_1_never_scheduled to None, run_after=None
[2024-10-31T06:22:50.869+0000] {logging_mixin.py:190} INFO - [2024-10-31T06:22:50.868+0000] {dag.py:4180} INFO - Setting next_dagrun for dataset_consumes_unknown_never_scheduled to None, run_after=None
[2024-10-31T06:22:50.870+0000] {logging_mixin.py:190} INFO - [2024-10-31T06:22:50.870+0000] {dag.py:4180} INFO - Setting next_dagrun for dataset_produces_1 to 2024-10-30 00:00:00+00:00, run_after=2024-10-31 00:00:00+00:00
[2024-10-31T06:22:50.871+0000] {logging_mixin.py:190} INFO - [2024-10-31T06:22:50.871+0000] {dag.py:4180} INFO - Setting next_dagrun for dataset_produces_2 to None, run_after=None
[2024-10-31T06:22:50.902+0000] {processor.py:208} INFO - Processing /home/airflow/.local/lib/python3.12/site-packages/airflow/example_dags/example_datasets.py took 0.228 seconds
[2024-10-31T06:23:21.478+0000] {processor.py:186} INFO - Started process (PID=238) to work on /home/airflow/.local/lib/python3.12/site-packages/airflow/example_dags/example_datasets.py
[2024-10-31T06:23:21.479+0000] {processor.py:914} INFO - Processing file /home/airflow/.local/lib/python3.12/site-packages/airflow/example_dags/example_datasets.py for tasks to queue
[2024-10-31T06:23:21.480+0000] {logging_mixin.py:190} INFO - [2024-10-31T06:23:21.480+0000] {dagbag.py:588} INFO - Filling up the DagBag from /home/airflow/.local/lib/python3.12/site-packages/airflow/example_dags/example_datasets.py
[2024-10-31T06:23:21.641+0000] {processor.py:925} INFO - DAG(s) 'dataset_consumes_unknown_never_scheduled', 'consume_1_or_2_with_dataset_expressions', 'dataset_produces_1', 'consume_1_and_2_with_dataset_expressions', 'dataset_produces_2', 'dataset_consumes_1', 'dataset_consumes_1_and_2', 'dataset_consumes_1_never_scheduled', 'consume_1_or_both_2_and_3_with_dataset_expressions', 'conditional_dataset_and_time_based_timetable' retrieved from /home/airflow/.local/lib/python3.12/site-packages/airflow/example_dags/example_datasets.py
[2024-10-31T06:23:21.672+0000] {logging_mixin.py:190} INFO - [2024-10-31T06:23:21.672+0000] {dag.py:3239} INFO - Sync 10 DAGs
[2024-10-31T06:23:21.691+0000] {logging_mixin.py:190} INFO - [2024-10-31T06:23:21.690+0000] {dag.py:4180} INFO - Setting next_dagrun for conditional_dataset_and_time_based_timetable to 2024-10-30 01:00:00+00:00, run_after=2024-10-30 01:00:00+00:00
[2024-10-31T06:23:21.693+0000] {logging_mixin.py:190} INFO - [2024-10-31T06:23:21.693+0000] {dag.py:4180} INFO - Setting next_dagrun for consume_1_and_2_with_dataset_expressions to None, run_after=None
[2024-10-31T06:23:21.694+0000] {logging_mixin.py:190} INFO - [2024-10-31T06:23:21.694+0000] {dag.py:4180} INFO - Setting next_dagrun for consume_1_or_2_with_dataset_expressions to None, run_after=None
[2024-10-31T06:23:21.695+0000] {logging_mixin.py:190} INFO - [2024-10-31T06:23:21.695+0000] {dag.py:4180} INFO - Setting next_dagrun for consume_1_or_both_2_and_3_with_dataset_expressions to None, run_after=None
[2024-10-31T06:23:21.695+0000] {logging_mixin.py:190} INFO - [2024-10-31T06:23:21.695+0000] {dag.py:4180} INFO - Setting next_dagrun for dataset_consumes_1 to None, run_after=None
[2024-10-31T06:23:21.696+0000] {logging_mixin.py:190} INFO - [2024-10-31T06:23:21.696+0000] {dag.py:4180} INFO - Setting next_dagrun for dataset_consumes_1_and_2 to None, run_after=None
[2024-10-31T06:23:21.697+0000] {logging_mixin.py:190} INFO - [2024-10-31T06:23:21.697+0000] {dag.py:4180} INFO - Setting next_dagrun for dataset_consumes_1_never_scheduled to None, run_after=None
[2024-10-31T06:23:21.698+0000] {logging_mixin.py:190} INFO - [2024-10-31T06:23:21.697+0000] {dag.py:4180} INFO - Setting next_dagrun for dataset_consumes_unknown_never_scheduled to None, run_after=None
[2024-10-31T06:23:21.699+0000] {logging_mixin.py:190} INFO - [2024-10-31T06:23:21.699+0000] {dag.py:4180} INFO - Setting next_dagrun for dataset_produces_1 to 2024-10-30 00:00:00+00:00, run_after=2024-10-31 00:00:00+00:00
[2024-10-31T06:23:21.700+0000] {logging_mixin.py:190} INFO - [2024-10-31T06:23:21.700+0000] {dag.py:4180} INFO - Setting next_dagrun for dataset_produces_2 to None, run_after=None
[2024-10-31T06:23:21.724+0000] {processor.py:208} INFO - Processing /home/airflow/.local/lib/python3.12/site-packages/airflow/example_dags/example_datasets.py took 0.251 seconds
[2024-10-31T06:23:52.179+0000] {processor.py:186} INFO - Started process (PID=300) to work on /home/airflow/.local/lib/python3.12/site-packages/airflow/example_dags/example_datasets.py
[2024-10-31T06:23:52.180+0000] {processor.py:914} INFO - Processing file /home/airflow/.local/lib/python3.12/site-packages/airflow/example_dags/example_datasets.py for tasks to queue
[2024-10-31T06:23:52.182+0000] {logging_mixin.py:190} INFO - [2024-10-31T06:23:52.182+0000] {dagbag.py:588} INFO - Filling up the DagBag from /home/airflow/.local/lib/python3.12/site-packages/airflow/example_dags/example_datasets.py
[2024-10-31T06:23:52.345+0000] {processor.py:925} INFO - DAG(s) 'conditional_dataset_and_time_based_timetable', 'consume_1_or_2_with_dataset_expressions', 'dataset_consumes_1_and_2', 'consume_1_and_2_with_dataset_expressions', 'dataset_produces_2', 'consume_1_or_both_2_and_3_with_dataset_expressions', 'dataset_consumes_unknown_never_scheduled', 'dataset_consumes_1', 'dataset_consumes_1_never_scheduled', 'dataset_produces_1' retrieved from /home/airflow/.local/lib/python3.12/site-packages/airflow/example_dags/example_datasets.py
[2024-10-31T06:23:52.374+0000] {logging_mixin.py:190} INFO - [2024-10-31T06:23:52.373+0000] {dag.py:3239} INFO - Sync 10 DAGs
[2024-10-31T06:23:52.393+0000] {logging_mixin.py:190} INFO - [2024-10-31T06:23:52.393+0000] {dag.py:4180} INFO - Setting next_dagrun for conditional_dataset_and_time_based_timetable to 2024-10-30 01:00:00+00:00, run_after=2024-10-30 01:00:00+00:00
[2024-10-31T06:23:52.395+0000] {logging_mixin.py:190} INFO - [2024-10-31T06:23:52.395+0000] {dag.py:4180} INFO - Setting next_dagrun for consume_1_and_2_with_dataset_expressions to None, run_after=None
[2024-10-31T06:23:52.396+0000] {logging_mixin.py:190} INFO - [2024-10-31T06:23:52.396+0000] {dag.py:4180} INFO - Setting next_dagrun for consume_1_or_2_with_dataset_expressions to None, run_after=None
[2024-10-31T06:23:52.397+0000] {logging_mixin.py:190} INFO - [2024-10-31T06:23:52.397+0000] {dag.py:4180} INFO - Setting next_dagrun for consume_1_or_both_2_and_3_with_dataset_expressions to None, run_after=None
[2024-10-31T06:23:52.398+0000] {logging_mixin.py:190} INFO - [2024-10-31T06:23:52.398+0000] {dag.py:4180} INFO - Setting next_dagrun for dataset_consumes_1 to None, run_after=None
[2024-10-31T06:23:52.399+0000] {logging_mixin.py:190} INFO - [2024-10-31T06:23:52.399+0000] {dag.py:4180} INFO - Setting next_dagrun for dataset_consumes_1_and_2 to None, run_after=None
[2024-10-31T06:23:52.399+0000] {logging_mixin.py:190} INFO - [2024-10-31T06:23:52.399+0000] {dag.py:4180} INFO - Setting next_dagrun for dataset_consumes_1_never_scheduled to None, run_after=None
[2024-10-31T06:23:52.400+0000] {logging_mixin.py:190} INFO - [2024-10-31T06:23:52.400+0000] {dag.py:4180} INFO - Setting next_dagrun for dataset_consumes_unknown_never_scheduled to None, run_after=None
[2024-10-31T06:23:52.402+0000] {logging_mixin.py:190} INFO - [2024-10-31T06:23:52.402+0000] {dag.py:4180} INFO - Setting next_dagrun for dataset_produces_1 to 2024-10-30 00:00:00+00:00, run_after=2024-10-31 00:00:00+00:00
[2024-10-31T06:23:52.403+0000] {logging_mixin.py:190} INFO - [2024-10-31T06:23:52.402+0000] {dag.py:4180} INFO - Setting next_dagrun for dataset_produces_2 to None, run_after=None
[2024-10-31T06:23:52.430+0000] {processor.py:208} INFO - Processing /home/airflow/.local/lib/python3.12/site-packages/airflow/example_dags/example_datasets.py took 0.255 seconds
[2024-10-31T06:24:23.381+0000] {processor.py:186} INFO - Started process (PID=364) to work on /home/airflow/.local/lib/python3.12/site-packages/airflow/example_dags/example_datasets.py
[2024-10-31T06:24:23.382+0000] {processor.py:914} INFO - Processing file /home/airflow/.local/lib/python3.12/site-packages/airflow/example_dags/example_datasets.py for tasks to queue
[2024-10-31T06:24:23.384+0000] {logging_mixin.py:190} INFO - [2024-10-31T06:24:23.384+0000] {dagbag.py:588} INFO - Filling up the DagBag from /home/airflow/.local/lib/python3.12/site-packages/airflow/example_dags/example_datasets.py
[2024-10-31T06:24:23.511+0000] {processor.py:925} INFO - DAG(s) 'consume_1_or_both_2_and_3_with_dataset_expressions', 'dataset_consumes_unknown_never_scheduled', 'consume_1_and_2_with_dataset_expressions', 'dataset_produces_2', 'dataset_consumes_1_and_2', 'dataset_produces_1', 'consume_1_or_2_with_dataset_expressions', 'conditional_dataset_and_time_based_timetable', 'dataset_consumes_1_never_scheduled', 'dataset_consumes_1' retrieved from /home/airflow/.local/lib/python3.12/site-packages/airflow/example_dags/example_datasets.py
[2024-10-31T06:24:23.541+0000] {logging_mixin.py:190} INFO - [2024-10-31T06:24:23.541+0000] {dag.py:3239} INFO - Sync 10 DAGs
[2024-10-31T06:24:23.561+0000] {logging_mixin.py:190} INFO - [2024-10-31T06:24:23.560+0000] {dag.py:4180} INFO - Setting next_dagrun for conditional_dataset_and_time_based_timetable to 2024-10-30 01:00:00+00:00, run_after=2024-10-30 01:00:00+00:00
[2024-10-31T06:24:23.563+0000] {logging_mixin.py:190} INFO - [2024-10-31T06:24:23.563+0000] {dag.py:4180} INFO - Setting next_dagrun for consume_1_and_2_with_dataset_expressions to None, run_after=None
[2024-10-31T06:24:23.564+0000] {logging_mixin.py:190} INFO - [2024-10-31T06:24:23.564+0000] {dag.py:4180} INFO - Setting next_dagrun for consume_1_or_2_with_dataset_expressions to None, run_after=None
[2024-10-31T06:24:23.565+0000] {logging_mixin.py:190} INFO - [2024-10-31T06:24:23.564+0000] {dag.py:4180} INFO - Setting next_dagrun for consume_1_or_both_2_and_3_with_dataset_expressions to None, run_after=None
[2024-10-31T06:24:23.565+0000] {logging_mixin.py:190} INFO - [2024-10-31T06:24:23.565+0000] {dag.py:4180} INFO - Setting next_dagrun for dataset_consumes_1 to None, run_after=None
[2024-10-31T06:24:23.566+0000] {logging_mixin.py:190} INFO - [2024-10-31T06:24:23.566+0000] {dag.py:4180} INFO - Setting next_dagrun for dataset_consumes_1_and_2 to None, run_after=None
[2024-10-31T06:24:23.567+0000] {logging_mixin.py:190} INFO - [2024-10-31T06:24:23.567+0000] {dag.py:4180} INFO - Setting next_dagrun for dataset_consumes_1_never_scheduled to None, run_after=None
[2024-10-31T06:24:23.568+0000] {logging_mixin.py:190} INFO - [2024-10-31T06:24:23.568+0000] {dag.py:4180} INFO - Setting next_dagrun for dataset_consumes_unknown_never_scheduled to None, run_after=None
[2024-10-31T06:24:23.569+0000] {logging_mixin.py:190} INFO - [2024-10-31T06:24:23.569+0000] {dag.py:4180} INFO - Setting next_dagrun for dataset_produces_1 to 2024-10-30 00:00:00+00:00, run_after=2024-10-31 00:00:00+00:00
[2024-10-31T06:24:23.570+0000] {logging_mixin.py:190} INFO - [2024-10-31T06:24:23.570+0000] {dag.py:4180} INFO - Setting next_dagrun for dataset_produces_2 to None, run_after=None
[2024-10-31T06:24:23.595+0000] {processor.py:208} INFO - Processing /home/airflow/.local/lib/python3.12/site-packages/airflow/example_dags/example_datasets.py took 0.219 seconds
[2024-10-31T06:24:53.715+0000] {processor.py:186} INFO - Started process (PID=430) to work on /home/airflow/.local/lib/python3.12/site-packages/airflow/example_dags/example_datasets.py
[2024-10-31T06:24:53.717+0000] {processor.py:914} INFO - Processing file /home/airflow/.local/lib/python3.12/site-packages/airflow/example_dags/example_datasets.py for tasks to queue
[2024-10-31T06:24:53.720+0000] {logging_mixin.py:190} INFO - [2024-10-31T06:24:53.720+0000] {dagbag.py:588} INFO - Filling up the DagBag from /home/airflow/.local/lib/python3.12/site-packages/airflow/example_dags/example_datasets.py
[2024-10-31T06:24:54.011+0000] {processor.py:925} INFO - DAG(s) 'conditional_dataset_and_time_based_timetable', 'dataset_consumes_1', 'dataset_produces_2', 'dataset_produces_1', 'dataset_consumes_1_never_scheduled', 'consume_1_and_2_with_dataset_expressions', 'dataset_consumes_1_and_2', 'consume_1_or_2_with_dataset_expressions', 'consume_1_or_both_2_and_3_with_dataset_expressions', 'dataset_consumes_unknown_never_scheduled' retrieved from /home/airflow/.local/lib/python3.12/site-packages/airflow/example_dags/example_datasets.py
[2024-10-31T06:24:54.101+0000] {logging_mixin.py:190} INFO - [2024-10-31T06:24:54.100+0000] {dag.py:3239} INFO - Sync 10 DAGs
[2024-10-31T06:24:54.151+0000] {logging_mixin.py:190} INFO - [2024-10-31T06:24:54.150+0000] {dag.py:4180} INFO - Setting next_dagrun for conditional_dataset_and_time_based_timetable to 2024-11-06 01:00:00+00:00, run_after=2024-11-06 01:00:00+00:00
[2024-10-31T06:24:54.158+0000] {logging_mixin.py:190} INFO - [2024-10-31T06:24:54.157+0000] {dag.py:4180} INFO - Setting next_dagrun for consume_1_and_2_with_dataset_expressions to None, run_after=None
[2024-10-31T06:24:54.161+0000] {logging_mixin.py:190} INFO - [2024-10-31T06:24:54.160+0000] {dag.py:4180} INFO - Setting next_dagrun for consume_1_or_2_with_dataset_expressions to None, run_after=None
[2024-10-31T06:24:54.164+0000] {logging_mixin.py:190} INFO - [2024-10-31T06:24:54.164+0000] {dag.py:4180} INFO - Setting next_dagrun for consume_1_or_both_2_and_3_with_dataset_expressions to None, run_after=None
[2024-10-31T06:24:54.166+0000] {logging_mixin.py:190} INFO - [2024-10-31T06:24:54.166+0000] {dag.py:4180} INFO - Setting next_dagrun for dataset_consumes_1 to None, run_after=None
[2024-10-31T06:24:54.168+0000] {logging_mixin.py:190} INFO - [2024-10-31T06:24:54.168+0000] {dag.py:4180} INFO - Setting next_dagrun for dataset_consumes_1_and_2 to None, run_after=None
[2024-10-31T06:24:54.170+0000] {logging_mixin.py:190} INFO - [2024-10-31T06:24:54.170+0000] {dag.py:4180} INFO - Setting next_dagrun for dataset_consumes_1_never_scheduled to None, run_after=None
[2024-10-31T06:24:54.171+0000] {logging_mixin.py:190} INFO - [2024-10-31T06:24:54.171+0000] {dag.py:4180} INFO - Setting next_dagrun for dataset_consumes_unknown_never_scheduled to None, run_after=None
[2024-10-31T06:24:54.175+0000] {logging_mixin.py:190} INFO - [2024-10-31T06:24:54.175+0000] {dag.py:4180} INFO - Setting next_dagrun for dataset_produces_1 to 2024-10-30 00:00:00+00:00, run_after=2024-10-31 00:00:00+00:00
[2024-10-31T06:24:54.177+0000] {logging_mixin.py:190} INFO - [2024-10-31T06:24:54.177+0000] {dag.py:4180} INFO - Setting next_dagrun for dataset_produces_2 to None, run_after=None
[2024-10-31T06:24:54.231+0000] {processor.py:208} INFO - Processing /home/airflow/.local/lib/python3.12/site-packages/airflow/example_dags/example_datasets.py took 0.525 seconds
[2024-10-31T06:25:24.608+0000] {processor.py:186} INFO - Started process (PID=492) to work on /home/airflow/.local/lib/python3.12/site-packages/airflow/example_dags/example_datasets.py
[2024-10-31T06:25:24.609+0000] {processor.py:914} INFO - Processing file /home/airflow/.local/lib/python3.12/site-packages/airflow/example_dags/example_datasets.py for tasks to queue
[2024-10-31T06:25:24.611+0000] {logging_mixin.py:190} INFO - [2024-10-31T06:25:24.610+0000] {dagbag.py:588} INFO - Filling up the DagBag from /home/airflow/.local/lib/python3.12/site-packages/airflow/example_dags/example_datasets.py
[2024-10-31T06:25:24.781+0000] {processor.py:925} INFO - DAG(s) 'dataset_consumes_1_and_2', 'conditional_dataset_and_time_based_timetable', 'consume_1_and_2_with_dataset_expressions', 'consume_1_or_both_2_and_3_with_dataset_expressions', 'dataset_produces_2', 'dataset_consumes_1', 'consume_1_or_2_with_dataset_expressions', 'dataset_produces_1', 'dataset_consumes_unknown_never_scheduled', 'dataset_consumes_1_never_scheduled' retrieved from /home/airflow/.local/lib/python3.12/site-packages/airflow/example_dags/example_datasets.py
[2024-10-31T06:25:24.819+0000] {logging_mixin.py:190} INFO - [2024-10-31T06:25:24.819+0000] {dag.py:3239} INFO - Sync 10 DAGs
[2024-10-31T06:25:24.842+0000] {logging_mixin.py:190} INFO - [2024-10-31T06:25:24.842+0000] {dag.py:4180} INFO - Setting next_dagrun for conditional_dataset_and_time_based_timetable to 2024-11-06 01:00:00+00:00, run_after=2024-11-06 01:00:00+00:00
[2024-10-31T06:25:24.845+0000] {logging_mixin.py:190} INFO - [2024-10-31T06:25:24.845+0000] {dag.py:4180} INFO - Setting next_dagrun for consume_1_and_2_with_dataset_expressions to None, run_after=None
[2024-10-31T06:25:24.846+0000] {logging_mixin.py:190} INFO - [2024-10-31T06:25:24.846+0000] {dag.py:4180} INFO - Setting next_dagrun for consume_1_or_2_with_dataset_expressions to None, run_after=None
[2024-10-31T06:25:24.847+0000] {logging_mixin.py:190} INFO - [2024-10-31T06:25:24.847+0000] {dag.py:4180} INFO - Setting next_dagrun for consume_1_or_both_2_and_3_with_dataset_expressions to None, run_after=None
[2024-10-31T06:25:24.848+0000] {logging_mixin.py:190} INFO - [2024-10-31T06:25:24.847+0000] {dag.py:4180} INFO - Setting next_dagrun for dataset_consumes_1 to None, run_after=None
[2024-10-31T06:25:24.848+0000] {logging_mixin.py:190} INFO - [2024-10-31T06:25:24.848+0000] {dag.py:4180} INFO - Setting next_dagrun for dataset_consumes_1_and_2 to None, run_after=None
[2024-10-31T06:25:24.849+0000] {logging_mixin.py:190} INFO - [2024-10-31T06:25:24.849+0000] {dag.py:4180} INFO - Setting next_dagrun for dataset_consumes_1_never_scheduled to None, run_after=None
[2024-10-31T06:25:24.850+0000] {logging_mixin.py:190} INFO - [2024-10-31T06:25:24.850+0000] {dag.py:4180} INFO - Setting next_dagrun for dataset_consumes_unknown_never_scheduled to None, run_after=None
[2024-10-31T06:25:24.851+0000] {logging_mixin.py:190} INFO - [2024-10-31T06:25:24.851+0000] {dag.py:4180} INFO - Setting next_dagrun for dataset_produces_1 to 2024-10-30 00:00:00+00:00, run_after=2024-10-31 00:00:00+00:00
[2024-10-31T06:25:24.852+0000] {logging_mixin.py:190} INFO - [2024-10-31T06:25:24.852+0000] {dag.py:4180} INFO - Setting next_dagrun for dataset_produces_2 to None, run_after=None
[2024-10-31T06:25:24.885+0000] {processor.py:208} INFO - Processing /home/airflow/.local/lib/python3.12/site-packages/airflow/example_dags/example_datasets.py took 0.283 seconds
[2024-10-31T06:25:55.318+0000] {processor.py:186} INFO - Started process (PID=554) to work on /home/airflow/.local/lib/python3.12/site-packages/airflow/example_dags/example_datasets.py
[2024-10-31T06:25:55.320+0000] {processor.py:914} INFO - Processing file /home/airflow/.local/lib/python3.12/site-packages/airflow/example_dags/example_datasets.py for tasks to queue
[2024-10-31T06:25:55.322+0000] {logging_mixin.py:190} INFO - [2024-10-31T06:25:55.321+0000] {dagbag.py:588} INFO - Filling up the DagBag from /home/airflow/.local/lib/python3.12/site-packages/airflow/example_dags/example_datasets.py
[2024-10-31T06:25:55.488+0000] {processor.py:925} INFO - DAG(s) 'conditional_dataset_and_time_based_timetable', 'dataset_produces_1', 'dataset_consumes_unknown_never_scheduled', 'consume_1_and_2_with_dataset_expressions', 'dataset_consumes_1_never_scheduled', 'dataset_consumes_1', 'dataset_produces_2', 'dataset_consumes_1_and_2', 'consume_1_or_both_2_and_3_with_dataset_expressions', 'consume_1_or_2_with_dataset_expressions' retrieved from /home/airflow/.local/lib/python3.12/site-packages/airflow/example_dags/example_datasets.py
[2024-10-31T06:25:55.519+0000] {logging_mixin.py:190} INFO - [2024-10-31T06:25:55.519+0000] {dag.py:3239} INFO - Sync 10 DAGs
[2024-10-31T06:25:55.538+0000] {logging_mixin.py:190} INFO - [2024-10-31T06:25:55.538+0000] {dag.py:4180} INFO - Setting next_dagrun for conditional_dataset_and_time_based_timetable to 2024-11-06 01:00:00+00:00, run_after=2024-11-06 01:00:00+00:00
[2024-10-31T06:25:55.540+0000] {logging_mixin.py:190} INFO - [2024-10-31T06:25:55.540+0000] {dag.py:4180} INFO - Setting next_dagrun for consume_1_and_2_with_dataset_expressions to None, run_after=None
[2024-10-31T06:25:55.541+0000] {logging_mixin.py:190} INFO - [2024-10-31T06:25:55.541+0000] {dag.py:4180} INFO - Setting next_dagrun for consume_1_or_2_with_dataset_expressions to None, run_after=None
[2024-10-31T06:25:55.542+0000] {logging_mixin.py:190} INFO - [2024-10-31T06:25:55.542+0000] {dag.py:4180} INFO - Setting next_dagrun for consume_1_or_both_2_and_3_with_dataset_expressions to None, run_after=None
[2024-10-31T06:25:55.542+0000] {logging_mixin.py:190} INFO - [2024-10-31T06:25:55.542+0000] {dag.py:4180} INFO - Setting next_dagrun for dataset_consumes_1 to None, run_after=None
[2024-10-31T06:25:55.543+0000] {logging_mixin.py:190} INFO - [2024-10-31T06:25:55.543+0000] {dag.py:4180} INFO - Setting next_dagrun for dataset_consumes_1_and_2 to None, run_after=None
[2024-10-31T06:25:55.544+0000] {logging_mixin.py:190} INFO - [2024-10-31T06:25:55.544+0000] {dag.py:4180} INFO - Setting next_dagrun for dataset_consumes_1_never_scheduled to None, run_after=None
[2024-10-31T06:25:55.545+0000] {logging_mixin.py:190} INFO - [2024-10-31T06:25:55.545+0000] {dag.py:4180} INFO - Setting next_dagrun for dataset_consumes_unknown_never_scheduled to None, run_after=None
[2024-10-31T06:25:55.546+0000] {logging_mixin.py:190} INFO - [2024-10-31T06:25:55.546+0000] {dag.py:4180} INFO - Setting next_dagrun for dataset_produces_1 to 2024-10-30 00:00:00+00:00, run_after=2024-10-31 00:00:00+00:00
[2024-10-31T06:25:55.547+0000] {logging_mixin.py:190} INFO - [2024-10-31T06:25:55.547+0000] {dag.py:4180} INFO - Setting next_dagrun for dataset_produces_2 to None, run_after=None
[2024-10-31T06:25:55.572+0000] {processor.py:208} INFO - Processing /home/airflow/.local/lib/python3.12/site-packages/airflow/example_dags/example_datasets.py took 0.259 seconds
[2024-10-31T06:26:25.893+0000] {processor.py:186} INFO - Started process (PID=616) to work on /home/airflow/.local/lib/python3.12/site-packages/airflow/example_dags/example_datasets.py
[2024-10-31T06:26:25.894+0000] {processor.py:914} INFO - Processing file /home/airflow/.local/lib/python3.12/site-packages/airflow/example_dags/example_datasets.py for tasks to queue
[2024-10-31T06:26:25.895+0000] {logging_mixin.py:190} INFO - [2024-10-31T06:26:25.895+0000] {dagbag.py:588} INFO - Filling up the DagBag from /home/airflow/.local/lib/python3.12/site-packages/airflow/example_dags/example_datasets.py
[2024-10-31T06:26:26.079+0000] {processor.py:925} INFO - DAG(s) 'conditional_dataset_and_time_based_timetable', 'consume_1_and_2_with_dataset_expressions', 'consume_1_or_2_with_dataset_expressions', 'dataset_consumes_1_and_2', 'dataset_consumes_1', 'consume_1_or_both_2_and_3_with_dataset_expressions', 'dataset_consumes_1_never_scheduled', 'dataset_consumes_unknown_never_scheduled', 'dataset_produces_1', 'dataset_produces_2' retrieved from /home/airflow/.local/lib/python3.12/site-packages/airflow/example_dags/example_datasets.py
[2024-10-31T06:26:26.134+0000] {logging_mixin.py:190} INFO - [2024-10-31T06:26:26.133+0000] {dag.py:3239} INFO - Sync 10 DAGs
[2024-10-31T06:26:26.155+0000] {logging_mixin.py:190} INFO - [2024-10-31T06:26:26.155+0000] {dag.py:4180} INFO - Setting next_dagrun for conditional_dataset_and_time_based_timetable to 2024-11-06 01:00:00+00:00, run_after=2024-11-06 01:00:00+00:00
[2024-10-31T06:26:26.158+0000] {logging_mixin.py:190} INFO - [2024-10-31T06:26:26.158+0000] {dag.py:4180} INFO - Setting next_dagrun for consume_1_and_2_with_dataset_expressions to None, run_after=None
[2024-10-31T06:26:26.159+0000] {logging_mixin.py:190} INFO - [2024-10-31T06:26:26.159+0000] {dag.py:4180} INFO - Setting next_dagrun for consume_1_or_2_with_dataset_expressions to None, run_after=None
[2024-10-31T06:26:26.160+0000] {logging_mixin.py:190} INFO - [2024-10-31T06:26:26.160+0000] {dag.py:4180} INFO - Setting next_dagrun for consume_1_or_both_2_and_3_with_dataset_expressions to None, run_after=None
[2024-10-31T06:26:26.161+0000] {logging_mixin.py:190} INFO - [2024-10-31T06:26:26.161+0000] {dag.py:4180} INFO - Setting next_dagrun for dataset_consumes_1 to None, run_after=None
[2024-10-31T06:26:26.162+0000] {logging_mixin.py:190} INFO - [2024-10-31T06:26:26.162+0000] {dag.py:4180} INFO - Setting next_dagrun for dataset_consumes_1_and_2 to None, run_after=None
[2024-10-31T06:26:26.163+0000] {logging_mixin.py:190} INFO - [2024-10-31T06:26:26.163+0000] {dag.py:4180} INFO - Setting next_dagrun for dataset_consumes_1_never_scheduled to None, run_after=None
[2024-10-31T06:26:26.163+0000] {logging_mixin.py:190} INFO - [2024-10-31T06:26:26.163+0000] {dag.py:4180} INFO - Setting next_dagrun for dataset_consumes_unknown_never_scheduled to None, run_after=None
[2024-10-31T06:26:26.165+0000] {logging_mixin.py:190} INFO - [2024-10-31T06:26:26.165+0000] {dag.py:4180} INFO - Setting next_dagrun for dataset_produces_1 to 2024-10-30 00:00:00+00:00, run_after=2024-10-31 00:00:00+00:00
[2024-10-31T06:26:26.166+0000] {logging_mixin.py:190} INFO - [2024-10-31T06:26:26.166+0000] {dag.py:4180} INFO - Setting next_dagrun for dataset_produces_2 to None, run_after=None
[2024-10-31T06:26:26.193+0000] {processor.py:208} INFO - Processing /home/airflow/.local/lib/python3.12/site-packages/airflow/example_dags/example_datasets.py took 0.305 seconds
[2024-10-31T06:26:56.511+0000] {processor.py:186} INFO - Started process (PID=678) to work on /home/airflow/.local/lib/python3.12/site-packages/airflow/example_dags/example_datasets.py
[2024-10-31T06:26:56.513+0000] {processor.py:914} INFO - Processing file /home/airflow/.local/lib/python3.12/site-packages/airflow/example_dags/example_datasets.py for tasks to queue
[2024-10-31T06:26:56.517+0000] {logging_mixin.py:190} INFO - [2024-10-31T06:26:56.516+0000] {dagbag.py:588} INFO - Filling up the DagBag from /home/airflow/.local/lib/python3.12/site-packages/airflow/example_dags/example_datasets.py
[2024-10-31T06:26:56.700+0000] {processor.py:925} INFO - DAG(s) 'dataset_produces_1', 'dataset_consumes_1_and_2', 'consume_1_or_2_with_dataset_expressions', 'dataset_consumes_1_never_scheduled', 'dataset_consumes_unknown_never_scheduled', 'dataset_consumes_1', 'consume_1_and_2_with_dataset_expressions', 'dataset_produces_2', 'conditional_dataset_and_time_based_timetable', 'consume_1_or_both_2_and_3_with_dataset_expressions' retrieved from /home/airflow/.local/lib/python3.12/site-packages/airflow/example_dags/example_datasets.py
[2024-10-31T06:26:56.734+0000] {logging_mixin.py:190} INFO - [2024-10-31T06:26:56.734+0000] {dag.py:3239} INFO - Sync 10 DAGs
[2024-10-31T06:26:56.756+0000] {logging_mixin.py:190} INFO - [2024-10-31T06:26:56.755+0000] {dag.py:4180} INFO - Setting next_dagrun for conditional_dataset_and_time_based_timetable to 2024-11-06 01:00:00+00:00, run_after=2024-11-06 01:00:00+00:00
[2024-10-31T06:26:56.758+0000] {logging_mixin.py:190} INFO - [2024-10-31T06:26:56.758+0000] {dag.py:4180} INFO - Setting next_dagrun for consume_1_and_2_with_dataset_expressions to None, run_after=None
[2024-10-31T06:26:56.759+0000] {logging_mixin.py:190} INFO - [2024-10-31T06:26:56.759+0000] {dag.py:4180} INFO - Setting next_dagrun for consume_1_or_2_with_dataset_expressions to None, run_after=None
[2024-10-31T06:26:56.760+0000] {logging_mixin.py:190} INFO - [2024-10-31T06:26:56.760+0000] {dag.py:4180} INFO - Setting next_dagrun for consume_1_or_both_2_and_3_with_dataset_expressions to None, run_after=None
[2024-10-31T06:26:56.761+0000] {logging_mixin.py:190} INFO - [2024-10-31T06:26:56.760+0000] {dag.py:4180} INFO - Setting next_dagrun for dataset_consumes_1 to None, run_after=None
[2024-10-31T06:26:56.761+0000] {logging_mixin.py:190} INFO - [2024-10-31T06:26:56.761+0000] {dag.py:4180} INFO - Setting next_dagrun for dataset_consumes_1_and_2 to None, run_after=None
[2024-10-31T06:26:56.762+0000] {logging_mixin.py:190} INFO - [2024-10-31T06:26:56.762+0000] {dag.py:4180} INFO - Setting next_dagrun for dataset_consumes_1_never_scheduled to None, run_after=None
[2024-10-31T06:26:56.763+0000] {logging_mixin.py:190} INFO - [2024-10-31T06:26:56.763+0000] {dag.py:4180} INFO - Setting next_dagrun for dataset_consumes_unknown_never_scheduled to None, run_after=None
[2024-10-31T06:26:56.764+0000] {logging_mixin.py:190} INFO - [2024-10-31T06:26:56.764+0000] {dag.py:4180} INFO - Setting next_dagrun for dataset_produces_1 to 2024-10-30 00:00:00+00:00, run_after=2024-10-31 00:00:00+00:00
[2024-10-31T06:26:56.765+0000] {logging_mixin.py:190} INFO - [2024-10-31T06:26:56.765+0000] {dag.py:4180} INFO - Setting next_dagrun for dataset_produces_2 to None, run_after=None
[2024-10-31T06:26:56.794+0000] {processor.py:208} INFO - Processing /home/airflow/.local/lib/python3.12/site-packages/airflow/example_dags/example_datasets.py took 0.290 seconds
[2024-10-31T06:27:26.962+0000] {processor.py:186} INFO - Started process (PID=743) to work on /home/airflow/.local/lib/python3.12/site-packages/airflow/example_dags/example_datasets.py
[2024-10-31T06:27:26.963+0000] {processor.py:914} INFO - Processing file /home/airflow/.local/lib/python3.12/site-packages/airflow/example_dags/example_datasets.py for tasks to queue
[2024-10-31T06:27:26.965+0000] {logging_mixin.py:190} INFO - [2024-10-31T06:27:26.965+0000] {dagbag.py:588} INFO - Filling up the DagBag from /home/airflow/.local/lib/python3.12/site-packages/airflow/example_dags/example_datasets.py
[2024-10-31T06:27:27.153+0000] {processor.py:925} INFO - DAG(s) 'dataset_produces_2', 'consume_1_or_2_with_dataset_expressions', 'conditional_dataset_and_time_based_timetable', 'consume_1_and_2_with_dataset_expressions', 'consume_1_or_both_2_and_3_with_dataset_expressions', 'dataset_consumes_1_never_scheduled', 'dataset_consumes_1', 'dataset_consumes_unknown_never_scheduled', 'dataset_consumes_1_and_2', 'dataset_produces_1' retrieved from /home/airflow/.local/lib/python3.12/site-packages/airflow/example_dags/example_datasets.py
[2024-10-31T06:27:27.194+0000] {logging_mixin.py:190} INFO - [2024-10-31T06:27:27.193+0000] {dag.py:3239} INFO - Sync 10 DAGs
[2024-10-31T06:27:27.220+0000] {logging_mixin.py:190} INFO - [2024-10-31T06:27:27.219+0000] {dag.py:4180} INFO - Setting next_dagrun for conditional_dataset_and_time_based_timetable to 2024-11-06 01:00:00+00:00, run_after=2024-11-06 01:00:00+00:00
[2024-10-31T06:27:27.222+0000] {logging_mixin.py:190} INFO - [2024-10-31T06:27:27.222+0000] {dag.py:4180} INFO - Setting next_dagrun for consume_1_and_2_with_dataset_expressions to None, run_after=None
[2024-10-31T06:27:27.224+0000] {logging_mixin.py:190} INFO - [2024-10-31T06:27:27.223+0000] {dag.py:4180} INFO - Setting next_dagrun for consume_1_or_2_with_dataset_expressions to None, run_after=None
[2024-10-31T06:27:27.225+0000] {logging_mixin.py:190} INFO - [2024-10-31T06:27:27.225+0000] {dag.py:4180} INFO - Setting next_dagrun for consume_1_or_both_2_and_3_with_dataset_expressions to None, run_after=None
[2024-10-31T06:27:27.226+0000] {logging_mixin.py:190} INFO - [2024-10-31T06:27:27.226+0000] {dag.py:4180} INFO - Setting next_dagrun for dataset_consumes_1 to None, run_after=None
[2024-10-31T06:27:27.227+0000] {logging_mixin.py:190} INFO - [2024-10-31T06:27:27.227+0000] {dag.py:4180} INFO - Setting next_dagrun for dataset_consumes_1_and_2 to None, run_after=None
[2024-10-31T06:27:27.228+0000] {logging_mixin.py:190} INFO - [2024-10-31T06:27:27.228+0000] {dag.py:4180} INFO - Setting next_dagrun for dataset_consumes_1_never_scheduled to None, run_after=None
[2024-10-31T06:27:27.228+0000] {logging_mixin.py:190} INFO - [2024-10-31T06:27:27.228+0000] {dag.py:4180} INFO - Setting next_dagrun for dataset_consumes_unknown_never_scheduled to None, run_after=None
[2024-10-31T06:27:27.230+0000] {logging_mixin.py:190} INFO - [2024-10-31T06:27:27.230+0000] {dag.py:4180} INFO - Setting next_dagrun for dataset_produces_1 to 2024-10-30 00:00:00+00:00, run_after=2024-10-31 00:00:00+00:00
[2024-10-31T06:27:27.231+0000] {logging_mixin.py:190} INFO - [2024-10-31T06:27:27.230+0000] {dag.py:4180} INFO - Setting next_dagrun for dataset_produces_2 to None, run_after=None
[2024-10-31T06:27:27.261+0000] {processor.py:208} INFO - Processing /home/airflow/.local/lib/python3.12/site-packages/airflow/example_dags/example_datasets.py took 0.305 seconds
[2024-10-31T06:27:58.094+0000] {processor.py:186} INFO - Started process (PID=805) to work on /home/airflow/.local/lib/python3.12/site-packages/airflow/example_dags/example_datasets.py
[2024-10-31T06:27:58.096+0000] {processor.py:914} INFO - Processing file /home/airflow/.local/lib/python3.12/site-packages/airflow/example_dags/example_datasets.py for tasks to queue
[2024-10-31T06:27:58.101+0000] {logging_mixin.py:190} INFO - [2024-10-31T06:27:58.101+0000] {dagbag.py:588} INFO - Filling up the DagBag from /home/airflow/.local/lib/python3.12/site-packages/airflow/example_dags/example_datasets.py
[2024-10-31T06:27:58.398+0000] {processor.py:925} INFO - DAG(s) 'dataset_consumes_1', 'dataset_consumes_unknown_never_scheduled', 'dataset_consumes_1_never_scheduled', 'conditional_dataset_and_time_based_timetable', 'dataset_produces_2', 'dataset_consumes_1_and_2', 'consume_1_and_2_with_dataset_expressions', 'dataset_produces_1', 'consume_1_or_2_with_dataset_expressions', 'consume_1_or_both_2_and_3_with_dataset_expressions' retrieved from /home/airflow/.local/lib/python3.12/site-packages/airflow/example_dags/example_datasets.py
[2024-10-31T06:27:58.450+0000] {logging_mixin.py:190} INFO - [2024-10-31T06:27:58.450+0000] {dag.py:3239} INFO - Sync 10 DAGs
[2024-10-31T06:27:58.479+0000] {logging_mixin.py:190} INFO - [2024-10-31T06:27:58.479+0000] {dag.py:4180} INFO - Setting next_dagrun for conditional_dataset_and_time_based_timetable to 2024-11-06 01:00:00+00:00, run_after=2024-11-06 01:00:00+00:00
[2024-10-31T06:27:58.482+0000] {logging_mixin.py:190} INFO - [2024-10-31T06:27:58.482+0000] {dag.py:4180} INFO - Setting next_dagrun for consume_1_and_2_with_dataset_expressions to None, run_after=None
[2024-10-31T06:27:58.483+0000] {logging_mixin.py:190} INFO - [2024-10-31T06:27:58.483+0000] {dag.py:4180} INFO - Setting next_dagrun for consume_1_or_2_with_dataset_expressions to None, run_after=None
[2024-10-31T06:27:58.484+0000] {logging_mixin.py:190} INFO - [2024-10-31T06:27:58.484+0000] {dag.py:4180} INFO - Setting next_dagrun for consume_1_or_both_2_and_3_with_dataset_expressions to None, run_after=None
[2024-10-31T06:27:58.485+0000] {logging_mixin.py:190} INFO - [2024-10-31T06:27:58.484+0000] {dag.py:4180} INFO - Setting next_dagrun for dataset_consumes_1 to None, run_after=None
[2024-10-31T06:27:58.488+0000] {logging_mixin.py:190} INFO - [2024-10-31T06:27:58.488+0000] {dag.py:4180} INFO - Setting next_dagrun for dataset_consumes_1_and_2 to None, run_after=None
[2024-10-31T06:27:58.490+0000] {logging_mixin.py:190} INFO - [2024-10-31T06:27:58.490+0000] {dag.py:4180} INFO - Setting next_dagrun for dataset_consumes_1_never_scheduled to None, run_after=None
[2024-10-31T06:27:58.491+0000] {logging_mixin.py:190} INFO - [2024-10-31T06:27:58.491+0000] {dag.py:4180} INFO - Setting next_dagrun for dataset_consumes_unknown_never_scheduled to None, run_after=None
[2024-10-31T06:27:58.493+0000] {logging_mixin.py:190} INFO - [2024-10-31T06:27:58.493+0000] {dag.py:4180} INFO - Setting next_dagrun for dataset_produces_1 to 2024-10-30 00:00:00+00:00, run_after=2024-10-31 00:00:00+00:00
[2024-10-31T06:27:58.494+0000] {logging_mixin.py:190} INFO - [2024-10-31T06:27:58.493+0000] {dag.py:4180} INFO - Setting next_dagrun for dataset_produces_2 to None, run_after=None
[2024-10-31T06:27:58.519+0000] {processor.py:208} INFO - Processing /home/airflow/.local/lib/python3.12/site-packages/airflow/example_dags/example_datasets.py took 0.434 seconds
[2024-10-31T06:28:28.561+0000] {processor.py:186} INFO - Started process (PID=870) to work on /home/airflow/.local/lib/python3.12/site-packages/airflow/example_dags/example_datasets.py
[2024-10-31T06:28:28.563+0000] {processor.py:914} INFO - Processing file /home/airflow/.local/lib/python3.12/site-packages/airflow/example_dags/example_datasets.py for tasks to queue
[2024-10-31T06:28:28.565+0000] {logging_mixin.py:190} INFO - [2024-10-31T06:28:28.564+0000] {dagbag.py:588} INFO - Filling up the DagBag from /home/airflow/.local/lib/python3.12/site-packages/airflow/example_dags/example_datasets.py
[2024-10-31T06:28:28.735+0000] {processor.py:925} INFO - DAG(s) 'dataset_consumes_1_and_2', 'conditional_dataset_and_time_based_timetable', 'dataset_produces_2', 'dataset_produces_1', 'consume_1_or_both_2_and_3_with_dataset_expressions', 'consume_1_and_2_with_dataset_expressions', 'consume_1_or_2_with_dataset_expressions', 'dataset_consumes_1', 'dataset_consumes_1_never_scheduled', 'dataset_consumes_unknown_never_scheduled' retrieved from /home/airflow/.local/lib/python3.12/site-packages/airflow/example_dags/example_datasets.py
[2024-10-31T06:28:28.766+0000] {logging_mixin.py:190} INFO - [2024-10-31T06:28:28.766+0000] {dag.py:3239} INFO - Sync 10 DAGs
[2024-10-31T06:28:28.785+0000] {logging_mixin.py:190} INFO - [2024-10-31T06:28:28.785+0000] {dag.py:4180} INFO - Setting next_dagrun for conditional_dataset_and_time_based_timetable to 2024-11-06 01:00:00+00:00, run_after=2024-11-06 01:00:00+00:00
[2024-10-31T06:28:28.788+0000] {logging_mixin.py:190} INFO - [2024-10-31T06:28:28.788+0000] {dag.py:4180} INFO - Setting next_dagrun for consume_1_and_2_with_dataset_expressions to None, run_after=None
[2024-10-31T06:28:28.789+0000] {logging_mixin.py:190} INFO - [2024-10-31T06:28:28.789+0000] {dag.py:4180} INFO - Setting next_dagrun for consume_1_or_2_with_dataset_expressions to None, run_after=None
[2024-10-31T06:28:28.790+0000] {logging_mixin.py:190} INFO - [2024-10-31T06:28:28.789+0000] {dag.py:4180} INFO - Setting next_dagrun for consume_1_or_both_2_and_3_with_dataset_expressions to None, run_after=None
[2024-10-31T06:28:28.790+0000] {logging_mixin.py:190} INFO - [2024-10-31T06:28:28.790+0000] {dag.py:4180} INFO - Setting next_dagrun for dataset_consumes_1 to None, run_after=None
[2024-10-31T06:28:28.791+0000] {logging_mixin.py:190} INFO - [2024-10-31T06:28:28.791+0000] {dag.py:4180} INFO - Setting next_dagrun for dataset_consumes_1_and_2 to None, run_after=None
[2024-10-31T06:28:28.792+0000] {logging_mixin.py:190} INFO - [2024-10-31T06:28:28.792+0000] {dag.py:4180} INFO - Setting next_dagrun for dataset_consumes_1_never_scheduled to None, run_after=None
[2024-10-31T06:28:28.792+0000] {logging_mixin.py:190} INFO - [2024-10-31T06:28:28.792+0000] {dag.py:4180} INFO - Setting next_dagrun for dataset_consumes_unknown_never_scheduled to None, run_after=None
[2024-10-31T06:28:28.794+0000] {logging_mixin.py:190} INFO - [2024-10-31T06:28:28.794+0000] {dag.py:4180} INFO - Setting next_dagrun for dataset_produces_1 to 2024-10-30 00:00:00+00:00, run_after=2024-10-31 00:00:00+00:00
[2024-10-31T06:28:28.795+0000] {logging_mixin.py:190} INFO - [2024-10-31T06:28:28.795+0000] {dag.py:4180} INFO - Setting next_dagrun for dataset_produces_2 to None, run_after=None
[2024-10-31T06:28:28.819+0000] {processor.py:208} INFO - Processing /home/airflow/.local/lib/python3.12/site-packages/airflow/example_dags/example_datasets.py took 0.262 seconds
