[2024-10-31T06:21:50.179+0000] {processor.py:186} INFO - Started process (PID=64) to work on /home/airflow/.local/lib/python3.12/site-packages/airflow/example_dags/example_bash_decorator.py
[2024-10-31T06:21:50.180+0000] {processor.py:914} INFO - Processing file /home/airflow/.local/lib/python3.12/site-packages/airflow/example_dags/example_bash_decorator.py for tasks to queue
[2024-10-31T06:21:50.182+0000] {logging_mixin.py:190} INFO - [2024-10-31T06:21:50.182+0000] {dagbag.py:588} INFO - Filling up the DagBag from /home/airflow/.local/lib/python3.12/site-packages/airflow/example_dags/example_bash_decorator.py
[2024-10-31T06:21:50.194+0000] {processor.py:925} INFO - DAG(s) 'example_bash_decorator' retrieved from /home/airflow/.local/lib/python3.12/site-packages/airflow/example_dags/example_bash_decorator.py
[2024-10-31T06:21:50.276+0000] {logging_mixin.py:190} INFO - [2024-10-31T06:21:50.275+0000] {override.py:1900} INFO - Created Permission View: can delete on DAG:example_bash_decorator
[2024-10-31T06:21:50.286+0000] {logging_mixin.py:190} INFO - [2024-10-31T06:21:50.285+0000] {override.py:1900} INFO - Created Permission View: can read on DAG:example_bash_decorator
[2024-10-31T06:21:50.294+0000] {logging_mixin.py:190} INFO - [2024-10-31T06:21:50.293+0000] {override.py:1900} INFO - Created Permission View: can edit on DAG:example_bash_decorator
[2024-10-31T06:21:50.304+0000] {logging_mixin.py:190} INFO - [2024-10-31T06:21:50.303+0000] {override.py:1900} INFO - Created Permission View: can delete on DAG Run:example_bash_decorator
[2024-10-31T06:21:50.309+0000] {logging_mixin.py:190} INFO - [2024-10-31T06:21:50.309+0000] {override.py:1900} INFO - Created Permission View: can create on DAG Run:example_bash_decorator
[2024-10-31T06:21:50.315+0000] {logging_mixin.py:190} INFO - [2024-10-31T06:21:50.315+0000] {override.py:1900} INFO - Created Permission View: can read on DAG Run:example_bash_decorator
[2024-10-31T06:21:50.321+0000] {logging_mixin.py:190} INFO - [2024-10-31T06:21:50.321+0000] {override.py:1900} INFO - Created Permission View: menu access on DAG Run:example_bash_decorator
[2024-10-31T06:21:50.322+0000] {logging_mixin.py:190} INFO - [2024-10-31T06:21:50.321+0000] {dag.py:3239} INFO - Sync 1 DAGs
[2024-10-31T06:21:50.331+0000] {logging_mixin.py:190} INFO - [2024-10-31T06:21:50.330+0000] {dag.py:3262} INFO - Creating ORM DAG for example_bash_decorator
[2024-10-31T06:21:50.331+0000] {logging_mixin.py:190} INFO - [2024-10-31T06:21:50.331+0000] {dag.py:4180} INFO - Setting next_dagrun for example_bash_decorator to None, run_after=None
[2024-10-31T06:21:50.343+0000] {processor.py:208} INFO - Processing /home/airflow/.local/lib/python3.12/site-packages/airflow/example_dags/example_bash_decorator.py took 0.168 seconds
[2024-10-31T06:22:20.705+0000] {processor.py:186} INFO - Started process (PID=126) to work on /home/airflow/.local/lib/python3.12/site-packages/airflow/example_dags/example_bash_decorator.py
[2024-10-31T06:22:20.706+0000] {processor.py:914} INFO - Processing file /home/airflow/.local/lib/python3.12/site-packages/airflow/example_dags/example_bash_decorator.py for tasks to queue
[2024-10-31T06:22:20.707+0000] {logging_mixin.py:190} INFO - [2024-10-31T06:22:20.707+0000] {dagbag.py:588} INFO - Filling up the DagBag from /home/airflow/.local/lib/python3.12/site-packages/airflow/example_dags/example_bash_decorator.py
[2024-10-31T06:22:20.720+0000] {processor.py:925} INFO - DAG(s) 'example_bash_decorator' retrieved from /home/airflow/.local/lib/python3.12/site-packages/airflow/example_dags/example_bash_decorator.py
[2024-10-31T06:22:20.736+0000] {logging_mixin.py:190} INFO - [2024-10-31T06:22:20.735+0000] {dag.py:3239} INFO - Sync 1 DAGs
[2024-10-31T06:22:20.745+0000] {logging_mixin.py:190} INFO - [2024-10-31T06:22:20.745+0000] {dag.py:4180} INFO - Setting next_dagrun for example_bash_decorator to None, run_after=None
[2024-10-31T06:22:20.760+0000] {processor.py:208} INFO - Processing /home/airflow/.local/lib/python3.12/site-packages/airflow/example_dags/example_bash_decorator.py took 0.059 seconds
[2024-10-31T06:22:51.354+0000] {processor.py:186} INFO - Started process (PID=188) to work on /home/airflow/.local/lib/python3.12/site-packages/airflow/example_dags/example_bash_decorator.py
[2024-10-31T06:22:51.355+0000] {processor.py:914} INFO - Processing file /home/airflow/.local/lib/python3.12/site-packages/airflow/example_dags/example_bash_decorator.py for tasks to queue
[2024-10-31T06:22:51.357+0000] {logging_mixin.py:190} INFO - [2024-10-31T06:22:51.357+0000] {dagbag.py:588} INFO - Filling up the DagBag from /home/airflow/.local/lib/python3.12/site-packages/airflow/example_dags/example_bash_decorator.py
[2024-10-31T06:22:51.368+0000] {processor.py:925} INFO - DAG(s) 'example_bash_decorator' retrieved from /home/airflow/.local/lib/python3.12/site-packages/airflow/example_dags/example_bash_decorator.py
[2024-10-31T06:22:51.385+0000] {logging_mixin.py:190} INFO - [2024-10-31T06:22:51.385+0000] {dag.py:3239} INFO - Sync 1 DAGs
[2024-10-31T06:22:51.395+0000] {logging_mixin.py:190} INFO - [2024-10-31T06:22:51.395+0000] {dag.py:4180} INFO - Setting next_dagrun for example_bash_decorator to None, run_after=None
[2024-10-31T06:22:51.408+0000] {processor.py:208} INFO - Processing /home/airflow/.local/lib/python3.12/site-packages/airflow/example_dags/example_bash_decorator.py took 0.059 seconds
[2024-10-31T06:23:22.064+0000] {processor.py:186} INFO - Started process (PID=250) to work on /home/airflow/.local/lib/python3.12/site-packages/airflow/example_dags/example_bash_decorator.py
[2024-10-31T06:23:22.065+0000] {processor.py:914} INFO - Processing file /home/airflow/.local/lib/python3.12/site-packages/airflow/example_dags/example_bash_decorator.py for tasks to queue
[2024-10-31T06:23:22.066+0000] {logging_mixin.py:190} INFO - [2024-10-31T06:23:22.066+0000] {dagbag.py:588} INFO - Filling up the DagBag from /home/airflow/.local/lib/python3.12/site-packages/airflow/example_dags/example_bash_decorator.py
[2024-10-31T06:23:22.077+0000] {processor.py:925} INFO - DAG(s) 'example_bash_decorator' retrieved from /home/airflow/.local/lib/python3.12/site-packages/airflow/example_dags/example_bash_decorator.py
[2024-10-31T06:23:22.095+0000] {logging_mixin.py:190} INFO - [2024-10-31T06:23:22.094+0000] {dag.py:3239} INFO - Sync 1 DAGs
[2024-10-31T06:23:22.105+0000] {logging_mixin.py:190} INFO - [2024-10-31T06:23:22.105+0000] {dag.py:4180} INFO - Setting next_dagrun for example_bash_decorator to None, run_after=None
[2024-10-31T06:23:22.121+0000] {processor.py:208} INFO - Processing /home/airflow/.local/lib/python3.12/site-packages/airflow/example_dags/example_bash_decorator.py took 0.062 seconds
[2024-10-31T06:23:52.773+0000] {processor.py:186} INFO - Started process (PID=312) to work on /home/airflow/.local/lib/python3.12/site-packages/airflow/example_dags/example_bash_decorator.py
[2024-10-31T06:23:52.774+0000] {processor.py:914} INFO - Processing file /home/airflow/.local/lib/python3.12/site-packages/airflow/example_dags/example_bash_decorator.py for tasks to queue
[2024-10-31T06:23:52.775+0000] {logging_mixin.py:190} INFO - [2024-10-31T06:23:52.775+0000] {dagbag.py:588} INFO - Filling up the DagBag from /home/airflow/.local/lib/python3.12/site-packages/airflow/example_dags/example_bash_decorator.py
[2024-10-31T06:23:52.786+0000] {processor.py:925} INFO - DAG(s) 'example_bash_decorator' retrieved from /home/airflow/.local/lib/python3.12/site-packages/airflow/example_dags/example_bash_decorator.py
[2024-10-31T06:23:52.804+0000] {logging_mixin.py:190} INFO - [2024-10-31T06:23:52.804+0000] {dag.py:3239} INFO - Sync 1 DAGs
[2024-10-31T06:23:52.814+0000] {logging_mixin.py:190} INFO - [2024-10-31T06:23:52.814+0000] {dag.py:4180} INFO - Setting next_dagrun for example_bash_decorator to None, run_after=None
[2024-10-31T06:23:52.828+0000] {processor.py:208} INFO - Processing /home/airflow/.local/lib/python3.12/site-packages/airflow/example_dags/example_bash_decorator.py took 0.060 seconds
[2024-10-31T06:24:23.898+0000] {processor.py:186} INFO - Started process (PID=374) to work on /home/airflow/.local/lib/python3.12/site-packages/airflow/example_dags/example_bash_decorator.py
[2024-10-31T06:24:23.899+0000] {processor.py:914} INFO - Processing file /home/airflow/.local/lib/python3.12/site-packages/airflow/example_dags/example_bash_decorator.py for tasks to queue
[2024-10-31T06:24:23.901+0000] {logging_mixin.py:190} INFO - [2024-10-31T06:24:23.900+0000] {dagbag.py:588} INFO - Filling up the DagBag from /home/airflow/.local/lib/python3.12/site-packages/airflow/example_dags/example_bash_decorator.py
[2024-10-31T06:24:23.911+0000] {processor.py:925} INFO - DAG(s) 'example_bash_decorator' retrieved from /home/airflow/.local/lib/python3.12/site-packages/airflow/example_dags/example_bash_decorator.py
[2024-10-31T06:24:23.930+0000] {logging_mixin.py:190} INFO - [2024-10-31T06:24:23.929+0000] {dag.py:3239} INFO - Sync 1 DAGs
[2024-10-31T06:24:23.944+0000] {logging_mixin.py:190} INFO - [2024-10-31T06:24:23.944+0000] {dag.py:4180} INFO - Setting next_dagrun for example_bash_decorator to None, run_after=None
[2024-10-31T06:24:23.971+0000] {processor.py:208} INFO - Processing /home/airflow/.local/lib/python3.12/site-packages/airflow/example_dags/example_bash_decorator.py took 0.078 seconds
[2024-10-31T06:24:54.759+0000] {processor.py:186} INFO - Started process (PID=440) to work on /home/airflow/.local/lib/python3.12/site-packages/airflow/example_dags/example_bash_decorator.py
[2024-10-31T06:24:54.760+0000] {processor.py:914} INFO - Processing file /home/airflow/.local/lib/python3.12/site-packages/airflow/example_dags/example_bash_decorator.py for tasks to queue
[2024-10-31T06:24:54.766+0000] {logging_mixin.py:190} INFO - [2024-10-31T06:24:54.765+0000] {dagbag.py:588} INFO - Filling up the DagBag from /home/airflow/.local/lib/python3.12/site-packages/airflow/example_dags/example_bash_decorator.py
[2024-10-31T06:24:54.787+0000] {processor.py:925} INFO - DAG(s) 'example_bash_decorator' retrieved from /home/airflow/.local/lib/python3.12/site-packages/airflow/example_dags/example_bash_decorator.py
[2024-10-31T06:24:54.826+0000] {logging_mixin.py:190} INFO - [2024-10-31T06:24:54.825+0000] {dag.py:3239} INFO - Sync 1 DAGs
[2024-10-31T06:24:54.847+0000] {logging_mixin.py:190} INFO - [2024-10-31T06:24:54.846+0000] {dag.py:4180} INFO - Setting next_dagrun for example_bash_decorator to None, run_after=None
[2024-10-31T06:24:54.875+0000] {processor.py:208} INFO - Processing /home/airflow/.local/lib/python3.12/site-packages/airflow/example_dags/example_bash_decorator.py took 0.127 seconds
[2024-10-31T06:25:25.156+0000] {processor.py:186} INFO - Started process (PID=502) to work on /home/airflow/.local/lib/python3.12/site-packages/airflow/example_dags/example_bash_decorator.py
[2024-10-31T06:25:25.157+0000] {processor.py:914} INFO - Processing file /home/airflow/.local/lib/python3.12/site-packages/airflow/example_dags/example_bash_decorator.py for tasks to queue
[2024-10-31T06:25:25.159+0000] {logging_mixin.py:190} INFO - [2024-10-31T06:25:25.159+0000] {dagbag.py:588} INFO - Filling up the DagBag from /home/airflow/.local/lib/python3.12/site-packages/airflow/example_dags/example_bash_decorator.py
[2024-10-31T06:25:25.171+0000] {processor.py:925} INFO - DAG(s) 'example_bash_decorator' retrieved from /home/airflow/.local/lib/python3.12/site-packages/airflow/example_dags/example_bash_decorator.py
[2024-10-31T06:25:25.189+0000] {logging_mixin.py:190} INFO - [2024-10-31T06:25:25.189+0000] {dag.py:3239} INFO - Sync 1 DAGs
[2024-10-31T06:25:25.200+0000] {logging_mixin.py:190} INFO - [2024-10-31T06:25:25.200+0000] {dag.py:4180} INFO - Setting next_dagrun for example_bash_decorator to None, run_after=None
[2024-10-31T06:25:25.216+0000] {processor.py:208} INFO - Processing /home/airflow/.local/lib/python3.12/site-packages/airflow/example_dags/example_bash_decorator.py took 0.064 seconds
[2024-10-31T06:25:55.818+0000] {processor.py:186} INFO - Started process (PID=564) to work on /home/airflow/.local/lib/python3.12/site-packages/airflow/example_dags/example_bash_decorator.py
[2024-10-31T06:25:55.819+0000] {processor.py:914} INFO - Processing file /home/airflow/.local/lib/python3.12/site-packages/airflow/example_dags/example_bash_decorator.py for tasks to queue
[2024-10-31T06:25:55.821+0000] {logging_mixin.py:190} INFO - [2024-10-31T06:25:55.821+0000] {dagbag.py:588} INFO - Filling up the DagBag from /home/airflow/.local/lib/python3.12/site-packages/airflow/example_dags/example_bash_decorator.py
[2024-10-31T06:25:55.832+0000] {processor.py:925} INFO - DAG(s) 'example_bash_decorator' retrieved from /home/airflow/.local/lib/python3.12/site-packages/airflow/example_dags/example_bash_decorator.py
[2024-10-31T06:25:55.849+0000] {logging_mixin.py:190} INFO - [2024-10-31T06:25:55.849+0000] {dag.py:3239} INFO - Sync 1 DAGs
[2024-10-31T06:25:55.860+0000] {logging_mixin.py:190} INFO - [2024-10-31T06:25:55.859+0000] {dag.py:4180} INFO - Setting next_dagrun for example_bash_decorator to None, run_after=None
[2024-10-31T06:25:55.874+0000] {processor.py:208} INFO - Processing /home/airflow/.local/lib/python3.12/site-packages/airflow/example_dags/example_bash_decorator.py took 0.060 seconds
[2024-10-31T06:26:26.551+0000] {processor.py:186} INFO - Started process (PID=626) to work on /home/airflow/.local/lib/python3.12/site-packages/airflow/example_dags/example_bash_decorator.py
[2024-10-31T06:26:26.552+0000] {processor.py:914} INFO - Processing file /home/airflow/.local/lib/python3.12/site-packages/airflow/example_dags/example_bash_decorator.py for tasks to queue
[2024-10-31T06:26:26.554+0000] {logging_mixin.py:190} INFO - [2024-10-31T06:26:26.554+0000] {dagbag.py:588} INFO - Filling up the DagBag from /home/airflow/.local/lib/python3.12/site-packages/airflow/example_dags/example_bash_decorator.py
[2024-10-31T06:26:26.565+0000] {processor.py:925} INFO - DAG(s) 'example_bash_decorator' retrieved from /home/airflow/.local/lib/python3.12/site-packages/airflow/example_dags/example_bash_decorator.py
[2024-10-31T06:26:26.584+0000] {logging_mixin.py:190} INFO - [2024-10-31T06:26:26.584+0000] {dag.py:3239} INFO - Sync 1 DAGs
[2024-10-31T06:26:26.594+0000] {logging_mixin.py:190} INFO - [2024-10-31T06:26:26.594+0000] {dag.py:4180} INFO - Setting next_dagrun for example_bash_decorator to None, run_after=None
[2024-10-31T06:26:26.610+0000] {processor.py:208} INFO - Processing /home/airflow/.local/lib/python3.12/site-packages/airflow/example_dags/example_bash_decorator.py took 0.064 seconds
[2024-10-31T06:26:57.072+0000] {processor.py:186} INFO - Started process (PID=688) to work on /home/airflow/.local/lib/python3.12/site-packages/airflow/example_dags/example_bash_decorator.py
[2024-10-31T06:26:57.074+0000] {processor.py:914} INFO - Processing file /home/airflow/.local/lib/python3.12/site-packages/airflow/example_dags/example_bash_decorator.py for tasks to queue
[2024-10-31T06:26:57.075+0000] {logging_mixin.py:190} INFO - [2024-10-31T06:26:57.075+0000] {dagbag.py:588} INFO - Filling up the DagBag from /home/airflow/.local/lib/python3.12/site-packages/airflow/example_dags/example_bash_decorator.py
[2024-10-31T06:26:57.086+0000] {processor.py:925} INFO - DAG(s) 'example_bash_decorator' retrieved from /home/airflow/.local/lib/python3.12/site-packages/airflow/example_dags/example_bash_decorator.py
[2024-10-31T06:26:57.105+0000] {logging_mixin.py:190} INFO - [2024-10-31T06:26:57.105+0000] {dag.py:3239} INFO - Sync 1 DAGs
[2024-10-31T06:26:57.118+0000] {logging_mixin.py:190} INFO - [2024-10-31T06:26:57.118+0000] {dag.py:4180} INFO - Setting next_dagrun for example_bash_decorator to None, run_after=None
[2024-10-31T06:26:57.134+0000] {processor.py:208} INFO - Processing /home/airflow/.local/lib/python3.12/site-packages/airflow/example_dags/example_bash_decorator.py took 0.066 seconds
[2024-10-31T06:27:27.410+0000] {processor.py:186} INFO - Started process (PID=750) to work on /home/airflow/.local/lib/python3.12/site-packages/airflow/example_dags/example_bash_decorator.py
[2024-10-31T06:27:27.411+0000] {processor.py:914} INFO - Processing file /home/airflow/.local/lib/python3.12/site-packages/airflow/example_dags/example_bash_decorator.py for tasks to queue
[2024-10-31T06:27:27.412+0000] {logging_mixin.py:190} INFO - [2024-10-31T06:27:27.412+0000] {dagbag.py:588} INFO - Filling up the DagBag from /home/airflow/.local/lib/python3.12/site-packages/airflow/example_dags/example_bash_decorator.py
[2024-10-31T06:27:27.428+0000] {processor.py:925} INFO - DAG(s) 'example_bash_decorator' retrieved from /home/airflow/.local/lib/python3.12/site-packages/airflow/example_dags/example_bash_decorator.py
[2024-10-31T06:27:27.458+0000] {logging_mixin.py:190} INFO - [2024-10-31T06:27:27.458+0000] {dag.py:3239} INFO - Sync 1 DAGs
[2024-10-31T06:27:27.478+0000] {logging_mixin.py:190} INFO - [2024-10-31T06:27:27.478+0000] {dag.py:4180} INFO - Setting next_dagrun for example_bash_decorator to None, run_after=None
[2024-10-31T06:27:27.501+0000] {processor.py:208} INFO - Processing /home/airflow/.local/lib/python3.12/site-packages/airflow/example_dags/example_bash_decorator.py took 0.096 seconds
[2024-10-31T06:27:58.713+0000] {processor.py:186} INFO - Started process (PID=812) to work on /home/airflow/.local/lib/python3.12/site-packages/airflow/example_dags/example_bash_decorator.py
[2024-10-31T06:27:58.715+0000] {processor.py:914} INFO - Processing file /home/airflow/.local/lib/python3.12/site-packages/airflow/example_dags/example_bash_decorator.py for tasks to queue
[2024-10-31T06:27:58.717+0000] {logging_mixin.py:190} INFO - [2024-10-31T06:27:58.717+0000] {dagbag.py:588} INFO - Filling up the DagBag from /home/airflow/.local/lib/python3.12/site-packages/airflow/example_dags/example_bash_decorator.py
[2024-10-31T06:27:58.731+0000] {processor.py:925} INFO - DAG(s) 'example_bash_decorator' retrieved from /home/airflow/.local/lib/python3.12/site-packages/airflow/example_dags/example_bash_decorator.py
[2024-10-31T06:27:58.748+0000] {logging_mixin.py:190} INFO - [2024-10-31T06:27:58.748+0000] {dag.py:3239} INFO - Sync 1 DAGs
[2024-10-31T06:27:58.759+0000] {logging_mixin.py:190} INFO - [2024-10-31T06:27:58.759+0000] {dag.py:4180} INFO - Setting next_dagrun for example_bash_decorator to None, run_after=None
[2024-10-31T06:27:58.774+0000] {processor.py:208} INFO - Processing /home/airflow/.local/lib/python3.12/site-packages/airflow/example_dags/example_bash_decorator.py took 0.067 seconds
[2024-10-31T06:28:28.918+0000] {processor.py:186} INFO - Started process (PID=875) to work on /home/airflow/.local/lib/python3.12/site-packages/airflow/example_dags/example_bash_decorator.py
[2024-10-31T06:28:28.919+0000] {processor.py:914} INFO - Processing file /home/airflow/.local/lib/python3.12/site-packages/airflow/example_dags/example_bash_decorator.py for tasks to queue
[2024-10-31T06:28:28.921+0000] {logging_mixin.py:190} INFO - [2024-10-31T06:28:28.921+0000] {dagbag.py:588} INFO - Filling up the DagBag from /home/airflow/.local/lib/python3.12/site-packages/airflow/example_dags/example_bash_decorator.py
[2024-10-31T06:28:28.933+0000] {processor.py:925} INFO - DAG(s) 'example_bash_decorator' retrieved from /home/airflow/.local/lib/python3.12/site-packages/airflow/example_dags/example_bash_decorator.py
[2024-10-31T06:28:28.953+0000] {logging_mixin.py:190} INFO - [2024-10-31T06:28:28.953+0000] {dag.py:3239} INFO - Sync 1 DAGs
[2024-10-31T06:28:28.965+0000] {logging_mixin.py:190} INFO - [2024-10-31T06:28:28.964+0000] {dag.py:4180} INFO - Setting next_dagrun for example_bash_decorator to None, run_after=None
[2024-10-31T06:28:28.979+0000] {processor.py:208} INFO - Processing /home/airflow/.local/lib/python3.12/site-packages/airflow/example_dags/example_bash_decorator.py took 0.066 seconds
