[2024-10-31T06:21:53.216+0000] {processor.py:186} INFO - Started process (PID=91) to work on /home/airflow/.local/lib/python3.12/site-packages/airflow/example_dags/example_kubernetes_executor.py
[2024-10-31T06:21:53.217+0000] {processor.py:914} INFO - Processing file /home/airflow/.local/lib/python3.12/site-packages/airflow/example_dags/example_kubernetes_executor.py for tasks to queue
[2024-10-31T06:21:53.218+0000] {logging_mixin.py:190} INFO - [2024-10-31T06:21:53.218+0000] {dagbag.py:588} INFO - Filling up the DagBag from /home/airflow/.local/lib/python3.12/site-packages/airflow/example_dags/example_kubernetes_executor.py
[2024-10-31T06:21:53.230+0000] {processor.py:925} INFO - DAG(s) 'example_kubernetes_executor' retrieved from /home/airflow/.local/lib/python3.12/site-packages/airflow/example_dags/example_kubernetes_executor.py
[2024-10-31T06:21:53.316+0000] {logging_mixin.py:190} INFO - [2024-10-31T06:21:53.315+0000] {override.py:1900} INFO - Created Permission View: can delete on DAG:example_kubernetes_executor
[2024-10-31T06:21:53.323+0000] {logging_mixin.py:190} INFO - [2024-10-31T06:21:53.323+0000] {override.py:1900} INFO - Created Permission View: can read on DAG:example_kubernetes_executor
[2024-10-31T06:21:53.329+0000] {logging_mixin.py:190} INFO - [2024-10-31T06:21:53.329+0000] {override.py:1900} INFO - Created Permission View: can edit on DAG:example_kubernetes_executor
[2024-10-31T06:21:53.337+0000] {logging_mixin.py:190} INFO - [2024-10-31T06:21:53.337+0000] {override.py:1900} INFO - Created Permission View: can delete on DAG Run:example_kubernetes_executor
[2024-10-31T06:21:53.343+0000] {logging_mixin.py:190} INFO - [2024-10-31T06:21:53.343+0000] {override.py:1900} INFO - Created Permission View: can create on DAG Run:example_kubernetes_executor
[2024-10-31T06:21:53.349+0000] {logging_mixin.py:190} INFO - [2024-10-31T06:21:53.349+0000] {override.py:1900} INFO - Created Permission View: can read on DAG Run:example_kubernetes_executor
[2024-10-31T06:21:53.355+0000] {logging_mixin.py:190} INFO - [2024-10-31T06:21:53.355+0000] {override.py:1900} INFO - Created Permission View: menu access on DAG Run:example_kubernetes_executor
[2024-10-31T06:21:53.355+0000] {logging_mixin.py:190} INFO - [2024-10-31T06:21:53.355+0000] {dag.py:3239} INFO - Sync 1 DAGs
[2024-10-31T06:21:53.364+0000] {logging_mixin.py:190} INFO - [2024-10-31T06:21:53.363+0000] {dag.py:3262} INFO - Creating ORM DAG for example_kubernetes_executor
[2024-10-31T06:21:53.364+0000] {logging_mixin.py:190} INFO - [2024-10-31T06:21:53.364+0000] {dag.py:4180} INFO - Setting next_dagrun for example_kubernetes_executor to None, run_after=None
[2024-10-31T06:21:53.378+0000] {processor.py:208} INFO - Processing /home/airflow/.local/lib/python3.12/site-packages/airflow/example_dags/example_kubernetes_executor.py took 0.167 seconds
[2024-10-31T06:22:24.023+0000] {processor.py:186} INFO - Started process (PID=153) to work on /home/airflow/.local/lib/python3.12/site-packages/airflow/example_dags/example_kubernetes_executor.py
[2024-10-31T06:22:24.024+0000] {processor.py:914} INFO - Processing file /home/airflow/.local/lib/python3.12/site-packages/airflow/example_dags/example_kubernetes_executor.py for tasks to queue
[2024-10-31T06:22:24.026+0000] {logging_mixin.py:190} INFO - [2024-10-31T06:22:24.025+0000] {dagbag.py:588} INFO - Filling up the DagBag from /home/airflow/.local/lib/python3.12/site-packages/airflow/example_dags/example_kubernetes_executor.py
[2024-10-31T06:22:24.037+0000] {processor.py:925} INFO - DAG(s) 'example_kubernetes_executor' retrieved from /home/airflow/.local/lib/python3.12/site-packages/airflow/example_dags/example_kubernetes_executor.py
[2024-10-31T06:22:24.064+0000] {logging_mixin.py:190} INFO - [2024-10-31T06:22:24.064+0000] {dag.py:3239} INFO - Sync 1 DAGs
[2024-10-31T06:22:24.075+0000] {logging_mixin.py:190} INFO - [2024-10-31T06:22:24.075+0000] {dag.py:4180} INFO - Setting next_dagrun for example_kubernetes_executor to None, run_after=None
[2024-10-31T06:22:24.088+0000] {processor.py:208} INFO - Processing /home/airflow/.local/lib/python3.12/site-packages/airflow/example_dags/example_kubernetes_executor.py took 0.070 seconds
[2024-10-31T06:22:54.706+0000] {processor.py:186} INFO - Started process (PID=215) to work on /home/airflow/.local/lib/python3.12/site-packages/airflow/example_dags/example_kubernetes_executor.py
[2024-10-31T06:22:54.707+0000] {processor.py:914} INFO - Processing file /home/airflow/.local/lib/python3.12/site-packages/airflow/example_dags/example_kubernetes_executor.py for tasks to queue
[2024-10-31T06:22:54.708+0000] {logging_mixin.py:190} INFO - [2024-10-31T06:22:54.708+0000] {dagbag.py:588} INFO - Filling up the DagBag from /home/airflow/.local/lib/python3.12/site-packages/airflow/example_dags/example_kubernetes_executor.py
[2024-10-31T06:22:54.719+0000] {processor.py:925} INFO - DAG(s) 'example_kubernetes_executor' retrieved from /home/airflow/.local/lib/python3.12/site-packages/airflow/example_dags/example_kubernetes_executor.py
[2024-10-31T06:22:54.747+0000] {logging_mixin.py:190} INFO - [2024-10-31T06:22:54.747+0000] {dag.py:3239} INFO - Sync 1 DAGs
[2024-10-31T06:22:54.757+0000] {logging_mixin.py:190} INFO - [2024-10-31T06:22:54.757+0000] {dag.py:4180} INFO - Setting next_dagrun for example_kubernetes_executor to None, run_after=None
[2024-10-31T06:22:54.773+0000] {processor.py:208} INFO - Processing /home/airflow/.local/lib/python3.12/site-packages/airflow/example_dags/example_kubernetes_executor.py took 0.071 seconds
[2024-10-31T06:23:25.443+0000] {processor.py:186} INFO - Started process (PID=277) to work on /home/airflow/.local/lib/python3.12/site-packages/airflow/example_dags/example_kubernetes_executor.py
[2024-10-31T06:23:25.443+0000] {processor.py:914} INFO - Processing file /home/airflow/.local/lib/python3.12/site-packages/airflow/example_dags/example_kubernetes_executor.py for tasks to queue
[2024-10-31T06:23:25.446+0000] {logging_mixin.py:190} INFO - [2024-10-31T06:23:25.445+0000] {dagbag.py:588} INFO - Filling up the DagBag from /home/airflow/.local/lib/python3.12/site-packages/airflow/example_dags/example_kubernetes_executor.py
[2024-10-31T06:23:25.457+0000] {processor.py:925} INFO - DAG(s) 'example_kubernetes_executor' retrieved from /home/airflow/.local/lib/python3.12/site-packages/airflow/example_dags/example_kubernetes_executor.py
[2024-10-31T06:23:25.485+0000] {logging_mixin.py:190} INFO - [2024-10-31T06:23:25.485+0000] {dag.py:3239} INFO - Sync 1 DAGs
[2024-10-31T06:23:25.497+0000] {logging_mixin.py:190} INFO - [2024-10-31T06:23:25.497+0000] {dag.py:4180} INFO - Setting next_dagrun for example_kubernetes_executor to None, run_after=None
[2024-10-31T06:23:25.513+0000] {processor.py:208} INFO - Processing /home/airflow/.local/lib/python3.12/site-packages/airflow/example_dags/example_kubernetes_executor.py took 0.075 seconds
[2024-10-31T06:23:56.365+0000] {processor.py:186} INFO - Started process (PID=339) to work on /home/airflow/.local/lib/python3.12/site-packages/airflow/example_dags/example_kubernetes_executor.py
[2024-10-31T06:23:56.366+0000] {processor.py:914} INFO - Processing file /home/airflow/.local/lib/python3.12/site-packages/airflow/example_dags/example_kubernetes_executor.py for tasks to queue
[2024-10-31T06:23:56.368+0000] {logging_mixin.py:190} INFO - [2024-10-31T06:23:56.368+0000] {dagbag.py:588} INFO - Filling up the DagBag from /home/airflow/.local/lib/python3.12/site-packages/airflow/example_dags/example_kubernetes_executor.py
[2024-10-31T06:23:56.382+0000] {processor.py:925} INFO - DAG(s) 'example_kubernetes_executor' retrieved from /home/airflow/.local/lib/python3.12/site-packages/airflow/example_dags/example_kubernetes_executor.py
[2024-10-31T06:23:56.414+0000] {logging_mixin.py:190} INFO - [2024-10-31T06:23:56.414+0000] {dag.py:3239} INFO - Sync 1 DAGs
[2024-10-31T06:23:56.428+0000] {logging_mixin.py:190} INFO - [2024-10-31T06:23:56.428+0000] {dag.py:4180} INFO - Setting next_dagrun for example_kubernetes_executor to None, run_after=None
[2024-10-31T06:23:56.448+0000] {processor.py:208} INFO - Processing /home/airflow/.local/lib/python3.12/site-packages/airflow/example_dags/example_kubernetes_executor.py took 0.089 seconds
[2024-10-31T06:24:27.296+0000] {processor.py:186} INFO - Started process (PID=401) to work on /home/airflow/.local/lib/python3.12/site-packages/airflow/example_dags/example_kubernetes_executor.py
[2024-10-31T06:24:27.297+0000] {processor.py:914} INFO - Processing file /home/airflow/.local/lib/python3.12/site-packages/airflow/example_dags/example_kubernetes_executor.py for tasks to queue
[2024-10-31T06:24:27.299+0000] {logging_mixin.py:190} INFO - [2024-10-31T06:24:27.299+0000] {dagbag.py:588} INFO - Filling up the DagBag from /home/airflow/.local/lib/python3.12/site-packages/airflow/example_dags/example_kubernetes_executor.py
[2024-10-31T06:24:27.316+0000] {processor.py:925} INFO - DAG(s) 'example_kubernetes_executor' retrieved from /home/airflow/.local/lib/python3.12/site-packages/airflow/example_dags/example_kubernetes_executor.py
[2024-10-31T06:24:27.349+0000] {logging_mixin.py:190} INFO - [2024-10-31T06:24:27.349+0000] {dag.py:3239} INFO - Sync 1 DAGs
[2024-10-31T06:24:27.360+0000] {logging_mixin.py:190} INFO - [2024-10-31T06:24:27.360+0000] {dag.py:4180} INFO - Setting next_dagrun for example_kubernetes_executor to None, run_after=None
[2024-10-31T06:24:27.383+0000] {processor.py:208} INFO - Processing /home/airflow/.local/lib/python3.12/site-packages/airflow/example_dags/example_kubernetes_executor.py took 0.096 seconds
[2024-10-31T06:24:58.244+0000] {processor.py:186} INFO - Started process (PID=467) to work on /home/airflow/.local/lib/python3.12/site-packages/airflow/example_dags/example_kubernetes_executor.py
[2024-10-31T06:24:58.245+0000] {processor.py:914} INFO - Processing file /home/airflow/.local/lib/python3.12/site-packages/airflow/example_dags/example_kubernetes_executor.py for tasks to queue
[2024-10-31T06:24:58.248+0000] {logging_mixin.py:190} INFO - [2024-10-31T06:24:58.248+0000] {dagbag.py:588} INFO - Filling up the DagBag from /home/airflow/.local/lib/python3.12/site-packages/airflow/example_dags/example_kubernetes_executor.py
[2024-10-31T06:24:58.261+0000] {processor.py:925} INFO - DAG(s) 'example_kubernetes_executor' retrieved from /home/airflow/.local/lib/python3.12/site-packages/airflow/example_dags/example_kubernetes_executor.py
[2024-10-31T06:24:58.288+0000] {logging_mixin.py:190} INFO - [2024-10-31T06:24:58.287+0000] {dag.py:3239} INFO - Sync 1 DAGs
[2024-10-31T06:24:58.298+0000] {logging_mixin.py:190} INFO - [2024-10-31T06:24:58.298+0000] {dag.py:4180} INFO - Setting next_dagrun for example_kubernetes_executor to None, run_after=None
[2024-10-31T06:24:58.315+0000] {processor.py:208} INFO - Processing /home/airflow/.local/lib/python3.12/site-packages/airflow/example_dags/example_kubernetes_executor.py took 0.077 seconds
[2024-10-31T06:25:29.207+0000] {processor.py:186} INFO - Started process (PID=529) to work on /home/airflow/.local/lib/python3.12/site-packages/airflow/example_dags/example_kubernetes_executor.py
[2024-10-31T06:25:29.209+0000] {processor.py:914} INFO - Processing file /home/airflow/.local/lib/python3.12/site-packages/airflow/example_dags/example_kubernetes_executor.py for tasks to queue
[2024-10-31T06:25:29.213+0000] {logging_mixin.py:190} INFO - [2024-10-31T06:25:29.212+0000] {dagbag.py:588} INFO - Filling up the DagBag from /home/airflow/.local/lib/python3.12/site-packages/airflow/example_dags/example_kubernetes_executor.py
[2024-10-31T06:25:29.237+0000] {processor.py:925} INFO - DAG(s) 'example_kubernetes_executor' retrieved from /home/airflow/.local/lib/python3.12/site-packages/airflow/example_dags/example_kubernetes_executor.py
[2024-10-31T06:25:29.284+0000] {logging_mixin.py:190} INFO - [2024-10-31T06:25:29.284+0000] {dag.py:3239} INFO - Sync 1 DAGs
[2024-10-31T06:25:29.296+0000] {logging_mixin.py:190} INFO - [2024-10-31T06:25:29.296+0000] {dag.py:4180} INFO - Setting next_dagrun for example_kubernetes_executor to None, run_after=None
[2024-10-31T06:25:29.315+0000] {processor.py:208} INFO - Processing /home/airflow/.local/lib/python3.12/site-packages/airflow/example_dags/example_kubernetes_executor.py took 0.116 seconds
[2024-10-31T06:25:59.735+0000] {processor.py:186} INFO - Started process (PID=591) to work on /home/airflow/.local/lib/python3.12/site-packages/airflow/example_dags/example_kubernetes_executor.py
[2024-10-31T06:25:59.736+0000] {processor.py:914} INFO - Processing file /home/airflow/.local/lib/python3.12/site-packages/airflow/example_dags/example_kubernetes_executor.py for tasks to queue
[2024-10-31T06:25:59.739+0000] {logging_mixin.py:190} INFO - [2024-10-31T06:25:59.738+0000] {dagbag.py:588} INFO - Filling up the DagBag from /home/airflow/.local/lib/python3.12/site-packages/airflow/example_dags/example_kubernetes_executor.py
[2024-10-31T06:25:59.756+0000] {processor.py:925} INFO - DAG(s) 'example_kubernetes_executor' retrieved from /home/airflow/.local/lib/python3.12/site-packages/airflow/example_dags/example_kubernetes_executor.py
[2024-10-31T06:25:59.801+0000] {logging_mixin.py:190} INFO - [2024-10-31T06:25:59.801+0000] {dag.py:3239} INFO - Sync 1 DAGs
[2024-10-31T06:25:59.817+0000] {logging_mixin.py:190} INFO - [2024-10-31T06:25:59.817+0000] {dag.py:4180} INFO - Setting next_dagrun for example_kubernetes_executor to None, run_after=None
[2024-10-31T06:25:59.843+0000] {processor.py:208} INFO - Processing /home/airflow/.local/lib/python3.12/site-packages/airflow/example_dags/example_kubernetes_executor.py took 0.114 seconds
[2024-10-31T06:26:30.361+0000] {processor.py:186} INFO - Started process (PID=653) to work on /home/airflow/.local/lib/python3.12/site-packages/airflow/example_dags/example_kubernetes_executor.py
[2024-10-31T06:26:30.363+0000] {processor.py:914} INFO - Processing file /home/airflow/.local/lib/python3.12/site-packages/airflow/example_dags/example_kubernetes_executor.py for tasks to queue
[2024-10-31T06:26:30.365+0000] {logging_mixin.py:190} INFO - [2024-10-31T06:26:30.365+0000] {dagbag.py:588} INFO - Filling up the DagBag from /home/airflow/.local/lib/python3.12/site-packages/airflow/example_dags/example_kubernetes_executor.py
[2024-10-31T06:26:30.387+0000] {processor.py:925} INFO - DAG(s) 'example_kubernetes_executor' retrieved from /home/airflow/.local/lib/python3.12/site-packages/airflow/example_dags/example_kubernetes_executor.py
[2024-10-31T06:26:30.444+0000] {logging_mixin.py:190} INFO - [2024-10-31T06:26:30.444+0000] {dag.py:3239} INFO - Sync 1 DAGs
[2024-10-31T06:26:30.464+0000] {logging_mixin.py:190} INFO - [2024-10-31T06:26:30.463+0000] {dag.py:4180} INFO - Setting next_dagrun for example_kubernetes_executor to None, run_after=None
[2024-10-31T06:26:30.491+0000] {processor.py:208} INFO - Processing /home/airflow/.local/lib/python3.12/site-packages/airflow/example_dags/example_kubernetes_executor.py took 0.138 seconds
[2024-10-31T06:27:00.922+0000] {processor.py:186} INFO - Started process (PID=715) to work on /home/airflow/.local/lib/python3.12/site-packages/airflow/example_dags/example_kubernetes_executor.py
[2024-10-31T06:27:00.923+0000] {processor.py:914} INFO - Processing file /home/airflow/.local/lib/python3.12/site-packages/airflow/example_dags/example_kubernetes_executor.py for tasks to queue
[2024-10-31T06:27:00.925+0000] {logging_mixin.py:190} INFO - [2024-10-31T06:27:00.925+0000] {dagbag.py:588} INFO - Filling up the DagBag from /home/airflow/.local/lib/python3.12/site-packages/airflow/example_dags/example_kubernetes_executor.py
[2024-10-31T06:27:00.938+0000] {processor.py:925} INFO - DAG(s) 'example_kubernetes_executor' retrieved from /home/airflow/.local/lib/python3.12/site-packages/airflow/example_dags/example_kubernetes_executor.py
[2024-10-31T06:27:00.968+0000] {logging_mixin.py:190} INFO - [2024-10-31T06:27:00.968+0000] {dag.py:3239} INFO - Sync 1 DAGs
[2024-10-31T06:27:00.980+0000] {logging_mixin.py:190} INFO - [2024-10-31T06:27:00.980+0000] {dag.py:4180} INFO - Setting next_dagrun for example_kubernetes_executor to None, run_after=None
[2024-10-31T06:27:00.997+0000] {processor.py:208} INFO - Processing /home/airflow/.local/lib/python3.12/site-packages/airflow/example_dags/example_kubernetes_executor.py took 0.081 seconds
[2024-10-31T06:27:31.086+0000] {processor.py:186} INFO - Started process (PID=778) to work on /home/airflow/.local/lib/python3.12/site-packages/airflow/example_dags/example_kubernetes_executor.py
[2024-10-31T06:27:31.087+0000] {processor.py:914} INFO - Processing file /home/airflow/.local/lib/python3.12/site-packages/airflow/example_dags/example_kubernetes_executor.py for tasks to queue
[2024-10-31T06:27:31.089+0000] {logging_mixin.py:190} INFO - [2024-10-31T06:27:31.089+0000] {dagbag.py:588} INFO - Filling up the DagBag from /home/airflow/.local/lib/python3.12/site-packages/airflow/example_dags/example_kubernetes_executor.py
[2024-10-31T06:27:31.100+0000] {processor.py:925} INFO - DAG(s) 'example_kubernetes_executor' retrieved from /home/airflow/.local/lib/python3.12/site-packages/airflow/example_dags/example_kubernetes_executor.py
[2024-10-31T06:27:31.126+0000] {logging_mixin.py:190} INFO - [2024-10-31T06:27:31.126+0000] {dag.py:3239} INFO - Sync 1 DAGs
[2024-10-31T06:27:31.137+0000] {logging_mixin.py:190} INFO - [2024-10-31T06:27:31.137+0000] {dag.py:4180} INFO - Setting next_dagrun for example_kubernetes_executor to None, run_after=None
[2024-10-31T06:27:31.153+0000] {processor.py:208} INFO - Processing /home/airflow/.local/lib/python3.12/site-packages/airflow/example_dags/example_kubernetes_executor.py took 0.072 seconds
[2024-10-31T06:28:01.337+0000] {processor.py:186} INFO - Started process (PID=839) to work on /home/airflow/.local/lib/python3.12/site-packages/airflow/example_dags/example_kubernetes_executor.py
[2024-10-31T06:28:01.339+0000] {processor.py:914} INFO - Processing file /home/airflow/.local/lib/python3.12/site-packages/airflow/example_dags/example_kubernetes_executor.py for tasks to queue
[2024-10-31T06:28:01.341+0000] {logging_mixin.py:190} INFO - [2024-10-31T06:28:01.340+0000] {dagbag.py:588} INFO - Filling up the DagBag from /home/airflow/.local/lib/python3.12/site-packages/airflow/example_dags/example_kubernetes_executor.py
[2024-10-31T06:28:01.354+0000] {processor.py:925} INFO - DAG(s) 'example_kubernetes_executor' retrieved from /home/airflow/.local/lib/python3.12/site-packages/airflow/example_dags/example_kubernetes_executor.py
[2024-10-31T06:28:01.381+0000] {logging_mixin.py:190} INFO - [2024-10-31T06:28:01.381+0000] {dag.py:3239} INFO - Sync 1 DAGs
[2024-10-31T06:28:01.392+0000] {logging_mixin.py:190} INFO - [2024-10-31T06:28:01.392+0000] {dag.py:4180} INFO - Setting next_dagrun for example_kubernetes_executor to None, run_after=None
[2024-10-31T06:28:01.411+0000] {processor.py:208} INFO - Processing /home/airflow/.local/lib/python3.12/site-packages/airflow/example_dags/example_kubernetes_executor.py took 0.078 seconds
[2024-10-31T06:28:32.095+0000] {processor.py:186} INFO - Started process (PID=902) to work on /home/airflow/.local/lib/python3.12/site-packages/airflow/example_dags/example_kubernetes_executor.py
[2024-10-31T06:28:32.096+0000] {processor.py:914} INFO - Processing file /home/airflow/.local/lib/python3.12/site-packages/airflow/example_dags/example_kubernetes_executor.py for tasks to queue
[2024-10-31T06:28:32.099+0000] {logging_mixin.py:190} INFO - [2024-10-31T06:28:32.098+0000] {dagbag.py:588} INFO - Filling up the DagBag from /home/airflow/.local/lib/python3.12/site-packages/airflow/example_dags/example_kubernetes_executor.py
[2024-10-31T06:28:32.110+0000] {processor.py:925} INFO - DAG(s) 'example_kubernetes_executor' retrieved from /home/airflow/.local/lib/python3.12/site-packages/airflow/example_dags/example_kubernetes_executor.py
[2024-10-31T06:28:32.138+0000] {logging_mixin.py:190} INFO - [2024-10-31T06:28:32.138+0000] {dag.py:3239} INFO - Sync 1 DAGs
[2024-10-31T06:28:32.150+0000] {logging_mixin.py:190} INFO - [2024-10-31T06:28:32.150+0000] {dag.py:4180} INFO - Setting next_dagrun for example_kubernetes_executor to None, run_after=None
[2024-10-31T06:28:32.165+0000] {processor.py:208} INFO - Processing /home/airflow/.local/lib/python3.12/site-packages/airflow/example_dags/example_kubernetes_executor.py took 0.076 seconds
