[2024-10-31T06:21:51.812+0000] {processor.py:186} INFO - Started process (PID=80) to work on /home/airflow/.local/lib/python3.12/site-packages/airflow/example_dags/example_dataset_alias.py
[2024-10-31T06:21:51.813+0000] {processor.py:914} INFO - Processing file /home/airflow/.local/lib/python3.12/site-packages/airflow/example_dags/example_dataset_alias.py for tasks to queue
[2024-10-31T06:21:51.815+0000] {logging_mixin.py:190} INFO - [2024-10-31T06:21:51.814+0000] {dagbag.py:588} INFO - Filling up the DagBag from /home/airflow/.local/lib/python3.12/site-packages/airflow/example_dags/example_dataset_alias.py
[2024-10-31T06:21:51.939+0000] {processor.py:925} INFO - DAG(s) 'dataset_alias_example_alias_consumer', 'dataset_s3_bucket_consumer', 'dataset_alias_example_alias_producer', 'dataset_s3_bucket_producer' retrieved from /home/airflow/.local/lib/python3.12/site-packages/airflow/example_dags/example_dataset_alias.py
[2024-10-31T06:21:52.034+0000] {logging_mixin.py:190} INFO - [2024-10-31T06:21:52.033+0000] {override.py:1900} INFO - Created Permission View: can delete on DAG:dataset_alias_example_alias_consumer
[2024-10-31T06:21:52.042+0000] {logging_mixin.py:190} INFO - [2024-10-31T06:21:52.042+0000] {override.py:1900} INFO - Created Permission View: can read on DAG:dataset_alias_example_alias_consumer
[2024-10-31T06:21:52.049+0000] {logging_mixin.py:190} INFO - [2024-10-31T06:21:52.049+0000] {override.py:1900} INFO - Created Permission View: can edit on DAG:dataset_alias_example_alias_consumer
[2024-10-31T06:21:52.061+0000] {logging_mixin.py:190} INFO - [2024-10-31T06:21:52.061+0000] {override.py:1900} INFO - Created Permission View: can delete on DAG Run:dataset_alias_example_alias_consumer
[2024-10-31T06:21:52.069+0000] {logging_mixin.py:190} INFO - [2024-10-31T06:21:52.069+0000] {override.py:1900} INFO - Created Permission View: can create on DAG Run:dataset_alias_example_alias_consumer
[2024-10-31T06:21:52.075+0000] {logging_mixin.py:190} INFO - [2024-10-31T06:21:52.075+0000] {override.py:1900} INFO - Created Permission View: can read on DAG Run:dataset_alias_example_alias_consumer
[2024-10-31T06:21:52.082+0000] {logging_mixin.py:190} INFO - [2024-10-31T06:21:52.081+0000] {override.py:1900} INFO - Created Permission View: menu access on DAG Run:dataset_alias_example_alias_consumer
[2024-10-31T06:21:52.094+0000] {logging_mixin.py:190} INFO - [2024-10-31T06:21:52.093+0000] {override.py:1900} INFO - Created Permission View: can delete on DAG:dataset_s3_bucket_consumer
[2024-10-31T06:21:52.101+0000] {logging_mixin.py:190} INFO - [2024-10-31T06:21:52.101+0000] {override.py:1900} INFO - Created Permission View: can read on DAG:dataset_s3_bucket_consumer
[2024-10-31T06:21:52.108+0000] {logging_mixin.py:190} INFO - [2024-10-31T06:21:52.108+0000] {override.py:1900} INFO - Created Permission View: can edit on DAG:dataset_s3_bucket_consumer
[2024-10-31T06:21:52.117+0000] {logging_mixin.py:190} INFO - [2024-10-31T06:21:52.117+0000] {override.py:1900} INFO - Created Permission View: can delete on DAG Run:dataset_s3_bucket_consumer
[2024-10-31T06:21:52.127+0000] {logging_mixin.py:190} INFO - [2024-10-31T06:21:52.127+0000] {override.py:1900} INFO - Created Permission View: can create on DAG Run:dataset_s3_bucket_consumer
[2024-10-31T06:21:52.134+0000] {logging_mixin.py:190} INFO - [2024-10-31T06:21:52.133+0000] {override.py:1900} INFO - Created Permission View: can read on DAG Run:dataset_s3_bucket_consumer
[2024-10-31T06:21:52.141+0000] {logging_mixin.py:190} INFO - [2024-10-31T06:21:52.141+0000] {override.py:1900} INFO - Created Permission View: menu access on DAG Run:dataset_s3_bucket_consumer
[2024-10-31T06:21:52.155+0000] {logging_mixin.py:190} INFO - [2024-10-31T06:21:52.155+0000] {override.py:1900} INFO - Created Permission View: can delete on DAG:dataset_alias_example_alias_producer
[2024-10-31T06:21:52.161+0000] {logging_mixin.py:190} INFO - [2024-10-31T06:21:52.161+0000] {override.py:1900} INFO - Created Permission View: can read on DAG:dataset_alias_example_alias_producer
[2024-10-31T06:21:52.167+0000] {logging_mixin.py:190} INFO - [2024-10-31T06:21:52.167+0000] {override.py:1900} INFO - Created Permission View: can edit on DAG:dataset_alias_example_alias_producer
[2024-10-31T06:21:52.177+0000] {logging_mixin.py:190} INFO - [2024-10-31T06:21:52.177+0000] {override.py:1900} INFO - Created Permission View: can delete on DAG Run:dataset_alias_example_alias_producer
[2024-10-31T06:21:52.183+0000] {logging_mixin.py:190} INFO - [2024-10-31T06:21:52.183+0000] {override.py:1900} INFO - Created Permission View: can create on DAG Run:dataset_alias_example_alias_producer
[2024-10-31T06:21:52.191+0000] {logging_mixin.py:190} INFO - [2024-10-31T06:21:52.191+0000] {override.py:1900} INFO - Created Permission View: can read on DAG Run:dataset_alias_example_alias_producer
[2024-10-31T06:21:52.199+0000] {logging_mixin.py:190} INFO - [2024-10-31T06:21:52.199+0000] {override.py:1900} INFO - Created Permission View: menu access on DAG Run:dataset_alias_example_alias_producer
[2024-10-31T06:21:52.211+0000] {logging_mixin.py:190} INFO - [2024-10-31T06:21:52.211+0000] {override.py:1900} INFO - Created Permission View: can delete on DAG:dataset_s3_bucket_producer
[2024-10-31T06:21:52.217+0000] {logging_mixin.py:190} INFO - [2024-10-31T06:21:52.217+0000] {override.py:1900} INFO - Created Permission View: can read on DAG:dataset_s3_bucket_producer
[2024-10-31T06:21:52.223+0000] {logging_mixin.py:190} INFO - [2024-10-31T06:21:52.223+0000] {override.py:1900} INFO - Created Permission View: can edit on DAG:dataset_s3_bucket_producer
[2024-10-31T06:21:52.231+0000] {logging_mixin.py:190} INFO - [2024-10-31T06:21:52.231+0000] {override.py:1900} INFO - Created Permission View: can delete on DAG Run:dataset_s3_bucket_producer
[2024-10-31T06:21:52.237+0000] {logging_mixin.py:190} INFO - [2024-10-31T06:21:52.237+0000] {override.py:1900} INFO - Created Permission View: can create on DAG Run:dataset_s3_bucket_producer
[2024-10-31T06:21:52.243+0000] {logging_mixin.py:190} INFO - [2024-10-31T06:21:52.243+0000] {override.py:1900} INFO - Created Permission View: can read on DAG Run:dataset_s3_bucket_producer
[2024-10-31T06:21:52.248+0000] {logging_mixin.py:190} INFO - [2024-10-31T06:21:52.248+0000] {override.py:1900} INFO - Created Permission View: menu access on DAG Run:dataset_s3_bucket_producer
[2024-10-31T06:21:52.248+0000] {logging_mixin.py:190} INFO - [2024-10-31T06:21:52.248+0000] {dag.py:3239} INFO - Sync 4 DAGs
[2024-10-31T06:21:52.262+0000] {logging_mixin.py:190} INFO - [2024-10-31T06:21:52.261+0000] {dag.py:3262} INFO - Creating ORM DAG for dataset_s3_bucket_consumer
[2024-10-31T06:21:52.262+0000] {logging_mixin.py:190} INFO - [2024-10-31T06:21:52.262+0000] {dag.py:3262} INFO - Creating ORM DAG for dataset_alias_example_alias_consumer
[2024-10-31T06:21:52.263+0000] {logging_mixin.py:190} INFO - [2024-10-31T06:21:52.262+0000] {dag.py:3262} INFO - Creating ORM DAG for dataset_alias_example_alias_producer
[2024-10-31T06:21:52.263+0000] {logging_mixin.py:190} INFO - [2024-10-31T06:21:52.263+0000] {dag.py:3262} INFO - Creating ORM DAG for dataset_s3_bucket_producer
[2024-10-31T06:21:52.270+0000] {logging_mixin.py:190} INFO - [2024-10-31T06:21:52.270+0000] {dag.py:4180} INFO - Setting next_dagrun for dataset_alias_example_alias_consumer to None, run_after=None
[2024-10-31T06:21:52.270+0000] {logging_mixin.py:190} INFO - [2024-10-31T06:21:52.270+0000] {dag.py:4180} INFO - Setting next_dagrun for dataset_alias_example_alias_producer to None, run_after=None
[2024-10-31T06:21:52.271+0000] {logging_mixin.py:190} INFO - [2024-10-31T06:21:52.270+0000] {dag.py:4180} INFO - Setting next_dagrun for dataset_s3_bucket_consumer to None, run_after=None
[2024-10-31T06:21:52.271+0000] {logging_mixin.py:190} INFO - [2024-10-31T06:21:52.271+0000] {dag.py:4180} INFO - Setting next_dagrun for dataset_s3_bucket_producer to None, run_after=None
[2024-10-31T06:21:52.293+0000] {processor.py:208} INFO - Processing /home/airflow/.local/lib/python3.12/site-packages/airflow/example_dags/example_dataset_alias.py took 0.485 seconds
[2024-10-31T06:22:22.465+0000] {processor.py:186} INFO - Started process (PID=142) to work on /home/airflow/.local/lib/python3.12/site-packages/airflow/example_dags/example_dataset_alias.py
[2024-10-31T06:22:22.466+0000] {processor.py:914} INFO - Processing file /home/airflow/.local/lib/python3.12/site-packages/airflow/example_dags/example_dataset_alias.py for tasks to queue
[2024-10-31T06:22:22.467+0000] {logging_mixin.py:190} INFO - [2024-10-31T06:22:22.467+0000] {dagbag.py:588} INFO - Filling up the DagBag from /home/airflow/.local/lib/python3.12/site-packages/airflow/example_dags/example_dataset_alias.py
[2024-10-31T06:22:22.571+0000] {processor.py:925} INFO - DAG(s) 'dataset_alias_example_alias_producer', 'dataset_s3_bucket_consumer', 'dataset_s3_bucket_producer', 'dataset_alias_example_alias_consumer' retrieved from /home/airflow/.local/lib/python3.12/site-packages/airflow/example_dags/example_dataset_alias.py
[2024-10-31T06:22:22.586+0000] {logging_mixin.py:190} INFO - [2024-10-31T06:22:22.586+0000] {dag.py:3239} INFO - Sync 4 DAGs
[2024-10-31T06:22:22.602+0000] {logging_mixin.py:190} INFO - [2024-10-31T06:22:22.602+0000] {dag.py:4180} INFO - Setting next_dagrun for dataset_alias_example_alias_consumer to None, run_after=None
[2024-10-31T06:22:22.604+0000] {logging_mixin.py:190} INFO - [2024-10-31T06:22:22.604+0000] {dag.py:4180} INFO - Setting next_dagrun for dataset_alias_example_alias_producer to None, run_after=None
[2024-10-31T06:22:22.605+0000] {logging_mixin.py:190} INFO - [2024-10-31T06:22:22.605+0000] {dag.py:4180} INFO - Setting next_dagrun for dataset_s3_bucket_consumer to None, run_after=None
[2024-10-31T06:22:22.605+0000] {logging_mixin.py:190} INFO - [2024-10-31T06:22:22.605+0000] {dag.py:4180} INFO - Setting next_dagrun for dataset_s3_bucket_producer to None, run_after=None
[2024-10-31T06:22:22.622+0000] {processor.py:208} INFO - Processing /home/airflow/.local/lib/python3.12/site-packages/airflow/example_dags/example_dataset_alias.py took 0.162 seconds
[2024-10-31T06:22:53.163+0000] {processor.py:186} INFO - Started process (PID=204) to work on /home/airflow/.local/lib/python3.12/site-packages/airflow/example_dags/example_dataset_alias.py
[2024-10-31T06:22:53.164+0000] {processor.py:914} INFO - Processing file /home/airflow/.local/lib/python3.12/site-packages/airflow/example_dags/example_dataset_alias.py for tasks to queue
[2024-10-31T06:22:53.166+0000] {logging_mixin.py:190} INFO - [2024-10-31T06:22:53.165+0000] {dagbag.py:588} INFO - Filling up the DagBag from /home/airflow/.local/lib/python3.12/site-packages/airflow/example_dags/example_dataset_alias.py
[2024-10-31T06:22:53.276+0000] {processor.py:925} INFO - DAG(s) 'dataset_s3_bucket_consumer', 'dataset_alias_example_alias_consumer', 'dataset_s3_bucket_producer', 'dataset_alias_example_alias_producer' retrieved from /home/airflow/.local/lib/python3.12/site-packages/airflow/example_dags/example_dataset_alias.py
[2024-10-31T06:22:53.294+0000] {logging_mixin.py:190} INFO - [2024-10-31T06:22:53.293+0000] {dag.py:3239} INFO - Sync 4 DAGs
[2024-10-31T06:22:53.311+0000] {logging_mixin.py:190} INFO - [2024-10-31T06:22:53.311+0000] {dag.py:4180} INFO - Setting next_dagrun for dataset_alias_example_alias_consumer to None, run_after=None
[2024-10-31T06:22:53.313+0000] {logging_mixin.py:190} INFO - [2024-10-31T06:22:53.313+0000] {dag.py:4180} INFO - Setting next_dagrun for dataset_alias_example_alias_producer to None, run_after=None
[2024-10-31T06:22:53.314+0000] {logging_mixin.py:190} INFO - [2024-10-31T06:22:53.314+0000] {dag.py:4180} INFO - Setting next_dagrun for dataset_s3_bucket_consumer to None, run_after=None
[2024-10-31T06:22:53.315+0000] {logging_mixin.py:190} INFO - [2024-10-31T06:22:53.315+0000] {dag.py:4180} INFO - Setting next_dagrun for dataset_s3_bucket_producer to None, run_after=None
[2024-10-31T06:22:53.335+0000] {processor.py:208} INFO - Processing /home/airflow/.local/lib/python3.12/site-packages/airflow/example_dags/example_dataset_alias.py took 0.177 seconds
[2024-10-31T06:23:23.834+0000] {processor.py:186} INFO - Started process (PID=266) to work on /home/airflow/.local/lib/python3.12/site-packages/airflow/example_dags/example_dataset_alias.py
[2024-10-31T06:23:23.835+0000] {processor.py:914} INFO - Processing file /home/airflow/.local/lib/python3.12/site-packages/airflow/example_dags/example_dataset_alias.py for tasks to queue
[2024-10-31T06:23:23.837+0000] {logging_mixin.py:190} INFO - [2024-10-31T06:23:23.836+0000] {dagbag.py:588} INFO - Filling up the DagBag from /home/airflow/.local/lib/python3.12/site-packages/airflow/example_dags/example_dataset_alias.py
[2024-10-31T06:23:23.940+0000] {processor.py:925} INFO - DAG(s) 'dataset_alias_example_alias_consumer', 'dataset_s3_bucket_consumer', 'dataset_alias_example_alias_producer', 'dataset_s3_bucket_producer' retrieved from /home/airflow/.local/lib/python3.12/site-packages/airflow/example_dags/example_dataset_alias.py
[2024-10-31T06:23:23.955+0000] {logging_mixin.py:190} INFO - [2024-10-31T06:23:23.955+0000] {dag.py:3239} INFO - Sync 4 DAGs
[2024-10-31T06:23:23.970+0000] {logging_mixin.py:190} INFO - [2024-10-31T06:23:23.970+0000] {dag.py:4180} INFO - Setting next_dagrun for dataset_alias_example_alias_consumer to None, run_after=None
[2024-10-31T06:23:23.972+0000] {logging_mixin.py:190} INFO - [2024-10-31T06:23:23.972+0000] {dag.py:4180} INFO - Setting next_dagrun for dataset_alias_example_alias_producer to None, run_after=None
[2024-10-31T06:23:23.973+0000] {logging_mixin.py:190} INFO - [2024-10-31T06:23:23.973+0000] {dag.py:4180} INFO - Setting next_dagrun for dataset_s3_bucket_consumer to None, run_after=None
[2024-10-31T06:23:23.974+0000] {logging_mixin.py:190} INFO - [2024-10-31T06:23:23.974+0000] {dag.py:4180} INFO - Setting next_dagrun for dataset_s3_bucket_producer to None, run_after=None
[2024-10-31T06:23:23.990+0000] {processor.py:208} INFO - Processing /home/airflow/.local/lib/python3.12/site-packages/airflow/example_dags/example_dataset_alias.py took 0.160 seconds
[2024-10-31T06:23:54.595+0000] {processor.py:186} INFO - Started process (PID=328) to work on /home/airflow/.local/lib/python3.12/site-packages/airflow/example_dags/example_dataset_alias.py
[2024-10-31T06:23:54.596+0000] {processor.py:914} INFO - Processing file /home/airflow/.local/lib/python3.12/site-packages/airflow/example_dags/example_dataset_alias.py for tasks to queue
[2024-10-31T06:23:54.598+0000] {logging_mixin.py:190} INFO - [2024-10-31T06:23:54.598+0000] {dagbag.py:588} INFO - Filling up the DagBag from /home/airflow/.local/lib/python3.12/site-packages/airflow/example_dags/example_dataset_alias.py
[2024-10-31T06:23:54.726+0000] {processor.py:925} INFO - DAG(s) 'dataset_alias_example_alias_producer', 'dataset_s3_bucket_producer', 'dataset_s3_bucket_consumer', 'dataset_alias_example_alias_consumer' retrieved from /home/airflow/.local/lib/python3.12/site-packages/airflow/example_dags/example_dataset_alias.py
[2024-10-31T06:23:54.743+0000] {logging_mixin.py:190} INFO - [2024-10-31T06:23:54.743+0000] {dag.py:3239} INFO - Sync 4 DAGs
[2024-10-31T06:23:54.761+0000] {logging_mixin.py:190} INFO - [2024-10-31T06:23:54.761+0000] {dag.py:4180} INFO - Setting next_dagrun for dataset_alias_example_alias_consumer to None, run_after=None
[2024-10-31T06:23:54.763+0000] {logging_mixin.py:190} INFO - [2024-10-31T06:23:54.763+0000] {dag.py:4180} INFO - Setting next_dagrun for dataset_alias_example_alias_producer to None, run_after=None
[2024-10-31T06:23:54.764+0000] {logging_mixin.py:190} INFO - [2024-10-31T06:23:54.764+0000] {dag.py:4180} INFO - Setting next_dagrun for dataset_s3_bucket_consumer to None, run_after=None
[2024-10-31T06:23:54.765+0000] {logging_mixin.py:190} INFO - [2024-10-31T06:23:54.765+0000] {dag.py:4180} INFO - Setting next_dagrun for dataset_s3_bucket_producer to None, run_after=None
[2024-10-31T06:23:54.783+0000] {processor.py:208} INFO - Processing /home/airflow/.local/lib/python3.12/site-packages/airflow/example_dags/example_dataset_alias.py took 0.193 seconds
[2024-10-31T06:24:25.057+0000] {processor.py:186} INFO - Started process (PID=390) to work on /home/airflow/.local/lib/python3.12/site-packages/airflow/example_dags/example_dataset_alias.py
[2024-10-31T06:24:25.060+0000] {processor.py:914} INFO - Processing file /home/airflow/.local/lib/python3.12/site-packages/airflow/example_dags/example_dataset_alias.py for tasks to queue
[2024-10-31T06:24:25.065+0000] {logging_mixin.py:190} INFO - [2024-10-31T06:24:25.065+0000] {dagbag.py:588} INFO - Filling up the DagBag from /home/airflow/.local/lib/python3.12/site-packages/airflow/example_dags/example_dataset_alias.py
[2024-10-31T06:24:25.200+0000] {processor.py:925} INFO - DAG(s) 'dataset_s3_bucket_producer', 'dataset_alias_example_alias_consumer', 'dataset_alias_example_alias_producer', 'dataset_s3_bucket_consumer' retrieved from /home/airflow/.local/lib/python3.12/site-packages/airflow/example_dags/example_dataset_alias.py
[2024-10-31T06:24:25.234+0000] {logging_mixin.py:190} INFO - [2024-10-31T06:24:25.234+0000] {dag.py:3239} INFO - Sync 4 DAGs
[2024-10-31T06:24:25.263+0000] {logging_mixin.py:190} INFO - [2024-10-31T06:24:25.263+0000] {dag.py:4180} INFO - Setting next_dagrun for dataset_alias_example_alias_consumer to None, run_after=None
[2024-10-31T06:24:25.269+0000] {logging_mixin.py:190} INFO - [2024-10-31T06:24:25.268+0000] {dag.py:4180} INFO - Setting next_dagrun for dataset_alias_example_alias_producer to None, run_after=None
[2024-10-31T06:24:25.273+0000] {logging_mixin.py:190} INFO - [2024-10-31T06:24:25.272+0000] {dag.py:4180} INFO - Setting next_dagrun for dataset_s3_bucket_consumer to None, run_after=None
[2024-10-31T06:24:25.275+0000] {logging_mixin.py:190} INFO - [2024-10-31T06:24:25.275+0000] {dag.py:4180} INFO - Setting next_dagrun for dataset_s3_bucket_producer to None, run_after=None
[2024-10-31T06:24:25.306+0000] {processor.py:208} INFO - Processing /home/airflow/.local/lib/python3.12/site-packages/airflow/example_dags/example_dataset_alias.py took 0.256 seconds
[2024-10-31T06:24:56.265+0000] {processor.py:186} INFO - Started process (PID=456) to work on /home/airflow/.local/lib/python3.12/site-packages/airflow/example_dags/example_dataset_alias.py
[2024-10-31T06:24:56.267+0000] {processor.py:914} INFO - Processing file /home/airflow/.local/lib/python3.12/site-packages/airflow/example_dags/example_dataset_alias.py for tasks to queue
[2024-10-31T06:24:56.272+0000] {logging_mixin.py:190} INFO - [2024-10-31T06:24:56.271+0000] {dagbag.py:588} INFO - Filling up the DagBag from /home/airflow/.local/lib/python3.12/site-packages/airflow/example_dags/example_dataset_alias.py
[2024-10-31T06:24:56.466+0000] {processor.py:925} INFO - DAG(s) 'dataset_s3_bucket_producer', 'dataset_alias_example_alias_consumer', 'dataset_alias_example_alias_producer', 'dataset_s3_bucket_consumer' retrieved from /home/airflow/.local/lib/python3.12/site-packages/airflow/example_dags/example_dataset_alias.py
[2024-10-31T06:24:56.500+0000] {logging_mixin.py:190} INFO - [2024-10-31T06:24:56.499+0000] {dag.py:3239} INFO - Sync 4 DAGs
[2024-10-31T06:24:56.539+0000] {logging_mixin.py:190} INFO - [2024-10-31T06:24:56.539+0000] {dag.py:4180} INFO - Setting next_dagrun for dataset_alias_example_alias_consumer to None, run_after=None
[2024-10-31T06:24:56.544+0000] {logging_mixin.py:190} INFO - [2024-10-31T06:24:56.543+0000] {dag.py:4180} INFO - Setting next_dagrun for dataset_alias_example_alias_producer to None, run_after=None
[2024-10-31T06:24:56.547+0000] {logging_mixin.py:190} INFO - [2024-10-31T06:24:56.546+0000] {dag.py:4180} INFO - Setting next_dagrun for dataset_s3_bucket_consumer to None, run_after=None
[2024-10-31T06:24:56.551+0000] {logging_mixin.py:190} INFO - [2024-10-31T06:24:56.550+0000] {dag.py:4180} INFO - Setting next_dagrun for dataset_s3_bucket_producer to None, run_after=None
[2024-10-31T06:24:56.595+0000] {processor.py:208} INFO - Processing /home/airflow/.local/lib/python3.12/site-packages/airflow/example_dags/example_dataset_alias.py took 0.337 seconds
[2024-10-31T06:25:27.331+0000] {processor.py:186} INFO - Started process (PID=518) to work on /home/airflow/.local/lib/python3.12/site-packages/airflow/example_dags/example_dataset_alias.py
[2024-10-31T06:25:27.332+0000] {processor.py:914} INFO - Processing file /home/airflow/.local/lib/python3.12/site-packages/airflow/example_dags/example_dataset_alias.py for tasks to queue
[2024-10-31T06:25:27.334+0000] {logging_mixin.py:190} INFO - [2024-10-31T06:25:27.334+0000] {dagbag.py:588} INFO - Filling up the DagBag from /home/airflow/.local/lib/python3.12/site-packages/airflow/example_dags/example_dataset_alias.py
[2024-10-31T06:25:27.440+0000] {processor.py:925} INFO - DAG(s) 'dataset_alias_example_alias_producer', 'dataset_s3_bucket_consumer', 'dataset_s3_bucket_producer', 'dataset_alias_example_alias_consumer' retrieved from /home/airflow/.local/lib/python3.12/site-packages/airflow/example_dags/example_dataset_alias.py
[2024-10-31T06:25:27.457+0000] {logging_mixin.py:190} INFO - [2024-10-31T06:25:27.457+0000] {dag.py:3239} INFO - Sync 4 DAGs
[2024-10-31T06:25:27.478+0000] {logging_mixin.py:190} INFO - [2024-10-31T06:25:27.478+0000] {dag.py:4180} INFO - Setting next_dagrun for dataset_alias_example_alias_consumer to None, run_after=None
[2024-10-31T06:25:27.483+0000] {logging_mixin.py:190} INFO - [2024-10-31T06:25:27.483+0000] {dag.py:4180} INFO - Setting next_dagrun for dataset_alias_example_alias_producer to None, run_after=None
[2024-10-31T06:25:27.485+0000] {logging_mixin.py:190} INFO - [2024-10-31T06:25:27.484+0000] {dag.py:4180} INFO - Setting next_dagrun for dataset_s3_bucket_consumer to None, run_after=None
[2024-10-31T06:25:27.486+0000] {logging_mixin.py:190} INFO - [2024-10-31T06:25:27.486+0000] {dag.py:4180} INFO - Setting next_dagrun for dataset_s3_bucket_producer to None, run_after=None
[2024-10-31T06:25:27.511+0000] {processor.py:208} INFO - Processing /home/airflow/.local/lib/python3.12/site-packages/airflow/example_dags/example_dataset_alias.py took 0.184 seconds
[2024-10-31T06:25:57.650+0000] {processor.py:186} INFO - Started process (PID=580) to work on /home/airflow/.local/lib/python3.12/site-packages/airflow/example_dags/example_dataset_alias.py
[2024-10-31T06:25:57.651+0000] {processor.py:914} INFO - Processing file /home/airflow/.local/lib/python3.12/site-packages/airflow/example_dags/example_dataset_alias.py for tasks to queue
[2024-10-31T06:25:57.653+0000] {logging_mixin.py:190} INFO - [2024-10-31T06:25:57.653+0000] {dagbag.py:588} INFO - Filling up the DagBag from /home/airflow/.local/lib/python3.12/site-packages/airflow/example_dags/example_dataset_alias.py
[2024-10-31T06:25:57.888+0000] {processor.py:925} INFO - DAG(s) 'dataset_s3_bucket_producer', 'dataset_alias_example_alias_consumer', 'dataset_s3_bucket_consumer', 'dataset_alias_example_alias_producer' retrieved from /home/airflow/.local/lib/python3.12/site-packages/airflow/example_dags/example_dataset_alias.py
[2024-10-31T06:25:57.912+0000] {logging_mixin.py:190} INFO - [2024-10-31T06:25:57.911+0000] {dag.py:3239} INFO - Sync 4 DAGs
[2024-10-31T06:25:57.931+0000] {logging_mixin.py:190} INFO - [2024-10-31T06:25:57.931+0000] {dag.py:4180} INFO - Setting next_dagrun for dataset_alias_example_alias_consumer to None, run_after=None
[2024-10-31T06:25:57.933+0000] {logging_mixin.py:190} INFO - [2024-10-31T06:25:57.933+0000] {dag.py:4180} INFO - Setting next_dagrun for dataset_alias_example_alias_producer to None, run_after=None
[2024-10-31T06:25:57.935+0000] {logging_mixin.py:190} INFO - [2024-10-31T06:25:57.935+0000] {dag.py:4180} INFO - Setting next_dagrun for dataset_s3_bucket_consumer to None, run_after=None
[2024-10-31T06:25:57.936+0000] {logging_mixin.py:190} INFO - [2024-10-31T06:25:57.936+0000] {dag.py:4180} INFO - Setting next_dagrun for dataset_s3_bucket_producer to None, run_after=None
[2024-10-31T06:25:57.964+0000] {processor.py:208} INFO - Processing /home/airflow/.local/lib/python3.12/site-packages/airflow/example_dags/example_dataset_alias.py took 0.320 seconds
[2024-10-31T06:26:28.299+0000] {processor.py:186} INFO - Started process (PID=642) to work on /home/airflow/.local/lib/python3.12/site-packages/airflow/example_dags/example_dataset_alias.py
[2024-10-31T06:26:28.300+0000] {processor.py:914} INFO - Processing file /home/airflow/.local/lib/python3.12/site-packages/airflow/example_dags/example_dataset_alias.py for tasks to queue
[2024-10-31T06:26:28.304+0000] {logging_mixin.py:190} INFO - [2024-10-31T06:26:28.304+0000] {dagbag.py:588} INFO - Filling up the DagBag from /home/airflow/.local/lib/python3.12/site-packages/airflow/example_dags/example_dataset_alias.py
[2024-10-31T06:26:28.462+0000] {processor.py:925} INFO - DAG(s) 'dataset_alias_example_alias_producer', 'dataset_s3_bucket_producer', 'dataset_alias_example_alias_consumer', 'dataset_s3_bucket_consumer' retrieved from /home/airflow/.local/lib/python3.12/site-packages/airflow/example_dags/example_dataset_alias.py
[2024-10-31T06:26:28.485+0000] {logging_mixin.py:190} INFO - [2024-10-31T06:26:28.485+0000] {dag.py:3239} INFO - Sync 4 DAGs
[2024-10-31T06:26:28.507+0000] {logging_mixin.py:190} INFO - [2024-10-31T06:26:28.507+0000] {dag.py:4180} INFO - Setting next_dagrun for dataset_alias_example_alias_consumer to None, run_after=None
[2024-10-31T06:26:28.512+0000] {logging_mixin.py:190} INFO - [2024-10-31T06:26:28.512+0000] {dag.py:4180} INFO - Setting next_dagrun for dataset_alias_example_alias_producer to None, run_after=None
[2024-10-31T06:26:28.513+0000] {logging_mixin.py:190} INFO - [2024-10-31T06:26:28.513+0000] {dag.py:4180} INFO - Setting next_dagrun for dataset_s3_bucket_consumer to None, run_after=None
[2024-10-31T06:26:28.515+0000] {logging_mixin.py:190} INFO - [2024-10-31T06:26:28.515+0000] {dag.py:4180} INFO - Setting next_dagrun for dataset_s3_bucket_producer to None, run_after=None
[2024-10-31T06:26:28.538+0000] {processor.py:208} INFO - Processing /home/airflow/.local/lib/python3.12/site-packages/airflow/example_dags/example_dataset_alias.py took 0.244 seconds
[2024-10-31T06:26:58.913+0000] {processor.py:186} INFO - Started process (PID=704) to work on /home/airflow/.local/lib/python3.12/site-packages/airflow/example_dags/example_dataset_alias.py
[2024-10-31T06:26:58.916+0000] {processor.py:914} INFO - Processing file /home/airflow/.local/lib/python3.12/site-packages/airflow/example_dags/example_dataset_alias.py for tasks to queue
[2024-10-31T06:26:58.919+0000] {logging_mixin.py:190} INFO - [2024-10-31T06:26:58.919+0000] {dagbag.py:588} INFO - Filling up the DagBag from /home/airflow/.local/lib/python3.12/site-packages/airflow/example_dags/example_dataset_alias.py
[2024-10-31T06:26:59.128+0000] {processor.py:925} INFO - DAG(s) 'dataset_alias_example_alias_consumer', 'dataset_s3_bucket_producer', 'dataset_s3_bucket_consumer', 'dataset_alias_example_alias_producer' retrieved from /home/airflow/.local/lib/python3.12/site-packages/airflow/example_dags/example_dataset_alias.py
[2024-10-31T06:26:59.184+0000] {logging_mixin.py:190} INFO - [2024-10-31T06:26:59.184+0000] {dag.py:3239} INFO - Sync 4 DAGs
[2024-10-31T06:26:59.221+0000] {logging_mixin.py:190} INFO - [2024-10-31T06:26:59.221+0000] {dag.py:4180} INFO - Setting next_dagrun for dataset_alias_example_alias_consumer to None, run_after=None
[2024-10-31T06:26:59.225+0000] {logging_mixin.py:190} INFO - [2024-10-31T06:26:59.225+0000] {dag.py:4180} INFO - Setting next_dagrun for dataset_alias_example_alias_producer to None, run_after=None
[2024-10-31T06:26:59.227+0000] {logging_mixin.py:190} INFO - [2024-10-31T06:26:59.226+0000] {dag.py:4180} INFO - Setting next_dagrun for dataset_s3_bucket_consumer to None, run_after=None
[2024-10-31T06:26:59.228+0000] {logging_mixin.py:190} INFO - [2024-10-31T06:26:59.228+0000] {dag.py:4180} INFO - Setting next_dagrun for dataset_s3_bucket_producer to None, run_after=None
[2024-10-31T06:26:59.251+0000] {processor.py:208} INFO - Processing /home/airflow/.local/lib/python3.12/site-packages/airflow/example_dags/example_dataset_alias.py took 0.356 seconds
[2024-10-31T06:27:30.202+0000] {processor.py:186} INFO - Started process (PID=766) to work on /home/airflow/.local/lib/python3.12/site-packages/airflow/example_dags/example_dataset_alias.py
[2024-10-31T06:27:30.203+0000] {processor.py:914} INFO - Processing file /home/airflow/.local/lib/python3.12/site-packages/airflow/example_dags/example_dataset_alias.py for tasks to queue
[2024-10-31T06:27:30.205+0000] {logging_mixin.py:190} INFO - [2024-10-31T06:27:30.205+0000] {dagbag.py:588} INFO - Filling up the DagBag from /home/airflow/.local/lib/python3.12/site-packages/airflow/example_dags/example_dataset_alias.py
[2024-10-31T06:27:30.306+0000] {processor.py:925} INFO - DAG(s) 'dataset_s3_bucket_producer', 'dataset_alias_example_alias_consumer', 'dataset_alias_example_alias_producer', 'dataset_s3_bucket_consumer' retrieved from /home/airflow/.local/lib/python3.12/site-packages/airflow/example_dags/example_dataset_alias.py
[2024-10-31T06:27:30.321+0000] {logging_mixin.py:190} INFO - [2024-10-31T06:27:30.321+0000] {dag.py:3239} INFO - Sync 4 DAGs
[2024-10-31T06:27:30.337+0000] {logging_mixin.py:190} INFO - [2024-10-31T06:27:30.337+0000] {dag.py:4180} INFO - Setting next_dagrun for dataset_alias_example_alias_consumer to None, run_after=None
[2024-10-31T06:27:30.339+0000] {logging_mixin.py:190} INFO - [2024-10-31T06:27:30.339+0000] {dag.py:4180} INFO - Setting next_dagrun for dataset_alias_example_alias_producer to None, run_after=None
[2024-10-31T06:27:30.340+0000] {logging_mixin.py:190} INFO - [2024-10-31T06:27:30.340+0000] {dag.py:4180} INFO - Setting next_dagrun for dataset_s3_bucket_consumer to None, run_after=None
[2024-10-31T06:27:30.341+0000] {logging_mixin.py:190} INFO - [2024-10-31T06:27:30.340+0000] {dag.py:4180} INFO - Setting next_dagrun for dataset_s3_bucket_producer to None, run_after=None
[2024-10-31T06:27:30.365+0000] {processor.py:208} INFO - Processing /home/airflow/.local/lib/python3.12/site-packages/airflow/example_dags/example_dataset_alias.py took 0.167 seconds
[2024-10-31T06:28:00.508+0000] {processor.py:186} INFO - Started process (PID=828) to work on /home/airflow/.local/lib/python3.12/site-packages/airflow/example_dags/example_dataset_alias.py
[2024-10-31T06:28:00.510+0000] {processor.py:914} INFO - Processing file /home/airflow/.local/lib/python3.12/site-packages/airflow/example_dags/example_dataset_alias.py for tasks to queue
[2024-10-31T06:28:00.513+0000] {logging_mixin.py:190} INFO - [2024-10-31T06:28:00.513+0000] {dagbag.py:588} INFO - Filling up the DagBag from /home/airflow/.local/lib/python3.12/site-packages/airflow/example_dags/example_dataset_alias.py
[2024-10-31T06:28:00.633+0000] {processor.py:925} INFO - DAG(s) 'dataset_s3_bucket_producer', 'dataset_alias_example_alias_producer', 'dataset_alias_example_alias_consumer', 'dataset_s3_bucket_consumer' retrieved from /home/airflow/.local/lib/python3.12/site-packages/airflow/example_dags/example_dataset_alias.py
[2024-10-31T06:28:00.649+0000] {logging_mixin.py:190} INFO - [2024-10-31T06:28:00.649+0000] {dag.py:3239} INFO - Sync 4 DAGs
[2024-10-31T06:28:00.677+0000] {logging_mixin.py:190} INFO - [2024-10-31T06:28:00.677+0000] {dag.py:4180} INFO - Setting next_dagrun for dataset_alias_example_alias_consumer to None, run_after=None
[2024-10-31T06:28:00.680+0000] {logging_mixin.py:190} INFO - [2024-10-31T06:28:00.680+0000] {dag.py:4180} INFO - Setting next_dagrun for dataset_alias_example_alias_producer to None, run_after=None
[2024-10-31T06:28:00.681+0000] {logging_mixin.py:190} INFO - [2024-10-31T06:28:00.681+0000] {dag.py:4180} INFO - Setting next_dagrun for dataset_s3_bucket_consumer to None, run_after=None
[2024-10-31T06:28:00.682+0000] {logging_mixin.py:190} INFO - [2024-10-31T06:28:00.682+0000] {dag.py:4180} INFO - Setting next_dagrun for dataset_s3_bucket_producer to None, run_after=None
[2024-10-31T06:28:00.704+0000] {processor.py:208} INFO - Processing /home/airflow/.local/lib/python3.12/site-packages/airflow/example_dags/example_dataset_alias.py took 0.203 seconds
[2024-10-31T06:28:31.166+0000] {processor.py:186} INFO - Started process (PID=891) to work on /home/airflow/.local/lib/python3.12/site-packages/airflow/example_dags/example_dataset_alias.py
[2024-10-31T06:28:31.168+0000] {processor.py:914} INFO - Processing file /home/airflow/.local/lib/python3.12/site-packages/airflow/example_dags/example_dataset_alias.py for tasks to queue
[2024-10-31T06:28:31.170+0000] {logging_mixin.py:190} INFO - [2024-10-31T06:28:31.169+0000] {dagbag.py:588} INFO - Filling up the DagBag from /home/airflow/.local/lib/python3.12/site-packages/airflow/example_dags/example_dataset_alias.py
[2024-10-31T06:28:31.296+0000] {processor.py:925} INFO - DAG(s) 'dataset_alias_example_alias_producer', 'dataset_alias_example_alias_consumer', 'dataset_s3_bucket_producer', 'dataset_s3_bucket_consumer' retrieved from /home/airflow/.local/lib/python3.12/site-packages/airflow/example_dags/example_dataset_alias.py
[2024-10-31T06:28:31.312+0000] {logging_mixin.py:190} INFO - [2024-10-31T06:28:31.312+0000] {dag.py:3239} INFO - Sync 4 DAGs
[2024-10-31T06:28:31.331+0000] {logging_mixin.py:190} INFO - [2024-10-31T06:28:31.331+0000] {dag.py:4180} INFO - Setting next_dagrun for dataset_alias_example_alias_consumer to None, run_after=None
[2024-10-31T06:28:31.332+0000] {logging_mixin.py:190} INFO - [2024-10-31T06:28:31.332+0000] {dag.py:4180} INFO - Setting next_dagrun for dataset_alias_example_alias_producer to None, run_after=None
[2024-10-31T06:28:31.333+0000] {logging_mixin.py:190} INFO - [2024-10-31T06:28:31.333+0000] {dag.py:4180} INFO - Setting next_dagrun for dataset_s3_bucket_consumer to None, run_after=None
[2024-10-31T06:28:31.334+0000] {logging_mixin.py:190} INFO - [2024-10-31T06:28:31.334+0000] {dag.py:4180} INFO - Setting next_dagrun for dataset_s3_bucket_producer to None, run_after=None
[2024-10-31T06:28:31.348+0000] {processor.py:208} INFO - Processing /home/airflow/.local/lib/python3.12/site-packages/airflow/example_dags/example_dataset_alias.py took 0.189 seconds
