[2024-10-31T06:21:50.706+0000] {processor.py:186} INFO - Started process (PID=69) to work on /home/airflow/.local/lib/python3.12/site-packages/airflow/example_dags/example_params_ui_tutorial.py
[2024-10-31T06:21:50.707+0000] {processor.py:914} INFO - Processing file /home/airflow/.local/lib/python3.12/site-packages/airflow/example_dags/example_params_ui_tutorial.py for tasks to queue
[2024-10-31T06:21:50.708+0000] {logging_mixin.py:190} INFO - [2024-10-31T06:21:50.708+0000] {dagbag.py:588} INFO - Filling up the DagBag from /home/airflow/.local/lib/python3.12/site-packages/airflow/example_dags/example_params_ui_tutorial.py
[2024-10-31T06:21:50.718+0000] {processor.py:925} INFO - DAG(s) 'example_params_ui_tutorial' retrieved from /home/airflow/.local/lib/python3.12/site-packages/airflow/example_dags/example_params_ui_tutorial.py
[2024-10-31T06:21:50.816+0000] {logging_mixin.py:190} INFO - [2024-10-31T06:21:50.815+0000] {override.py:1900} INFO - Created Permission View: can delete on DAG:example_params_ui_tutorial
[2024-10-31T06:21:50.823+0000] {logging_mixin.py:190} INFO - [2024-10-31T06:21:50.823+0000] {override.py:1900} INFO - Created Permission View: can read on DAG:example_params_ui_tutorial
[2024-10-31T06:21:50.829+0000] {logging_mixin.py:190} INFO - [2024-10-31T06:21:50.829+0000] {override.py:1900} INFO - Created Permission View: can edit on DAG:example_params_ui_tutorial
[2024-10-31T06:21:50.837+0000] {logging_mixin.py:190} INFO - [2024-10-31T06:21:50.837+0000] {override.py:1900} INFO - Created Permission View: can delete on DAG Run:example_params_ui_tutorial
[2024-10-31T06:21:50.843+0000] {logging_mixin.py:190} INFO - [2024-10-31T06:21:50.843+0000] {override.py:1900} INFO - Created Permission View: can create on DAG Run:example_params_ui_tutorial
[2024-10-31T06:21:50.849+0000] {logging_mixin.py:190} INFO - [2024-10-31T06:21:50.849+0000] {override.py:1900} INFO - Created Permission View: can read on DAG Run:example_params_ui_tutorial
[2024-10-31T06:21:50.855+0000] {logging_mixin.py:190} INFO - [2024-10-31T06:21:50.855+0000] {override.py:1900} INFO - Created Permission View: menu access on DAG Run:example_params_ui_tutorial
[2024-10-31T06:21:50.856+0000] {logging_mixin.py:190} INFO - [2024-10-31T06:21:50.855+0000] {dag.py:3239} INFO - Sync 1 DAGs
[2024-10-31T06:21:50.866+0000] {logging_mixin.py:190} INFO - [2024-10-31T06:21:50.865+0000] {dag.py:3262} INFO - Creating ORM DAG for example_params_ui_tutorial
[2024-10-31T06:21:50.866+0000] {logging_mixin.py:190} INFO - [2024-10-31T06:21:50.866+0000] {dag.py:4180} INFO - Setting next_dagrun for example_params_ui_tutorial to None, run_after=None
[2024-10-31T06:21:50.881+0000] {processor.py:208} INFO - Processing /home/airflow/.local/lib/python3.12/site-packages/airflow/example_dags/example_params_ui_tutorial.py took 0.180 seconds
[2024-10-31T06:22:20.980+0000] {processor.py:186} INFO - Started process (PID=131) to work on /home/airflow/.local/lib/python3.12/site-packages/airflow/example_dags/example_params_ui_tutorial.py
[2024-10-31T06:22:20.981+0000] {processor.py:914} INFO - Processing file /home/airflow/.local/lib/python3.12/site-packages/airflow/example_dags/example_params_ui_tutorial.py for tasks to queue
[2024-10-31T06:22:20.983+0000] {logging_mixin.py:190} INFO - [2024-10-31T06:22:20.983+0000] {dagbag.py:588} INFO - Filling up the DagBag from /home/airflow/.local/lib/python3.12/site-packages/airflow/example_dags/example_params_ui_tutorial.py
[2024-10-31T06:22:20.991+0000] {processor.py:925} INFO - DAG(s) 'example_params_ui_tutorial' retrieved from /home/airflow/.local/lib/python3.12/site-packages/airflow/example_dags/example_params_ui_tutorial.py
[2024-10-31T06:22:21.023+0000] {logging_mixin.py:190} INFO - [2024-10-31T06:22:21.023+0000] {dag.py:3239} INFO - Sync 1 DAGs
[2024-10-31T06:22:21.035+0000] {logging_mixin.py:190} INFO - [2024-10-31T06:22:21.035+0000] {dag.py:4180} INFO - Setting next_dagrun for example_params_ui_tutorial to None, run_after=None
[2024-10-31T06:22:21.052+0000] {processor.py:208} INFO - Processing /home/airflow/.local/lib/python3.12/site-packages/airflow/example_dags/example_params_ui_tutorial.py took 0.078 seconds
[2024-10-31T06:22:51.632+0000] {processor.py:186} INFO - Started process (PID=193) to work on /home/airflow/.local/lib/python3.12/site-packages/airflow/example_dags/example_params_ui_tutorial.py
[2024-10-31T06:22:51.633+0000] {processor.py:914} INFO - Processing file /home/airflow/.local/lib/python3.12/site-packages/airflow/example_dags/example_params_ui_tutorial.py for tasks to queue
[2024-10-31T06:22:51.635+0000] {logging_mixin.py:190} INFO - [2024-10-31T06:22:51.635+0000] {dagbag.py:588} INFO - Filling up the DagBag from /home/airflow/.local/lib/python3.12/site-packages/airflow/example_dags/example_params_ui_tutorial.py
[2024-10-31T06:22:51.642+0000] {processor.py:925} INFO - DAG(s) 'example_params_ui_tutorial' retrieved from /home/airflow/.local/lib/python3.12/site-packages/airflow/example_dags/example_params_ui_tutorial.py
[2024-10-31T06:22:51.675+0000] {logging_mixin.py:190} INFO - [2024-10-31T06:22:51.675+0000] {dag.py:3239} INFO - Sync 1 DAGs
[2024-10-31T06:22:51.687+0000] {logging_mixin.py:190} INFO - [2024-10-31T06:22:51.686+0000] {dag.py:4180} INFO - Setting next_dagrun for example_params_ui_tutorial to None, run_after=None
[2024-10-31T06:22:51.702+0000] {processor.py:208} INFO - Processing /home/airflow/.local/lib/python3.12/site-packages/airflow/example_dags/example_params_ui_tutorial.py took 0.074 seconds
[2024-10-31T06:23:22.339+0000] {processor.py:186} INFO - Started process (PID=255) to work on /home/airflow/.local/lib/python3.12/site-packages/airflow/example_dags/example_params_ui_tutorial.py
[2024-10-31T06:23:22.340+0000] {processor.py:914} INFO - Processing file /home/airflow/.local/lib/python3.12/site-packages/airflow/example_dags/example_params_ui_tutorial.py for tasks to queue
[2024-10-31T06:23:22.341+0000] {logging_mixin.py:190} INFO - [2024-10-31T06:23:22.341+0000] {dagbag.py:588} INFO - Filling up the DagBag from /home/airflow/.local/lib/python3.12/site-packages/airflow/example_dags/example_params_ui_tutorial.py
[2024-10-31T06:23:22.348+0000] {processor.py:925} INFO - DAG(s) 'example_params_ui_tutorial' retrieved from /home/airflow/.local/lib/python3.12/site-packages/airflow/example_dags/example_params_ui_tutorial.py
[2024-10-31T06:23:22.381+0000] {logging_mixin.py:190} INFO - [2024-10-31T06:23:22.381+0000] {dag.py:3239} INFO - Sync 1 DAGs
[2024-10-31T06:23:22.392+0000] {logging_mixin.py:190} INFO - [2024-10-31T06:23:22.392+0000] {dag.py:4180} INFO - Setting next_dagrun for example_params_ui_tutorial to None, run_after=None
[2024-10-31T06:23:22.406+0000] {processor.py:208} INFO - Processing /home/airflow/.local/lib/python3.12/site-packages/airflow/example_dags/example_params_ui_tutorial.py took 0.072 seconds
[2024-10-31T06:23:53.043+0000] {processor.py:186} INFO - Started process (PID=317) to work on /home/airflow/.local/lib/python3.12/site-packages/airflow/example_dags/example_params_ui_tutorial.py
[2024-10-31T06:23:53.044+0000] {processor.py:914} INFO - Processing file /home/airflow/.local/lib/python3.12/site-packages/airflow/example_dags/example_params_ui_tutorial.py for tasks to queue
[2024-10-31T06:23:53.045+0000] {logging_mixin.py:190} INFO - [2024-10-31T06:23:53.045+0000] {dagbag.py:588} INFO - Filling up the DagBag from /home/airflow/.local/lib/python3.12/site-packages/airflow/example_dags/example_params_ui_tutorial.py
[2024-10-31T06:23:53.052+0000] {processor.py:925} INFO - DAG(s) 'example_params_ui_tutorial' retrieved from /home/airflow/.local/lib/python3.12/site-packages/airflow/example_dags/example_params_ui_tutorial.py
[2024-10-31T06:23:53.086+0000] {logging_mixin.py:190} INFO - [2024-10-31T06:23:53.086+0000] {dag.py:3239} INFO - Sync 1 DAGs
[2024-10-31T06:23:53.098+0000] {logging_mixin.py:190} INFO - [2024-10-31T06:23:53.097+0000] {dag.py:4180} INFO - Setting next_dagrun for example_params_ui_tutorial to None, run_after=None
[2024-10-31T06:23:53.113+0000] {processor.py:208} INFO - Processing /home/airflow/.local/lib/python3.12/site-packages/airflow/example_dags/example_params_ui_tutorial.py took 0.075 seconds
[2024-10-31T06:24:24.307+0000] {processor.py:186} INFO - Started process (PID=379) to work on /home/airflow/.local/lib/python3.12/site-packages/airflow/example_dags/example_params_ui_tutorial.py
[2024-10-31T06:24:24.308+0000] {processor.py:914} INFO - Processing file /home/airflow/.local/lib/python3.12/site-packages/airflow/example_dags/example_params_ui_tutorial.py for tasks to queue
[2024-10-31T06:24:24.311+0000] {logging_mixin.py:190} INFO - [2024-10-31T06:24:24.310+0000] {dagbag.py:588} INFO - Filling up the DagBag from /home/airflow/.local/lib/python3.12/site-packages/airflow/example_dags/example_params_ui_tutorial.py
[2024-10-31T06:24:24.319+0000] {processor.py:925} INFO - DAG(s) 'example_params_ui_tutorial' retrieved from /home/airflow/.local/lib/python3.12/site-packages/airflow/example_dags/example_params_ui_tutorial.py
[2024-10-31T06:24:24.352+0000] {logging_mixin.py:190} INFO - [2024-10-31T06:24:24.351+0000] {dag.py:3239} INFO - Sync 1 DAGs
[2024-10-31T06:24:24.362+0000] {logging_mixin.py:190} INFO - [2024-10-31T06:24:24.362+0000] {dag.py:4180} INFO - Setting next_dagrun for example_params_ui_tutorial to None, run_after=None
[2024-10-31T06:24:24.376+0000] {processor.py:208} INFO - Processing /home/airflow/.local/lib/python3.12/site-packages/airflow/example_dags/example_params_ui_tutorial.py took 0.077 seconds
[2024-10-31T06:24:55.272+0000] {processor.py:186} INFO - Started process (PID=445) to work on /home/airflow/.local/lib/python3.12/site-packages/airflow/example_dags/example_params_ui_tutorial.py
[2024-10-31T06:24:55.275+0000] {processor.py:914} INFO - Processing file /home/airflow/.local/lib/python3.12/site-packages/airflow/example_dags/example_params_ui_tutorial.py for tasks to queue
[2024-10-31T06:24:55.280+0000] {logging_mixin.py:190} INFO - [2024-10-31T06:24:55.280+0000] {dagbag.py:588} INFO - Filling up the DagBag from /home/airflow/.local/lib/python3.12/site-packages/airflow/example_dags/example_params_ui_tutorial.py
[2024-10-31T06:24:55.298+0000] {processor.py:925} INFO - DAG(s) 'example_params_ui_tutorial' retrieved from /home/airflow/.local/lib/python3.12/site-packages/airflow/example_dags/example_params_ui_tutorial.py
[2024-10-31T06:24:55.347+0000] {logging_mixin.py:190} INFO - [2024-10-31T06:24:55.347+0000] {dag.py:3239} INFO - Sync 1 DAGs
[2024-10-31T06:24:55.367+0000] {logging_mixin.py:190} INFO - [2024-10-31T06:24:55.366+0000] {dag.py:4180} INFO - Setting next_dagrun for example_params_ui_tutorial to None, run_after=None
[2024-10-31T06:24:55.399+0000] {processor.py:208} INFO - Processing /home/airflow/.local/lib/python3.12/site-packages/airflow/example_dags/example_params_ui_tutorial.py took 0.136 seconds
[2024-10-31T06:25:25.562+0000] {processor.py:186} INFO - Started process (PID=507) to work on /home/airflow/.local/lib/python3.12/site-packages/airflow/example_dags/example_params_ui_tutorial.py
[2024-10-31T06:25:25.563+0000] {processor.py:914} INFO - Processing file /home/airflow/.local/lib/python3.12/site-packages/airflow/example_dags/example_params_ui_tutorial.py for tasks to queue
[2024-10-31T06:25:25.566+0000] {logging_mixin.py:190} INFO - [2024-10-31T06:25:25.566+0000] {dagbag.py:588} INFO - Filling up the DagBag from /home/airflow/.local/lib/python3.12/site-packages/airflow/example_dags/example_params_ui_tutorial.py
[2024-10-31T06:25:25.576+0000] {processor.py:925} INFO - DAG(s) 'example_params_ui_tutorial' retrieved from /home/airflow/.local/lib/python3.12/site-packages/airflow/example_dags/example_params_ui_tutorial.py
[2024-10-31T06:25:25.614+0000] {logging_mixin.py:190} INFO - [2024-10-31T06:25:25.614+0000] {dag.py:3239} INFO - Sync 1 DAGs
[2024-10-31T06:25:25.627+0000] {logging_mixin.py:190} INFO - [2024-10-31T06:25:25.627+0000] {dag.py:4180} INFO - Setting next_dagrun for example_params_ui_tutorial to None, run_after=None
[2024-10-31T06:25:25.645+0000] {processor.py:208} INFO - Processing /home/airflow/.local/lib/python3.12/site-packages/airflow/example_dags/example_params_ui_tutorial.py took 0.089 seconds
[2024-10-31T06:25:56.181+0000] {processor.py:186} INFO - Started process (PID=569) to work on /home/airflow/.local/lib/python3.12/site-packages/airflow/example_dags/example_params_ui_tutorial.py
[2024-10-31T06:25:56.181+0000] {processor.py:914} INFO - Processing file /home/airflow/.local/lib/python3.12/site-packages/airflow/example_dags/example_params_ui_tutorial.py for tasks to queue
[2024-10-31T06:25:56.183+0000] {logging_mixin.py:190} INFO - [2024-10-31T06:25:56.183+0000] {dagbag.py:588} INFO - Filling up the DagBag from /home/airflow/.local/lib/python3.12/site-packages/airflow/example_dags/example_params_ui_tutorial.py
[2024-10-31T06:25:56.191+0000] {processor.py:925} INFO - DAG(s) 'example_params_ui_tutorial' retrieved from /home/airflow/.local/lib/python3.12/site-packages/airflow/example_dags/example_params_ui_tutorial.py
[2024-10-31T06:25:56.219+0000] {logging_mixin.py:190} INFO - [2024-10-31T06:25:56.219+0000] {dag.py:3239} INFO - Sync 1 DAGs
[2024-10-31T06:25:56.229+0000] {logging_mixin.py:190} INFO - [2024-10-31T06:25:56.229+0000] {dag.py:4180} INFO - Setting next_dagrun for example_params_ui_tutorial to None, run_after=None
[2024-10-31T06:25:56.251+0000] {processor.py:208} INFO - Processing /home/airflow/.local/lib/python3.12/site-packages/airflow/example_dags/example_params_ui_tutorial.py took 0.075 seconds
[2024-10-31T06:26:26.812+0000] {processor.py:186} INFO - Started process (PID=631) to work on /home/airflow/.local/lib/python3.12/site-packages/airflow/example_dags/example_params_ui_tutorial.py
[2024-10-31T06:26:26.813+0000] {processor.py:914} INFO - Processing file /home/airflow/.local/lib/python3.12/site-packages/airflow/example_dags/example_params_ui_tutorial.py for tasks to queue
[2024-10-31T06:26:26.814+0000] {logging_mixin.py:190} INFO - [2024-10-31T06:26:26.814+0000] {dagbag.py:588} INFO - Filling up the DagBag from /home/airflow/.local/lib/python3.12/site-packages/airflow/example_dags/example_params_ui_tutorial.py
[2024-10-31T06:26:26.821+0000] {processor.py:925} INFO - DAG(s) 'example_params_ui_tutorial' retrieved from /home/airflow/.local/lib/python3.12/site-packages/airflow/example_dags/example_params_ui_tutorial.py
[2024-10-31T06:26:26.851+0000] {logging_mixin.py:190} INFO - [2024-10-31T06:26:26.851+0000] {dag.py:3239} INFO - Sync 1 DAGs
[2024-10-31T06:26:26.863+0000] {logging_mixin.py:190} INFO - [2024-10-31T06:26:26.863+0000] {dag.py:4180} INFO - Setting next_dagrun for example_params_ui_tutorial to None, run_after=None
[2024-10-31T06:26:26.885+0000] {processor.py:208} INFO - Processing /home/airflow/.local/lib/python3.12/site-packages/airflow/example_dags/example_params_ui_tutorial.py took 0.078 seconds
[2024-10-31T06:26:57.387+0000] {processor.py:186} INFO - Started process (PID=693) to work on /home/airflow/.local/lib/python3.12/site-packages/airflow/example_dags/example_params_ui_tutorial.py
[2024-10-31T06:26:57.388+0000] {processor.py:914} INFO - Processing file /home/airflow/.local/lib/python3.12/site-packages/airflow/example_dags/example_params_ui_tutorial.py for tasks to queue
[2024-10-31T06:26:57.391+0000] {logging_mixin.py:190} INFO - [2024-10-31T06:26:57.390+0000] {dagbag.py:588} INFO - Filling up the DagBag from /home/airflow/.local/lib/python3.12/site-packages/airflow/example_dags/example_params_ui_tutorial.py
[2024-10-31T06:26:57.400+0000] {processor.py:925} INFO - DAG(s) 'example_params_ui_tutorial' retrieved from /home/airflow/.local/lib/python3.12/site-packages/airflow/example_dags/example_params_ui_tutorial.py
[2024-10-31T06:26:57.434+0000] {logging_mixin.py:190} INFO - [2024-10-31T06:26:57.434+0000] {dag.py:3239} INFO - Sync 1 DAGs
[2024-10-31T06:26:57.444+0000] {logging_mixin.py:190} INFO - [2024-10-31T06:26:57.444+0000] {dag.py:4180} INFO - Setting next_dagrun for example_params_ui_tutorial to None, run_after=None
[2024-10-31T06:26:57.457+0000] {processor.py:208} INFO - Processing /home/airflow/.local/lib/python3.12/site-packages/airflow/example_dags/example_params_ui_tutorial.py took 0.076 seconds
[2024-10-31T06:27:27.736+0000] {processor.py:186} INFO - Started process (PID=755) to work on /home/airflow/.local/lib/python3.12/site-packages/airflow/example_dags/example_params_ui_tutorial.py
[2024-10-31T06:27:27.737+0000] {processor.py:914} INFO - Processing file /home/airflow/.local/lib/python3.12/site-packages/airflow/example_dags/example_params_ui_tutorial.py for tasks to queue
[2024-10-31T06:27:27.739+0000] {logging_mixin.py:190} INFO - [2024-10-31T06:27:27.738+0000] {dagbag.py:588} INFO - Filling up the DagBag from /home/airflow/.local/lib/python3.12/site-packages/airflow/example_dags/example_params_ui_tutorial.py
[2024-10-31T06:27:27.746+0000] {processor.py:925} INFO - DAG(s) 'example_params_ui_tutorial' retrieved from /home/airflow/.local/lib/python3.12/site-packages/airflow/example_dags/example_params_ui_tutorial.py
[2024-10-31T06:27:27.778+0000] {logging_mixin.py:190} INFO - [2024-10-31T06:27:27.778+0000] {dag.py:3239} INFO - Sync 1 DAGs
[2024-10-31T06:27:27.788+0000] {logging_mixin.py:190} INFO - [2024-10-31T06:27:27.788+0000] {dag.py:4180} INFO - Setting next_dagrun for example_params_ui_tutorial to None, run_after=None
[2024-10-31T06:27:27.802+0000] {processor.py:208} INFO - Processing /home/airflow/.local/lib/python3.12/site-packages/airflow/example_dags/example_params_ui_tutorial.py took 0.071 seconds
[2024-10-31T06:27:59.008+0000] {processor.py:186} INFO - Started process (PID=817) to work on /home/airflow/.local/lib/python3.12/site-packages/airflow/example_dags/example_params_ui_tutorial.py
[2024-10-31T06:27:59.010+0000] {processor.py:914} INFO - Processing file /home/airflow/.local/lib/python3.12/site-packages/airflow/example_dags/example_params_ui_tutorial.py for tasks to queue
[2024-10-31T06:27:59.012+0000] {logging_mixin.py:190} INFO - [2024-10-31T06:27:59.011+0000] {dagbag.py:588} INFO - Filling up the DagBag from /home/airflow/.local/lib/python3.12/site-packages/airflow/example_dags/example_params_ui_tutorial.py
[2024-10-31T06:27:59.019+0000] {processor.py:925} INFO - DAG(s) 'example_params_ui_tutorial' retrieved from /home/airflow/.local/lib/python3.12/site-packages/airflow/example_dags/example_params_ui_tutorial.py
[2024-10-31T06:27:59.051+0000] {logging_mixin.py:190} INFO - [2024-10-31T06:27:59.051+0000] {dag.py:3239} INFO - Sync 1 DAGs
[2024-10-31T06:27:59.061+0000] {logging_mixin.py:190} INFO - [2024-10-31T06:27:59.061+0000] {dag.py:4180} INFO - Setting next_dagrun for example_params_ui_tutorial to None, run_after=None
[2024-10-31T06:27:59.075+0000] {processor.py:208} INFO - Processing /home/airflow/.local/lib/python3.12/site-packages/airflow/example_dags/example_params_ui_tutorial.py took 0.072 seconds
[2024-10-31T06:28:29.317+0000] {processor.py:186} INFO - Started process (PID=880) to work on /home/airflow/.local/lib/python3.12/site-packages/airflow/example_dags/example_params_ui_tutorial.py
[2024-10-31T06:28:29.318+0000] {processor.py:914} INFO - Processing file /home/airflow/.local/lib/python3.12/site-packages/airflow/example_dags/example_params_ui_tutorial.py for tasks to queue
[2024-10-31T06:28:29.320+0000] {logging_mixin.py:190} INFO - [2024-10-31T06:28:29.320+0000] {dagbag.py:588} INFO - Filling up the DagBag from /home/airflow/.local/lib/python3.12/site-packages/airflow/example_dags/example_params_ui_tutorial.py
[2024-10-31T06:28:29.330+0000] {processor.py:925} INFO - DAG(s) 'example_params_ui_tutorial' retrieved from /home/airflow/.local/lib/python3.12/site-packages/airflow/example_dags/example_params_ui_tutorial.py
[2024-10-31T06:28:29.369+0000] {logging_mixin.py:190} INFO - [2024-10-31T06:28:29.369+0000] {dag.py:3239} INFO - Sync 1 DAGs
[2024-10-31T06:28:29.382+0000] {logging_mixin.py:190} INFO - [2024-10-31T06:28:29.382+0000] {dag.py:4180} INFO - Setting next_dagrun for example_params_ui_tutorial to None, run_after=None
[2024-10-31T06:28:29.400+0000] {processor.py:208} INFO - Processing /home/airflow/.local/lib/python3.12/site-packages/airflow/example_dags/example_params_ui_tutorial.py took 0.089 seconds
