[2024-10-31T06:21:49.985+0000] {processor.py:186} INFO - Started process (PID=62) to work on /home/airflow/.local/lib/python3.12/site-packages/airflow/example_dags/example_params_trigger_ui.py
[2024-10-31T06:21:49.986+0000] {processor.py:914} INFO - Processing file /home/airflow/.local/lib/python3.12/site-packages/airflow/example_dags/example_params_trigger_ui.py for tasks to queue
[2024-10-31T06:21:49.987+0000] {logging_mixin.py:190} INFO - [2024-10-31T06:21:49.987+0000] {dagbag.py:588} INFO - Filling up the DagBag from /home/airflow/.local/lib/python3.12/site-packages/airflow/example_dags/example_params_trigger_ui.py
[2024-10-31T06:21:49.996+0000] {processor.py:925} INFO - DAG(s) 'example_params_trigger_ui' retrieved from /home/airflow/.local/lib/python3.12/site-packages/airflow/example_dags/example_params_trigger_ui.py
[2024-10-31T06:21:50.086+0000] {logging_mixin.py:190} INFO - [2024-10-31T06:21:50.085+0000] {override.py:1900} INFO - Created Permission View: can delete on DAG:example_params_trigger_ui
[2024-10-31T06:21:50.095+0000] {logging_mixin.py:190} INFO - [2024-10-31T06:21:50.095+0000] {override.py:1900} INFO - Created Permission View: can read on DAG:example_params_trigger_ui
[2024-10-31T06:21:50.101+0000] {logging_mixin.py:190} INFO - [2024-10-31T06:21:50.101+0000] {override.py:1900} INFO - Created Permission View: can edit on DAG:example_params_trigger_ui
[2024-10-31T06:21:50.109+0000] {logging_mixin.py:190} INFO - [2024-10-31T06:21:50.109+0000] {override.py:1900} INFO - Created Permission View: can delete on DAG Run:example_params_trigger_ui
[2024-10-31T06:21:50.115+0000] {logging_mixin.py:190} INFO - [2024-10-31T06:21:50.115+0000] {override.py:1900} INFO - Created Permission View: can create on DAG Run:example_params_trigger_ui
[2024-10-31T06:21:50.121+0000] {logging_mixin.py:190} INFO - [2024-10-31T06:21:50.121+0000] {override.py:1900} INFO - Created Permission View: can read on DAG Run:example_params_trigger_ui
[2024-10-31T06:21:50.128+0000] {logging_mixin.py:190} INFO - [2024-10-31T06:21:50.127+0000] {override.py:1900} INFO - Created Permission View: menu access on DAG Run:example_params_trigger_ui
[2024-10-31T06:21:50.128+0000] {logging_mixin.py:190} INFO - [2024-10-31T06:21:50.128+0000] {dag.py:3239} INFO - Sync 1 DAGs
[2024-10-31T06:21:50.138+0000] {logging_mixin.py:190} INFO - [2024-10-31T06:21:50.138+0000] {dag.py:3262} INFO - Creating ORM DAG for example_params_trigger_ui
[2024-10-31T06:21:50.138+0000] {logging_mixin.py:190} INFO - [2024-10-31T06:21:50.138+0000] {dag.py:4180} INFO - Setting next_dagrun for example_params_trigger_ui to None, run_after=None
[2024-10-31T06:21:50.154+0000] {processor.py:208} INFO - Processing /home/airflow/.local/lib/python3.12/site-packages/airflow/example_dags/example_params_trigger_ui.py took 0.173 seconds
[2024-10-31T06:22:20.629+0000] {processor.py:186} INFO - Started process (PID=124) to work on /home/airflow/.local/lib/python3.12/site-packages/airflow/example_dags/example_params_trigger_ui.py
[2024-10-31T06:22:20.630+0000] {processor.py:914} INFO - Processing file /home/airflow/.local/lib/python3.12/site-packages/airflow/example_dags/example_params_trigger_ui.py for tasks to queue
[2024-10-31T06:22:20.631+0000] {logging_mixin.py:190} INFO - [2024-10-31T06:22:20.631+0000] {dagbag.py:588} INFO - Filling up the DagBag from /home/airflow/.local/lib/python3.12/site-packages/airflow/example_dags/example_params_trigger_ui.py
[2024-10-31T06:22:20.640+0000] {processor.py:925} INFO - DAG(s) 'example_params_trigger_ui' retrieved from /home/airflow/.local/lib/python3.12/site-packages/airflow/example_dags/example_params_trigger_ui.py
[2024-10-31T06:22:20.668+0000] {logging_mixin.py:190} INFO - [2024-10-31T06:22:20.668+0000] {dag.py:3239} INFO - Sync 1 DAGs
[2024-10-31T06:22:20.678+0000] {logging_mixin.py:190} INFO - [2024-10-31T06:22:20.678+0000] {dag.py:4180} INFO - Setting next_dagrun for example_params_trigger_ui to None, run_after=None
[2024-10-31T06:22:20.694+0000] {processor.py:208} INFO - Processing /home/airflow/.local/lib/python3.12/site-packages/airflow/example_dags/example_params_trigger_ui.py took 0.069 seconds
[2024-10-31T06:22:51.273+0000] {processor.py:186} INFO - Started process (PID=186) to work on /home/airflow/.local/lib/python3.12/site-packages/airflow/example_dags/example_params_trigger_ui.py
[2024-10-31T06:22:51.273+0000] {processor.py:914} INFO - Processing file /home/airflow/.local/lib/python3.12/site-packages/airflow/example_dags/example_params_trigger_ui.py for tasks to queue
[2024-10-31T06:22:51.275+0000] {logging_mixin.py:190} INFO - [2024-10-31T06:22:51.275+0000] {dagbag.py:588} INFO - Filling up the DagBag from /home/airflow/.local/lib/python3.12/site-packages/airflow/example_dags/example_params_trigger_ui.py
[2024-10-31T06:22:51.284+0000] {processor.py:925} INFO - DAG(s) 'example_params_trigger_ui' retrieved from /home/airflow/.local/lib/python3.12/site-packages/airflow/example_dags/example_params_trigger_ui.py
[2024-10-31T06:22:51.315+0000] {logging_mixin.py:190} INFO - [2024-10-31T06:22:51.315+0000] {dag.py:3239} INFO - Sync 1 DAGs
[2024-10-31T06:22:51.325+0000] {logging_mixin.py:190} INFO - [2024-10-31T06:22:51.325+0000] {dag.py:4180} INFO - Setting next_dagrun for example_params_trigger_ui to None, run_after=None
[2024-10-31T06:22:51.342+0000] {processor.py:208} INFO - Processing /home/airflow/.local/lib/python3.12/site-packages/airflow/example_dags/example_params_trigger_ui.py took 0.074 seconds
[2024-10-31T06:23:21.973+0000] {processor.py:186} INFO - Started process (PID=248) to work on /home/airflow/.local/lib/python3.12/site-packages/airflow/example_dags/example_params_trigger_ui.py
[2024-10-31T06:23:21.973+0000] {processor.py:914} INFO - Processing file /home/airflow/.local/lib/python3.12/site-packages/airflow/example_dags/example_params_trigger_ui.py for tasks to queue
[2024-10-31T06:23:21.975+0000] {logging_mixin.py:190} INFO - [2024-10-31T06:23:21.975+0000] {dagbag.py:588} INFO - Filling up the DagBag from /home/airflow/.local/lib/python3.12/site-packages/airflow/example_dags/example_params_trigger_ui.py
[2024-10-31T06:23:21.984+0000] {processor.py:925} INFO - DAG(s) 'example_params_trigger_ui' retrieved from /home/airflow/.local/lib/python3.12/site-packages/airflow/example_dags/example_params_trigger_ui.py
[2024-10-31T06:23:22.013+0000] {logging_mixin.py:190} INFO - [2024-10-31T06:23:22.013+0000] {dag.py:3239} INFO - Sync 1 DAGs
[2024-10-31T06:23:22.024+0000] {logging_mixin.py:190} INFO - [2024-10-31T06:23:22.023+0000] {dag.py:4180} INFO - Setting next_dagrun for example_params_trigger_ui to None, run_after=None
[2024-10-31T06:23:22.040+0000] {processor.py:208} INFO - Processing /home/airflow/.local/lib/python3.12/site-packages/airflow/example_dags/example_params_trigger_ui.py took 0.072 seconds
[2024-10-31T06:23:52.685+0000] {processor.py:186} INFO - Started process (PID=310) to work on /home/airflow/.local/lib/python3.12/site-packages/airflow/example_dags/example_params_trigger_ui.py
[2024-10-31T06:23:52.686+0000] {processor.py:914} INFO - Processing file /home/airflow/.local/lib/python3.12/site-packages/airflow/example_dags/example_params_trigger_ui.py for tasks to queue
[2024-10-31T06:23:52.687+0000] {logging_mixin.py:190} INFO - [2024-10-31T06:23:52.687+0000] {dagbag.py:588} INFO - Filling up the DagBag from /home/airflow/.local/lib/python3.12/site-packages/airflow/example_dags/example_params_trigger_ui.py
[2024-10-31T06:23:52.697+0000] {processor.py:925} INFO - DAG(s) 'example_params_trigger_ui' retrieved from /home/airflow/.local/lib/python3.12/site-packages/airflow/example_dags/example_params_trigger_ui.py
[2024-10-31T06:23:52.727+0000] {logging_mixin.py:190} INFO - [2024-10-31T06:23:52.727+0000] {dag.py:3239} INFO - Sync 1 DAGs
[2024-10-31T06:23:52.738+0000] {logging_mixin.py:190} INFO - [2024-10-31T06:23:52.737+0000] {dag.py:4180} INFO - Setting next_dagrun for example_params_trigger_ui to None, run_after=None
[2024-10-31T06:23:52.753+0000] {processor.py:208} INFO - Processing /home/airflow/.local/lib/python3.12/site-packages/airflow/example_dags/example_params_trigger_ui.py took 0.072 seconds
[2024-10-31T06:24:23.808+0000] {processor.py:186} INFO - Started process (PID=372) to work on /home/airflow/.local/lib/python3.12/site-packages/airflow/example_dags/example_params_trigger_ui.py
[2024-10-31T06:24:23.809+0000] {processor.py:914} INFO - Processing file /home/airflow/.local/lib/python3.12/site-packages/airflow/example_dags/example_params_trigger_ui.py for tasks to queue
[2024-10-31T06:24:23.811+0000] {logging_mixin.py:190} INFO - [2024-10-31T06:24:23.811+0000] {dagbag.py:588} INFO - Filling up the DagBag from /home/airflow/.local/lib/python3.12/site-packages/airflow/example_dags/example_params_trigger_ui.py
[2024-10-31T06:24:23.820+0000] {processor.py:925} INFO - DAG(s) 'example_params_trigger_ui' retrieved from /home/airflow/.local/lib/python3.12/site-packages/airflow/example_dags/example_params_trigger_ui.py
[2024-10-31T06:24:23.850+0000] {logging_mixin.py:190} INFO - [2024-10-31T06:24:23.849+0000] {dag.py:3239} INFO - Sync 1 DAGs
[2024-10-31T06:24:23.860+0000] {logging_mixin.py:190} INFO - [2024-10-31T06:24:23.860+0000] {dag.py:4180} INFO - Setting next_dagrun for example_params_trigger_ui to None, run_after=None
[2024-10-31T06:24:23.875+0000] {processor.py:208} INFO - Processing /home/airflow/.local/lib/python3.12/site-packages/airflow/example_dags/example_params_trigger_ui.py took 0.071 seconds
[2024-10-31T06:24:54.573+0000] {processor.py:186} INFO - Started process (PID=438) to work on /home/airflow/.local/lib/python3.12/site-packages/airflow/example_dags/example_params_trigger_ui.py
[2024-10-31T06:24:54.575+0000] {processor.py:914} INFO - Processing file /home/airflow/.local/lib/python3.12/site-packages/airflow/example_dags/example_params_trigger_ui.py for tasks to queue
[2024-10-31T06:24:54.579+0000] {logging_mixin.py:190} INFO - [2024-10-31T06:24:54.578+0000] {dagbag.py:588} INFO - Filling up the DagBag from /home/airflow/.local/lib/python3.12/site-packages/airflow/example_dags/example_params_trigger_ui.py
[2024-10-31T06:24:54.594+0000] {processor.py:925} INFO - DAG(s) 'example_params_trigger_ui' retrieved from /home/airflow/.local/lib/python3.12/site-packages/airflow/example_dags/example_params_trigger_ui.py
[2024-10-31T06:24:54.648+0000] {logging_mixin.py:190} INFO - [2024-10-31T06:24:54.648+0000] {dag.py:3239} INFO - Sync 1 DAGs
[2024-10-31T06:24:54.670+0000] {logging_mixin.py:190} INFO - [2024-10-31T06:24:54.669+0000] {dag.py:4180} INFO - Setting next_dagrun for example_params_trigger_ui to None, run_after=None
[2024-10-31T06:24:54.702+0000] {processor.py:208} INFO - Processing /home/airflow/.local/lib/python3.12/site-packages/airflow/example_dags/example_params_trigger_ui.py took 0.137 seconds
[2024-10-31T06:25:25.068+0000] {processor.py:186} INFO - Started process (PID=500) to work on /home/airflow/.local/lib/python3.12/site-packages/airflow/example_dags/example_params_trigger_ui.py
[2024-10-31T06:25:25.069+0000] {processor.py:914} INFO - Processing file /home/airflow/.local/lib/python3.12/site-packages/airflow/example_dags/example_params_trigger_ui.py for tasks to queue
[2024-10-31T06:25:25.070+0000] {logging_mixin.py:190} INFO - [2024-10-31T06:25:25.070+0000] {dagbag.py:588} INFO - Filling up the DagBag from /home/airflow/.local/lib/python3.12/site-packages/airflow/example_dags/example_params_trigger_ui.py
[2024-10-31T06:25:25.079+0000] {processor.py:925} INFO - DAG(s) 'example_params_trigger_ui' retrieved from /home/airflow/.local/lib/python3.12/site-packages/airflow/example_dags/example_params_trigger_ui.py
[2024-10-31T06:25:25.109+0000] {logging_mixin.py:190} INFO - [2024-10-31T06:25:25.109+0000] {dag.py:3239} INFO - Sync 1 DAGs
[2024-10-31T06:25:25.119+0000] {logging_mixin.py:190} INFO - [2024-10-31T06:25:25.119+0000] {dag.py:4180} INFO - Setting next_dagrun for example_params_trigger_ui to None, run_after=None
[2024-10-31T06:25:25.135+0000] {processor.py:208} INFO - Processing /home/airflow/.local/lib/python3.12/site-packages/airflow/example_dags/example_params_trigger_ui.py took 0.072 seconds
[2024-10-31T06:25:55.735+0000] {processor.py:186} INFO - Started process (PID=562) to work on /home/airflow/.local/lib/python3.12/site-packages/airflow/example_dags/example_params_trigger_ui.py
[2024-10-31T06:25:55.736+0000] {processor.py:914} INFO - Processing file /home/airflow/.local/lib/python3.12/site-packages/airflow/example_dags/example_params_trigger_ui.py for tasks to queue
[2024-10-31T06:25:55.738+0000] {logging_mixin.py:190} INFO - [2024-10-31T06:25:55.737+0000] {dagbag.py:588} INFO - Filling up the DagBag from /home/airflow/.local/lib/python3.12/site-packages/airflow/example_dags/example_params_trigger_ui.py
[2024-10-31T06:25:55.746+0000] {processor.py:925} INFO - DAG(s) 'example_params_trigger_ui' retrieved from /home/airflow/.local/lib/python3.12/site-packages/airflow/example_dags/example_params_trigger_ui.py
[2024-10-31T06:25:55.775+0000] {logging_mixin.py:190} INFO - [2024-10-31T06:25:55.775+0000] {dag.py:3239} INFO - Sync 1 DAGs
[2024-10-31T06:25:55.785+0000] {logging_mixin.py:190} INFO - [2024-10-31T06:25:55.785+0000] {dag.py:4180} INFO - Setting next_dagrun for example_params_trigger_ui to None, run_after=None
[2024-10-31T06:25:55.800+0000] {processor.py:208} INFO - Processing /home/airflow/.local/lib/python3.12/site-packages/airflow/example_dags/example_params_trigger_ui.py took 0.069 seconds
[2024-10-31T06:26:26.387+0000] {processor.py:186} INFO - Started process (PID=624) to work on /home/airflow/.local/lib/python3.12/site-packages/airflow/example_dags/example_params_trigger_ui.py
[2024-10-31T06:26:26.388+0000] {processor.py:914} INFO - Processing file /home/airflow/.local/lib/python3.12/site-packages/airflow/example_dags/example_params_trigger_ui.py for tasks to queue
[2024-10-31T06:26:26.390+0000] {logging_mixin.py:190} INFO - [2024-10-31T06:26:26.390+0000] {dagbag.py:588} INFO - Filling up the DagBag from /home/airflow/.local/lib/python3.12/site-packages/airflow/example_dags/example_params_trigger_ui.py
[2024-10-31T06:26:26.398+0000] {processor.py:925} INFO - DAG(s) 'example_params_trigger_ui' retrieved from /home/airflow/.local/lib/python3.12/site-packages/airflow/example_dags/example_params_trigger_ui.py
[2024-10-31T06:26:26.428+0000] {logging_mixin.py:190} INFO - [2024-10-31T06:26:26.428+0000] {dag.py:3239} INFO - Sync 1 DAGs
[2024-10-31T06:26:26.439+0000] {logging_mixin.py:190} INFO - [2024-10-31T06:26:26.439+0000] {dag.py:4180} INFO - Setting next_dagrun for example_params_trigger_ui to None, run_after=None
[2024-10-31T06:26:26.454+0000] {processor.py:208} INFO - Processing /home/airflow/.local/lib/python3.12/site-packages/airflow/example_dags/example_params_trigger_ui.py took 0.071 seconds
[2024-10-31T06:26:56.978+0000] {processor.py:186} INFO - Started process (PID=686) to work on /home/airflow/.local/lib/python3.12/site-packages/airflow/example_dags/example_params_trigger_ui.py
[2024-10-31T06:26:56.979+0000] {processor.py:914} INFO - Processing file /home/airflow/.local/lib/python3.12/site-packages/airflow/example_dags/example_params_trigger_ui.py for tasks to queue
[2024-10-31T06:26:56.980+0000] {logging_mixin.py:190} INFO - [2024-10-31T06:26:56.980+0000] {dagbag.py:588} INFO - Filling up the DagBag from /home/airflow/.local/lib/python3.12/site-packages/airflow/example_dags/example_params_trigger_ui.py
[2024-10-31T06:26:56.988+0000] {processor.py:925} INFO - DAG(s) 'example_params_trigger_ui' retrieved from /home/airflow/.local/lib/python3.12/site-packages/airflow/example_dags/example_params_trigger_ui.py
[2024-10-31T06:26:57.022+0000] {logging_mixin.py:190} INFO - [2024-10-31T06:26:57.022+0000] {dag.py:3239} INFO - Sync 1 DAGs
[2024-10-31T06:26:57.032+0000] {logging_mixin.py:190} INFO - [2024-10-31T06:26:57.032+0000] {dag.py:4180} INFO - Setting next_dagrun for example_params_trigger_ui to None, run_after=None
[2024-10-31T06:26:57.048+0000] {processor.py:208} INFO - Processing /home/airflow/.local/lib/python3.12/site-packages/airflow/example_dags/example_params_trigger_ui.py took 0.075 seconds
[2024-10-31T06:27:27.313+0000] {processor.py:186} INFO - Started process (PID=748) to work on /home/airflow/.local/lib/python3.12/site-packages/airflow/example_dags/example_params_trigger_ui.py
[2024-10-31T06:27:27.314+0000] {processor.py:914} INFO - Processing file /home/airflow/.local/lib/python3.12/site-packages/airflow/example_dags/example_params_trigger_ui.py for tasks to queue
[2024-10-31T06:27:27.316+0000] {logging_mixin.py:190} INFO - [2024-10-31T06:27:27.315+0000] {dagbag.py:588} INFO - Filling up the DagBag from /home/airflow/.local/lib/python3.12/site-packages/airflow/example_dags/example_params_trigger_ui.py
[2024-10-31T06:27:27.324+0000] {processor.py:925} INFO - DAG(s) 'example_params_trigger_ui' retrieved from /home/airflow/.local/lib/python3.12/site-packages/airflow/example_dags/example_params_trigger_ui.py
[2024-10-31T06:27:27.354+0000] {logging_mixin.py:190} INFO - [2024-10-31T06:27:27.354+0000] {dag.py:3239} INFO - Sync 1 DAGs
[2024-10-31T06:27:27.365+0000] {logging_mixin.py:190} INFO - [2024-10-31T06:27:27.365+0000] {dag.py:4180} INFO - Setting next_dagrun for example_params_trigger_ui to None, run_after=None
[2024-10-31T06:27:27.385+0000] {processor.py:208} INFO - Processing /home/airflow/.local/lib/python3.12/site-packages/airflow/example_dags/example_params_trigger_ui.py took 0.077 seconds
[2024-10-31T06:27:58.622+0000] {processor.py:186} INFO - Started process (PID=810) to work on /home/airflow/.local/lib/python3.12/site-packages/airflow/example_dags/example_params_trigger_ui.py
[2024-10-31T06:27:58.624+0000] {processor.py:914} INFO - Processing file /home/airflow/.local/lib/python3.12/site-packages/airflow/example_dags/example_params_trigger_ui.py for tasks to queue
[2024-10-31T06:27:58.625+0000] {logging_mixin.py:190} INFO - [2024-10-31T06:27:58.625+0000] {dagbag.py:588} INFO - Filling up the DagBag from /home/airflow/.local/lib/python3.12/site-packages/airflow/example_dags/example_params_trigger_ui.py
[2024-10-31T06:27:58.634+0000] {processor.py:925} INFO - DAG(s) 'example_params_trigger_ui' retrieved from /home/airflow/.local/lib/python3.12/site-packages/airflow/example_dags/example_params_trigger_ui.py
[2024-10-31T06:27:58.668+0000] {logging_mixin.py:190} INFO - [2024-10-31T06:27:58.667+0000] {dag.py:3239} INFO - Sync 1 DAGs
[2024-10-31T06:27:58.683+0000] {logging_mixin.py:190} INFO - [2024-10-31T06:27:58.682+0000] {dag.py:4180} INFO - Setting next_dagrun for example_params_trigger_ui to None, run_after=None
[2024-10-31T06:27:58.698+0000] {processor.py:208} INFO - Processing /home/airflow/.local/lib/python3.12/site-packages/airflow/example_dags/example_params_trigger_ui.py took 0.080 seconds
[2024-10-31T06:28:28.758+0000] {processor.py:186} INFO - Started process (PID=873) to work on /home/airflow/.local/lib/python3.12/site-packages/airflow/example_dags/example_params_trigger_ui.py
[2024-10-31T06:28:28.759+0000] {processor.py:914} INFO - Processing file /home/airflow/.local/lib/python3.12/site-packages/airflow/example_dags/example_params_trigger_ui.py for tasks to queue
[2024-10-31T06:28:28.761+0000] {logging_mixin.py:190} INFO - [2024-10-31T06:28:28.761+0000] {dagbag.py:588} INFO - Filling up the DagBag from /home/airflow/.local/lib/python3.12/site-packages/airflow/example_dags/example_params_trigger_ui.py
[2024-10-31T06:28:28.770+0000] {processor.py:925} INFO - DAG(s) 'example_params_trigger_ui' retrieved from /home/airflow/.local/lib/python3.12/site-packages/airflow/example_dags/example_params_trigger_ui.py
[2024-10-31T06:28:28.799+0000] {logging_mixin.py:190} INFO - [2024-10-31T06:28:28.799+0000] {dag.py:3239} INFO - Sync 1 DAGs
[2024-10-31T06:28:28.810+0000] {logging_mixin.py:190} INFO - [2024-10-31T06:28:28.810+0000] {dag.py:4180} INFO - Setting next_dagrun for example_params_trigger_ui to None, run_after=None
[2024-10-31T06:28:28.826+0000] {processor.py:208} INFO - Processing /home/airflow/.local/lib/python3.12/site-packages/airflow/example_dags/example_params_trigger_ui.py took 0.073 seconds
