[2024-10-31T06:21:50.903+0000] {processor.py:186} INFO - Started process (PID=71) to work on /home/airflow/.local/lib/python3.12/site-packages/airflow/example_dags/example_task_group_decorator.py
[2024-10-31T06:21:50.903+0000] {processor.py:914} INFO - Processing file /home/airflow/.local/lib/python3.12/site-packages/airflow/example_dags/example_task_group_decorator.py for tasks to queue
[2024-10-31T06:21:50.905+0000] {logging_mixin.py:190} INFO - [2024-10-31T06:21:50.905+0000] {dagbag.py:588} INFO - Filling up the DagBag from /home/airflow/.local/lib/python3.12/site-packages/airflow/example_dags/example_task_group_decorator.py
[2024-10-31T06:21:50.917+0000] {processor.py:925} INFO - DAG(s) 'example_task_group_decorator' retrieved from /home/airflow/.local/lib/python3.12/site-packages/airflow/example_dags/example_task_group_decorator.py
[2024-10-31T06:21:51.000+0000] {logging_mixin.py:190} INFO - [2024-10-31T06:21:50.999+0000] {override.py:1900} INFO - Created Permission View: can delete on DAG:example_task_group_decorator
[2024-10-31T06:21:51.009+0000] {logging_mixin.py:190} INFO - [2024-10-31T06:21:51.008+0000] {override.py:1900} INFO - Created Permission View: can read on DAG:example_task_group_decorator
[2024-10-31T06:21:51.015+0000] {logging_mixin.py:190} INFO - [2024-10-31T06:21:51.015+0000] {override.py:1900} INFO - Created Permission View: can edit on DAG:example_task_group_decorator
[2024-10-31T06:21:51.023+0000] {logging_mixin.py:190} INFO - [2024-10-31T06:21:51.023+0000] {override.py:1900} INFO - Created Permission View: can delete on DAG Run:example_task_group_decorator
[2024-10-31T06:21:51.029+0000] {logging_mixin.py:190} INFO - [2024-10-31T06:21:51.029+0000] {override.py:1900} INFO - Created Permission View: can create on DAG Run:example_task_group_decorator
[2024-10-31T06:21:51.035+0000] {logging_mixin.py:190} INFO - [2024-10-31T06:21:51.035+0000] {override.py:1900} INFO - Created Permission View: can read on DAG Run:example_task_group_decorator
[2024-10-31T06:21:51.041+0000] {logging_mixin.py:190} INFO - [2024-10-31T06:21:51.041+0000] {override.py:1900} INFO - Created Permission View: menu access on DAG Run:example_task_group_decorator
[2024-10-31T06:21:51.042+0000] {logging_mixin.py:190} INFO - [2024-10-31T06:21:51.042+0000] {dag.py:3239} INFO - Sync 1 DAGs
[2024-10-31T06:21:51.055+0000] {logging_mixin.py:190} INFO - [2024-10-31T06:21:51.054+0000] {dag.py:3262} INFO - Creating ORM DAG for example_task_group_decorator
[2024-10-31T06:21:51.055+0000] {logging_mixin.py:190} INFO - [2024-10-31T06:21:51.055+0000] {dag.py:4180} INFO - Setting next_dagrun for example_task_group_decorator to None, run_after=None
[2024-10-31T06:21:51.069+0000] {processor.py:208} INFO - Processing /home/airflow/.local/lib/python3.12/site-packages/airflow/example_dags/example_task_group_decorator.py took 0.171 seconds
[2024-10-31T06:22:22.086+0000] {processor.py:186} INFO - Started process (PID=133) to work on /home/airflow/.local/lib/python3.12/site-packages/airflow/example_dags/example_task_group_decorator.py
[2024-10-31T06:22:22.094+0000] {processor.py:914} INFO - Processing file /home/airflow/.local/lib/python3.12/site-packages/airflow/example_dags/example_task_group_decorator.py for tasks to queue
[2024-10-31T06:22:22.096+0000] {logging_mixin.py:190} INFO - [2024-10-31T06:22:22.096+0000] {dagbag.py:588} INFO - Filling up the DagBag from /home/airflow/.local/lib/python3.12/site-packages/airflow/example_dags/example_task_group_decorator.py
[2024-10-31T06:22:22.107+0000] {processor.py:925} INFO - DAG(s) 'example_task_group_decorator' retrieved from /home/airflow/.local/lib/python3.12/site-packages/airflow/example_dags/example_task_group_decorator.py
[2024-10-31T06:22:22.124+0000] {logging_mixin.py:190} INFO - [2024-10-31T06:22:22.124+0000] {dag.py:3239} INFO - Sync 1 DAGs
[2024-10-31T06:22:22.133+0000] {logging_mixin.py:190} INFO - [2024-10-31T06:22:22.133+0000] {dag.py:4180} INFO - Setting next_dagrun for example_task_group_decorator to None, run_after=None
[2024-10-31T06:22:22.148+0000] {processor.py:208} INFO - Processing /home/airflow/.local/lib/python3.12/site-packages/airflow/example_dags/example_task_group_decorator.py took 0.066 seconds
[2024-10-31T06:22:52.758+0000] {processor.py:186} INFO - Started process (PID=195) to work on /home/airflow/.local/lib/python3.12/site-packages/airflow/example_dags/example_task_group_decorator.py
[2024-10-31T06:22:52.760+0000] {processor.py:914} INFO - Processing file /home/airflow/.local/lib/python3.12/site-packages/airflow/example_dags/example_task_group_decorator.py for tasks to queue
[2024-10-31T06:22:52.762+0000] {logging_mixin.py:190} INFO - [2024-10-31T06:22:52.761+0000] {dagbag.py:588} INFO - Filling up the DagBag from /home/airflow/.local/lib/python3.12/site-packages/airflow/example_dags/example_task_group_decorator.py
[2024-10-31T06:22:52.774+0000] {processor.py:925} INFO - DAG(s) 'example_task_group_decorator' retrieved from /home/airflow/.local/lib/python3.12/site-packages/airflow/example_dags/example_task_group_decorator.py
[2024-10-31T06:22:52.794+0000] {logging_mixin.py:190} INFO - [2024-10-31T06:22:52.794+0000] {dag.py:3239} INFO - Sync 1 DAGs
[2024-10-31T06:22:52.804+0000] {logging_mixin.py:190} INFO - [2024-10-31T06:22:52.804+0000] {dag.py:4180} INFO - Setting next_dagrun for example_task_group_decorator to None, run_after=None
[2024-10-31T06:22:52.820+0000] {processor.py:208} INFO - Processing /home/airflow/.local/lib/python3.12/site-packages/airflow/example_dags/example_task_group_decorator.py took 0.066 seconds
[2024-10-31T06:23:23.469+0000] {processor.py:186} INFO - Started process (PID=257) to work on /home/airflow/.local/lib/python3.12/site-packages/airflow/example_dags/example_task_group_decorator.py
[2024-10-31T06:23:23.471+0000] {processor.py:914} INFO - Processing file /home/airflow/.local/lib/python3.12/site-packages/airflow/example_dags/example_task_group_decorator.py for tasks to queue
[2024-10-31T06:23:23.473+0000] {logging_mixin.py:190} INFO - [2024-10-31T06:23:23.473+0000] {dagbag.py:588} INFO - Filling up the DagBag from /home/airflow/.local/lib/python3.12/site-packages/airflow/example_dags/example_task_group_decorator.py
[2024-10-31T06:23:23.484+0000] {processor.py:925} INFO - DAG(s) 'example_task_group_decorator' retrieved from /home/airflow/.local/lib/python3.12/site-packages/airflow/example_dags/example_task_group_decorator.py
[2024-10-31T06:23:23.504+0000] {logging_mixin.py:190} INFO - [2024-10-31T06:23:23.504+0000] {dag.py:3239} INFO - Sync 1 DAGs
[2024-10-31T06:23:23.514+0000] {logging_mixin.py:190} INFO - [2024-10-31T06:23:23.514+0000] {dag.py:4180} INFO - Setting next_dagrun for example_task_group_decorator to None, run_after=None
[2024-10-31T06:23:23.528+0000] {processor.py:208} INFO - Processing /home/airflow/.local/lib/python3.12/site-packages/airflow/example_dags/example_task_group_decorator.py took 0.063 seconds
[2024-10-31T06:23:54.185+0000] {processor.py:186} INFO - Started process (PID=319) to work on /home/airflow/.local/lib/python3.12/site-packages/airflow/example_dags/example_task_group_decorator.py
[2024-10-31T06:23:54.187+0000] {processor.py:914} INFO - Processing file /home/airflow/.local/lib/python3.12/site-packages/airflow/example_dags/example_task_group_decorator.py for tasks to queue
[2024-10-31T06:23:54.188+0000] {logging_mixin.py:190} INFO - [2024-10-31T06:23:54.188+0000] {dagbag.py:588} INFO - Filling up the DagBag from /home/airflow/.local/lib/python3.12/site-packages/airflow/example_dags/example_task_group_decorator.py
[2024-10-31T06:23:54.201+0000] {processor.py:925} INFO - DAG(s) 'example_task_group_decorator' retrieved from /home/airflow/.local/lib/python3.12/site-packages/airflow/example_dags/example_task_group_decorator.py
[2024-10-31T06:23:54.218+0000] {logging_mixin.py:190} INFO - [2024-10-31T06:23:54.218+0000] {dag.py:3239} INFO - Sync 1 DAGs
[2024-10-31T06:23:54.229+0000] {logging_mixin.py:190} INFO - [2024-10-31T06:23:54.228+0000] {dag.py:4180} INFO - Setting next_dagrun for example_task_group_decorator to None, run_after=None
[2024-10-31T06:23:54.246+0000] {processor.py:208} INFO - Processing /home/airflow/.local/lib/python3.12/site-packages/airflow/example_dags/example_task_group_decorator.py took 0.066 seconds
[2024-10-31T06:24:24.435+0000] {processor.py:186} INFO - Started process (PID=381) to work on /home/airflow/.local/lib/python3.12/site-packages/airflow/example_dags/example_task_group_decorator.py
[2024-10-31T06:24:24.435+0000] {processor.py:914} INFO - Processing file /home/airflow/.local/lib/python3.12/site-packages/airflow/example_dags/example_task_group_decorator.py for tasks to queue
[2024-10-31T06:24:24.437+0000] {logging_mixin.py:190} INFO - [2024-10-31T06:24:24.437+0000] {dagbag.py:588} INFO - Filling up the DagBag from /home/airflow/.local/lib/python3.12/site-packages/airflow/example_dags/example_task_group_decorator.py
[2024-10-31T06:24:24.448+0000] {processor.py:925} INFO - DAG(s) 'example_task_group_decorator' retrieved from /home/airflow/.local/lib/python3.12/site-packages/airflow/example_dags/example_task_group_decorator.py
[2024-10-31T06:24:24.467+0000] {logging_mixin.py:190} INFO - [2024-10-31T06:24:24.467+0000] {dag.py:3239} INFO - Sync 1 DAGs
[2024-10-31T06:24:24.477+0000] {logging_mixin.py:190} INFO - [2024-10-31T06:24:24.476+0000] {dag.py:4180} INFO - Setting next_dagrun for example_task_group_decorator to None, run_after=None
[2024-10-31T06:24:24.506+0000] {processor.py:208} INFO - Processing /home/airflow/.local/lib/python3.12/site-packages/airflow/example_dags/example_task_group_decorator.py took 0.076 seconds
[2024-10-31T06:24:55.515+0000] {processor.py:186} INFO - Started process (PID=447) to work on /home/airflow/.local/lib/python3.12/site-packages/airflow/example_dags/example_task_group_decorator.py
[2024-10-31T06:24:55.517+0000] {processor.py:914} INFO - Processing file /home/airflow/.local/lib/python3.12/site-packages/airflow/example_dags/example_task_group_decorator.py for tasks to queue
[2024-10-31T06:24:55.520+0000] {logging_mixin.py:190} INFO - [2024-10-31T06:24:55.520+0000] {dagbag.py:588} INFO - Filling up the DagBag from /home/airflow/.local/lib/python3.12/site-packages/airflow/example_dags/example_task_group_decorator.py
[2024-10-31T06:24:55.552+0000] {processor.py:925} INFO - DAG(s) 'example_task_group_decorator' retrieved from /home/airflow/.local/lib/python3.12/site-packages/airflow/example_dags/example_task_group_decorator.py
[2024-10-31T06:24:55.604+0000] {logging_mixin.py:190} INFO - [2024-10-31T06:24:55.603+0000] {dag.py:3239} INFO - Sync 1 DAGs
[2024-10-31T06:24:55.632+0000] {logging_mixin.py:190} INFO - [2024-10-31T06:24:55.632+0000] {dag.py:4180} INFO - Setting next_dagrun for example_task_group_decorator to None, run_after=None
[2024-10-31T06:24:55.678+0000] {processor.py:208} INFO - Processing /home/airflow/.local/lib/python3.12/site-packages/airflow/example_dags/example_task_group_decorator.py took 0.177 seconds
[2024-10-31T06:25:25.760+0000] {processor.py:186} INFO - Started process (PID=509) to work on /home/airflow/.local/lib/python3.12/site-packages/airflow/example_dags/example_task_group_decorator.py
[2024-10-31T06:25:25.761+0000] {processor.py:914} INFO - Processing file /home/airflow/.local/lib/python3.12/site-packages/airflow/example_dags/example_task_group_decorator.py for tasks to queue
[2024-10-31T06:25:25.763+0000] {logging_mixin.py:190} INFO - [2024-10-31T06:25:25.763+0000] {dagbag.py:588} INFO - Filling up the DagBag from /home/airflow/.local/lib/python3.12/site-packages/airflow/example_dags/example_task_group_decorator.py
[2024-10-31T06:25:25.776+0000] {processor.py:925} INFO - DAG(s) 'example_task_group_decorator' retrieved from /home/airflow/.local/lib/python3.12/site-packages/airflow/example_dags/example_task_group_decorator.py
[2024-10-31T06:25:25.800+0000] {logging_mixin.py:190} INFO - [2024-10-31T06:25:25.799+0000] {dag.py:3239} INFO - Sync 1 DAGs
[2024-10-31T06:25:25.813+0000] {logging_mixin.py:190} INFO - [2024-10-31T06:25:25.813+0000] {dag.py:4180} INFO - Setting next_dagrun for example_task_group_decorator to None, run_after=None
[2024-10-31T06:25:25.834+0000] {processor.py:208} INFO - Processing /home/airflow/.local/lib/python3.12/site-packages/airflow/example_dags/example_task_group_decorator.py took 0.080 seconds
[2024-10-31T06:25:56.279+0000] {processor.py:186} INFO - Started process (PID=571) to work on /home/airflow/.local/lib/python3.12/site-packages/airflow/example_dags/example_task_group_decorator.py
[2024-10-31T06:25:56.280+0000] {processor.py:914} INFO - Processing file /home/airflow/.local/lib/python3.12/site-packages/airflow/example_dags/example_task_group_decorator.py for tasks to queue
[2024-10-31T06:25:56.281+0000] {logging_mixin.py:190} INFO - [2024-10-31T06:25:56.281+0000] {dagbag.py:588} INFO - Filling up the DagBag from /home/airflow/.local/lib/python3.12/site-packages/airflow/example_dags/example_task_group_decorator.py
[2024-10-31T06:25:56.294+0000] {processor.py:925} INFO - DAG(s) 'example_task_group_decorator' retrieved from /home/airflow/.local/lib/python3.12/site-packages/airflow/example_dags/example_task_group_decorator.py
[2024-10-31T06:25:56.315+0000] {logging_mixin.py:190} INFO - [2024-10-31T06:25:56.314+0000] {dag.py:3239} INFO - Sync 1 DAGs
[2024-10-31T06:25:56.326+0000] {logging_mixin.py:190} INFO - [2024-10-31T06:25:56.326+0000] {dag.py:4180} INFO - Setting next_dagrun for example_task_group_decorator to None, run_after=None
[2024-10-31T06:25:56.344+0000] {processor.py:208} INFO - Processing /home/airflow/.local/lib/python3.12/site-packages/airflow/example_dags/example_task_group_decorator.py took 0.069 seconds
[2024-10-31T06:26:26.927+0000] {processor.py:186} INFO - Started process (PID=633) to work on /home/airflow/.local/lib/python3.12/site-packages/airflow/example_dags/example_task_group_decorator.py
[2024-10-31T06:26:26.927+0000] {processor.py:914} INFO - Processing file /home/airflow/.local/lib/python3.12/site-packages/airflow/example_dags/example_task_group_decorator.py for tasks to queue
[2024-10-31T06:26:26.930+0000] {logging_mixin.py:190} INFO - [2024-10-31T06:26:26.930+0000] {dagbag.py:588} INFO - Filling up the DagBag from /home/airflow/.local/lib/python3.12/site-packages/airflow/example_dags/example_task_group_decorator.py
[2024-10-31T06:26:26.944+0000] {processor.py:925} INFO - DAG(s) 'example_task_group_decorator' retrieved from /home/airflow/.local/lib/python3.12/site-packages/airflow/example_dags/example_task_group_decorator.py
[2024-10-31T06:26:26.966+0000] {logging_mixin.py:190} INFO - [2024-10-31T06:26:26.966+0000] {dag.py:3239} INFO - Sync 1 DAGs
[2024-10-31T06:26:26.976+0000] {logging_mixin.py:190} INFO - [2024-10-31T06:26:26.976+0000] {dag.py:4180} INFO - Setting next_dagrun for example_task_group_decorator to None, run_after=None
[2024-10-31T06:26:26.992+0000] {processor.py:208} INFO - Processing /home/airflow/.local/lib/python3.12/site-packages/airflow/example_dags/example_task_group_decorator.py took 0.072 seconds
[2024-10-31T06:26:57.523+0000] {processor.py:186} INFO - Started process (PID=695) to work on /home/airflow/.local/lib/python3.12/site-packages/airflow/example_dags/example_task_group_decorator.py
[2024-10-31T06:26:57.524+0000] {processor.py:914} INFO - Processing file /home/airflow/.local/lib/python3.12/site-packages/airflow/example_dags/example_task_group_decorator.py for tasks to queue
[2024-10-31T06:26:57.526+0000] {logging_mixin.py:190} INFO - [2024-10-31T06:26:57.525+0000] {dagbag.py:588} INFO - Filling up the DagBag from /home/airflow/.local/lib/python3.12/site-packages/airflow/example_dags/example_task_group_decorator.py
[2024-10-31T06:26:57.537+0000] {processor.py:925} INFO - DAG(s) 'example_task_group_decorator' retrieved from /home/airflow/.local/lib/python3.12/site-packages/airflow/example_dags/example_task_group_decorator.py
[2024-10-31T06:26:57.555+0000] {logging_mixin.py:190} INFO - [2024-10-31T06:26:57.555+0000] {dag.py:3239} INFO - Sync 1 DAGs
[2024-10-31T06:26:57.566+0000] {logging_mixin.py:190} INFO - [2024-10-31T06:26:57.566+0000] {dag.py:4180} INFO - Setting next_dagrun for example_task_group_decorator to None, run_after=None
[2024-10-31T06:26:57.581+0000] {processor.py:208} INFO - Processing /home/airflow/.local/lib/python3.12/site-packages/airflow/example_dags/example_task_group_decorator.py took 0.063 seconds
[2024-10-31T06:27:27.837+0000] {processor.py:186} INFO - Started process (PID=757) to work on /home/airflow/.local/lib/python3.12/site-packages/airflow/example_dags/example_task_group_decorator.py
[2024-10-31T06:27:27.838+0000] {processor.py:914} INFO - Processing file /home/airflow/.local/lib/python3.12/site-packages/airflow/example_dags/example_task_group_decorator.py for tasks to queue
[2024-10-31T06:27:27.840+0000] {logging_mixin.py:190} INFO - [2024-10-31T06:27:27.839+0000] {dagbag.py:588} INFO - Filling up the DagBag from /home/airflow/.local/lib/python3.12/site-packages/airflow/example_dags/example_task_group_decorator.py
[2024-10-31T06:27:27.852+0000] {processor.py:925} INFO - DAG(s) 'example_task_group_decorator' retrieved from /home/airflow/.local/lib/python3.12/site-packages/airflow/example_dags/example_task_group_decorator.py
[2024-10-31T06:27:27.870+0000] {logging_mixin.py:190} INFO - [2024-10-31T06:27:27.870+0000] {dag.py:3239} INFO - Sync 1 DAGs
[2024-10-31T06:27:27.884+0000] {logging_mixin.py:190} INFO - [2024-10-31T06:27:27.884+0000] {dag.py:4180} INFO - Setting next_dagrun for example_task_group_decorator to None, run_after=None
[2024-10-31T06:27:27.900+0000] {processor.py:208} INFO - Processing /home/airflow/.local/lib/python3.12/site-packages/airflow/example_dags/example_task_group_decorator.py took 0.068 seconds
[2024-10-31T06:27:59.144+0000] {processor.py:186} INFO - Started process (PID=819) to work on /home/airflow/.local/lib/python3.12/site-packages/airflow/example_dags/example_task_group_decorator.py
[2024-10-31T06:27:59.145+0000] {processor.py:914} INFO - Processing file /home/airflow/.local/lib/python3.12/site-packages/airflow/example_dags/example_task_group_decorator.py for tasks to queue
[2024-10-31T06:27:59.146+0000] {logging_mixin.py:190} INFO - [2024-10-31T06:27:59.146+0000] {dagbag.py:588} INFO - Filling up the DagBag from /home/airflow/.local/lib/python3.12/site-packages/airflow/example_dags/example_task_group_decorator.py
[2024-10-31T06:27:59.158+0000] {processor.py:925} INFO - DAG(s) 'example_task_group_decorator' retrieved from /home/airflow/.local/lib/python3.12/site-packages/airflow/example_dags/example_task_group_decorator.py
[2024-10-31T06:27:59.177+0000] {logging_mixin.py:190} INFO - [2024-10-31T06:27:59.177+0000] {dag.py:3239} INFO - Sync 1 DAGs
[2024-10-31T06:27:59.187+0000] {logging_mixin.py:190} INFO - [2024-10-31T06:27:59.187+0000] {dag.py:4180} INFO - Setting next_dagrun for example_task_group_decorator to None, run_after=None
[2024-10-31T06:27:59.201+0000] {processor.py:208} INFO - Processing /home/airflow/.local/lib/python3.12/site-packages/airflow/example_dags/example_task_group_decorator.py took 0.062 seconds
[2024-10-31T06:28:29.533+0000] {processor.py:186} INFO - Started process (PID=882) to work on /home/airflow/.local/lib/python3.12/site-packages/airflow/example_dags/example_task_group_decorator.py
[2024-10-31T06:28:29.535+0000] {processor.py:914} INFO - Processing file /home/airflow/.local/lib/python3.12/site-packages/airflow/example_dags/example_task_group_decorator.py for tasks to queue
[2024-10-31T06:28:29.538+0000] {logging_mixin.py:190} INFO - [2024-10-31T06:28:29.537+0000] {dagbag.py:588} INFO - Filling up the DagBag from /home/airflow/.local/lib/python3.12/site-packages/airflow/example_dags/example_task_group_decorator.py
[2024-10-31T06:28:29.555+0000] {processor.py:925} INFO - DAG(s) 'example_task_group_decorator' retrieved from /home/airflow/.local/lib/python3.12/site-packages/airflow/example_dags/example_task_group_decorator.py
[2024-10-31T06:28:29.589+0000] {logging_mixin.py:190} INFO - [2024-10-31T06:28:29.588+0000] {dag.py:3239} INFO - Sync 1 DAGs
[2024-10-31T06:28:29.619+0000] {logging_mixin.py:190} INFO - [2024-10-31T06:28:29.618+0000] {dag.py:4180} INFO - Setting next_dagrun for example_task_group_decorator to None, run_after=None
[2024-10-31T06:28:29.669+0000] {processor.py:208} INFO - Processing /home/airflow/.local/lib/python3.12/site-packages/airflow/example_dags/example_task_group_decorator.py took 0.142 seconds
