[2024-10-31T06:21:50.808+0000] {processor.py:186} INFO - Started process (PID=70) to work on /home/airflow/.local/lib/python3.12/site-packages/airflow/example_dags/example_latest_only.py
[2024-10-31T06:21:50.809+0000] {processor.py:914} INFO - Processing file /home/airflow/.local/lib/python3.12/site-packages/airflow/example_dags/example_latest_only.py for tasks to queue
[2024-10-31T06:21:50.811+0000] {logging_mixin.py:190} INFO - [2024-10-31T06:21:50.810+0000] {dagbag.py:588} INFO - Filling up the DagBag from /home/airflow/.local/lib/python3.12/site-packages/airflow/example_dags/example_latest_only.py
[2024-10-31T06:21:50.816+0000] {processor.py:925} INFO - DAG(s) 'latest_only' retrieved from /home/airflow/.local/lib/python3.12/site-packages/airflow/example_dags/example_latest_only.py
[2024-10-31T06:21:50.892+0000] {logging_mixin.py:190} INFO - [2024-10-31T06:21:50.891+0000] {override.py:1900} INFO - Created Permission View: can delete on DAG:latest_only
[2024-10-31T06:21:50.901+0000] {logging_mixin.py:190} INFO - [2024-10-31T06:21:50.901+0000] {override.py:1900} INFO - Created Permission View: can read on DAG:latest_only
[2024-10-31T06:21:50.907+0000] {logging_mixin.py:190} INFO - [2024-10-31T06:21:50.907+0000] {override.py:1900} INFO - Created Permission View: can edit on DAG:latest_only
[2024-10-31T06:21:50.915+0000] {logging_mixin.py:190} INFO - [2024-10-31T06:21:50.915+0000] {override.py:1900} INFO - Created Permission View: can delete on DAG Run:latest_only
[2024-10-31T06:21:50.921+0000] {logging_mixin.py:190} INFO - [2024-10-31T06:21:50.921+0000] {override.py:1900} INFO - Created Permission View: can create on DAG Run:latest_only
[2024-10-31T06:21:50.927+0000] {logging_mixin.py:190} INFO - [2024-10-31T06:21:50.927+0000] {override.py:1900} INFO - Created Permission View: can read on DAG Run:latest_only
[2024-10-31T06:21:50.933+0000] {logging_mixin.py:190} INFO - [2024-10-31T06:21:50.933+0000] {override.py:1900} INFO - Created Permission View: menu access on DAG Run:latest_only
[2024-10-31T06:21:50.933+0000] {logging_mixin.py:190} INFO - [2024-10-31T06:21:50.933+0000] {dag.py:3239} INFO - Sync 1 DAGs
[2024-10-31T06:21:50.942+0000] {logging_mixin.py:190} INFO - [2024-10-31T06:21:50.942+0000] {dag.py:3262} INFO - Creating ORM DAG for latest_only
[2024-10-31T06:21:50.951+0000] {logging_mixin.py:190} INFO - [2024-10-31T06:21:50.950+0000] {dag.py:4180} INFO - Setting next_dagrun for latest_only to 2024-10-31 00:00:00+00:00, run_after=2024-10-31 04:00:00+00:00
[2024-10-31T06:21:50.965+0000] {processor.py:208} INFO - Processing /home/airflow/.local/lib/python3.12/site-packages/airflow/example_dags/example_latest_only.py took 0.161 seconds
[2024-10-31T06:22:21.005+0000] {processor.py:186} INFO - Started process (PID=132) to work on /home/airflow/.local/lib/python3.12/site-packages/airflow/example_dags/example_latest_only.py
[2024-10-31T06:22:21.006+0000] {processor.py:914} INFO - Processing file /home/airflow/.local/lib/python3.12/site-packages/airflow/example_dags/example_latest_only.py for tasks to queue
[2024-10-31T06:22:21.007+0000] {logging_mixin.py:190} INFO - [2024-10-31T06:22:21.007+0000] {dagbag.py:588} INFO - Filling up the DagBag from /home/airflow/.local/lib/python3.12/site-packages/airflow/example_dags/example_latest_only.py
[2024-10-31T06:22:21.013+0000] {processor.py:925} INFO - DAG(s) 'latest_only' retrieved from /home/airflow/.local/lib/python3.12/site-packages/airflow/example_dags/example_latest_only.py
[2024-10-31T06:22:21.028+0000] {logging_mixin.py:190} INFO - [2024-10-31T06:22:21.028+0000] {dag.py:3239} INFO - Sync 1 DAGs
[2024-10-31T06:22:21.045+0000] {logging_mixin.py:190} INFO - [2024-10-31T06:22:21.045+0000] {dag.py:4180} INFO - Setting next_dagrun for latest_only to 2024-10-31 00:00:00+00:00, run_after=2024-10-31 04:00:00+00:00
[2024-10-31T06:22:21.060+0000] {processor.py:208} INFO - Processing /home/airflow/.local/lib/python3.12/site-packages/airflow/example_dags/example_latest_only.py took 0.060 seconds
[2024-10-31T06:22:51.726+0000] {processor.py:186} INFO - Started process (PID=194) to work on /home/airflow/.local/lib/python3.12/site-packages/airflow/example_dags/example_latest_only.py
[2024-10-31T06:22:51.727+0000] {processor.py:914} INFO - Processing file /home/airflow/.local/lib/python3.12/site-packages/airflow/example_dags/example_latest_only.py for tasks to queue
[2024-10-31T06:22:51.729+0000] {logging_mixin.py:190} INFO - [2024-10-31T06:22:51.728+0000] {dagbag.py:588} INFO - Filling up the DagBag from /home/airflow/.local/lib/python3.12/site-packages/airflow/example_dags/example_latest_only.py
[2024-10-31T06:22:51.734+0000] {processor.py:925} INFO - DAG(s) 'latest_only' retrieved from /home/airflow/.local/lib/python3.12/site-packages/airflow/example_dags/example_latest_only.py
[2024-10-31T06:22:51.750+0000] {logging_mixin.py:190} INFO - [2024-10-31T06:22:51.750+0000] {dag.py:3239} INFO - Sync 1 DAGs
[2024-10-31T06:22:51.770+0000] {logging_mixin.py:190} INFO - [2024-10-31T06:22:51.770+0000] {dag.py:4180} INFO - Setting next_dagrun for latest_only to 2024-10-31 00:00:00+00:00, run_after=2024-10-31 04:00:00+00:00
[2024-10-31T06:22:51.788+0000] {processor.py:208} INFO - Processing /home/airflow/.local/lib/python3.12/site-packages/airflow/example_dags/example_latest_only.py took 0.067 seconds
[2024-10-31T06:23:22.430+0000] {processor.py:186} INFO - Started process (PID=256) to work on /home/airflow/.local/lib/python3.12/site-packages/airflow/example_dags/example_latest_only.py
[2024-10-31T06:23:22.431+0000] {processor.py:914} INFO - Processing file /home/airflow/.local/lib/python3.12/site-packages/airflow/example_dags/example_latest_only.py for tasks to queue
[2024-10-31T06:23:22.434+0000] {logging_mixin.py:190} INFO - [2024-10-31T06:23:22.433+0000] {dagbag.py:588} INFO - Filling up the DagBag from /home/airflow/.local/lib/python3.12/site-packages/airflow/example_dags/example_latest_only.py
[2024-10-31T06:23:22.439+0000] {processor.py:925} INFO - DAG(s) 'latest_only' retrieved from /home/airflow/.local/lib/python3.12/site-packages/airflow/example_dags/example_latest_only.py
[2024-10-31T06:23:22.454+0000] {logging_mixin.py:190} INFO - [2024-10-31T06:23:22.454+0000] {dag.py:3239} INFO - Sync 1 DAGs
[2024-10-31T06:23:22.471+0000] {logging_mixin.py:190} INFO - [2024-10-31T06:23:22.470+0000] {dag.py:4180} INFO - Setting next_dagrun for latest_only to 2024-10-31 00:00:00+00:00, run_after=2024-10-31 04:00:00+00:00
[2024-10-31T06:23:22.483+0000] {processor.py:208} INFO - Processing /home/airflow/.local/lib/python3.12/site-packages/airflow/example_dags/example_latest_only.py took 0.058 seconds
[2024-10-31T06:23:53.135+0000] {processor.py:186} INFO - Started process (PID=318) to work on /home/airflow/.local/lib/python3.12/site-packages/airflow/example_dags/example_latest_only.py
[2024-10-31T06:23:53.136+0000] {processor.py:914} INFO - Processing file /home/airflow/.local/lib/python3.12/site-packages/airflow/example_dags/example_latest_only.py for tasks to queue
[2024-10-31T06:23:53.137+0000] {logging_mixin.py:190} INFO - [2024-10-31T06:23:53.137+0000] {dagbag.py:588} INFO - Filling up the DagBag from /home/airflow/.local/lib/python3.12/site-packages/airflow/example_dags/example_latest_only.py
[2024-10-31T06:23:53.143+0000] {processor.py:925} INFO - DAG(s) 'latest_only' retrieved from /home/airflow/.local/lib/python3.12/site-packages/airflow/example_dags/example_latest_only.py
[2024-10-31T06:23:53.157+0000] {logging_mixin.py:190} INFO - [2024-10-31T06:23:53.156+0000] {dag.py:3239} INFO - Sync 1 DAGs
[2024-10-31T06:23:53.174+0000] {logging_mixin.py:190} INFO - [2024-10-31T06:23:53.173+0000] {dag.py:4180} INFO - Setting next_dagrun for latest_only to 2024-10-31 00:00:00+00:00, run_after=2024-10-31 04:00:00+00:00
[2024-10-31T06:23:53.186+0000] {processor.py:208} INFO - Processing /home/airflow/.local/lib/python3.12/site-packages/airflow/example_dags/example_latest_only.py took 0.056 seconds
[2024-10-31T06:24:24.397+0000] {processor.py:186} INFO - Started process (PID=380) to work on /home/airflow/.local/lib/python3.12/site-packages/airflow/example_dags/example_latest_only.py
[2024-10-31T06:24:24.397+0000] {processor.py:914} INFO - Processing file /home/airflow/.local/lib/python3.12/site-packages/airflow/example_dags/example_latest_only.py for tasks to queue
[2024-10-31T06:24:24.399+0000] {logging_mixin.py:190} INFO - [2024-10-31T06:24:24.399+0000] {dagbag.py:588} INFO - Filling up the DagBag from /home/airflow/.local/lib/python3.12/site-packages/airflow/example_dags/example_latest_only.py
[2024-10-31T06:24:24.405+0000] {processor.py:925} INFO - DAG(s) 'latest_only' retrieved from /home/airflow/.local/lib/python3.12/site-packages/airflow/example_dags/example_latest_only.py
[2024-10-31T06:24:24.424+0000] {logging_mixin.py:190} INFO - [2024-10-31T06:24:24.424+0000] {dag.py:3239} INFO - Sync 1 DAGs
[2024-10-31T06:24:24.441+0000] {logging_mixin.py:190} INFO - [2024-10-31T06:24:24.440+0000] {dag.py:4180} INFO - Setting next_dagrun for latest_only to 2024-10-31 00:00:00+00:00, run_after=2024-10-31 04:00:00+00:00
[2024-10-31T06:24:24.455+0000] {processor.py:208} INFO - Processing /home/airflow/.local/lib/python3.12/site-packages/airflow/example_dags/example_latest_only.py took 0.062 seconds
[2024-10-31T06:24:55.462+0000] {processor.py:186} INFO - Started process (PID=446) to work on /home/airflow/.local/lib/python3.12/site-packages/airflow/example_dags/example_latest_only.py
[2024-10-31T06:24:55.464+0000] {processor.py:914} INFO - Processing file /home/airflow/.local/lib/python3.12/site-packages/airflow/example_dags/example_latest_only.py for tasks to queue
[2024-10-31T06:24:55.466+0000] {logging_mixin.py:190} INFO - [2024-10-31T06:24:55.466+0000] {dagbag.py:588} INFO - Filling up the DagBag from /home/airflow/.local/lib/python3.12/site-packages/airflow/example_dags/example_latest_only.py
[2024-10-31T06:24:55.477+0000] {processor.py:925} INFO - DAG(s) 'latest_only' retrieved from /home/airflow/.local/lib/python3.12/site-packages/airflow/example_dags/example_latest_only.py
[2024-10-31T06:24:55.512+0000] {logging_mixin.py:190} INFO - [2024-10-31T06:24:55.511+0000] {dag.py:3239} INFO - Sync 1 DAGs
[2024-10-31T06:24:55.566+0000] {logging_mixin.py:190} INFO - [2024-10-31T06:24:55.565+0000] {dag.py:4180} INFO - Setting next_dagrun for latest_only to 2024-10-31 00:00:00+00:00, run_after=2024-10-31 04:00:00+00:00
[2024-10-31T06:24:55.612+0000] {processor.py:208} INFO - Processing /home/airflow/.local/lib/python3.12/site-packages/airflow/example_dags/example_latest_only.py took 0.162 seconds
[2024-10-31T06:25:25.672+0000] {processor.py:186} INFO - Started process (PID=508) to work on /home/airflow/.local/lib/python3.12/site-packages/airflow/example_dags/example_latest_only.py
[2024-10-31T06:25:25.673+0000] {processor.py:914} INFO - Processing file /home/airflow/.local/lib/python3.12/site-packages/airflow/example_dags/example_latest_only.py for tasks to queue
[2024-10-31T06:25:25.675+0000] {logging_mixin.py:190} INFO - [2024-10-31T06:25:25.675+0000] {dagbag.py:588} INFO - Filling up the DagBag from /home/airflow/.local/lib/python3.12/site-packages/airflow/example_dags/example_latest_only.py
[2024-10-31T06:25:25.681+0000] {processor.py:925} INFO - DAG(s) 'latest_only' retrieved from /home/airflow/.local/lib/python3.12/site-packages/airflow/example_dags/example_latest_only.py
[2024-10-31T06:25:25.697+0000] {logging_mixin.py:190} INFO - [2024-10-31T06:25:25.697+0000] {dag.py:3239} INFO - Sync 1 DAGs
[2024-10-31T06:25:25.717+0000] {logging_mixin.py:190} INFO - [2024-10-31T06:25:25.717+0000] {dag.py:4180} INFO - Setting next_dagrun for latest_only to 2024-10-31 00:00:00+00:00, run_after=2024-10-31 04:00:00+00:00
[2024-10-31T06:25:25.735+0000] {processor.py:208} INFO - Processing /home/airflow/.local/lib/python3.12/site-packages/airflow/example_dags/example_latest_only.py took 0.068 seconds
[2024-10-31T06:25:56.256+0000] {processor.py:186} INFO - Started process (PID=570) to work on /home/airflow/.local/lib/python3.12/site-packages/airflow/example_dags/example_latest_only.py
[2024-10-31T06:25:56.257+0000] {processor.py:914} INFO - Processing file /home/airflow/.local/lib/python3.12/site-packages/airflow/example_dags/example_latest_only.py for tasks to queue
[2024-10-31T06:25:56.259+0000] {logging_mixin.py:190} INFO - [2024-10-31T06:25:56.258+0000] {dagbag.py:588} INFO - Filling up the DagBag from /home/airflow/.local/lib/python3.12/site-packages/airflow/example_dags/example_latest_only.py
[2024-10-31T06:25:56.264+0000] {processor.py:925} INFO - DAG(s) 'latest_only' retrieved from /home/airflow/.local/lib/python3.12/site-packages/airflow/example_dags/example_latest_only.py
[2024-10-31T06:25:56.280+0000] {logging_mixin.py:190} INFO - [2024-10-31T06:25:56.280+0000] {dag.py:3239} INFO - Sync 1 DAGs
[2024-10-31T06:25:56.301+0000] {logging_mixin.py:190} INFO - [2024-10-31T06:25:56.301+0000] {dag.py:4180} INFO - Setting next_dagrun for latest_only to 2024-10-31 00:00:00+00:00, run_after=2024-10-31 04:00:00+00:00
[2024-10-31T06:25:56.317+0000] {processor.py:208} INFO - Processing /home/airflow/.local/lib/python3.12/site-packages/airflow/example_dags/example_latest_only.py took 0.067 seconds
[2024-10-31T06:26:26.910+0000] {processor.py:186} INFO - Started process (PID=632) to work on /home/airflow/.local/lib/python3.12/site-packages/airflow/example_dags/example_latest_only.py
[2024-10-31T06:26:26.911+0000] {processor.py:914} INFO - Processing file /home/airflow/.local/lib/python3.12/site-packages/airflow/example_dags/example_latest_only.py for tasks to queue
[2024-10-31T06:26:26.913+0000] {logging_mixin.py:190} INFO - [2024-10-31T06:26:26.912+0000] {dagbag.py:588} INFO - Filling up the DagBag from /home/airflow/.local/lib/python3.12/site-packages/airflow/example_dags/example_latest_only.py
[2024-10-31T06:26:26.920+0000] {processor.py:925} INFO - DAG(s) 'latest_only' retrieved from /home/airflow/.local/lib/python3.12/site-packages/airflow/example_dags/example_latest_only.py
[2024-10-31T06:26:26.939+0000] {logging_mixin.py:190} INFO - [2024-10-31T06:26:26.939+0000] {dag.py:3239} INFO - Sync 1 DAGs
[2024-10-31T06:26:26.960+0000] {logging_mixin.py:190} INFO - [2024-10-31T06:26:26.960+0000] {dag.py:4180} INFO - Setting next_dagrun for latest_only to 2024-10-31 00:00:00+00:00, run_after=2024-10-31 04:00:00+00:00
[2024-10-31T06:26:26.976+0000] {processor.py:208} INFO - Processing /home/airflow/.local/lib/python3.12/site-packages/airflow/example_dags/example_latest_only.py took 0.072 seconds
[2024-10-31T06:26:57.477+0000] {processor.py:186} INFO - Started process (PID=694) to work on /home/airflow/.local/lib/python3.12/site-packages/airflow/example_dags/example_latest_only.py
[2024-10-31T06:26:57.478+0000] {processor.py:914} INFO - Processing file /home/airflow/.local/lib/python3.12/site-packages/airflow/example_dags/example_latest_only.py for tasks to queue
[2024-10-31T06:26:57.480+0000] {logging_mixin.py:190} INFO - [2024-10-31T06:26:57.480+0000] {dagbag.py:588} INFO - Filling up the DagBag from /home/airflow/.local/lib/python3.12/site-packages/airflow/example_dags/example_latest_only.py
[2024-10-31T06:26:57.485+0000] {processor.py:925} INFO - DAG(s) 'latest_only' retrieved from /home/airflow/.local/lib/python3.12/site-packages/airflow/example_dags/example_latest_only.py
[2024-10-31T06:26:57.500+0000] {logging_mixin.py:190} INFO - [2024-10-31T06:26:57.500+0000] {dag.py:3239} INFO - Sync 1 DAGs
[2024-10-31T06:26:57.520+0000] {logging_mixin.py:190} INFO - [2024-10-31T06:26:57.520+0000] {dag.py:4180} INFO - Setting next_dagrun for latest_only to 2024-10-31 00:00:00+00:00, run_after=2024-10-31 04:00:00+00:00
[2024-10-31T06:26:57.536+0000] {processor.py:208} INFO - Processing /home/airflow/.local/lib/python3.12/site-packages/airflow/example_dags/example_latest_only.py took 0.063 seconds
[2024-10-31T06:27:27.824+0000] {processor.py:186} INFO - Started process (PID=756) to work on /home/airflow/.local/lib/python3.12/site-packages/airflow/example_dags/example_latest_only.py
[2024-10-31T06:27:27.825+0000] {processor.py:914} INFO - Processing file /home/airflow/.local/lib/python3.12/site-packages/airflow/example_dags/example_latest_only.py for tasks to queue
[2024-10-31T06:27:27.827+0000] {logging_mixin.py:190} INFO - [2024-10-31T06:27:27.827+0000] {dagbag.py:588} INFO - Filling up the DagBag from /home/airflow/.local/lib/python3.12/site-packages/airflow/example_dags/example_latest_only.py
[2024-10-31T06:27:27.833+0000] {processor.py:925} INFO - DAG(s) 'latest_only' retrieved from /home/airflow/.local/lib/python3.12/site-packages/airflow/example_dags/example_latest_only.py
[2024-10-31T06:27:27.848+0000] {logging_mixin.py:190} INFO - [2024-10-31T06:27:27.847+0000] {dag.py:3239} INFO - Sync 1 DAGs
[2024-10-31T06:27:27.866+0000] {logging_mixin.py:190} INFO - [2024-10-31T06:27:27.865+0000] {dag.py:4180} INFO - Setting next_dagrun for latest_only to 2024-10-31 00:00:00+00:00, run_after=2024-10-31 04:00:00+00:00
[2024-10-31T06:27:27.883+0000] {processor.py:208} INFO - Processing /home/airflow/.local/lib/python3.12/site-packages/airflow/example_dags/example_latest_only.py took 0.063 seconds
[2024-10-31T06:27:59.097+0000] {processor.py:186} INFO - Started process (PID=818) to work on /home/airflow/.local/lib/python3.12/site-packages/airflow/example_dags/example_latest_only.py
[2024-10-31T06:27:59.097+0000] {processor.py:914} INFO - Processing file /home/airflow/.local/lib/python3.12/site-packages/airflow/example_dags/example_latest_only.py for tasks to queue
[2024-10-31T06:27:59.099+0000] {logging_mixin.py:190} INFO - [2024-10-31T06:27:59.099+0000] {dagbag.py:588} INFO - Filling up the DagBag from /home/airflow/.local/lib/python3.12/site-packages/airflow/example_dags/example_latest_only.py
[2024-10-31T06:27:59.105+0000] {processor.py:925} INFO - DAG(s) 'latest_only' retrieved from /home/airflow/.local/lib/python3.12/site-packages/airflow/example_dags/example_latest_only.py
[2024-10-31T06:27:59.120+0000] {logging_mixin.py:190} INFO - [2024-10-31T06:27:59.120+0000] {dag.py:3239} INFO - Sync 1 DAGs
[2024-10-31T06:27:59.136+0000] {logging_mixin.py:190} INFO - [2024-10-31T06:27:59.136+0000] {dag.py:4180} INFO - Setting next_dagrun for latest_only to 2024-10-31 00:00:00+00:00, run_after=2024-10-31 04:00:00+00:00
[2024-10-31T06:27:59.151+0000] {processor.py:208} INFO - Processing /home/airflow/.local/lib/python3.12/site-packages/airflow/example_dags/example_latest_only.py took 0.059 seconds
[2024-10-31T06:28:29.430+0000] {processor.py:186} INFO - Started process (PID=881) to work on /home/airflow/.local/lib/python3.12/site-packages/airflow/example_dags/example_latest_only.py
[2024-10-31T06:28:29.431+0000] {processor.py:914} INFO - Processing file /home/airflow/.local/lib/python3.12/site-packages/airflow/example_dags/example_latest_only.py for tasks to queue
[2024-10-31T06:28:29.433+0000] {logging_mixin.py:190} INFO - [2024-10-31T06:28:29.433+0000] {dagbag.py:588} INFO - Filling up the DagBag from /home/airflow/.local/lib/python3.12/site-packages/airflow/example_dags/example_latest_only.py
[2024-10-31T06:28:29.443+0000] {processor.py:925} INFO - DAG(s) 'latest_only' retrieved from /home/airflow/.local/lib/python3.12/site-packages/airflow/example_dags/example_latest_only.py
[2024-10-31T06:28:29.467+0000] {logging_mixin.py:190} INFO - [2024-10-31T06:28:29.467+0000] {dag.py:3239} INFO - Sync 1 DAGs
[2024-10-31T06:28:29.489+0000] {logging_mixin.py:190} INFO - [2024-10-31T06:28:29.488+0000] {dag.py:4180} INFO - Setting next_dagrun for latest_only to 2024-10-31 00:00:00+00:00, run_after=2024-10-31 04:00:00+00:00
[2024-10-31T06:28:29.514+0000] {processor.py:208} INFO - Processing /home/airflow/.local/lib/python3.12/site-packages/airflow/example_dags/example_latest_only.py took 0.090 seconds
