[2024-10-31T06:21:47.189+0000] {processor.py:186} INFO - Started process (PID=47) to work on /home/airflow/.local/lib/python3.12/site-packages/airflow/example_dags/example_branch_operator.py
[2024-10-31T06:21:47.191+0000] {processor.py:914} INFO - Processing file /home/airflow/.local/lib/python3.12/site-packages/airflow/example_dags/example_branch_operator.py for tasks to queue
[2024-10-31T06:21:47.197+0000] {logging_mixin.py:190} INFO - [2024-10-31T06:21:47.196+0000] {dagbag.py:588} INFO - Filling up the DagBag from /home/airflow/.local/lib/python3.12/site-packages/airflow/example_dags/example_branch_operator.py
[2024-10-31T06:21:47.239+0000] {processor.py:925} INFO - DAG(s) 'example_branch_operator' retrieved from /home/airflow/.local/lib/python3.12/site-packages/airflow/example_dags/example_branch_operator.py
[2024-10-31T06:21:47.477+0000] {logging_mixin.py:190} INFO - [2024-10-31T06:21:47.476+0000] {override.py:1900} INFO - Created Permission View: can delete on DAG:example_branch_operator
[2024-10-31T06:21:47.494+0000] {logging_mixin.py:190} INFO - [2024-10-31T06:21:47.493+0000] {override.py:1900} INFO - Created Permission View: can read on DAG:example_branch_operator
[2024-10-31T06:21:47.503+0000] {logging_mixin.py:190} INFO - [2024-10-31T06:21:47.503+0000] {override.py:1900} INFO - Created Permission View: can edit on DAG:example_branch_operator
[2024-10-31T06:21:47.517+0000] {logging_mixin.py:190} INFO - [2024-10-31T06:21:47.517+0000] {override.py:1900} INFO - Created Permission View: can delete on DAG Run:example_branch_operator
[2024-10-31T06:21:47.527+0000] {logging_mixin.py:190} INFO - [2024-10-31T06:21:47.527+0000] {override.py:1900} INFO - Created Permission View: can create on DAG Run:example_branch_operator
[2024-10-31T06:21:47.536+0000] {logging_mixin.py:190} INFO - [2024-10-31T06:21:47.535+0000] {override.py:1900} INFO - Created Permission View: can read on DAG Run:example_branch_operator
[2024-10-31T06:21:47.543+0000] {logging_mixin.py:190} INFO - [2024-10-31T06:21:47.543+0000] {override.py:1900} INFO - Created Permission View: menu access on DAG Run:example_branch_operator
[2024-10-31T06:21:47.544+0000] {logging_mixin.py:190} INFO - [2024-10-31T06:21:47.544+0000] {dag.py:3239} INFO - Sync 1 DAGs
[2024-10-31T06:21:47.564+0000] {logging_mixin.py:190} INFO - [2024-10-31T06:21:47.563+0000] {dag.py:3262} INFO - Creating ORM DAG for example_branch_operator
[2024-10-31T06:21:47.577+0000] {logging_mixin.py:190} INFO - [2024-10-31T06:21:47.577+0000] {dag.py:4180} INFO - Setting next_dagrun for example_branch_operator to 2024-10-30 00:00:00+00:00, run_after=2024-10-31 00:00:00+00:00
[2024-10-31T06:21:47.604+0000] {processor.py:208} INFO - Processing /home/airflow/.local/lib/python3.12/site-packages/airflow/example_dags/example_branch_operator.py took 0.421 seconds
[2024-10-31T06:22:17.893+0000] {processor.py:186} INFO - Started process (PID=109) to work on /home/airflow/.local/lib/python3.12/site-packages/airflow/example_dags/example_branch_operator.py
[2024-10-31T06:22:17.894+0000] {processor.py:914} INFO - Processing file /home/airflow/.local/lib/python3.12/site-packages/airflow/example_dags/example_branch_operator.py for tasks to queue
[2024-10-31T06:22:17.896+0000] {logging_mixin.py:190} INFO - [2024-10-31T06:22:17.896+0000] {dagbag.py:588} INFO - Filling up the DagBag from /home/airflow/.local/lib/python3.12/site-packages/airflow/example_dags/example_branch_operator.py
[2024-10-31T06:22:17.910+0000] {processor.py:925} INFO - DAG(s) 'example_branch_operator' retrieved from /home/airflow/.local/lib/python3.12/site-packages/airflow/example_dags/example_branch_operator.py
[2024-10-31T06:22:17.929+0000] {logging_mixin.py:190} INFO - [2024-10-31T06:22:17.929+0000] {dag.py:3239} INFO - Sync 1 DAGs
[2024-10-31T06:22:17.948+0000] {logging_mixin.py:190} INFO - [2024-10-31T06:22:17.947+0000] {dag.py:4180} INFO - Setting next_dagrun for example_branch_operator to 2024-10-30 00:00:00+00:00, run_after=2024-10-31 00:00:00+00:00
[2024-10-31T06:22:17.961+0000] {processor.py:208} INFO - Processing /home/airflow/.local/lib/python3.12/site-packages/airflow/example_dags/example_branch_operator.py took 0.072 seconds
[2024-10-31T06:22:48.432+0000] {processor.py:186} INFO - Started process (PID=171) to work on /home/airflow/.local/lib/python3.12/site-packages/airflow/example_dags/example_branch_operator.py
[2024-10-31T06:22:48.433+0000] {processor.py:914} INFO - Processing file /home/airflow/.local/lib/python3.12/site-packages/airflow/example_dags/example_branch_operator.py for tasks to queue
[2024-10-31T06:22:48.435+0000] {logging_mixin.py:190} INFO - [2024-10-31T06:22:48.434+0000] {dagbag.py:588} INFO - Filling up the DagBag from /home/airflow/.local/lib/python3.12/site-packages/airflow/example_dags/example_branch_operator.py
[2024-10-31T06:22:48.451+0000] {processor.py:925} INFO - DAG(s) 'example_branch_operator' retrieved from /home/airflow/.local/lib/python3.12/site-packages/airflow/example_dags/example_branch_operator.py
[2024-10-31T06:22:48.473+0000] {logging_mixin.py:190} INFO - [2024-10-31T06:22:48.472+0000] {dag.py:3239} INFO - Sync 1 DAGs
[2024-10-31T06:22:48.496+0000] {logging_mixin.py:190} INFO - [2024-10-31T06:22:48.496+0000] {dag.py:4180} INFO - Setting next_dagrun for example_branch_operator to 2024-10-30 00:00:00+00:00, run_after=2024-10-31 00:00:00+00:00
[2024-10-31T06:22:48.511+0000] {processor.py:208} INFO - Processing /home/airflow/.local/lib/python3.12/site-packages/airflow/example_dags/example_branch_operator.py took 0.084 seconds
[2024-10-31T06:23:19.242+0000] {processor.py:186} INFO - Started process (PID=233) to work on /home/airflow/.local/lib/python3.12/site-packages/airflow/example_dags/example_branch_operator.py
[2024-10-31T06:23:19.244+0000] {processor.py:914} INFO - Processing file /home/airflow/.local/lib/python3.12/site-packages/airflow/example_dags/example_branch_operator.py for tasks to queue
[2024-10-31T06:23:19.247+0000] {logging_mixin.py:190} INFO - [2024-10-31T06:23:19.247+0000] {dagbag.py:588} INFO - Filling up the DagBag from /home/airflow/.local/lib/python3.12/site-packages/airflow/example_dags/example_branch_operator.py
[2024-10-31T06:23:19.261+0000] {processor.py:925} INFO - DAG(s) 'example_branch_operator' retrieved from /home/airflow/.local/lib/python3.12/site-packages/airflow/example_dags/example_branch_operator.py
[2024-10-31T06:23:19.280+0000] {logging_mixin.py:190} INFO - [2024-10-31T06:23:19.280+0000] {dag.py:3239} INFO - Sync 1 DAGs
[2024-10-31T06:23:19.298+0000] {logging_mixin.py:190} INFO - [2024-10-31T06:23:19.298+0000] {dag.py:4180} INFO - Setting next_dagrun for example_branch_operator to 2024-10-30 00:00:00+00:00, run_after=2024-10-31 00:00:00+00:00
[2024-10-31T06:23:19.312+0000] {processor.py:208} INFO - Processing /home/airflow/.local/lib/python3.12/site-packages/airflow/example_dags/example_branch_operator.py took 0.074 seconds
[2024-10-31T06:23:49.951+0000] {processor.py:186} INFO - Started process (PID=295) to work on /home/airflow/.local/lib/python3.12/site-packages/airflow/example_dags/example_branch_operator.py
[2024-10-31T06:23:49.952+0000] {processor.py:914} INFO - Processing file /home/airflow/.local/lib/python3.12/site-packages/airflow/example_dags/example_branch_operator.py for tasks to queue
[2024-10-31T06:23:49.954+0000] {logging_mixin.py:190} INFO - [2024-10-31T06:23:49.954+0000] {dagbag.py:588} INFO - Filling up the DagBag from /home/airflow/.local/lib/python3.12/site-packages/airflow/example_dags/example_branch_operator.py
[2024-10-31T06:23:49.973+0000] {processor.py:925} INFO - DAG(s) 'example_branch_operator' retrieved from /home/airflow/.local/lib/python3.12/site-packages/airflow/example_dags/example_branch_operator.py
[2024-10-31T06:23:50.000+0000] {logging_mixin.py:190} INFO - [2024-10-31T06:23:49.999+0000] {dag.py:3239} INFO - Sync 1 DAGs
[2024-10-31T06:23:50.022+0000] {logging_mixin.py:190} INFO - [2024-10-31T06:23:50.022+0000] {dag.py:4180} INFO - Setting next_dagrun for example_branch_operator to 2024-10-30 00:00:00+00:00, run_after=2024-10-31 00:00:00+00:00
[2024-10-31T06:23:50.040+0000] {processor.py:208} INFO - Processing /home/airflow/.local/lib/python3.12/site-packages/airflow/example_dags/example_branch_operator.py took 0.094 seconds
[2024-10-31T06:24:20.992+0000] {processor.py:186} INFO - Started process (PID=357) to work on /home/airflow/.local/lib/python3.12/site-packages/airflow/example_dags/example_branch_operator.py
[2024-10-31T06:24:20.993+0000] {processor.py:914} INFO - Processing file /home/airflow/.local/lib/python3.12/site-packages/airflow/example_dags/example_branch_operator.py for tasks to queue
[2024-10-31T06:24:20.995+0000] {logging_mixin.py:190} INFO - [2024-10-31T06:24:20.995+0000] {dagbag.py:588} INFO - Filling up the DagBag from /home/airflow/.local/lib/python3.12/site-packages/airflow/example_dags/example_branch_operator.py
[2024-10-31T06:24:21.009+0000] {processor.py:925} INFO - DAG(s) 'example_branch_operator' retrieved from /home/airflow/.local/lib/python3.12/site-packages/airflow/example_dags/example_branch_operator.py
[2024-10-31T06:24:21.030+0000] {logging_mixin.py:190} INFO - [2024-10-31T06:24:21.030+0000] {dag.py:3239} INFO - Sync 1 DAGs
[2024-10-31T06:24:21.048+0000] {logging_mixin.py:190} INFO - [2024-10-31T06:24:21.048+0000] {dag.py:4180} INFO - Setting next_dagrun for example_branch_operator to 2024-10-30 00:00:00+00:00, run_after=2024-10-31 00:00:00+00:00
[2024-10-31T06:24:21.064+0000] {processor.py:208} INFO - Processing /home/airflow/.local/lib/python3.12/site-packages/airflow/example_dags/example_branch_operator.py took 0.077 seconds
[2024-10-31T06:24:51.195+0000] {processor.py:186} INFO - Started process (PID=423) to work on /home/airflow/.local/lib/python3.12/site-packages/airflow/example_dags/example_branch_operator.py
[2024-10-31T06:24:51.196+0000] {processor.py:914} INFO - Processing file /home/airflow/.local/lib/python3.12/site-packages/airflow/example_dags/example_branch_operator.py for tasks to queue
[2024-10-31T06:24:51.200+0000] {logging_mixin.py:190} INFO - [2024-10-31T06:24:51.200+0000] {dagbag.py:588} INFO - Filling up the DagBag from /home/airflow/.local/lib/python3.12/site-packages/airflow/example_dags/example_branch_operator.py
[2024-10-31T06:24:51.217+0000] {processor.py:925} INFO - DAG(s) 'example_branch_operator' retrieved from /home/airflow/.local/lib/python3.12/site-packages/airflow/example_dags/example_branch_operator.py
[2024-10-31T06:24:51.254+0000] {logging_mixin.py:190} INFO - [2024-10-31T06:24:51.254+0000] {dag.py:3239} INFO - Sync 1 DAGs
[2024-10-31T06:24:51.287+0000] {logging_mixin.py:190} INFO - [2024-10-31T06:24:51.287+0000] {dag.py:4180} INFO - Setting next_dagrun for example_branch_operator to 2024-10-30 00:00:00+00:00, run_after=2024-10-31 00:00:00+00:00
[2024-10-31T06:24:51.312+0000] {processor.py:208} INFO - Processing /home/airflow/.local/lib/python3.12/site-packages/airflow/example_dags/example_branch_operator.py took 0.123 seconds
[2024-10-31T06:25:21.902+0000] {processor.py:186} INFO - Started process (PID=485) to work on /home/airflow/.local/lib/python3.12/site-packages/airflow/example_dags/example_branch_operator.py
[2024-10-31T06:25:21.904+0000] {processor.py:914} INFO - Processing file /home/airflow/.local/lib/python3.12/site-packages/airflow/example_dags/example_branch_operator.py for tasks to queue
[2024-10-31T06:25:21.906+0000] {logging_mixin.py:190} INFO - [2024-10-31T06:25:21.905+0000] {dagbag.py:588} INFO - Filling up the DagBag from /home/airflow/.local/lib/python3.12/site-packages/airflow/example_dags/example_branch_operator.py
[2024-10-31T06:25:21.930+0000] {processor.py:925} INFO - DAG(s) 'example_branch_operator' retrieved from /home/airflow/.local/lib/python3.12/site-packages/airflow/example_dags/example_branch_operator.py
[2024-10-31T06:25:21.968+0000] {logging_mixin.py:190} INFO - [2024-10-31T06:25:21.967+0000] {dag.py:3239} INFO - Sync 1 DAGs
[2024-10-31T06:25:22.014+0000] {logging_mixin.py:190} INFO - [2024-10-31T06:25:22.014+0000] {dag.py:4180} INFO - Setting next_dagrun for example_branch_operator to 2024-10-30 00:00:00+00:00, run_after=2024-10-31 00:00:00+00:00
[2024-10-31T06:25:22.045+0000] {processor.py:208} INFO - Processing /home/airflow/.local/lib/python3.12/site-packages/airflow/example_dags/example_branch_operator.py took 0.149 seconds
[2024-10-31T06:25:52.998+0000] {processor.py:186} INFO - Started process (PID=547) to work on /home/airflow/.local/lib/python3.12/site-packages/airflow/example_dags/example_branch_operator.py
[2024-10-31T06:25:52.999+0000] {processor.py:914} INFO - Processing file /home/airflow/.local/lib/python3.12/site-packages/airflow/example_dags/example_branch_operator.py for tasks to queue
[2024-10-31T06:25:53.001+0000] {logging_mixin.py:190} INFO - [2024-10-31T06:25:53.001+0000] {dagbag.py:588} INFO - Filling up the DagBag from /home/airflow/.local/lib/python3.12/site-packages/airflow/example_dags/example_branch_operator.py
[2024-10-31T06:25:53.020+0000] {processor.py:925} INFO - DAG(s) 'example_branch_operator' retrieved from /home/airflow/.local/lib/python3.12/site-packages/airflow/example_dags/example_branch_operator.py
[2024-10-31T06:25:53.048+0000] {logging_mixin.py:190} INFO - [2024-10-31T06:25:53.048+0000] {dag.py:3239} INFO - Sync 1 DAGs
[2024-10-31T06:25:53.077+0000] {logging_mixin.py:190} INFO - [2024-10-31T06:25:53.077+0000] {dag.py:4180} INFO - Setting next_dagrun for example_branch_operator to 2024-10-30 00:00:00+00:00, run_after=2024-10-31 00:00:00+00:00
[2024-10-31T06:25:53.104+0000] {processor.py:208} INFO - Processing /home/airflow/.local/lib/python3.12/site-packages/airflow/example_dags/example_branch_operator.py took 0.114 seconds
[2024-10-31T06:26:23.341+0000] {processor.py:186} INFO - Started process (PID=609) to work on /home/airflow/.local/lib/python3.12/site-packages/airflow/example_dags/example_branch_operator.py
[2024-10-31T06:26:23.342+0000] {processor.py:914} INFO - Processing file /home/airflow/.local/lib/python3.12/site-packages/airflow/example_dags/example_branch_operator.py for tasks to queue
[2024-10-31T06:26:23.345+0000] {logging_mixin.py:190} INFO - [2024-10-31T06:26:23.344+0000] {dagbag.py:588} INFO - Filling up the DagBag from /home/airflow/.local/lib/python3.12/site-packages/airflow/example_dags/example_branch_operator.py
[2024-10-31T06:26:23.364+0000] {processor.py:925} INFO - DAG(s) 'example_branch_operator' retrieved from /home/airflow/.local/lib/python3.12/site-packages/airflow/example_dags/example_branch_operator.py
[2024-10-31T06:26:23.391+0000] {logging_mixin.py:190} INFO - [2024-10-31T06:26:23.391+0000] {dag.py:3239} INFO - Sync 1 DAGs
[2024-10-31T06:26:23.416+0000] {logging_mixin.py:190} INFO - [2024-10-31T06:26:23.416+0000] {dag.py:4180} INFO - Setting next_dagrun for example_branch_operator to 2024-10-30 00:00:00+00:00, run_after=2024-10-31 00:00:00+00:00
[2024-10-31T06:26:23.436+0000] {processor.py:208} INFO - Processing /home/airflow/.local/lib/python3.12/site-packages/airflow/example_dags/example_branch_operator.py took 0.102 seconds
[2024-10-31T06:26:54.089+0000] {processor.py:186} INFO - Started process (PID=671) to work on /home/airflow/.local/lib/python3.12/site-packages/airflow/example_dags/example_branch_operator.py
[2024-10-31T06:26:54.098+0000] {processor.py:914} INFO - Processing file /home/airflow/.local/lib/python3.12/site-packages/airflow/example_dags/example_branch_operator.py for tasks to queue
[2024-10-31T06:26:54.101+0000] {logging_mixin.py:190} INFO - [2024-10-31T06:26:54.100+0000] {dagbag.py:588} INFO - Filling up the DagBag from /home/airflow/.local/lib/python3.12/site-packages/airflow/example_dags/example_branch_operator.py
[2024-10-31T06:26:54.118+0000] {processor.py:925} INFO - DAG(s) 'example_branch_operator' retrieved from /home/airflow/.local/lib/python3.12/site-packages/airflow/example_dags/example_branch_operator.py
[2024-10-31T06:26:54.149+0000] {logging_mixin.py:190} INFO - [2024-10-31T06:26:54.149+0000] {dag.py:3239} INFO - Sync 1 DAGs
[2024-10-31T06:26:54.173+0000] {logging_mixin.py:190} INFO - [2024-10-31T06:26:54.172+0000] {dag.py:4180} INFO - Setting next_dagrun for example_branch_operator to 2024-10-30 00:00:00+00:00, run_after=2024-10-31 00:00:00+00:00
[2024-10-31T06:26:54.189+0000] {processor.py:208} INFO - Processing /home/airflow/.local/lib/python3.12/site-packages/airflow/example_dags/example_branch_operator.py took 0.106 seconds
[2024-10-31T06:27:24.461+0000] {processor.py:186} INFO - Started process (PID=733) to work on /home/airflow/.local/lib/python3.12/site-packages/airflow/example_dags/example_branch_operator.py
[2024-10-31T06:27:24.463+0000] {processor.py:914} INFO - Processing file /home/airflow/.local/lib/python3.12/site-packages/airflow/example_dags/example_branch_operator.py for tasks to queue
[2024-10-31T06:27:24.464+0000] {logging_mixin.py:190} INFO - [2024-10-31T06:27:24.464+0000] {dagbag.py:588} INFO - Filling up the DagBag from /home/airflow/.local/lib/python3.12/site-packages/airflow/example_dags/example_branch_operator.py
[2024-10-31T06:27:24.479+0000] {processor.py:925} INFO - DAG(s) 'example_branch_operator' retrieved from /home/airflow/.local/lib/python3.12/site-packages/airflow/example_dags/example_branch_operator.py
[2024-10-31T06:27:24.500+0000] {logging_mixin.py:190} INFO - [2024-10-31T06:27:24.499+0000] {dag.py:3239} INFO - Sync 1 DAGs
[2024-10-31T06:27:24.517+0000] {logging_mixin.py:190} INFO - [2024-10-31T06:27:24.517+0000] {dag.py:4180} INFO - Setting next_dagrun for example_branch_operator to 2024-10-30 00:00:00+00:00, run_after=2024-10-31 00:00:00+00:00
[2024-10-31T06:27:24.531+0000] {processor.py:208} INFO - Processing /home/airflow/.local/lib/python3.12/site-packages/airflow/example_dags/example_branch_operator.py took 0.075 seconds
[2024-10-31T06:27:54.651+0000] {processor.py:186} INFO - Started process (PID=795) to work on /home/airflow/.local/lib/python3.12/site-packages/airflow/example_dags/example_branch_operator.py
[2024-10-31T06:27:54.653+0000] {processor.py:914} INFO - Processing file /home/airflow/.local/lib/python3.12/site-packages/airflow/example_dags/example_branch_operator.py for tasks to queue
[2024-10-31T06:27:54.656+0000] {logging_mixin.py:190} INFO - [2024-10-31T06:27:54.656+0000] {dagbag.py:588} INFO - Filling up the DagBag from /home/airflow/.local/lib/python3.12/site-packages/airflow/example_dags/example_branch_operator.py
[2024-10-31T06:27:54.672+0000] {processor.py:925} INFO - DAG(s) 'example_branch_operator' retrieved from /home/airflow/.local/lib/python3.12/site-packages/airflow/example_dags/example_branch_operator.py
[2024-10-31T06:27:54.695+0000] {logging_mixin.py:190} INFO - [2024-10-31T06:27:54.695+0000] {dag.py:3239} INFO - Sync 1 DAGs
[2024-10-31T06:27:54.715+0000] {logging_mixin.py:190} INFO - [2024-10-31T06:27:54.715+0000] {dag.py:4180} INFO - Setting next_dagrun for example_branch_operator to 2024-10-30 00:00:00+00:00, run_after=2024-10-31 00:00:00+00:00
[2024-10-31T06:27:54.738+0000] {processor.py:208} INFO - Processing /home/airflow/.local/lib/python3.12/site-packages/airflow/example_dags/example_branch_operator.py took 0.092 seconds
[2024-10-31T06:28:24.888+0000] {processor.py:186} INFO - Started process (PID=858) to work on /home/airflow/.local/lib/python3.12/site-packages/airflow/example_dags/example_branch_operator.py
[2024-10-31T06:28:24.891+0000] {processor.py:914} INFO - Processing file /home/airflow/.local/lib/python3.12/site-packages/airflow/example_dags/example_branch_operator.py for tasks to queue
[2024-10-31T06:28:24.893+0000] {logging_mixin.py:190} INFO - [2024-10-31T06:28:24.893+0000] {dagbag.py:588} INFO - Filling up the DagBag from /home/airflow/.local/lib/python3.12/site-packages/airflow/example_dags/example_branch_operator.py
[2024-10-31T06:28:24.908+0000] {processor.py:925} INFO - DAG(s) 'example_branch_operator' retrieved from /home/airflow/.local/lib/python3.12/site-packages/airflow/example_dags/example_branch_operator.py
[2024-10-31T06:28:24.929+0000] {logging_mixin.py:190} INFO - [2024-10-31T06:28:24.929+0000] {dag.py:3239} INFO - Sync 1 DAGs
[2024-10-31T06:28:24.953+0000] {logging_mixin.py:190} INFO - [2024-10-31T06:28:24.953+0000] {dag.py:4180} INFO - Setting next_dagrun for example_branch_operator to 2024-10-30 00:00:00+00:00, run_after=2024-10-31 00:00:00+00:00
[2024-10-31T06:28:24.968+0000] {processor.py:208} INFO - Processing /home/airflow/.local/lib/python3.12/site-packages/airflow/example_dags/example_branch_operator.py took 0.085 seconds
