[2024-10-31T06:21:50.987+0000] {processor.py:186} INFO - Started process (PID=72) to work on /home/airflow/.local/lib/python3.12/site-packages/airflow/example_dags/example_branch_python_dop_operator_3.py
[2024-10-31T06:21:50.988+0000] {processor.py:914} INFO - Processing file /home/airflow/.local/lib/python3.12/site-packages/airflow/example_dags/example_branch_python_dop_operator_3.py for tasks to queue
[2024-10-31T06:21:50.990+0000] {logging_mixin.py:190} INFO - [2024-10-31T06:21:50.989+0000] {dagbag.py:588} INFO - Filling up the DagBag from /home/airflow/.local/lib/python3.12/site-packages/airflow/example_dags/example_branch_python_dop_operator_3.py
[2024-10-31T06:21:50.998+0000] {processor.py:925} INFO - DAG(s) 'example_branch_dop_operator_v3' retrieved from /home/airflow/.local/lib/python3.12/site-packages/airflow/example_dags/example_branch_python_dop_operator_3.py
[2024-10-31T06:21:51.076+0000] {logging_mixin.py:190} INFO - [2024-10-31T06:21:51.075+0000] {override.py:1900} INFO - Created Permission View: can delete on DAG:example_branch_dop_operator_v3
[2024-10-31T06:21:51.085+0000] {logging_mixin.py:190} INFO - [2024-10-31T06:21:51.085+0000] {override.py:1900} INFO - Created Permission View: can read on DAG:example_branch_dop_operator_v3
[2024-10-31T06:21:51.091+0000] {logging_mixin.py:190} INFO - [2024-10-31T06:21:51.091+0000] {override.py:1900} INFO - Created Permission View: can edit on DAG:example_branch_dop_operator_v3
[2024-10-31T06:21:51.099+0000] {logging_mixin.py:190} INFO - [2024-10-31T06:21:51.099+0000] {override.py:1900} INFO - Created Permission View: can delete on DAG Run:example_branch_dop_operator_v3
[2024-10-31T06:21:51.105+0000] {logging_mixin.py:190} INFO - [2024-10-31T06:21:51.105+0000] {override.py:1900} INFO - Created Permission View: can create on DAG Run:example_branch_dop_operator_v3
[2024-10-31T06:21:51.111+0000] {logging_mixin.py:190} INFO - [2024-10-31T06:21:51.111+0000] {override.py:1900} INFO - Created Permission View: can read on DAG Run:example_branch_dop_operator_v3
[2024-10-31T06:21:51.117+0000] {logging_mixin.py:190} INFO - [2024-10-31T06:21:51.117+0000] {override.py:1900} INFO - Created Permission View: menu access on DAG Run:example_branch_dop_operator_v3
[2024-10-31T06:21:51.118+0000] {logging_mixin.py:190} INFO - [2024-10-31T06:21:51.117+0000] {dag.py:3239} INFO - Sync 1 DAGs
[2024-10-31T06:21:51.126+0000] {logging_mixin.py:190} INFO - [2024-10-31T06:21:51.126+0000] {dag.py:3262} INFO - Creating ORM DAG for example_branch_dop_operator_v3
[2024-10-31T06:21:51.137+0000] {logging_mixin.py:190} INFO - [2024-10-31T06:21:51.137+0000] {dag.py:4180} INFO - Setting next_dagrun for example_branch_dop_operator_v3 to 2024-10-31 06:20:00+00:00, run_after=2024-10-31 06:21:00+00:00
[2024-10-31T06:21:51.150+0000] {processor.py:208} INFO - Processing /home/airflow/.local/lib/python3.12/site-packages/airflow/example_dags/example_branch_python_dop_operator_3.py took 0.168 seconds
[2024-10-31T06:22:22.094+0000] {processor.py:186} INFO - Started process (PID=134) to work on /home/airflow/.local/lib/python3.12/site-packages/airflow/example_dags/example_branch_python_dop_operator_3.py
[2024-10-31T06:22:22.094+0000] {processor.py:914} INFO - Processing file /home/airflow/.local/lib/python3.12/site-packages/airflow/example_dags/example_branch_python_dop_operator_3.py for tasks to queue
[2024-10-31T06:22:22.096+0000] {logging_mixin.py:190} INFO - [2024-10-31T06:22:22.096+0000] {dagbag.py:588} INFO - Filling up the DagBag from /home/airflow/.local/lib/python3.12/site-packages/airflow/example_dags/example_branch_python_dop_operator_3.py
[2024-10-31T06:22:22.104+0000] {processor.py:925} INFO - DAG(s) 'example_branch_dop_operator_v3' retrieved from /home/airflow/.local/lib/python3.12/site-packages/airflow/example_dags/example_branch_python_dop_operator_3.py
[2024-10-31T06:22:22.119+0000] {logging_mixin.py:190} INFO - [2024-10-31T06:22:22.119+0000] {dag.py:3239} INFO - Sync 1 DAGs
[2024-10-31T06:22:22.138+0000] {logging_mixin.py:190} INFO - [2024-10-31T06:22:22.138+0000] {dag.py:4180} INFO - Setting next_dagrun for example_branch_dop_operator_v3 to 2024-10-31 06:21:00+00:00, run_after=2024-10-31 06:22:00+00:00
[2024-10-31T06:22:22.152+0000] {processor.py:208} INFO - Processing /home/airflow/.local/lib/python3.12/site-packages/airflow/example_dags/example_branch_python_dop_operator_3.py took 0.062 seconds
[2024-10-31T06:22:52.767+0000] {processor.py:186} INFO - Started process (PID=196) to work on /home/airflow/.local/lib/python3.12/site-packages/airflow/example_dags/example_branch_python_dop_operator_3.py
[2024-10-31T06:22:52.768+0000] {processor.py:914} INFO - Processing file /home/airflow/.local/lib/python3.12/site-packages/airflow/example_dags/example_branch_python_dop_operator_3.py for tasks to queue
[2024-10-31T06:22:52.770+0000] {logging_mixin.py:190} INFO - [2024-10-31T06:22:52.769+0000] {dagbag.py:588} INFO - Filling up the DagBag from /home/airflow/.local/lib/python3.12/site-packages/airflow/example_dags/example_branch_python_dop_operator_3.py
[2024-10-31T06:22:52.777+0000] {processor.py:925} INFO - DAG(s) 'example_branch_dop_operator_v3' retrieved from /home/airflow/.local/lib/python3.12/site-packages/airflow/example_dags/example_branch_python_dop_operator_3.py
[2024-10-31T06:22:52.792+0000] {logging_mixin.py:190} INFO - [2024-10-31T06:22:52.791+0000] {dag.py:3239} INFO - Sync 1 DAGs
[2024-10-31T06:22:52.812+0000] {logging_mixin.py:190} INFO - [2024-10-31T06:22:52.811+0000] {dag.py:4180} INFO - Setting next_dagrun for example_branch_dop_operator_v3 to 2024-10-31 06:21:00+00:00, run_after=2024-10-31 06:22:00+00:00
[2024-10-31T06:22:52.829+0000] {processor.py:208} INFO - Processing /home/airflow/.local/lib/python3.12/site-packages/airflow/example_dags/example_branch_python_dop_operator_3.py took 0.067 seconds
[2024-10-31T06:23:23.476+0000] {processor.py:186} INFO - Started process (PID=258) to work on /home/airflow/.local/lib/python3.12/site-packages/airflow/example_dags/example_branch_python_dop_operator_3.py
[2024-10-31T06:23:23.477+0000] {processor.py:914} INFO - Processing file /home/airflow/.local/lib/python3.12/site-packages/airflow/example_dags/example_branch_python_dop_operator_3.py for tasks to queue
[2024-10-31T06:23:23.479+0000] {logging_mixin.py:190} INFO - [2024-10-31T06:23:23.478+0000] {dagbag.py:588} INFO - Filling up the DagBag from /home/airflow/.local/lib/python3.12/site-packages/airflow/example_dags/example_branch_python_dop_operator_3.py
[2024-10-31T06:23:23.486+0000] {processor.py:925} INFO - DAG(s) 'example_branch_dop_operator_v3' retrieved from /home/airflow/.local/lib/python3.12/site-packages/airflow/example_dags/example_branch_python_dop_operator_3.py
[2024-10-31T06:23:23.500+0000] {logging_mixin.py:190} INFO - [2024-10-31T06:23:23.499+0000] {dag.py:3239} INFO - Sync 1 DAGs
[2024-10-31T06:23:23.517+0000] {logging_mixin.py:190} INFO - [2024-10-31T06:23:23.517+0000] {dag.py:4180} INFO - Setting next_dagrun for example_branch_dop_operator_v3 to 2024-10-31 06:22:00+00:00, run_after=2024-10-31 06:23:00+00:00
[2024-10-31T06:23:23.530+0000] {processor.py:208} INFO - Processing /home/airflow/.local/lib/python3.12/site-packages/airflow/example_dags/example_branch_python_dop_operator_3.py took 0.058 seconds
[2024-10-31T06:23:54.200+0000] {processor.py:186} INFO - Started process (PID=320) to work on /home/airflow/.local/lib/python3.12/site-packages/airflow/example_dags/example_branch_python_dop_operator_3.py
[2024-10-31T06:23:54.201+0000] {processor.py:914} INFO - Processing file /home/airflow/.local/lib/python3.12/site-packages/airflow/example_dags/example_branch_python_dop_operator_3.py for tasks to queue
[2024-10-31T06:23:54.202+0000] {logging_mixin.py:190} INFO - [2024-10-31T06:23:54.202+0000] {dagbag.py:588} INFO - Filling up the DagBag from /home/airflow/.local/lib/python3.12/site-packages/airflow/example_dags/example_branch_python_dop_operator_3.py
[2024-10-31T06:23:54.210+0000] {processor.py:925} INFO - DAG(s) 'example_branch_dop_operator_v3' retrieved from /home/airflow/.local/lib/python3.12/site-packages/airflow/example_dags/example_branch_python_dop_operator_3.py
[2024-10-31T06:23:54.223+0000] {logging_mixin.py:190} INFO - [2024-10-31T06:23:54.223+0000] {dag.py:3239} INFO - Sync 1 DAGs
[2024-10-31T06:23:54.243+0000] {logging_mixin.py:190} INFO - [2024-10-31T06:23:54.243+0000] {dag.py:4180} INFO - Setting next_dagrun for example_branch_dop_operator_v3 to 2024-10-31 06:22:00+00:00, run_after=2024-10-31 06:23:00+00:00
[2024-10-31T06:23:54.258+0000] {processor.py:208} INFO - Processing /home/airflow/.local/lib/python3.12/site-packages/airflow/example_dags/example_branch_python_dop_operator_3.py took 0.062 seconds
[2024-10-31T06:24:24.477+0000] {processor.py:186} INFO - Started process (PID=382) to work on /home/airflow/.local/lib/python3.12/site-packages/airflow/example_dags/example_branch_python_dop_operator_3.py
[2024-10-31T06:24:24.478+0000] {processor.py:914} INFO - Processing file /home/airflow/.local/lib/python3.12/site-packages/airflow/example_dags/example_branch_python_dop_operator_3.py for tasks to queue
[2024-10-31T06:24:24.480+0000] {logging_mixin.py:190} INFO - [2024-10-31T06:24:24.479+0000] {dagbag.py:588} INFO - Filling up the DagBag from /home/airflow/.local/lib/python3.12/site-packages/airflow/example_dags/example_branch_python_dop_operator_3.py
[2024-10-31T06:24:24.493+0000] {processor.py:925} INFO - DAG(s) 'example_branch_dop_operator_v3' retrieved from /home/airflow/.local/lib/python3.12/site-packages/airflow/example_dags/example_branch_python_dop_operator_3.py
[2024-10-31T06:24:24.523+0000] {logging_mixin.py:190} INFO - [2024-10-31T06:24:24.523+0000] {dag.py:3239} INFO - Sync 1 DAGs
[2024-10-31T06:24:24.557+0000] {logging_mixin.py:190} INFO - [2024-10-31T06:24:24.556+0000] {dag.py:4180} INFO - Setting next_dagrun for example_branch_dop_operator_v3 to 2024-10-31 06:23:00+00:00, run_after=2024-10-31 06:24:00+00:00
[2024-10-31T06:24:24.591+0000] {processor.py:208} INFO - Processing /home/airflow/.local/lib/python3.12/site-packages/airflow/example_dags/example_branch_python_dop_operator_3.py took 0.118 seconds
[2024-10-31T06:24:55.679+0000] {processor.py:186} INFO - Started process (PID=448) to work on /home/airflow/.local/lib/python3.12/site-packages/airflow/example_dags/example_branch_python_dop_operator_3.py
[2024-10-31T06:24:55.680+0000] {processor.py:914} INFO - Processing file /home/airflow/.local/lib/python3.12/site-packages/airflow/example_dags/example_branch_python_dop_operator_3.py for tasks to queue
[2024-10-31T06:24:55.685+0000] {logging_mixin.py:190} INFO - [2024-10-31T06:24:55.684+0000] {dagbag.py:588} INFO - Filling up the DagBag from /home/airflow/.local/lib/python3.12/site-packages/airflow/example_dags/example_branch_python_dop_operator_3.py
[2024-10-31T06:24:55.703+0000] {processor.py:925} INFO - DAG(s) 'example_branch_dop_operator_v3' retrieved from /home/airflow/.local/lib/python3.12/site-packages/airflow/example_dags/example_branch_python_dop_operator_3.py
[2024-10-31T06:24:55.733+0000] {logging_mixin.py:190} INFO - [2024-10-31T06:24:55.733+0000] {dag.py:3239} INFO - Sync 1 DAGs
[2024-10-31T06:24:55.766+0000] {logging_mixin.py:190} INFO - [2024-10-31T06:24:55.766+0000] {dag.py:4180} INFO - Setting next_dagrun for example_branch_dop_operator_v3 to 2024-10-31 06:23:00+00:00, run_after=2024-10-31 06:24:00+00:00
[2024-10-31T06:24:55.793+0000] {processor.py:208} INFO - Processing /home/airflow/.local/lib/python3.12/site-packages/airflow/example_dags/example_branch_python_dop_operator_3.py took 0.129 seconds
[2024-10-31T06:25:25.864+0000] {processor.py:186} INFO - Started process (PID=510) to work on /home/airflow/.local/lib/python3.12/site-packages/airflow/example_dags/example_branch_python_dop_operator_3.py
[2024-10-31T06:25:25.865+0000] {processor.py:914} INFO - Processing file /home/airflow/.local/lib/python3.12/site-packages/airflow/example_dags/example_branch_python_dop_operator_3.py for tasks to queue
[2024-10-31T06:25:25.867+0000] {logging_mixin.py:190} INFO - [2024-10-31T06:25:25.866+0000] {dagbag.py:588} INFO - Filling up the DagBag from /home/airflow/.local/lib/python3.12/site-packages/airflow/example_dags/example_branch_python_dop_operator_3.py
[2024-10-31T06:25:25.879+0000] {processor.py:925} INFO - DAG(s) 'example_branch_dop_operator_v3' retrieved from /home/airflow/.local/lib/python3.12/site-packages/airflow/example_dags/example_branch_python_dop_operator_3.py
[2024-10-31T06:25:25.901+0000] {logging_mixin.py:190} INFO - [2024-10-31T06:25:25.900+0000] {dag.py:3239} INFO - Sync 1 DAGs
[2024-10-31T06:25:25.926+0000] {logging_mixin.py:190} INFO - [2024-10-31T06:25:25.926+0000] {dag.py:4180} INFO - Setting next_dagrun for example_branch_dop_operator_v3 to 2024-10-31 06:24:00+00:00, run_after=2024-10-31 06:25:00+00:00
[2024-10-31T06:25:25.947+0000] {processor.py:208} INFO - Processing /home/airflow/.local/lib/python3.12/site-packages/airflow/example_dags/example_branch_python_dop_operator_3.py took 0.088 seconds
[2024-10-31T06:25:56.343+0000] {processor.py:186} INFO - Started process (PID=572) to work on /home/airflow/.local/lib/python3.12/site-packages/airflow/example_dags/example_branch_python_dop_operator_3.py
[2024-10-31T06:25:56.344+0000] {processor.py:914} INFO - Processing file /home/airflow/.local/lib/python3.12/site-packages/airflow/example_dags/example_branch_python_dop_operator_3.py for tasks to queue
[2024-10-31T06:25:56.346+0000] {logging_mixin.py:190} INFO - [2024-10-31T06:25:56.346+0000] {dagbag.py:588} INFO - Filling up the DagBag from /home/airflow/.local/lib/python3.12/site-packages/airflow/example_dags/example_branch_python_dop_operator_3.py
[2024-10-31T06:25:56.353+0000] {processor.py:925} INFO - DAG(s) 'example_branch_dop_operator_v3' retrieved from /home/airflow/.local/lib/python3.12/site-packages/airflow/example_dags/example_branch_python_dop_operator_3.py
[2024-10-31T06:25:56.369+0000] {logging_mixin.py:190} INFO - [2024-10-31T06:25:56.369+0000] {dag.py:3239} INFO - Sync 1 DAGs
[2024-10-31T06:25:56.388+0000] {logging_mixin.py:190} INFO - [2024-10-31T06:25:56.388+0000] {dag.py:4180} INFO - Setting next_dagrun for example_branch_dop_operator_v3 to 2024-10-31 06:24:00+00:00, run_after=2024-10-31 06:25:00+00:00
[2024-10-31T06:25:56.404+0000] {processor.py:208} INFO - Processing /home/airflow/.local/lib/python3.12/site-packages/airflow/example_dags/example_branch_python_dop_operator_3.py took 0.067 seconds
[2024-10-31T06:26:27.001+0000] {processor.py:186} INFO - Started process (PID=634) to work on /home/airflow/.local/lib/python3.12/site-packages/airflow/example_dags/example_branch_python_dop_operator_3.py
[2024-10-31T06:26:27.002+0000] {processor.py:914} INFO - Processing file /home/airflow/.local/lib/python3.12/site-packages/airflow/example_dags/example_branch_python_dop_operator_3.py for tasks to queue
[2024-10-31T06:26:27.004+0000] {logging_mixin.py:190} INFO - [2024-10-31T06:26:27.004+0000] {dagbag.py:588} INFO - Filling up the DagBag from /home/airflow/.local/lib/python3.12/site-packages/airflow/example_dags/example_branch_python_dop_operator_3.py
[2024-10-31T06:26:27.013+0000] {processor.py:925} INFO - DAG(s) 'example_branch_dop_operator_v3' retrieved from /home/airflow/.local/lib/python3.12/site-packages/airflow/example_dags/example_branch_python_dop_operator_3.py
[2024-10-31T06:26:27.031+0000] {logging_mixin.py:190} INFO - [2024-10-31T06:26:27.031+0000] {dag.py:3239} INFO - Sync 1 DAGs
[2024-10-31T06:26:27.054+0000] {logging_mixin.py:190} INFO - [2024-10-31T06:26:27.054+0000] {dag.py:4180} INFO - Setting next_dagrun for example_branch_dop_operator_v3 to 2024-10-31 06:25:00+00:00, run_after=2024-10-31 06:26:00+00:00
[2024-10-31T06:26:27.072+0000] {processor.py:208} INFO - Processing /home/airflow/.local/lib/python3.12/site-packages/airflow/example_dags/example_branch_python_dop_operator_3.py took 0.075 seconds
[2024-10-31T06:26:57.559+0000] {processor.py:186} INFO - Started process (PID=696) to work on /home/airflow/.local/lib/python3.12/site-packages/airflow/example_dags/example_branch_python_dop_operator_3.py
[2024-10-31T06:26:57.560+0000] {processor.py:914} INFO - Processing file /home/airflow/.local/lib/python3.12/site-packages/airflow/example_dags/example_branch_python_dop_operator_3.py for tasks to queue
[2024-10-31T06:26:57.562+0000] {logging_mixin.py:190} INFO - [2024-10-31T06:26:57.562+0000] {dagbag.py:588} INFO - Filling up the DagBag from /home/airflow/.local/lib/python3.12/site-packages/airflow/example_dags/example_branch_python_dop_operator_3.py
[2024-10-31T06:26:57.570+0000] {processor.py:925} INFO - DAG(s) 'example_branch_dop_operator_v3' retrieved from /home/airflow/.local/lib/python3.12/site-packages/airflow/example_dags/example_branch_python_dop_operator_3.py
[2024-10-31T06:26:57.585+0000] {logging_mixin.py:190} INFO - [2024-10-31T06:26:57.584+0000] {dag.py:3239} INFO - Sync 1 DAGs
[2024-10-31T06:26:57.606+0000] {logging_mixin.py:190} INFO - [2024-10-31T06:26:57.605+0000] {dag.py:4180} INFO - Setting next_dagrun for example_branch_dop_operator_v3 to 2024-10-31 06:25:00+00:00, run_after=2024-10-31 06:26:00+00:00
[2024-10-31T06:26:57.626+0000] {processor.py:208} INFO - Processing /home/airflow/.local/lib/python3.12/site-packages/airflow/example_dags/example_branch_python_dop_operator_3.py took 0.071 seconds
[2024-10-31T06:27:27.907+0000] {processor.py:186} INFO - Started process (PID=758) to work on /home/airflow/.local/lib/python3.12/site-packages/airflow/example_dags/example_branch_python_dop_operator_3.py
[2024-10-31T06:27:27.908+0000] {processor.py:914} INFO - Processing file /home/airflow/.local/lib/python3.12/site-packages/airflow/example_dags/example_branch_python_dop_operator_3.py for tasks to queue
[2024-10-31T06:27:27.913+0000] {logging_mixin.py:190} INFO - [2024-10-31T06:27:27.912+0000] {dagbag.py:588} INFO - Filling up the DagBag from /home/airflow/.local/lib/python3.12/site-packages/airflow/example_dags/example_branch_python_dop_operator_3.py
[2024-10-31T06:27:27.922+0000] {processor.py:925} INFO - DAG(s) 'example_branch_dop_operator_v3' retrieved from /home/airflow/.local/lib/python3.12/site-packages/airflow/example_dags/example_branch_python_dop_operator_3.py
[2024-10-31T06:27:27.937+0000] {logging_mixin.py:190} INFO - [2024-10-31T06:27:27.937+0000] {dag.py:3239} INFO - Sync 1 DAGs
[2024-10-31T06:27:27.956+0000] {logging_mixin.py:190} INFO - [2024-10-31T06:27:27.956+0000] {dag.py:4180} INFO - Setting next_dagrun for example_branch_dop_operator_v3 to 2024-10-31 06:26:00+00:00, run_after=2024-10-31 06:27:00+00:00
[2024-10-31T06:27:27.968+0000] {processor.py:208} INFO - Processing /home/airflow/.local/lib/python3.12/site-packages/airflow/example_dags/example_branch_python_dop_operator_3.py took 0.066 seconds
[2024-10-31T06:27:59.175+0000] {processor.py:186} INFO - Started process (PID=820) to work on /home/airflow/.local/lib/python3.12/site-packages/airflow/example_dags/example_branch_python_dop_operator_3.py
[2024-10-31T06:27:59.176+0000] {processor.py:914} INFO - Processing file /home/airflow/.local/lib/python3.12/site-packages/airflow/example_dags/example_branch_python_dop_operator_3.py for tasks to queue
[2024-10-31T06:27:59.177+0000] {logging_mixin.py:190} INFO - [2024-10-31T06:27:59.177+0000] {dagbag.py:588} INFO - Filling up the DagBag from /home/airflow/.local/lib/python3.12/site-packages/airflow/example_dags/example_branch_python_dop_operator_3.py
[2024-10-31T06:27:59.186+0000] {processor.py:925} INFO - DAG(s) 'example_branch_dop_operator_v3' retrieved from /home/airflow/.local/lib/python3.12/site-packages/airflow/example_dags/example_branch_python_dop_operator_3.py
[2024-10-31T06:27:59.201+0000] {logging_mixin.py:190} INFO - [2024-10-31T06:27:59.200+0000] {dag.py:3239} INFO - Sync 1 DAGs
[2024-10-31T06:27:59.222+0000] {logging_mixin.py:190} INFO - [2024-10-31T06:27:59.222+0000] {dag.py:4180} INFO - Setting next_dagrun for example_branch_dop_operator_v3 to 2024-10-31 06:26:00+00:00, run_after=2024-10-31 06:27:00+00:00
[2024-10-31T06:27:59.241+0000] {processor.py:208} INFO - Processing /home/airflow/.local/lib/python3.12/site-packages/airflow/example_dags/example_branch_python_dop_operator_3.py took 0.071 seconds
[2024-10-31T06:28:29.710+0000] {processor.py:186} INFO - Started process (PID=883) to work on /home/airflow/.local/lib/python3.12/site-packages/airflow/example_dags/example_branch_python_dop_operator_3.py
[2024-10-31T06:28:29.711+0000] {processor.py:914} INFO - Processing file /home/airflow/.local/lib/python3.12/site-packages/airflow/example_dags/example_branch_python_dop_operator_3.py for tasks to queue
[2024-10-31T06:28:29.714+0000] {logging_mixin.py:190} INFO - [2024-10-31T06:28:29.714+0000] {dagbag.py:588} INFO - Filling up the DagBag from /home/airflow/.local/lib/python3.12/site-packages/airflow/example_dags/example_branch_python_dop_operator_3.py
[2024-10-31T06:28:29.725+0000] {processor.py:925} INFO - DAG(s) 'example_branch_dop_operator_v3' retrieved from /home/airflow/.local/lib/python3.12/site-packages/airflow/example_dags/example_branch_python_dop_operator_3.py
[2024-10-31T06:28:29.747+0000] {logging_mixin.py:190} INFO - [2024-10-31T06:28:29.746+0000] {dag.py:3239} INFO - Sync 1 DAGs
[2024-10-31T06:28:29.773+0000] {logging_mixin.py:190} INFO - [2024-10-31T06:28:29.772+0000] {dag.py:4180} INFO - Setting next_dagrun for example_branch_dop_operator_v3 to 2024-10-31 06:27:00+00:00, run_after=2024-10-31 06:28:00+00:00
[2024-10-31T06:28:29.796+0000] {processor.py:208} INFO - Processing /home/airflow/.local/lib/python3.12/site-packages/airflow/example_dags/example_branch_python_dop_operator_3.py took 0.092 seconds
