[2024-10-31T06:21:51.689+0000] {processor.py:186} INFO - Started process (PID=79) to work on /home/airflow/.local/lib/python3.12/site-packages/airflow/example_dags/example_dataset_alias_with_no_taskflow.py
[2024-10-31T06:21:51.690+0000] {processor.py:914} INFO - Processing file /home/airflow/.local/lib/python3.12/site-packages/airflow/example_dags/example_dataset_alias_with_no_taskflow.py for tasks to queue
[2024-10-31T06:21:51.692+0000] {logging_mixin.py:190} INFO - [2024-10-31T06:21:51.691+0000] {dagbag.py:588} INFO - Filling up the DagBag from /home/airflow/.local/lib/python3.12/site-packages/airflow/example_dags/example_dataset_alias_with_no_taskflow.py
[2024-10-31T06:21:51.812+0000] {processor.py:925} INFO - DAG(s) 'dataset_s3_bucket_producer_with_no_taskflow', 'dataset_alias_example_alias_consumer_with_no_taskflow', 'dataset_s3_bucket_consumer_with_no_taskflow', 'dataset_alias_example_alias_producer_with_no_taskflow' retrieved from /home/airflow/.local/lib/python3.12/site-packages/airflow/example_dags/example_dataset_alias_with_no_taskflow.py
[2024-10-31T06:21:51.878+0000] {logging_mixin.py:190} INFO - [2024-10-31T06:21:51.877+0000] {override.py:1900} INFO - Created Permission View: can delete on DAG:dataset_s3_bucket_producer_with_no_taskflow
[2024-10-31T06:21:51.890+0000] {logging_mixin.py:190} INFO - [2024-10-31T06:21:51.889+0000] {override.py:1900} INFO - Created Permission View: can read on DAG:dataset_s3_bucket_producer_with_no_taskflow
[2024-10-31T06:21:51.895+0000] {logging_mixin.py:190} INFO - [2024-10-31T06:21:51.895+0000] {override.py:1900} INFO - Created Permission View: can edit on DAG:dataset_s3_bucket_producer_with_no_taskflow
[2024-10-31T06:21:51.903+0000] {logging_mixin.py:190} INFO - [2024-10-31T06:21:51.903+0000] {override.py:1900} INFO - Created Permission View: can delete on DAG Run:dataset_s3_bucket_producer_with_no_taskflow
[2024-10-31T06:21:51.911+0000] {logging_mixin.py:190} INFO - [2024-10-31T06:21:51.911+0000] {override.py:1900} INFO - Created Permission View: can create on DAG Run:dataset_s3_bucket_producer_with_no_taskflow
[2024-10-31T06:21:51.919+0000] {logging_mixin.py:190} INFO - [2024-10-31T06:21:51.918+0000] {override.py:1900} INFO - Created Permission View: can read on DAG Run:dataset_s3_bucket_producer_with_no_taskflow
[2024-10-31T06:21:51.925+0000] {logging_mixin.py:190} INFO - [2024-10-31T06:21:51.925+0000] {override.py:1900} INFO - Created Permission View: menu access on DAG Run:dataset_s3_bucket_producer_with_no_taskflow
[2024-10-31T06:21:51.937+0000] {logging_mixin.py:190} INFO - [2024-10-31T06:21:51.937+0000] {override.py:1900} INFO - Created Permission View: can delete on DAG:dataset_alias_example_alias_consumer_with_no_taskflow
[2024-10-31T06:21:51.944+0000] {logging_mixin.py:190} INFO - [2024-10-31T06:21:51.943+0000] {override.py:1900} INFO - Created Permission View: can read on DAG:dataset_alias_example_alias_consumer_with_no_taskflow
[2024-10-31T06:21:51.949+0000] {logging_mixin.py:190} INFO - [2024-10-31T06:21:51.949+0000] {override.py:1900} INFO - Created Permission View: can edit on DAG:dataset_alias_example_alias_consumer_with_no_taskflow
[2024-10-31T06:21:51.956+0000] {logging_mixin.py:190} INFO - [2024-10-31T06:21:51.955+0000] {override.py:1900} INFO - Created Permission View: can delete on DAG Run:dataset_alias_example_alias_consumer_with_no_taskflow
[2024-10-31T06:21:51.961+0000] {logging_mixin.py:190} INFO - [2024-10-31T06:21:51.961+0000] {override.py:1900} INFO - Created Permission View: can create on DAG Run:dataset_alias_example_alias_consumer_with_no_taskflow
[2024-10-31T06:21:51.967+0000] {logging_mixin.py:190} INFO - [2024-10-31T06:21:51.967+0000] {override.py:1900} INFO - Created Permission View: can read on DAG Run:dataset_alias_example_alias_consumer_with_no_taskflow
[2024-10-31T06:21:51.973+0000] {logging_mixin.py:190} INFO - [2024-10-31T06:21:51.973+0000] {override.py:1900} INFO - Created Permission View: menu access on DAG Run:dataset_alias_example_alias_consumer_with_no_taskflow
[2024-10-31T06:21:51.985+0000] {logging_mixin.py:190} INFO - [2024-10-31T06:21:51.985+0000] {override.py:1900} INFO - Created Permission View: can delete on DAG:dataset_s3_bucket_consumer_with_no_taskflow
[2024-10-31T06:21:51.991+0000] {logging_mixin.py:190} INFO - [2024-10-31T06:21:51.991+0000] {override.py:1900} INFO - Created Permission View: can read on DAG:dataset_s3_bucket_consumer_with_no_taskflow
[2024-10-31T06:21:51.997+0000] {logging_mixin.py:190} INFO - [2024-10-31T06:21:51.997+0000] {override.py:1900} INFO - Created Permission View: can edit on DAG:dataset_s3_bucket_consumer_with_no_taskflow
[2024-10-31T06:21:52.007+0000] {logging_mixin.py:190} INFO - [2024-10-31T06:21:52.007+0000] {override.py:1900} INFO - Created Permission View: can delete on DAG Run:dataset_s3_bucket_consumer_with_no_taskflow
[2024-10-31T06:21:52.015+0000] {logging_mixin.py:190} INFO - [2024-10-31T06:21:52.015+0000] {override.py:1900} INFO - Created Permission View: can create on DAG Run:dataset_s3_bucket_consumer_with_no_taskflow
[2024-10-31T06:21:52.023+0000] {logging_mixin.py:190} INFO - [2024-10-31T06:21:52.023+0000] {override.py:1900} INFO - Created Permission View: can read on DAG Run:dataset_s3_bucket_consumer_with_no_taskflow
[2024-10-31T06:21:52.028+0000] {logging_mixin.py:190} INFO - [2024-10-31T06:21:52.028+0000] {override.py:1900} INFO - Created Permission View: menu access on DAG Run:dataset_s3_bucket_consumer_with_no_taskflow
[2024-10-31T06:21:52.041+0000] {logging_mixin.py:190} INFO - [2024-10-31T06:21:52.041+0000] {override.py:1900} INFO - Created Permission View: can delete on DAG:dataset_alias_example_alias_producer_with_no_taskflow
[2024-10-31T06:21:52.047+0000] {logging_mixin.py:190} INFO - [2024-10-31T06:21:52.047+0000] {override.py:1900} INFO - Created Permission View: can read on DAG:dataset_alias_example_alias_producer_with_no_taskflow
[2024-10-31T06:21:52.056+0000] {logging_mixin.py:190} INFO - [2024-10-31T06:21:52.055+0000] {override.py:1900} INFO - Created Permission View: can edit on DAG:dataset_alias_example_alias_producer_with_no_taskflow
[2024-10-31T06:21:52.067+0000] {logging_mixin.py:190} INFO - [2024-10-31T06:21:52.067+0000] {override.py:1900} INFO - Created Permission View: can delete on DAG Run:dataset_alias_example_alias_producer_with_no_taskflow
[2024-10-31T06:21:52.073+0000] {logging_mixin.py:190} INFO - [2024-10-31T06:21:52.073+0000] {override.py:1900} INFO - Created Permission View: can create on DAG Run:dataset_alias_example_alias_producer_with_no_taskflow
[2024-10-31T06:21:52.079+0000] {logging_mixin.py:190} INFO - [2024-10-31T06:21:52.079+0000] {override.py:1900} INFO - Created Permission View: can read on DAG Run:dataset_alias_example_alias_producer_with_no_taskflow
[2024-10-31T06:21:52.085+0000] {logging_mixin.py:190} INFO - [2024-10-31T06:21:52.085+0000] {override.py:1900} INFO - Created Permission View: menu access on DAG Run:dataset_alias_example_alias_producer_with_no_taskflow
[2024-10-31T06:21:52.086+0000] {logging_mixin.py:190} INFO - [2024-10-31T06:21:52.085+0000] {dag.py:3239} INFO - Sync 4 DAGs
[2024-10-31T06:21:52.101+0000] {logging_mixin.py:190} INFO - [2024-10-31T06:21:52.100+0000] {dag.py:3262} INFO - Creating ORM DAG for dataset_s3_bucket_consumer_with_no_taskflow
[2024-10-31T06:21:52.101+0000] {logging_mixin.py:190} INFO - [2024-10-31T06:21:52.101+0000] {dag.py:3262} INFO - Creating ORM DAG for dataset_alias_example_alias_producer_with_no_taskflow
[2024-10-31T06:21:52.101+0000] {logging_mixin.py:190} INFO - [2024-10-31T06:21:52.101+0000] {dag.py:3262} INFO - Creating ORM DAG for dataset_alias_example_alias_consumer_with_no_taskflow
[2024-10-31T06:21:52.102+0000] {logging_mixin.py:190} INFO - [2024-10-31T06:21:52.102+0000] {dag.py:3262} INFO - Creating ORM DAG for dataset_s3_bucket_producer_with_no_taskflow
[2024-10-31T06:21:52.108+0000] {logging_mixin.py:190} INFO - [2024-10-31T06:21:52.108+0000] {dag.py:4180} INFO - Setting next_dagrun for dataset_alias_example_alias_consumer_with_no_taskflow to None, run_after=None
[2024-10-31T06:21:52.109+0000] {logging_mixin.py:190} INFO - [2024-10-31T06:21:52.109+0000] {dag.py:4180} INFO - Setting next_dagrun for dataset_alias_example_alias_producer_with_no_taskflow to None, run_after=None
[2024-10-31T06:21:52.109+0000] {logging_mixin.py:190} INFO - [2024-10-31T06:21:52.109+0000] {dag.py:4180} INFO - Setting next_dagrun for dataset_s3_bucket_consumer_with_no_taskflow to None, run_after=None
[2024-10-31T06:21:52.110+0000] {logging_mixin.py:190} INFO - [2024-10-31T06:21:52.109+0000] {dag.py:4180} INFO - Setting next_dagrun for dataset_s3_bucket_producer_with_no_taskflow to None, run_after=None
[2024-10-31T06:21:52.133+0000] {processor.py:208} INFO - Processing /home/airflow/.local/lib/python3.12/site-packages/airflow/example_dags/example_dataset_alias_with_no_taskflow.py took 0.449 seconds
[2024-10-31T06:22:22.414+0000] {processor.py:186} INFO - Started process (PID=141) to work on /home/airflow/.local/lib/python3.12/site-packages/airflow/example_dags/example_dataset_alias_with_no_taskflow.py
[2024-10-31T06:22:22.415+0000] {processor.py:914} INFO - Processing file /home/airflow/.local/lib/python3.12/site-packages/airflow/example_dags/example_dataset_alias_with_no_taskflow.py for tasks to queue
[2024-10-31T06:22:22.417+0000] {logging_mixin.py:190} INFO - [2024-10-31T06:22:22.417+0000] {dagbag.py:588} INFO - Filling up the DagBag from /home/airflow/.local/lib/python3.12/site-packages/airflow/example_dags/example_dataset_alias_with_no_taskflow.py
[2024-10-31T06:22:22.526+0000] {processor.py:925} INFO - DAG(s) 'dataset_alias_example_alias_consumer_with_no_taskflow', 'dataset_alias_example_alias_producer_with_no_taskflow', 'dataset_s3_bucket_consumer_with_no_taskflow', 'dataset_s3_bucket_producer_with_no_taskflow' retrieved from /home/airflow/.local/lib/python3.12/site-packages/airflow/example_dags/example_dataset_alias_with_no_taskflow.py
[2024-10-31T06:22:22.540+0000] {logging_mixin.py:190} INFO - [2024-10-31T06:22:22.540+0000] {dag.py:3239} INFO - Sync 4 DAGs
[2024-10-31T06:22:22.556+0000] {logging_mixin.py:190} INFO - [2024-10-31T06:22:22.556+0000] {dag.py:4180} INFO - Setting next_dagrun for dataset_alias_example_alias_consumer_with_no_taskflow to None, run_after=None
[2024-10-31T06:22:22.558+0000] {logging_mixin.py:190} INFO - [2024-10-31T06:22:22.557+0000] {dag.py:4180} INFO - Setting next_dagrun for dataset_alias_example_alias_producer_with_no_taskflow to None, run_after=None
[2024-10-31T06:22:22.558+0000] {logging_mixin.py:190} INFO - [2024-10-31T06:22:22.558+0000] {dag.py:4180} INFO - Setting next_dagrun for dataset_s3_bucket_consumer_with_no_taskflow to None, run_after=None
[2024-10-31T06:22:22.559+0000] {logging_mixin.py:190} INFO - [2024-10-31T06:22:22.559+0000] {dag.py:4180} INFO - Setting next_dagrun for dataset_s3_bucket_producer_with_no_taskflow to None, run_after=None
[2024-10-31T06:22:22.573+0000] {processor.py:208} INFO - Processing /home/airflow/.local/lib/python3.12/site-packages/airflow/example_dags/example_dataset_alias_with_no_taskflow.py took 0.164 seconds
[2024-10-31T06:22:53.112+0000] {processor.py:186} INFO - Started process (PID=203) to work on /home/airflow/.local/lib/python3.12/site-packages/airflow/example_dags/example_dataset_alias_with_no_taskflow.py
[2024-10-31T06:22:53.113+0000] {processor.py:914} INFO - Processing file /home/airflow/.local/lib/python3.12/site-packages/airflow/example_dags/example_dataset_alias_with_no_taskflow.py for tasks to queue
[2024-10-31T06:22:53.114+0000] {logging_mixin.py:190} INFO - [2024-10-31T06:22:53.114+0000] {dagbag.py:588} INFO - Filling up the DagBag from /home/airflow/.local/lib/python3.12/site-packages/airflow/example_dags/example_dataset_alias_with_no_taskflow.py
[2024-10-31T06:22:53.226+0000] {processor.py:925} INFO - DAG(s) 'dataset_s3_bucket_producer_with_no_taskflow', 'dataset_alias_example_alias_producer_with_no_taskflow', 'dataset_s3_bucket_consumer_with_no_taskflow', 'dataset_alias_example_alias_consumer_with_no_taskflow' retrieved from /home/airflow/.local/lib/python3.12/site-packages/airflow/example_dags/example_dataset_alias_with_no_taskflow.py
[2024-10-31T06:22:53.244+0000] {logging_mixin.py:190} INFO - [2024-10-31T06:22:53.244+0000] {dag.py:3239} INFO - Sync 4 DAGs
[2024-10-31T06:22:53.263+0000] {logging_mixin.py:190} INFO - [2024-10-31T06:22:53.262+0000] {dag.py:4180} INFO - Setting next_dagrun for dataset_alias_example_alias_consumer_with_no_taskflow to None, run_after=None
[2024-10-31T06:22:53.265+0000] {logging_mixin.py:190} INFO - [2024-10-31T06:22:53.265+0000] {dag.py:4180} INFO - Setting next_dagrun for dataset_alias_example_alias_producer_with_no_taskflow to None, run_after=None
[2024-10-31T06:22:53.266+0000] {logging_mixin.py:190} INFO - [2024-10-31T06:22:53.266+0000] {dag.py:4180} INFO - Setting next_dagrun for dataset_s3_bucket_consumer_with_no_taskflow to None, run_after=None
[2024-10-31T06:22:53.267+0000] {logging_mixin.py:190} INFO - [2024-10-31T06:22:53.267+0000] {dag.py:4180} INFO - Setting next_dagrun for dataset_s3_bucket_producer_with_no_taskflow to None, run_after=None
[2024-10-31T06:22:53.288+0000] {processor.py:208} INFO - Processing /home/airflow/.local/lib/python3.12/site-packages/airflow/example_dags/example_dataset_alias_with_no_taskflow.py took 0.181 seconds
[2024-10-31T06:23:23.782+0000] {processor.py:186} INFO - Started process (PID=265) to work on /home/airflow/.local/lib/python3.12/site-packages/airflow/example_dags/example_dataset_alias_with_no_taskflow.py
[2024-10-31T06:23:23.783+0000] {processor.py:914} INFO - Processing file /home/airflow/.local/lib/python3.12/site-packages/airflow/example_dags/example_dataset_alias_with_no_taskflow.py for tasks to queue
[2024-10-31T06:23:23.785+0000] {logging_mixin.py:190} INFO - [2024-10-31T06:23:23.785+0000] {dagbag.py:588} INFO - Filling up the DagBag from /home/airflow/.local/lib/python3.12/site-packages/airflow/example_dags/example_dataset_alias_with_no_taskflow.py
[2024-10-31T06:23:23.893+0000] {processor.py:925} INFO - DAG(s) 'dataset_s3_bucket_consumer_with_no_taskflow', 'dataset_s3_bucket_producer_with_no_taskflow', 'dataset_alias_example_alias_consumer_with_no_taskflow', 'dataset_alias_example_alias_producer_with_no_taskflow' retrieved from /home/airflow/.local/lib/python3.12/site-packages/airflow/example_dags/example_dataset_alias_with_no_taskflow.py
[2024-10-31T06:23:23.908+0000] {logging_mixin.py:190} INFO - [2024-10-31T06:23:23.908+0000] {dag.py:3239} INFO - Sync 4 DAGs
[2024-10-31T06:23:23.925+0000] {logging_mixin.py:190} INFO - [2024-10-31T06:23:23.925+0000] {dag.py:4180} INFO - Setting next_dagrun for dataset_alias_example_alias_consumer_with_no_taskflow to None, run_after=None
[2024-10-31T06:23:23.927+0000] {logging_mixin.py:190} INFO - [2024-10-31T06:23:23.927+0000] {dag.py:4180} INFO - Setting next_dagrun for dataset_alias_example_alias_producer_with_no_taskflow to None, run_after=None
[2024-10-31T06:23:23.928+0000] {logging_mixin.py:190} INFO - [2024-10-31T06:23:23.928+0000] {dag.py:4180} INFO - Setting next_dagrun for dataset_s3_bucket_consumer_with_no_taskflow to None, run_after=None
[2024-10-31T06:23:23.928+0000] {logging_mixin.py:190} INFO - [2024-10-31T06:23:23.928+0000] {dag.py:4180} INFO - Setting next_dagrun for dataset_s3_bucket_producer_with_no_taskflow to None, run_after=None
[2024-10-31T06:23:23.945+0000] {processor.py:208} INFO - Processing /home/airflow/.local/lib/python3.12/site-packages/airflow/example_dags/example_dataset_alias_with_no_taskflow.py took 0.166 seconds
[2024-10-31T06:23:54.511+0000] {processor.py:186} INFO - Started process (PID=327) to work on /home/airflow/.local/lib/python3.12/site-packages/airflow/example_dags/example_dataset_alias_with_no_taskflow.py
[2024-10-31T06:23:54.512+0000] {processor.py:914} INFO - Processing file /home/airflow/.local/lib/python3.12/site-packages/airflow/example_dags/example_dataset_alias_with_no_taskflow.py for tasks to queue
[2024-10-31T06:23:54.514+0000] {logging_mixin.py:190} INFO - [2024-10-31T06:23:54.514+0000] {dagbag.py:588} INFO - Filling up the DagBag from /home/airflow/.local/lib/python3.12/site-packages/airflow/example_dags/example_dataset_alias_with_no_taskflow.py
[2024-10-31T06:23:54.635+0000] {processor.py:925} INFO - DAG(s) 'dataset_s3_bucket_consumer_with_no_taskflow', 'dataset_alias_example_alias_consumer_with_no_taskflow', 'dataset_alias_example_alias_producer_with_no_taskflow', 'dataset_s3_bucket_producer_with_no_taskflow' retrieved from /home/airflow/.local/lib/python3.12/site-packages/airflow/example_dags/example_dataset_alias_with_no_taskflow.py
[2024-10-31T06:23:54.652+0000] {logging_mixin.py:190} INFO - [2024-10-31T06:23:54.652+0000] {dag.py:3239} INFO - Sync 4 DAGs
[2024-10-31T06:23:54.673+0000] {logging_mixin.py:190} INFO - [2024-10-31T06:23:54.673+0000] {dag.py:4180} INFO - Setting next_dagrun for dataset_alias_example_alias_consumer_with_no_taskflow to None, run_after=None
[2024-10-31T06:23:54.676+0000] {logging_mixin.py:190} INFO - [2024-10-31T06:23:54.676+0000] {dag.py:4180} INFO - Setting next_dagrun for dataset_alias_example_alias_producer_with_no_taskflow to None, run_after=None
[2024-10-31T06:23:54.677+0000] {logging_mixin.py:190} INFO - [2024-10-31T06:23:54.677+0000] {dag.py:4180} INFO - Setting next_dagrun for dataset_s3_bucket_consumer_with_no_taskflow to None, run_after=None
[2024-10-31T06:23:54.678+0000] {logging_mixin.py:190} INFO - [2024-10-31T06:23:54.678+0000] {dag.py:4180} INFO - Setting next_dagrun for dataset_s3_bucket_producer_with_no_taskflow to None, run_after=None
[2024-10-31T06:23:54.700+0000] {processor.py:208} INFO - Processing /home/airflow/.local/lib/python3.12/site-packages/airflow/example_dags/example_dataset_alias_with_no_taskflow.py took 0.193 seconds
[2024-10-31T06:24:25.022+0000] {processor.py:186} INFO - Started process (PID=389) to work on /home/airflow/.local/lib/python3.12/site-packages/airflow/example_dags/example_dataset_alias_with_no_taskflow.py
[2024-10-31T06:24:25.024+0000] {processor.py:914} INFO - Processing file /home/airflow/.local/lib/python3.12/site-packages/airflow/example_dags/example_dataset_alias_with_no_taskflow.py for tasks to queue
[2024-10-31T06:24:25.027+0000] {logging_mixin.py:190} INFO - [2024-10-31T06:24:25.026+0000] {dagbag.py:588} INFO - Filling up the DagBag from /home/airflow/.local/lib/python3.12/site-packages/airflow/example_dags/example_dataset_alias_with_no_taskflow.py
[2024-10-31T06:24:25.174+0000] {processor.py:925} INFO - DAG(s) 'dataset_alias_example_alias_consumer_with_no_taskflow', 'dataset_s3_bucket_producer_with_no_taskflow', 'dataset_s3_bucket_consumer_with_no_taskflow', 'dataset_alias_example_alias_producer_with_no_taskflow' retrieved from /home/airflow/.local/lib/python3.12/site-packages/airflow/example_dags/example_dataset_alias_with_no_taskflow.py
[2024-10-31T06:24:25.190+0000] {logging_mixin.py:190} INFO - [2024-10-31T06:24:25.190+0000] {dag.py:3239} INFO - Sync 4 DAGs
[2024-10-31T06:24:25.212+0000] {logging_mixin.py:190} INFO - [2024-10-31T06:24:25.212+0000] {dag.py:4180} INFO - Setting next_dagrun for dataset_alias_example_alias_consumer_with_no_taskflow to None, run_after=None
[2024-10-31T06:24:25.216+0000] {logging_mixin.py:190} INFO - [2024-10-31T06:24:25.216+0000] {dag.py:4180} INFO - Setting next_dagrun for dataset_alias_example_alias_producer_with_no_taskflow to None, run_after=None
[2024-10-31T06:24:25.218+0000] {logging_mixin.py:190} INFO - [2024-10-31T06:24:25.217+0000] {dag.py:4180} INFO - Setting next_dagrun for dataset_s3_bucket_consumer_with_no_taskflow to None, run_after=None
[2024-10-31T06:24:25.220+0000] {logging_mixin.py:190} INFO - [2024-10-31T06:24:25.219+0000] {dag.py:4180} INFO - Setting next_dagrun for dataset_s3_bucket_producer_with_no_taskflow to None, run_after=None
[2024-10-31T06:24:25.261+0000] {processor.py:208} INFO - Processing /home/airflow/.local/lib/python3.12/site-packages/airflow/example_dags/example_dataset_alias_with_no_taskflow.py took 0.247 seconds
[2024-10-31T06:24:56.199+0000] {processor.py:186} INFO - Started process (PID=455) to work on /home/airflow/.local/lib/python3.12/site-packages/airflow/example_dags/example_dataset_alias_with_no_taskflow.py
[2024-10-31T06:24:56.202+0000] {processor.py:914} INFO - Processing file /home/airflow/.local/lib/python3.12/site-packages/airflow/example_dags/example_dataset_alias_with_no_taskflow.py for tasks to queue
[2024-10-31T06:24:56.204+0000] {logging_mixin.py:190} INFO - [2024-10-31T06:24:56.204+0000] {dagbag.py:588} INFO - Filling up the DagBag from /home/airflow/.local/lib/python3.12/site-packages/airflow/example_dags/example_dataset_alias_with_no_taskflow.py
[2024-10-31T06:24:56.405+0000] {processor.py:925} INFO - DAG(s) 'dataset_alias_example_alias_producer_with_no_taskflow', 'dataset_s3_bucket_producer_with_no_taskflow', 'dataset_s3_bucket_consumer_with_no_taskflow', 'dataset_alias_example_alias_consumer_with_no_taskflow' retrieved from /home/airflow/.local/lib/python3.12/site-packages/airflow/example_dags/example_dataset_alias_with_no_taskflow.py
[2024-10-31T06:24:56.435+0000] {logging_mixin.py:190} INFO - [2024-10-31T06:24:56.435+0000] {dag.py:3239} INFO - Sync 4 DAGs
[2024-10-31T06:24:56.469+0000] {logging_mixin.py:190} INFO - [2024-10-31T06:24:56.468+0000] {dag.py:4180} INFO - Setting next_dagrun for dataset_alias_example_alias_consumer_with_no_taskflow to None, run_after=None
[2024-10-31T06:24:56.475+0000] {logging_mixin.py:190} INFO - [2024-10-31T06:24:56.474+0000] {dag.py:4180} INFO - Setting next_dagrun for dataset_alias_example_alias_producer_with_no_taskflow to None, run_after=None
[2024-10-31T06:24:56.476+0000] {logging_mixin.py:190} INFO - [2024-10-31T06:24:56.476+0000] {dag.py:4180} INFO - Setting next_dagrun for dataset_s3_bucket_consumer_with_no_taskflow to None, run_after=None
[2024-10-31T06:24:56.478+0000] {logging_mixin.py:190} INFO - [2024-10-31T06:24:56.478+0000] {dag.py:4180} INFO - Setting next_dagrun for dataset_s3_bucket_producer_with_no_taskflow to None, run_after=None
[2024-10-31T06:24:56.515+0000] {processor.py:208} INFO - Processing /home/airflow/.local/lib/python3.12/site-packages/airflow/example_dags/example_dataset_alias_with_no_taskflow.py took 0.325 seconds
[2024-10-31T06:25:27.323+0000] {processor.py:186} INFO - Started process (PID=517) to work on /home/airflow/.local/lib/python3.12/site-packages/airflow/example_dags/example_dataset_alias_with_no_taskflow.py
[2024-10-31T06:25:27.324+0000] {processor.py:914} INFO - Processing file /home/airflow/.local/lib/python3.12/site-packages/airflow/example_dags/example_dataset_alias_with_no_taskflow.py for tasks to queue
[2024-10-31T06:25:27.326+0000] {logging_mixin.py:190} INFO - [2024-10-31T06:25:27.326+0000] {dagbag.py:588} INFO - Filling up the DagBag from /home/airflow/.local/lib/python3.12/site-packages/airflow/example_dags/example_dataset_alias_with_no_taskflow.py
[2024-10-31T06:25:27.435+0000] {processor.py:925} INFO - DAG(s) 'dataset_s3_bucket_producer_with_no_taskflow', 'dataset_alias_example_alias_consumer_with_no_taskflow', 'dataset_s3_bucket_consumer_with_no_taskflow', 'dataset_alias_example_alias_producer_with_no_taskflow' retrieved from /home/airflow/.local/lib/python3.12/site-packages/airflow/example_dags/example_dataset_alias_with_no_taskflow.py
[2024-10-31T06:25:27.453+0000] {logging_mixin.py:190} INFO - [2024-10-31T06:25:27.453+0000] {dag.py:3239} INFO - Sync 4 DAGs
[2024-10-31T06:25:27.485+0000] {logging_mixin.py:190} INFO - [2024-10-31T06:25:27.485+0000] {dag.py:4180} INFO - Setting next_dagrun for dataset_alias_example_alias_consumer_with_no_taskflow to None, run_after=None
[2024-10-31T06:25:27.490+0000] {logging_mixin.py:190} INFO - [2024-10-31T06:25:27.490+0000] {dag.py:4180} INFO - Setting next_dagrun for dataset_alias_example_alias_producer_with_no_taskflow to None, run_after=None
[2024-10-31T06:25:27.491+0000] {logging_mixin.py:190} INFO - [2024-10-31T06:25:27.491+0000] {dag.py:4180} INFO - Setting next_dagrun for dataset_s3_bucket_consumer_with_no_taskflow to None, run_after=None
[2024-10-31T06:25:27.493+0000] {logging_mixin.py:190} INFO - [2024-10-31T06:25:27.492+0000] {dag.py:4180} INFO - Setting next_dagrun for dataset_s3_bucket_producer_with_no_taskflow to None, run_after=None
[2024-10-31T06:25:27.519+0000] {processor.py:208} INFO - Processing /home/airflow/.local/lib/python3.12/site-packages/airflow/example_dags/example_dataset_alias_with_no_taskflow.py took 0.201 seconds
[2024-10-31T06:25:57.641+0000] {processor.py:186} INFO - Started process (PID=579) to work on /home/airflow/.local/lib/python3.12/site-packages/airflow/example_dags/example_dataset_alias_with_no_taskflow.py
[2024-10-31T06:25:57.642+0000] {processor.py:914} INFO - Processing file /home/airflow/.local/lib/python3.12/site-packages/airflow/example_dags/example_dataset_alias_with_no_taskflow.py for tasks to queue
[2024-10-31T06:25:57.645+0000] {logging_mixin.py:190} INFO - [2024-10-31T06:25:57.645+0000] {dagbag.py:588} INFO - Filling up the DagBag from /home/airflow/.local/lib/python3.12/site-packages/airflow/example_dags/example_dataset_alias_with_no_taskflow.py
[2024-10-31T06:25:57.888+0000] {processor.py:925} INFO - DAG(s) 'dataset_s3_bucket_consumer_with_no_taskflow', 'dataset_alias_example_alias_producer_with_no_taskflow', 'dataset_s3_bucket_producer_with_no_taskflow', 'dataset_alias_example_alias_consumer_with_no_taskflow' retrieved from /home/airflow/.local/lib/python3.12/site-packages/airflow/example_dags/example_dataset_alias_with_no_taskflow.py
[2024-10-31T06:25:57.913+0000] {logging_mixin.py:190} INFO - [2024-10-31T06:25:57.913+0000] {dag.py:3239} INFO - Sync 4 DAGs
[2024-10-31T06:25:57.931+0000] {logging_mixin.py:190} INFO - [2024-10-31T06:25:57.931+0000] {dag.py:4180} INFO - Setting next_dagrun for dataset_alias_example_alias_consumer_with_no_taskflow to None, run_after=None
[2024-10-31T06:25:57.933+0000] {logging_mixin.py:190} INFO - [2024-10-31T06:25:57.933+0000] {dag.py:4180} INFO - Setting next_dagrun for dataset_alias_example_alias_producer_with_no_taskflow to None, run_after=None
[2024-10-31T06:25:57.935+0000] {logging_mixin.py:190} INFO - [2024-10-31T06:25:57.934+0000] {dag.py:4180} INFO - Setting next_dagrun for dataset_s3_bucket_consumer_with_no_taskflow to None, run_after=None
[2024-10-31T06:25:57.936+0000] {logging_mixin.py:190} INFO - [2024-10-31T06:25:57.936+0000] {dag.py:4180} INFO - Setting next_dagrun for dataset_s3_bucket_producer_with_no_taskflow to None, run_after=None
[2024-10-31T06:25:57.963+0000] {processor.py:208} INFO - Processing /home/airflow/.local/lib/python3.12/site-packages/airflow/example_dags/example_dataset_alias_with_no_taskflow.py took 0.327 seconds
[2024-10-31T06:26:28.290+0000] {processor.py:186} INFO - Started process (PID=641) to work on /home/airflow/.local/lib/python3.12/site-packages/airflow/example_dags/example_dataset_alias_with_no_taskflow.py
[2024-10-31T06:26:28.292+0000] {processor.py:914} INFO - Processing file /home/airflow/.local/lib/python3.12/site-packages/airflow/example_dags/example_dataset_alias_with_no_taskflow.py for tasks to queue
[2024-10-31T06:26:28.294+0000] {logging_mixin.py:190} INFO - [2024-10-31T06:26:28.294+0000] {dagbag.py:588} INFO - Filling up the DagBag from /home/airflow/.local/lib/python3.12/site-packages/airflow/example_dags/example_dataset_alias_with_no_taskflow.py
[2024-10-31T06:26:28.462+0000] {processor.py:925} INFO - DAG(s) 'dataset_alias_example_alias_consumer_with_no_taskflow', 'dataset_alias_example_alias_producer_with_no_taskflow', 'dataset_s3_bucket_consumer_with_no_taskflow', 'dataset_s3_bucket_producer_with_no_taskflow' retrieved from /home/airflow/.local/lib/python3.12/site-packages/airflow/example_dags/example_dataset_alias_with_no_taskflow.py
[2024-10-31T06:26:28.485+0000] {logging_mixin.py:190} INFO - [2024-10-31T06:26:28.485+0000] {dag.py:3239} INFO - Sync 4 DAGs
[2024-10-31T06:26:28.513+0000] {logging_mixin.py:190} INFO - [2024-10-31T06:26:28.512+0000] {dag.py:4180} INFO - Setting next_dagrun for dataset_alias_example_alias_consumer_with_no_taskflow to None, run_after=None
[2024-10-31T06:26:28.515+0000] {logging_mixin.py:190} INFO - [2024-10-31T06:26:28.515+0000] {dag.py:4180} INFO - Setting next_dagrun for dataset_alias_example_alias_producer_with_no_taskflow to None, run_after=None
[2024-10-31T06:26:28.516+0000] {logging_mixin.py:190} INFO - [2024-10-31T06:26:28.516+0000] {dag.py:4180} INFO - Setting next_dagrun for dataset_s3_bucket_consumer_with_no_taskflow to None, run_after=None
[2024-10-31T06:26:28.517+0000] {logging_mixin.py:190} INFO - [2024-10-31T06:26:28.517+0000] {dag.py:4180} INFO - Setting next_dagrun for dataset_s3_bucket_producer_with_no_taskflow to None, run_after=None
[2024-10-31T06:26:28.538+0000] {processor.py:208} INFO - Processing /home/airflow/.local/lib/python3.12/site-packages/airflow/example_dags/example_dataset_alias_with_no_taskflow.py took 0.253 seconds
[2024-10-31T06:26:58.888+0000] {processor.py:186} INFO - Started process (PID=703) to work on /home/airflow/.local/lib/python3.12/site-packages/airflow/example_dags/example_dataset_alias_with_no_taskflow.py
[2024-10-31T06:26:58.892+0000] {processor.py:914} INFO - Processing file /home/airflow/.local/lib/python3.12/site-packages/airflow/example_dags/example_dataset_alias_with_no_taskflow.py for tasks to queue
[2024-10-31T06:26:58.898+0000] {logging_mixin.py:190} INFO - [2024-10-31T06:26:58.897+0000] {dagbag.py:588} INFO - Filling up the DagBag from /home/airflow/.local/lib/python3.12/site-packages/airflow/example_dags/example_dataset_alias_with_no_taskflow.py
[2024-10-31T06:26:59.101+0000] {processor.py:925} INFO - DAG(s) 'dataset_alias_example_alias_consumer_with_no_taskflow', 'dataset_s3_bucket_producer_with_no_taskflow', 'dataset_s3_bucket_consumer_with_no_taskflow', 'dataset_alias_example_alias_producer_with_no_taskflow' retrieved from /home/airflow/.local/lib/python3.12/site-packages/airflow/example_dags/example_dataset_alias_with_no_taskflow.py
[2024-10-31T06:26:59.158+0000] {logging_mixin.py:190} INFO - [2024-10-31T06:26:59.157+0000] {dag.py:3239} INFO - Sync 4 DAGs
[2024-10-31T06:26:59.201+0000] {logging_mixin.py:190} INFO - [2024-10-31T06:26:59.201+0000] {dag.py:4180} INFO - Setting next_dagrun for dataset_alias_example_alias_consumer_with_no_taskflow to None, run_after=None
[2024-10-31T06:26:59.206+0000] {logging_mixin.py:190} INFO - [2024-10-31T06:26:59.206+0000] {dag.py:4180} INFO - Setting next_dagrun for dataset_alias_example_alias_producer_with_no_taskflow to None, run_after=None
[2024-10-31T06:26:59.209+0000] {logging_mixin.py:190} INFO - [2024-10-31T06:26:59.208+0000] {dag.py:4180} INFO - Setting next_dagrun for dataset_s3_bucket_consumer_with_no_taskflow to None, run_after=None
[2024-10-31T06:26:59.211+0000] {logging_mixin.py:190} INFO - [2024-10-31T06:26:59.210+0000] {dag.py:4180} INFO - Setting next_dagrun for dataset_s3_bucket_producer_with_no_taskflow to None, run_after=None
[2024-10-31T06:26:59.234+0000] {processor.py:208} INFO - Processing /home/airflow/.local/lib/python3.12/site-packages/airflow/example_dags/example_dataset_alias_with_no_taskflow.py took 0.356 seconds
[2024-10-31T06:27:30.196+0000] {processor.py:186} INFO - Started process (PID=765) to work on /home/airflow/.local/lib/python3.12/site-packages/airflow/example_dags/example_dataset_alias_with_no_taskflow.py
[2024-10-31T06:27:30.197+0000] {processor.py:914} INFO - Processing file /home/airflow/.local/lib/python3.12/site-packages/airflow/example_dags/example_dataset_alias_with_no_taskflow.py for tasks to queue
[2024-10-31T06:27:30.199+0000] {logging_mixin.py:190} INFO - [2024-10-31T06:27:30.198+0000] {dagbag.py:588} INFO - Filling up the DagBag from /home/airflow/.local/lib/python3.12/site-packages/airflow/example_dags/example_dataset_alias_with_no_taskflow.py
[2024-10-31T06:27:30.306+0000] {processor.py:925} INFO - DAG(s) 'dataset_s3_bucket_consumer_with_no_taskflow', 'dataset_s3_bucket_producer_with_no_taskflow', 'dataset_alias_example_alias_producer_with_no_taskflow', 'dataset_alias_example_alias_consumer_with_no_taskflow' retrieved from /home/airflow/.local/lib/python3.12/site-packages/airflow/example_dags/example_dataset_alias_with_no_taskflow.py
[2024-10-31T06:27:30.320+0000] {logging_mixin.py:190} INFO - [2024-10-31T06:27:30.320+0000] {dag.py:3239} INFO - Sync 4 DAGs
[2024-10-31T06:27:30.337+0000] {logging_mixin.py:190} INFO - [2024-10-31T06:27:30.337+0000] {dag.py:4180} INFO - Setting next_dagrun for dataset_alias_example_alias_consumer_with_no_taskflow to None, run_after=None
[2024-10-31T06:27:30.339+0000] {logging_mixin.py:190} INFO - [2024-10-31T06:27:30.339+0000] {dag.py:4180} INFO - Setting next_dagrun for dataset_alias_example_alias_producer_with_no_taskflow to None, run_after=None
[2024-10-31T06:27:30.340+0000] {logging_mixin.py:190} INFO - [2024-10-31T06:27:30.340+0000] {dag.py:4180} INFO - Setting next_dagrun for dataset_s3_bucket_consumer_with_no_taskflow to None, run_after=None
[2024-10-31T06:27:30.341+0000] {logging_mixin.py:190} INFO - [2024-10-31T06:27:30.341+0000] {dag.py:4180} INFO - Setting next_dagrun for dataset_s3_bucket_producer_with_no_taskflow to None, run_after=None
[2024-10-31T06:27:30.366+0000] {processor.py:208} INFO - Processing /home/airflow/.local/lib/python3.12/site-packages/airflow/example_dags/example_dataset_alias_with_no_taskflow.py took 0.177 seconds
[2024-10-31T06:28:00.497+0000] {processor.py:186} INFO - Started process (PID=827) to work on /home/airflow/.local/lib/python3.12/site-packages/airflow/example_dags/example_dataset_alias_with_no_taskflow.py
[2024-10-31T06:28:00.498+0000] {processor.py:914} INFO - Processing file /home/airflow/.local/lib/python3.12/site-packages/airflow/example_dags/example_dataset_alias_with_no_taskflow.py for tasks to queue
[2024-10-31T06:28:00.501+0000] {logging_mixin.py:190} INFO - [2024-10-31T06:28:00.500+0000] {dagbag.py:588} INFO - Filling up the DagBag from /home/airflow/.local/lib/python3.12/site-packages/airflow/example_dags/example_dataset_alias_with_no_taskflow.py
[2024-10-31T06:28:00.622+0000] {processor.py:925} INFO - DAG(s) 'dataset_s3_bucket_consumer_with_no_taskflow', 'dataset_alias_example_alias_consumer_with_no_taskflow', 'dataset_s3_bucket_producer_with_no_taskflow', 'dataset_alias_example_alias_producer_with_no_taskflow' retrieved from /home/airflow/.local/lib/python3.12/site-packages/airflow/example_dags/example_dataset_alias_with_no_taskflow.py
[2024-10-31T06:28:00.640+0000] {logging_mixin.py:190} INFO - [2024-10-31T06:28:00.640+0000] {dag.py:3239} INFO - Sync 4 DAGs
[2024-10-31T06:28:00.660+0000] {logging_mixin.py:190} INFO - [2024-10-31T06:28:00.660+0000] {dag.py:4180} INFO - Setting next_dagrun for dataset_alias_example_alias_consumer_with_no_taskflow to None, run_after=None
[2024-10-31T06:28:00.663+0000] {logging_mixin.py:190} INFO - [2024-10-31T06:28:00.663+0000] {dag.py:4180} INFO - Setting next_dagrun for dataset_alias_example_alias_producer_with_no_taskflow to None, run_after=None
[2024-10-31T06:28:00.664+0000] {logging_mixin.py:190} INFO - [2024-10-31T06:28:00.664+0000] {dag.py:4180} INFO - Setting next_dagrun for dataset_s3_bucket_consumer_with_no_taskflow to None, run_after=None
[2024-10-31T06:28:00.665+0000] {logging_mixin.py:190} INFO - [2024-10-31T06:28:00.665+0000] {dag.py:4180} INFO - Setting next_dagrun for dataset_s3_bucket_producer_with_no_taskflow to None, run_after=None
[2024-10-31T06:28:00.687+0000] {processor.py:208} INFO - Processing /home/airflow/.local/lib/python3.12/site-packages/airflow/example_dags/example_dataset_alias_with_no_taskflow.py took 0.194 seconds
[2024-10-31T06:28:31.156+0000] {processor.py:186} INFO - Started process (PID=890) to work on /home/airflow/.local/lib/python3.12/site-packages/airflow/example_dags/example_dataset_alias_with_no_taskflow.py
[2024-10-31T06:28:31.158+0000] {processor.py:914} INFO - Processing file /home/airflow/.local/lib/python3.12/site-packages/airflow/example_dags/example_dataset_alias_with_no_taskflow.py for tasks to queue
[2024-10-31T06:28:31.160+0000] {logging_mixin.py:190} INFO - [2024-10-31T06:28:31.160+0000] {dagbag.py:588} INFO - Filling up the DagBag from /home/airflow/.local/lib/python3.12/site-packages/airflow/example_dags/example_dataset_alias_with_no_taskflow.py
[2024-10-31T06:28:31.292+0000] {processor.py:925} INFO - DAG(s) 'dataset_s3_bucket_consumer_with_no_taskflow', 'dataset_alias_example_alias_producer_with_no_taskflow', 'dataset_alias_example_alias_consumer_with_no_taskflow', 'dataset_s3_bucket_producer_with_no_taskflow' retrieved from /home/airflow/.local/lib/python3.12/site-packages/airflow/example_dags/example_dataset_alias_with_no_taskflow.py
[2024-10-31T06:28:31.309+0000] {logging_mixin.py:190} INFO - [2024-10-31T06:28:31.309+0000] {dag.py:3239} INFO - Sync 4 DAGs
[2024-10-31T06:28:31.326+0000] {logging_mixin.py:190} INFO - [2024-10-31T06:28:31.326+0000] {dag.py:4180} INFO - Setting next_dagrun for dataset_alias_example_alias_consumer_with_no_taskflow to None, run_after=None
[2024-10-31T06:28:31.328+0000] {logging_mixin.py:190} INFO - [2024-10-31T06:28:31.328+0000] {dag.py:4180} INFO - Setting next_dagrun for dataset_alias_example_alias_producer_with_no_taskflow to None, run_after=None
[2024-10-31T06:28:31.329+0000] {logging_mixin.py:190} INFO - [2024-10-31T06:28:31.329+0000] {dag.py:4180} INFO - Setting next_dagrun for dataset_s3_bucket_consumer_with_no_taskflow to None, run_after=None
[2024-10-31T06:28:31.330+0000] {logging_mixin.py:190} INFO - [2024-10-31T06:28:31.330+0000] {dag.py:4180} INFO - Setting next_dagrun for dataset_s3_bucket_producer_with_no_taskflow to None, run_after=None
[2024-10-31T06:28:31.345+0000] {processor.py:208} INFO - Processing /home/airflow/.local/lib/python3.12/site-packages/airflow/example_dags/example_dataset_alias_with_no_taskflow.py took 0.195 seconds
