[2024-10-31T06:21:52.506+0000] {processor.py:186} INFO - Started process (PID=83) to work on /home/airflow/.local/lib/python3.12/site-packages/airflow/example_dags/example_branch_day_of_week_operator.py
[2024-10-31T06:21:52.507+0000] {processor.py:914} INFO - Processing file /home/airflow/.local/lib/python3.12/site-packages/airflow/example_dags/example_branch_day_of_week_operator.py for tasks to queue
[2024-10-31T06:21:52.510+0000] {logging_mixin.py:190} INFO - [2024-10-31T06:21:52.509+0000] {dagbag.py:588} INFO - Filling up the DagBag from /home/airflow/.local/lib/python3.12/site-packages/airflow/example_dags/example_branch_day_of_week_operator.py
[2024-10-31T06:21:52.518+0000] {processor.py:925} INFO - DAG(s) 'example_weekday_branch_operator' retrieved from /home/airflow/.local/lib/python3.12/site-packages/airflow/example_dags/example_branch_day_of_week_operator.py
[2024-10-31T06:21:52.602+0000] {logging_mixin.py:190} INFO - [2024-10-31T06:21:52.601+0000] {override.py:1900} INFO - Created Permission View: can delete on DAG:example_weekday_branch_operator
[2024-10-31T06:21:52.611+0000] {logging_mixin.py:190} INFO - [2024-10-31T06:21:52.611+0000] {override.py:1900} INFO - Created Permission View: can read on DAG:example_weekday_branch_operator
[2024-10-31T06:21:52.617+0000] {logging_mixin.py:190} INFO - [2024-10-31T06:21:52.617+0000] {override.py:1900} INFO - Created Permission View: can edit on DAG:example_weekday_branch_operator
[2024-10-31T06:21:52.625+0000] {logging_mixin.py:190} INFO - [2024-10-31T06:21:52.625+0000] {override.py:1900} INFO - Created Permission View: can delete on DAG Run:example_weekday_branch_operator
[2024-10-31T06:21:52.631+0000] {logging_mixin.py:190} INFO - [2024-10-31T06:21:52.631+0000] {override.py:1900} INFO - Created Permission View: can create on DAG Run:example_weekday_branch_operator
[2024-10-31T06:21:52.637+0000] {logging_mixin.py:190} INFO - [2024-10-31T06:21:52.637+0000] {override.py:1900} INFO - Created Permission View: can read on DAG Run:example_weekday_branch_operator
[2024-10-31T06:21:52.643+0000] {logging_mixin.py:190} INFO - [2024-10-31T06:21:52.643+0000] {override.py:1900} INFO - Created Permission View: menu access on DAG Run:example_weekday_branch_operator
[2024-10-31T06:21:52.644+0000] {logging_mixin.py:190} INFO - [2024-10-31T06:21:52.643+0000] {dag.py:3239} INFO - Sync 1 DAGs
[2024-10-31T06:21:52.653+0000] {logging_mixin.py:190} INFO - [2024-10-31T06:21:52.653+0000] {dag.py:3262} INFO - Creating ORM DAG for example_weekday_branch_operator
[2024-10-31T06:21:52.661+0000] {logging_mixin.py:190} INFO - [2024-10-31T06:21:52.660+0000] {dag.py:4180} INFO - Setting next_dagrun for example_weekday_branch_operator to 2024-10-30 00:00:00+00:00, run_after=2024-10-31 00:00:00+00:00
[2024-10-31T06:21:52.674+0000] {processor.py:208} INFO - Processing /home/airflow/.local/lib/python3.12/site-packages/airflow/example_dags/example_branch_day_of_week_operator.py took 0.173 seconds
[2024-10-31T06:22:22.713+0000] {processor.py:186} INFO - Started process (PID=145) to work on /home/airflow/.local/lib/python3.12/site-packages/airflow/example_dags/example_branch_day_of_week_operator.py
[2024-10-31T06:22:22.714+0000] {processor.py:914} INFO - Processing file /home/airflow/.local/lib/python3.12/site-packages/airflow/example_dags/example_branch_day_of_week_operator.py for tasks to queue
[2024-10-31T06:22:22.716+0000] {logging_mixin.py:190} INFO - [2024-10-31T06:22:22.715+0000] {dagbag.py:588} INFO - Filling up the DagBag from /home/airflow/.local/lib/python3.12/site-packages/airflow/example_dags/example_branch_day_of_week_operator.py
[2024-10-31T06:22:22.723+0000] {processor.py:925} INFO - DAG(s) 'example_weekday_branch_operator' retrieved from /home/airflow/.local/lib/python3.12/site-packages/airflow/example_dags/example_branch_day_of_week_operator.py
[2024-10-31T06:22:22.739+0000] {logging_mixin.py:190} INFO - [2024-10-31T06:22:22.739+0000] {dag.py:3239} INFO - Sync 1 DAGs
[2024-10-31T06:22:22.756+0000] {logging_mixin.py:190} INFO - [2024-10-31T06:22:22.756+0000] {dag.py:4180} INFO - Setting next_dagrun for example_weekday_branch_operator to 2024-10-30 00:00:00+00:00, run_after=2024-10-31 00:00:00+00:00
[2024-10-31T06:22:22.770+0000] {processor.py:208} INFO - Processing /home/airflow/.local/lib/python3.12/site-packages/airflow/example_dags/example_branch_day_of_week_operator.py took 0.062 seconds
[2024-10-31T06:22:53.390+0000] {processor.py:186} INFO - Started process (PID=207) to work on /home/airflow/.local/lib/python3.12/site-packages/airflow/example_dags/example_branch_day_of_week_operator.py
[2024-10-31T06:22:53.391+0000] {processor.py:914} INFO - Processing file /home/airflow/.local/lib/python3.12/site-packages/airflow/example_dags/example_branch_day_of_week_operator.py for tasks to queue
[2024-10-31T06:22:53.393+0000] {logging_mixin.py:190} INFO - [2024-10-31T06:22:53.393+0000] {dagbag.py:588} INFO - Filling up the DagBag from /home/airflow/.local/lib/python3.12/site-packages/airflow/example_dags/example_branch_day_of_week_operator.py
[2024-10-31T06:22:53.401+0000] {processor.py:925} INFO - DAG(s) 'example_weekday_branch_operator' retrieved from /home/airflow/.local/lib/python3.12/site-packages/airflow/example_dags/example_branch_day_of_week_operator.py
[2024-10-31T06:22:53.416+0000] {logging_mixin.py:190} INFO - [2024-10-31T06:22:53.416+0000] {dag.py:3239} INFO - Sync 1 DAGs
[2024-10-31T06:22:53.433+0000] {logging_mixin.py:190} INFO - [2024-10-31T06:22:53.433+0000] {dag.py:4180} INFO - Setting next_dagrun for example_weekday_branch_operator to 2024-10-30 00:00:00+00:00, run_after=2024-10-31 00:00:00+00:00
[2024-10-31T06:22:53.449+0000] {processor.py:208} INFO - Processing /home/airflow/.local/lib/python3.12/site-packages/airflow/example_dags/example_branch_day_of_week_operator.py took 0.063 seconds
[2024-10-31T06:23:24.035+0000] {processor.py:186} INFO - Started process (PID=269) to work on /home/airflow/.local/lib/python3.12/site-packages/airflow/example_dags/example_branch_day_of_week_operator.py
[2024-10-31T06:23:24.035+0000] {processor.py:914} INFO - Processing file /home/airflow/.local/lib/python3.12/site-packages/airflow/example_dags/example_branch_day_of_week_operator.py for tasks to queue
[2024-10-31T06:23:24.037+0000] {logging_mixin.py:190} INFO - [2024-10-31T06:23:24.037+0000] {dagbag.py:588} INFO - Filling up the DagBag from /home/airflow/.local/lib/python3.12/site-packages/airflow/example_dags/example_branch_day_of_week_operator.py
[2024-10-31T06:23:24.044+0000] {processor.py:925} INFO - DAG(s) 'example_weekday_branch_operator' retrieved from /home/airflow/.local/lib/python3.12/site-packages/airflow/example_dags/example_branch_day_of_week_operator.py
[2024-10-31T06:23:24.059+0000] {logging_mixin.py:190} INFO - [2024-10-31T06:23:24.058+0000] {dag.py:3239} INFO - Sync 1 DAGs
[2024-10-31T06:23:24.075+0000] {logging_mixin.py:190} INFO - [2024-10-31T06:23:24.075+0000] {dag.py:4180} INFO - Setting next_dagrun for example_weekday_branch_operator to 2024-10-30 00:00:00+00:00, run_after=2024-10-31 00:00:00+00:00
[2024-10-31T06:23:24.090+0000] {processor.py:208} INFO - Processing /home/airflow/.local/lib/python3.12/site-packages/airflow/example_dags/example_branch_day_of_week_operator.py took 0.060 seconds
[2024-10-31T06:23:54.809+0000] {processor.py:186} INFO - Started process (PID=330) to work on /home/airflow/.local/lib/python3.12/site-packages/airflow/example_dags/example_branch_day_of_week_operator.py
[2024-10-31T06:23:54.810+0000] {processor.py:914} INFO - Processing file /home/airflow/.local/lib/python3.12/site-packages/airflow/example_dags/example_branch_day_of_week_operator.py for tasks to queue
[2024-10-31T06:23:54.812+0000] {logging_mixin.py:190} INFO - [2024-10-31T06:23:54.812+0000] {dagbag.py:588} INFO - Filling up the DagBag from /home/airflow/.local/lib/python3.12/site-packages/airflow/example_dags/example_branch_day_of_week_operator.py
[2024-10-31T06:23:54.820+0000] {processor.py:925} INFO - DAG(s) 'example_weekday_branch_operator' retrieved from /home/airflow/.local/lib/python3.12/site-packages/airflow/example_dags/example_branch_day_of_week_operator.py
[2024-10-31T06:23:54.839+0000] {logging_mixin.py:190} INFO - [2024-10-31T06:23:54.839+0000] {dag.py:3239} INFO - Sync 1 DAGs
[2024-10-31T06:23:54.859+0000] {logging_mixin.py:190} INFO - [2024-10-31T06:23:54.859+0000] {dag.py:4180} INFO - Setting next_dagrun for example_weekday_branch_operator to 2024-10-30 00:00:00+00:00, run_after=2024-10-31 00:00:00+00:00
[2024-10-31T06:23:54.878+0000] {processor.py:208} INFO - Processing /home/airflow/.local/lib/python3.12/site-packages/airflow/example_dags/example_branch_day_of_week_operator.py took 0.073 seconds
[2024-10-31T06:24:25.448+0000] {processor.py:186} INFO - Started process (PID=393) to work on /home/airflow/.local/lib/python3.12/site-packages/airflow/example_dags/example_branch_day_of_week_operator.py
[2024-10-31T06:24:25.450+0000] {processor.py:914} INFO - Processing file /home/airflow/.local/lib/python3.12/site-packages/airflow/example_dags/example_branch_day_of_week_operator.py for tasks to queue
[2024-10-31T06:24:25.454+0000] {logging_mixin.py:190} INFO - [2024-10-31T06:24:25.453+0000] {dagbag.py:588} INFO - Filling up the DagBag from /home/airflow/.local/lib/python3.12/site-packages/airflow/example_dags/example_branch_day_of_week_operator.py
[2024-10-31T06:24:25.470+0000] {processor.py:925} INFO - DAG(s) 'example_weekday_branch_operator' retrieved from /home/airflow/.local/lib/python3.12/site-packages/airflow/example_dags/example_branch_day_of_week_operator.py
[2024-10-31T06:24:25.491+0000] {logging_mixin.py:190} INFO - [2024-10-31T06:24:25.490+0000] {dag.py:3239} INFO - Sync 1 DAGs
[2024-10-31T06:24:25.517+0000] {logging_mixin.py:190} INFO - [2024-10-31T06:24:25.516+0000] {dag.py:4180} INFO - Setting next_dagrun for example_weekday_branch_operator to 2024-10-30 00:00:00+00:00, run_after=2024-10-31 00:00:00+00:00
[2024-10-31T06:24:25.533+0000] {processor.py:208} INFO - Processing /home/airflow/.local/lib/python3.12/site-packages/airflow/example_dags/example_branch_day_of_week_operator.py took 0.100 seconds
[2024-10-31T06:24:56.697+0000] {processor.py:186} INFO - Started process (PID=459) to work on /home/airflow/.local/lib/python3.12/site-packages/airflow/example_dags/example_branch_day_of_week_operator.py
[2024-10-31T06:24:56.698+0000] {processor.py:914} INFO - Processing file /home/airflow/.local/lib/python3.12/site-packages/airflow/example_dags/example_branch_day_of_week_operator.py for tasks to queue
[2024-10-31T06:24:56.699+0000] {logging_mixin.py:190} INFO - [2024-10-31T06:24:56.699+0000] {dagbag.py:588} INFO - Filling up the DagBag from /home/airflow/.local/lib/python3.12/site-packages/airflow/example_dags/example_branch_day_of_week_operator.py
[2024-10-31T06:24:56.707+0000] {processor.py:925} INFO - DAG(s) 'example_weekday_branch_operator' retrieved from /home/airflow/.local/lib/python3.12/site-packages/airflow/example_dags/example_branch_day_of_week_operator.py
[2024-10-31T06:24:56.722+0000] {logging_mixin.py:190} INFO - [2024-10-31T06:24:56.722+0000] {dag.py:3239} INFO - Sync 1 DAGs
[2024-10-31T06:24:56.745+0000] {logging_mixin.py:190} INFO - [2024-10-31T06:24:56.745+0000] {dag.py:4180} INFO - Setting next_dagrun for example_weekday_branch_operator to 2024-10-30 00:00:00+00:00, run_after=2024-10-31 00:00:00+00:00
[2024-10-31T06:24:56.763+0000] {processor.py:208} INFO - Processing /home/airflow/.local/lib/python3.12/site-packages/airflow/example_dags/example_branch_day_of_week_operator.py took 0.071 seconds
[2024-10-31T06:25:27.661+0000] {processor.py:186} INFO - Started process (PID=521) to work on /home/airflow/.local/lib/python3.12/site-packages/airflow/example_dags/example_branch_day_of_week_operator.py
[2024-10-31T06:25:27.662+0000] {processor.py:914} INFO - Processing file /home/airflow/.local/lib/python3.12/site-packages/airflow/example_dags/example_branch_day_of_week_operator.py for tasks to queue
[2024-10-31T06:25:27.664+0000] {logging_mixin.py:190} INFO - [2024-10-31T06:25:27.664+0000] {dagbag.py:588} INFO - Filling up the DagBag from /home/airflow/.local/lib/python3.12/site-packages/airflow/example_dags/example_branch_day_of_week_operator.py
[2024-10-31T06:25:27.673+0000] {processor.py:925} INFO - DAG(s) 'example_weekday_branch_operator' retrieved from /home/airflow/.local/lib/python3.12/site-packages/airflow/example_dags/example_branch_day_of_week_operator.py
[2024-10-31T06:25:27.694+0000] {logging_mixin.py:190} INFO - [2024-10-31T06:25:27.694+0000] {dag.py:3239} INFO - Sync 1 DAGs
[2024-10-31T06:25:27.731+0000] {logging_mixin.py:190} INFO - [2024-10-31T06:25:27.731+0000] {dag.py:4180} INFO - Setting next_dagrun for example_weekday_branch_operator to 2024-10-30 00:00:00+00:00, run_after=2024-10-31 00:00:00+00:00
[2024-10-31T06:25:27.756+0000] {processor.py:208} INFO - Processing /home/airflow/.local/lib/python3.12/site-packages/airflow/example_dags/example_branch_day_of_week_operator.py took 0.101 seconds
[2024-10-31T06:25:58.082+0000] {processor.py:186} INFO - Started process (PID=583) to work on /home/airflow/.local/lib/python3.12/site-packages/airflow/example_dags/example_branch_day_of_week_operator.py
[2024-10-31T06:25:58.083+0000] {processor.py:914} INFO - Processing file /home/airflow/.local/lib/python3.12/site-packages/airflow/example_dags/example_branch_day_of_week_operator.py for tasks to queue
[2024-10-31T06:25:58.085+0000] {logging_mixin.py:190} INFO - [2024-10-31T06:25:58.085+0000] {dagbag.py:588} INFO - Filling up the DagBag from /home/airflow/.local/lib/python3.12/site-packages/airflow/example_dags/example_branch_day_of_week_operator.py
[2024-10-31T06:25:58.095+0000] {processor.py:925} INFO - DAG(s) 'example_weekday_branch_operator' retrieved from /home/airflow/.local/lib/python3.12/site-packages/airflow/example_dags/example_branch_day_of_week_operator.py
[2024-10-31T06:25:58.113+0000] {logging_mixin.py:190} INFO - [2024-10-31T06:25:58.113+0000] {dag.py:3239} INFO - Sync 1 DAGs
[2024-10-31T06:25:58.131+0000] {logging_mixin.py:190} INFO - [2024-10-31T06:25:58.131+0000] {dag.py:4180} INFO - Setting next_dagrun for example_weekday_branch_operator to 2024-10-30 00:00:00+00:00, run_after=2024-10-31 00:00:00+00:00
[2024-10-31T06:25:58.150+0000] {processor.py:208} INFO - Processing /home/airflow/.local/lib/python3.12/site-packages/airflow/example_dags/example_branch_day_of_week_operator.py took 0.073 seconds
[2024-10-31T06:26:28.682+0000] {processor.py:186} INFO - Started process (PID=644) to work on /home/airflow/.local/lib/python3.12/site-packages/airflow/example_dags/example_branch_day_of_week_operator.py
[2024-10-31T06:26:28.684+0000] {processor.py:914} INFO - Processing file /home/airflow/.local/lib/python3.12/site-packages/airflow/example_dags/example_branch_day_of_week_operator.py for tasks to queue
[2024-10-31T06:26:28.686+0000] {logging_mixin.py:190} INFO - [2024-10-31T06:26:28.685+0000] {dagbag.py:588} INFO - Filling up the DagBag from /home/airflow/.local/lib/python3.12/site-packages/airflow/example_dags/example_branch_day_of_week_operator.py
[2024-10-31T06:26:28.695+0000] {processor.py:925} INFO - DAG(s) 'example_weekday_branch_operator' retrieved from /home/airflow/.local/lib/python3.12/site-packages/airflow/example_dags/example_branch_day_of_week_operator.py
[2024-10-31T06:26:28.713+0000] {logging_mixin.py:190} INFO - [2024-10-31T06:26:28.712+0000] {dag.py:3239} INFO - Sync 1 DAGs
[2024-10-31T06:26:28.733+0000] {logging_mixin.py:190} INFO - [2024-10-31T06:26:28.733+0000] {dag.py:4180} INFO - Setting next_dagrun for example_weekday_branch_operator to 2024-10-30 00:00:00+00:00, run_after=2024-10-31 00:00:00+00:00
[2024-10-31T06:26:28.756+0000] {processor.py:208} INFO - Processing /home/airflow/.local/lib/python3.12/site-packages/airflow/example_dags/example_branch_day_of_week_operator.py took 0.080 seconds
[2024-10-31T06:26:59.284+0000] {processor.py:186} INFO - Started process (PID=706) to work on /home/airflow/.local/lib/python3.12/site-packages/airflow/example_dags/example_branch_day_of_week_operator.py
[2024-10-31T06:26:59.285+0000] {processor.py:914} INFO - Processing file /home/airflow/.local/lib/python3.12/site-packages/airflow/example_dags/example_branch_day_of_week_operator.py for tasks to queue
[2024-10-31T06:26:59.286+0000] {logging_mixin.py:190} INFO - [2024-10-31T06:26:59.286+0000] {dagbag.py:588} INFO - Filling up the DagBag from /home/airflow/.local/lib/python3.12/site-packages/airflow/example_dags/example_branch_day_of_week_operator.py
[2024-10-31T06:26:59.294+0000] {processor.py:925} INFO - DAG(s) 'example_weekday_branch_operator' retrieved from /home/airflow/.local/lib/python3.12/site-packages/airflow/example_dags/example_branch_day_of_week_operator.py
[2024-10-31T06:26:59.312+0000] {logging_mixin.py:190} INFO - [2024-10-31T06:26:59.312+0000] {dag.py:3239} INFO - Sync 1 DAGs
[2024-10-31T06:26:59.331+0000] {logging_mixin.py:190} INFO - [2024-10-31T06:26:59.330+0000] {dag.py:4180} INFO - Setting next_dagrun for example_weekday_branch_operator to 2024-10-30 00:00:00+00:00, run_after=2024-10-31 00:00:00+00:00
[2024-10-31T06:26:59.348+0000] {processor.py:208} INFO - Processing /home/airflow/.local/lib/python3.12/site-packages/airflow/example_dags/example_branch_day_of_week_operator.py took 0.070 seconds
[2024-10-31T06:27:30.571+0000] {processor.py:186} INFO - Started process (PID=769) to work on /home/airflow/.local/lib/python3.12/site-packages/airflow/example_dags/example_branch_day_of_week_operator.py
[2024-10-31T06:27:30.572+0000] {processor.py:914} INFO - Processing file /home/airflow/.local/lib/python3.12/site-packages/airflow/example_dags/example_branch_day_of_week_operator.py for tasks to queue
[2024-10-31T06:27:30.574+0000] {logging_mixin.py:190} INFO - [2024-10-31T06:27:30.574+0000] {dagbag.py:588} INFO - Filling up the DagBag from /home/airflow/.local/lib/python3.12/site-packages/airflow/example_dags/example_branch_day_of_week_operator.py
[2024-10-31T06:27:30.582+0000] {processor.py:925} INFO - DAG(s) 'example_weekday_branch_operator' retrieved from /home/airflow/.local/lib/python3.12/site-packages/airflow/example_dags/example_branch_day_of_week_operator.py
[2024-10-31T06:27:30.597+0000] {logging_mixin.py:190} INFO - [2024-10-31T06:27:30.597+0000] {dag.py:3239} INFO - Sync 1 DAGs
[2024-10-31T06:27:30.615+0000] {logging_mixin.py:190} INFO - [2024-10-31T06:27:30.615+0000] {dag.py:4180} INFO - Setting next_dagrun for example_weekday_branch_operator to 2024-10-30 00:00:00+00:00, run_after=2024-10-31 00:00:00+00:00
[2024-10-31T06:27:30.631+0000] {processor.py:208} INFO - Processing /home/airflow/.local/lib/python3.12/site-packages/airflow/example_dags/example_branch_day_of_week_operator.py took 0.065 seconds
[2024-10-31T06:28:00.820+0000] {processor.py:186} INFO - Started process (PID=831) to work on /home/airflow/.local/lib/python3.12/site-packages/airflow/example_dags/example_branch_day_of_week_operator.py
[2024-10-31T06:28:00.821+0000] {processor.py:914} INFO - Processing file /home/airflow/.local/lib/python3.12/site-packages/airflow/example_dags/example_branch_day_of_week_operator.py for tasks to queue
[2024-10-31T06:28:00.824+0000] {logging_mixin.py:190} INFO - [2024-10-31T06:28:00.824+0000] {dagbag.py:588} INFO - Filling up the DagBag from /home/airflow/.local/lib/python3.12/site-packages/airflow/example_dags/example_branch_day_of_week_operator.py
[2024-10-31T06:28:00.836+0000] {processor.py:925} INFO - DAG(s) 'example_weekday_branch_operator' retrieved from /home/airflow/.local/lib/python3.12/site-packages/airflow/example_dags/example_branch_day_of_week_operator.py
[2024-10-31T06:28:00.854+0000] {logging_mixin.py:190} INFO - [2024-10-31T06:28:00.854+0000] {dag.py:3239} INFO - Sync 1 DAGs
[2024-10-31T06:28:00.873+0000] {logging_mixin.py:190} INFO - [2024-10-31T06:28:00.873+0000] {dag.py:4180} INFO - Setting next_dagrun for example_weekday_branch_operator to 2024-10-30 00:00:00+00:00, run_after=2024-10-31 00:00:00+00:00
[2024-10-31T06:28:00.888+0000] {processor.py:208} INFO - Processing /home/airflow/.local/lib/python3.12/site-packages/airflow/example_dags/example_branch_day_of_week_operator.py took 0.073 seconds
[2024-10-31T06:28:31.666+0000] {processor.py:186} INFO - Started process (PID=894) to work on /home/airflow/.local/lib/python3.12/site-packages/airflow/example_dags/example_branch_day_of_week_operator.py
[2024-10-31T06:28:31.668+0000] {processor.py:914} INFO - Processing file /home/airflow/.local/lib/python3.12/site-packages/airflow/example_dags/example_branch_day_of_week_operator.py for tasks to queue
[2024-10-31T06:28:31.670+0000] {logging_mixin.py:190} INFO - [2024-10-31T06:28:31.670+0000] {dagbag.py:588} INFO - Filling up the DagBag from /home/airflow/.local/lib/python3.12/site-packages/airflow/example_dags/example_branch_day_of_week_operator.py
[2024-10-31T06:28:31.680+0000] {processor.py:925} INFO - DAG(s) 'example_weekday_branch_operator' retrieved from /home/airflow/.local/lib/python3.12/site-packages/airflow/example_dags/example_branch_day_of_week_operator.py
[2024-10-31T06:28:31.705+0000] {logging_mixin.py:190} INFO - [2024-10-31T06:28:31.705+0000] {dag.py:3239} INFO - Sync 1 DAGs
[2024-10-31T06:28:31.728+0000] {logging_mixin.py:190} INFO - [2024-10-31T06:28:31.727+0000] {dag.py:4180} INFO - Setting next_dagrun for example_weekday_branch_operator to 2024-10-30 00:00:00+00:00, run_after=2024-10-31 00:00:00+00:00
[2024-10-31T06:28:31.747+0000] {processor.py:208} INFO - Processing /home/airflow/.local/lib/python3.12/site-packages/airflow/example_dags/example_branch_day_of_week_operator.py took 0.088 seconds
