[2024-10-31T06:21:53.402+0000] {processor.py:186} INFO - Started process (PID=93) to work on /home/airflow/.local/lib/python3.12/site-packages/airflow/example_dags/example_python_operator.py
[2024-10-31T06:21:53.403+0000] {processor.py:914} INFO - Processing file /home/airflow/.local/lib/python3.12/site-packages/airflow/example_dags/example_python_operator.py for tasks to queue
[2024-10-31T06:21:53.404+0000] {logging_mixin.py:190} INFO - [2024-10-31T06:21:53.404+0000] {dagbag.py:588} INFO - Filling up the DagBag from /home/airflow/.local/lib/python3.12/site-packages/airflow/example_dags/example_python_operator.py
[2024-10-31T06:21:53.415+0000] {processor.py:925} INFO - DAG(s) 'example_python_operator' retrieved from /home/airflow/.local/lib/python3.12/site-packages/airflow/example_dags/example_python_operator.py
[2024-10-31T06:21:53.491+0000] {logging_mixin.py:190} INFO - [2024-10-31T06:21:53.490+0000] {override.py:1900} INFO - Created Permission View: can delete on DAG:example_python_operator
[2024-10-31T06:21:53.498+0000] {logging_mixin.py:190} INFO - [2024-10-31T06:21:53.498+0000] {override.py:1900} INFO - Created Permission View: can read on DAG:example_python_operator
[2024-10-31T06:21:53.503+0000] {logging_mixin.py:190} INFO - [2024-10-31T06:21:53.503+0000] {override.py:1900} INFO - Created Permission View: can edit on DAG:example_python_operator
[2024-10-31T06:21:53.509+0000] {logging_mixin.py:190} INFO - [2024-10-31T06:21:53.509+0000] {override.py:1900} INFO - Created Permission View: can delete on DAG Run:example_python_operator
[2024-10-31T06:21:53.515+0000] {logging_mixin.py:190} INFO - [2024-10-31T06:21:53.514+0000] {override.py:1900} INFO - Created Permission View: can create on DAG Run:example_python_operator
[2024-10-31T06:21:53.521+0000] {logging_mixin.py:190} INFO - [2024-10-31T06:21:53.521+0000] {override.py:1900} INFO - Created Permission View: can read on DAG Run:example_python_operator
[2024-10-31T06:21:53.527+0000] {logging_mixin.py:190} INFO - [2024-10-31T06:21:53.527+0000] {override.py:1900} INFO - Created Permission View: menu access on DAG Run:example_python_operator
[2024-10-31T06:21:53.527+0000] {logging_mixin.py:190} INFO - [2024-10-31T06:21:53.527+0000] {dag.py:3239} INFO - Sync 1 DAGs
[2024-10-31T06:21:53.537+0000] {logging_mixin.py:190} INFO - [2024-10-31T06:21:53.536+0000] {dag.py:3262} INFO - Creating ORM DAG for example_python_operator
[2024-10-31T06:21:53.537+0000] {logging_mixin.py:190} INFO - [2024-10-31T06:21:53.537+0000] {dag.py:4180} INFO - Setting next_dagrun for example_python_operator to None, run_after=None
[2024-10-31T06:21:53.549+0000] {processor.py:208} INFO - Processing /home/airflow/.local/lib/python3.12/site-packages/airflow/example_dags/example_python_operator.py took 0.152 seconds
[2024-10-31T06:22:24.110+0000] {processor.py:186} INFO - Started process (PID=155) to work on /home/airflow/.local/lib/python3.12/site-packages/airflow/example_dags/example_python_operator.py
[2024-10-31T06:22:24.111+0000] {processor.py:914} INFO - Processing file /home/airflow/.local/lib/python3.12/site-packages/airflow/example_dags/example_python_operator.py for tasks to queue
[2024-10-31T06:22:24.112+0000] {logging_mixin.py:190} INFO - [2024-10-31T06:22:24.112+0000] {dagbag.py:588} INFO - Filling up the DagBag from /home/airflow/.local/lib/python3.12/site-packages/airflow/example_dags/example_python_operator.py
[2024-10-31T06:22:24.122+0000] {processor.py:925} INFO - DAG(s) 'example_python_operator' retrieved from /home/airflow/.local/lib/python3.12/site-packages/airflow/example_dags/example_python_operator.py
[2024-10-31T06:22:24.137+0000] {logging_mixin.py:190} INFO - [2024-10-31T06:22:24.137+0000] {dag.py:3239} INFO - Sync 1 DAGs
[2024-10-31T06:22:24.148+0000] {logging_mixin.py:190} INFO - [2024-10-31T06:22:24.148+0000] {dag.py:4180} INFO - Setting next_dagrun for example_python_operator to None, run_after=None
[2024-10-31T06:22:24.162+0000] {processor.py:208} INFO - Processing /home/airflow/.local/lib/python3.12/site-packages/airflow/example_dags/example_python_operator.py took 0.057 seconds
[2024-10-31T06:22:54.808+0000] {processor.py:186} INFO - Started process (PID=217) to work on /home/airflow/.local/lib/python3.12/site-packages/airflow/example_dags/example_python_operator.py
[2024-10-31T06:22:54.809+0000] {processor.py:914} INFO - Processing file /home/airflow/.local/lib/python3.12/site-packages/airflow/example_dags/example_python_operator.py for tasks to queue
[2024-10-31T06:22:54.810+0000] {logging_mixin.py:190} INFO - [2024-10-31T06:22:54.810+0000] {dagbag.py:588} INFO - Filling up the DagBag from /home/airflow/.local/lib/python3.12/site-packages/airflow/example_dags/example_python_operator.py
[2024-10-31T06:22:54.819+0000] {processor.py:925} INFO - DAG(s) 'example_python_operator' retrieved from /home/airflow/.local/lib/python3.12/site-packages/airflow/example_dags/example_python_operator.py
[2024-10-31T06:22:54.836+0000] {logging_mixin.py:190} INFO - [2024-10-31T06:22:54.836+0000] {dag.py:3239} INFO - Sync 1 DAGs
[2024-10-31T06:22:54.847+0000] {logging_mixin.py:190} INFO - [2024-10-31T06:22:54.847+0000] {dag.py:4180} INFO - Setting next_dagrun for example_python_operator to None, run_after=None
[2024-10-31T06:22:54.863+0000] {processor.py:208} INFO - Processing /home/airflow/.local/lib/python3.12/site-packages/airflow/example_dags/example_python_operator.py took 0.060 seconds
[2024-10-31T06:23:25.536+0000] {processor.py:186} INFO - Started process (PID=279) to work on /home/airflow/.local/lib/python3.12/site-packages/airflow/example_dags/example_python_operator.py
[2024-10-31T06:23:25.537+0000] {processor.py:914} INFO - Processing file /home/airflow/.local/lib/python3.12/site-packages/airflow/example_dags/example_python_operator.py for tasks to queue
[2024-10-31T06:23:25.539+0000] {logging_mixin.py:190} INFO - [2024-10-31T06:23:25.538+0000] {dagbag.py:588} INFO - Filling up the DagBag from /home/airflow/.local/lib/python3.12/site-packages/airflow/example_dags/example_python_operator.py
[2024-10-31T06:23:25.547+0000] {processor.py:925} INFO - DAG(s) 'example_python_operator' retrieved from /home/airflow/.local/lib/python3.12/site-packages/airflow/example_dags/example_python_operator.py
[2024-10-31T06:23:25.563+0000] {logging_mixin.py:190} INFO - [2024-10-31T06:23:25.563+0000] {dag.py:3239} INFO - Sync 1 DAGs
[2024-10-31T06:23:25.574+0000] {logging_mixin.py:190} INFO - [2024-10-31T06:23:25.574+0000] {dag.py:4180} INFO - Setting next_dagrun for example_python_operator to None, run_after=None
[2024-10-31T06:23:25.589+0000] {processor.py:208} INFO - Processing /home/airflow/.local/lib/python3.12/site-packages/airflow/example_dags/example_python_operator.py took 0.057 seconds
[2024-10-31T06:23:56.477+0000] {processor.py:186} INFO - Started process (PID=341) to work on /home/airflow/.local/lib/python3.12/site-packages/airflow/example_dags/example_python_operator.py
[2024-10-31T06:23:56.479+0000] {processor.py:914} INFO - Processing file /home/airflow/.local/lib/python3.12/site-packages/airflow/example_dags/example_python_operator.py for tasks to queue
[2024-10-31T06:23:56.481+0000] {logging_mixin.py:190} INFO - [2024-10-31T06:23:56.480+0000] {dagbag.py:588} INFO - Filling up the DagBag from /home/airflow/.local/lib/python3.12/site-packages/airflow/example_dags/example_python_operator.py
[2024-10-31T06:23:56.491+0000] {processor.py:925} INFO - DAG(s) 'example_python_operator' retrieved from /home/airflow/.local/lib/python3.12/site-packages/airflow/example_dags/example_python_operator.py
[2024-10-31T06:23:56.515+0000] {logging_mixin.py:190} INFO - [2024-10-31T06:23:56.515+0000] {dag.py:3239} INFO - Sync 1 DAGs
[2024-10-31T06:23:56.527+0000] {logging_mixin.py:190} INFO - [2024-10-31T06:23:56.527+0000] {dag.py:4180} INFO - Setting next_dagrun for example_python_operator to None, run_after=None
[2024-10-31T06:23:56.546+0000] {processor.py:208} INFO - Processing /home/airflow/.local/lib/python3.12/site-packages/airflow/example_dags/example_python_operator.py took 0.075 seconds
[2024-10-31T06:24:27.405+0000] {processor.py:186} INFO - Started process (PID=403) to work on /home/airflow/.local/lib/python3.12/site-packages/airflow/example_dags/example_python_operator.py
[2024-10-31T06:24:27.407+0000] {processor.py:914} INFO - Processing file /home/airflow/.local/lib/python3.12/site-packages/airflow/example_dags/example_python_operator.py for tasks to queue
[2024-10-31T06:24:27.411+0000] {logging_mixin.py:190} INFO - [2024-10-31T06:24:27.411+0000] {dagbag.py:588} INFO - Filling up the DagBag from /home/airflow/.local/lib/python3.12/site-packages/airflow/example_dags/example_python_operator.py
[2024-10-31T06:24:27.425+0000] {processor.py:925} INFO - DAG(s) 'example_python_operator' retrieved from /home/airflow/.local/lib/python3.12/site-packages/airflow/example_dags/example_python_operator.py
[2024-10-31T06:24:27.451+0000] {logging_mixin.py:190} INFO - [2024-10-31T06:24:27.451+0000] {dag.py:3239} INFO - Sync 1 DAGs
[2024-10-31T06:24:27.469+0000] {logging_mixin.py:190} INFO - [2024-10-31T06:24:27.468+0000] {dag.py:4180} INFO - Setting next_dagrun for example_python_operator to None, run_after=None
[2024-10-31T06:24:27.496+0000] {processor.py:208} INFO - Processing /home/airflow/.local/lib/python3.12/site-packages/airflow/example_dags/example_python_operator.py took 0.100 seconds
[2024-10-31T06:24:58.326+0000] {processor.py:186} INFO - Started process (PID=469) to work on /home/airflow/.local/lib/python3.12/site-packages/airflow/example_dags/example_python_operator.py
[2024-10-31T06:24:58.327+0000] {processor.py:914} INFO - Processing file /home/airflow/.local/lib/python3.12/site-packages/airflow/example_dags/example_python_operator.py for tasks to queue
[2024-10-31T06:24:58.329+0000] {logging_mixin.py:190} INFO - [2024-10-31T06:24:58.329+0000] {dagbag.py:588} INFO - Filling up the DagBag from /home/airflow/.local/lib/python3.12/site-packages/airflow/example_dags/example_python_operator.py
[2024-10-31T06:24:58.340+0000] {processor.py:925} INFO - DAG(s) 'example_python_operator' retrieved from /home/airflow/.local/lib/python3.12/site-packages/airflow/example_dags/example_python_operator.py
[2024-10-31T06:24:58.359+0000] {logging_mixin.py:190} INFO - [2024-10-31T06:24:58.359+0000] {dag.py:3239} INFO - Sync 1 DAGs
[2024-10-31T06:24:58.371+0000] {logging_mixin.py:190} INFO - [2024-10-31T06:24:58.371+0000] {dag.py:4180} INFO - Setting next_dagrun for example_python_operator to None, run_after=None
[2024-10-31T06:24:58.389+0000] {processor.py:208} INFO - Processing /home/airflow/.local/lib/python3.12/site-packages/airflow/example_dags/example_python_operator.py took 0.067 seconds
[2024-10-31T06:25:29.349+0000] {processor.py:186} INFO - Started process (PID=531) to work on /home/airflow/.local/lib/python3.12/site-packages/airflow/example_dags/example_python_operator.py
[2024-10-31T06:25:29.350+0000] {processor.py:914} INFO - Processing file /home/airflow/.local/lib/python3.12/site-packages/airflow/example_dags/example_python_operator.py for tasks to queue
[2024-10-31T06:25:29.354+0000] {logging_mixin.py:190} INFO - [2024-10-31T06:25:29.353+0000] {dagbag.py:588} INFO - Filling up the DagBag from /home/airflow/.local/lib/python3.12/site-packages/airflow/example_dags/example_python_operator.py
[2024-10-31T06:25:29.379+0000] {processor.py:925} INFO - DAG(s) 'example_python_operator' retrieved from /home/airflow/.local/lib/python3.12/site-packages/airflow/example_dags/example_python_operator.py
[2024-10-31T06:25:29.426+0000] {logging_mixin.py:190} INFO - [2024-10-31T06:25:29.425+0000] {dag.py:3239} INFO - Sync 1 DAGs
[2024-10-31T06:25:29.452+0000] {logging_mixin.py:190} INFO - [2024-10-31T06:25:29.452+0000] {dag.py:4180} INFO - Setting next_dagrun for example_python_operator to None, run_after=None
[2024-10-31T06:25:29.478+0000] {processor.py:208} INFO - Processing /home/airflow/.local/lib/python3.12/site-packages/airflow/example_dags/example_python_operator.py took 0.135 seconds
[2024-10-31T06:25:59.860+0000] {processor.py:186} INFO - Started process (PID=593) to work on /home/airflow/.local/lib/python3.12/site-packages/airflow/example_dags/example_python_operator.py
[2024-10-31T06:25:59.861+0000] {processor.py:914} INFO - Processing file /home/airflow/.local/lib/python3.12/site-packages/airflow/example_dags/example_python_operator.py for tasks to queue
[2024-10-31T06:25:59.863+0000] {logging_mixin.py:190} INFO - [2024-10-31T06:25:59.863+0000] {dagbag.py:588} INFO - Filling up the DagBag from /home/airflow/.local/lib/python3.12/site-packages/airflow/example_dags/example_python_operator.py
[2024-10-31T06:25:59.878+0000] {processor.py:925} INFO - DAG(s) 'example_python_operator' retrieved from /home/airflow/.local/lib/python3.12/site-packages/airflow/example_dags/example_python_operator.py
[2024-10-31T06:25:59.899+0000] {logging_mixin.py:190} INFO - [2024-10-31T06:25:59.899+0000] {dag.py:3239} INFO - Sync 1 DAGs
[2024-10-31T06:25:59.913+0000] {logging_mixin.py:190} INFO - [2024-10-31T06:25:59.912+0000] {dag.py:4180} INFO - Setting next_dagrun for example_python_operator to None, run_after=None
[2024-10-31T06:25:59.927+0000] {processor.py:208} INFO - Processing /home/airflow/.local/lib/python3.12/site-packages/airflow/example_dags/example_python_operator.py took 0.075 seconds
[2024-10-31T06:26:30.515+0000] {processor.py:186} INFO - Started process (PID=655) to work on /home/airflow/.local/lib/python3.12/site-packages/airflow/example_dags/example_python_operator.py
[2024-10-31T06:26:30.516+0000] {processor.py:914} INFO - Processing file /home/airflow/.local/lib/python3.12/site-packages/airflow/example_dags/example_python_operator.py for tasks to queue
[2024-10-31T06:26:30.519+0000] {logging_mixin.py:190} INFO - [2024-10-31T06:26:30.519+0000] {dagbag.py:588} INFO - Filling up the DagBag from /home/airflow/.local/lib/python3.12/site-packages/airflow/example_dags/example_python_operator.py
[2024-10-31T06:26:30.535+0000] {processor.py:925} INFO - DAG(s) 'example_python_operator' retrieved from /home/airflow/.local/lib/python3.12/site-packages/airflow/example_dags/example_python_operator.py
[2024-10-31T06:26:30.559+0000] {logging_mixin.py:190} INFO - [2024-10-31T06:26:30.558+0000] {dag.py:3239} INFO - Sync 1 DAGs
[2024-10-31T06:26:30.576+0000] {logging_mixin.py:190} INFO - [2024-10-31T06:26:30.575+0000] {dag.py:4180} INFO - Setting next_dagrun for example_python_operator to None, run_after=None
[2024-10-31T06:26:30.597+0000] {processor.py:208} INFO - Processing /home/airflow/.local/lib/python3.12/site-packages/airflow/example_dags/example_python_operator.py took 0.092 seconds
[2024-10-31T06:27:01.006+0000] {processor.py:186} INFO - Started process (PID=717) to work on /home/airflow/.local/lib/python3.12/site-packages/airflow/example_dags/example_python_operator.py
[2024-10-31T06:27:01.007+0000] {processor.py:914} INFO - Processing file /home/airflow/.local/lib/python3.12/site-packages/airflow/example_dags/example_python_operator.py for tasks to queue
[2024-10-31T06:27:01.009+0000] {logging_mixin.py:190} INFO - [2024-10-31T06:27:01.009+0000] {dagbag.py:588} INFO - Filling up the DagBag from /home/airflow/.local/lib/python3.12/site-packages/airflow/example_dags/example_python_operator.py
[2024-10-31T06:27:01.020+0000] {processor.py:925} INFO - DAG(s) 'example_python_operator' retrieved from /home/airflow/.local/lib/python3.12/site-packages/airflow/example_dags/example_python_operator.py
[2024-10-31T06:27:01.037+0000] {logging_mixin.py:190} INFO - [2024-10-31T06:27:01.037+0000] {dag.py:3239} INFO - Sync 1 DAGs
[2024-10-31T06:27:01.048+0000] {logging_mixin.py:190} INFO - [2024-10-31T06:27:01.048+0000] {dag.py:4180} INFO - Setting next_dagrun for example_python_operator to None, run_after=None
[2024-10-31T06:27:01.062+0000] {processor.py:208} INFO - Processing /home/airflow/.local/lib/python3.12/site-packages/airflow/example_dags/example_python_operator.py took 0.060 seconds
[2024-10-31T06:27:31.094+0000] {processor.py:186} INFO - Started process (PID=779) to work on /home/airflow/.local/lib/python3.12/site-packages/airflow/example_dags/example_python_operator.py
[2024-10-31T06:27:31.095+0000] {processor.py:914} INFO - Processing file /home/airflow/.local/lib/python3.12/site-packages/airflow/example_dags/example_python_operator.py for tasks to queue
[2024-10-31T06:27:31.096+0000] {logging_mixin.py:190} INFO - [2024-10-31T06:27:31.096+0000] {dagbag.py:588} INFO - Filling up the DagBag from /home/airflow/.local/lib/python3.12/site-packages/airflow/example_dags/example_python_operator.py
[2024-10-31T06:27:31.106+0000] {processor.py:925} INFO - DAG(s) 'example_python_operator' retrieved from /home/airflow/.local/lib/python3.12/site-packages/airflow/example_dags/example_python_operator.py
[2024-10-31T06:27:31.122+0000] {logging_mixin.py:190} INFO - [2024-10-31T06:27:31.122+0000] {dag.py:3239} INFO - Sync 1 DAGs
[2024-10-31T06:27:31.133+0000] {logging_mixin.py:190} INFO - [2024-10-31T06:27:31.133+0000] {dag.py:4180} INFO - Setting next_dagrun for example_python_operator to None, run_after=None
[2024-10-31T06:27:31.149+0000] {processor.py:208} INFO - Processing /home/airflow/.local/lib/python3.12/site-packages/airflow/example_dags/example_python_operator.py took 0.059 seconds
[2024-10-31T06:28:01.442+0000] {processor.py:186} INFO - Started process (PID=841) to work on /home/airflow/.local/lib/python3.12/site-packages/airflow/example_dags/example_python_operator.py
[2024-10-31T06:28:01.443+0000] {processor.py:914} INFO - Processing file /home/airflow/.local/lib/python3.12/site-packages/airflow/example_dags/example_python_operator.py for tasks to queue
[2024-10-31T06:28:01.446+0000] {logging_mixin.py:190} INFO - [2024-10-31T06:28:01.446+0000] {dagbag.py:588} INFO - Filling up the DagBag from /home/airflow/.local/lib/python3.12/site-packages/airflow/example_dags/example_python_operator.py
[2024-10-31T06:28:01.456+0000] {processor.py:925} INFO - DAG(s) 'example_python_operator' retrieved from /home/airflow/.local/lib/python3.12/site-packages/airflow/example_dags/example_python_operator.py
[2024-10-31T06:28:01.473+0000] {logging_mixin.py:190} INFO - [2024-10-31T06:28:01.473+0000] {dag.py:3239} INFO - Sync 1 DAGs
[2024-10-31T06:28:01.484+0000] {logging_mixin.py:190} INFO - [2024-10-31T06:28:01.484+0000] {dag.py:4180} INFO - Setting next_dagrun for example_python_operator to None, run_after=None
[2024-10-31T06:28:01.500+0000] {processor.py:208} INFO - Processing /home/airflow/.local/lib/python3.12/site-packages/airflow/example_dags/example_python_operator.py took 0.063 seconds
[2024-10-31T06:28:32.190+0000] {processor.py:186} INFO - Started process (PID=904) to work on /home/airflow/.local/lib/python3.12/site-packages/airflow/example_dags/example_python_operator.py
[2024-10-31T06:28:32.191+0000] {processor.py:914} INFO - Processing file /home/airflow/.local/lib/python3.12/site-packages/airflow/example_dags/example_python_operator.py for tasks to queue
[2024-10-31T06:28:32.193+0000] {logging_mixin.py:190} INFO - [2024-10-31T06:28:32.193+0000] {dagbag.py:588} INFO - Filling up the DagBag from /home/airflow/.local/lib/python3.12/site-packages/airflow/example_dags/example_python_operator.py
[2024-10-31T06:28:32.203+0000] {processor.py:925} INFO - DAG(s) 'example_python_operator' retrieved from /home/airflow/.local/lib/python3.12/site-packages/airflow/example_dags/example_python_operator.py
[2024-10-31T06:28:32.220+0000] {logging_mixin.py:190} INFO - [2024-10-31T06:28:32.219+0000] {dag.py:3239} INFO - Sync 1 DAGs
[2024-10-31T06:28:32.231+0000] {logging_mixin.py:190} INFO - [2024-10-31T06:28:32.231+0000] {dag.py:4180} INFO - Setting next_dagrun for example_python_operator to None, run_after=None
[2024-10-31T06:28:32.247+0000] {processor.py:208} INFO - Processing /home/airflow/.local/lib/python3.12/site-packages/airflow/example_dags/example_python_operator.py took 0.062 seconds
