[2024-10-31T06:21:51.275+0000] {processor.py:186} INFO - Started process (PID=75) to work on /home/airflow/.local/lib/python3.12/site-packages/airflow/example_dags/example_bash_operator.py
[2024-10-31T06:21:51.275+0000] {processor.py:914} INFO - Processing file /home/airflow/.local/lib/python3.12/site-packages/airflow/example_dags/example_bash_operator.py for tasks to queue
[2024-10-31T06:21:51.277+0000] {logging_mixin.py:190} INFO - [2024-10-31T06:21:51.277+0000] {dagbag.py:588} INFO - Filling up the DagBag from /home/airflow/.local/lib/python3.12/site-packages/airflow/example_dags/example_bash_operator.py
[2024-10-31T06:21:51.287+0000] {processor.py:925} INFO - DAG(s) 'example_bash_operator' retrieved from /home/airflow/.local/lib/python3.12/site-packages/airflow/example_dags/example_bash_operator.py
[2024-10-31T06:21:51.374+0000] {logging_mixin.py:190} INFO - [2024-10-31T06:21:51.373+0000] {override.py:1900} INFO - Created Permission View: can delete on DAG:example_bash_operator
[2024-10-31T06:21:51.383+0000] {logging_mixin.py:190} INFO - [2024-10-31T06:21:51.383+0000] {override.py:1900} INFO - Created Permission View: can read on DAG:example_bash_operator
[2024-10-31T06:21:51.389+0000] {logging_mixin.py:190} INFO - [2024-10-31T06:21:51.389+0000] {override.py:1900} INFO - Created Permission View: can edit on DAG:example_bash_operator
[2024-10-31T06:21:51.399+0000] {logging_mixin.py:190} INFO - [2024-10-31T06:21:51.399+0000] {override.py:1900} INFO - Created Permission View: can delete on DAG Run:example_bash_operator
[2024-10-31T06:21:51.405+0000] {logging_mixin.py:190} INFO - [2024-10-31T06:21:51.405+0000] {override.py:1900} INFO - Created Permission View: can create on DAG Run:example_bash_operator
[2024-10-31T06:21:51.411+0000] {logging_mixin.py:190} INFO - [2024-10-31T06:21:51.411+0000] {override.py:1900} INFO - Created Permission View: can read on DAG Run:example_bash_operator
[2024-10-31T06:21:51.417+0000] {logging_mixin.py:190} INFO - [2024-10-31T06:21:51.417+0000] {override.py:1900} INFO - Created Permission View: menu access on DAG Run:example_bash_operator
[2024-10-31T06:21:51.417+0000] {logging_mixin.py:190} INFO - [2024-10-31T06:21:51.417+0000] {dag.py:3239} INFO - Sync 1 DAGs
[2024-10-31T06:21:51.429+0000] {logging_mixin.py:190} INFO - [2024-10-31T06:21:51.428+0000] {dag.py:3262} INFO - Creating ORM DAG for example_bash_operator
[2024-10-31T06:21:51.438+0000] {logging_mixin.py:190} INFO - [2024-10-31T06:21:51.437+0000] {dag.py:4180} INFO - Setting next_dagrun for example_bash_operator to 2024-10-30 00:00:00+00:00, run_after=2024-10-31 00:00:00+00:00
[2024-10-31T06:21:51.454+0000] {processor.py:208} INFO - Processing /home/airflow/.local/lib/python3.12/site-packages/airflow/example_dags/example_bash_operator.py took 0.183 seconds
[2024-10-31T06:22:22.248+0000] {processor.py:186} INFO - Started process (PID=137) to work on /home/airflow/.local/lib/python3.12/site-packages/airflow/example_dags/example_bash_operator.py
[2024-10-31T06:22:22.249+0000] {processor.py:914} INFO - Processing file /home/airflow/.local/lib/python3.12/site-packages/airflow/example_dags/example_bash_operator.py for tasks to queue
[2024-10-31T06:22:22.251+0000] {logging_mixin.py:190} INFO - [2024-10-31T06:22:22.251+0000] {dagbag.py:588} INFO - Filling up the DagBag from /home/airflow/.local/lib/python3.12/site-packages/airflow/example_dags/example_bash_operator.py
[2024-10-31T06:22:22.261+0000] {processor.py:925} INFO - DAG(s) 'example_bash_operator' retrieved from /home/airflow/.local/lib/python3.12/site-packages/airflow/example_dags/example_bash_operator.py
[2024-10-31T06:22:22.281+0000] {logging_mixin.py:190} INFO - [2024-10-31T06:22:22.280+0000] {dag.py:3239} INFO - Sync 1 DAGs
[2024-10-31T06:22:22.299+0000] {logging_mixin.py:190} INFO - [2024-10-31T06:22:22.299+0000] {dag.py:4180} INFO - Setting next_dagrun for example_bash_operator to 2024-10-30 00:00:00+00:00, run_after=2024-10-31 00:00:00+00:00
[2024-10-31T06:22:22.313+0000] {processor.py:208} INFO - Processing /home/airflow/.local/lib/python3.12/site-packages/airflow/example_dags/example_bash_operator.py took 0.069 seconds
[2024-10-31T06:22:52.930+0000] {processor.py:186} INFO - Started process (PID=199) to work on /home/airflow/.local/lib/python3.12/site-packages/airflow/example_dags/example_bash_operator.py
[2024-10-31T06:22:52.931+0000] {processor.py:914} INFO - Processing file /home/airflow/.local/lib/python3.12/site-packages/airflow/example_dags/example_bash_operator.py for tasks to queue
[2024-10-31T06:22:52.933+0000] {logging_mixin.py:190} INFO - [2024-10-31T06:22:52.932+0000] {dagbag.py:588} INFO - Filling up the DagBag from /home/airflow/.local/lib/python3.12/site-packages/airflow/example_dags/example_bash_operator.py
[2024-10-31T06:22:52.944+0000] {processor.py:925} INFO - DAG(s) 'example_bash_operator' retrieved from /home/airflow/.local/lib/python3.12/site-packages/airflow/example_dags/example_bash_operator.py
[2024-10-31T06:22:52.968+0000] {logging_mixin.py:190} INFO - [2024-10-31T06:22:52.968+0000] {dag.py:3239} INFO - Sync 1 DAGs
[2024-10-31T06:22:52.985+0000] {logging_mixin.py:190} INFO - [2024-10-31T06:22:52.985+0000] {dag.py:4180} INFO - Setting next_dagrun for example_bash_operator to 2024-10-30 00:00:00+00:00, run_after=2024-10-31 00:00:00+00:00
[2024-10-31T06:22:53.001+0000] {processor.py:208} INFO - Processing /home/airflow/.local/lib/python3.12/site-packages/airflow/example_dags/example_bash_operator.py took 0.075 seconds
[2024-10-31T06:23:23.624+0000] {processor.py:186} INFO - Started process (PID=261) to work on /home/airflow/.local/lib/python3.12/site-packages/airflow/example_dags/example_bash_operator.py
[2024-10-31T06:23:23.624+0000] {processor.py:914} INFO - Processing file /home/airflow/.local/lib/python3.12/site-packages/airflow/example_dags/example_bash_operator.py for tasks to queue
[2024-10-31T06:23:23.626+0000] {logging_mixin.py:190} INFO - [2024-10-31T06:23:23.626+0000] {dagbag.py:588} INFO - Filling up the DagBag from /home/airflow/.local/lib/python3.12/site-packages/airflow/example_dags/example_bash_operator.py
[2024-10-31T06:23:23.635+0000] {processor.py:925} INFO - DAG(s) 'example_bash_operator' retrieved from /home/airflow/.local/lib/python3.12/site-packages/airflow/example_dags/example_bash_operator.py
[2024-10-31T06:23:23.653+0000] {logging_mixin.py:190} INFO - [2024-10-31T06:23:23.653+0000] {dag.py:3239} INFO - Sync 1 DAGs
[2024-10-31T06:23:23.671+0000] {logging_mixin.py:190} INFO - [2024-10-31T06:23:23.671+0000] {dag.py:4180} INFO - Setting next_dagrun for example_bash_operator to 2024-10-30 00:00:00+00:00, run_after=2024-10-31 00:00:00+00:00
[2024-10-31T06:23:23.685+0000] {processor.py:208} INFO - Processing /home/airflow/.local/lib/python3.12/site-packages/airflow/example_dags/example_bash_operator.py took 0.065 seconds
[2024-10-31T06:23:54.340+0000] {processor.py:186} INFO - Started process (PID=323) to work on /home/airflow/.local/lib/python3.12/site-packages/airflow/example_dags/example_bash_operator.py
[2024-10-31T06:23:54.341+0000] {processor.py:914} INFO - Processing file /home/airflow/.local/lib/python3.12/site-packages/airflow/example_dags/example_bash_operator.py for tasks to queue
[2024-10-31T06:23:54.343+0000] {logging_mixin.py:190} INFO - [2024-10-31T06:23:54.342+0000] {dagbag.py:588} INFO - Filling up the DagBag from /home/airflow/.local/lib/python3.12/site-packages/airflow/example_dags/example_bash_operator.py
[2024-10-31T06:23:54.352+0000] {processor.py:925} INFO - DAG(s) 'example_bash_operator' retrieved from /home/airflow/.local/lib/python3.12/site-packages/airflow/example_dags/example_bash_operator.py
[2024-10-31T06:23:54.371+0000] {logging_mixin.py:190} INFO - [2024-10-31T06:23:54.371+0000] {dag.py:3239} INFO - Sync 1 DAGs
[2024-10-31T06:23:54.387+0000] {logging_mixin.py:190} INFO - [2024-10-31T06:23:54.387+0000] {dag.py:4180} INFO - Setting next_dagrun for example_bash_operator to 2024-10-30 00:00:00+00:00, run_after=2024-10-31 00:00:00+00:00
[2024-10-31T06:23:54.400+0000] {processor.py:208} INFO - Processing /home/airflow/.local/lib/python3.12/site-packages/airflow/example_dags/example_bash_operator.py took 0.066 seconds
[2024-10-31T06:24:24.709+0000] {processor.py:186} INFO - Started process (PID=385) to work on /home/airflow/.local/lib/python3.12/site-packages/airflow/example_dags/example_bash_operator.py
[2024-10-31T06:24:24.710+0000] {processor.py:914} INFO - Processing file /home/airflow/.local/lib/python3.12/site-packages/airflow/example_dags/example_bash_operator.py for tasks to queue
[2024-10-31T06:24:24.712+0000] {logging_mixin.py:190} INFO - [2024-10-31T06:24:24.712+0000] {dagbag.py:588} INFO - Filling up the DagBag from /home/airflow/.local/lib/python3.12/site-packages/airflow/example_dags/example_bash_operator.py
[2024-10-31T06:24:24.726+0000] {processor.py:925} INFO - DAG(s) 'example_bash_operator' retrieved from /home/airflow/.local/lib/python3.12/site-packages/airflow/example_dags/example_bash_operator.py
[2024-10-31T06:24:24.751+0000] {logging_mixin.py:190} INFO - [2024-10-31T06:24:24.751+0000] {dag.py:3239} INFO - Sync 1 DAGs
[2024-10-31T06:24:24.779+0000] {logging_mixin.py:190} INFO - [2024-10-31T06:24:24.779+0000] {dag.py:4180} INFO - Setting next_dagrun for example_bash_operator to 2024-10-30 00:00:00+00:00, run_after=2024-10-31 00:00:00+00:00
[2024-10-31T06:24:24.802+0000] {processor.py:208} INFO - Processing /home/airflow/.local/lib/python3.12/site-packages/airflow/example_dags/example_bash_operator.py took 0.099 seconds
[2024-10-31T06:24:55.881+0000] {processor.py:186} INFO - Started process (PID=451) to work on /home/airflow/.local/lib/python3.12/site-packages/airflow/example_dags/example_bash_operator.py
[2024-10-31T06:24:55.883+0000] {processor.py:914} INFO - Processing file /home/airflow/.local/lib/python3.12/site-packages/airflow/example_dags/example_bash_operator.py for tasks to queue
[2024-10-31T06:24:55.886+0000] {logging_mixin.py:190} INFO - [2024-10-31T06:24:55.886+0000] {dagbag.py:588} INFO - Filling up the DagBag from /home/airflow/.local/lib/python3.12/site-packages/airflow/example_dags/example_bash_operator.py
[2024-10-31T06:24:55.902+0000] {processor.py:925} INFO - DAG(s) 'example_bash_operator' retrieved from /home/airflow/.local/lib/python3.12/site-packages/airflow/example_dags/example_bash_operator.py
[2024-10-31T06:24:55.939+0000] {logging_mixin.py:190} INFO - [2024-10-31T06:24:55.939+0000] {dag.py:3239} INFO - Sync 1 DAGs
[2024-10-31T06:24:55.977+0000] {logging_mixin.py:190} INFO - [2024-10-31T06:24:55.976+0000] {dag.py:4180} INFO - Setting next_dagrun for example_bash_operator to 2024-10-30 00:00:00+00:00, run_after=2024-10-31 00:00:00+00:00
[2024-10-31T06:24:56.007+0000] {processor.py:208} INFO - Processing /home/airflow/.local/lib/python3.12/site-packages/airflow/example_dags/example_bash_operator.py took 0.134 seconds
[2024-10-31T06:25:26.075+0000] {processor.py:186} INFO - Started process (PID=513) to work on /home/airflow/.local/lib/python3.12/site-packages/airflow/example_dags/example_bash_operator.py
[2024-10-31T06:25:26.076+0000] {processor.py:914} INFO - Processing file /home/airflow/.local/lib/python3.12/site-packages/airflow/example_dags/example_bash_operator.py for tasks to queue
[2024-10-31T06:25:26.078+0000] {logging_mixin.py:190} INFO - [2024-10-31T06:25:26.078+0000] {dagbag.py:588} INFO - Filling up the DagBag from /home/airflow/.local/lib/python3.12/site-packages/airflow/example_dags/example_bash_operator.py
[2024-10-31T06:25:26.091+0000] {processor.py:925} INFO - DAG(s) 'example_bash_operator' retrieved from /home/airflow/.local/lib/python3.12/site-packages/airflow/example_dags/example_bash_operator.py
[2024-10-31T06:25:26.115+0000] {logging_mixin.py:190} INFO - [2024-10-31T06:25:26.114+0000] {dag.py:3239} INFO - Sync 1 DAGs
[2024-10-31T06:25:26.138+0000] {logging_mixin.py:190} INFO - [2024-10-31T06:25:26.137+0000] {dag.py:4180} INFO - Setting next_dagrun for example_bash_operator to 2024-10-30 00:00:00+00:00, run_after=2024-10-31 00:00:00+00:00
[2024-10-31T06:25:26.156+0000] {processor.py:208} INFO - Processing /home/airflow/.local/lib/python3.12/site-packages/airflow/example_dags/example_bash_operator.py took 0.087 seconds
[2024-10-31T06:25:56.459+0000] {processor.py:186} INFO - Started process (PID=575) to work on /home/airflow/.local/lib/python3.12/site-packages/airflow/example_dags/example_bash_operator.py
[2024-10-31T06:25:56.459+0000] {processor.py:914} INFO - Processing file /home/airflow/.local/lib/python3.12/site-packages/airflow/example_dags/example_bash_operator.py for tasks to queue
[2024-10-31T06:25:56.461+0000] {logging_mixin.py:190} INFO - [2024-10-31T06:25:56.461+0000] {dagbag.py:588} INFO - Filling up the DagBag from /home/airflow/.local/lib/python3.12/site-packages/airflow/example_dags/example_bash_operator.py
[2024-10-31T06:25:56.472+0000] {processor.py:925} INFO - DAG(s) 'example_bash_operator' retrieved from /home/airflow/.local/lib/python3.12/site-packages/airflow/example_dags/example_bash_operator.py
[2024-10-31T06:25:56.493+0000] {logging_mixin.py:190} INFO - [2024-10-31T06:25:56.492+0000] {dag.py:3239} INFO - Sync 1 DAGs
[2024-10-31T06:25:56.512+0000] {logging_mixin.py:190} INFO - [2024-10-31T06:25:56.512+0000] {dag.py:4180} INFO - Setting next_dagrun for example_bash_operator to 2024-10-30 00:00:00+00:00, run_after=2024-10-31 00:00:00+00:00
[2024-10-31T06:25:56.528+0000] {processor.py:208} INFO - Processing /home/airflow/.local/lib/python3.12/site-packages/airflow/example_dags/example_bash_operator.py took 0.075 seconds
[2024-10-31T06:26:27.111+0000] {processor.py:186} INFO - Started process (PID=637) to work on /home/airflow/.local/lib/python3.12/site-packages/airflow/example_dags/example_bash_operator.py
[2024-10-31T06:26:27.112+0000] {processor.py:914} INFO - Processing file /home/airflow/.local/lib/python3.12/site-packages/airflow/example_dags/example_bash_operator.py for tasks to queue
[2024-10-31T06:26:27.113+0000] {logging_mixin.py:190} INFO - [2024-10-31T06:26:27.113+0000] {dagbag.py:588} INFO - Filling up the DagBag from /home/airflow/.local/lib/python3.12/site-packages/airflow/example_dags/example_bash_operator.py
[2024-10-31T06:26:27.124+0000] {processor.py:925} INFO - DAG(s) 'example_bash_operator' retrieved from /home/airflow/.local/lib/python3.12/site-packages/airflow/example_dags/example_bash_operator.py
[2024-10-31T06:26:27.145+0000] {logging_mixin.py:190} INFO - [2024-10-31T06:26:27.145+0000] {dag.py:3239} INFO - Sync 1 DAGs
[2024-10-31T06:26:27.162+0000] {logging_mixin.py:190} INFO - [2024-10-31T06:26:27.162+0000] {dag.py:4180} INFO - Setting next_dagrun for example_bash_operator to 2024-10-30 00:00:00+00:00, run_after=2024-10-31 00:00:00+00:00
[2024-10-31T06:26:27.179+0000] {processor.py:208} INFO - Processing /home/airflow/.local/lib/python3.12/site-packages/airflow/example_dags/example_bash_operator.py took 0.073 seconds
[2024-10-31T06:26:57.694+0000] {processor.py:186} INFO - Started process (PID=699) to work on /home/airflow/.local/lib/python3.12/site-packages/airflow/example_dags/example_bash_operator.py
[2024-10-31T06:26:57.694+0000] {processor.py:914} INFO - Processing file /home/airflow/.local/lib/python3.12/site-packages/airflow/example_dags/example_bash_operator.py for tasks to queue
[2024-10-31T06:26:57.696+0000] {logging_mixin.py:190} INFO - [2024-10-31T06:26:57.696+0000] {dagbag.py:588} INFO - Filling up the DagBag from /home/airflow/.local/lib/python3.12/site-packages/airflow/example_dags/example_bash_operator.py
[2024-10-31T06:26:57.707+0000] {processor.py:925} INFO - DAG(s) 'example_bash_operator' retrieved from /home/airflow/.local/lib/python3.12/site-packages/airflow/example_dags/example_bash_operator.py
[2024-10-31T06:26:57.729+0000] {logging_mixin.py:190} INFO - [2024-10-31T06:26:57.729+0000] {dag.py:3239} INFO - Sync 1 DAGs
[2024-10-31T06:26:57.747+0000] {logging_mixin.py:190} INFO - [2024-10-31T06:26:57.747+0000] {dag.py:4180} INFO - Setting next_dagrun for example_bash_operator to 2024-10-30 00:00:00+00:00, run_after=2024-10-31 00:00:00+00:00
[2024-10-31T06:26:57.762+0000] {processor.py:208} INFO - Processing /home/airflow/.local/lib/python3.12/site-packages/airflow/example_dags/example_bash_operator.py took 0.073 seconds
[2024-10-31T06:27:28.006+0000] {processor.py:186} INFO - Started process (PID=761) to work on /home/airflow/.local/lib/python3.12/site-packages/airflow/example_dags/example_bash_operator.py
[2024-10-31T06:27:28.006+0000] {processor.py:914} INFO - Processing file /home/airflow/.local/lib/python3.12/site-packages/airflow/example_dags/example_bash_operator.py for tasks to queue
[2024-10-31T06:27:28.008+0000] {logging_mixin.py:190} INFO - [2024-10-31T06:27:28.008+0000] {dagbag.py:588} INFO - Filling up the DagBag from /home/airflow/.local/lib/python3.12/site-packages/airflow/example_dags/example_bash_operator.py
[2024-10-31T06:27:28.018+0000] {processor.py:925} INFO - DAG(s) 'example_bash_operator' retrieved from /home/airflow/.local/lib/python3.12/site-packages/airflow/example_dags/example_bash_operator.py
[2024-10-31T06:27:28.037+0000] {logging_mixin.py:190} INFO - [2024-10-31T06:27:28.037+0000] {dag.py:3239} INFO - Sync 1 DAGs
[2024-10-31T06:27:28.055+0000] {logging_mixin.py:190} INFO - [2024-10-31T06:27:28.055+0000] {dag.py:4180} INFO - Setting next_dagrun for example_bash_operator to 2024-10-30 00:00:00+00:00, run_after=2024-10-31 00:00:00+00:00
[2024-10-31T06:27:28.071+0000] {processor.py:208} INFO - Processing /home/airflow/.local/lib/python3.12/site-packages/airflow/example_dags/example_bash_operator.py took 0.070 seconds
[2024-10-31T06:27:59.310+0000] {processor.py:186} INFO - Started process (PID=823) to work on /home/airflow/.local/lib/python3.12/site-packages/airflow/example_dags/example_bash_operator.py
[2024-10-31T06:27:59.311+0000] {processor.py:914} INFO - Processing file /home/airflow/.local/lib/python3.12/site-packages/airflow/example_dags/example_bash_operator.py for tasks to queue
[2024-10-31T06:27:59.313+0000] {logging_mixin.py:190} INFO - [2024-10-31T06:27:59.313+0000] {dagbag.py:588} INFO - Filling up the DagBag from /home/airflow/.local/lib/python3.12/site-packages/airflow/example_dags/example_bash_operator.py
[2024-10-31T06:27:59.324+0000] {processor.py:925} INFO - DAG(s) 'example_bash_operator' retrieved from /home/airflow/.local/lib/python3.12/site-packages/airflow/example_dags/example_bash_operator.py
[2024-10-31T06:27:59.344+0000] {logging_mixin.py:190} INFO - [2024-10-31T06:27:59.344+0000] {dag.py:3239} INFO - Sync 1 DAGs
[2024-10-31T06:27:59.362+0000] {logging_mixin.py:190} INFO - [2024-10-31T06:27:59.361+0000] {dag.py:4180} INFO - Setting next_dagrun for example_bash_operator to 2024-10-30 00:00:00+00:00, run_after=2024-10-31 00:00:00+00:00
[2024-10-31T06:27:59.377+0000] {processor.py:208} INFO - Processing /home/airflow/.local/lib/python3.12/site-packages/airflow/example_dags/example_bash_operator.py took 0.071 seconds
[2024-10-31T06:28:29.937+0000] {processor.py:186} INFO - Started process (PID=886) to work on /home/airflow/.local/lib/python3.12/site-packages/airflow/example_dags/example_bash_operator.py
[2024-10-31T06:28:29.938+0000] {processor.py:914} INFO - Processing file /home/airflow/.local/lib/python3.12/site-packages/airflow/example_dags/example_bash_operator.py for tasks to queue
[2024-10-31T06:28:29.940+0000] {logging_mixin.py:190} INFO - [2024-10-31T06:28:29.940+0000] {dagbag.py:588} INFO - Filling up the DagBag from /home/airflow/.local/lib/python3.12/site-packages/airflow/example_dags/example_bash_operator.py
[2024-10-31T06:28:29.950+0000] {processor.py:925} INFO - DAG(s) 'example_bash_operator' retrieved from /home/airflow/.local/lib/python3.12/site-packages/airflow/example_dags/example_bash_operator.py
[2024-10-31T06:28:29.970+0000] {logging_mixin.py:190} INFO - [2024-10-31T06:28:29.970+0000] {dag.py:3239} INFO - Sync 1 DAGs
[2024-10-31T06:28:29.988+0000] {logging_mixin.py:190} INFO - [2024-10-31T06:28:29.988+0000] {dag.py:4180} INFO - Setting next_dagrun for example_bash_operator to 2024-10-30 00:00:00+00:00, run_after=2024-10-31 00:00:00+00:00
[2024-10-31T06:28:30.004+0000] {processor.py:208} INFO - Processing /home/airflow/.local/lib/python3.12/site-packages/airflow/example_dags/example_bash_operator.py took 0.071 seconds
