[2024-10-31T06:21:53.315+0000] {processor.py:186} INFO - Started process (PID=92) to work on /home/airflow/.local/lib/python3.12/site-packages/airflow/example_dags/tutorial_dag.py
[2024-10-31T06:21:53.315+0000] {processor.py:914} INFO - Processing file /home/airflow/.local/lib/python3.12/site-packages/airflow/example_dags/tutorial_dag.py for tasks to queue
[2024-10-31T06:21:53.317+0000] {logging_mixin.py:190} INFO - [2024-10-31T06:21:53.317+0000] {dagbag.py:588} INFO - Filling up the DagBag from /home/airflow/.local/lib/python3.12/site-packages/airflow/example_dags/tutorial_dag.py
[2024-10-31T06:21:53.324+0000] {processor.py:925} INFO - DAG(s) 'tutorial_dag' retrieved from /home/airflow/.local/lib/python3.12/site-packages/airflow/example_dags/tutorial_dag.py
[2024-10-31T06:21:53.401+0000] {logging_mixin.py:190} INFO - [2024-10-31T06:21:53.400+0000] {override.py:1900} INFO - Created Permission View: can delete on DAG:tutorial_dag
[2024-10-31T06:21:53.411+0000] {logging_mixin.py:190} INFO - [2024-10-31T06:21:53.411+0000] {override.py:1900} INFO - Created Permission View: can read on DAG:tutorial_dag
[2024-10-31T06:21:53.417+0000] {logging_mixin.py:190} INFO - [2024-10-31T06:21:53.417+0000] {override.py:1900} INFO - Created Permission View: can edit on DAG:tutorial_dag
[2024-10-31T06:21:53.424+0000] {logging_mixin.py:190} INFO - [2024-10-31T06:21:53.424+0000] {override.py:1900} INFO - Created Permission View: can delete on DAG Run:tutorial_dag
[2024-10-31T06:21:53.432+0000] {logging_mixin.py:190} INFO - [2024-10-31T06:21:53.431+0000] {override.py:1900} INFO - Created Permission View: can create on DAG Run:tutorial_dag
[2024-10-31T06:21:53.437+0000] {logging_mixin.py:190} INFO - [2024-10-31T06:21:53.437+0000] {override.py:1900} INFO - Created Permission View: can read on DAG Run:tutorial_dag
[2024-10-31T06:21:53.443+0000] {logging_mixin.py:190} INFO - [2024-10-31T06:21:53.443+0000] {override.py:1900} INFO - Created Permission View: menu access on DAG Run:tutorial_dag
[2024-10-31T06:21:53.443+0000] {logging_mixin.py:190} INFO - [2024-10-31T06:21:53.443+0000] {dag.py:3239} INFO - Sync 1 DAGs
[2024-10-31T06:21:53.452+0000] {logging_mixin.py:190} INFO - [2024-10-31T06:21:53.451+0000] {dag.py:3262} INFO - Creating ORM DAG for tutorial_dag
[2024-10-31T06:21:53.452+0000] {logging_mixin.py:190} INFO - [2024-10-31T06:21:53.452+0000] {dag.py:4180} INFO - Setting next_dagrun for tutorial_dag to None, run_after=None
[2024-10-31T06:21:53.464+0000] {processor.py:208} INFO - Processing /home/airflow/.local/lib/python3.12/site-packages/airflow/example_dags/tutorial_dag.py took 0.154 seconds
[2024-10-31T06:22:24.069+0000] {processor.py:186} INFO - Started process (PID=154) to work on /home/airflow/.local/lib/python3.12/site-packages/airflow/example_dags/tutorial_dag.py
[2024-10-31T06:22:24.070+0000] {processor.py:914} INFO - Processing file /home/airflow/.local/lib/python3.12/site-packages/airflow/example_dags/tutorial_dag.py for tasks to queue
[2024-10-31T06:22:24.072+0000] {logging_mixin.py:190} INFO - [2024-10-31T06:22:24.072+0000] {dagbag.py:588} INFO - Filling up the DagBag from /home/airflow/.local/lib/python3.12/site-packages/airflow/example_dags/tutorial_dag.py
[2024-10-31T06:22:24.077+0000] {processor.py:925} INFO - DAG(s) 'tutorial_dag' retrieved from /home/airflow/.local/lib/python3.12/site-packages/airflow/example_dags/tutorial_dag.py
[2024-10-31T06:22:24.091+0000] {logging_mixin.py:190} INFO - [2024-10-31T06:22:24.090+0000] {dag.py:3239} INFO - Sync 1 DAGs
[2024-10-31T06:22:24.101+0000] {logging_mixin.py:190} INFO - [2024-10-31T06:22:24.101+0000] {dag.py:4180} INFO - Setting next_dagrun for tutorial_dag to None, run_after=None
[2024-10-31T06:22:24.114+0000] {processor.py:208} INFO - Processing /home/airflow/.local/lib/python3.12/site-packages/airflow/example_dags/tutorial_dag.py took 0.049 seconds
[2024-10-31T06:22:54.759+0000] {processor.py:186} INFO - Started process (PID=216) to work on /home/airflow/.local/lib/python3.12/site-packages/airflow/example_dags/tutorial_dag.py
[2024-10-31T06:22:54.760+0000] {processor.py:914} INFO - Processing file /home/airflow/.local/lib/python3.12/site-packages/airflow/example_dags/tutorial_dag.py for tasks to queue
[2024-10-31T06:22:54.762+0000] {logging_mixin.py:190} INFO - [2024-10-31T06:22:54.762+0000] {dagbag.py:588} INFO - Filling up the DagBag from /home/airflow/.local/lib/python3.12/site-packages/airflow/example_dags/tutorial_dag.py
[2024-10-31T06:22:54.767+0000] {processor.py:925} INFO - DAG(s) 'tutorial_dag' retrieved from /home/airflow/.local/lib/python3.12/site-packages/airflow/example_dags/tutorial_dag.py
[2024-10-31T06:22:54.786+0000] {logging_mixin.py:190} INFO - [2024-10-31T06:22:54.785+0000] {dag.py:3239} INFO - Sync 1 DAGs
[2024-10-31T06:22:54.801+0000] {logging_mixin.py:190} INFO - [2024-10-31T06:22:54.801+0000] {dag.py:4180} INFO - Setting next_dagrun for tutorial_dag to None, run_after=None
[2024-10-31T06:22:54.816+0000] {processor.py:208} INFO - Processing /home/airflow/.local/lib/python3.12/site-packages/airflow/example_dags/tutorial_dag.py took 0.062 seconds
[2024-10-31T06:23:25.500+0000] {processor.py:186} INFO - Started process (PID=278) to work on /home/airflow/.local/lib/python3.12/site-packages/airflow/example_dags/tutorial_dag.py
[2024-10-31T06:23:25.501+0000] {processor.py:914} INFO - Processing file /home/airflow/.local/lib/python3.12/site-packages/airflow/example_dags/tutorial_dag.py for tasks to queue
[2024-10-31T06:23:25.503+0000] {logging_mixin.py:190} INFO - [2024-10-31T06:23:25.503+0000] {dagbag.py:588} INFO - Filling up the DagBag from /home/airflow/.local/lib/python3.12/site-packages/airflow/example_dags/tutorial_dag.py
[2024-10-31T06:23:25.510+0000] {processor.py:925} INFO - DAG(s) 'tutorial_dag' retrieved from /home/airflow/.local/lib/python3.12/site-packages/airflow/example_dags/tutorial_dag.py
[2024-10-31T06:23:25.525+0000] {logging_mixin.py:190} INFO - [2024-10-31T06:23:25.525+0000] {dag.py:3239} INFO - Sync 1 DAGs
[2024-10-31T06:23:25.537+0000] {logging_mixin.py:190} INFO - [2024-10-31T06:23:25.537+0000] {dag.py:4180} INFO - Setting next_dagrun for tutorial_dag to None, run_after=None
[2024-10-31T06:23:25.551+0000] {processor.py:208} INFO - Processing /home/airflow/.local/lib/python3.12/site-packages/airflow/example_dags/tutorial_dag.py took 0.056 seconds
[2024-10-31T06:23:56.383+0000] {processor.py:186} INFO - Started process (PID=340) to work on /home/airflow/.local/lib/python3.12/site-packages/airflow/example_dags/tutorial_dag.py
[2024-10-31T06:23:56.384+0000] {processor.py:914} INFO - Processing file /home/airflow/.local/lib/python3.12/site-packages/airflow/example_dags/tutorial_dag.py for tasks to queue
[2024-10-31T06:23:56.386+0000] {logging_mixin.py:190} INFO - [2024-10-31T06:23:56.385+0000] {dagbag.py:588} INFO - Filling up the DagBag from /home/airflow/.local/lib/python3.12/site-packages/airflow/example_dags/tutorial_dag.py
[2024-10-31T06:23:56.392+0000] {processor.py:925} INFO - DAG(s) 'tutorial_dag' retrieved from /home/airflow/.local/lib/python3.12/site-packages/airflow/example_dags/tutorial_dag.py
[2024-10-31T06:23:56.413+0000] {logging_mixin.py:190} INFO - [2024-10-31T06:23:56.413+0000] {dag.py:3239} INFO - Sync 1 DAGs
[2024-10-31T06:23:56.426+0000] {logging_mixin.py:190} INFO - [2024-10-31T06:23:56.426+0000] {dag.py:4180} INFO - Setting next_dagrun for tutorial_dag to None, run_after=None
[2024-10-31T06:23:56.447+0000] {processor.py:208} INFO - Processing /home/airflow/.local/lib/python3.12/site-packages/airflow/example_dags/tutorial_dag.py took 0.070 seconds
[2024-10-31T06:24:27.306+0000] {processor.py:186} INFO - Started process (PID=402) to work on /home/airflow/.local/lib/python3.12/site-packages/airflow/example_dags/tutorial_dag.py
[2024-10-31T06:24:27.307+0000] {processor.py:914} INFO - Processing file /home/airflow/.local/lib/python3.12/site-packages/airflow/example_dags/tutorial_dag.py for tasks to queue
[2024-10-31T06:24:27.311+0000] {logging_mixin.py:190} INFO - [2024-10-31T06:24:27.311+0000] {dagbag.py:588} INFO - Filling up the DagBag from /home/airflow/.local/lib/python3.12/site-packages/airflow/example_dags/tutorial_dag.py
[2024-10-31T06:24:27.320+0000] {processor.py:925} INFO - DAG(s) 'tutorial_dag' retrieved from /home/airflow/.local/lib/python3.12/site-packages/airflow/example_dags/tutorial_dag.py
[2024-10-31T06:24:27.338+0000] {logging_mixin.py:190} INFO - [2024-10-31T06:24:27.338+0000] {dag.py:3239} INFO - Sync 1 DAGs
[2024-10-31T06:24:27.349+0000] {logging_mixin.py:190} INFO - [2024-10-31T06:24:27.349+0000] {dag.py:4180} INFO - Setting next_dagrun for tutorial_dag to None, run_after=None
[2024-10-31T06:24:27.366+0000] {processor.py:208} INFO - Processing /home/airflow/.local/lib/python3.12/site-packages/airflow/example_dags/tutorial_dag.py took 0.067 seconds
[2024-10-31T06:24:58.254+0000] {processor.py:186} INFO - Started process (PID=468) to work on /home/airflow/.local/lib/python3.12/site-packages/airflow/example_dags/tutorial_dag.py
[2024-10-31T06:24:58.255+0000] {processor.py:914} INFO - Processing file /home/airflow/.local/lib/python3.12/site-packages/airflow/example_dags/tutorial_dag.py for tasks to queue
[2024-10-31T06:24:58.257+0000] {logging_mixin.py:190} INFO - [2024-10-31T06:24:58.256+0000] {dagbag.py:588} INFO - Filling up the DagBag from /home/airflow/.local/lib/python3.12/site-packages/airflow/example_dags/tutorial_dag.py
[2024-10-31T06:24:58.262+0000] {processor.py:925} INFO - DAG(s) 'tutorial_dag' retrieved from /home/airflow/.local/lib/python3.12/site-packages/airflow/example_dags/tutorial_dag.py
[2024-10-31T06:24:58.277+0000] {logging_mixin.py:190} INFO - [2024-10-31T06:24:58.276+0000] {dag.py:3239} INFO - Sync 1 DAGs
[2024-10-31T06:24:58.287+0000] {logging_mixin.py:190} INFO - [2024-10-31T06:24:58.287+0000] {dag.py:4180} INFO - Setting next_dagrun for tutorial_dag to None, run_after=None
[2024-10-31T06:24:58.303+0000] {processor.py:208} INFO - Processing /home/airflow/.local/lib/python3.12/site-packages/airflow/example_dags/tutorial_dag.py took 0.054 seconds
[2024-10-31T06:25:29.319+0000] {processor.py:186} INFO - Started process (PID=530) to work on /home/airflow/.local/lib/python3.12/site-packages/airflow/example_dags/tutorial_dag.py
[2024-10-31T06:25:29.320+0000] {processor.py:914} INFO - Processing file /home/airflow/.local/lib/python3.12/site-packages/airflow/example_dags/tutorial_dag.py for tasks to queue
[2024-10-31T06:25:29.323+0000] {logging_mixin.py:190} INFO - [2024-10-31T06:25:29.322+0000] {dagbag.py:588} INFO - Filling up the DagBag from /home/airflow/.local/lib/python3.12/site-packages/airflow/example_dags/tutorial_dag.py
[2024-10-31T06:25:29.331+0000] {processor.py:925} INFO - DAG(s) 'tutorial_dag' retrieved from /home/airflow/.local/lib/python3.12/site-packages/airflow/example_dags/tutorial_dag.py
[2024-10-31T06:25:29.350+0000] {logging_mixin.py:190} INFO - [2024-10-31T06:25:29.350+0000] {dag.py:3239} INFO - Sync 1 DAGs
[2024-10-31T06:25:29.374+0000] {logging_mixin.py:190} INFO - [2024-10-31T06:25:29.374+0000] {dag.py:4180} INFO - Setting next_dagrun for tutorial_dag to None, run_after=None
[2024-10-31T06:25:29.412+0000] {processor.py:208} INFO - Processing /home/airflow/.local/lib/python3.12/site-packages/airflow/example_dags/tutorial_dag.py took 0.099 seconds
[2024-10-31T06:25:59.746+0000] {processor.py:186} INFO - Started process (PID=592) to work on /home/airflow/.local/lib/python3.12/site-packages/airflow/example_dags/tutorial_dag.py
[2024-10-31T06:25:59.747+0000] {processor.py:914} INFO - Processing file /home/airflow/.local/lib/python3.12/site-packages/airflow/example_dags/tutorial_dag.py for tasks to queue
[2024-10-31T06:25:59.752+0000] {logging_mixin.py:190} INFO - [2024-10-31T06:25:59.751+0000] {dagbag.py:588} INFO - Filling up the DagBag from /home/airflow/.local/lib/python3.12/site-packages/airflow/example_dags/tutorial_dag.py
[2024-10-31T06:25:59.760+0000] {processor.py:925} INFO - DAG(s) 'tutorial_dag' retrieved from /home/airflow/.local/lib/python3.12/site-packages/airflow/example_dags/tutorial_dag.py
[2024-10-31T06:25:59.780+0000] {logging_mixin.py:190} INFO - [2024-10-31T06:25:59.780+0000] {dag.py:3239} INFO - Sync 1 DAGs
[2024-10-31T06:25:59.799+0000] {logging_mixin.py:190} INFO - [2024-10-31T06:25:59.799+0000] {dag.py:4180} INFO - Setting next_dagrun for tutorial_dag to None, run_after=None
[2024-10-31T06:25:59.823+0000] {processor.py:208} INFO - Processing /home/airflow/.local/lib/python3.12/site-packages/airflow/example_dags/tutorial_dag.py took 0.083 seconds
[2024-10-31T06:26:30.374+0000] {processor.py:186} INFO - Started process (PID=654) to work on /home/airflow/.local/lib/python3.12/site-packages/airflow/example_dags/tutorial_dag.py
[2024-10-31T06:26:30.376+0000] {processor.py:914} INFO - Processing file /home/airflow/.local/lib/python3.12/site-packages/airflow/example_dags/tutorial_dag.py for tasks to queue
[2024-10-31T06:26:30.381+0000] {logging_mixin.py:190} INFO - [2024-10-31T06:26:30.381+0000] {dagbag.py:588} INFO - Filling up the DagBag from /home/airflow/.local/lib/python3.12/site-packages/airflow/example_dags/tutorial_dag.py
[2024-10-31T06:26:30.389+0000] {processor.py:925} INFO - DAG(s) 'tutorial_dag' retrieved from /home/airflow/.local/lib/python3.12/site-packages/airflow/example_dags/tutorial_dag.py
[2024-10-31T06:26:30.420+0000] {logging_mixin.py:190} INFO - [2024-10-31T06:26:30.419+0000] {dag.py:3239} INFO - Sync 1 DAGs
[2024-10-31T06:26:30.445+0000] {logging_mixin.py:190} INFO - [2024-10-31T06:26:30.445+0000] {dag.py:4180} INFO - Setting next_dagrun for tutorial_dag to None, run_after=None
[2024-10-31T06:26:30.472+0000] {processor.py:208} INFO - Processing /home/airflow/.local/lib/python3.12/site-packages/airflow/example_dags/tutorial_dag.py took 0.106 seconds
[2024-10-31T06:27:00.931+0000] {processor.py:186} INFO - Started process (PID=716) to work on /home/airflow/.local/lib/python3.12/site-packages/airflow/example_dags/tutorial_dag.py
[2024-10-31T06:27:00.932+0000] {processor.py:914} INFO - Processing file /home/airflow/.local/lib/python3.12/site-packages/airflow/example_dags/tutorial_dag.py for tasks to queue
[2024-10-31T06:27:00.934+0000] {logging_mixin.py:190} INFO - [2024-10-31T06:27:00.934+0000] {dagbag.py:588} INFO - Filling up the DagBag from /home/airflow/.local/lib/python3.12/site-packages/airflow/example_dags/tutorial_dag.py
[2024-10-31T06:27:00.940+0000] {processor.py:925} INFO - DAG(s) 'tutorial_dag' retrieved from /home/airflow/.local/lib/python3.12/site-packages/airflow/example_dags/tutorial_dag.py
[2024-10-31T06:27:00.956+0000] {logging_mixin.py:190} INFO - [2024-10-31T06:27:00.956+0000] {dag.py:3239} INFO - Sync 1 DAGs
[2024-10-31T06:27:00.968+0000] {logging_mixin.py:190} INFO - [2024-10-31T06:27:00.967+0000] {dag.py:4180} INFO - Setting next_dagrun for tutorial_dag to None, run_after=None
[2024-10-31T06:27:00.982+0000] {processor.py:208} INFO - Processing /home/airflow/.local/lib/python3.12/site-packages/airflow/example_dags/tutorial_dag.py took 0.056 seconds
[2024-10-31T06:27:31.017+0000] {processor.py:186} INFO - Started process (PID=777) to work on /home/airflow/.local/lib/python3.12/site-packages/airflow/example_dags/tutorial_dag.py
[2024-10-31T06:27:31.018+0000] {processor.py:914} INFO - Processing file /home/airflow/.local/lib/python3.12/site-packages/airflow/example_dags/tutorial_dag.py for tasks to queue
[2024-10-31T06:27:31.020+0000] {logging_mixin.py:190} INFO - [2024-10-31T06:27:31.020+0000] {dagbag.py:588} INFO - Filling up the DagBag from /home/airflow/.local/lib/python3.12/site-packages/airflow/example_dags/tutorial_dag.py
[2024-10-31T06:27:31.026+0000] {processor.py:925} INFO - DAG(s) 'tutorial_dag' retrieved from /home/airflow/.local/lib/python3.12/site-packages/airflow/example_dags/tutorial_dag.py
[2024-10-31T06:27:31.040+0000] {logging_mixin.py:190} INFO - [2024-10-31T06:27:31.040+0000] {dag.py:3239} INFO - Sync 1 DAGs
[2024-10-31T06:27:31.051+0000] {logging_mixin.py:190} INFO - [2024-10-31T06:27:31.051+0000] {dag.py:4180} INFO - Setting next_dagrun for tutorial_dag to None, run_after=None
[2024-10-31T06:27:31.064+0000] {processor.py:208} INFO - Processing /home/airflow/.local/lib/python3.12/site-packages/airflow/example_dags/tutorial_dag.py took 0.051 seconds
[2024-10-31T06:28:01.417+0000] {processor.py:186} INFO - Started process (PID=840) to work on /home/airflow/.local/lib/python3.12/site-packages/airflow/example_dags/tutorial_dag.py
[2024-10-31T06:28:01.419+0000] {processor.py:914} INFO - Processing file /home/airflow/.local/lib/python3.12/site-packages/airflow/example_dags/tutorial_dag.py for tasks to queue
[2024-10-31T06:28:01.423+0000] {logging_mixin.py:190} INFO - [2024-10-31T06:28:01.422+0000] {dagbag.py:588} INFO - Filling up the DagBag from /home/airflow/.local/lib/python3.12/site-packages/airflow/example_dags/tutorial_dag.py
[2024-10-31T06:28:01.432+0000] {processor.py:925} INFO - DAG(s) 'tutorial_dag' retrieved from /home/airflow/.local/lib/python3.12/site-packages/airflow/example_dags/tutorial_dag.py
[2024-10-31T06:28:01.448+0000] {logging_mixin.py:190} INFO - [2024-10-31T06:28:01.447+0000] {dag.py:3239} INFO - Sync 1 DAGs
[2024-10-31T06:28:01.458+0000] {logging_mixin.py:190} INFO - [2024-10-31T06:28:01.458+0000] {dag.py:4180} INFO - Setting next_dagrun for tutorial_dag to None, run_after=None
[2024-10-31T06:28:01.474+0000] {processor.py:208} INFO - Processing /home/airflow/.local/lib/python3.12/site-packages/airflow/example_dags/tutorial_dag.py took 0.063 seconds
[2024-10-31T06:28:32.142+0000] {processor.py:186} INFO - Started process (PID=903) to work on /home/airflow/.local/lib/python3.12/site-packages/airflow/example_dags/tutorial_dag.py
[2024-10-31T06:28:32.143+0000] {processor.py:914} INFO - Processing file /home/airflow/.local/lib/python3.12/site-packages/airflow/example_dags/tutorial_dag.py for tasks to queue
[2024-10-31T06:28:32.145+0000] {logging_mixin.py:190} INFO - [2024-10-31T06:28:32.144+0000] {dagbag.py:588} INFO - Filling up the DagBag from /home/airflow/.local/lib/python3.12/site-packages/airflow/example_dags/tutorial_dag.py
[2024-10-31T06:28:32.151+0000] {processor.py:925} INFO - DAG(s) 'tutorial_dag' retrieved from /home/airflow/.local/lib/python3.12/site-packages/airflow/example_dags/tutorial_dag.py
[2024-10-31T06:28:32.166+0000] {logging_mixin.py:190} INFO - [2024-10-31T06:28:32.166+0000] {dag.py:3239} INFO - Sync 1 DAGs
[2024-10-31T06:28:32.177+0000] {logging_mixin.py:190} INFO - [2024-10-31T06:28:32.177+0000] {dag.py:4180} INFO - Setting next_dagrun for tutorial_dag to None, run_after=None
[2024-10-31T06:28:32.193+0000] {processor.py:208} INFO - Processing /home/airflow/.local/lib/python3.12/site-packages/airflow/example_dags/tutorial_dag.py took 0.056 seconds
