[2024-10-31T06:21:48.111+0000] {processor.py:186} INFO - Started process (PID=51) to work on /home/airflow/.local/lib/python3.12/site-packages/airflow/example_dags/tutorial.py
[2024-10-31T06:21:48.111+0000] {processor.py:914} INFO - Processing file /home/airflow/.local/lib/python3.12/site-packages/airflow/example_dags/tutorial.py for tasks to queue
[2024-10-31T06:21:48.113+0000] {logging_mixin.py:190} INFO - [2024-10-31T06:21:48.113+0000] {dagbag.py:588} INFO - Filling up the DagBag from /home/airflow/.local/lib/python3.12/site-packages/airflow/example_dags/tutorial.py
[2024-10-31T06:21:48.132+0000] {processor.py:925} INFO - DAG(s) 'tutorial' retrieved from /home/airflow/.local/lib/python3.12/site-packages/airflow/example_dags/tutorial.py
[2024-10-31T06:21:48.258+0000] {logging_mixin.py:190} INFO - [2024-10-31T06:21:48.257+0000] {override.py:1900} INFO - Created Permission View: can delete on DAG:tutorial
[2024-10-31T06:21:48.274+0000] {logging_mixin.py:190} INFO - [2024-10-31T06:21:48.273+0000] {override.py:1900} INFO - Created Permission View: can read on DAG:tutorial
[2024-10-31T06:21:48.281+0000] {logging_mixin.py:190} INFO - [2024-10-31T06:21:48.281+0000] {override.py:1900} INFO - Created Permission View: can edit on DAG:tutorial
[2024-10-31T06:21:48.289+0000] {logging_mixin.py:190} INFO - [2024-10-31T06:21:48.288+0000] {override.py:1900} INFO - Created Permission View: can delete on DAG Run:tutorial
[2024-10-31T06:21:48.295+0000] {logging_mixin.py:190} INFO - [2024-10-31T06:21:48.295+0000] {override.py:1900} INFO - Created Permission View: can create on DAG Run:tutorial
[2024-10-31T06:21:48.303+0000] {logging_mixin.py:190} INFO - [2024-10-31T06:21:48.303+0000] {override.py:1900} INFO - Created Permission View: can read on DAG Run:tutorial
[2024-10-31T06:21:48.311+0000] {logging_mixin.py:190} INFO - [2024-10-31T06:21:48.311+0000] {override.py:1900} INFO - Created Permission View: menu access on DAG Run:tutorial
[2024-10-31T06:21:48.311+0000] {logging_mixin.py:190} INFO - [2024-10-31T06:21:48.311+0000] {dag.py:3239} INFO - Sync 1 DAGs
[2024-10-31T06:21:48.330+0000] {logging_mixin.py:190} INFO - [2024-10-31T06:21:48.330+0000] {dag.py:3262} INFO - Creating ORM DAG for tutorial
[2024-10-31T06:21:48.348+0000] {logging_mixin.py:190} INFO - [2024-10-31T06:21:48.348+0000] {dag.py:4180} INFO - Setting next_dagrun for tutorial to 2024-10-30 00:00:00+00:00, run_after=2024-10-31 00:00:00+00:00
[2024-10-31T06:21:48.372+0000] {processor.py:208} INFO - Processing /home/airflow/.local/lib/python3.12/site-packages/airflow/example_dags/tutorial.py took 0.268 seconds
[2024-10-31T06:22:18.995+0000] {processor.py:186} INFO - Started process (PID=112) to work on /home/airflow/.local/lib/python3.12/site-packages/airflow/example_dags/tutorial.py
[2024-10-31T06:22:18.995+0000] {processor.py:914} INFO - Processing file /home/airflow/.local/lib/python3.12/site-packages/airflow/example_dags/tutorial.py for tasks to queue
[2024-10-31T06:22:18.997+0000] {logging_mixin.py:190} INFO - [2024-10-31T06:22:18.997+0000] {dagbag.py:588} INFO - Filling up the DagBag from /home/airflow/.local/lib/python3.12/site-packages/airflow/example_dags/tutorial.py
[2024-10-31T06:22:19.006+0000] {processor.py:925} INFO - DAG(s) 'tutorial' retrieved from /home/airflow/.local/lib/python3.12/site-packages/airflow/example_dags/tutorial.py
[2024-10-31T06:22:19.022+0000] {logging_mixin.py:190} INFO - [2024-10-31T06:22:19.021+0000] {dag.py:3239} INFO - Sync 1 DAGs
[2024-10-31T06:22:19.038+0000] {logging_mixin.py:190} INFO - [2024-10-31T06:22:19.038+0000] {dag.py:4180} INFO - Setting next_dagrun for tutorial to 2024-10-30 00:00:00+00:00, run_after=2024-10-31 00:00:00+00:00
[2024-10-31T06:22:19.053+0000] {processor.py:208} INFO - Processing /home/airflow/.local/lib/python3.12/site-packages/airflow/example_dags/tutorial.py took 0.063 seconds
[2024-10-31T06:22:49.557+0000] {processor.py:186} INFO - Started process (PID=174) to work on /home/airflow/.local/lib/python3.12/site-packages/airflow/example_dags/tutorial.py
[2024-10-31T06:22:49.560+0000] {processor.py:914} INFO - Processing file /home/airflow/.local/lib/python3.12/site-packages/airflow/example_dags/tutorial.py for tasks to queue
[2024-10-31T06:22:49.564+0000] {logging_mixin.py:190} INFO - [2024-10-31T06:22:49.564+0000] {dagbag.py:588} INFO - Filling up the DagBag from /home/airflow/.local/lib/python3.12/site-packages/airflow/example_dags/tutorial.py
[2024-10-31T06:22:49.577+0000] {processor.py:925} INFO - DAG(s) 'tutorial' retrieved from /home/airflow/.local/lib/python3.12/site-packages/airflow/example_dags/tutorial.py
[2024-10-31T06:22:49.600+0000] {logging_mixin.py:190} INFO - [2024-10-31T06:22:49.599+0000] {dag.py:3239} INFO - Sync 1 DAGs
[2024-10-31T06:22:49.627+0000] {logging_mixin.py:190} INFO - [2024-10-31T06:22:49.627+0000] {dag.py:4180} INFO - Setting next_dagrun for tutorial to 2024-10-30 00:00:00+00:00, run_after=2024-10-31 00:00:00+00:00
[2024-10-31T06:22:49.647+0000] {processor.py:208} INFO - Processing /home/airflow/.local/lib/python3.12/site-packages/airflow/example_dags/tutorial.py took 0.102 seconds
[2024-10-31T06:23:20.354+0000] {processor.py:186} INFO - Started process (PID=236) to work on /home/airflow/.local/lib/python3.12/site-packages/airflow/example_dags/tutorial.py
[2024-10-31T06:23:20.355+0000] {processor.py:914} INFO - Processing file /home/airflow/.local/lib/python3.12/site-packages/airflow/example_dags/tutorial.py for tasks to queue
[2024-10-31T06:23:20.358+0000] {logging_mixin.py:190} INFO - [2024-10-31T06:23:20.358+0000] {dagbag.py:588} INFO - Filling up the DagBag from /home/airflow/.local/lib/python3.12/site-packages/airflow/example_dags/tutorial.py
[2024-10-31T06:23:20.367+0000] {processor.py:925} INFO - DAG(s) 'tutorial' retrieved from /home/airflow/.local/lib/python3.12/site-packages/airflow/example_dags/tutorial.py
[2024-10-31T06:23:20.390+0000] {logging_mixin.py:190} INFO - [2024-10-31T06:23:20.389+0000] {dag.py:3239} INFO - Sync 1 DAGs
[2024-10-31T06:23:20.419+0000] {logging_mixin.py:190} INFO - [2024-10-31T06:23:20.419+0000] {dag.py:4180} INFO - Setting next_dagrun for tutorial to 2024-10-30 00:00:00+00:00, run_after=2024-10-31 00:00:00+00:00
[2024-10-31T06:23:20.439+0000] {processor.py:208} INFO - Processing /home/airflow/.local/lib/python3.12/site-packages/airflow/example_dags/tutorial.py took 0.093 seconds
[2024-10-31T06:23:51.090+0000] {processor.py:186} INFO - Started process (PID=298) to work on /home/airflow/.local/lib/python3.12/site-packages/airflow/example_dags/tutorial.py
[2024-10-31T06:23:51.091+0000] {processor.py:914} INFO - Processing file /home/airflow/.local/lib/python3.12/site-packages/airflow/example_dags/tutorial.py for tasks to queue
[2024-10-31T06:23:51.093+0000] {logging_mixin.py:190} INFO - [2024-10-31T06:23:51.093+0000] {dagbag.py:588} INFO - Filling up the DagBag from /home/airflow/.local/lib/python3.12/site-packages/airflow/example_dags/tutorial.py
[2024-10-31T06:23:51.101+0000] {processor.py:925} INFO - DAG(s) 'tutorial' retrieved from /home/airflow/.local/lib/python3.12/site-packages/airflow/example_dags/tutorial.py
[2024-10-31T06:23:51.118+0000] {logging_mixin.py:190} INFO - [2024-10-31T06:23:51.118+0000] {dag.py:3239} INFO - Sync 1 DAGs
[2024-10-31T06:23:51.136+0000] {logging_mixin.py:190} INFO - [2024-10-31T06:23:51.136+0000] {dag.py:4180} INFO - Setting next_dagrun for tutorial to 2024-10-30 00:00:00+00:00, run_after=2024-10-31 00:00:00+00:00
[2024-10-31T06:23:51.149+0000] {processor.py:208} INFO - Processing /home/airflow/.local/lib/python3.12/site-packages/airflow/example_dags/tutorial.py took 0.064 seconds
[2024-10-31T06:24:22.113+0000] {processor.py:186} INFO - Started process (PID=360) to work on /home/airflow/.local/lib/python3.12/site-packages/airflow/example_dags/tutorial.py
[2024-10-31T06:24:22.114+0000] {processor.py:914} INFO - Processing file /home/airflow/.local/lib/python3.12/site-packages/airflow/example_dags/tutorial.py for tasks to queue
[2024-10-31T06:24:22.116+0000] {logging_mixin.py:190} INFO - [2024-10-31T06:24:22.116+0000] {dagbag.py:588} INFO - Filling up the DagBag from /home/airflow/.local/lib/python3.12/site-packages/airflow/example_dags/tutorial.py
[2024-10-31T06:24:22.123+0000] {processor.py:925} INFO - DAG(s) 'tutorial' retrieved from /home/airflow/.local/lib/python3.12/site-packages/airflow/example_dags/tutorial.py
[2024-10-31T06:24:22.140+0000] {logging_mixin.py:190} INFO - [2024-10-31T06:24:22.140+0000] {dag.py:3239} INFO - Sync 1 DAGs
[2024-10-31T06:24:22.159+0000] {logging_mixin.py:190} INFO - [2024-10-31T06:24:22.158+0000] {dag.py:4180} INFO - Setting next_dagrun for tutorial to 2024-10-30 00:00:00+00:00, run_after=2024-10-31 00:00:00+00:00
[2024-10-31T06:24:22.176+0000] {processor.py:208} INFO - Processing /home/airflow/.local/lib/python3.12/site-packages/airflow/example_dags/tutorial.py took 0.069 seconds
[2024-10-31T06:24:52.358+0000] {processor.py:186} INFO - Started process (PID=426) to work on /home/airflow/.local/lib/python3.12/site-packages/airflow/example_dags/tutorial.py
[2024-10-31T06:24:52.361+0000] {processor.py:914} INFO - Processing file /home/airflow/.local/lib/python3.12/site-packages/airflow/example_dags/tutorial.py for tasks to queue
[2024-10-31T06:24:52.364+0000] {logging_mixin.py:190} INFO - [2024-10-31T06:24:52.363+0000] {dagbag.py:588} INFO - Filling up the DagBag from /home/airflow/.local/lib/python3.12/site-packages/airflow/example_dags/tutorial.py
[2024-10-31T06:24:52.379+0000] {processor.py:925} INFO - DAG(s) 'tutorial' retrieved from /home/airflow/.local/lib/python3.12/site-packages/airflow/example_dags/tutorial.py
[2024-10-31T06:24:52.409+0000] {logging_mixin.py:190} INFO - [2024-10-31T06:24:52.408+0000] {dag.py:3239} INFO - Sync 1 DAGs
[2024-10-31T06:24:52.435+0000] {logging_mixin.py:190} INFO - [2024-10-31T06:24:52.435+0000] {dag.py:4180} INFO - Setting next_dagrun for tutorial to 2024-10-30 00:00:00+00:00, run_after=2024-10-31 00:00:00+00:00
[2024-10-31T06:24:52.457+0000] {processor.py:208} INFO - Processing /home/airflow/.local/lib/python3.12/site-packages/airflow/example_dags/tutorial.py took 0.104 seconds
[2024-10-31T06:25:23.109+0000] {processor.py:186} INFO - Started process (PID=488) to work on /home/airflow/.local/lib/python3.12/site-packages/airflow/example_dags/tutorial.py
[2024-10-31T06:25:23.110+0000] {processor.py:914} INFO - Processing file /home/airflow/.local/lib/python3.12/site-packages/airflow/example_dags/tutorial.py for tasks to queue
[2024-10-31T06:25:23.115+0000] {logging_mixin.py:190} INFO - [2024-10-31T06:25:23.115+0000] {dagbag.py:588} INFO - Filling up the DagBag from /home/airflow/.local/lib/python3.12/site-packages/airflow/example_dags/tutorial.py
[2024-10-31T06:25:23.127+0000] {processor.py:925} INFO - DAG(s) 'tutorial' retrieved from /home/airflow/.local/lib/python3.12/site-packages/airflow/example_dags/tutorial.py
[2024-10-31T06:25:23.185+0000] {logging_mixin.py:190} INFO - [2024-10-31T06:25:23.184+0000] {dag.py:3239} INFO - Sync 1 DAGs
[2024-10-31T06:25:23.242+0000] {logging_mixin.py:190} INFO - [2024-10-31T06:25:23.242+0000] {dag.py:4180} INFO - Setting next_dagrun for tutorial to 2024-10-30 00:00:00+00:00, run_after=2024-10-31 00:00:00+00:00
[2024-10-31T06:25:23.286+0000] {processor.py:208} INFO - Processing /home/airflow/.local/lib/python3.12/site-packages/airflow/example_dags/tutorial.py took 0.184 seconds
[2024-10-31T06:25:54.139+0000] {processor.py:186} INFO - Started process (PID=550) to work on /home/airflow/.local/lib/python3.12/site-packages/airflow/example_dags/tutorial.py
[2024-10-31T06:25:54.140+0000] {processor.py:914} INFO - Processing file /home/airflow/.local/lib/python3.12/site-packages/airflow/example_dags/tutorial.py for tasks to queue
[2024-10-31T06:25:54.142+0000] {logging_mixin.py:190} INFO - [2024-10-31T06:25:54.142+0000] {dagbag.py:588} INFO - Filling up the DagBag from /home/airflow/.local/lib/python3.12/site-packages/airflow/example_dags/tutorial.py
[2024-10-31T06:25:54.148+0000] {processor.py:925} INFO - DAG(s) 'tutorial' retrieved from /home/airflow/.local/lib/python3.12/site-packages/airflow/example_dags/tutorial.py
[2024-10-31T06:25:54.163+0000] {logging_mixin.py:190} INFO - [2024-10-31T06:25:54.163+0000] {dag.py:3239} INFO - Sync 1 DAGs
[2024-10-31T06:25:54.181+0000] {logging_mixin.py:190} INFO - [2024-10-31T06:25:54.181+0000] {dag.py:4180} INFO - Setting next_dagrun for tutorial to 2024-10-30 00:00:00+00:00, run_after=2024-10-31 00:00:00+00:00
[2024-10-31T06:25:54.196+0000] {processor.py:208} INFO - Processing /home/airflow/.local/lib/python3.12/site-packages/airflow/example_dags/tutorial.py took 0.062 seconds
[2024-10-31T06:26:24.443+0000] {processor.py:186} INFO - Started process (PID=612) to work on /home/airflow/.local/lib/python3.12/site-packages/airflow/example_dags/tutorial.py
[2024-10-31T06:26:24.445+0000] {processor.py:914} INFO - Processing file /home/airflow/.local/lib/python3.12/site-packages/airflow/example_dags/tutorial.py for tasks to queue
[2024-10-31T06:26:24.449+0000] {logging_mixin.py:190} INFO - [2024-10-31T06:26:24.448+0000] {dagbag.py:588} INFO - Filling up the DagBag from /home/airflow/.local/lib/python3.12/site-packages/airflow/example_dags/tutorial.py
[2024-10-31T06:26:24.461+0000] {processor.py:925} INFO - DAG(s) 'tutorial' retrieved from /home/airflow/.local/lib/python3.12/site-packages/airflow/example_dags/tutorial.py
[2024-10-31T06:26:24.497+0000] {logging_mixin.py:190} INFO - [2024-10-31T06:26:24.497+0000] {dag.py:3239} INFO - Sync 1 DAGs
[2024-10-31T06:26:24.540+0000] {logging_mixin.py:190} INFO - [2024-10-31T06:26:24.539+0000] {dag.py:4180} INFO - Setting next_dagrun for tutorial to 2024-10-30 00:00:00+00:00, run_after=2024-10-31 00:00:00+00:00
[2024-10-31T06:26:24.575+0000] {processor.py:208} INFO - Processing /home/airflow/.local/lib/python3.12/site-packages/airflow/example_dags/tutorial.py took 0.139 seconds
[2024-10-31T06:26:55.238+0000] {processor.py:186} INFO - Started process (PID=674) to work on /home/airflow/.local/lib/python3.12/site-packages/airflow/example_dags/tutorial.py
[2024-10-31T06:26:55.240+0000] {processor.py:914} INFO - Processing file /home/airflow/.local/lib/python3.12/site-packages/airflow/example_dags/tutorial.py for tasks to queue
[2024-10-31T06:26:55.241+0000] {logging_mixin.py:190} INFO - [2024-10-31T06:26:55.241+0000] {dagbag.py:588} INFO - Filling up the DagBag from /home/airflow/.local/lib/python3.12/site-packages/airflow/example_dags/tutorial.py
[2024-10-31T06:26:55.247+0000] {processor.py:925} INFO - DAG(s) 'tutorial' retrieved from /home/airflow/.local/lib/python3.12/site-packages/airflow/example_dags/tutorial.py
[2024-10-31T06:26:55.263+0000] {logging_mixin.py:190} INFO - [2024-10-31T06:26:55.263+0000] {dag.py:3239} INFO - Sync 1 DAGs
[2024-10-31T06:26:55.284+0000] {logging_mixin.py:190} INFO - [2024-10-31T06:26:55.284+0000] {dag.py:4180} INFO - Setting next_dagrun for tutorial to 2024-10-30 00:00:00+00:00, run_after=2024-10-31 00:00:00+00:00
[2024-10-31T06:26:55.301+0000] {processor.py:208} INFO - Processing /home/airflow/.local/lib/python3.12/site-packages/airflow/example_dags/tutorial.py took 0.067 seconds
[2024-10-31T06:27:25.577+0000] {processor.py:186} INFO - Started process (PID=736) to work on /home/airflow/.local/lib/python3.12/site-packages/airflow/example_dags/tutorial.py
[2024-10-31T06:27:25.578+0000] {processor.py:914} INFO - Processing file /home/airflow/.local/lib/python3.12/site-packages/airflow/example_dags/tutorial.py for tasks to queue
[2024-10-31T06:27:25.580+0000] {logging_mixin.py:190} INFO - [2024-10-31T06:27:25.579+0000] {dagbag.py:588} INFO - Filling up the DagBag from /home/airflow/.local/lib/python3.12/site-packages/airflow/example_dags/tutorial.py
[2024-10-31T06:27:25.586+0000] {processor.py:925} INFO - DAG(s) 'tutorial' retrieved from /home/airflow/.local/lib/python3.12/site-packages/airflow/example_dags/tutorial.py
[2024-10-31T06:27:25.599+0000] {logging_mixin.py:190} INFO - [2024-10-31T06:27:25.599+0000] {dag.py:3239} INFO - Sync 1 DAGs
[2024-10-31T06:27:25.617+0000] {logging_mixin.py:190} INFO - [2024-10-31T06:27:25.617+0000] {dag.py:4180} INFO - Setting next_dagrun for tutorial to 2024-10-30 00:00:00+00:00, run_after=2024-10-31 00:00:00+00:00
[2024-10-31T06:27:25.632+0000] {processor.py:208} INFO - Processing /home/airflow/.local/lib/python3.12/site-packages/airflow/example_dags/tutorial.py took 0.060 seconds
[2024-10-31T06:27:55.733+0000] {processor.py:186} INFO - Started process (PID=798) to work on /home/airflow/.local/lib/python3.12/site-packages/airflow/example_dags/tutorial.py
[2024-10-31T06:27:55.734+0000] {processor.py:914} INFO - Processing file /home/airflow/.local/lib/python3.12/site-packages/airflow/example_dags/tutorial.py for tasks to queue
[2024-10-31T06:27:55.736+0000] {logging_mixin.py:190} INFO - [2024-10-31T06:27:55.736+0000] {dagbag.py:588} INFO - Filling up the DagBag from /home/airflow/.local/lib/python3.12/site-packages/airflow/example_dags/tutorial.py
[2024-10-31T06:27:55.742+0000] {processor.py:925} INFO - DAG(s) 'tutorial' retrieved from /home/airflow/.local/lib/python3.12/site-packages/airflow/example_dags/tutorial.py
[2024-10-31T06:27:55.756+0000] {logging_mixin.py:190} INFO - [2024-10-31T06:27:55.756+0000] {dag.py:3239} INFO - Sync 1 DAGs
[2024-10-31T06:27:55.774+0000] {logging_mixin.py:190} INFO - [2024-10-31T06:27:55.774+0000] {dag.py:4180} INFO - Setting next_dagrun for tutorial to 2024-10-30 00:00:00+00:00, run_after=2024-10-31 00:00:00+00:00
[2024-10-31T06:27:55.789+0000] {processor.py:208} INFO - Processing /home/airflow/.local/lib/python3.12/site-packages/airflow/example_dags/tutorial.py took 0.060 seconds
[2024-10-31T06:28:26.020+0000] {processor.py:186} INFO - Started process (PID=861) to work on /home/airflow/.local/lib/python3.12/site-packages/airflow/example_dags/tutorial.py
[2024-10-31T06:28:26.021+0000] {processor.py:914} INFO - Processing file /home/airflow/.local/lib/python3.12/site-packages/airflow/example_dags/tutorial.py for tasks to queue
[2024-10-31T06:28:26.023+0000] {logging_mixin.py:190} INFO - [2024-10-31T06:28:26.023+0000] {dagbag.py:588} INFO - Filling up the DagBag from /home/airflow/.local/lib/python3.12/site-packages/airflow/example_dags/tutorial.py
[2024-10-31T06:28:26.030+0000] {processor.py:925} INFO - DAG(s) 'tutorial' retrieved from /home/airflow/.local/lib/python3.12/site-packages/airflow/example_dags/tutorial.py
[2024-10-31T06:28:26.046+0000] {logging_mixin.py:190} INFO - [2024-10-31T06:28:26.046+0000] {dag.py:3239} INFO - Sync 1 DAGs
[2024-10-31T06:28:26.064+0000] {logging_mixin.py:190} INFO - [2024-10-31T06:28:26.064+0000] {dag.py:4180} INFO - Setting next_dagrun for tutorial to 2024-10-30 00:00:00+00:00, run_after=2024-10-31 00:00:00+00:00
[2024-10-31T06:28:26.078+0000] {processor.py:208} INFO - Processing /home/airflow/.local/lib/python3.12/site-packages/airflow/example_dags/tutorial.py took 0.066 seconds
