[2024-10-31T06:21:52.697+0000] {processor.py:186} INFO - Started process (PID=85) to work on /home/airflow/.local/lib/python3.12/site-packages/airflow/example_dags/tutorial_objectstorage.py
[2024-10-31T06:21:52.698+0000] {processor.py:914} INFO - Processing file /home/airflow/.local/lib/python3.12/site-packages/airflow/example_dags/tutorial_objectstorage.py for tasks to queue
[2024-10-31T06:21:52.700+0000] {logging_mixin.py:190} INFO - [2024-10-31T06:21:52.700+0000] {dagbag.py:588} INFO - Filling up the DagBag from /home/airflow/.local/lib/python3.12/site-packages/airflow/example_dags/tutorial_objectstorage.py
[2024-10-31T06:21:52.708+0000] {processor.py:925} INFO - DAG(s) 'tutorial_objectstorage' retrieved from /home/airflow/.local/lib/python3.12/site-packages/airflow/example_dags/tutorial_objectstorage.py
[2024-10-31T06:21:52.782+0000] {logging_mixin.py:190} INFO - [2024-10-31T06:21:52.781+0000] {override.py:1900} INFO - Created Permission View: can delete on DAG:tutorial_objectstorage
[2024-10-31T06:21:52.789+0000] {logging_mixin.py:190} INFO - [2024-10-31T06:21:52.789+0000] {override.py:1900} INFO - Created Permission View: can read on DAG:tutorial_objectstorage
[2024-10-31T06:21:52.795+0000] {logging_mixin.py:190} INFO - [2024-10-31T06:21:52.795+0000] {override.py:1900} INFO - Created Permission View: can edit on DAG:tutorial_objectstorage
[2024-10-31T06:21:52.801+0000] {logging_mixin.py:190} INFO - [2024-10-31T06:21:52.801+0000] {override.py:1900} INFO - Created Permission View: can delete on DAG Run:tutorial_objectstorage
[2024-10-31T06:21:52.807+0000] {logging_mixin.py:190} INFO - [2024-10-31T06:21:52.807+0000] {override.py:1900} INFO - Created Permission View: can create on DAG Run:tutorial_objectstorage
[2024-10-31T06:21:52.813+0000] {logging_mixin.py:190} INFO - [2024-10-31T06:21:52.813+0000] {override.py:1900} INFO - Created Permission View: can read on DAG Run:tutorial_objectstorage
[2024-10-31T06:21:52.819+0000] {logging_mixin.py:190} INFO - [2024-10-31T06:21:52.819+0000] {override.py:1900} INFO - Created Permission View: menu access on DAG Run:tutorial_objectstorage
[2024-10-31T06:21:52.819+0000] {logging_mixin.py:190} INFO - [2024-10-31T06:21:52.819+0000] {dag.py:3239} INFO - Sync 1 DAGs
[2024-10-31T06:21:52.829+0000] {logging_mixin.py:190} INFO - [2024-10-31T06:21:52.829+0000] {dag.py:3262} INFO - Creating ORM DAG for tutorial_objectstorage
[2024-10-31T06:21:52.830+0000] {logging_mixin.py:190} INFO - [2024-10-31T06:21:52.830+0000] {dag.py:4180} INFO - Setting next_dagrun for tutorial_objectstorage to None, run_after=None
[2024-10-31T06:21:52.846+0000] {processor.py:208} INFO - Processing /home/airflow/.local/lib/python3.12/site-packages/airflow/example_dags/tutorial_objectstorage.py took 0.153 seconds
[2024-10-31T06:22:23.806+0000] {processor.py:186} INFO - Started process (PID=147) to work on /home/airflow/.local/lib/python3.12/site-packages/airflow/example_dags/tutorial_objectstorage.py
[2024-10-31T06:22:23.807+0000] {processor.py:914} INFO - Processing file /home/airflow/.local/lib/python3.12/site-packages/airflow/example_dags/tutorial_objectstorage.py for tasks to queue
[2024-10-31T06:22:23.808+0000] {logging_mixin.py:190} INFO - [2024-10-31T06:22:23.808+0000] {dagbag.py:588} INFO - Filling up the DagBag from /home/airflow/.local/lib/python3.12/site-packages/airflow/example_dags/tutorial_objectstorage.py
[2024-10-31T06:22:23.816+0000] {processor.py:925} INFO - DAG(s) 'tutorial_objectstorage' retrieved from /home/airflow/.local/lib/python3.12/site-packages/airflow/example_dags/tutorial_objectstorage.py
[2024-10-31T06:22:23.830+0000] {logging_mixin.py:190} INFO - [2024-10-31T06:22:23.830+0000] {dag.py:3239} INFO - Sync 1 DAGs
[2024-10-31T06:22:23.841+0000] {logging_mixin.py:190} INFO - [2024-10-31T06:22:23.841+0000] {dag.py:4180} INFO - Setting next_dagrun for tutorial_objectstorage to None, run_after=None
[2024-10-31T06:22:23.857+0000] {processor.py:208} INFO - Processing /home/airflow/.local/lib/python3.12/site-packages/airflow/example_dags/tutorial_objectstorage.py took 0.056 seconds
[2024-10-31T06:22:54.481+0000] {processor.py:186} INFO - Started process (PID=209) to work on /home/airflow/.local/lib/python3.12/site-packages/airflow/example_dags/tutorial_objectstorage.py
[2024-10-31T06:22:54.481+0000] {processor.py:914} INFO - Processing file /home/airflow/.local/lib/python3.12/site-packages/airflow/example_dags/tutorial_objectstorage.py for tasks to queue
[2024-10-31T06:22:54.483+0000] {logging_mixin.py:190} INFO - [2024-10-31T06:22:54.483+0000] {dagbag.py:588} INFO - Filling up the DagBag from /home/airflow/.local/lib/python3.12/site-packages/airflow/example_dags/tutorial_objectstorage.py
[2024-10-31T06:22:54.490+0000] {processor.py:925} INFO - DAG(s) 'tutorial_objectstorage' retrieved from /home/airflow/.local/lib/python3.12/site-packages/airflow/example_dags/tutorial_objectstorage.py
[2024-10-31T06:22:54.505+0000] {logging_mixin.py:190} INFO - [2024-10-31T06:22:54.505+0000] {dag.py:3239} INFO - Sync 1 DAGs
[2024-10-31T06:22:54.516+0000] {logging_mixin.py:190} INFO - [2024-10-31T06:22:54.515+0000] {dag.py:4180} INFO - Setting next_dagrun for tutorial_objectstorage to None, run_after=None
[2024-10-31T06:22:54.531+0000] {processor.py:208} INFO - Processing /home/airflow/.local/lib/python3.12/site-packages/airflow/example_dags/tutorial_objectstorage.py took 0.055 seconds
[2024-10-31T06:23:25.193+0000] {processor.py:186} INFO - Started process (PID=271) to work on /home/airflow/.local/lib/python3.12/site-packages/airflow/example_dags/tutorial_objectstorage.py
[2024-10-31T06:23:25.194+0000] {processor.py:914} INFO - Processing file /home/airflow/.local/lib/python3.12/site-packages/airflow/example_dags/tutorial_objectstorage.py for tasks to queue
[2024-10-31T06:23:25.195+0000] {logging_mixin.py:190} INFO - [2024-10-31T06:23:25.195+0000] {dagbag.py:588} INFO - Filling up the DagBag from /home/airflow/.local/lib/python3.12/site-packages/airflow/example_dags/tutorial_objectstorage.py
[2024-10-31T06:23:25.204+0000] {processor.py:925} INFO - DAG(s) 'tutorial_objectstorage' retrieved from /home/airflow/.local/lib/python3.12/site-packages/airflow/example_dags/tutorial_objectstorage.py
[2024-10-31T06:23:25.224+0000] {logging_mixin.py:190} INFO - [2024-10-31T06:23:25.223+0000] {dag.py:3239} INFO - Sync 1 DAGs
[2024-10-31T06:23:25.234+0000] {logging_mixin.py:190} INFO - [2024-10-31T06:23:25.234+0000] {dag.py:4180} INFO - Setting next_dagrun for tutorial_objectstorage to None, run_after=None
[2024-10-31T06:23:25.249+0000] {processor.py:208} INFO - Processing /home/airflow/.local/lib/python3.12/site-packages/airflow/example_dags/tutorial_objectstorage.py took 0.061 seconds
[2024-10-31T06:23:55.992+0000] {processor.py:186} INFO - Started process (PID=333) to work on /home/airflow/.local/lib/python3.12/site-packages/airflow/example_dags/tutorial_objectstorage.py
[2024-10-31T06:23:55.993+0000] {processor.py:914} INFO - Processing file /home/airflow/.local/lib/python3.12/site-packages/airflow/example_dags/tutorial_objectstorage.py for tasks to queue
[2024-10-31T06:23:55.995+0000] {logging_mixin.py:190} INFO - [2024-10-31T06:23:55.994+0000] {dagbag.py:588} INFO - Filling up the DagBag from /home/airflow/.local/lib/python3.12/site-packages/airflow/example_dags/tutorial_objectstorage.py
[2024-10-31T06:23:56.003+0000] {processor.py:925} INFO - DAG(s) 'tutorial_objectstorage' retrieved from /home/airflow/.local/lib/python3.12/site-packages/airflow/example_dags/tutorial_objectstorage.py
[2024-10-31T06:23:56.021+0000] {logging_mixin.py:190} INFO - [2024-10-31T06:23:56.021+0000] {dag.py:3239} INFO - Sync 1 DAGs
[2024-10-31T06:23:56.032+0000] {logging_mixin.py:190} INFO - [2024-10-31T06:23:56.032+0000] {dag.py:4180} INFO - Setting next_dagrun for tutorial_objectstorage to None, run_after=None
[2024-10-31T06:23:56.050+0000] {processor.py:208} INFO - Processing /home/airflow/.local/lib/python3.12/site-packages/airflow/example_dags/tutorial_objectstorage.py took 0.062 seconds
[2024-10-31T06:24:26.683+0000] {processor.py:186} INFO - Started process (PID=395) to work on /home/airflow/.local/lib/python3.12/site-packages/airflow/example_dags/tutorial_objectstorage.py
[2024-10-31T06:24:26.684+0000] {processor.py:914} INFO - Processing file /home/airflow/.local/lib/python3.12/site-packages/airflow/example_dags/tutorial_objectstorage.py for tasks to queue
[2024-10-31T06:24:26.687+0000] {logging_mixin.py:190} INFO - [2024-10-31T06:24:26.686+0000] {dagbag.py:588} INFO - Filling up the DagBag from /home/airflow/.local/lib/python3.12/site-packages/airflow/example_dags/tutorial_objectstorage.py
[2024-10-31T06:24:26.696+0000] {processor.py:925} INFO - DAG(s) 'tutorial_objectstorage' retrieved from /home/airflow/.local/lib/python3.12/site-packages/airflow/example_dags/tutorial_objectstorage.py
[2024-10-31T06:24:26.719+0000] {logging_mixin.py:190} INFO - [2024-10-31T06:24:26.718+0000] {dag.py:3239} INFO - Sync 1 DAGs
[2024-10-31T06:24:26.729+0000] {logging_mixin.py:190} INFO - [2024-10-31T06:24:26.729+0000] {dag.py:4180} INFO - Setting next_dagrun for tutorial_objectstorage to None, run_after=None
[2024-10-31T06:24:26.745+0000] {processor.py:208} INFO - Processing /home/airflow/.local/lib/python3.12/site-packages/airflow/example_dags/tutorial_objectstorage.py took 0.068 seconds
[2024-10-31T06:24:56.847+0000] {processor.py:186} INFO - Started process (PID=461) to work on /home/airflow/.local/lib/python3.12/site-packages/airflow/example_dags/tutorial_objectstorage.py
[2024-10-31T06:24:56.848+0000] {processor.py:914} INFO - Processing file /home/airflow/.local/lib/python3.12/site-packages/airflow/example_dags/tutorial_objectstorage.py for tasks to queue
[2024-10-31T06:24:56.849+0000] {logging_mixin.py:190} INFO - [2024-10-31T06:24:56.849+0000] {dagbag.py:588} INFO - Filling up the DagBag from /home/airflow/.local/lib/python3.12/site-packages/airflow/example_dags/tutorial_objectstorage.py
[2024-10-31T06:24:56.856+0000] {processor.py:925} INFO - DAG(s) 'tutorial_objectstorage' retrieved from /home/airflow/.local/lib/python3.12/site-packages/airflow/example_dags/tutorial_objectstorage.py
[2024-10-31T06:24:56.871+0000] {logging_mixin.py:190} INFO - [2024-10-31T06:24:56.870+0000] {dag.py:3239} INFO - Sync 1 DAGs
[2024-10-31T06:24:56.881+0000] {logging_mixin.py:190} INFO - [2024-10-31T06:24:56.881+0000] {dag.py:4180} INFO - Setting next_dagrun for tutorial_objectstorage to None, run_after=None
[2024-10-31T06:24:56.896+0000] {processor.py:208} INFO - Processing /home/airflow/.local/lib/python3.12/site-packages/airflow/example_dags/tutorial_objectstorage.py took 0.054 seconds
[2024-10-31T06:25:27.888+0000] {processor.py:186} INFO - Started process (PID=523) to work on /home/airflow/.local/lib/python3.12/site-packages/airflow/example_dags/tutorial_objectstorage.py
[2024-10-31T06:25:27.889+0000] {processor.py:914} INFO - Processing file /home/airflow/.local/lib/python3.12/site-packages/airflow/example_dags/tutorial_objectstorage.py for tasks to queue
[2024-10-31T06:25:27.892+0000] {logging_mixin.py:190} INFO - [2024-10-31T06:25:27.892+0000] {dagbag.py:588} INFO - Filling up the DagBag from /home/airflow/.local/lib/python3.12/site-packages/airflow/example_dags/tutorial_objectstorage.py
[2024-10-31T06:25:27.902+0000] {processor.py:925} INFO - DAG(s) 'tutorial_objectstorage' retrieved from /home/airflow/.local/lib/python3.12/site-packages/airflow/example_dags/tutorial_objectstorage.py
[2024-10-31T06:25:27.927+0000] {logging_mixin.py:190} INFO - [2024-10-31T06:25:27.926+0000] {dag.py:3239} INFO - Sync 1 DAGs
[2024-10-31T06:25:27.945+0000] {logging_mixin.py:190} INFO - [2024-10-31T06:25:27.945+0000] {dag.py:4180} INFO - Setting next_dagrun for tutorial_objectstorage to None, run_after=None
[2024-10-31T06:25:27.977+0000] {processor.py:208} INFO - Processing /home/airflow/.local/lib/python3.12/site-packages/airflow/example_dags/tutorial_objectstorage.py took 0.095 seconds
[2024-10-31T06:25:58.271+0000] {processor.py:186} INFO - Started process (PID=585) to work on /home/airflow/.local/lib/python3.12/site-packages/airflow/example_dags/tutorial_objectstorage.py
[2024-10-31T06:25:58.272+0000] {processor.py:914} INFO - Processing file /home/airflow/.local/lib/python3.12/site-packages/airflow/example_dags/tutorial_objectstorage.py for tasks to queue
[2024-10-31T06:25:58.274+0000] {logging_mixin.py:190} INFO - [2024-10-31T06:25:58.274+0000] {dagbag.py:588} INFO - Filling up the DagBag from /home/airflow/.local/lib/python3.12/site-packages/airflow/example_dags/tutorial_objectstorage.py
[2024-10-31T06:25:58.282+0000] {processor.py:925} INFO - DAG(s) 'tutorial_objectstorage' retrieved from /home/airflow/.local/lib/python3.12/site-packages/airflow/example_dags/tutorial_objectstorage.py
[2024-10-31T06:25:58.301+0000] {logging_mixin.py:190} INFO - [2024-10-31T06:25:58.301+0000] {dag.py:3239} INFO - Sync 1 DAGs
[2024-10-31T06:25:58.314+0000] {logging_mixin.py:190} INFO - [2024-10-31T06:25:58.314+0000] {dag.py:4180} INFO - Setting next_dagrun for tutorial_objectstorage to None, run_after=None
[2024-10-31T06:25:58.333+0000] {processor.py:208} INFO - Processing /home/airflow/.local/lib/python3.12/site-packages/airflow/example_dags/tutorial_objectstorage.py took 0.067 seconds
[2024-10-31T06:26:28.800+0000] {processor.py:186} INFO - Started process (PID=647) to work on /home/airflow/.local/lib/python3.12/site-packages/airflow/example_dags/tutorial_objectstorage.py
[2024-10-31T06:26:28.801+0000] {processor.py:914} INFO - Processing file /home/airflow/.local/lib/python3.12/site-packages/airflow/example_dags/tutorial_objectstorage.py for tasks to queue
[2024-10-31T06:26:28.803+0000] {logging_mixin.py:190} INFO - [2024-10-31T06:26:28.803+0000] {dagbag.py:588} INFO - Filling up the DagBag from /home/airflow/.local/lib/python3.12/site-packages/airflow/example_dags/tutorial_objectstorage.py
[2024-10-31T06:26:28.810+0000] {processor.py:925} INFO - DAG(s) 'tutorial_objectstorage' retrieved from /home/airflow/.local/lib/python3.12/site-packages/airflow/example_dags/tutorial_objectstorage.py
[2024-10-31T06:26:28.826+0000] {logging_mixin.py:190} INFO - [2024-10-31T06:26:28.826+0000] {dag.py:3239} INFO - Sync 1 DAGs
[2024-10-31T06:26:28.837+0000] {logging_mixin.py:190} INFO - [2024-10-31T06:26:28.837+0000] {dag.py:4180} INFO - Setting next_dagrun for tutorial_objectstorage to None, run_after=None
[2024-10-31T06:26:28.853+0000] {processor.py:208} INFO - Processing /home/airflow/.local/lib/python3.12/site-packages/airflow/example_dags/tutorial_objectstorage.py took 0.058 seconds
[2024-10-31T06:26:59.377+0000] {processor.py:186} INFO - Started process (PID=708) to work on /home/airflow/.local/lib/python3.12/site-packages/airflow/example_dags/tutorial_objectstorage.py
[2024-10-31T06:26:59.378+0000] {processor.py:914} INFO - Processing file /home/airflow/.local/lib/python3.12/site-packages/airflow/example_dags/tutorial_objectstorage.py for tasks to queue
[2024-10-31T06:26:59.380+0000] {logging_mixin.py:190} INFO - [2024-10-31T06:26:59.379+0000] {dagbag.py:588} INFO - Filling up the DagBag from /home/airflow/.local/lib/python3.12/site-packages/airflow/example_dags/tutorial_objectstorage.py
[2024-10-31T06:26:59.387+0000] {processor.py:925} INFO - DAG(s) 'tutorial_objectstorage' retrieved from /home/airflow/.local/lib/python3.12/site-packages/airflow/example_dags/tutorial_objectstorage.py
[2024-10-31T06:26:59.404+0000] {logging_mixin.py:190} INFO - [2024-10-31T06:26:59.403+0000] {dag.py:3239} INFO - Sync 1 DAGs
[2024-10-31T06:26:59.425+0000] {logging_mixin.py:190} INFO - [2024-10-31T06:26:59.425+0000] {dag.py:4180} INFO - Setting next_dagrun for tutorial_objectstorage to None, run_after=None
[2024-10-31T06:26:59.457+0000] {processor.py:208} INFO - Processing /home/airflow/.local/lib/python3.12/site-packages/airflow/example_dags/tutorial_objectstorage.py took 0.084 seconds
[2024-10-31T06:27:30.656+0000] {processor.py:186} INFO - Started process (PID=771) to work on /home/airflow/.local/lib/python3.12/site-packages/airflow/example_dags/tutorial_objectstorage.py
[2024-10-31T06:27:30.657+0000] {processor.py:914} INFO - Processing file /home/airflow/.local/lib/python3.12/site-packages/airflow/example_dags/tutorial_objectstorage.py for tasks to queue
[2024-10-31T06:27:30.659+0000] {logging_mixin.py:190} INFO - [2024-10-31T06:27:30.659+0000] {dagbag.py:588} INFO - Filling up the DagBag from /home/airflow/.local/lib/python3.12/site-packages/airflow/example_dags/tutorial_objectstorage.py
[2024-10-31T06:27:30.667+0000] {processor.py:925} INFO - DAG(s) 'tutorial_objectstorage' retrieved from /home/airflow/.local/lib/python3.12/site-packages/airflow/example_dags/tutorial_objectstorage.py
[2024-10-31T06:27:30.682+0000] {logging_mixin.py:190} INFO - [2024-10-31T06:27:30.682+0000] {dag.py:3239} INFO - Sync 1 DAGs
[2024-10-31T06:27:30.696+0000] {logging_mixin.py:190} INFO - [2024-10-31T06:27:30.695+0000] {dag.py:4180} INFO - Setting next_dagrun for tutorial_objectstorage to None, run_after=None
[2024-10-31T06:27:30.713+0000] {processor.py:208} INFO - Processing /home/airflow/.local/lib/python3.12/site-packages/airflow/example_dags/tutorial_objectstorage.py took 0.061 seconds
[2024-10-31T06:28:00.988+0000] {processor.py:186} INFO - Started process (PID=833) to work on /home/airflow/.local/lib/python3.12/site-packages/airflow/example_dags/tutorial_objectstorage.py
[2024-10-31T06:28:00.990+0000] {processor.py:914} INFO - Processing file /home/airflow/.local/lib/python3.12/site-packages/airflow/example_dags/tutorial_objectstorage.py for tasks to queue
[2024-10-31T06:28:00.992+0000] {logging_mixin.py:190} INFO - [2024-10-31T06:28:00.992+0000] {dagbag.py:588} INFO - Filling up the DagBag from /home/airflow/.local/lib/python3.12/site-packages/airflow/example_dags/tutorial_objectstorage.py
[2024-10-31T06:28:01.005+0000] {processor.py:925} INFO - DAG(s) 'tutorial_objectstorage' retrieved from /home/airflow/.local/lib/python3.12/site-packages/airflow/example_dags/tutorial_objectstorage.py
[2024-10-31T06:28:01.030+0000] {logging_mixin.py:190} INFO - [2024-10-31T06:28:01.030+0000] {dag.py:3239} INFO - Sync 1 DAGs
[2024-10-31T06:28:01.043+0000] {logging_mixin.py:190} INFO - [2024-10-31T06:28:01.043+0000] {dag.py:4180} INFO - Setting next_dagrun for tutorial_objectstorage to None, run_after=None
[2024-10-31T06:28:01.059+0000] {processor.py:208} INFO - Processing /home/airflow/.local/lib/python3.12/site-packages/airflow/example_dags/tutorial_objectstorage.py took 0.076 seconds
[2024-10-31T06:28:31.787+0000] {processor.py:186} INFO - Started process (PID=896) to work on /home/airflow/.local/lib/python3.12/site-packages/airflow/example_dags/tutorial_objectstorage.py
[2024-10-31T06:28:31.788+0000] {processor.py:914} INFO - Processing file /home/airflow/.local/lib/python3.12/site-packages/airflow/example_dags/tutorial_objectstorage.py for tasks to queue
[2024-10-31T06:28:31.790+0000] {logging_mixin.py:190} INFO - [2024-10-31T06:28:31.790+0000] {dagbag.py:588} INFO - Filling up the DagBag from /home/airflow/.local/lib/python3.12/site-packages/airflow/example_dags/tutorial_objectstorage.py
[2024-10-31T06:28:31.797+0000] {processor.py:925} INFO - DAG(s) 'tutorial_objectstorage' retrieved from /home/airflow/.local/lib/python3.12/site-packages/airflow/example_dags/tutorial_objectstorage.py
[2024-10-31T06:28:31.812+0000] {logging_mixin.py:190} INFO - [2024-10-31T06:28:31.812+0000] {dag.py:3239} INFO - Sync 1 DAGs
[2024-10-31T06:28:31.823+0000] {logging_mixin.py:190} INFO - [2024-10-31T06:28:31.823+0000] {dag.py:4180} INFO - Setting next_dagrun for tutorial_objectstorage to None, run_after=None
[2024-10-31T06:28:31.836+0000] {processor.py:208} INFO - Processing /home/airflow/.local/lib/python3.12/site-packages/airflow/example_dags/tutorial_objectstorage.py took 0.055 seconds
