[2024-11-04T01:43:39.593+0000] {local_task_job_runner.py:123} INFO - ::group::Pre task execution logs
[2024-11-04T01:43:39.607+0000] {taskinstance.py:2612} INFO - Dependencies all met for dep_context=non-requeueable deps ti=<TaskInstance: slack-message-tutorial.task_1 manual__2024-11-04T01:43:38.448834+00:00 [queued]>
[2024-11-04T01:43:39.613+0000] {taskinstance.py:2612} INFO - Dependencies all met for dep_context=requeueable deps ti=<TaskInstance: slack-message-tutorial.task_1 manual__2024-11-04T01:43:38.448834+00:00 [queued]>
[2024-11-04T01:43:39.614+0000] {taskinstance.py:2865} INFO - Starting attempt 1 of 1
[2024-11-04T01:43:39.628+0000] {taskinstance.py:2888} INFO - Executing <Task(PythonOperator): task_1> on 2024-11-04 01:43:38.448834+00:00
[2024-11-04T01:43:39.635+0000] {warnings.py:112} WARNING - /home/***/.local/lib/python3.12/site-packages/***/task/task_runner/standard_task_runner.py:70: DeprecationWarning: This process (pid=385) is multi-threaded, use of fork() may lead to deadlocks in the child.
  pid = os.fork()

[2024-11-04T01:43:39.636+0000] {standard_task_runner.py:72} INFO - Started process 386 to run task
[2024-11-04T01:43:39.636+0000] {standard_task_runner.py:104} INFO - Running: ['***', 'tasks', 'run', 'slack-message-tutorial', 'task_1', 'manual__2024-11-04T01:43:38.448834+00:00', '--job-id', '161', '--raw', '--subdir', 'DAGS_FOLDER/send_slack_message_tutorial.py', '--cfg-path', '/tmp/tmpcjsmvqx9']
[2024-11-04T01:43:39.637+0000] {standard_task_runner.py:105} INFO - Job 161: Subtask task_1
[2024-11-04T01:43:39.679+0000] {task_command.py:467} INFO - Running <TaskInstance: slack-message-tutorial.task_1 manual__2024-11-04T01:43:38.448834+00:00 [running]> on host 5a41fc77ef88
[2024-11-04T01:43:39.762+0000] {taskinstance.py:3131} INFO - Exporting env vars: AIRFLOW_CTX_DAG_OWNER='***' AIRFLOW_CTX_DAG_ID='slack-message-tutorial' AIRFLOW_CTX_TASK_ID='task_1' AIRFLOW_CTX_EXECUTION_DATE='2024-11-04T01:43:38.448834+00:00' AIRFLOW_CTX_TRY_NUMBER='1' AIRFLOW_CTX_DAG_RUN_ID='manual__2024-11-04T01:43:38.448834+00:00'
[2024-11-04T01:43:39.763+0000] {taskinstance.py:731} INFO - ::endgroup::
[2024-11-04T01:43:39.775+0000] {logging_mixin.py:190} INFO - task 1 done!
[2024-11-04T01:43:39.775+0000] {python.py:240} INFO - Done. Returned value was: None
[2024-11-04T01:43:39.787+0000] {taskinstance.py:340} INFO - ::group::Post task execution logs
[2024-11-04T01:43:39.787+0000] {taskinstance.py:352} INFO - Marking task as SUCCESS. dag_id=slack-message-tutorial, task_id=task_1, run_id=manual__2024-11-04T01:43:38.448834+00:00, execution_date=20241104T014338, start_date=20241104T014339, end_date=20241104T014339
[2024-11-04T01:43:39.811+0000] {local_task_job_runner.py:266} INFO - Task exited with return code 0
[2024-11-04T01:43:39.837+0000] {taskinstance.py:3900} INFO - 1 downstream tasks scheduled from follow-on schedule check
[2024-11-04T01:43:39.840+0000] {local_task_job_runner.py:245} INFO - ::endgroup::
