[2024-11-01T11:49:34.827+0900] {processor.py:186} INFO - Started process (PID=414160) to work on /home/hamin081234/anaconda3/envs/airflow_env/lib/python3.11/site-packages/airflow/example_dags/example_external_task_marker_dag.py
[2024-11-01T11:49:34.827+0900] {processor.py:914} INFO - Processing file /home/hamin081234/anaconda3/envs/airflow_env/lib/python3.11/site-packages/airflow/example_dags/example_external_task_marker_dag.py for tasks to queue
[2024-11-01T11:49:34.829+0900] {logging_mixin.py:190} INFO - [2024-11-01T11:49:34.829+0900] {dagbag.py:588} INFO - Filling up the DagBag from /home/hamin081234/anaconda3/envs/airflow_env/lib/python3.11/site-packages/airflow/example_dags/example_external_task_marker_dag.py
[2024-11-01T11:49:34.836+0900] {processor.py:925} INFO - DAG(s) 'example_external_task_marker_parent', 'example_external_task_marker_child' retrieved from /home/hamin081234/anaconda3/envs/airflow_env/lib/python3.11/site-packages/airflow/example_dags/example_external_task_marker_dag.py
[2024-11-01T11:49:34.901+0900] {logging_mixin.py:190} INFO - [2024-11-01T11:49:34.900+0900] {override.py:1900} INFO - Created Permission View: can delete on DAG:example_external_task_marker_parent
[2024-11-01T11:49:34.912+0900] {logging_mixin.py:190} INFO - [2024-11-01T11:49:34.912+0900] {override.py:1900} INFO - Created Permission View: can edit on DAG:example_external_task_marker_parent
[2024-11-01T11:49:34.922+0900] {logging_mixin.py:190} INFO - [2024-11-01T11:49:34.922+0900] {override.py:1900} INFO - Created Permission View: can read on DAG:example_external_task_marker_parent
[2024-11-01T11:49:34.944+0900] {logging_mixin.py:190} INFO - [2024-11-01T11:49:34.944+0900] {override.py:1900} INFO - Created Permission View: menu access on DAG Run:example_external_task_marker_parent
[2024-11-01T11:49:34.954+0900] {logging_mixin.py:190} INFO - [2024-11-01T11:49:34.954+0900] {override.py:1900} INFO - Created Permission View: can delete on DAG Run:example_external_task_marker_parent
[2024-11-01T11:49:34.964+0900] {logging_mixin.py:190} INFO - [2024-11-01T11:49:34.964+0900] {override.py:1900} INFO - Created Permission View: can create on DAG Run:example_external_task_marker_parent
[2024-11-01T11:49:34.974+0900] {logging_mixin.py:190} INFO - [2024-11-01T11:49:34.974+0900] {override.py:1900} INFO - Created Permission View: can read on DAG Run:example_external_task_marker_parent
[2024-11-01T11:49:34.998+0900] {logging_mixin.py:190} INFO - [2024-11-01T11:49:34.998+0900] {override.py:1900} INFO - Created Permission View: can delete on DAG:example_external_task_marker_child
[2024-11-01T11:49:35.008+0900] {logging_mixin.py:190} INFO - [2024-11-01T11:49:35.008+0900] {override.py:1900} INFO - Created Permission View: can edit on DAG:example_external_task_marker_child
[2024-11-01T11:49:35.018+0900] {logging_mixin.py:190} INFO - [2024-11-01T11:49:35.018+0900] {override.py:1900} INFO - Created Permission View: can read on DAG:example_external_task_marker_child
[2024-11-01T11:49:35.038+0900] {logging_mixin.py:190} INFO - [2024-11-01T11:49:35.038+0900] {override.py:1900} INFO - Created Permission View: menu access on DAG Run:example_external_task_marker_child
[2024-11-01T11:49:35.048+0900] {logging_mixin.py:190} INFO - [2024-11-01T11:49:35.048+0900] {override.py:1900} INFO - Created Permission View: can delete on DAG Run:example_external_task_marker_child
[2024-11-01T11:49:35.058+0900] {logging_mixin.py:190} INFO - [2024-11-01T11:49:35.058+0900] {override.py:1900} INFO - Created Permission View: can create on DAG Run:example_external_task_marker_child
[2024-11-01T11:49:35.068+0900] {logging_mixin.py:190} INFO - [2024-11-01T11:49:35.068+0900] {override.py:1900} INFO - Created Permission View: can read on DAG Run:example_external_task_marker_child
[2024-11-01T11:49:35.068+0900] {logging_mixin.py:190} INFO - [2024-11-01T11:49:35.068+0900] {dag.py:3239} INFO - Sync 2 DAGs
[2024-11-01T11:49:35.074+0900] {logging_mixin.py:190} INFO - [2024-11-01T11:49:35.074+0900] {dag.py:3262} INFO - Creating ORM DAG for example_external_task_marker_child
[2024-11-01T11:49:35.075+0900] {logging_mixin.py:190} INFO - [2024-11-01T11:49:35.075+0900] {dag.py:3262} INFO - Creating ORM DAG for example_external_task_marker_parent
[2024-11-01T11:49:35.075+0900] {logging_mixin.py:190} INFO - [2024-11-01T11:49:35.075+0900] {dag.py:4180} INFO - Setting next_dagrun for example_external_task_marker_child to None, run_after=None
[2024-11-01T11:49:35.075+0900] {logging_mixin.py:190} INFO - [2024-11-01T11:49:35.075+0900] {dag.py:4180} INFO - Setting next_dagrun for example_external_task_marker_parent to None, run_after=None
[2024-11-01T11:49:35.093+0900] {processor.py:208} INFO - Processing /home/hamin081234/anaconda3/envs/airflow_env/lib/python3.11/site-packages/airflow/example_dags/example_external_task_marker_dag.py took 0.270 seconds
[2024-11-01T11:50:32.267+0900] {processor.py:186} INFO - Started process (PID=415519) to work on /home/hamin081234/anaconda3/envs/airflow_env/lib/python3.11/site-packages/airflow/example_dags/example_external_task_marker_dag.py
[2024-11-01T11:50:32.275+0900] {processor.py:914} INFO - Processing file /home/hamin081234/anaconda3/envs/airflow_env/lib/python3.11/site-packages/airflow/example_dags/example_external_task_marker_dag.py for tasks to queue
[2024-11-01T11:50:32.277+0900] {logging_mixin.py:190} INFO - [2024-11-01T11:50:32.277+0900] {dagbag.py:588} INFO - Filling up the DagBag from /home/hamin081234/anaconda3/envs/airflow_env/lib/python3.11/site-packages/airflow/example_dags/example_external_task_marker_dag.py
[2024-11-01T11:50:32.286+0900] {processor.py:925} INFO - DAG(s) 'example_external_task_marker_parent', 'example_external_task_marker_child' retrieved from /home/hamin081234/anaconda3/envs/airflow_env/lib/python3.11/site-packages/airflow/example_dags/example_external_task_marker_dag.py
[2024-11-01T11:50:32.303+0900] {logging_mixin.py:190} INFO - [2024-11-01T11:50:32.303+0900] {dag.py:3239} INFO - Sync 2 DAGs
[2024-11-01T11:50:32.314+0900] {logging_mixin.py:190} INFO - [2024-11-01T11:50:32.314+0900] {dag.py:4180} INFO - Setting next_dagrun for example_external_task_marker_child to None, run_after=None
[2024-11-01T11:50:32.318+0900] {logging_mixin.py:190} INFO - [2024-11-01T11:50:32.317+0900] {dag.py:4180} INFO - Setting next_dagrun for example_external_task_marker_parent to None, run_after=None
[2024-11-01T11:50:32.339+0900] {processor.py:208} INFO - Processing /home/hamin081234/anaconda3/envs/airflow_env/lib/python3.11/site-packages/airflow/example_dags/example_external_task_marker_dag.py took 0.078 seconds
[2024-11-01T11:51:27.076+0900] {processor.py:186} INFO - Started process (PID=416555) to work on /home/hamin081234/anaconda3/envs/airflow_env/lib/python3.11/site-packages/airflow/example_dags/example_external_task_marker_dag.py
[2024-11-01T11:51:27.076+0900] {processor.py:914} INFO - Processing file /home/hamin081234/anaconda3/envs/airflow_env/lib/python3.11/site-packages/airflow/example_dags/example_external_task_marker_dag.py for tasks to queue
[2024-11-01T11:51:27.078+0900] {logging_mixin.py:190} INFO - [2024-11-01T11:51:27.078+0900] {dagbag.py:588} INFO - Filling up the DagBag from /home/hamin081234/anaconda3/envs/airflow_env/lib/python3.11/site-packages/airflow/example_dags/example_external_task_marker_dag.py
[2024-11-01T11:51:27.084+0900] {processor.py:925} INFO - DAG(s) 'example_external_task_marker_child', 'example_external_task_marker_parent' retrieved from /home/hamin081234/anaconda3/envs/airflow_env/lib/python3.11/site-packages/airflow/example_dags/example_external_task_marker_dag.py
[2024-11-01T11:51:27.096+0900] {logging_mixin.py:190} INFO - [2024-11-01T11:51:27.096+0900] {dag.py:3239} INFO - Sync 2 DAGs
[2024-11-01T11:51:27.104+0900] {logging_mixin.py:190} INFO - [2024-11-01T11:51:27.104+0900] {dag.py:4180} INFO - Setting next_dagrun for example_external_task_marker_child to None, run_after=None
[2024-11-01T11:51:27.106+0900] {logging_mixin.py:190} INFO - [2024-11-01T11:51:27.106+0900] {dag.py:4180} INFO - Setting next_dagrun for example_external_task_marker_parent to None, run_after=None
[2024-11-01T11:51:27.125+0900] {processor.py:208} INFO - Processing /home/hamin081234/anaconda3/envs/airflow_env/lib/python3.11/site-packages/airflow/example_dags/example_external_task_marker_dag.py took 0.053 seconds
[2024-11-01T11:52:28.621+0900] {processor.py:186} INFO - Started process (PID=418139) to work on /home/hamin081234/anaconda3/envs/airflow_env/lib/python3.11/site-packages/airflow/example_dags/example_external_task_marker_dag.py
[2024-11-01T11:52:28.630+0900] {processor.py:914} INFO - Processing file /home/hamin081234/anaconda3/envs/airflow_env/lib/python3.11/site-packages/airflow/example_dags/example_external_task_marker_dag.py for tasks to queue
[2024-11-01T11:52:28.632+0900] {logging_mixin.py:190} INFO - [2024-11-01T11:52:28.632+0900] {dagbag.py:588} INFO - Filling up the DagBag from /home/hamin081234/anaconda3/envs/airflow_env/lib/python3.11/site-packages/airflow/example_dags/example_external_task_marker_dag.py
[2024-11-01T11:52:28.639+0900] {processor.py:925} INFO - DAG(s) 'example_external_task_marker_child', 'example_external_task_marker_parent' retrieved from /home/hamin081234/anaconda3/envs/airflow_env/lib/python3.11/site-packages/airflow/example_dags/example_external_task_marker_dag.py
[2024-11-01T11:52:28.649+0900] {logging_mixin.py:190} INFO - [2024-11-01T11:52:28.649+0900] {dag.py:3239} INFO - Sync 2 DAGs
[2024-11-01T11:52:28.656+0900] {logging_mixin.py:190} INFO - [2024-11-01T11:52:28.656+0900] {dag.py:4180} INFO - Setting next_dagrun for example_external_task_marker_child to None, run_after=None
[2024-11-01T11:52:28.657+0900] {logging_mixin.py:190} INFO - [2024-11-01T11:52:28.657+0900] {dag.py:4180} INFO - Setting next_dagrun for example_external_task_marker_parent to None, run_after=None
[2024-11-01T11:52:28.678+0900] {processor.py:208} INFO - Processing /home/hamin081234/anaconda3/envs/airflow_env/lib/python3.11/site-packages/airflow/example_dags/example_external_task_marker_dag.py took 0.061 seconds
[2024-11-01T11:53:23.128+0900] {processor.py:186} INFO - Started process (PID=419466) to work on /home/hamin081234/anaconda3/envs/airflow_env/lib/python3.11/site-packages/airflow/example_dags/example_external_task_marker_dag.py
[2024-11-01T11:53:23.137+0900] {processor.py:914} INFO - Processing file /home/hamin081234/anaconda3/envs/airflow_env/lib/python3.11/site-packages/airflow/example_dags/example_external_task_marker_dag.py for tasks to queue
[2024-11-01T11:53:23.138+0900] {logging_mixin.py:190} INFO - [2024-11-01T11:53:23.138+0900] {dagbag.py:588} INFO - Filling up the DagBag from /home/hamin081234/anaconda3/envs/airflow_env/lib/python3.11/site-packages/airflow/example_dags/example_external_task_marker_dag.py
[2024-11-01T11:53:23.144+0900] {processor.py:925} INFO - DAG(s) 'example_external_task_marker_child', 'example_external_task_marker_parent' retrieved from /home/hamin081234/anaconda3/envs/airflow_env/lib/python3.11/site-packages/airflow/example_dags/example_external_task_marker_dag.py
[2024-11-01T11:53:23.154+0900] {logging_mixin.py:190} INFO - [2024-11-01T11:53:23.154+0900] {dag.py:3239} INFO - Sync 2 DAGs
[2024-11-01T11:53:23.161+0900] {logging_mixin.py:190} INFO - [2024-11-01T11:53:23.161+0900] {dag.py:4180} INFO - Setting next_dagrun for example_external_task_marker_child to None, run_after=None
[2024-11-01T11:53:23.162+0900] {logging_mixin.py:190} INFO - [2024-11-01T11:53:23.162+0900] {dag.py:4180} INFO - Setting next_dagrun for example_external_task_marker_parent to None, run_after=None
[2024-11-01T11:53:23.179+0900] {processor.py:208} INFO - Processing /home/hamin081234/anaconda3/envs/airflow_env/lib/python3.11/site-packages/airflow/example_dags/example_external_task_marker_dag.py took 0.055 seconds
[2024-11-01T11:54:13.650+0900] {processor.py:186} INFO - Started process (PID=420485) to work on /home/hamin081234/anaconda3/envs/airflow_env/lib/python3.11/site-packages/airflow/example_dags/example_external_task_marker_dag.py
[2024-11-01T11:54:13.659+0900] {processor.py:914} INFO - Processing file /home/hamin081234/anaconda3/envs/airflow_env/lib/python3.11/site-packages/airflow/example_dags/example_external_task_marker_dag.py for tasks to queue
[2024-11-01T11:54:13.661+0900] {logging_mixin.py:190} INFO - [2024-11-01T11:54:13.661+0900] {dagbag.py:588} INFO - Filling up the DagBag from /home/hamin081234/anaconda3/envs/airflow_env/lib/python3.11/site-packages/airflow/example_dags/example_external_task_marker_dag.py
[2024-11-01T11:54:13.668+0900] {processor.py:925} INFO - DAG(s) 'example_external_task_marker_parent', 'example_external_task_marker_child' retrieved from /home/hamin081234/anaconda3/envs/airflow_env/lib/python3.11/site-packages/airflow/example_dags/example_external_task_marker_dag.py
[2024-11-01T11:54:13.678+0900] {logging_mixin.py:190} INFO - [2024-11-01T11:54:13.678+0900] {dag.py:3239} INFO - Sync 2 DAGs
[2024-11-01T11:54:13.685+0900] {logging_mixin.py:190} INFO - [2024-11-01T11:54:13.685+0900] {dag.py:4180} INFO - Setting next_dagrun for example_external_task_marker_child to None, run_after=None
[2024-11-01T11:54:13.687+0900] {logging_mixin.py:190} INFO - [2024-11-01T11:54:13.687+0900] {dag.py:4180} INFO - Setting next_dagrun for example_external_task_marker_parent to None, run_after=None
[2024-11-01T11:54:13.703+0900] {processor.py:208} INFO - Processing /home/hamin081234/anaconda3/envs/airflow_env/lib/python3.11/site-packages/airflow/example_dags/example_external_task_marker_dag.py took 0.058 seconds
[2024-11-01T11:55:06.558+0900] {processor.py:186} INFO - Started process (PID=421731) to work on /home/hamin081234/anaconda3/envs/airflow_env/lib/python3.11/site-packages/airflow/example_dags/example_external_task_marker_dag.py
[2024-11-01T11:55:06.560+0900] {processor.py:914} INFO - Processing file /home/hamin081234/anaconda3/envs/airflow_env/lib/python3.11/site-packages/airflow/example_dags/example_external_task_marker_dag.py for tasks to queue
[2024-11-01T11:55:06.562+0900] {logging_mixin.py:190} INFO - [2024-11-01T11:55:06.562+0900] {dagbag.py:588} INFO - Filling up the DagBag from /home/hamin081234/anaconda3/envs/airflow_env/lib/python3.11/site-packages/airflow/example_dags/example_external_task_marker_dag.py
[2024-11-01T11:55:06.568+0900] {processor.py:925} INFO - DAG(s) 'example_external_task_marker_parent', 'example_external_task_marker_child' retrieved from /home/hamin081234/anaconda3/envs/airflow_env/lib/python3.11/site-packages/airflow/example_dags/example_external_task_marker_dag.py
[2024-11-01T11:55:06.578+0900] {logging_mixin.py:190} INFO - [2024-11-01T11:55:06.578+0900] {dag.py:3239} INFO - Sync 2 DAGs
[2024-11-01T11:55:06.585+0900] {logging_mixin.py:190} INFO - [2024-11-01T11:55:06.585+0900] {dag.py:4180} INFO - Setting next_dagrun for example_external_task_marker_child to None, run_after=None
[2024-11-01T11:55:06.587+0900] {logging_mixin.py:190} INFO - [2024-11-01T11:55:06.587+0900] {dag.py:4180} INFO - Setting next_dagrun for example_external_task_marker_parent to None, run_after=None
[2024-11-01T11:55:06.605+0900] {processor.py:208} INFO - Processing /home/hamin081234/anaconda3/envs/airflow_env/lib/python3.11/site-packages/airflow/example_dags/example_external_task_marker_dag.py took 0.051 seconds
[2024-11-01T11:55:57.220+0900] {processor.py:186} INFO - Started process (PID=422994) to work on /home/hamin081234/anaconda3/envs/airflow_env/lib/python3.11/site-packages/airflow/example_dags/example_external_task_marker_dag.py
[2024-11-01T11:55:57.229+0900] {processor.py:914} INFO - Processing file /home/hamin081234/anaconda3/envs/airflow_env/lib/python3.11/site-packages/airflow/example_dags/example_external_task_marker_dag.py for tasks to queue
[2024-11-01T11:55:57.230+0900] {logging_mixin.py:190} INFO - [2024-11-01T11:55:57.230+0900] {dagbag.py:588} INFO - Filling up the DagBag from /home/hamin081234/anaconda3/envs/airflow_env/lib/python3.11/site-packages/airflow/example_dags/example_external_task_marker_dag.py
[2024-11-01T11:55:57.236+0900] {processor.py:925} INFO - DAG(s) 'example_external_task_marker_parent', 'example_external_task_marker_child' retrieved from /home/hamin081234/anaconda3/envs/airflow_env/lib/python3.11/site-packages/airflow/example_dags/example_external_task_marker_dag.py
[2024-11-01T11:55:57.246+0900] {logging_mixin.py:190} INFO - [2024-11-01T11:55:57.246+0900] {dag.py:3239} INFO - Sync 2 DAGs
[2024-11-01T11:55:57.254+0900] {logging_mixin.py:190} INFO - [2024-11-01T11:55:57.254+0900] {dag.py:4180} INFO - Setting next_dagrun for example_external_task_marker_child to None, run_after=None
[2024-11-01T11:55:57.255+0900] {logging_mixin.py:190} INFO - [2024-11-01T11:55:57.255+0900] {dag.py:4180} INFO - Setting next_dagrun for example_external_task_marker_parent to None, run_after=None
[2024-11-01T11:55:57.273+0900] {processor.py:208} INFO - Processing /home/hamin081234/anaconda3/envs/airflow_env/lib/python3.11/site-packages/airflow/example_dags/example_external_task_marker_dag.py took 0.057 seconds
[2024-11-01T11:56:48.719+0900] {processor.py:186} INFO - Started process (PID=424070) to work on /home/hamin081234/anaconda3/envs/airflow_env/lib/python3.11/site-packages/airflow/example_dags/example_external_task_marker_dag.py
[2024-11-01T11:56:48.727+0900] {processor.py:914} INFO - Processing file /home/hamin081234/anaconda3/envs/airflow_env/lib/python3.11/site-packages/airflow/example_dags/example_external_task_marker_dag.py for tasks to queue
[2024-11-01T11:56:48.729+0900] {logging_mixin.py:190} INFO - [2024-11-01T11:56:48.729+0900] {dagbag.py:588} INFO - Filling up the DagBag from /home/hamin081234/anaconda3/envs/airflow_env/lib/python3.11/site-packages/airflow/example_dags/example_external_task_marker_dag.py
[2024-11-01T11:56:48.735+0900] {processor.py:925} INFO - DAG(s) 'example_external_task_marker_parent', 'example_external_task_marker_child' retrieved from /home/hamin081234/anaconda3/envs/airflow_env/lib/python3.11/site-packages/airflow/example_dags/example_external_task_marker_dag.py
[2024-11-01T11:56:48.745+0900] {logging_mixin.py:190} INFO - [2024-11-01T11:56:48.745+0900] {dag.py:3239} INFO - Sync 2 DAGs
[2024-11-01T11:56:48.752+0900] {logging_mixin.py:190} INFO - [2024-11-01T11:56:48.752+0900] {dag.py:4180} INFO - Setting next_dagrun for example_external_task_marker_child to None, run_after=None
[2024-11-01T11:56:48.753+0900] {logging_mixin.py:190} INFO - [2024-11-01T11:56:48.753+0900] {dag.py:4180} INFO - Setting next_dagrun for example_external_task_marker_parent to None, run_after=None
[2024-11-01T11:56:48.770+0900] {processor.py:208} INFO - Processing /home/hamin081234/anaconda3/envs/airflow_env/lib/python3.11/site-packages/airflow/example_dags/example_external_task_marker_dag.py took 0.055 seconds
[2024-11-01T11:57:37.393+0900] {processor.py:186} INFO - Started process (PID=425256) to work on /home/hamin081234/anaconda3/envs/airflow_env/lib/python3.11/site-packages/airflow/example_dags/example_external_task_marker_dag.py
[2024-11-01T11:57:37.402+0900] {processor.py:914} INFO - Processing file /home/hamin081234/anaconda3/envs/airflow_env/lib/python3.11/site-packages/airflow/example_dags/example_external_task_marker_dag.py for tasks to queue
[2024-11-01T11:57:37.404+0900] {logging_mixin.py:190} INFO - [2024-11-01T11:57:37.404+0900] {dagbag.py:588} INFO - Filling up the DagBag from /home/hamin081234/anaconda3/envs/airflow_env/lib/python3.11/site-packages/airflow/example_dags/example_external_task_marker_dag.py
[2024-11-01T11:57:37.409+0900] {processor.py:925} INFO - DAG(s) 'example_external_task_marker_parent', 'example_external_task_marker_child' retrieved from /home/hamin081234/anaconda3/envs/airflow_env/lib/python3.11/site-packages/airflow/example_dags/example_external_task_marker_dag.py
[2024-11-01T11:57:37.419+0900] {logging_mixin.py:190} INFO - [2024-11-01T11:57:37.419+0900] {dag.py:3239} INFO - Sync 2 DAGs
[2024-11-01T11:57:37.426+0900] {logging_mixin.py:190} INFO - [2024-11-01T11:57:37.426+0900] {dag.py:4180} INFO - Setting next_dagrun for example_external_task_marker_child to None, run_after=None
[2024-11-01T11:57:37.428+0900] {logging_mixin.py:190} INFO - [2024-11-01T11:57:37.428+0900] {dag.py:4180} INFO - Setting next_dagrun for example_external_task_marker_parent to None, run_after=None
[2024-11-01T11:57:37.444+0900] {processor.py:208} INFO - Processing /home/hamin081234/anaconda3/envs/airflow_env/lib/python3.11/site-packages/airflow/example_dags/example_external_task_marker_dag.py took 0.054 seconds
