[2024-11-01T11:49:45.804+0900] {processor.py:186} INFO - Started process (PID=414383) to work on /home/hamin081234/anaconda3/envs/airflow_env/lib/python3.11/site-packages/airflow/example_dags/example_dynamic_task_mapping.py
[2024-11-01T11:49:45.804+0900] {processor.py:914} INFO - Processing file /home/hamin081234/anaconda3/envs/airflow_env/lib/python3.11/site-packages/airflow/example_dags/example_dynamic_task_mapping.py for tasks to queue
[2024-11-01T11:49:45.806+0900] {logging_mixin.py:190} INFO - [2024-11-01T11:49:45.805+0900] {dagbag.py:588} INFO - Filling up the DagBag from /home/hamin081234/anaconda3/envs/airflow_env/lib/python3.11/site-packages/airflow/example_dags/example_dynamic_task_mapping.py
[2024-11-01T11:49:45.813+0900] {processor.py:925} INFO - DAG(s) 'example_dynamic_task_mapping' retrieved from /home/hamin081234/anaconda3/envs/airflow_env/lib/python3.11/site-packages/airflow/example_dags/example_dynamic_task_mapping.py
[2024-11-01T11:49:45.876+0900] {logging_mixin.py:190} INFO - [2024-11-01T11:49:45.876+0900] {override.py:1900} INFO - Created Permission View: can delete on DAG:example_dynamic_task_mapping
[2024-11-01T11:49:45.888+0900] {logging_mixin.py:190} INFO - [2024-11-01T11:49:45.888+0900] {override.py:1900} INFO - Created Permission View: can edit on DAG:example_dynamic_task_mapping
[2024-11-01T11:49:45.898+0900] {logging_mixin.py:190} INFO - [2024-11-01T11:49:45.898+0900] {override.py:1900} INFO - Created Permission View: can read on DAG:example_dynamic_task_mapping
[2024-11-01T11:49:45.922+0900] {logging_mixin.py:190} INFO - [2024-11-01T11:49:45.922+0900] {override.py:1900} INFO - Created Permission View: menu access on DAG Run:example_dynamic_task_mapping
[2024-11-01T11:49:45.934+0900] {logging_mixin.py:190} INFO - [2024-11-01T11:49:45.934+0900] {override.py:1900} INFO - Created Permission View: can delete on DAG Run:example_dynamic_task_mapping
[2024-11-01T11:49:45.946+0900] {logging_mixin.py:190} INFO - [2024-11-01T11:49:45.946+0900] {override.py:1900} INFO - Created Permission View: can create on DAG Run:example_dynamic_task_mapping
[2024-11-01T11:49:45.956+0900] {logging_mixin.py:190} INFO - [2024-11-01T11:49:45.956+0900] {override.py:1900} INFO - Created Permission View: can read on DAG Run:example_dynamic_task_mapping
[2024-11-01T11:49:45.956+0900] {logging_mixin.py:190} INFO - [2024-11-01T11:49:45.956+0900] {dag.py:3239} INFO - Sync 1 DAGs
[2024-11-01T11:49:45.963+0900] {logging_mixin.py:190} INFO - [2024-11-01T11:49:45.963+0900] {dag.py:3262} INFO - Creating ORM DAG for example_dynamic_task_mapping
[2024-11-01T11:49:45.963+0900] {logging_mixin.py:190} INFO - [2024-11-01T11:49:45.963+0900] {dag.py:4180} INFO - Setting next_dagrun for example_dynamic_task_mapping to None, run_after=None
[2024-11-01T11:49:45.978+0900] {processor.py:208} INFO - Processing /home/hamin081234/anaconda3/envs/airflow_env/lib/python3.11/site-packages/airflow/example_dags/example_dynamic_task_mapping.py took 0.177 seconds
[2024-11-01T11:50:42.458+0900] {processor.py:186} INFO - Started process (PID=415766) to work on /home/hamin081234/anaconda3/envs/airflow_env/lib/python3.11/site-packages/airflow/example_dags/example_dynamic_task_mapping.py
[2024-11-01T11:50:42.471+0900] {processor.py:914} INFO - Processing file /home/hamin081234/anaconda3/envs/airflow_env/lib/python3.11/site-packages/airflow/example_dags/example_dynamic_task_mapping.py for tasks to queue
[2024-11-01T11:50:42.478+0900] {logging_mixin.py:190} INFO - [2024-11-01T11:50:42.476+0900] {dagbag.py:588} INFO - Filling up the DagBag from /home/hamin081234/anaconda3/envs/airflow_env/lib/python3.11/site-packages/airflow/example_dags/example_dynamic_task_mapping.py
[2024-11-01T11:50:42.489+0900] {processor.py:925} INFO - DAG(s) 'example_dynamic_task_mapping' retrieved from /home/hamin081234/anaconda3/envs/airflow_env/lib/python3.11/site-packages/airflow/example_dags/example_dynamic_task_mapping.py
[2024-11-01T11:50:42.522+0900] {logging_mixin.py:190} INFO - [2024-11-01T11:50:42.521+0900] {dag.py:3239} INFO - Sync 1 DAGs
[2024-11-01T11:50:42.544+0900] {logging_mixin.py:190} INFO - [2024-11-01T11:50:42.544+0900] {dag.py:4180} INFO - Setting next_dagrun for example_dynamic_task_mapping to None, run_after=None
[2024-11-01T11:50:42.589+0900] {processor.py:208} INFO - Processing /home/hamin081234/anaconda3/envs/airflow_env/lib/python3.11/site-packages/airflow/example_dags/example_dynamic_task_mapping.py took 0.151 seconds
[2024-11-01T11:51:37.371+0900] {processor.py:186} INFO - Started process (PID=416879) to work on /home/hamin081234/anaconda3/envs/airflow_env/lib/python3.11/site-packages/airflow/example_dags/example_dynamic_task_mapping.py
[2024-11-01T11:51:37.373+0900] {processor.py:914} INFO - Processing file /home/hamin081234/anaconda3/envs/airflow_env/lib/python3.11/site-packages/airflow/example_dags/example_dynamic_task_mapping.py for tasks to queue
[2024-11-01T11:51:37.374+0900] {logging_mixin.py:190} INFO - [2024-11-01T11:51:37.374+0900] {dagbag.py:588} INFO - Filling up the DagBag from /home/hamin081234/anaconda3/envs/airflow_env/lib/python3.11/site-packages/airflow/example_dags/example_dynamic_task_mapping.py
[2024-11-01T11:51:37.380+0900] {processor.py:925} INFO - DAG(s) 'example_dynamic_task_mapping' retrieved from /home/hamin081234/anaconda3/envs/airflow_env/lib/python3.11/site-packages/airflow/example_dags/example_dynamic_task_mapping.py
[2024-11-01T11:51:37.388+0900] {logging_mixin.py:190} INFO - [2024-11-01T11:51:37.388+0900] {dag.py:3239} INFO - Sync 1 DAGs
[2024-11-01T11:51:37.395+0900] {logging_mixin.py:190} INFO - [2024-11-01T11:51:37.395+0900] {dag.py:4180} INFO - Setting next_dagrun for example_dynamic_task_mapping to None, run_after=None
[2024-11-01T11:51:37.411+0900] {processor.py:208} INFO - Processing /home/hamin081234/anaconda3/envs/airflow_env/lib/python3.11/site-packages/airflow/example_dags/example_dynamic_task_mapping.py took 0.044 seconds
[2024-11-01T11:52:38.798+0900] {processor.py:186} INFO - Started process (PID=418298) to work on /home/hamin081234/anaconda3/envs/airflow_env/lib/python3.11/site-packages/airflow/example_dags/example_dynamic_task_mapping.py
[2024-11-01T11:52:38.808+0900] {processor.py:914} INFO - Processing file /home/hamin081234/anaconda3/envs/airflow_env/lib/python3.11/site-packages/airflow/example_dags/example_dynamic_task_mapping.py for tasks to queue
[2024-11-01T11:52:38.818+0900] {logging_mixin.py:190} INFO - [2024-11-01T11:52:38.817+0900] {dagbag.py:588} INFO - Filling up the DagBag from /home/hamin081234/anaconda3/envs/airflow_env/lib/python3.11/site-packages/airflow/example_dags/example_dynamic_task_mapping.py
[2024-11-01T11:52:38.829+0900] {processor.py:925} INFO - DAG(s) 'example_dynamic_task_mapping' retrieved from /home/hamin081234/anaconda3/envs/airflow_env/lib/python3.11/site-packages/airflow/example_dags/example_dynamic_task_mapping.py
[2024-11-01T11:52:38.838+0900] {logging_mixin.py:190} INFO - [2024-11-01T11:52:38.838+0900] {dag.py:3239} INFO - Sync 1 DAGs
[2024-11-01T11:52:38.845+0900] {logging_mixin.py:190} INFO - [2024-11-01T11:52:38.845+0900] {dag.py:4180} INFO - Setting next_dagrun for example_dynamic_task_mapping to None, run_after=None
[2024-11-01T11:52:38.864+0900] {processor.py:208} INFO - Processing /home/hamin081234/anaconda3/envs/airflow_env/lib/python3.11/site-packages/airflow/example_dags/example_dynamic_task_mapping.py took 0.073 seconds
[2024-11-01T11:53:33.254+0900] {processor.py:186} INFO - Started process (PID=419659) to work on /home/hamin081234/anaconda3/envs/airflow_env/lib/python3.11/site-packages/airflow/example_dags/example_dynamic_task_mapping.py
[2024-11-01T11:53:33.263+0900] {processor.py:914} INFO - Processing file /home/hamin081234/anaconda3/envs/airflow_env/lib/python3.11/site-packages/airflow/example_dags/example_dynamic_task_mapping.py for tasks to queue
[2024-11-01T11:53:33.264+0900] {logging_mixin.py:190} INFO - [2024-11-01T11:53:33.264+0900] {dagbag.py:588} INFO - Filling up the DagBag from /home/hamin081234/anaconda3/envs/airflow_env/lib/python3.11/site-packages/airflow/example_dags/example_dynamic_task_mapping.py
[2024-11-01T11:53:33.270+0900] {processor.py:925} INFO - DAG(s) 'example_dynamic_task_mapping' retrieved from /home/hamin081234/anaconda3/envs/airflow_env/lib/python3.11/site-packages/airflow/example_dags/example_dynamic_task_mapping.py
[2024-11-01T11:53:33.278+0900] {logging_mixin.py:190} INFO - [2024-11-01T11:53:33.278+0900] {dag.py:3239} INFO - Sync 1 DAGs
[2024-11-01T11:53:33.286+0900] {logging_mixin.py:190} INFO - [2024-11-01T11:53:33.286+0900] {dag.py:4180} INFO - Setting next_dagrun for example_dynamic_task_mapping to None, run_after=None
[2024-11-01T11:53:33.303+0900] {processor.py:208} INFO - Processing /home/hamin081234/anaconda3/envs/airflow_env/lib/python3.11/site-packages/airflow/example_dags/example_dynamic_task_mapping.py took 0.052 seconds
[2024-11-01T11:54:23.773+0900] {processor.py:186} INFO - Started process (PID=420667) to work on /home/hamin081234/anaconda3/envs/airflow_env/lib/python3.11/site-packages/airflow/example_dags/example_dynamic_task_mapping.py
[2024-11-01T11:54:23.782+0900] {processor.py:914} INFO - Processing file /home/hamin081234/anaconda3/envs/airflow_env/lib/python3.11/site-packages/airflow/example_dags/example_dynamic_task_mapping.py for tasks to queue
[2024-11-01T11:54:23.784+0900] {logging_mixin.py:190} INFO - [2024-11-01T11:54:23.783+0900] {dagbag.py:588} INFO - Filling up the DagBag from /home/hamin081234/anaconda3/envs/airflow_env/lib/python3.11/site-packages/airflow/example_dags/example_dynamic_task_mapping.py
[2024-11-01T11:54:23.790+0900] {processor.py:925} INFO - DAG(s) 'example_dynamic_task_mapping' retrieved from /home/hamin081234/anaconda3/envs/airflow_env/lib/python3.11/site-packages/airflow/example_dags/example_dynamic_task_mapping.py
[2024-11-01T11:54:23.799+0900] {logging_mixin.py:190} INFO - [2024-11-01T11:54:23.799+0900] {dag.py:3239} INFO - Sync 1 DAGs
[2024-11-01T11:54:23.806+0900] {logging_mixin.py:190} INFO - [2024-11-01T11:54:23.806+0900] {dag.py:4180} INFO - Setting next_dagrun for example_dynamic_task_mapping to None, run_after=None
[2024-11-01T11:54:23.823+0900] {processor.py:208} INFO - Processing /home/hamin081234/anaconda3/envs/airflow_env/lib/python3.11/site-packages/airflow/example_dags/example_dynamic_task_mapping.py took 0.053 seconds
[2024-11-01T11:55:16.681+0900] {processor.py:186} INFO - Started process (PID=421893) to work on /home/hamin081234/anaconda3/envs/airflow_env/lib/python3.11/site-packages/airflow/example_dags/example_dynamic_task_mapping.py
[2024-11-01T11:55:16.689+0900] {processor.py:914} INFO - Processing file /home/hamin081234/anaconda3/envs/airflow_env/lib/python3.11/site-packages/airflow/example_dags/example_dynamic_task_mapping.py for tasks to queue
[2024-11-01T11:55:16.690+0900] {logging_mixin.py:190} INFO - [2024-11-01T11:55:16.690+0900] {dagbag.py:588} INFO - Filling up the DagBag from /home/hamin081234/anaconda3/envs/airflow_env/lib/python3.11/site-packages/airflow/example_dags/example_dynamic_task_mapping.py
[2024-11-01T11:55:16.696+0900] {processor.py:925} INFO - DAG(s) 'example_dynamic_task_mapping' retrieved from /home/hamin081234/anaconda3/envs/airflow_env/lib/python3.11/site-packages/airflow/example_dags/example_dynamic_task_mapping.py
[2024-11-01T11:55:16.705+0900] {logging_mixin.py:190} INFO - [2024-11-01T11:55:16.705+0900] {dag.py:3239} INFO - Sync 1 DAGs
[2024-11-01T11:55:16.712+0900] {logging_mixin.py:190} INFO - [2024-11-01T11:55:16.712+0900] {dag.py:4180} INFO - Setting next_dagrun for example_dynamic_task_mapping to None, run_after=None
[2024-11-01T11:55:16.730+0900] {processor.py:208} INFO - Processing /home/hamin081234/anaconda3/envs/airflow_env/lib/python3.11/site-packages/airflow/example_dags/example_dynamic_task_mapping.py took 0.053 seconds
[2024-11-01T11:56:32.126+0900] {processor.py:186} INFO - Started process (PID=423670) to work on /home/hamin081234/anaconda3/envs/airflow_env/lib/python3.11/site-packages/airflow/example_dags/example_dynamic_task_mapping.py
[2024-11-01T11:56:32.135+0900] {processor.py:914} INFO - Processing file /home/hamin081234/anaconda3/envs/airflow_env/lib/python3.11/site-packages/airflow/example_dags/example_dynamic_task_mapping.py for tasks to queue
[2024-11-01T11:56:32.136+0900] {logging_mixin.py:190} INFO - [2024-11-01T11:56:32.136+0900] {dagbag.py:588} INFO - Filling up the DagBag from /home/hamin081234/anaconda3/envs/airflow_env/lib/python3.11/site-packages/airflow/example_dags/example_dynamic_task_mapping.py
[2024-11-01T11:56:32.141+0900] {processor.py:925} INFO - DAG(s) 'example_dynamic_task_mapping' retrieved from /home/hamin081234/anaconda3/envs/airflow_env/lib/python3.11/site-packages/airflow/example_dags/example_dynamic_task_mapping.py
[2024-11-01T11:56:32.149+0900] {logging_mixin.py:190} INFO - [2024-11-01T11:56:32.149+0900] {dag.py:3239} INFO - Sync 1 DAGs
[2024-11-01T11:56:32.156+0900] {logging_mixin.py:190} INFO - [2024-11-01T11:56:32.156+0900] {dag.py:4180} INFO - Setting next_dagrun for example_dynamic_task_mapping to None, run_after=None
[2024-11-01T11:56:32.173+0900] {processor.py:208} INFO - Processing /home/hamin081234/anaconda3/envs/airflow_env/lib/python3.11/site-packages/airflow/example_dags/example_dynamic_task_mapping.py took 0.050 seconds
[2024-11-01T11:57:23.536+0900] {processor.py:186} INFO - Started process (PID=424977) to work on /home/hamin081234/anaconda3/envs/airflow_env/lib/python3.11/site-packages/airflow/example_dags/example_dynamic_task_mapping.py
[2024-11-01T11:57:23.538+0900] {processor.py:914} INFO - Processing file /home/hamin081234/anaconda3/envs/airflow_env/lib/python3.11/site-packages/airflow/example_dags/example_dynamic_task_mapping.py for tasks to queue
[2024-11-01T11:57:23.539+0900] {logging_mixin.py:190} INFO - [2024-11-01T11:57:23.539+0900] {dagbag.py:588} INFO - Filling up the DagBag from /home/hamin081234/anaconda3/envs/airflow_env/lib/python3.11/site-packages/airflow/example_dags/example_dynamic_task_mapping.py
[2024-11-01T11:57:23.545+0900] {processor.py:925} INFO - DAG(s) 'example_dynamic_task_mapping' retrieved from /home/hamin081234/anaconda3/envs/airflow_env/lib/python3.11/site-packages/airflow/example_dags/example_dynamic_task_mapping.py
[2024-11-01T11:57:23.554+0900] {logging_mixin.py:190} INFO - [2024-11-01T11:57:23.554+0900] {dag.py:3239} INFO - Sync 1 DAGs
[2024-11-01T11:57:23.561+0900] {logging_mixin.py:190} INFO - [2024-11-01T11:57:23.561+0900] {dag.py:4180} INFO - Setting next_dagrun for example_dynamic_task_mapping to None, run_after=None
[2024-11-01T11:57:23.579+0900] {processor.py:208} INFO - Processing /home/hamin081234/anaconda3/envs/airflow_env/lib/python3.11/site-packages/airflow/example_dags/example_dynamic_task_mapping.py took 0.047 seconds
