[2024-11-01T11:49:06.420+0900] {processor.py:186} INFO - Started process (PID=413354) to work on /home/hamin081234/anaconda3/envs/airflow_env/lib/python3.11/site-packages/airflow/example_dags/example_datasets.py
[2024-11-01T11:49:06.420+0900] {processor.py:914} INFO - Processing file /home/hamin081234/anaconda3/envs/airflow_env/lib/python3.11/site-packages/airflow/example_dags/example_datasets.py for tasks to queue
[2024-11-01T11:49:06.422+0900] {logging_mixin.py:190} INFO - [2024-11-01T11:49:06.422+0900] {dagbag.py:588} INFO - Filling up the DagBag from /home/hamin081234/anaconda3/envs/airflow_env/lib/python3.11/site-packages/airflow/example_dags/example_datasets.py
[2024-11-01T11:49:06.435+0900] {processor.py:925} INFO - DAG(s) 'consume_1_or_2_with_dataset_expressions', 'dataset_produces_1', 'consume_1_and_2_with_dataset_expressions', 'dataset_consumes_1', 'dataset_consumes_unknown_never_scheduled', 'dataset_produces_2', 'consume_1_or_both_2_and_3_with_dataset_expressions', 'conditional_dataset_and_time_based_timetable', 'dataset_consumes_1_never_scheduled', 'dataset_consumes_1_and_2' retrieved from /home/hamin081234/anaconda3/envs/airflow_env/lib/python3.11/site-packages/airflow/example_dags/example_datasets.py
[2024-11-01T11:49:06.518+0900] {logging_mixin.py:190} INFO - [2024-11-01T11:49:06.517+0900] {override.py:1900} INFO - Created Permission View: can delete on DAG:consume_1_or_2_with_dataset_expressions
[2024-11-01T11:49:06.534+0900] {logging_mixin.py:190} INFO - [2024-11-01T11:49:06.533+0900] {override.py:1900} INFO - Created Permission View: can edit on DAG:consume_1_or_2_with_dataset_expressions
[2024-11-01T11:49:06.548+0900] {logging_mixin.py:190} INFO - [2024-11-01T11:49:06.548+0900] {override.py:1900} INFO - Created Permission View: can read on DAG:consume_1_or_2_with_dataset_expressions
[2024-11-01T11:49:06.576+0900] {logging_mixin.py:190} INFO - [2024-11-01T11:49:06.575+0900] {override.py:1900} INFO - Created Permission View: menu access on DAG Run:consume_1_or_2_with_dataset_expressions
[2024-11-01T11:49:06.588+0900] {logging_mixin.py:190} INFO - [2024-11-01T11:49:06.587+0900] {override.py:1900} INFO - Created Permission View: can delete on DAG Run:consume_1_or_2_with_dataset_expressions
[2024-11-01T11:49:06.601+0900] {logging_mixin.py:190} INFO - [2024-11-01T11:49:06.600+0900] {override.py:1900} INFO - Created Permission View: can create on DAG Run:consume_1_or_2_with_dataset_expressions
[2024-11-01T11:49:06.615+0900] {logging_mixin.py:190} INFO - [2024-11-01T11:49:06.615+0900] {override.py:1900} INFO - Created Permission View: can read on DAG Run:consume_1_or_2_with_dataset_expressions
[2024-11-01T11:49:06.647+0900] {logging_mixin.py:190} INFO - [2024-11-01T11:49:06.646+0900] {override.py:1900} INFO - Created Permission View: can delete on DAG:dataset_produces_1
[2024-11-01T11:49:06.660+0900] {logging_mixin.py:190} INFO - [2024-11-01T11:49:06.659+0900] {override.py:1900} INFO - Created Permission View: can edit on DAG:dataset_produces_1
[2024-11-01T11:49:06.676+0900] {logging_mixin.py:190} INFO - [2024-11-01T11:49:06.676+0900] {override.py:1900} INFO - Created Permission View: can read on DAG:dataset_produces_1
[2024-11-01T11:49:06.702+0900] {logging_mixin.py:190} INFO - [2024-11-01T11:49:06.701+0900] {override.py:1900} INFO - Created Permission View: menu access on DAG Run:dataset_produces_1
[2024-11-01T11:49:06.714+0900] {logging_mixin.py:190} INFO - [2024-11-01T11:49:06.713+0900] {override.py:1900} INFO - Created Permission View: can delete on DAG Run:dataset_produces_1
[2024-11-01T11:49:06.725+0900] {logging_mixin.py:190} INFO - [2024-11-01T11:49:06.725+0900] {override.py:1900} INFO - Created Permission View: can create on DAG Run:dataset_produces_1
[2024-11-01T11:49:06.740+0900] {logging_mixin.py:190} INFO - [2024-11-01T11:49:06.739+0900] {override.py:1900} INFO - Created Permission View: can read on DAG Run:dataset_produces_1
[2024-11-01T11:49:06.770+0900] {logging_mixin.py:190} INFO - [2024-11-01T11:49:06.769+0900] {override.py:1900} INFO - Created Permission View: can delete on DAG:consume_1_and_2_with_dataset_expressions
[2024-11-01T11:49:06.782+0900] {logging_mixin.py:190} INFO - [2024-11-01T11:49:06.781+0900] {override.py:1900} INFO - Created Permission View: can edit on DAG:consume_1_and_2_with_dataset_expressions
[2024-11-01T11:49:06.796+0900] {logging_mixin.py:190} INFO - [2024-11-01T11:49:06.795+0900] {override.py:1900} INFO - Created Permission View: can read on DAG:consume_1_and_2_with_dataset_expressions
[2024-11-01T11:49:06.820+0900] {logging_mixin.py:190} INFO - [2024-11-01T11:49:06.819+0900] {override.py:1900} INFO - Created Permission View: menu access on DAG Run:consume_1_and_2_with_dataset_expressions
[2024-11-01T11:49:06.832+0900] {logging_mixin.py:190} INFO - [2024-11-01T11:49:06.831+0900] {override.py:1900} INFO - Created Permission View: can delete on DAG Run:consume_1_and_2_with_dataset_expressions
[2024-11-01T11:49:06.847+0900] {logging_mixin.py:190} INFO - [2024-11-01T11:49:06.845+0900] {override.py:1900} INFO - Created Permission View: can create on DAG Run:consume_1_and_2_with_dataset_expressions
[2024-11-01T11:49:06.862+0900] {logging_mixin.py:190} INFO - [2024-11-01T11:49:06.861+0900] {override.py:1900} INFO - Created Permission View: can read on DAG Run:consume_1_and_2_with_dataset_expressions
[2024-11-01T11:49:06.891+0900] {logging_mixin.py:190} INFO - [2024-11-01T11:49:06.891+0900] {override.py:1900} INFO - Created Permission View: can delete on DAG:dataset_consumes_1
[2024-11-01T11:49:06.904+0900] {logging_mixin.py:190} INFO - [2024-11-01T11:49:06.903+0900] {override.py:1900} INFO - Created Permission View: can edit on DAG:dataset_consumes_1
[2024-11-01T11:49:06.916+0900] {logging_mixin.py:190} INFO - [2024-11-01T11:49:06.915+0900] {override.py:1900} INFO - Created Permission View: can read on DAG:dataset_consumes_1
[2024-11-01T11:49:06.938+0900] {logging_mixin.py:190} INFO - [2024-11-01T11:49:06.937+0900] {override.py:1900} INFO - Created Permission View: menu access on DAG Run:dataset_consumes_1
[2024-11-01T11:49:06.950+0900] {logging_mixin.py:190} INFO - [2024-11-01T11:49:06.950+0900] {override.py:1900} INFO - Created Permission View: can delete on DAG Run:dataset_consumes_1
[2024-11-01T11:49:06.964+0900] {logging_mixin.py:190} INFO - [2024-11-01T11:49:06.963+0900] {override.py:1900} INFO - Created Permission View: can create on DAG Run:dataset_consumes_1
[2024-11-01T11:49:06.977+0900] {logging_mixin.py:190} INFO - [2024-11-01T11:49:06.977+0900] {override.py:1900} INFO - Created Permission View: can read on DAG Run:dataset_consumes_1
[2024-11-01T11:49:07.006+0900] {logging_mixin.py:190} INFO - [2024-11-01T11:49:07.005+0900] {override.py:1900} INFO - Created Permission View: can delete on DAG:dataset_consumes_unknown_never_scheduled
[2024-11-01T11:49:07.018+0900] {logging_mixin.py:190} INFO - [2024-11-01T11:49:07.017+0900] {override.py:1900} INFO - Created Permission View: can edit on DAG:dataset_consumes_unknown_never_scheduled
[2024-11-01T11:49:07.029+0900] {logging_mixin.py:190} INFO - [2024-11-01T11:49:07.029+0900] {override.py:1900} INFO - Created Permission View: can read on DAG:dataset_consumes_unknown_never_scheduled
[2024-11-01T11:49:07.053+0900] {logging_mixin.py:190} INFO - [2024-11-01T11:49:07.053+0900] {override.py:1900} INFO - Created Permission View: menu access on DAG Run:dataset_consumes_unknown_never_scheduled
[2024-11-01T11:49:07.065+0900] {logging_mixin.py:190} INFO - [2024-11-01T11:49:07.065+0900] {override.py:1900} INFO - Created Permission View: can delete on DAG Run:dataset_consumes_unknown_never_scheduled
[2024-11-01T11:49:07.075+0900] {logging_mixin.py:190} INFO - [2024-11-01T11:49:07.075+0900] {override.py:1900} INFO - Created Permission View: can create on DAG Run:dataset_consumes_unknown_never_scheduled
[2024-11-01T11:49:07.087+0900] {logging_mixin.py:190} INFO - [2024-11-01T11:49:07.087+0900] {override.py:1900} INFO - Created Permission View: can read on DAG Run:dataset_consumes_unknown_never_scheduled
[2024-11-01T11:49:07.111+0900] {logging_mixin.py:190} INFO - [2024-11-01T11:49:07.111+0900] {override.py:1900} INFO - Created Permission View: can delete on DAG:dataset_produces_2
[2024-11-01T11:49:07.122+0900] {logging_mixin.py:190} INFO - [2024-11-01T11:49:07.121+0900] {override.py:1900} INFO - Created Permission View: can edit on DAG:dataset_produces_2
[2024-11-01T11:49:07.133+0900] {logging_mixin.py:190} INFO - [2024-11-01T11:49:07.133+0900] {override.py:1900} INFO - Created Permission View: can read on DAG:dataset_produces_2
[2024-11-01T11:49:07.153+0900] {logging_mixin.py:190} INFO - [2024-11-01T11:49:07.153+0900] {override.py:1900} INFO - Created Permission View: menu access on DAG Run:dataset_produces_2
[2024-11-01T11:49:07.166+0900] {logging_mixin.py:190} INFO - [2024-11-01T11:49:07.165+0900] {override.py:1900} INFO - Created Permission View: can delete on DAG Run:dataset_produces_2
[2024-11-01T11:49:07.178+0900] {logging_mixin.py:190} INFO - [2024-11-01T11:49:07.177+0900] {override.py:1900} INFO - Created Permission View: can create on DAG Run:dataset_produces_2
[2024-11-01T11:49:07.189+0900] {logging_mixin.py:190} INFO - [2024-11-01T11:49:07.189+0900] {override.py:1900} INFO - Created Permission View: can read on DAG Run:dataset_produces_2
[2024-11-01T11:49:07.218+0900] {logging_mixin.py:190} INFO - [2024-11-01T11:49:07.217+0900] {override.py:1900} INFO - Created Permission View: can delete on DAG:consume_1_or_both_2_and_3_with_dataset_expressions
[2024-11-01T11:49:07.229+0900] {logging_mixin.py:190} INFO - [2024-11-01T11:49:07.229+0900] {override.py:1900} INFO - Created Permission View: can edit on DAG:consume_1_or_both_2_and_3_with_dataset_expressions
[2024-11-01T11:49:07.241+0900] {logging_mixin.py:190} INFO - [2024-11-01T11:49:07.241+0900] {override.py:1900} INFO - Created Permission View: can read on DAG:consume_1_or_both_2_and_3_with_dataset_expressions
[2024-11-01T11:49:07.263+0900] {logging_mixin.py:190} INFO - [2024-11-01T11:49:07.263+0900] {override.py:1900} INFO - Created Permission View: menu access on DAG Run:consume_1_or_both_2_and_3_with_dataset_expressions
[2024-11-01T11:49:07.273+0900] {logging_mixin.py:190} INFO - [2024-11-01T11:49:07.273+0900] {override.py:1900} INFO - Created Permission View: can delete on DAG Run:consume_1_or_both_2_and_3_with_dataset_expressions
[2024-11-01T11:49:07.283+0900] {logging_mixin.py:190} INFO - [2024-11-01T11:49:07.283+0900] {override.py:1900} INFO - Created Permission View: can create on DAG Run:consume_1_or_both_2_and_3_with_dataset_expressions
[2024-11-01T11:49:07.293+0900] {logging_mixin.py:190} INFO - [2024-11-01T11:49:07.293+0900] {override.py:1900} INFO - Created Permission View: can read on DAG Run:consume_1_or_both_2_and_3_with_dataset_expressions
[2024-11-01T11:49:07.317+0900] {logging_mixin.py:190} INFO - [2024-11-01T11:49:07.317+0900] {override.py:1900} INFO - Created Permission View: can delete on DAG:conditional_dataset_and_time_based_timetable
[2024-11-01T11:49:07.327+0900] {logging_mixin.py:190} INFO - [2024-11-01T11:49:07.327+0900] {override.py:1900} INFO - Created Permission View: can edit on DAG:conditional_dataset_and_time_based_timetable
[2024-11-01T11:49:07.337+0900] {logging_mixin.py:190} INFO - [2024-11-01T11:49:07.337+0900] {override.py:1900} INFO - Created Permission View: can read on DAG:conditional_dataset_and_time_based_timetable
[2024-11-01T11:49:07.355+0900] {logging_mixin.py:190} INFO - [2024-11-01T11:49:07.355+0900] {override.py:1900} INFO - Created Permission View: menu access on DAG Run:conditional_dataset_and_time_based_timetable
[2024-11-01T11:49:07.365+0900] {logging_mixin.py:190} INFO - [2024-11-01T11:49:07.365+0900] {override.py:1900} INFO - Created Permission View: can delete on DAG Run:conditional_dataset_and_time_based_timetable
[2024-11-01T11:49:07.375+0900] {logging_mixin.py:190} INFO - [2024-11-01T11:49:07.375+0900] {override.py:1900} INFO - Created Permission View: can create on DAG Run:conditional_dataset_and_time_based_timetable
[2024-11-01T11:49:07.388+0900] {logging_mixin.py:190} INFO - [2024-11-01T11:49:07.387+0900] {override.py:1900} INFO - Created Permission View: can read on DAG Run:conditional_dataset_and_time_based_timetable
[2024-11-01T11:49:07.411+0900] {logging_mixin.py:190} INFO - [2024-11-01T11:49:07.411+0900] {override.py:1900} INFO - Created Permission View: can delete on DAG:dataset_consumes_1_never_scheduled
[2024-11-01T11:49:07.421+0900] {logging_mixin.py:190} INFO - [2024-11-01T11:49:07.421+0900] {override.py:1900} INFO - Created Permission View: can edit on DAG:dataset_consumes_1_never_scheduled
[2024-11-01T11:49:07.431+0900] {logging_mixin.py:190} INFO - [2024-11-01T11:49:07.431+0900] {override.py:1900} INFO - Created Permission View: can read on DAG:dataset_consumes_1_never_scheduled
[2024-11-01T11:49:07.451+0900] {logging_mixin.py:190} INFO - [2024-11-01T11:49:07.451+0900] {override.py:1900} INFO - Created Permission View: menu access on DAG Run:dataset_consumes_1_never_scheduled
[2024-11-01T11:49:07.461+0900] {logging_mixin.py:190} INFO - [2024-11-01T11:49:07.461+0900] {override.py:1900} INFO - Created Permission View: can delete on DAG Run:dataset_consumes_1_never_scheduled
[2024-11-01T11:49:07.473+0900] {logging_mixin.py:190} INFO - [2024-11-01T11:49:07.472+0900] {override.py:1900} INFO - Created Permission View: can create on DAG Run:dataset_consumes_1_never_scheduled
[2024-11-01T11:49:07.484+0900] {logging_mixin.py:190} INFO - [2024-11-01T11:49:07.483+0900] {override.py:1900} INFO - Created Permission View: can read on DAG Run:dataset_consumes_1_never_scheduled
[2024-11-01T11:49:07.514+0900] {logging_mixin.py:190} INFO - [2024-11-01T11:49:07.513+0900] {override.py:1900} INFO - Created Permission View: can delete on DAG:dataset_consumes_1_and_2
[2024-11-01T11:49:07.525+0900] {logging_mixin.py:190} INFO - [2024-11-01T11:49:07.525+0900] {override.py:1900} INFO - Created Permission View: can edit on DAG:dataset_consumes_1_and_2
[2024-11-01T11:49:07.536+0900] {logging_mixin.py:190} INFO - [2024-11-01T11:49:07.535+0900] {override.py:1900} INFO - Created Permission View: can read on DAG:dataset_consumes_1_and_2
[2024-11-01T11:49:07.559+0900] {logging_mixin.py:190} INFO - [2024-11-01T11:49:07.559+0900] {override.py:1900} INFO - Created Permission View: menu access on DAG Run:dataset_consumes_1_and_2
[2024-11-01T11:49:07.571+0900] {logging_mixin.py:190} INFO - [2024-11-01T11:49:07.571+0900] {override.py:1900} INFO - Created Permission View: can delete on DAG Run:dataset_consumes_1_and_2
[2024-11-01T11:49:07.582+0900] {logging_mixin.py:190} INFO - [2024-11-01T11:49:07.581+0900] {override.py:1900} INFO - Created Permission View: can create on DAG Run:dataset_consumes_1_and_2
[2024-11-01T11:49:07.593+0900] {logging_mixin.py:190} INFO - [2024-11-01T11:49:07.593+0900] {override.py:1900} INFO - Created Permission View: can read on DAG Run:dataset_consumes_1_and_2
[2024-11-01T11:49:07.594+0900] {logging_mixin.py:190} INFO - [2024-11-01T11:49:07.593+0900] {dag.py:3239} INFO - Sync 10 DAGs
[2024-11-01T11:49:07.610+0900] {logging_mixin.py:190} INFO - [2024-11-01T11:49:07.610+0900] {dag.py:3262} INFO - Creating ORM DAG for consume_1_or_2_with_dataset_expressions
[2024-11-01T11:49:07.611+0900] {logging_mixin.py:190} INFO - [2024-11-01T11:49:07.611+0900] {dag.py:3262} INFO - Creating ORM DAG for consume_1_or_both_2_and_3_with_dataset_expressions
[2024-11-01T11:49:07.611+0900] {logging_mixin.py:190} INFO - [2024-11-01T11:49:07.611+0900] {dag.py:3262} INFO - Creating ORM DAG for dataset_consumes_unknown_never_scheduled
[2024-11-01T11:49:07.611+0900] {logging_mixin.py:190} INFO - [2024-11-01T11:49:07.611+0900] {dag.py:3262} INFO - Creating ORM DAG for conditional_dataset_and_time_based_timetable
[2024-11-01T11:49:07.612+0900] {logging_mixin.py:190} INFO - [2024-11-01T11:49:07.612+0900] {dag.py:3262} INFO - Creating ORM DAG for dataset_produces_2
[2024-11-01T11:49:07.612+0900] {logging_mixin.py:190} INFO - [2024-11-01T11:49:07.612+0900] {dag.py:3262} INFO - Creating ORM DAG for dataset_consumes_1_and_2
[2024-11-01T11:49:07.612+0900] {logging_mixin.py:190} INFO - [2024-11-01T11:49:07.612+0900] {dag.py:3262} INFO - Creating ORM DAG for dataset_produces_1
[2024-11-01T11:49:07.612+0900] {logging_mixin.py:190} INFO - [2024-11-01T11:49:07.612+0900] {dag.py:3262} INFO - Creating ORM DAG for dataset_consumes_1_never_scheduled
[2024-11-01T11:49:07.613+0900] {logging_mixin.py:190} INFO - [2024-11-01T11:49:07.613+0900] {dag.py:3262} INFO - Creating ORM DAG for consume_1_and_2_with_dataset_expressions
[2024-11-01T11:49:07.613+0900] {logging_mixin.py:190} INFO - [2024-11-01T11:49:07.613+0900] {dag.py:3262} INFO - Creating ORM DAG for dataset_consumes_1
[2024-11-01T11:49:07.621+0900] {logging_mixin.py:190} INFO - [2024-11-01T11:49:07.620+0900] {dag.py:4180} INFO - Setting next_dagrun for conditional_dataset_and_time_based_timetable to 2024-10-30 01:00:00+00:00, run_after=2024-10-30 01:00:00+00:00
[2024-11-01T11:49:07.621+0900] {logging_mixin.py:190} INFO - [2024-11-01T11:49:07.621+0900] {dag.py:4180} INFO - Setting next_dagrun for consume_1_and_2_with_dataset_expressions to None, run_after=None
[2024-11-01T11:49:07.621+0900] {logging_mixin.py:190} INFO - [2024-11-01T11:49:07.621+0900] {dag.py:4180} INFO - Setting next_dagrun for consume_1_or_2_with_dataset_expressions to None, run_after=None
[2024-11-01T11:49:07.621+0900] {logging_mixin.py:190} INFO - [2024-11-01T11:49:07.621+0900] {dag.py:4180} INFO - Setting next_dagrun for consume_1_or_both_2_and_3_with_dataset_expressions to None, run_after=None
[2024-11-01T11:49:07.621+0900] {logging_mixin.py:190} INFO - [2024-11-01T11:49:07.621+0900] {dag.py:4180} INFO - Setting next_dagrun for dataset_consumes_1 to None, run_after=None
[2024-11-01T11:49:07.622+0900] {logging_mixin.py:190} INFO - [2024-11-01T11:49:07.622+0900] {dag.py:4180} INFO - Setting next_dagrun for dataset_consumes_1_and_2 to None, run_after=None
[2024-11-01T11:49:07.622+0900] {logging_mixin.py:190} INFO - [2024-11-01T11:49:07.622+0900] {dag.py:4180} INFO - Setting next_dagrun for dataset_consumes_1_never_scheduled to None, run_after=None
[2024-11-01T11:49:07.622+0900] {logging_mixin.py:190} INFO - [2024-11-01T11:49:07.622+0900] {dag.py:4180} INFO - Setting next_dagrun for dataset_consumes_unknown_never_scheduled to None, run_after=None
[2024-11-01T11:49:07.623+0900] {logging_mixin.py:190} INFO - [2024-11-01T11:49:07.623+0900] {dag.py:4180} INFO - Setting next_dagrun for dataset_produces_1 to 2024-10-31 00:00:00+00:00, run_after=2024-11-01 00:00:00+00:00
[2024-11-01T11:49:07.623+0900] {logging_mixin.py:190} INFO - [2024-11-01T11:49:07.623+0900] {dag.py:4180} INFO - Setting next_dagrun for dataset_produces_2 to None, run_after=None
[2024-11-01T11:49:07.653+0900] {processor.py:208} INFO - Processing /home/hamin081234/anaconda3/envs/airflow_env/lib/python3.11/site-packages/airflow/example_dags/example_datasets.py took 1.237 seconds
[2024-11-01T11:50:08.823+0900] {processor.py:186} INFO - Started process (PID=414727) to work on /home/hamin081234/anaconda3/envs/airflow_env/lib/python3.11/site-packages/airflow/example_dags/example_datasets.py
[2024-11-01T11:50:08.831+0900] {processor.py:914} INFO - Processing file /home/hamin081234/anaconda3/envs/airflow_env/lib/python3.11/site-packages/airflow/example_dags/example_datasets.py for tasks to queue
[2024-11-01T11:50:08.833+0900] {logging_mixin.py:190} INFO - [2024-11-01T11:50:08.833+0900] {dagbag.py:588} INFO - Filling up the DagBag from /home/hamin081234/anaconda3/envs/airflow_env/lib/python3.11/site-packages/airflow/example_dags/example_datasets.py
[2024-11-01T11:50:08.842+0900] {processor.py:925} INFO - DAG(s) 'dataset_produces_1', 'consume_1_and_2_with_dataset_expressions', 'dataset_consumes_1', 'dataset_consumes_unknown_never_scheduled', 'dataset_consumes_1_never_scheduled', 'dataset_produces_2', 'dataset_consumes_1_and_2', 'consume_1_or_2_with_dataset_expressions', 'consume_1_or_both_2_and_3_with_dataset_expressions', 'conditional_dataset_and_time_based_timetable' retrieved from /home/hamin081234/anaconda3/envs/airflow_env/lib/python3.11/site-packages/airflow/example_dags/example_datasets.py
[2024-11-01T11:50:08.860+0900] {logging_mixin.py:190} INFO - [2024-11-01T11:50:08.859+0900] {dag.py:3239} INFO - Sync 10 DAGs
[2024-11-01T11:50:08.872+0900] {logging_mixin.py:190} INFO - [2024-11-01T11:50:08.872+0900] {dag.py:4180} INFO - Setting next_dagrun for conditional_dataset_and_time_based_timetable to 2024-10-30 01:00:00+00:00, run_after=2024-10-30 01:00:00+00:00
[2024-11-01T11:50:08.873+0900] {logging_mixin.py:190} INFO - [2024-11-01T11:50:08.873+0900] {dag.py:4180} INFO - Setting next_dagrun for consume_1_and_2_with_dataset_expressions to None, run_after=None
[2024-11-01T11:50:08.874+0900] {logging_mixin.py:190} INFO - [2024-11-01T11:50:08.874+0900] {dag.py:4180} INFO - Setting next_dagrun for consume_1_or_2_with_dataset_expressions to None, run_after=None
[2024-11-01T11:50:08.874+0900] {logging_mixin.py:190} INFO - [2024-11-01T11:50:08.874+0900] {dag.py:4180} INFO - Setting next_dagrun for consume_1_or_both_2_and_3_with_dataset_expressions to None, run_after=None
[2024-11-01T11:50:08.875+0900] {logging_mixin.py:190} INFO - [2024-11-01T11:50:08.875+0900] {dag.py:4180} INFO - Setting next_dagrun for dataset_consumes_1 to None, run_after=None
[2024-11-01T11:50:08.875+0900] {logging_mixin.py:190} INFO - [2024-11-01T11:50:08.875+0900] {dag.py:4180} INFO - Setting next_dagrun for dataset_consumes_1_and_2 to None, run_after=None
[2024-11-01T11:50:08.875+0900] {logging_mixin.py:190} INFO - [2024-11-01T11:50:08.875+0900] {dag.py:4180} INFO - Setting next_dagrun for dataset_consumes_1_never_scheduled to None, run_after=None
[2024-11-01T11:50:08.876+0900] {logging_mixin.py:190} INFO - [2024-11-01T11:50:08.876+0900] {dag.py:4180} INFO - Setting next_dagrun for dataset_consumes_unknown_never_scheduled to None, run_after=None
[2024-11-01T11:50:08.877+0900] {logging_mixin.py:190} INFO - [2024-11-01T11:50:08.877+0900] {dag.py:4180} INFO - Setting next_dagrun for dataset_produces_1 to 2024-10-31 00:00:00+00:00, run_after=2024-11-01 00:00:00+00:00
[2024-11-01T11:50:08.877+0900] {logging_mixin.py:190} INFO - [2024-11-01T11:50:08.877+0900] {dag.py:4180} INFO - Setting next_dagrun for dataset_produces_2 to None, run_after=None
[2024-11-01T11:50:08.900+0900] {processor.py:208} INFO - Processing /home/hamin081234/anaconda3/envs/airflow_env/lib/python3.11/site-packages/airflow/example_dags/example_datasets.py took 0.081 seconds
[2024-11-01T11:51:00.419+0900] {processor.py:186} INFO - Started process (PID=416129) to work on /home/hamin081234/anaconda3/envs/airflow_env/lib/python3.11/site-packages/airflow/example_dags/example_datasets.py
[2024-11-01T11:51:00.420+0900] {processor.py:914} INFO - Processing file /home/hamin081234/anaconda3/envs/airflow_env/lib/python3.11/site-packages/airflow/example_dags/example_datasets.py for tasks to queue
[2024-11-01T11:51:00.422+0900] {logging_mixin.py:190} INFO - [2024-11-01T11:51:00.422+0900] {dagbag.py:588} INFO - Filling up the DagBag from /home/hamin081234/anaconda3/envs/airflow_env/lib/python3.11/site-packages/airflow/example_dags/example_datasets.py
[2024-11-01T11:51:00.436+0900] {processor.py:925} INFO - DAG(s) 'dataset_produces_2', 'consume_1_or_2_with_dataset_expressions', 'consume_1_and_2_with_dataset_expressions', 'dataset_consumes_1_and_2', 'dataset_consumes_1_never_scheduled', 'dataset_consumes_1', 'dataset_produces_1', 'dataset_consumes_unknown_never_scheduled', 'conditional_dataset_and_time_based_timetable', 'consume_1_or_both_2_and_3_with_dataset_expressions' retrieved from /home/hamin081234/anaconda3/envs/airflow_env/lib/python3.11/site-packages/airflow/example_dags/example_datasets.py
[2024-11-01T11:51:00.458+0900] {logging_mixin.py:190} INFO - [2024-11-01T11:51:00.458+0900] {dag.py:3239} INFO - Sync 10 DAGs
[2024-11-01T11:51:00.476+0900] {logging_mixin.py:190} INFO - [2024-11-01T11:51:00.476+0900] {dag.py:4180} INFO - Setting next_dagrun for conditional_dataset_and_time_based_timetable to 2024-10-30 01:00:00+00:00, run_after=2024-10-30 01:00:00+00:00
[2024-11-01T11:51:00.478+0900] {logging_mixin.py:190} INFO - [2024-11-01T11:51:00.478+0900] {dag.py:4180} INFO - Setting next_dagrun for consume_1_and_2_with_dataset_expressions to None, run_after=None
[2024-11-01T11:51:00.479+0900] {logging_mixin.py:190} INFO - [2024-11-01T11:51:00.479+0900] {dag.py:4180} INFO - Setting next_dagrun for consume_1_or_2_with_dataset_expressions to None, run_after=None
[2024-11-01T11:51:00.480+0900] {logging_mixin.py:190} INFO - [2024-11-01T11:51:00.479+0900] {dag.py:4180} INFO - Setting next_dagrun for consume_1_or_both_2_and_3_with_dataset_expressions to None, run_after=None
[2024-11-01T11:51:00.480+0900] {logging_mixin.py:190} INFO - [2024-11-01T11:51:00.480+0900] {dag.py:4180} INFO - Setting next_dagrun for dataset_consumes_1 to None, run_after=None
[2024-11-01T11:51:00.480+0900] {logging_mixin.py:190} INFO - [2024-11-01T11:51:00.480+0900] {dag.py:4180} INFO - Setting next_dagrun for dataset_consumes_1_and_2 to None, run_after=None
[2024-11-01T11:51:00.481+0900] {logging_mixin.py:190} INFO - [2024-11-01T11:51:00.481+0900] {dag.py:4180} INFO - Setting next_dagrun for dataset_consumes_1_never_scheduled to None, run_after=None
[2024-11-01T11:51:00.481+0900] {logging_mixin.py:190} INFO - [2024-11-01T11:51:00.481+0900] {dag.py:4180} INFO - Setting next_dagrun for dataset_consumes_unknown_never_scheduled to None, run_after=None
[2024-11-01T11:51:00.483+0900] {logging_mixin.py:190} INFO - [2024-11-01T11:51:00.482+0900] {dag.py:4180} INFO - Setting next_dagrun for dataset_produces_1 to 2024-10-31 00:00:00+00:00, run_after=2024-11-01 00:00:00+00:00
[2024-11-01T11:51:00.483+0900] {logging_mixin.py:190} INFO - [2024-11-01T11:51:00.483+0900] {dag.py:4180} INFO - Setting next_dagrun for dataset_produces_2 to None, run_after=None
[2024-11-01T11:51:00.515+0900] {processor.py:208} INFO - Processing /home/hamin081234/anaconda3/envs/airflow_env/lib/python3.11/site-packages/airflow/example_dags/example_datasets.py took 0.101 seconds
[2024-11-01T11:51:50.526+0900] {processor.py:186} INFO - Started process (PID=417328) to work on /home/hamin081234/anaconda3/envs/airflow_env/lib/python3.11/site-packages/airflow/example_dags/example_datasets.py
[2024-11-01T11:51:50.526+0900] {processor.py:914} INFO - Processing file /home/hamin081234/anaconda3/envs/airflow_env/lib/python3.11/site-packages/airflow/example_dags/example_datasets.py for tasks to queue
[2024-11-01T11:51:50.528+0900] {logging_mixin.py:190} INFO - [2024-11-01T11:51:50.528+0900] {dagbag.py:588} INFO - Filling up the DagBag from /home/hamin081234/anaconda3/envs/airflow_env/lib/python3.11/site-packages/airflow/example_dags/example_datasets.py
[2024-11-01T11:51:50.537+0900] {processor.py:925} INFO - DAG(s) 'dataset_produces_1', 'consume_1_or_both_2_and_3_with_dataset_expressions', 'dataset_consumes_unknown_never_scheduled', 'dataset_consumes_1', 'consume_1_and_2_with_dataset_expressions', 'consume_1_or_2_with_dataset_expressions', 'dataset_produces_2', 'conditional_dataset_and_time_based_timetable', 'dataset_consumes_1_never_scheduled', 'dataset_consumes_1_and_2' retrieved from /home/hamin081234/anaconda3/envs/airflow_env/lib/python3.11/site-packages/airflow/example_dags/example_datasets.py
[2024-11-01T11:51:50.554+0900] {logging_mixin.py:190} INFO - [2024-11-01T11:51:50.554+0900] {dag.py:3239} INFO - Sync 10 DAGs
[2024-11-01T11:51:50.567+0900] {logging_mixin.py:190} INFO - [2024-11-01T11:51:50.566+0900] {dag.py:4180} INFO - Setting next_dagrun for conditional_dataset_and_time_based_timetable to 2024-10-30 01:00:00+00:00, run_after=2024-10-30 01:00:00+00:00
[2024-11-01T11:51:50.568+0900] {logging_mixin.py:190} INFO - [2024-11-01T11:51:50.568+0900] {dag.py:4180} INFO - Setting next_dagrun for consume_1_and_2_with_dataset_expressions to None, run_after=None
[2024-11-01T11:51:50.569+0900] {logging_mixin.py:190} INFO - [2024-11-01T11:51:50.569+0900] {dag.py:4180} INFO - Setting next_dagrun for consume_1_or_2_with_dataset_expressions to None, run_after=None
[2024-11-01T11:51:50.569+0900] {logging_mixin.py:190} INFO - [2024-11-01T11:51:50.569+0900] {dag.py:4180} INFO - Setting next_dagrun for consume_1_or_both_2_and_3_with_dataset_expressions to None, run_after=None
[2024-11-01T11:51:50.570+0900] {logging_mixin.py:190} INFO - [2024-11-01T11:51:50.570+0900] {dag.py:4180} INFO - Setting next_dagrun for dataset_consumes_1 to None, run_after=None
[2024-11-01T11:51:50.570+0900] {logging_mixin.py:190} INFO - [2024-11-01T11:51:50.570+0900] {dag.py:4180} INFO - Setting next_dagrun for dataset_consumes_1_and_2 to None, run_after=None
[2024-11-01T11:51:50.570+0900] {logging_mixin.py:190} INFO - [2024-11-01T11:51:50.570+0900] {dag.py:4180} INFO - Setting next_dagrun for dataset_consumes_1_never_scheduled to None, run_after=None
[2024-11-01T11:51:50.571+0900] {logging_mixin.py:190} INFO - [2024-11-01T11:51:50.571+0900] {dag.py:4180} INFO - Setting next_dagrun for dataset_consumes_unknown_never_scheduled to None, run_after=None
[2024-11-01T11:51:50.572+0900] {logging_mixin.py:190} INFO - [2024-11-01T11:51:50.572+0900] {dag.py:4180} INFO - Setting next_dagrun for dataset_produces_1 to 2024-10-31 00:00:00+00:00, run_after=2024-11-01 00:00:00+00:00
[2024-11-01T11:51:50.572+0900] {logging_mixin.py:190} INFO - [2024-11-01T11:51:50.572+0900] {dag.py:4180} INFO - Setting next_dagrun for dataset_produces_2 to None, run_after=None
[2024-11-01T11:51:50.597+0900] {processor.py:208} INFO - Processing /home/hamin081234/anaconda3/envs/airflow_env/lib/python3.11/site-packages/airflow/example_dags/example_datasets.py took 0.074 seconds
[2024-11-01T11:52:52.771+0900] {processor.py:186} INFO - Started process (PID=418624) to work on /home/hamin081234/anaconda3/envs/airflow_env/lib/python3.11/site-packages/airflow/example_dags/example_datasets.py
[2024-11-01T11:52:52.772+0900] {processor.py:914} INFO - Processing file /home/hamin081234/anaconda3/envs/airflow_env/lib/python3.11/site-packages/airflow/example_dags/example_datasets.py for tasks to queue
[2024-11-01T11:52:52.774+0900] {logging_mixin.py:190} INFO - [2024-11-01T11:52:52.773+0900] {dagbag.py:588} INFO - Filling up the DagBag from /home/hamin081234/anaconda3/envs/airflow_env/lib/python3.11/site-packages/airflow/example_dags/example_datasets.py
[2024-11-01T11:52:52.785+0900] {processor.py:925} INFO - DAG(s) 'dataset_consumes_1_and_2', 'conditional_dataset_and_time_based_timetable', 'consume_1_and_2_with_dataset_expressions', 'dataset_consumes_unknown_never_scheduled', 'dataset_consumes_1', 'dataset_produces_2', 'consume_1_or_2_with_dataset_expressions', 'consume_1_or_both_2_and_3_with_dataset_expressions', 'dataset_consumes_1_never_scheduled', 'dataset_produces_1' retrieved from /home/hamin081234/anaconda3/envs/airflow_env/lib/python3.11/site-packages/airflow/example_dags/example_datasets.py
[2024-11-01T11:52:52.805+0900] {logging_mixin.py:190} INFO - [2024-11-01T11:52:52.805+0900] {dag.py:3239} INFO - Sync 10 DAGs
[2024-11-01T11:52:52.820+0900] {logging_mixin.py:190} INFO - [2024-11-01T11:52:52.819+0900] {dag.py:4180} INFO - Setting next_dagrun for conditional_dataset_and_time_based_timetable to 2024-10-30 01:00:00+00:00, run_after=2024-10-30 01:00:00+00:00
[2024-11-01T11:52:52.821+0900] {logging_mixin.py:190} INFO - [2024-11-01T11:52:52.821+0900] {dag.py:4180} INFO - Setting next_dagrun for consume_1_and_2_with_dataset_expressions to None, run_after=None
[2024-11-01T11:52:52.822+0900] {logging_mixin.py:190} INFO - [2024-11-01T11:52:52.822+0900] {dag.py:4180} INFO - Setting next_dagrun for consume_1_or_2_with_dataset_expressions to None, run_after=None
[2024-11-01T11:52:52.822+0900] {logging_mixin.py:190} INFO - [2024-11-01T11:52:52.822+0900] {dag.py:4180} INFO - Setting next_dagrun for consume_1_or_both_2_and_3_with_dataset_expressions to None, run_after=None
[2024-11-01T11:52:52.823+0900] {logging_mixin.py:190} INFO - [2024-11-01T11:52:52.823+0900] {dag.py:4180} INFO - Setting next_dagrun for dataset_consumes_1 to None, run_after=None
[2024-11-01T11:52:52.823+0900] {logging_mixin.py:190} INFO - [2024-11-01T11:52:52.823+0900] {dag.py:4180} INFO - Setting next_dagrun for dataset_consumes_1_and_2 to None, run_after=None
[2024-11-01T11:52:52.824+0900] {logging_mixin.py:190} INFO - [2024-11-01T11:52:52.824+0900] {dag.py:4180} INFO - Setting next_dagrun for dataset_consumes_1_never_scheduled to None, run_after=None
[2024-11-01T11:52:52.824+0900] {logging_mixin.py:190} INFO - [2024-11-01T11:52:52.824+0900] {dag.py:4180} INFO - Setting next_dagrun for dataset_consumes_unknown_never_scheduled to None, run_after=None
[2024-11-01T11:52:52.826+0900] {logging_mixin.py:190} INFO - [2024-11-01T11:52:52.826+0900] {dag.py:4180} INFO - Setting next_dagrun for dataset_produces_1 to 2024-10-31 00:00:00+00:00, run_after=2024-11-01 00:00:00+00:00
[2024-11-01T11:52:52.826+0900] {logging_mixin.py:190} INFO - [2024-11-01T11:52:52.826+0900] {dag.py:4180} INFO - Setting next_dagrun for dataset_produces_2 to None, run_after=None
[2024-11-01T11:52:52.851+0900] {processor.py:208} INFO - Processing /home/hamin081234/anaconda3/envs/airflow_env/lib/python3.11/site-packages/airflow/example_dags/example_datasets.py took 0.083 seconds
[2024-11-01T11:53:42.758+0900] {processor.py:186} INFO - Started process (PID=419852) to work on /home/hamin081234/anaconda3/envs/airflow_env/lib/python3.11/site-packages/airflow/example_dags/example_datasets.py
[2024-11-01T11:53:42.767+0900] {processor.py:914} INFO - Processing file /home/hamin081234/anaconda3/envs/airflow_env/lib/python3.11/site-packages/airflow/example_dags/example_datasets.py for tasks to queue
[2024-11-01T11:53:42.768+0900] {logging_mixin.py:190} INFO - [2024-11-01T11:53:42.768+0900] {dagbag.py:588} INFO - Filling up the DagBag from /home/hamin081234/anaconda3/envs/airflow_env/lib/python3.11/site-packages/airflow/example_dags/example_datasets.py
[2024-11-01T11:53:42.778+0900] {processor.py:925} INFO - DAG(s) 'consume_1_and_2_with_dataset_expressions', 'dataset_consumes_1_and_2', 'consume_1_or_both_2_and_3_with_dataset_expressions', 'dataset_consumes_1', 'consume_1_or_2_with_dataset_expressions', 'dataset_produces_1', 'dataset_consumes_unknown_never_scheduled', 'conditional_dataset_and_time_based_timetable', 'dataset_consumes_1_never_scheduled', 'dataset_produces_2' retrieved from /home/hamin081234/anaconda3/envs/airflow_env/lib/python3.11/site-packages/airflow/example_dags/example_datasets.py
[2024-11-01T11:53:42.795+0900] {logging_mixin.py:190} INFO - [2024-11-01T11:53:42.795+0900] {dag.py:3239} INFO - Sync 10 DAGs
[2024-11-01T11:53:42.807+0900] {logging_mixin.py:190} INFO - [2024-11-01T11:53:42.807+0900] {dag.py:4180} INFO - Setting next_dagrun for conditional_dataset_and_time_based_timetable to 2024-10-30 01:00:00+00:00, run_after=2024-10-30 01:00:00+00:00
[2024-11-01T11:53:42.809+0900] {logging_mixin.py:190} INFO - [2024-11-01T11:53:42.809+0900] {dag.py:4180} INFO - Setting next_dagrun for consume_1_and_2_with_dataset_expressions to None, run_after=None
[2024-11-01T11:53:42.809+0900] {logging_mixin.py:190} INFO - [2024-11-01T11:53:42.809+0900] {dag.py:4180} INFO - Setting next_dagrun for consume_1_or_2_with_dataset_expressions to None, run_after=None
[2024-11-01T11:53:42.810+0900] {logging_mixin.py:190} INFO - [2024-11-01T11:53:42.810+0900] {dag.py:4180} INFO - Setting next_dagrun for consume_1_or_both_2_and_3_with_dataset_expressions to None, run_after=None
[2024-11-01T11:53:42.810+0900] {logging_mixin.py:190} INFO - [2024-11-01T11:53:42.810+0900] {dag.py:4180} INFO - Setting next_dagrun for dataset_consumes_1 to None, run_after=None
[2024-11-01T11:53:42.811+0900] {logging_mixin.py:190} INFO - [2024-11-01T11:53:42.811+0900] {dag.py:4180} INFO - Setting next_dagrun for dataset_consumes_1_and_2 to None, run_after=None
[2024-11-01T11:53:42.811+0900] {logging_mixin.py:190} INFO - [2024-11-01T11:53:42.811+0900] {dag.py:4180} INFO - Setting next_dagrun for dataset_consumes_1_never_scheduled to None, run_after=None
[2024-11-01T11:53:42.812+0900] {logging_mixin.py:190} INFO - [2024-11-01T11:53:42.811+0900] {dag.py:4180} INFO - Setting next_dagrun for dataset_consumes_unknown_never_scheduled to None, run_after=None
[2024-11-01T11:53:42.812+0900] {logging_mixin.py:190} INFO - [2024-11-01T11:53:42.812+0900] {dag.py:4180} INFO - Setting next_dagrun for dataset_produces_1 to 2024-10-31 00:00:00+00:00, run_after=2024-11-01 00:00:00+00:00
[2024-11-01T11:53:42.813+0900] {logging_mixin.py:190} INFO - [2024-11-01T11:53:42.813+0900] {dag.py:4180} INFO - Setting next_dagrun for dataset_produces_2 to None, run_after=None
[2024-11-01T11:53:42.836+0900] {processor.py:208} INFO - Processing /home/hamin081234/anaconda3/envs/airflow_env/lib/python3.11/site-packages/airflow/example_dags/example_datasets.py took 0.081 seconds
[2024-11-01T11:54:35.033+0900] {processor.py:186} INFO - Started process (PID=421138) to work on /home/hamin081234/anaconda3/envs/airflow_env/lib/python3.11/site-packages/airflow/example_dags/example_datasets.py
[2024-11-01T11:54:35.041+0900] {processor.py:914} INFO - Processing file /home/hamin081234/anaconda3/envs/airflow_env/lib/python3.11/site-packages/airflow/example_dags/example_datasets.py for tasks to queue
[2024-11-01T11:54:35.043+0900] {logging_mixin.py:190} INFO - [2024-11-01T11:54:35.042+0900] {dagbag.py:588} INFO - Filling up the DagBag from /home/hamin081234/anaconda3/envs/airflow_env/lib/python3.11/site-packages/airflow/example_dags/example_datasets.py
[2024-11-01T11:54:35.052+0900] {processor.py:925} INFO - DAG(s) 'dataset_produces_2', 'consume_1_or_2_with_dataset_expressions', 'dataset_consumes_1_and_2', 'consume_1_or_both_2_and_3_with_dataset_expressions', 'conditional_dataset_and_time_based_timetable', 'dataset_consumes_1', 'dataset_consumes_1_never_scheduled', 'consume_1_and_2_with_dataset_expressions', 'dataset_produces_1', 'dataset_consumes_unknown_never_scheduled' retrieved from /home/hamin081234/anaconda3/envs/airflow_env/lib/python3.11/site-packages/airflow/example_dags/example_datasets.py
[2024-11-01T11:54:35.068+0900] {logging_mixin.py:190} INFO - [2024-11-01T11:54:35.068+0900] {dag.py:3239} INFO - Sync 10 DAGs
[2024-11-01T11:54:35.080+0900] {logging_mixin.py:190} INFO - [2024-11-01T11:54:35.080+0900] {dag.py:4180} INFO - Setting next_dagrun for conditional_dataset_and_time_based_timetable to 2024-10-30 01:00:00+00:00, run_after=2024-10-30 01:00:00+00:00
[2024-11-01T11:54:35.082+0900] {logging_mixin.py:190} INFO - [2024-11-01T11:54:35.082+0900] {dag.py:4180} INFO - Setting next_dagrun for consume_1_and_2_with_dataset_expressions to None, run_after=None
[2024-11-01T11:54:35.082+0900] {logging_mixin.py:190} INFO - [2024-11-01T11:54:35.082+0900] {dag.py:4180} INFO - Setting next_dagrun for consume_1_or_2_with_dataset_expressions to None, run_after=None
[2024-11-01T11:54:35.083+0900] {logging_mixin.py:190} INFO - [2024-11-01T11:54:35.083+0900] {dag.py:4180} INFO - Setting next_dagrun for consume_1_or_both_2_and_3_with_dataset_expressions to None, run_after=None
[2024-11-01T11:54:35.083+0900] {logging_mixin.py:190} INFO - [2024-11-01T11:54:35.083+0900] {dag.py:4180} INFO - Setting next_dagrun for dataset_consumes_1 to None, run_after=None
[2024-11-01T11:54:35.084+0900] {logging_mixin.py:190} INFO - [2024-11-01T11:54:35.084+0900] {dag.py:4180} INFO - Setting next_dagrun for dataset_consumes_1_and_2 to None, run_after=None
[2024-11-01T11:54:35.084+0900] {logging_mixin.py:190} INFO - [2024-11-01T11:54:35.084+0900] {dag.py:4180} INFO - Setting next_dagrun for dataset_consumes_1_never_scheduled to None, run_after=None
[2024-11-01T11:54:35.085+0900] {logging_mixin.py:190} INFO - [2024-11-01T11:54:35.085+0900] {dag.py:4180} INFO - Setting next_dagrun for dataset_consumes_unknown_never_scheduled to None, run_after=None
[2024-11-01T11:54:35.086+0900] {logging_mixin.py:190} INFO - [2024-11-01T11:54:35.086+0900] {dag.py:4180} INFO - Setting next_dagrun for dataset_produces_1 to 2024-10-31 00:00:00+00:00, run_after=2024-11-01 00:00:00+00:00
[2024-11-01T11:54:35.086+0900] {logging_mixin.py:190} INFO - [2024-11-01T11:54:35.086+0900] {dag.py:4180} INFO - Setting next_dagrun for dataset_produces_2 to None, run_after=None
[2024-11-01T11:54:35.109+0900] {processor.py:208} INFO - Processing /home/hamin081234/anaconda3/envs/airflow_env/lib/python3.11/site-packages/airflow/example_dags/example_datasets.py took 0.080 seconds
[2024-11-01T11:55:27.135+0900] {processor.py:186} INFO - Started process (PID=422041) to work on /home/hamin081234/anaconda3/envs/airflow_env/lib/python3.11/site-packages/airflow/example_dags/example_datasets.py
[2024-11-01T11:55:27.144+0900] {processor.py:914} INFO - Processing file /home/hamin081234/anaconda3/envs/airflow_env/lib/python3.11/site-packages/airflow/example_dags/example_datasets.py for tasks to queue
[2024-11-01T11:55:27.145+0900] {logging_mixin.py:190} INFO - [2024-11-01T11:55:27.145+0900] {dagbag.py:588} INFO - Filling up the DagBag from /home/hamin081234/anaconda3/envs/airflow_env/lib/python3.11/site-packages/airflow/example_dags/example_datasets.py
[2024-11-01T11:55:27.154+0900] {processor.py:925} INFO - DAG(s) 'consume_1_and_2_with_dataset_expressions', 'dataset_consumes_1_never_scheduled', 'dataset_consumes_unknown_never_scheduled', 'conditional_dataset_and_time_based_timetable', 'dataset_produces_2', 'dataset_consumes_1_and_2', 'consume_1_or_2_with_dataset_expressions', 'dataset_produces_1', 'dataset_consumes_1', 'consume_1_or_both_2_and_3_with_dataset_expressions' retrieved from /home/hamin081234/anaconda3/envs/airflow_env/lib/python3.11/site-packages/airflow/example_dags/example_datasets.py
[2024-11-01T11:55:27.171+0900] {logging_mixin.py:190} INFO - [2024-11-01T11:55:27.171+0900] {dag.py:3239} INFO - Sync 10 DAGs
[2024-11-01T11:55:27.183+0900] {logging_mixin.py:190} INFO - [2024-11-01T11:55:27.183+0900] {dag.py:4180} INFO - Setting next_dagrun for conditional_dataset_and_time_based_timetable to 2024-10-30 01:00:00+00:00, run_after=2024-10-30 01:00:00+00:00
[2024-11-01T11:55:27.185+0900] {logging_mixin.py:190} INFO - [2024-11-01T11:55:27.185+0900] {dag.py:4180} INFO - Setting next_dagrun for consume_1_and_2_with_dataset_expressions to None, run_after=None
[2024-11-01T11:55:27.186+0900] {logging_mixin.py:190} INFO - [2024-11-01T11:55:27.185+0900] {dag.py:4180} INFO - Setting next_dagrun for consume_1_or_2_with_dataset_expressions to None, run_after=None
[2024-11-01T11:55:27.186+0900] {logging_mixin.py:190} INFO - [2024-11-01T11:55:27.186+0900] {dag.py:4180} INFO - Setting next_dagrun for consume_1_or_both_2_and_3_with_dataset_expressions to None, run_after=None
[2024-11-01T11:55:27.187+0900] {logging_mixin.py:190} INFO - [2024-11-01T11:55:27.187+0900] {dag.py:4180} INFO - Setting next_dagrun for dataset_consumes_1 to None, run_after=None
[2024-11-01T11:55:27.188+0900] {logging_mixin.py:190} INFO - [2024-11-01T11:55:27.188+0900] {dag.py:4180} INFO - Setting next_dagrun for dataset_consumes_1_and_2 to None, run_after=None
[2024-11-01T11:55:27.188+0900] {logging_mixin.py:190} INFO - [2024-11-01T11:55:27.188+0900] {dag.py:4180} INFO - Setting next_dagrun for dataset_consumes_1_never_scheduled to None, run_after=None
[2024-11-01T11:55:27.189+0900] {logging_mixin.py:190} INFO - [2024-11-01T11:55:27.189+0900] {dag.py:4180} INFO - Setting next_dagrun for dataset_consumes_unknown_never_scheduled to None, run_after=None
[2024-11-01T11:55:27.190+0900] {logging_mixin.py:190} INFO - [2024-11-01T11:55:27.190+0900] {dag.py:4180} INFO - Setting next_dagrun for dataset_produces_1 to 2024-10-31 00:00:00+00:00, run_after=2024-11-01 00:00:00+00:00
[2024-11-01T11:55:27.190+0900] {logging_mixin.py:190} INFO - [2024-11-01T11:55:27.190+0900] {dag.py:4180} INFO - Setting next_dagrun for dataset_produces_2 to None, run_after=None
[2024-11-01T11:55:27.213+0900] {processor.py:208} INFO - Processing /home/hamin081234/anaconda3/envs/airflow_env/lib/python3.11/site-packages/airflow/example_dags/example_datasets.py took 0.081 seconds
[2024-11-01T11:56:17.334+0900] {processor.py:186} INFO - Started process (PID=423420) to work on /home/hamin081234/anaconda3/envs/airflow_env/lib/python3.11/site-packages/airflow/example_dags/example_datasets.py
[2024-11-01T11:56:17.335+0900] {processor.py:914} INFO - Processing file /home/hamin081234/anaconda3/envs/airflow_env/lib/python3.11/site-packages/airflow/example_dags/example_datasets.py for tasks to queue
[2024-11-01T11:56:17.336+0900] {logging_mixin.py:190} INFO - [2024-11-01T11:56:17.336+0900] {dagbag.py:588} INFO - Filling up the DagBag from /home/hamin081234/anaconda3/envs/airflow_env/lib/python3.11/site-packages/airflow/example_dags/example_datasets.py
[2024-11-01T11:56:17.345+0900] {processor.py:925} INFO - DAG(s) 'dataset_consumes_unknown_never_scheduled', 'consume_1_or_both_2_and_3_with_dataset_expressions', 'consume_1_or_2_with_dataset_expressions', 'conditional_dataset_and_time_based_timetable', 'dataset_produces_2', 'dataset_consumes_1_and_2', 'dataset_consumes_1', 'dataset_consumes_1_never_scheduled', 'dataset_produces_1', 'consume_1_and_2_with_dataset_expressions' retrieved from /home/hamin081234/anaconda3/envs/airflow_env/lib/python3.11/site-packages/airflow/example_dags/example_datasets.py
[2024-11-01T11:56:17.362+0900] {logging_mixin.py:190} INFO - [2024-11-01T11:56:17.362+0900] {dag.py:3239} INFO - Sync 10 DAGs
[2024-11-01T11:56:17.374+0900] {logging_mixin.py:190} INFO - [2024-11-01T11:56:17.374+0900] {dag.py:4180} INFO - Setting next_dagrun for conditional_dataset_and_time_based_timetable to 2024-10-30 01:00:00+00:00, run_after=2024-10-30 01:00:00+00:00
[2024-11-01T11:56:17.375+0900] {logging_mixin.py:190} INFO - [2024-11-01T11:56:17.375+0900] {dag.py:4180} INFO - Setting next_dagrun for consume_1_and_2_with_dataset_expressions to None, run_after=None
[2024-11-01T11:56:17.376+0900] {logging_mixin.py:190} INFO - [2024-11-01T11:56:17.376+0900] {dag.py:4180} INFO - Setting next_dagrun for consume_1_or_2_with_dataset_expressions to None, run_after=None
[2024-11-01T11:56:17.376+0900] {logging_mixin.py:190} INFO - [2024-11-01T11:56:17.376+0900] {dag.py:4180} INFO - Setting next_dagrun for consume_1_or_both_2_and_3_with_dataset_expressions to None, run_after=None
[2024-11-01T11:56:17.377+0900] {logging_mixin.py:190} INFO - [2024-11-01T11:56:17.376+0900] {dag.py:4180} INFO - Setting next_dagrun for dataset_consumes_1 to None, run_after=None
[2024-11-01T11:56:17.377+0900] {logging_mixin.py:190} INFO - [2024-11-01T11:56:17.377+0900] {dag.py:4180} INFO - Setting next_dagrun for dataset_consumes_1_and_2 to None, run_after=None
[2024-11-01T11:56:17.377+0900] {logging_mixin.py:190} INFO - [2024-11-01T11:56:17.377+0900] {dag.py:4180} INFO - Setting next_dagrun for dataset_consumes_1_never_scheduled to None, run_after=None
[2024-11-01T11:56:17.378+0900] {logging_mixin.py:190} INFO - [2024-11-01T11:56:17.378+0900] {dag.py:4180} INFO - Setting next_dagrun for dataset_consumes_unknown_never_scheduled to None, run_after=None
[2024-11-01T11:56:17.379+0900] {logging_mixin.py:190} INFO - [2024-11-01T11:56:17.379+0900] {dag.py:4180} INFO - Setting next_dagrun for dataset_produces_1 to 2024-10-31 00:00:00+00:00, run_after=2024-11-01 00:00:00+00:00
[2024-11-01T11:56:17.379+0900] {logging_mixin.py:190} INFO - [2024-11-01T11:56:17.379+0900] {dag.py:4180} INFO - Setting next_dagrun for dataset_produces_2 to None, run_after=None
[2024-11-01T11:56:17.399+0900] {processor.py:208} INFO - Processing /home/hamin081234/anaconda3/envs/airflow_env/lib/python3.11/site-packages/airflow/example_dags/example_datasets.py took 0.069 seconds
[2024-11-01T11:57:09.261+0900] {processor.py:186} INFO - Started process (PID=424661) to work on /home/hamin081234/anaconda3/envs/airflow_env/lib/python3.11/site-packages/airflow/example_dags/example_datasets.py
[2024-11-01T11:57:09.270+0900] {processor.py:914} INFO - Processing file /home/hamin081234/anaconda3/envs/airflow_env/lib/python3.11/site-packages/airflow/example_dags/example_datasets.py for tasks to queue
[2024-11-01T11:57:09.271+0900] {logging_mixin.py:190} INFO - [2024-11-01T11:57:09.271+0900] {dagbag.py:588} INFO - Filling up the DagBag from /home/hamin081234/anaconda3/envs/airflow_env/lib/python3.11/site-packages/airflow/example_dags/example_datasets.py
[2024-11-01T11:57:09.282+0900] {processor.py:925} INFO - DAG(s) 'conditional_dataset_and_time_based_timetable', 'consume_1_or_both_2_and_3_with_dataset_expressions', 'dataset_consumes_1_never_scheduled', 'dataset_produces_1', 'consume_1_or_2_with_dataset_expressions', 'dataset_consumes_unknown_never_scheduled', 'dataset_consumes_1', 'dataset_produces_2', 'dataset_consumes_1_and_2', 'consume_1_and_2_with_dataset_expressions' retrieved from /home/hamin081234/anaconda3/envs/airflow_env/lib/python3.11/site-packages/airflow/example_dags/example_datasets.py
[2024-11-01T11:57:09.302+0900] {logging_mixin.py:190} INFO - [2024-11-01T11:57:09.301+0900] {dag.py:3239} INFO - Sync 10 DAGs
[2024-11-01T11:57:09.316+0900] {logging_mixin.py:190} INFO - [2024-11-01T11:57:09.316+0900] {dag.py:4180} INFO - Setting next_dagrun for conditional_dataset_and_time_based_timetable to 2024-10-30 01:00:00+00:00, run_after=2024-10-30 01:00:00+00:00
[2024-11-01T11:57:09.318+0900] {logging_mixin.py:190} INFO - [2024-11-01T11:57:09.318+0900] {dag.py:4180} INFO - Setting next_dagrun for consume_1_and_2_with_dataset_expressions to None, run_after=None
[2024-11-01T11:57:09.318+0900] {logging_mixin.py:190} INFO - [2024-11-01T11:57:09.318+0900] {dag.py:4180} INFO - Setting next_dagrun for consume_1_or_2_with_dataset_expressions to None, run_after=None
[2024-11-01T11:57:09.319+0900] {logging_mixin.py:190} INFO - [2024-11-01T11:57:09.318+0900] {dag.py:4180} INFO - Setting next_dagrun for consume_1_or_both_2_and_3_with_dataset_expressions to None, run_after=None
[2024-11-01T11:57:09.319+0900] {logging_mixin.py:190} INFO - [2024-11-01T11:57:09.319+0900] {dag.py:4180} INFO - Setting next_dagrun for dataset_consumes_1 to None, run_after=None
[2024-11-01T11:57:09.319+0900] {logging_mixin.py:190} INFO - [2024-11-01T11:57:09.319+0900] {dag.py:4180} INFO - Setting next_dagrun for dataset_consumes_1_and_2 to None, run_after=None
[2024-11-01T11:57:09.320+0900] {logging_mixin.py:190} INFO - [2024-11-01T11:57:09.320+0900] {dag.py:4180} INFO - Setting next_dagrun for dataset_consumes_1_never_scheduled to None, run_after=None
[2024-11-01T11:57:09.320+0900] {logging_mixin.py:190} INFO - [2024-11-01T11:57:09.320+0900] {dag.py:4180} INFO - Setting next_dagrun for dataset_consumes_unknown_never_scheduled to None, run_after=None
[2024-11-01T11:57:09.321+0900] {logging_mixin.py:190} INFO - [2024-11-01T11:57:09.321+0900] {dag.py:4180} INFO - Setting next_dagrun for dataset_produces_1 to 2024-10-31 00:00:00+00:00, run_after=2024-11-01 00:00:00+00:00
[2024-11-01T11:57:09.322+0900] {logging_mixin.py:190} INFO - [2024-11-01T11:57:09.321+0900] {dag.py:4180} INFO - Setting next_dagrun for dataset_produces_2 to None, run_after=None
[2024-11-01T11:57:09.346+0900] {processor.py:208} INFO - Processing /home/hamin081234/anaconda3/envs/airflow_env/lib/python3.11/site-packages/airflow/example_dags/example_datasets.py took 0.089 seconds
[2024-11-01T11:57:58.793+0900] {processor.py:186} INFO - Started process (PID=425588) to work on /home/hamin081234/anaconda3/envs/airflow_env/lib/python3.11/site-packages/airflow/example_dags/example_datasets.py
[2024-11-01T11:57:58.801+0900] {processor.py:914} INFO - Processing file /home/hamin081234/anaconda3/envs/airflow_env/lib/python3.11/site-packages/airflow/example_dags/example_datasets.py for tasks to queue
[2024-11-01T11:57:58.803+0900] {logging_mixin.py:190} INFO - [2024-11-01T11:57:58.803+0900] {dagbag.py:588} INFO - Filling up the DagBag from /home/hamin081234/anaconda3/envs/airflow_env/lib/python3.11/site-packages/airflow/example_dags/example_datasets.py
[2024-11-01T11:57:58.817+0900] {processor.py:925} INFO - DAG(s) 'consume_1_or_2_with_dataset_expressions', 'consume_1_and_2_with_dataset_expressions', 'dataset_consumes_unknown_never_scheduled', 'consume_1_or_both_2_and_3_with_dataset_expressions', 'dataset_consumes_1', 'dataset_consumes_1_and_2', 'dataset_produces_2', 'conditional_dataset_and_time_based_timetable', 'dataset_consumes_1_never_scheduled', 'dataset_produces_1' retrieved from /home/hamin081234/anaconda3/envs/airflow_env/lib/python3.11/site-packages/airflow/example_dags/example_datasets.py
[2024-11-01T11:57:58.837+0900] {logging_mixin.py:190} INFO - [2024-11-01T11:57:58.837+0900] {dag.py:3239} INFO - Sync 10 DAGs
[2024-11-01T11:57:58.851+0900] {logging_mixin.py:190} INFO - [2024-11-01T11:57:58.851+0900] {dag.py:4180} INFO - Setting next_dagrun for conditional_dataset_and_time_based_timetable to 2024-10-30 01:00:00+00:00, run_after=2024-10-30 01:00:00+00:00
[2024-11-01T11:57:58.853+0900] {logging_mixin.py:190} INFO - [2024-11-01T11:57:58.852+0900] {dag.py:4180} INFO - Setting next_dagrun for consume_1_and_2_with_dataset_expressions to None, run_after=None
[2024-11-01T11:57:58.853+0900] {logging_mixin.py:190} INFO - [2024-11-01T11:57:58.853+0900] {dag.py:4180} INFO - Setting next_dagrun for consume_1_or_2_with_dataset_expressions to None, run_after=None
[2024-11-01T11:57:58.854+0900] {logging_mixin.py:190} INFO - [2024-11-01T11:57:58.854+0900] {dag.py:4180} INFO - Setting next_dagrun for consume_1_or_both_2_and_3_with_dataset_expressions to None, run_after=None
[2024-11-01T11:57:58.854+0900] {logging_mixin.py:190} INFO - [2024-11-01T11:57:58.854+0900] {dag.py:4180} INFO - Setting next_dagrun for dataset_consumes_1 to None, run_after=None
[2024-11-01T11:57:58.855+0900] {logging_mixin.py:190} INFO - [2024-11-01T11:57:58.854+0900] {dag.py:4180} INFO - Setting next_dagrun for dataset_consumes_1_and_2 to None, run_after=None
[2024-11-01T11:57:58.855+0900] {logging_mixin.py:190} INFO - [2024-11-01T11:57:58.855+0900] {dag.py:4180} INFO - Setting next_dagrun for dataset_consumes_1_never_scheduled to None, run_after=None
[2024-11-01T11:57:58.855+0900] {logging_mixin.py:190} INFO - [2024-11-01T11:57:58.855+0900] {dag.py:4180} INFO - Setting next_dagrun for dataset_consumes_unknown_never_scheduled to None, run_after=None
[2024-11-01T11:57:58.856+0900] {logging_mixin.py:190} INFO - [2024-11-01T11:57:58.856+0900] {dag.py:4180} INFO - Setting next_dagrun for dataset_produces_1 to 2024-10-31 00:00:00+00:00, run_after=2024-11-01 00:00:00+00:00
[2024-11-01T11:57:58.857+0900] {logging_mixin.py:190} INFO - [2024-11-01T11:57:58.857+0900] {dag.py:4180} INFO - Setting next_dagrun for dataset_produces_2 to None, run_after=None
[2024-11-01T11:57:58.880+0900] {processor.py:208} INFO - Processing /home/hamin081234/anaconda3/envs/airflow_env/lib/python3.11/site-packages/airflow/example_dags/example_datasets.py took 0.094 seconds
