[2024-11-01T11:49:12.857+0900] {processor.py:186} INFO - Started process (PID=413682) to work on /home/hamin081234/anaconda3/envs/airflow_env/lib/python3.11/site-packages/airflow/example_dags/example_setup_teardown.py
[2024-11-01T11:49:12.857+0900] {processor.py:914} INFO - Processing file /home/hamin081234/anaconda3/envs/airflow_env/lib/python3.11/site-packages/airflow/example_dags/example_setup_teardown.py for tasks to queue
[2024-11-01T11:49:12.859+0900] {logging_mixin.py:190} INFO - [2024-11-01T11:49:12.859+0900] {dagbag.py:588} INFO - Filling up the DagBag from /home/hamin081234/anaconda3/envs/airflow_env/lib/python3.11/site-packages/airflow/example_dags/example_setup_teardown.py
[2024-11-01T11:49:12.864+0900] {processor.py:925} INFO - DAG(s) 'example_setup_teardown' retrieved from /home/hamin081234/anaconda3/envs/airflow_env/lib/python3.11/site-packages/airflow/example_dags/example_setup_teardown.py
[2024-11-01T11:49:12.940+0900] {logging_mixin.py:190} INFO - [2024-11-01T11:49:12.940+0900] {override.py:1900} INFO - Created Permission View: can delete on DAG:example_setup_teardown
[2024-11-01T11:49:12.954+0900] {logging_mixin.py:190} INFO - [2024-11-01T11:49:12.954+0900] {override.py:1900} INFO - Created Permission View: can edit on DAG:example_setup_teardown
[2024-11-01T11:49:12.964+0900] {logging_mixin.py:190} INFO - [2024-11-01T11:49:12.964+0900] {override.py:1900} INFO - Created Permission View: can read on DAG:example_setup_teardown
[2024-11-01T11:49:12.984+0900] {logging_mixin.py:190} INFO - [2024-11-01T11:49:12.984+0900] {override.py:1900} INFO - Created Permission View: menu access on DAG Run:example_setup_teardown
[2024-11-01T11:49:12.994+0900] {logging_mixin.py:190} INFO - [2024-11-01T11:49:12.994+0900] {override.py:1900} INFO - Created Permission View: can delete on DAG Run:example_setup_teardown
[2024-11-01T11:49:13.004+0900] {logging_mixin.py:190} INFO - [2024-11-01T11:49:13.004+0900] {override.py:1900} INFO - Created Permission View: can create on DAG Run:example_setup_teardown
[2024-11-01T11:49:13.014+0900] {logging_mixin.py:190} INFO - [2024-11-01T11:49:13.014+0900] {override.py:1900} INFO - Created Permission View: can read on DAG Run:example_setup_teardown
[2024-11-01T11:49:13.014+0900] {logging_mixin.py:190} INFO - [2024-11-01T11:49:13.014+0900] {dag.py:3239} INFO - Sync 1 DAGs
[2024-11-01T11:49:13.020+0900] {logging_mixin.py:190} INFO - [2024-11-01T11:49:13.020+0900] {dag.py:3262} INFO - Creating ORM DAG for example_setup_teardown
[2024-11-01T11:49:13.020+0900] {logging_mixin.py:190} INFO - [2024-11-01T11:49:13.020+0900] {dag.py:4180} INFO - Setting next_dagrun for example_setup_teardown to None, run_after=None
[2024-11-01T11:49:13.037+0900] {processor.py:208} INFO - Processing /home/hamin081234/anaconda3/envs/airflow_env/lib/python3.11/site-packages/airflow/example_dags/example_setup_teardown.py took 0.184 seconds
[2024-11-01T11:50:13.986+0900] {processor.py:186} INFO - Started process (PID=414997) to work on /home/hamin081234/anaconda3/envs/airflow_env/lib/python3.11/site-packages/airflow/example_dags/example_setup_teardown.py
[2024-11-01T11:50:13.996+0900] {processor.py:914} INFO - Processing file /home/hamin081234/anaconda3/envs/airflow_env/lib/python3.11/site-packages/airflow/example_dags/example_setup_teardown.py for tasks to queue
[2024-11-01T11:50:14.001+0900] {logging_mixin.py:190} INFO - [2024-11-01T11:50:14.001+0900] {dagbag.py:588} INFO - Filling up the DagBag from /home/hamin081234/anaconda3/envs/airflow_env/lib/python3.11/site-packages/airflow/example_dags/example_setup_teardown.py
[2024-11-01T11:50:14.018+0900] {processor.py:925} INFO - DAG(s) 'example_setup_teardown' retrieved from /home/hamin081234/anaconda3/envs/airflow_env/lib/python3.11/site-packages/airflow/example_dags/example_setup_teardown.py
[2024-11-01T11:50:14.044+0900] {logging_mixin.py:190} INFO - [2024-11-01T11:50:14.044+0900] {dag.py:3239} INFO - Sync 1 DAGs
[2024-11-01T11:50:14.064+0900] {logging_mixin.py:190} INFO - [2024-11-01T11:50:14.064+0900] {dag.py:4180} INFO - Setting next_dagrun for example_setup_teardown to None, run_after=None
[2024-11-01T11:50:14.092+0900] {processor.py:208} INFO - Processing /home/hamin081234/anaconda3/envs/airflow_env/lib/python3.11/site-packages/airflow/example_dags/example_setup_teardown.py took 0.118 seconds
[2024-11-01T11:51:05.420+0900] {processor.py:186} INFO - Started process (PID=416220) to work on /home/hamin081234/anaconda3/envs/airflow_env/lib/python3.11/site-packages/airflow/example_dags/example_setup_teardown.py
[2024-11-01T11:51:05.422+0900] {processor.py:914} INFO - Processing file /home/hamin081234/anaconda3/envs/airflow_env/lib/python3.11/site-packages/airflow/example_dags/example_setup_teardown.py for tasks to queue
[2024-11-01T11:51:05.425+0900] {logging_mixin.py:190} INFO - [2024-11-01T11:51:05.425+0900] {dagbag.py:588} INFO - Filling up the DagBag from /home/hamin081234/anaconda3/envs/airflow_env/lib/python3.11/site-packages/airflow/example_dags/example_setup_teardown.py
[2024-11-01T11:51:05.441+0900] {processor.py:925} INFO - DAG(s) 'example_setup_teardown' retrieved from /home/hamin081234/anaconda3/envs/airflow_env/lib/python3.11/site-packages/airflow/example_dags/example_setup_teardown.py
[2024-11-01T11:51:05.463+0900] {logging_mixin.py:190} INFO - [2024-11-01T11:51:05.463+0900] {dag.py:3239} INFO - Sync 1 DAGs
[2024-11-01T11:51:05.483+0900] {logging_mixin.py:190} INFO - [2024-11-01T11:51:05.483+0900] {dag.py:4180} INFO - Setting next_dagrun for example_setup_teardown to None, run_after=None
[2024-11-01T11:51:05.519+0900] {processor.py:208} INFO - Processing /home/hamin081234/anaconda3/envs/airflow_env/lib/python3.11/site-packages/airflow/example_dags/example_setup_teardown.py took 0.105 seconds
[2024-11-01T11:51:55.572+0900] {processor.py:186} INFO - Started process (PID=417453) to work on /home/hamin081234/anaconda3/envs/airflow_env/lib/python3.11/site-packages/airflow/example_dags/example_setup_teardown.py
[2024-11-01T11:51:55.573+0900] {processor.py:914} INFO - Processing file /home/hamin081234/anaconda3/envs/airflow_env/lib/python3.11/site-packages/airflow/example_dags/example_setup_teardown.py for tasks to queue
[2024-11-01T11:51:55.574+0900] {logging_mixin.py:190} INFO - [2024-11-01T11:51:55.574+0900] {dagbag.py:588} INFO - Filling up the DagBag from /home/hamin081234/anaconda3/envs/airflow_env/lib/python3.11/site-packages/airflow/example_dags/example_setup_teardown.py
[2024-11-01T11:51:55.580+0900] {processor.py:925} INFO - DAG(s) 'example_setup_teardown' retrieved from /home/hamin081234/anaconda3/envs/airflow_env/lib/python3.11/site-packages/airflow/example_dags/example_setup_teardown.py
[2024-11-01T11:51:55.589+0900] {logging_mixin.py:190} INFO - [2024-11-01T11:51:55.589+0900] {dag.py:3239} INFO - Sync 1 DAGs
[2024-11-01T11:51:55.597+0900] {logging_mixin.py:190} INFO - [2024-11-01T11:51:55.597+0900] {dag.py:4180} INFO - Setting next_dagrun for example_setup_teardown to None, run_after=None
[2024-11-01T11:51:55.616+0900] {processor.py:208} INFO - Processing /home/hamin081234/anaconda3/envs/airflow_env/lib/python3.11/site-packages/airflow/example_dags/example_setup_teardown.py took 0.047 seconds
[2024-11-01T11:52:57.569+0900] {processor.py:186} INFO - Started process (PID=418758) to work on /home/hamin081234/anaconda3/envs/airflow_env/lib/python3.11/site-packages/airflow/example_dags/example_setup_teardown.py
[2024-11-01T11:52:57.577+0900] {processor.py:914} INFO - Processing file /home/hamin081234/anaconda3/envs/airflow_env/lib/python3.11/site-packages/airflow/example_dags/example_setup_teardown.py for tasks to queue
[2024-11-01T11:52:57.579+0900] {logging_mixin.py:190} INFO - [2024-11-01T11:52:57.579+0900] {dagbag.py:588} INFO - Filling up the DagBag from /home/hamin081234/anaconda3/envs/airflow_env/lib/python3.11/site-packages/airflow/example_dags/example_setup_teardown.py
[2024-11-01T11:52:57.585+0900] {processor.py:925} INFO - DAG(s) 'example_setup_teardown' retrieved from /home/hamin081234/anaconda3/envs/airflow_env/lib/python3.11/site-packages/airflow/example_dags/example_setup_teardown.py
[2024-11-01T11:52:57.595+0900] {logging_mixin.py:190} INFO - [2024-11-01T11:52:57.595+0900] {dag.py:3239} INFO - Sync 1 DAGs
[2024-11-01T11:52:57.604+0900] {logging_mixin.py:190} INFO - [2024-11-01T11:52:57.604+0900] {dag.py:4180} INFO - Setting next_dagrun for example_setup_teardown to None, run_after=None
[2024-11-01T11:52:57.624+0900] {processor.py:208} INFO - Processing /home/hamin081234/anaconda3/envs/airflow_env/lib/python3.11/site-packages/airflow/example_dags/example_setup_teardown.py took 0.058 seconds
[2024-11-01T11:53:47.256+0900] {processor.py:186} INFO - Started process (PID=419957) to work on /home/hamin081234/anaconda3/envs/airflow_env/lib/python3.11/site-packages/airflow/example_dags/example_setup_teardown.py
[2024-11-01T11:53:47.264+0900] {processor.py:914} INFO - Processing file /home/hamin081234/anaconda3/envs/airflow_env/lib/python3.11/site-packages/airflow/example_dags/example_setup_teardown.py for tasks to queue
[2024-11-01T11:53:47.266+0900] {logging_mixin.py:190} INFO - [2024-11-01T11:53:47.266+0900] {dagbag.py:588} INFO - Filling up the DagBag from /home/hamin081234/anaconda3/envs/airflow_env/lib/python3.11/site-packages/airflow/example_dags/example_setup_teardown.py
[2024-11-01T11:53:47.271+0900] {processor.py:925} INFO - DAG(s) 'example_setup_teardown' retrieved from /home/hamin081234/anaconda3/envs/airflow_env/lib/python3.11/site-packages/airflow/example_dags/example_setup_teardown.py
[2024-11-01T11:53:47.280+0900] {logging_mixin.py:190} INFO - [2024-11-01T11:53:47.280+0900] {dag.py:3239} INFO - Sync 1 DAGs
[2024-11-01T11:53:47.288+0900] {logging_mixin.py:190} INFO - [2024-11-01T11:53:47.288+0900] {dag.py:4180} INFO - Setting next_dagrun for example_setup_teardown to None, run_after=None
[2024-11-01T11:53:47.305+0900] {processor.py:208} INFO - Processing /home/hamin081234/anaconda3/envs/airflow_env/lib/python3.11/site-packages/airflow/example_dags/example_setup_teardown.py took 0.053 seconds
[2024-11-01T11:54:40.339+0900] {processor.py:186} INFO - Started process (PID=421271) to work on /home/hamin081234/anaconda3/envs/airflow_env/lib/python3.11/site-packages/airflow/example_dags/example_setup_teardown.py
[2024-11-01T11:54:40.347+0900] {processor.py:914} INFO - Processing file /home/hamin081234/anaconda3/envs/airflow_env/lib/python3.11/site-packages/airflow/example_dags/example_setup_teardown.py for tasks to queue
[2024-11-01T11:54:40.349+0900] {logging_mixin.py:190} INFO - [2024-11-01T11:54:40.349+0900] {dagbag.py:588} INFO - Filling up the DagBag from /home/hamin081234/anaconda3/envs/airflow_env/lib/python3.11/site-packages/airflow/example_dags/example_setup_teardown.py
[2024-11-01T11:54:40.354+0900] {processor.py:925} INFO - DAG(s) 'example_setup_teardown' retrieved from /home/hamin081234/anaconda3/envs/airflow_env/lib/python3.11/site-packages/airflow/example_dags/example_setup_teardown.py
[2024-11-01T11:54:40.363+0900] {logging_mixin.py:190} INFO - [2024-11-01T11:54:40.363+0900] {dag.py:3239} INFO - Sync 1 DAGs
[2024-11-01T11:54:40.370+0900] {logging_mixin.py:190} INFO - [2024-11-01T11:54:40.370+0900] {dag.py:4180} INFO - Setting next_dagrun for example_setup_teardown to None, run_after=None
[2024-11-01T11:54:40.388+0900] {processor.py:208} INFO - Processing /home/hamin081234/anaconda3/envs/airflow_env/lib/python3.11/site-packages/airflow/example_dags/example_setup_teardown.py took 0.052 seconds
[2024-11-01T11:55:31.990+0900] {processor.py:186} INFO - Started process (PID=422308) to work on /home/hamin081234/anaconda3/envs/airflow_env/lib/python3.11/site-packages/airflow/example_dags/example_setup_teardown.py
[2024-11-01T11:55:31.991+0900] {processor.py:914} INFO - Processing file /home/hamin081234/anaconda3/envs/airflow_env/lib/python3.11/site-packages/airflow/example_dags/example_setup_teardown.py for tasks to queue
[2024-11-01T11:55:31.992+0900] {logging_mixin.py:190} INFO - [2024-11-01T11:55:31.992+0900] {dagbag.py:588} INFO - Filling up the DagBag from /home/hamin081234/anaconda3/envs/airflow_env/lib/python3.11/site-packages/airflow/example_dags/example_setup_teardown.py
[2024-11-01T11:55:31.998+0900] {processor.py:925} INFO - DAG(s) 'example_setup_teardown' retrieved from /home/hamin081234/anaconda3/envs/airflow_env/lib/python3.11/site-packages/airflow/example_dags/example_setup_teardown.py
[2024-11-01T11:55:32.008+0900] {logging_mixin.py:190} INFO - [2024-11-01T11:55:32.008+0900] {dag.py:3239} INFO - Sync 1 DAGs
[2024-11-01T11:55:32.016+0900] {logging_mixin.py:190} INFO - [2024-11-01T11:55:32.016+0900] {dag.py:4180} INFO - Setting next_dagrun for example_setup_teardown to None, run_after=None
[2024-11-01T11:55:32.036+0900] {processor.py:208} INFO - Processing /home/hamin081234/anaconda3/envs/airflow_env/lib/python3.11/site-packages/airflow/example_dags/example_setup_teardown.py took 0.049 seconds
[2024-11-01T11:56:22.996+0900] {processor.py:186} INFO - Started process (PID=423516) to work on /home/hamin081234/anaconda3/envs/airflow_env/lib/python3.11/site-packages/airflow/example_dags/example_setup_teardown.py
[2024-11-01T11:56:23.005+0900] {processor.py:914} INFO - Processing file /home/hamin081234/anaconda3/envs/airflow_env/lib/python3.11/site-packages/airflow/example_dags/example_setup_teardown.py for tasks to queue
[2024-11-01T11:56:23.008+0900] {logging_mixin.py:190} INFO - [2024-11-01T11:56:23.007+0900] {dagbag.py:588} INFO - Filling up the DagBag from /home/hamin081234/anaconda3/envs/airflow_env/lib/python3.11/site-packages/airflow/example_dags/example_setup_teardown.py
[2024-11-01T11:56:23.016+0900] {processor.py:925} INFO - DAG(s) 'example_setup_teardown' retrieved from /home/hamin081234/anaconda3/envs/airflow_env/lib/python3.11/site-packages/airflow/example_dags/example_setup_teardown.py
[2024-11-01T11:56:23.026+0900] {logging_mixin.py:190} INFO - [2024-11-01T11:56:23.026+0900] {dag.py:3239} INFO - Sync 1 DAGs
[2024-11-01T11:56:23.033+0900] {logging_mixin.py:190} INFO - [2024-11-01T11:56:23.033+0900] {dag.py:4180} INFO - Setting next_dagrun for example_setup_teardown to None, run_after=None
[2024-11-01T11:56:23.052+0900] {processor.py:208} INFO - Processing /home/hamin081234/anaconda3/envs/airflow_env/lib/python3.11/site-packages/airflow/example_dags/example_setup_teardown.py took 0.062 seconds
[2024-11-01T11:57:14.413+0900] {processor.py:186} INFO - Started process (PID=424770) to work on /home/hamin081234/anaconda3/envs/airflow_env/lib/python3.11/site-packages/airflow/example_dags/example_setup_teardown.py
[2024-11-01T11:57:14.414+0900] {processor.py:914} INFO - Processing file /home/hamin081234/anaconda3/envs/airflow_env/lib/python3.11/site-packages/airflow/example_dags/example_setup_teardown.py for tasks to queue
[2024-11-01T11:57:14.415+0900] {logging_mixin.py:190} INFO - [2024-11-01T11:57:14.415+0900] {dagbag.py:588} INFO - Filling up the DagBag from /home/hamin081234/anaconda3/envs/airflow_env/lib/python3.11/site-packages/airflow/example_dags/example_setup_teardown.py
[2024-11-01T11:57:14.423+0900] {processor.py:925} INFO - DAG(s) 'example_setup_teardown' retrieved from /home/hamin081234/anaconda3/envs/airflow_env/lib/python3.11/site-packages/airflow/example_dags/example_setup_teardown.py
[2024-11-01T11:57:14.434+0900] {logging_mixin.py:190} INFO - [2024-11-01T11:57:14.434+0900] {dag.py:3239} INFO - Sync 1 DAGs
[2024-11-01T11:57:14.441+0900] {logging_mixin.py:190} INFO - [2024-11-01T11:57:14.440+0900] {dag.py:4180} INFO - Setting next_dagrun for example_setup_teardown to None, run_after=None
[2024-11-01T11:57:14.459+0900] {processor.py:208} INFO - Processing /home/hamin081234/anaconda3/envs/airflow_env/lib/python3.11/site-packages/airflow/example_dags/example_setup_teardown.py took 0.052 seconds
