[2024-11-01T11:49:27.122+0900] {processor.py:186} INFO - Started process (PID=414012) to work on /home/hamin081234/anaconda3/envs/airflow_env/lib/python3.11/site-packages/airflow/example_dags/example_python_decorator.py
[2024-11-01T11:49:27.123+0900] {processor.py:914} INFO - Processing file /home/hamin081234/anaconda3/envs/airflow_env/lib/python3.11/site-packages/airflow/example_dags/example_python_decorator.py for tasks to queue
[2024-11-01T11:49:27.125+0900] {logging_mixin.py:190} INFO - [2024-11-01T11:49:27.124+0900] {dagbag.py:588} INFO - Filling up the DagBag from /home/hamin081234/anaconda3/envs/airflow_env/lib/python3.11/site-packages/airflow/example_dags/example_python_decorator.py
[2024-11-01T11:49:27.138+0900] {processor.py:925} INFO - DAG(s) 'example_python_decorator' retrieved from /home/hamin081234/anaconda3/envs/airflow_env/lib/python3.11/site-packages/airflow/example_dags/example_python_decorator.py
[2024-11-01T11:49:27.219+0900] {logging_mixin.py:190} INFO - [2024-11-01T11:49:27.219+0900] {override.py:1900} INFO - Created Permission View: can delete on DAG:example_python_decorator
[2024-11-01T11:49:27.231+0900] {logging_mixin.py:190} INFO - [2024-11-01T11:49:27.231+0900] {override.py:1900} INFO - Created Permission View: can edit on DAG:example_python_decorator
[2024-11-01T11:49:27.243+0900] {logging_mixin.py:190} INFO - [2024-11-01T11:49:27.243+0900] {override.py:1900} INFO - Created Permission View: can read on DAG:example_python_decorator
[2024-11-01T11:49:27.263+0900] {logging_mixin.py:190} INFO - [2024-11-01T11:49:27.263+0900] {override.py:1900} INFO - Created Permission View: menu access on DAG Run:example_python_decorator
[2024-11-01T11:49:27.273+0900] {logging_mixin.py:190} INFO - [2024-11-01T11:49:27.273+0900] {override.py:1900} INFO - Created Permission View: can delete on DAG Run:example_python_decorator
[2024-11-01T11:49:27.283+0900] {logging_mixin.py:190} INFO - [2024-11-01T11:49:27.283+0900] {override.py:1900} INFO - Created Permission View: can create on DAG Run:example_python_decorator
[2024-11-01T11:49:27.299+0900] {logging_mixin.py:190} INFO - [2024-11-01T11:49:27.299+0900] {override.py:1900} INFO - Created Permission View: can read on DAG Run:example_python_decorator
[2024-11-01T11:49:27.299+0900] {logging_mixin.py:190} INFO - [2024-11-01T11:49:27.299+0900] {dag.py:3239} INFO - Sync 1 DAGs
[2024-11-01T11:49:27.305+0900] {logging_mixin.py:190} INFO - [2024-11-01T11:49:27.305+0900] {dag.py:3262} INFO - Creating ORM DAG for example_python_decorator
[2024-11-01T11:49:27.306+0900] {logging_mixin.py:190} INFO - [2024-11-01T11:49:27.306+0900] {dag.py:4180} INFO - Setting next_dagrun for example_python_decorator to None, run_after=None
[2024-11-01T11:49:27.325+0900] {processor.py:208} INFO - Processing /home/hamin081234/anaconda3/envs/airflow_env/lib/python3.11/site-packages/airflow/example_dags/example_python_decorator.py took 0.206 seconds
[2024-11-01T11:50:26.506+0900] {processor.py:186} INFO - Started process (PID=415196) to work on /home/hamin081234/anaconda3/envs/airflow_env/lib/python3.11/site-packages/airflow/example_dags/example_python_decorator.py
[2024-11-01T11:50:26.515+0900] {processor.py:914} INFO - Processing file /home/hamin081234/anaconda3/envs/airflow_env/lib/python3.11/site-packages/airflow/example_dags/example_python_decorator.py for tasks to queue
[2024-11-01T11:50:26.517+0900] {logging_mixin.py:190} INFO - [2024-11-01T11:50:26.516+0900] {dagbag.py:588} INFO - Filling up the DagBag from /home/hamin081234/anaconda3/envs/airflow_env/lib/python3.11/site-packages/airflow/example_dags/example_python_decorator.py
[2024-11-01T11:50:26.525+0900] {processor.py:925} INFO - DAG(s) 'example_python_decorator' retrieved from /home/hamin081234/anaconda3/envs/airflow_env/lib/python3.11/site-packages/airflow/example_dags/example_python_decorator.py
[2024-11-01T11:50:26.535+0900] {logging_mixin.py:190} INFO - [2024-11-01T11:50:26.535+0900] {dag.py:3239} INFO - Sync 1 DAGs
[2024-11-01T11:50:26.542+0900] {logging_mixin.py:190} INFO - [2024-11-01T11:50:26.542+0900] {dag.py:4180} INFO - Setting next_dagrun for example_python_decorator to None, run_after=None
[2024-11-01T11:50:26.559+0900] {processor.py:208} INFO - Processing /home/hamin081234/anaconda3/envs/airflow_env/lib/python3.11/site-packages/airflow/example_dags/example_python_decorator.py took 0.056 seconds
[2024-11-01T11:51:19.690+0900] {processor.py:186} INFO - Started process (PID=416432) to work on /home/hamin081234/anaconda3/envs/airflow_env/lib/python3.11/site-packages/airflow/example_dags/example_python_decorator.py
[2024-11-01T11:51:19.691+0900] {processor.py:914} INFO - Processing file /home/hamin081234/anaconda3/envs/airflow_env/lib/python3.11/site-packages/airflow/example_dags/example_python_decorator.py for tasks to queue
[2024-11-01T11:51:19.694+0900] {logging_mixin.py:190} INFO - [2024-11-01T11:51:19.694+0900] {dagbag.py:588} INFO - Filling up the DagBag from /home/hamin081234/anaconda3/envs/airflow_env/lib/python3.11/site-packages/airflow/example_dags/example_python_decorator.py
[2024-11-01T11:51:19.705+0900] {processor.py:925} INFO - DAG(s) 'example_python_decorator' retrieved from /home/hamin081234/anaconda3/envs/airflow_env/lib/python3.11/site-packages/airflow/example_dags/example_python_decorator.py
[2024-11-01T11:51:19.717+0900] {logging_mixin.py:190} INFO - [2024-11-01T11:51:19.717+0900] {dag.py:3239} INFO - Sync 1 DAGs
[2024-11-01T11:51:19.725+0900] {logging_mixin.py:190} INFO - [2024-11-01T11:51:19.725+0900] {dag.py:4180} INFO - Setting next_dagrun for example_python_decorator to None, run_after=None
[2024-11-01T11:51:19.741+0900] {processor.py:208} INFO - Processing /home/hamin081234/anaconda3/envs/airflow_env/lib/python3.11/site-packages/airflow/example_dags/example_python_decorator.py took 0.055 seconds
[2024-11-01T11:52:21.764+0900] {processor.py:186} INFO - Started process (PID=418014) to work on /home/hamin081234/anaconda3/envs/airflow_env/lib/python3.11/site-packages/airflow/example_dags/example_python_decorator.py
[2024-11-01T11:52:21.765+0900] {processor.py:914} INFO - Processing file /home/hamin081234/anaconda3/envs/airflow_env/lib/python3.11/site-packages/airflow/example_dags/example_python_decorator.py for tasks to queue
[2024-11-01T11:52:21.767+0900] {logging_mixin.py:190} INFO - [2024-11-01T11:52:21.767+0900] {dagbag.py:588} INFO - Filling up the DagBag from /home/hamin081234/anaconda3/envs/airflow_env/lib/python3.11/site-packages/airflow/example_dags/example_python_decorator.py
[2024-11-01T11:52:21.776+0900] {processor.py:925} INFO - DAG(s) 'example_python_decorator' retrieved from /home/hamin081234/anaconda3/envs/airflow_env/lib/python3.11/site-packages/airflow/example_dags/example_python_decorator.py
[2024-11-01T11:52:21.785+0900] {logging_mixin.py:190} INFO - [2024-11-01T11:52:21.785+0900] {dag.py:3239} INFO - Sync 1 DAGs
[2024-11-01T11:52:21.792+0900] {logging_mixin.py:190} INFO - [2024-11-01T11:52:21.792+0900] {dag.py:4180} INFO - Setting next_dagrun for example_python_decorator to None, run_after=None
[2024-11-01T11:52:21.810+0900] {processor.py:208} INFO - Processing /home/hamin081234/anaconda3/envs/airflow_env/lib/python3.11/site-packages/airflow/example_dags/example_python_decorator.py took 0.049 seconds
[2024-11-01T11:53:15.877+0900] {processor.py:186} INFO - Started process (PID=419330) to work on /home/hamin081234/anaconda3/envs/airflow_env/lib/python3.11/site-packages/airflow/example_dags/example_python_decorator.py
[2024-11-01T11:53:15.886+0900] {processor.py:914} INFO - Processing file /home/hamin081234/anaconda3/envs/airflow_env/lib/python3.11/site-packages/airflow/example_dags/example_python_decorator.py for tasks to queue
[2024-11-01T11:53:15.887+0900] {logging_mixin.py:190} INFO - [2024-11-01T11:53:15.887+0900] {dagbag.py:588} INFO - Filling up the DagBag from /home/hamin081234/anaconda3/envs/airflow_env/lib/python3.11/site-packages/airflow/example_dags/example_python_decorator.py
[2024-11-01T11:53:15.896+0900] {processor.py:925} INFO - DAG(s) 'example_python_decorator' retrieved from /home/hamin081234/anaconda3/envs/airflow_env/lib/python3.11/site-packages/airflow/example_dags/example_python_decorator.py
[2024-11-01T11:53:15.907+0900] {logging_mixin.py:190} INFO - [2024-11-01T11:53:15.907+0900] {dag.py:3239} INFO - Sync 1 DAGs
[2024-11-01T11:53:15.914+0900] {logging_mixin.py:190} INFO - [2024-11-01T11:53:15.914+0900] {dag.py:4180} INFO - Setting next_dagrun for example_python_decorator to None, run_after=None
[2024-11-01T11:53:15.932+0900] {processor.py:208} INFO - Processing /home/hamin081234/anaconda3/envs/airflow_env/lib/python3.11/site-packages/airflow/example_dags/example_python_decorator.py took 0.059 seconds
[2024-11-01T11:54:07.209+0900] {processor.py:186} INFO - Started process (PID=420248) to work on /home/hamin081234/anaconda3/envs/airflow_env/lib/python3.11/site-packages/airflow/example_dags/example_python_decorator.py
[2024-11-01T11:54:07.217+0900] {processor.py:914} INFO - Processing file /home/hamin081234/anaconda3/envs/airflow_env/lib/python3.11/site-packages/airflow/example_dags/example_python_decorator.py for tasks to queue
[2024-11-01T11:54:07.219+0900] {logging_mixin.py:190} INFO - [2024-11-01T11:54:07.218+0900] {dagbag.py:588} INFO - Filling up the DagBag from /home/hamin081234/anaconda3/envs/airflow_env/lib/python3.11/site-packages/airflow/example_dags/example_python_decorator.py
[2024-11-01T11:54:07.228+0900] {processor.py:925} INFO - DAG(s) 'example_python_decorator' retrieved from /home/hamin081234/anaconda3/envs/airflow_env/lib/python3.11/site-packages/airflow/example_dags/example_python_decorator.py
[2024-11-01T11:54:07.239+0900] {logging_mixin.py:190} INFO - [2024-11-01T11:54:07.239+0900] {dag.py:3239} INFO - Sync 1 DAGs
[2024-11-01T11:54:07.246+0900] {logging_mixin.py:190} INFO - [2024-11-01T11:54:07.246+0900] {dag.py:4180} INFO - Setting next_dagrun for example_python_decorator to None, run_after=None
[2024-11-01T11:54:07.264+0900] {processor.py:208} INFO - Processing /home/hamin081234/anaconda3/envs/airflow_env/lib/python3.11/site-packages/airflow/example_dags/example_python_decorator.py took 0.059 seconds
[2024-11-01T11:55:00.188+0900] {processor.py:186} INFO - Started process (PID=421669) to work on /home/hamin081234/anaconda3/envs/airflow_env/lib/python3.11/site-packages/airflow/example_dags/example_python_decorator.py
[2024-11-01T11:55:00.196+0900] {processor.py:914} INFO - Processing file /home/hamin081234/anaconda3/envs/airflow_env/lib/python3.11/site-packages/airflow/example_dags/example_python_decorator.py for tasks to queue
[2024-11-01T11:55:00.198+0900] {logging_mixin.py:190} INFO - [2024-11-01T11:55:00.197+0900] {dagbag.py:588} INFO - Filling up the DagBag from /home/hamin081234/anaconda3/envs/airflow_env/lib/python3.11/site-packages/airflow/example_dags/example_python_decorator.py
[2024-11-01T11:55:00.206+0900] {processor.py:925} INFO - DAG(s) 'example_python_decorator' retrieved from /home/hamin081234/anaconda3/envs/airflow_env/lib/python3.11/site-packages/airflow/example_dags/example_python_decorator.py
[2024-11-01T11:55:00.216+0900] {logging_mixin.py:190} INFO - [2024-11-01T11:55:00.216+0900] {dag.py:3239} INFO - Sync 1 DAGs
[2024-11-01T11:55:00.223+0900] {logging_mixin.py:190} INFO - [2024-11-01T11:55:00.222+0900] {dag.py:4180} INFO - Setting next_dagrun for example_python_decorator to None, run_after=None
[2024-11-01T11:55:00.243+0900] {processor.py:208} INFO - Processing /home/hamin081234/anaconda3/envs/airflow_env/lib/python3.11/site-packages/airflow/example_dags/example_python_decorator.py took 0.059 seconds
[2024-11-01T11:55:49.987+0900] {processor.py:186} INFO - Started process (PID=422865) to work on /home/hamin081234/anaconda3/envs/airflow_env/lib/python3.11/site-packages/airflow/example_dags/example_python_decorator.py
[2024-11-01T11:55:49.995+0900] {processor.py:914} INFO - Processing file /home/hamin081234/anaconda3/envs/airflow_env/lib/python3.11/site-packages/airflow/example_dags/example_python_decorator.py for tasks to queue
[2024-11-01T11:55:49.997+0900] {logging_mixin.py:190} INFO - [2024-11-01T11:55:49.997+0900] {dagbag.py:588} INFO - Filling up the DagBag from /home/hamin081234/anaconda3/envs/airflow_env/lib/python3.11/site-packages/airflow/example_dags/example_python_decorator.py
[2024-11-01T11:55:50.005+0900] {processor.py:925} INFO - DAG(s) 'example_python_decorator' retrieved from /home/hamin081234/anaconda3/envs/airflow_env/lib/python3.11/site-packages/airflow/example_dags/example_python_decorator.py
[2024-11-01T11:55:50.015+0900] {logging_mixin.py:190} INFO - [2024-11-01T11:55:50.015+0900] {dag.py:3239} INFO - Sync 1 DAGs
[2024-11-01T11:55:50.022+0900] {logging_mixin.py:190} INFO - [2024-11-01T11:55:50.022+0900] {dag.py:4180} INFO - Setting next_dagrun for example_python_decorator to None, run_after=None
[2024-11-01T11:55:50.040+0900] {processor.py:208} INFO - Processing /home/hamin081234/anaconda3/envs/airflow_env/lib/python3.11/site-packages/airflow/example_dags/example_python_decorator.py took 0.056 seconds
[2024-11-01T11:56:42.425+0900] {processor.py:186} INFO - Started process (PID=423819) to work on /home/hamin081234/anaconda3/envs/airflow_env/lib/python3.11/site-packages/airflow/example_dags/example_python_decorator.py
[2024-11-01T11:56:42.434+0900] {processor.py:914} INFO - Processing file /home/hamin081234/anaconda3/envs/airflow_env/lib/python3.11/site-packages/airflow/example_dags/example_python_decorator.py for tasks to queue
[2024-11-01T11:56:42.435+0900] {logging_mixin.py:190} INFO - [2024-11-01T11:56:42.435+0900] {dagbag.py:588} INFO - Filling up the DagBag from /home/hamin081234/anaconda3/envs/airflow_env/lib/python3.11/site-packages/airflow/example_dags/example_python_decorator.py
[2024-11-01T11:56:42.447+0900] {processor.py:925} INFO - DAG(s) 'example_python_decorator' retrieved from /home/hamin081234/anaconda3/envs/airflow_env/lib/python3.11/site-packages/airflow/example_dags/example_python_decorator.py
[2024-11-01T11:56:42.458+0900] {logging_mixin.py:190} INFO - [2024-11-01T11:56:42.458+0900] {dag.py:3239} INFO - Sync 1 DAGs
[2024-11-01T11:56:42.466+0900] {logging_mixin.py:190} INFO - [2024-11-01T11:56:42.466+0900] {dag.py:4180} INFO - Setting next_dagrun for example_python_decorator to None, run_after=None
[2024-11-01T11:56:42.485+0900] {processor.py:208} INFO - Processing /home/hamin081234/anaconda3/envs/airflow_env/lib/python3.11/site-packages/airflow/example_dags/example_python_decorator.py took 0.064 seconds
[2024-11-01T11:57:31.570+0900] {processor.py:186} INFO - Started process (PID=425161) to work on /home/hamin081234/anaconda3/envs/airflow_env/lib/python3.11/site-packages/airflow/example_dags/example_python_decorator.py
[2024-11-01T11:57:31.573+0900] {processor.py:914} INFO - Processing file /home/hamin081234/anaconda3/envs/airflow_env/lib/python3.11/site-packages/airflow/example_dags/example_python_decorator.py for tasks to queue
[2024-11-01T11:57:31.574+0900] {logging_mixin.py:190} INFO - [2024-11-01T11:57:31.574+0900] {dagbag.py:588} INFO - Filling up the DagBag from /home/hamin081234/anaconda3/envs/airflow_env/lib/python3.11/site-packages/airflow/example_dags/example_python_decorator.py
[2024-11-01T11:57:31.583+0900] {processor.py:925} INFO - DAG(s) 'example_python_decorator' retrieved from /home/hamin081234/anaconda3/envs/airflow_env/lib/python3.11/site-packages/airflow/example_dags/example_python_decorator.py
[2024-11-01T11:57:31.594+0900] {logging_mixin.py:190} INFO - [2024-11-01T11:57:31.594+0900] {dag.py:3239} INFO - Sync 1 DAGs
[2024-11-01T11:57:31.603+0900] {logging_mixin.py:190} INFO - [2024-11-01T11:57:31.603+0900] {dag.py:4180} INFO - Setting next_dagrun for example_python_decorator to None, run_after=None
[2024-11-01T11:57:31.622+0900] {processor.py:208} INFO - Processing /home/hamin081234/anaconda3/envs/airflow_env/lib/python3.11/site-packages/airflow/example_dags/example_python_decorator.py took 0.055 seconds
