[2024-11-01T11:49:38.616+0900] {processor.py:186} INFO - Started process (PID=414234) to work on /home/hamin081234/anaconda3/envs/airflow_env/lib/python3.11/site-packages/airflow/example_dags/example_xcom.py
[2024-11-01T11:49:38.617+0900] {processor.py:914} INFO - Processing file /home/hamin081234/anaconda3/envs/airflow_env/lib/python3.11/site-packages/airflow/example_dags/example_xcom.py for tasks to queue
[2024-11-01T11:49:38.618+0900] {logging_mixin.py:190} INFO - [2024-11-01T11:49:38.618+0900] {dagbag.py:588} INFO - Filling up the DagBag from /home/hamin081234/anaconda3/envs/airflow_env/lib/python3.11/site-packages/airflow/example_dags/example_xcom.py
[2024-11-01T11:49:38.624+0900] {processor.py:925} INFO - DAG(s) 'example_xcom' retrieved from /home/hamin081234/anaconda3/envs/airflow_env/lib/python3.11/site-packages/airflow/example_dags/example_xcom.py
[2024-11-01T11:49:38.698+0900] {logging_mixin.py:190} INFO - [2024-11-01T11:49:38.697+0900] {override.py:1900} INFO - Created Permission View: can delete on DAG:example_xcom
[2024-11-01T11:49:38.712+0900] {logging_mixin.py:190} INFO - [2024-11-01T11:49:38.711+0900] {override.py:1900} INFO - Created Permission View: can edit on DAG:example_xcom
[2024-11-01T11:49:38.721+0900] {logging_mixin.py:190} INFO - [2024-11-01T11:49:38.721+0900] {override.py:1900} INFO - Created Permission View: can read on DAG:example_xcom
[2024-11-01T11:49:38.741+0900] {logging_mixin.py:190} INFO - [2024-11-01T11:49:38.741+0900] {override.py:1900} INFO - Created Permission View: menu access on DAG Run:example_xcom
[2024-11-01T11:49:38.752+0900] {logging_mixin.py:190} INFO - [2024-11-01T11:49:38.751+0900] {override.py:1900} INFO - Created Permission View: can delete on DAG Run:example_xcom
[2024-11-01T11:49:38.762+0900] {logging_mixin.py:190} INFO - [2024-11-01T11:49:38.761+0900] {override.py:1900} INFO - Created Permission View: can create on DAG Run:example_xcom
[2024-11-01T11:49:38.772+0900] {logging_mixin.py:190} INFO - [2024-11-01T11:49:38.771+0900] {override.py:1900} INFO - Created Permission View: can read on DAG Run:example_xcom
[2024-11-01T11:49:38.772+0900] {logging_mixin.py:190} INFO - [2024-11-01T11:49:38.772+0900] {dag.py:3239} INFO - Sync 1 DAGs
[2024-11-01T11:49:38.778+0900] {logging_mixin.py:190} INFO - [2024-11-01T11:49:38.778+0900] {dag.py:3262} INFO - Creating ORM DAG for example_xcom
[2024-11-01T11:49:38.782+0900] {logging_mixin.py:190} INFO - [2024-11-01T11:49:38.782+0900] {dag.py:4180} INFO - Setting next_dagrun for example_xcom to 2021-01-01 00:00:00+00:00, run_after=2021-01-01 00:00:00+00:00
[2024-11-01T11:49:38.801+0900] {processor.py:208} INFO - Processing /home/hamin081234/anaconda3/envs/airflow_env/lib/python3.11/site-packages/airflow/example_dags/example_xcom.py took 0.188 seconds
[2024-11-01T11:50:35.657+0900] {processor.py:186} INFO - Started process (PID=415633) to work on /home/hamin081234/anaconda3/envs/airflow_env/lib/python3.11/site-packages/airflow/example_dags/example_xcom.py
[2024-11-01T11:50:35.665+0900] {processor.py:914} INFO - Processing file /home/hamin081234/anaconda3/envs/airflow_env/lib/python3.11/site-packages/airflow/example_dags/example_xcom.py for tasks to queue
[2024-11-01T11:50:35.667+0900] {logging_mixin.py:190} INFO - [2024-11-01T11:50:35.667+0900] {dagbag.py:588} INFO - Filling up the DagBag from /home/hamin081234/anaconda3/envs/airflow_env/lib/python3.11/site-packages/airflow/example_dags/example_xcom.py
[2024-11-01T11:50:35.674+0900] {processor.py:925} INFO - DAG(s) 'example_xcom' retrieved from /home/hamin081234/anaconda3/envs/airflow_env/lib/python3.11/site-packages/airflow/example_dags/example_xcom.py
[2024-11-01T11:50:35.685+0900] {logging_mixin.py:190} INFO - [2024-11-01T11:50:35.685+0900] {dag.py:3239} INFO - Sync 1 DAGs
[2024-11-01T11:50:35.697+0900] {logging_mixin.py:190} INFO - [2024-11-01T11:50:35.697+0900] {dag.py:4180} INFO - Setting next_dagrun for example_xcom to 2021-01-01 00:00:00+00:00, run_after=2021-01-01 00:00:00+00:00
[2024-11-01T11:50:35.715+0900] {processor.py:208} INFO - Processing /home/hamin081234/anaconda3/envs/airflow_env/lib/python3.11/site-packages/airflow/example_dags/example_xcom.py took 0.062 seconds
[2024-11-01T11:51:29.970+0900] {processor.py:186} INFO - Started process (PID=416592) to work on /home/hamin081234/anaconda3/envs/airflow_env/lib/python3.11/site-packages/airflow/example_dags/example_xcom.py
[2024-11-01T11:51:29.971+0900] {processor.py:914} INFO - Processing file /home/hamin081234/anaconda3/envs/airflow_env/lib/python3.11/site-packages/airflow/example_dags/example_xcom.py for tasks to queue
[2024-11-01T11:51:29.973+0900] {logging_mixin.py:190} INFO - [2024-11-01T11:51:29.973+0900] {dagbag.py:588} INFO - Filling up the DagBag from /home/hamin081234/anaconda3/envs/airflow_env/lib/python3.11/site-packages/airflow/example_dags/example_xcom.py
[2024-11-01T11:51:29.982+0900] {processor.py:925} INFO - DAG(s) 'example_xcom' retrieved from /home/hamin081234/anaconda3/envs/airflow_env/lib/python3.11/site-packages/airflow/example_dags/example_xcom.py
[2024-11-01T11:51:29.994+0900] {logging_mixin.py:190} INFO - [2024-11-01T11:51:29.994+0900] {dag.py:3239} INFO - Sync 1 DAGs
[2024-11-01T11:51:30.011+0900] {logging_mixin.py:190} INFO - [2024-11-01T11:51:30.011+0900] {dag.py:4180} INFO - Setting next_dagrun for example_xcom to 2021-01-01 00:00:00+00:00, run_after=2021-01-01 00:00:00+00:00
[2024-11-01T11:51:30.034+0900] {processor.py:208} INFO - Processing /home/hamin081234/anaconda3/envs/airflow_env/lib/python3.11/site-packages/airflow/example_dags/example_xcom.py took 0.068 seconds
[2024-11-01T11:52:31.628+0900] {processor.py:186} INFO - Started process (PID=418160) to work on /home/hamin081234/anaconda3/envs/airflow_env/lib/python3.11/site-packages/airflow/example_dags/example_xcom.py
[2024-11-01T11:52:31.636+0900] {processor.py:914} INFO - Processing file /home/hamin081234/anaconda3/envs/airflow_env/lib/python3.11/site-packages/airflow/example_dags/example_xcom.py for tasks to queue
[2024-11-01T11:52:31.638+0900] {logging_mixin.py:190} INFO - [2024-11-01T11:52:31.638+0900] {dagbag.py:588} INFO - Filling up the DagBag from /home/hamin081234/anaconda3/envs/airflow_env/lib/python3.11/site-packages/airflow/example_dags/example_xcom.py
[2024-11-01T11:52:31.644+0900] {processor.py:925} INFO - DAG(s) 'example_xcom' retrieved from /home/hamin081234/anaconda3/envs/airflow_env/lib/python3.11/site-packages/airflow/example_dags/example_xcom.py
[2024-11-01T11:52:31.653+0900] {logging_mixin.py:190} INFO - [2024-11-01T11:52:31.653+0900] {dag.py:3239} INFO - Sync 1 DAGs
[2024-11-01T11:52:31.664+0900] {logging_mixin.py:190} INFO - [2024-11-01T11:52:31.664+0900] {dag.py:4180} INFO - Setting next_dagrun for example_xcom to 2021-01-01 00:00:00+00:00, run_after=2021-01-01 00:00:00+00:00
[2024-11-01T11:52:31.681+0900] {processor.py:208} INFO - Processing /home/hamin081234/anaconda3/envs/airflow_env/lib/python3.11/site-packages/airflow/example_dags/example_xcom.py took 0.057 seconds
[2024-11-01T11:53:26.196+0900] {processor.py:186} INFO - Started process (PID=419561) to work on /home/hamin081234/anaconda3/envs/airflow_env/lib/python3.11/site-packages/airflow/example_dags/example_xcom.py
[2024-11-01T11:53:26.205+0900] {processor.py:914} INFO - Processing file /home/hamin081234/anaconda3/envs/airflow_env/lib/python3.11/site-packages/airflow/example_dags/example_xcom.py for tasks to queue
[2024-11-01T11:53:26.207+0900] {logging_mixin.py:190} INFO - [2024-11-01T11:53:26.207+0900] {dagbag.py:588} INFO - Filling up the DagBag from /home/hamin081234/anaconda3/envs/airflow_env/lib/python3.11/site-packages/airflow/example_dags/example_xcom.py
[2024-11-01T11:53:26.213+0900] {processor.py:925} INFO - DAG(s) 'example_xcom' retrieved from /home/hamin081234/anaconda3/envs/airflow_env/lib/python3.11/site-packages/airflow/example_dags/example_xcom.py
[2024-11-01T11:53:26.222+0900] {logging_mixin.py:190} INFO - [2024-11-01T11:53:26.222+0900] {dag.py:3239} INFO - Sync 1 DAGs
[2024-11-01T11:53:26.233+0900] {logging_mixin.py:190} INFO - [2024-11-01T11:53:26.233+0900] {dag.py:4180} INFO - Setting next_dagrun for example_xcom to 2021-01-01 00:00:00+00:00, run_after=2021-01-01 00:00:00+00:00
[2024-11-01T11:53:26.252+0900] {processor.py:208} INFO - Processing /home/hamin081234/anaconda3/envs/airflow_env/lib/python3.11/site-packages/airflow/example_dags/example_xcom.py took 0.059 seconds
[2024-11-01T11:54:16.369+0900] {processor.py:186} INFO - Started process (PID=420539) to work on /home/hamin081234/anaconda3/envs/airflow_env/lib/python3.11/site-packages/airflow/example_dags/example_xcom.py
[2024-11-01T11:54:16.377+0900] {processor.py:914} INFO - Processing file /home/hamin081234/anaconda3/envs/airflow_env/lib/python3.11/site-packages/airflow/example_dags/example_xcom.py for tasks to queue
[2024-11-01T11:54:16.378+0900] {logging_mixin.py:190} INFO - [2024-11-01T11:54:16.378+0900] {dagbag.py:588} INFO - Filling up the DagBag from /home/hamin081234/anaconda3/envs/airflow_env/lib/python3.11/site-packages/airflow/example_dags/example_xcom.py
[2024-11-01T11:54:16.385+0900] {processor.py:925} INFO - DAG(s) 'example_xcom' retrieved from /home/hamin081234/anaconda3/envs/airflow_env/lib/python3.11/site-packages/airflow/example_dags/example_xcom.py
[2024-11-01T11:54:16.395+0900] {logging_mixin.py:190} INFO - [2024-11-01T11:54:16.395+0900] {dag.py:3239} INFO - Sync 1 DAGs
[2024-11-01T11:54:16.405+0900] {logging_mixin.py:190} INFO - [2024-11-01T11:54:16.405+0900] {dag.py:4180} INFO - Setting next_dagrun for example_xcom to 2021-01-01 00:00:00+00:00, run_after=2021-01-01 00:00:00+00:00
[2024-11-01T11:54:16.424+0900] {processor.py:208} INFO - Processing /home/hamin081234/anaconda3/envs/airflow_env/lib/python3.11/site-packages/airflow/example_dags/example_xcom.py took 0.058 seconds
[2024-11-01T11:55:09.955+0900] {processor.py:186} INFO - Started process (PID=421810) to work on /home/hamin081234/anaconda3/envs/airflow_env/lib/python3.11/site-packages/airflow/example_dags/example_xcom.py
[2024-11-01T11:55:09.955+0900] {processor.py:914} INFO - Processing file /home/hamin081234/anaconda3/envs/airflow_env/lib/python3.11/site-packages/airflow/example_dags/example_xcom.py for tasks to queue
[2024-11-01T11:55:09.957+0900] {logging_mixin.py:190} INFO - [2024-11-01T11:55:09.957+0900] {dagbag.py:588} INFO - Filling up the DagBag from /home/hamin081234/anaconda3/envs/airflow_env/lib/python3.11/site-packages/airflow/example_dags/example_xcom.py
[2024-11-01T11:55:09.964+0900] {processor.py:925} INFO - DAG(s) 'example_xcom' retrieved from /home/hamin081234/anaconda3/envs/airflow_env/lib/python3.11/site-packages/airflow/example_dags/example_xcom.py
[2024-11-01T11:55:09.973+0900] {logging_mixin.py:190} INFO - [2024-11-01T11:55:09.973+0900] {dag.py:3239} INFO - Sync 1 DAGs
[2024-11-01T11:55:09.984+0900] {logging_mixin.py:190} INFO - [2024-11-01T11:55:09.983+0900] {dag.py:4180} INFO - Setting next_dagrun for example_xcom to 2021-01-01 00:00:00+00:00, run_after=2021-01-01 00:00:00+00:00
[2024-11-01T11:55:10.000+0900] {processor.py:208} INFO - Processing /home/hamin081234/anaconda3/envs/airflow_env/lib/python3.11/site-packages/airflow/example_dags/example_xcom.py took 0.049 seconds
[2024-11-01T11:56:00.270+0900] {processor.py:186} INFO - Started process (PID=423107) to work on /home/hamin081234/anaconda3/envs/airflow_env/lib/python3.11/site-packages/airflow/example_dags/example_xcom.py
[2024-11-01T11:56:00.278+0900] {processor.py:914} INFO - Processing file /home/hamin081234/anaconda3/envs/airflow_env/lib/python3.11/site-packages/airflow/example_dags/example_xcom.py for tasks to queue
[2024-11-01T11:56:00.279+0900] {logging_mixin.py:190} INFO - [2024-11-01T11:56:00.279+0900] {dagbag.py:588} INFO - Filling up the DagBag from /home/hamin081234/anaconda3/envs/airflow_env/lib/python3.11/site-packages/airflow/example_dags/example_xcom.py
[2024-11-01T11:56:00.285+0900] {processor.py:925} INFO - DAG(s) 'example_xcom' retrieved from /home/hamin081234/anaconda3/envs/airflow_env/lib/python3.11/site-packages/airflow/example_dags/example_xcom.py
[2024-11-01T11:56:00.294+0900] {logging_mixin.py:190} INFO - [2024-11-01T11:56:00.294+0900] {dag.py:3239} INFO - Sync 1 DAGs
[2024-11-01T11:56:00.305+0900] {logging_mixin.py:190} INFO - [2024-11-01T11:56:00.304+0900] {dag.py:4180} INFO - Setting next_dagrun for example_xcom to 2021-01-01 00:00:00+00:00, run_after=2021-01-01 00:00:00+00:00
[2024-11-01T11:56:00.323+0900] {processor.py:208} INFO - Processing /home/hamin081234/anaconda3/envs/airflow_env/lib/python3.11/site-packages/airflow/example_dags/example_xcom.py took 0.056 seconds
[2024-11-01T11:56:51.578+0900] {processor.py:186} INFO - Started process (PID=424151) to work on /home/hamin081234/anaconda3/envs/airflow_env/lib/python3.11/site-packages/airflow/example_dags/example_xcom.py
[2024-11-01T11:56:51.587+0900] {processor.py:914} INFO - Processing file /home/hamin081234/anaconda3/envs/airflow_env/lib/python3.11/site-packages/airflow/example_dags/example_xcom.py for tasks to queue
[2024-11-01T11:56:51.588+0900] {logging_mixin.py:190} INFO - [2024-11-01T11:56:51.588+0900] {dagbag.py:588} INFO - Filling up the DagBag from /home/hamin081234/anaconda3/envs/airflow_env/lib/python3.11/site-packages/airflow/example_dags/example_xcom.py
[2024-11-01T11:56:51.595+0900] {processor.py:925} INFO - DAG(s) 'example_xcom' retrieved from /home/hamin081234/anaconda3/envs/airflow_env/lib/python3.11/site-packages/airflow/example_dags/example_xcom.py
[2024-11-01T11:56:51.606+0900] {logging_mixin.py:190} INFO - [2024-11-01T11:56:51.606+0900] {dag.py:3239} INFO - Sync 1 DAGs
[2024-11-01T11:56:51.618+0900] {logging_mixin.py:190} INFO - [2024-11-01T11:56:51.618+0900] {dag.py:4180} INFO - Setting next_dagrun for example_xcom to 2021-01-01 00:00:00+00:00, run_after=2021-01-01 00:00:00+00:00
[2024-11-01T11:56:51.636+0900] {processor.py:208} INFO - Processing /home/hamin081234/anaconda3/envs/airflow_env/lib/python3.11/site-packages/airflow/example_dags/example_xcom.py took 0.062 seconds
[2024-11-01T11:57:40.708+0900] {processor.py:186} INFO - Started process (PID=425313) to work on /home/hamin081234/anaconda3/envs/airflow_env/lib/python3.11/site-packages/airflow/example_dags/example_xcom.py
[2024-11-01T11:57:40.717+0900] {processor.py:914} INFO - Processing file /home/hamin081234/anaconda3/envs/airflow_env/lib/python3.11/site-packages/airflow/example_dags/example_xcom.py for tasks to queue
[2024-11-01T11:57:40.718+0900] {logging_mixin.py:190} INFO - [2024-11-01T11:57:40.718+0900] {dagbag.py:588} INFO - Filling up the DagBag from /home/hamin081234/anaconda3/envs/airflow_env/lib/python3.11/site-packages/airflow/example_dags/example_xcom.py
[2024-11-01T11:57:40.724+0900] {processor.py:925} INFO - DAG(s) 'example_xcom' retrieved from /home/hamin081234/anaconda3/envs/airflow_env/lib/python3.11/site-packages/airflow/example_dags/example_xcom.py
[2024-11-01T11:57:40.734+0900] {logging_mixin.py:190} INFO - [2024-11-01T11:57:40.734+0900] {dag.py:3239} INFO - Sync 1 DAGs
[2024-11-01T11:57:40.744+0900] {logging_mixin.py:190} INFO - [2024-11-01T11:57:40.744+0900] {dag.py:4180} INFO - Setting next_dagrun for example_xcom to 2021-01-01 00:00:00+00:00, run_after=2021-01-01 00:00:00+00:00
[2024-11-01T11:57:40.760+0900] {processor.py:208} INFO - Processing /home/hamin081234/anaconda3/envs/airflow_env/lib/python3.11/site-packages/airflow/example_dags/example_xcom.py took 0.056 seconds
