[2024-11-01T11:49:04.787+0900] {processor.py:186} INFO - Started process (PID=413323) to work on /home/hamin081234/anaconda3/envs/airflow_env/lib/python3.11/site-packages/airflow/example_dags/example_branch_datetime_operator.py
[2024-11-01T11:49:04.788+0900] {processor.py:914} INFO - Processing file /home/hamin081234/anaconda3/envs/airflow_env/lib/python3.11/site-packages/airflow/example_dags/example_branch_datetime_operator.py for tasks to queue
[2024-11-01T11:49:04.790+0900] {logging_mixin.py:190} INFO - [2024-11-01T11:49:04.790+0900] {dagbag.py:588} INFO - Filling up the DagBag from /home/hamin081234/anaconda3/envs/airflow_env/lib/python3.11/site-packages/airflow/example_dags/example_branch_datetime_operator.py
[2024-11-01T11:49:04.803+0900] {processor.py:925} INFO - DAG(s) 'example_branch_datetime_operator_3', 'example_branch_datetime_operator', 'example_branch_datetime_operator_2' retrieved from /home/hamin081234/anaconda3/envs/airflow_env/lib/python3.11/site-packages/airflow/example_dags/example_branch_datetime_operator.py
[2024-11-01T11:49:04.939+0900] {logging_mixin.py:190} INFO - [2024-11-01T11:49:04.938+0900] {override.py:1900} INFO - Created Permission View: can delete on DAG:example_branch_datetime_operator_3
[2024-11-01T11:49:04.954+0900] {logging_mixin.py:190} INFO - [2024-11-01T11:49:04.954+0900] {override.py:1900} INFO - Created Permission View: can edit on DAG:example_branch_datetime_operator_3
[2024-11-01T11:49:04.966+0900] {logging_mixin.py:190} INFO - [2024-11-01T11:49:04.966+0900] {override.py:1900} INFO - Created Permission View: can read on DAG:example_branch_datetime_operator_3
[2024-11-01T11:49:04.986+0900] {logging_mixin.py:190} INFO - [2024-11-01T11:49:04.986+0900] {override.py:1900} INFO - Created Permission View: menu access on DAG Run:example_branch_datetime_operator_3
[2024-11-01T11:49:04.996+0900] {logging_mixin.py:190} INFO - [2024-11-01T11:49:04.996+0900] {override.py:1900} INFO - Created Permission View: can delete on DAG Run:example_branch_datetime_operator_3
[2024-11-01T11:49:05.010+0900] {logging_mixin.py:190} INFO - [2024-11-01T11:49:05.010+0900] {override.py:1900} INFO - Created Permission View: can create on DAG Run:example_branch_datetime_operator_3
[2024-11-01T11:49:05.020+0900] {logging_mixin.py:190} INFO - [2024-11-01T11:49:05.020+0900] {override.py:1900} INFO - Created Permission View: can read on DAG Run:example_branch_datetime_operator_3
[2024-11-01T11:49:05.044+0900] {logging_mixin.py:190} INFO - [2024-11-01T11:49:05.044+0900] {override.py:1900} INFO - Created Permission View: can delete on DAG:example_branch_datetime_operator
[2024-11-01T11:49:05.054+0900] {logging_mixin.py:190} INFO - [2024-11-01T11:49:05.054+0900] {override.py:1900} INFO - Created Permission View: can edit on DAG:example_branch_datetime_operator
[2024-11-01T11:49:05.064+0900] {logging_mixin.py:190} INFO - [2024-11-01T11:49:05.064+0900] {override.py:1900} INFO - Created Permission View: can read on DAG:example_branch_datetime_operator
[2024-11-01T11:49:05.086+0900] {logging_mixin.py:190} INFO - [2024-11-01T11:49:05.086+0900] {override.py:1900} INFO - Created Permission View: menu access on DAG Run:example_branch_datetime_operator
[2024-11-01T11:49:05.099+0900] {logging_mixin.py:190} INFO - [2024-11-01T11:49:05.098+0900] {override.py:1900} INFO - Created Permission View: can delete on DAG Run:example_branch_datetime_operator
[2024-11-01T11:49:05.113+0900] {logging_mixin.py:190} INFO - [2024-11-01T11:49:05.112+0900] {override.py:1900} INFO - Created Permission View: can create on DAG Run:example_branch_datetime_operator
[2024-11-01T11:49:05.126+0900] {logging_mixin.py:190} INFO - [2024-11-01T11:49:05.126+0900] {override.py:1900} INFO - Created Permission View: can read on DAG Run:example_branch_datetime_operator
[2024-11-01T11:49:05.155+0900] {logging_mixin.py:190} INFO - [2024-11-01T11:49:05.154+0900] {override.py:1900} INFO - Created Permission View: can delete on DAG:example_branch_datetime_operator_2
[2024-11-01T11:49:05.174+0900] {logging_mixin.py:190} INFO - [2024-11-01T11:49:05.174+0900] {override.py:1900} INFO - Created Permission View: can edit on DAG:example_branch_datetime_operator_2
[2024-11-01T11:49:05.188+0900] {logging_mixin.py:190} INFO - [2024-11-01T11:49:05.188+0900] {override.py:1900} INFO - Created Permission View: can read on DAG:example_branch_datetime_operator_2
[2024-11-01T11:49:05.211+0900] {logging_mixin.py:190} INFO - [2024-11-01T11:49:05.211+0900] {override.py:1900} INFO - Created Permission View: menu access on DAG Run:example_branch_datetime_operator_2
[2024-11-01T11:49:05.228+0900] {logging_mixin.py:190} INFO - [2024-11-01T11:49:05.227+0900] {override.py:1900} INFO - Created Permission View: can delete on DAG Run:example_branch_datetime_operator_2
[2024-11-01T11:49:05.244+0900] {logging_mixin.py:190} INFO - [2024-11-01T11:49:05.243+0900] {override.py:1900} INFO - Created Permission View: can create on DAG Run:example_branch_datetime_operator_2
[2024-11-01T11:49:05.259+0900] {logging_mixin.py:190} INFO - [2024-11-01T11:49:05.258+0900] {override.py:1900} INFO - Created Permission View: can read on DAG Run:example_branch_datetime_operator_2
[2024-11-01T11:49:05.259+0900] {logging_mixin.py:190} INFO - [2024-11-01T11:49:05.259+0900] {dag.py:3239} INFO - Sync 3 DAGs
[2024-11-01T11:49:05.275+0900] {logging_mixin.py:190} INFO - [2024-11-01T11:49:05.274+0900] {dag.py:3262} INFO - Creating ORM DAG for example_branch_datetime_operator_2
[2024-11-01T11:49:05.276+0900] {logging_mixin.py:190} INFO - [2024-11-01T11:49:05.276+0900] {dag.py:3262} INFO - Creating ORM DAG for example_branch_datetime_operator_3
[2024-11-01T11:49:05.277+0900] {logging_mixin.py:190} INFO - [2024-11-01T11:49:05.276+0900] {dag.py:3262} INFO - Creating ORM DAG for example_branch_datetime_operator
[2024-11-01T11:49:05.288+0900] {logging_mixin.py:190} INFO - [2024-11-01T11:49:05.288+0900] {dag.py:4180} INFO - Setting next_dagrun for example_branch_datetime_operator to 2024-10-31 00:00:00+00:00, run_after=2024-11-01 00:00:00+00:00
[2024-11-01T11:49:05.291+0900] {logging_mixin.py:190} INFO - [2024-11-01T11:49:05.291+0900] {dag.py:4180} INFO - Setting next_dagrun for example_branch_datetime_operator_2 to 2024-10-31 00:00:00+00:00, run_after=2024-11-01 00:00:00+00:00
[2024-11-01T11:49:05.294+0900] {logging_mixin.py:190} INFO - [2024-11-01T11:49:05.293+0900] {dag.py:4180} INFO - Setting next_dagrun for example_branch_datetime_operator_3 to 2024-10-31 00:00:00+00:00, run_after=2024-11-01 00:00:00+00:00
[2024-11-01T11:49:05.322+0900] {processor.py:208} INFO - Processing /home/hamin081234/anaconda3/envs/airflow_env/lib/python3.11/site-packages/airflow/example_dags/example_branch_datetime_operator.py took 0.540 seconds
[2024-11-01T11:50:07.697+0900] {processor.py:186} INFO - Started process (PID=414720) to work on /home/hamin081234/anaconda3/envs/airflow_env/lib/python3.11/site-packages/airflow/example_dags/example_branch_datetime_operator.py
[2024-11-01T11:50:07.697+0900] {processor.py:914} INFO - Processing file /home/hamin081234/anaconda3/envs/airflow_env/lib/python3.11/site-packages/airflow/example_dags/example_branch_datetime_operator.py for tasks to queue
[2024-11-01T11:50:07.699+0900] {logging_mixin.py:190} INFO - [2024-11-01T11:50:07.699+0900] {dagbag.py:588} INFO - Filling up the DagBag from /home/hamin081234/anaconda3/envs/airflow_env/lib/python3.11/site-packages/airflow/example_dags/example_branch_datetime_operator.py
[2024-11-01T11:50:07.707+0900] {processor.py:925} INFO - DAG(s) 'example_branch_datetime_operator_3', 'example_branch_datetime_operator', 'example_branch_datetime_operator_2' retrieved from /home/hamin081234/anaconda3/envs/airflow_env/lib/python3.11/site-packages/airflow/example_dags/example_branch_datetime_operator.py
[2024-11-01T11:50:07.721+0900] {logging_mixin.py:190} INFO - [2024-11-01T11:50:07.721+0900] {dag.py:3239} INFO - Sync 3 DAGs
[2024-11-01T11:50:07.734+0900] {logging_mixin.py:190} INFO - [2024-11-01T11:50:07.733+0900] {dag.py:4180} INFO - Setting next_dagrun for example_branch_datetime_operator to 2024-10-31 00:00:00+00:00, run_after=2024-11-01 00:00:00+00:00
[2024-11-01T11:50:07.736+0900] {logging_mixin.py:190} INFO - [2024-11-01T11:50:07.736+0900] {dag.py:4180} INFO - Setting next_dagrun for example_branch_datetime_operator_2 to 2024-10-31 00:00:00+00:00, run_after=2024-11-01 00:00:00+00:00
[2024-11-01T11:50:07.737+0900] {logging_mixin.py:190} INFO - [2024-11-01T11:50:07.737+0900] {dag.py:4180} INFO - Setting next_dagrun for example_branch_datetime_operator_3 to 2024-10-31 00:00:00+00:00, run_after=2024-11-01 00:00:00+00:00
[2024-11-01T11:50:07.755+0900] {processor.py:208} INFO - Processing /home/hamin081234/anaconda3/envs/airflow_env/lib/python3.11/site-packages/airflow/example_dags/example_branch_datetime_operator.py took 0.062 seconds
[2024-11-01T11:50:59.822+0900] {processor.py:186} INFO - Started process (PID=416109) to work on /home/hamin081234/anaconda3/envs/airflow_env/lib/python3.11/site-packages/airflow/example_dags/example_branch_datetime_operator.py
[2024-11-01T11:50:59.824+0900] {processor.py:914} INFO - Processing file /home/hamin081234/anaconda3/envs/airflow_env/lib/python3.11/site-packages/airflow/example_dags/example_branch_datetime_operator.py for tasks to queue
[2024-11-01T11:50:59.826+0900] {logging_mixin.py:190} INFO - [2024-11-01T11:50:59.826+0900] {dagbag.py:588} INFO - Filling up the DagBag from /home/hamin081234/anaconda3/envs/airflow_env/lib/python3.11/site-packages/airflow/example_dags/example_branch_datetime_operator.py
[2024-11-01T11:50:59.837+0900] {processor.py:925} INFO - DAG(s) 'example_branch_datetime_operator_2', 'example_branch_datetime_operator_3', 'example_branch_datetime_operator' retrieved from /home/hamin081234/anaconda3/envs/airflow_env/lib/python3.11/site-packages/airflow/example_dags/example_branch_datetime_operator.py
[2024-11-01T11:50:59.853+0900] {logging_mixin.py:190} INFO - [2024-11-01T11:50:59.853+0900] {dag.py:3239} INFO - Sync 3 DAGs
[2024-11-01T11:50:59.874+0900] {logging_mixin.py:190} INFO - [2024-11-01T11:50:59.874+0900] {dag.py:4180} INFO - Setting next_dagrun for example_branch_datetime_operator to 2024-10-31 00:00:00+00:00, run_after=2024-11-01 00:00:00+00:00
[2024-11-01T11:50:59.878+0900] {logging_mixin.py:190} INFO - [2024-11-01T11:50:59.878+0900] {dag.py:4180} INFO - Setting next_dagrun for example_branch_datetime_operator_2 to 2024-10-31 00:00:00+00:00, run_after=2024-11-01 00:00:00+00:00
[2024-11-01T11:50:59.879+0900] {logging_mixin.py:190} INFO - [2024-11-01T11:50:59.879+0900] {dag.py:4180} INFO - Setting next_dagrun for example_branch_datetime_operator_3 to 2024-10-31 00:00:00+00:00, run_after=2024-11-01 00:00:00+00:00
[2024-11-01T11:50:59.900+0900] {processor.py:208} INFO - Processing /home/hamin081234/anaconda3/envs/airflow_env/lib/python3.11/site-packages/airflow/example_dags/example_branch_datetime_operator.py took 0.088 seconds
[2024-11-01T11:51:49.387+0900] {processor.py:186} INFO - Started process (PID=417289) to work on /home/hamin081234/anaconda3/envs/airflow_env/lib/python3.11/site-packages/airflow/example_dags/example_branch_datetime_operator.py
[2024-11-01T11:51:49.388+0900] {processor.py:914} INFO - Processing file /home/hamin081234/anaconda3/envs/airflow_env/lib/python3.11/site-packages/airflow/example_dags/example_branch_datetime_operator.py for tasks to queue
[2024-11-01T11:51:49.389+0900] {logging_mixin.py:190} INFO - [2024-11-01T11:51:49.389+0900] {dagbag.py:588} INFO - Filling up the DagBag from /home/hamin081234/anaconda3/envs/airflow_env/lib/python3.11/site-packages/airflow/example_dags/example_branch_datetime_operator.py
[2024-11-01T11:51:49.397+0900] {processor.py:925} INFO - DAG(s) 'example_branch_datetime_operator_3', 'example_branch_datetime_operator_2', 'example_branch_datetime_operator' retrieved from /home/hamin081234/anaconda3/envs/airflow_env/lib/python3.11/site-packages/airflow/example_dags/example_branch_datetime_operator.py
[2024-11-01T11:51:49.410+0900] {logging_mixin.py:190} INFO - [2024-11-01T11:51:49.409+0900] {dag.py:3239} INFO - Sync 3 DAGs
[2024-11-01T11:51:49.425+0900] {logging_mixin.py:190} INFO - [2024-11-01T11:51:49.425+0900] {dag.py:4180} INFO - Setting next_dagrun for example_branch_datetime_operator to 2024-10-31 00:00:00+00:00, run_after=2024-11-01 00:00:00+00:00
[2024-11-01T11:51:49.427+0900] {logging_mixin.py:190} INFO - [2024-11-01T11:51:49.427+0900] {dag.py:4180} INFO - Setting next_dagrun for example_branch_datetime_operator_2 to 2024-10-31 00:00:00+00:00, run_after=2024-11-01 00:00:00+00:00
[2024-11-01T11:51:49.428+0900] {logging_mixin.py:190} INFO - [2024-11-01T11:51:49.428+0900] {dag.py:4180} INFO - Setting next_dagrun for example_branch_datetime_operator_3 to 2024-10-31 00:00:00+00:00, run_after=2024-11-01 00:00:00+00:00
[2024-11-01T11:51:49.447+0900] {processor.py:208} INFO - Processing /home/hamin081234/anaconda3/envs/airflow_env/lib/python3.11/site-packages/airflow/example_dags/example_branch_datetime_operator.py took 0.064 seconds
[2024-11-01T11:52:52.436+0900] {processor.py:186} INFO - Started process (PID=418522) to work on /home/hamin081234/anaconda3/envs/airflow_env/lib/python3.11/site-packages/airflow/example_dags/example_branch_datetime_operator.py
[2024-11-01T11:52:52.444+0900] {processor.py:914} INFO - Processing file /home/hamin081234/anaconda3/envs/airflow_env/lib/python3.11/site-packages/airflow/example_dags/example_branch_datetime_operator.py for tasks to queue
[2024-11-01T11:52:52.446+0900] {logging_mixin.py:190} INFO - [2024-11-01T11:52:52.446+0900] {dagbag.py:588} INFO - Filling up the DagBag from /home/hamin081234/anaconda3/envs/airflow_env/lib/python3.11/site-packages/airflow/example_dags/example_branch_datetime_operator.py
[2024-11-01T11:52:52.455+0900] {processor.py:925} INFO - DAG(s) 'example_branch_datetime_operator_2', 'example_branch_datetime_operator_3', 'example_branch_datetime_operator' retrieved from /home/hamin081234/anaconda3/envs/airflow_env/lib/python3.11/site-packages/airflow/example_dags/example_branch_datetime_operator.py
[2024-11-01T11:52:52.469+0900] {logging_mixin.py:190} INFO - [2024-11-01T11:52:52.469+0900] {dag.py:3239} INFO - Sync 3 DAGs
[2024-11-01T11:52:52.484+0900] {logging_mixin.py:190} INFO - [2024-11-01T11:52:52.484+0900] {dag.py:4180} INFO - Setting next_dagrun for example_branch_datetime_operator to 2024-10-31 00:00:00+00:00, run_after=2024-11-01 00:00:00+00:00
[2024-11-01T11:52:52.487+0900] {logging_mixin.py:190} INFO - [2024-11-01T11:52:52.487+0900] {dag.py:4180} INFO - Setting next_dagrun for example_branch_datetime_operator_2 to 2024-10-31 00:00:00+00:00, run_after=2024-11-01 00:00:00+00:00
[2024-11-01T11:52:52.488+0900] {logging_mixin.py:190} INFO - [2024-11-01T11:52:52.488+0900] {dag.py:4180} INFO - Setting next_dagrun for example_branch_datetime_operator_3 to 2024-10-31 00:00:00+00:00, run_after=2024-11-01 00:00:00+00:00
[2024-11-01T11:52:52.508+0900] {processor.py:208} INFO - Processing /home/hamin081234/anaconda3/envs/airflow_env/lib/python3.11/site-packages/airflow/example_dags/example_branch_datetime_operator.py took 0.076 seconds
[2024-11-01T11:53:41.631+0900] {processor.py:186} INFO - Started process (PID=419840) to work on /home/hamin081234/anaconda3/envs/airflow_env/lib/python3.11/site-packages/airflow/example_dags/example_branch_datetime_operator.py
[2024-11-01T11:53:41.639+0900] {processor.py:914} INFO - Processing file /home/hamin081234/anaconda3/envs/airflow_env/lib/python3.11/site-packages/airflow/example_dags/example_branch_datetime_operator.py for tasks to queue
[2024-11-01T11:53:41.640+0900] {logging_mixin.py:190} INFO - [2024-11-01T11:53:41.640+0900] {dagbag.py:588} INFO - Filling up the DagBag from /home/hamin081234/anaconda3/envs/airflow_env/lib/python3.11/site-packages/airflow/example_dags/example_branch_datetime_operator.py
[2024-11-01T11:53:41.647+0900] {processor.py:925} INFO - DAG(s) 'example_branch_datetime_operator_3', 'example_branch_datetime_operator_2', 'example_branch_datetime_operator' retrieved from /home/hamin081234/anaconda3/envs/airflow_env/lib/python3.11/site-packages/airflow/example_dags/example_branch_datetime_operator.py
[2024-11-01T11:53:41.658+0900] {logging_mixin.py:190} INFO - [2024-11-01T11:53:41.658+0900] {dag.py:3239} INFO - Sync 3 DAGs
[2024-11-01T11:53:41.670+0900] {logging_mixin.py:190} INFO - [2024-11-01T11:53:41.670+0900] {dag.py:4180} INFO - Setting next_dagrun for example_branch_datetime_operator to 2024-10-31 00:00:00+00:00, run_after=2024-11-01 00:00:00+00:00
[2024-11-01T11:53:41.672+0900] {logging_mixin.py:190} INFO - [2024-11-01T11:53:41.672+0900] {dag.py:4180} INFO - Setting next_dagrun for example_branch_datetime_operator_2 to 2024-10-31 00:00:00+00:00, run_after=2024-11-01 00:00:00+00:00
[2024-11-01T11:53:41.673+0900] {logging_mixin.py:190} INFO - [2024-11-01T11:53:41.673+0900] {dag.py:4180} INFO - Setting next_dagrun for example_branch_datetime_operator_3 to 2024-10-31 00:00:00+00:00, run_after=2024-11-01 00:00:00+00:00
[2024-11-01T11:53:41.689+0900] {processor.py:208} INFO - Processing /home/hamin081234/anaconda3/envs/airflow_env/lib/python3.11/site-packages/airflow/example_dags/example_branch_datetime_operator.py took 0.062 seconds
[2024-11-01T11:54:33.905+0900] {processor.py:186} INFO - Started process (PID=421114) to work on /home/hamin081234/anaconda3/envs/airflow_env/lib/python3.11/site-packages/airflow/example_dags/example_branch_datetime_operator.py
[2024-11-01T11:54:33.907+0900] {processor.py:914} INFO - Processing file /home/hamin081234/anaconda3/envs/airflow_env/lib/python3.11/site-packages/airflow/example_dags/example_branch_datetime_operator.py for tasks to queue
[2024-11-01T11:54:33.909+0900] {logging_mixin.py:190} INFO - [2024-11-01T11:54:33.908+0900] {dagbag.py:588} INFO - Filling up the DagBag from /home/hamin081234/anaconda3/envs/airflow_env/lib/python3.11/site-packages/airflow/example_dags/example_branch_datetime_operator.py
[2024-11-01T11:54:33.916+0900] {processor.py:925} INFO - DAG(s) 'example_branch_datetime_operator', 'example_branch_datetime_operator_2', 'example_branch_datetime_operator_3' retrieved from /home/hamin081234/anaconda3/envs/airflow_env/lib/python3.11/site-packages/airflow/example_dags/example_branch_datetime_operator.py
[2024-11-01T11:54:33.927+0900] {logging_mixin.py:190} INFO - [2024-11-01T11:54:33.927+0900] {dag.py:3239} INFO - Sync 3 DAGs
[2024-11-01T11:54:33.939+0900] {logging_mixin.py:190} INFO - [2024-11-01T11:54:33.939+0900] {dag.py:4180} INFO - Setting next_dagrun for example_branch_datetime_operator to 2024-10-31 00:00:00+00:00, run_after=2024-11-01 00:00:00+00:00
[2024-11-01T11:54:33.941+0900] {logging_mixin.py:190} INFO - [2024-11-01T11:54:33.941+0900] {dag.py:4180} INFO - Setting next_dagrun for example_branch_datetime_operator_2 to 2024-10-31 00:00:00+00:00, run_after=2024-11-01 00:00:00+00:00
[2024-11-01T11:54:33.942+0900] {logging_mixin.py:190} INFO - [2024-11-01T11:54:33.942+0900] {dag.py:4180} INFO - Setting next_dagrun for example_branch_datetime_operator_3 to 2024-10-31 00:00:00+00:00, run_after=2024-11-01 00:00:00+00:00
[2024-11-01T11:54:33.959+0900] {processor.py:208} INFO - Processing /home/hamin081234/anaconda3/envs/airflow_env/lib/python3.11/site-packages/airflow/example_dags/example_branch_datetime_operator.py took 0.057 seconds
[2024-11-01T11:55:26.815+0900] {processor.py:186} INFO - Started process (PID=422038) to work on /home/hamin081234/anaconda3/envs/airflow_env/lib/python3.11/site-packages/airflow/example_dags/example_branch_datetime_operator.py
[2024-11-01T11:55:26.816+0900] {processor.py:914} INFO - Processing file /home/hamin081234/anaconda3/envs/airflow_env/lib/python3.11/site-packages/airflow/example_dags/example_branch_datetime_operator.py for tasks to queue
[2024-11-01T11:55:26.818+0900] {logging_mixin.py:190} INFO - [2024-11-01T11:55:26.818+0900] {dagbag.py:588} INFO - Filling up the DagBag from /home/hamin081234/anaconda3/envs/airflow_env/lib/python3.11/site-packages/airflow/example_dags/example_branch_datetime_operator.py
[2024-11-01T11:55:26.824+0900] {processor.py:925} INFO - DAG(s) 'example_branch_datetime_operator_3', 'example_branch_datetime_operator_2', 'example_branch_datetime_operator' retrieved from /home/hamin081234/anaconda3/envs/airflow_env/lib/python3.11/site-packages/airflow/example_dags/example_branch_datetime_operator.py
[2024-11-01T11:55:26.836+0900] {logging_mixin.py:190} INFO - [2024-11-01T11:55:26.836+0900] {dag.py:3239} INFO - Sync 3 DAGs
[2024-11-01T11:55:26.847+0900] {logging_mixin.py:190} INFO - [2024-11-01T11:55:26.847+0900] {dag.py:4180} INFO - Setting next_dagrun for example_branch_datetime_operator to 2024-10-31 00:00:00+00:00, run_after=2024-11-01 00:00:00+00:00
[2024-11-01T11:55:26.849+0900] {logging_mixin.py:190} INFO - [2024-11-01T11:55:26.849+0900] {dag.py:4180} INFO - Setting next_dagrun for example_branch_datetime_operator_2 to 2024-10-31 00:00:00+00:00, run_after=2024-11-01 00:00:00+00:00
[2024-11-01T11:55:26.850+0900] {logging_mixin.py:190} INFO - [2024-11-01T11:55:26.850+0900] {dag.py:4180} INFO - Setting next_dagrun for example_branch_datetime_operator_3 to 2024-10-31 00:00:00+00:00, run_after=2024-11-01 00:00:00+00:00
[2024-11-01T11:55:26.867+0900] {processor.py:208} INFO - Processing /home/hamin081234/anaconda3/envs/airflow_env/lib/python3.11/site-packages/airflow/example_dags/example_branch_datetime_operator.py took 0.055 seconds
[2024-11-01T11:56:16.339+0900] {processor.py:186} INFO - Started process (PID=423412) to work on /home/hamin081234/anaconda3/envs/airflow_env/lib/python3.11/site-packages/airflow/example_dags/example_branch_datetime_operator.py
[2024-11-01T11:56:16.348+0900] {processor.py:914} INFO - Processing file /home/hamin081234/anaconda3/envs/airflow_env/lib/python3.11/site-packages/airflow/example_dags/example_branch_datetime_operator.py for tasks to queue
[2024-11-01T11:56:16.349+0900] {logging_mixin.py:190} INFO - [2024-11-01T11:56:16.349+0900] {dagbag.py:588} INFO - Filling up the DagBag from /home/hamin081234/anaconda3/envs/airflow_env/lib/python3.11/site-packages/airflow/example_dags/example_branch_datetime_operator.py
[2024-11-01T11:56:16.356+0900] {processor.py:925} INFO - DAG(s) 'example_branch_datetime_operator', 'example_branch_datetime_operator_2', 'example_branch_datetime_operator_3' retrieved from /home/hamin081234/anaconda3/envs/airflow_env/lib/python3.11/site-packages/airflow/example_dags/example_branch_datetime_operator.py
[2024-11-01T11:56:16.367+0900] {logging_mixin.py:190} INFO - [2024-11-01T11:56:16.367+0900] {dag.py:3239} INFO - Sync 3 DAGs
[2024-11-01T11:56:16.378+0900] {logging_mixin.py:190} INFO - [2024-11-01T11:56:16.378+0900] {dag.py:4180} INFO - Setting next_dagrun for example_branch_datetime_operator to 2024-10-31 00:00:00+00:00, run_after=2024-11-01 00:00:00+00:00
[2024-11-01T11:56:16.380+0900] {logging_mixin.py:190} INFO - [2024-11-01T11:56:16.379+0900] {dag.py:4180} INFO - Setting next_dagrun for example_branch_datetime_operator_2 to 2024-10-31 00:00:00+00:00, run_after=2024-11-01 00:00:00+00:00
[2024-11-01T11:56:16.380+0900] {logging_mixin.py:190} INFO - [2024-11-01T11:56:16.380+0900] {dag.py:4180} INFO - Setting next_dagrun for example_branch_datetime_operator_3 to 2024-10-31 00:00:00+00:00, run_after=2024-11-01 00:00:00+00:00
[2024-11-01T11:56:16.393+0900] {processor.py:208} INFO - Processing /home/hamin081234/anaconda3/envs/airflow_env/lib/python3.11/site-packages/airflow/example_dags/example_branch_datetime_operator.py took 0.057 seconds
[2024-11-01T11:57:08.133+0900] {processor.py:186} INFO - Started process (PID=424634) to work on /home/hamin081234/anaconda3/envs/airflow_env/lib/python3.11/site-packages/airflow/example_dags/example_branch_datetime_operator.py
[2024-11-01T11:57:08.134+0900] {processor.py:914} INFO - Processing file /home/hamin081234/anaconda3/envs/airflow_env/lib/python3.11/site-packages/airflow/example_dags/example_branch_datetime_operator.py for tasks to queue
[2024-11-01T11:57:08.135+0900] {logging_mixin.py:190} INFO - [2024-11-01T11:57:08.135+0900] {dagbag.py:588} INFO - Filling up the DagBag from /home/hamin081234/anaconda3/envs/airflow_env/lib/python3.11/site-packages/airflow/example_dags/example_branch_datetime_operator.py
[2024-11-01T11:57:08.143+0900] {processor.py:925} INFO - DAG(s) 'example_branch_datetime_operator', 'example_branch_datetime_operator_3', 'example_branch_datetime_operator_2' retrieved from /home/hamin081234/anaconda3/envs/airflow_env/lib/python3.11/site-packages/airflow/example_dags/example_branch_datetime_operator.py
[2024-11-01T11:57:08.156+0900] {logging_mixin.py:190} INFO - [2024-11-01T11:57:08.156+0900] {dag.py:3239} INFO - Sync 3 DAGs
[2024-11-01T11:57:08.169+0900] {logging_mixin.py:190} INFO - [2024-11-01T11:57:08.169+0900] {dag.py:4180} INFO - Setting next_dagrun for example_branch_datetime_operator to 2024-10-31 00:00:00+00:00, run_after=2024-11-01 00:00:00+00:00
[2024-11-01T11:57:08.172+0900] {logging_mixin.py:190} INFO - [2024-11-01T11:57:08.172+0900] {dag.py:4180} INFO - Setting next_dagrun for example_branch_datetime_operator_2 to 2024-10-31 00:00:00+00:00, run_after=2024-11-01 00:00:00+00:00
[2024-11-01T11:57:08.173+0900] {logging_mixin.py:190} INFO - [2024-11-01T11:57:08.173+0900] {dag.py:4180} INFO - Setting next_dagrun for example_branch_datetime_operator_3 to 2024-10-31 00:00:00+00:00, run_after=2024-11-01 00:00:00+00:00
[2024-11-01T11:57:08.194+0900] {processor.py:208} INFO - Processing /home/hamin081234/anaconda3/envs/airflow_env/lib/python3.11/site-packages/airflow/example_dags/example_branch_datetime_operator.py took 0.065 seconds
[2024-11-01T11:57:57.660+0900] {processor.py:186} INFO - Started process (PID=425566) to work on /home/hamin081234/anaconda3/envs/airflow_env/lib/python3.11/site-packages/airflow/example_dags/example_branch_datetime_operator.py
[2024-11-01T11:57:57.668+0900] {processor.py:914} INFO - Processing file /home/hamin081234/anaconda3/envs/airflow_env/lib/python3.11/site-packages/airflow/example_dags/example_branch_datetime_operator.py for tasks to queue
[2024-11-01T11:57:57.670+0900] {logging_mixin.py:190} INFO - [2024-11-01T11:57:57.670+0900] {dagbag.py:588} INFO - Filling up the DagBag from /home/hamin081234/anaconda3/envs/airflow_env/lib/python3.11/site-packages/airflow/example_dags/example_branch_datetime_operator.py
[2024-11-01T11:57:57.678+0900] {processor.py:925} INFO - DAG(s) 'example_branch_datetime_operator_2', 'example_branch_datetime_operator', 'example_branch_datetime_operator_3' retrieved from /home/hamin081234/anaconda3/envs/airflow_env/lib/python3.11/site-packages/airflow/example_dags/example_branch_datetime_operator.py
[2024-11-01T11:57:57.689+0900] {logging_mixin.py:190} INFO - [2024-11-01T11:57:57.689+0900] {dag.py:3239} INFO - Sync 3 DAGs
[2024-11-01T11:57:57.702+0900] {logging_mixin.py:190} INFO - [2024-11-01T11:57:57.702+0900] {dag.py:4180} INFO - Setting next_dagrun for example_branch_datetime_operator to 2024-10-31 00:00:00+00:00, run_after=2024-11-01 00:00:00+00:00
[2024-11-01T11:57:57.704+0900] {logging_mixin.py:190} INFO - [2024-11-01T11:57:57.704+0900] {dag.py:4180} INFO - Setting next_dagrun for example_branch_datetime_operator_2 to 2024-10-31 00:00:00+00:00, run_after=2024-11-01 00:00:00+00:00
[2024-11-01T11:57:57.705+0900] {logging_mixin.py:190} INFO - [2024-11-01T11:57:57.705+0900] {dag.py:4180} INFO - Setting next_dagrun for example_branch_datetime_operator_3 to 2024-10-31 00:00:00+00:00, run_after=2024-11-01 00:00:00+00:00
[2024-11-01T11:57:57.725+0900] {processor.py:208} INFO - Processing /home/hamin081234/anaconda3/envs/airflow_env/lib/python3.11/site-packages/airflow/example_dags/example_branch_datetime_operator.py took 0.068 seconds
