[2024-11-01T11:49:20.578+0900] {processor.py:186} INFO - Started process (PID=413841) to work on /home/hamin081234/anaconda3/envs/airflow_env/lib/python3.11/site-packages/airflow/example_dags/example_params_trigger_ui.py
[2024-11-01T11:49:20.579+0900] {processor.py:914} INFO - Processing file /home/hamin081234/anaconda3/envs/airflow_env/lib/python3.11/site-packages/airflow/example_dags/example_params_trigger_ui.py for tasks to queue
[2024-11-01T11:49:20.580+0900] {logging_mixin.py:190} INFO - [2024-11-01T11:49:20.580+0900] {dagbag.py:588} INFO - Filling up the DagBag from /home/hamin081234/anaconda3/envs/airflow_env/lib/python3.11/site-packages/airflow/example_dags/example_params_trigger_ui.py
[2024-11-01T11:49:20.588+0900] {processor.py:925} INFO - DAG(s) 'example_params_trigger_ui' retrieved from /home/hamin081234/anaconda3/envs/airflow_env/lib/python3.11/site-packages/airflow/example_dags/example_params_trigger_ui.py
[2024-11-01T11:49:20.691+0900] {logging_mixin.py:190} INFO - [2024-11-01T11:49:20.690+0900] {override.py:1900} INFO - Created Permission View: can delete on DAG:example_params_trigger_ui
[2024-11-01T11:49:20.708+0900] {logging_mixin.py:190} INFO - [2024-11-01T11:49:20.708+0900] {override.py:1900} INFO - Created Permission View: can edit on DAG:example_params_trigger_ui
[2024-11-01T11:49:20.722+0900] {logging_mixin.py:190} INFO - [2024-11-01T11:49:20.722+0900] {override.py:1900} INFO - Created Permission View: can read on DAG:example_params_trigger_ui
[2024-11-01T11:49:20.747+0900] {logging_mixin.py:190} INFO - [2024-11-01T11:49:20.747+0900] {override.py:1900} INFO - Created Permission View: menu access on DAG Run:example_params_trigger_ui
[2024-11-01T11:49:20.760+0900] {logging_mixin.py:190} INFO - [2024-11-01T11:49:20.760+0900] {override.py:1900} INFO - Created Permission View: can delete on DAG Run:example_params_trigger_ui
[2024-11-01T11:49:20.772+0900] {logging_mixin.py:190} INFO - [2024-11-01T11:49:20.772+0900] {override.py:1900} INFO - Created Permission View: can create on DAG Run:example_params_trigger_ui
[2024-11-01T11:49:20.784+0900] {logging_mixin.py:190} INFO - [2024-11-01T11:49:20.784+0900] {override.py:1900} INFO - Created Permission View: can read on DAG Run:example_params_trigger_ui
[2024-11-01T11:49:20.784+0900] {logging_mixin.py:190} INFO - [2024-11-01T11:49:20.784+0900] {dag.py:3239} INFO - Sync 1 DAGs
[2024-11-01T11:49:20.790+0900] {logging_mixin.py:190} INFO - [2024-11-01T11:49:20.790+0900] {dag.py:3262} INFO - Creating ORM DAG for example_params_trigger_ui
[2024-11-01T11:49:20.791+0900] {logging_mixin.py:190} INFO - [2024-11-01T11:49:20.791+0900] {dag.py:4180} INFO - Setting next_dagrun for example_params_trigger_ui to None, run_after=None
[2024-11-01T11:49:20.808+0900] {processor.py:208} INFO - Processing /home/hamin081234/anaconda3/envs/airflow_env/lib/python3.11/site-packages/airflow/example_dags/example_params_trigger_ui.py took 0.233 seconds
[2024-11-01T11:50:21.032+0900] {processor.py:186} INFO - Started process (PID=415082) to work on /home/hamin081234/anaconda3/envs/airflow_env/lib/python3.11/site-packages/airflow/example_dags/example_params_trigger_ui.py
[2024-11-01T11:50:21.033+0900] {processor.py:914} INFO - Processing file /home/hamin081234/anaconda3/envs/airflow_env/lib/python3.11/site-packages/airflow/example_dags/example_params_trigger_ui.py for tasks to queue
[2024-11-01T11:50:21.034+0900] {logging_mixin.py:190} INFO - [2024-11-01T11:50:21.034+0900] {dagbag.py:588} INFO - Filling up the DagBag from /home/hamin081234/anaconda3/envs/airflow_env/lib/python3.11/site-packages/airflow/example_dags/example_params_trigger_ui.py
[2024-11-01T11:50:21.041+0900] {processor.py:925} INFO - DAG(s) 'example_params_trigger_ui' retrieved from /home/hamin081234/anaconda3/envs/airflow_env/lib/python3.11/site-packages/airflow/example_dags/example_params_trigger_ui.py
[2024-11-01T11:50:21.060+0900] {logging_mixin.py:190} INFO - [2024-11-01T11:50:21.060+0900] {dag.py:3239} INFO - Sync 1 DAGs
[2024-11-01T11:50:21.069+0900] {logging_mixin.py:190} INFO - [2024-11-01T11:50:21.069+0900] {dag.py:4180} INFO - Setting next_dagrun for example_params_trigger_ui to None, run_after=None
[2024-11-01T11:50:21.086+0900] {processor.py:208} INFO - Processing /home/hamin081234/anaconda3/envs/airflow_env/lib/python3.11/site-packages/airflow/example_dags/example_params_trigger_ui.py took 0.058 seconds
[2024-11-01T11:51:13.407+0900] {processor.py:186} INFO - Started process (PID=416352) to work on /home/hamin081234/anaconda3/envs/airflow_env/lib/python3.11/site-packages/airflow/example_dags/example_params_trigger_ui.py
[2024-11-01T11:51:13.415+0900] {processor.py:914} INFO - Processing file /home/hamin081234/anaconda3/envs/airflow_env/lib/python3.11/site-packages/airflow/example_dags/example_params_trigger_ui.py for tasks to queue
[2024-11-01T11:51:13.417+0900] {logging_mixin.py:190} INFO - [2024-11-01T11:51:13.416+0900] {dagbag.py:588} INFO - Filling up the DagBag from /home/hamin081234/anaconda3/envs/airflow_env/lib/python3.11/site-packages/airflow/example_dags/example_params_trigger_ui.py
[2024-11-01T11:51:13.424+0900] {processor.py:925} INFO - DAG(s) 'example_params_trigger_ui' retrieved from /home/hamin081234/anaconda3/envs/airflow_env/lib/python3.11/site-packages/airflow/example_dags/example_params_trigger_ui.py
[2024-11-01T11:51:13.447+0900] {logging_mixin.py:190} INFO - [2024-11-01T11:51:13.447+0900] {dag.py:3239} INFO - Sync 1 DAGs
[2024-11-01T11:51:13.455+0900] {logging_mixin.py:190} INFO - [2024-11-01T11:51:13.455+0900] {dag.py:4180} INFO - Setting next_dagrun for example_params_trigger_ui to None, run_after=None
[2024-11-01T11:51:13.475+0900] {processor.py:208} INFO - Processing /home/hamin081234/anaconda3/envs/airflow_env/lib/python3.11/site-packages/airflow/example_dags/example_params_trigger_ui.py took 0.072 seconds
[2024-11-01T11:52:03.448+0900] {processor.py:186} INFO - Started process (PID=417596) to work on /home/hamin081234/anaconda3/envs/airflow_env/lib/python3.11/site-packages/airflow/example_dags/example_params_trigger_ui.py
[2024-11-01T11:52:03.449+0900] {processor.py:914} INFO - Processing file /home/hamin081234/anaconda3/envs/airflow_env/lib/python3.11/site-packages/airflow/example_dags/example_params_trigger_ui.py for tasks to queue
[2024-11-01T11:52:03.452+0900] {logging_mixin.py:190} INFO - [2024-11-01T11:52:03.451+0900] {dagbag.py:588} INFO - Filling up the DagBag from /home/hamin081234/anaconda3/envs/airflow_env/lib/python3.11/site-packages/airflow/example_dags/example_params_trigger_ui.py
[2024-11-01T11:52:03.460+0900] {processor.py:925} INFO - DAG(s) 'example_params_trigger_ui' retrieved from /home/hamin081234/anaconda3/envs/airflow_env/lib/python3.11/site-packages/airflow/example_dags/example_params_trigger_ui.py
[2024-11-01T11:52:03.484+0900] {logging_mixin.py:190} INFO - [2024-11-01T11:52:03.484+0900] {dag.py:3239} INFO - Sync 1 DAGs
[2024-11-01T11:52:03.492+0900] {logging_mixin.py:190} INFO - [2024-11-01T11:52:03.492+0900] {dag.py:4180} INFO - Setting next_dagrun for example_params_trigger_ui to None, run_after=None
[2024-11-01T11:52:03.511+0900] {processor.py:208} INFO - Processing /home/hamin081234/anaconda3/envs/airflow_env/lib/python3.11/site-packages/airflow/example_dags/example_params_trigger_ui.py took 0.073 seconds
[2024-11-01T11:53:03.323+0900] {processor.py:186} INFO - Started process (PID=418816) to work on /home/hamin081234/anaconda3/envs/airflow_env/lib/python3.11/site-packages/airflow/example_dags/example_params_trigger_ui.py
[2024-11-01T11:53:03.332+0900] {processor.py:914} INFO - Processing file /home/hamin081234/anaconda3/envs/airflow_env/lib/python3.11/site-packages/airflow/example_dags/example_params_trigger_ui.py for tasks to queue
[2024-11-01T11:53:03.335+0900] {logging_mixin.py:190} INFO - [2024-11-01T11:53:03.335+0900] {dagbag.py:588} INFO - Filling up the DagBag from /home/hamin081234/anaconda3/envs/airflow_env/lib/python3.11/site-packages/airflow/example_dags/example_params_trigger_ui.py
[2024-11-01T11:53:03.344+0900] {processor.py:925} INFO - DAG(s) 'example_params_trigger_ui' retrieved from /home/hamin081234/anaconda3/envs/airflow_env/lib/python3.11/site-packages/airflow/example_dags/example_params_trigger_ui.py
[2024-11-01T11:53:03.362+0900] {logging_mixin.py:190} INFO - [2024-11-01T11:53:03.362+0900] {dag.py:3239} INFO - Sync 1 DAGs
[2024-11-01T11:53:03.369+0900] {logging_mixin.py:190} INFO - [2024-11-01T11:53:03.369+0900] {dag.py:4180} INFO - Setting next_dagrun for example_params_trigger_ui to None, run_after=None
[2024-11-01T11:53:03.386+0900] {processor.py:208} INFO - Processing /home/hamin081234/anaconda3/envs/airflow_env/lib/python3.11/site-packages/airflow/example_dags/example_params_trigger_ui.py took 0.068 seconds
[2024-11-01T11:53:55.785+0900] {processor.py:186} INFO - Started process (PID=420050) to work on /home/hamin081234/anaconda3/envs/airflow_env/lib/python3.11/site-packages/airflow/example_dags/example_params_trigger_ui.py
[2024-11-01T11:53:55.792+0900] {processor.py:914} INFO - Processing file /home/hamin081234/anaconda3/envs/airflow_env/lib/python3.11/site-packages/airflow/example_dags/example_params_trigger_ui.py for tasks to queue
[2024-11-01T11:53:55.795+0900] {logging_mixin.py:190} INFO - [2024-11-01T11:53:55.794+0900] {dagbag.py:588} INFO - Filling up the DagBag from /home/hamin081234/anaconda3/envs/airflow_env/lib/python3.11/site-packages/airflow/example_dags/example_params_trigger_ui.py
[2024-11-01T11:53:55.809+0900] {processor.py:925} INFO - DAG(s) 'example_params_trigger_ui' retrieved from /home/hamin081234/anaconda3/envs/airflow_env/lib/python3.11/site-packages/airflow/example_dags/example_params_trigger_ui.py
[2024-11-01T11:53:55.837+0900] {logging_mixin.py:190} INFO - [2024-11-01T11:53:55.836+0900] {dag.py:3239} INFO - Sync 1 DAGs
[2024-11-01T11:53:55.846+0900] {logging_mixin.py:190} INFO - [2024-11-01T11:53:55.846+0900] {dag.py:4180} INFO - Setting next_dagrun for example_params_trigger_ui to None, run_after=None
[2024-11-01T11:53:55.868+0900] {processor.py:208} INFO - Processing /home/hamin081234/anaconda3/envs/airflow_env/lib/python3.11/site-packages/airflow/example_dags/example_params_trigger_ui.py took 0.088 seconds
[2024-11-01T11:54:47.756+0900] {processor.py:186} INFO - Started process (PID=421425) to work on /home/hamin081234/anaconda3/envs/airflow_env/lib/python3.11/site-packages/airflow/example_dags/example_params_trigger_ui.py
[2024-11-01T11:54:47.764+0900] {processor.py:914} INFO - Processing file /home/hamin081234/anaconda3/envs/airflow_env/lib/python3.11/site-packages/airflow/example_dags/example_params_trigger_ui.py for tasks to queue
[2024-11-01T11:54:47.766+0900] {logging_mixin.py:190} INFO - [2024-11-01T11:54:47.765+0900] {dagbag.py:588} INFO - Filling up the DagBag from /home/hamin081234/anaconda3/envs/airflow_env/lib/python3.11/site-packages/airflow/example_dags/example_params_trigger_ui.py
[2024-11-01T11:54:47.773+0900] {processor.py:925} INFO - DAG(s) 'example_params_trigger_ui' retrieved from /home/hamin081234/anaconda3/envs/airflow_env/lib/python3.11/site-packages/airflow/example_dags/example_params_trigger_ui.py
[2024-11-01T11:54:47.794+0900] {logging_mixin.py:190} INFO - [2024-11-01T11:54:47.794+0900] {dag.py:3239} INFO - Sync 1 DAGs
[2024-11-01T11:54:47.802+0900] {logging_mixin.py:190} INFO - [2024-11-01T11:54:47.801+0900] {dag.py:4180} INFO - Setting next_dagrun for example_params_trigger_ui to None, run_after=None
[2024-11-01T11:54:47.821+0900] {processor.py:208} INFO - Processing /home/hamin081234/anaconda3/envs/airflow_env/lib/python3.11/site-packages/airflow/example_dags/example_params_trigger_ui.py took 0.069 seconds
[2024-11-01T11:55:38.563+0900] {processor.py:186} INFO - Started process (PID=422444) to work on /home/hamin081234/anaconda3/envs/airflow_env/lib/python3.11/site-packages/airflow/example_dags/example_params_trigger_ui.py
[2024-11-01T11:55:38.572+0900] {processor.py:914} INFO - Processing file /home/hamin081234/anaconda3/envs/airflow_env/lib/python3.11/site-packages/airflow/example_dags/example_params_trigger_ui.py for tasks to queue
[2024-11-01T11:55:38.575+0900] {logging_mixin.py:190} INFO - [2024-11-01T11:55:38.574+0900] {dagbag.py:588} INFO - Filling up the DagBag from /home/hamin081234/anaconda3/envs/airflow_env/lib/python3.11/site-packages/airflow/example_dags/example_params_trigger_ui.py
[2024-11-01T11:55:38.582+0900] {processor.py:925} INFO - DAG(s) 'example_params_trigger_ui' retrieved from /home/hamin081234/anaconda3/envs/airflow_env/lib/python3.11/site-packages/airflow/example_dags/example_params_trigger_ui.py
[2024-11-01T11:55:38.603+0900] {logging_mixin.py:190} INFO - [2024-11-01T11:55:38.603+0900] {dag.py:3239} INFO - Sync 1 DAGs
[2024-11-01T11:55:38.611+0900] {logging_mixin.py:190} INFO - [2024-11-01T11:55:38.610+0900] {dag.py:4180} INFO - Setting next_dagrun for example_params_trigger_ui to None, run_after=None
[2024-11-01T11:55:38.629+0900] {processor.py:208} INFO - Processing /home/hamin081234/anaconda3/envs/airflow_env/lib/python3.11/site-packages/airflow/example_dags/example_params_trigger_ui.py took 0.073 seconds
[2024-11-01T11:56:30.999+0900] {processor.py:186} INFO - Started process (PID=423663) to work on /home/hamin081234/anaconda3/envs/airflow_env/lib/python3.11/site-packages/airflow/example_dags/example_params_trigger_ui.py
[2024-11-01T11:56:31.000+0900] {processor.py:914} INFO - Processing file /home/hamin081234/anaconda3/envs/airflow_env/lib/python3.11/site-packages/airflow/example_dags/example_params_trigger_ui.py for tasks to queue
[2024-11-01T11:56:31.001+0900] {logging_mixin.py:190} INFO - [2024-11-01T11:56:31.001+0900] {dagbag.py:588} INFO - Filling up the DagBag from /home/hamin081234/anaconda3/envs/airflow_env/lib/python3.11/site-packages/airflow/example_dags/example_params_trigger_ui.py
[2024-11-01T11:56:31.008+0900] {processor.py:925} INFO - DAG(s) 'example_params_trigger_ui' retrieved from /home/hamin081234/anaconda3/envs/airflow_env/lib/python3.11/site-packages/airflow/example_dags/example_params_trigger_ui.py
[2024-11-01T11:56:31.028+0900] {logging_mixin.py:190} INFO - [2024-11-01T11:56:31.027+0900] {dag.py:3239} INFO - Sync 1 DAGs
[2024-11-01T11:56:31.035+0900] {logging_mixin.py:190} INFO - [2024-11-01T11:56:31.035+0900] {dag.py:4180} INFO - Setting next_dagrun for example_params_trigger_ui to None, run_after=None
[2024-11-01T11:56:31.055+0900] {processor.py:208} INFO - Processing /home/hamin081234/anaconda3/envs/airflow_env/lib/python3.11/site-packages/airflow/example_dags/example_params_trigger_ui.py took 0.061 seconds
[2024-11-01T11:57:22.403+0900] {processor.py:186} INFO - Started process (PID=424969) to work on /home/hamin081234/anaconda3/envs/airflow_env/lib/python3.11/site-packages/airflow/example_dags/example_params_trigger_ui.py
[2024-11-01T11:57:22.404+0900] {processor.py:914} INFO - Processing file /home/hamin081234/anaconda3/envs/airflow_env/lib/python3.11/site-packages/airflow/example_dags/example_params_trigger_ui.py for tasks to queue
[2024-11-01T11:57:22.405+0900] {logging_mixin.py:190} INFO - [2024-11-01T11:57:22.405+0900] {dagbag.py:588} INFO - Filling up the DagBag from /home/hamin081234/anaconda3/envs/airflow_env/lib/python3.11/site-packages/airflow/example_dags/example_params_trigger_ui.py
[2024-11-01T11:57:22.414+0900] {processor.py:925} INFO - DAG(s) 'example_params_trigger_ui' retrieved from /home/hamin081234/anaconda3/envs/airflow_env/lib/python3.11/site-packages/airflow/example_dags/example_params_trigger_ui.py
[2024-11-01T11:57:22.433+0900] {logging_mixin.py:190} INFO - [2024-11-01T11:57:22.433+0900] {dag.py:3239} INFO - Sync 1 DAGs
[2024-11-01T11:57:22.440+0900] {logging_mixin.py:190} INFO - [2024-11-01T11:57:22.440+0900] {dag.py:4180} INFO - Setting next_dagrun for example_params_trigger_ui to None, run_after=None
[2024-11-01T11:57:22.457+0900] {processor.py:208} INFO - Processing /home/hamin081234/anaconda3/envs/airflow_env/lib/python3.11/site-packages/airflow/example_dags/example_params_trigger_ui.py took 0.059 seconds
