[2024-11-01T11:49:03.415+0900] {processor.py:186} INFO - Started process (PID=413296) to work on /home/hamin081234/anaconda3/envs/airflow_env/lib/python3.11/site-packages/airflow/example_dags/example_branch_operator.py
[2024-11-01T11:49:03.416+0900] {processor.py:914} INFO - Processing file /home/hamin081234/anaconda3/envs/airflow_env/lib/python3.11/site-packages/airflow/example_dags/example_branch_operator.py for tasks to queue
[2024-11-01T11:49:03.418+0900] {logging_mixin.py:190} INFO - [2024-11-01T11:49:03.417+0900] {dagbag.py:588} INFO - Filling up the DagBag from /home/hamin081234/anaconda3/envs/airflow_env/lib/python3.11/site-packages/airflow/example_dags/example_branch_operator.py
[2024-11-01T11:49:03.432+0900] {processor.py:925} INFO - DAG(s) 'example_branch_operator' retrieved from /home/hamin081234/anaconda3/envs/airflow_env/lib/python3.11/site-packages/airflow/example_dags/example_branch_operator.py
[2024-11-01T11:49:03.515+0900] {logging_mixin.py:190} INFO - [2024-11-01T11:49:03.515+0900] {override.py:1900} INFO - Created Permission View: can delete on DAG:example_branch_operator
[2024-11-01T11:49:03.529+0900] {logging_mixin.py:190} INFO - [2024-11-01T11:49:03.528+0900] {override.py:1900} INFO - Created Permission View: can edit on DAG:example_branch_operator
[2024-11-01T11:49:03.541+0900] {logging_mixin.py:190} INFO - [2024-11-01T11:49:03.540+0900] {override.py:1900} INFO - Created Permission View: can read on DAG:example_branch_operator
[2024-11-01T11:49:03.563+0900] {logging_mixin.py:190} INFO - [2024-11-01T11:49:03.562+0900] {override.py:1900} INFO - Created Permission View: menu access on DAG Run:example_branch_operator
[2024-11-01T11:49:03.575+0900] {logging_mixin.py:190} INFO - [2024-11-01T11:49:03.575+0900] {override.py:1900} INFO - Created Permission View: can delete on DAG Run:example_branch_operator
[2024-11-01T11:49:03.587+0900] {logging_mixin.py:190} INFO - [2024-11-01T11:49:03.586+0900] {override.py:1900} INFO - Created Permission View: can create on DAG Run:example_branch_operator
[2024-11-01T11:49:03.599+0900] {logging_mixin.py:190} INFO - [2024-11-01T11:49:03.598+0900] {override.py:1900} INFO - Created Permission View: can read on DAG Run:example_branch_operator
[2024-11-01T11:49:03.599+0900] {logging_mixin.py:190} INFO - [2024-11-01T11:49:03.599+0900] {dag.py:3239} INFO - Sync 1 DAGs
[2024-11-01T11:49:03.606+0900] {logging_mixin.py:190} INFO - [2024-11-01T11:49:03.605+0900] {dag.py:3262} INFO - Creating ORM DAG for example_branch_operator
[2024-11-01T11:49:03.611+0900] {logging_mixin.py:190} INFO - [2024-11-01T11:49:03.611+0900] {dag.py:4180} INFO - Setting next_dagrun for example_branch_operator to 2024-10-31 00:00:00+00:00, run_after=2024-11-01 00:00:00+00:00
[2024-11-01T11:49:03.629+0900] {processor.py:208} INFO - Processing /home/hamin081234/anaconda3/envs/airflow_env/lib/python3.11/site-packages/airflow/example_dags/example_branch_operator.py took 0.218 seconds
[2024-11-01T11:50:06.559+0900] {processor.py:186} INFO - Started process (PID=414709) to work on /home/hamin081234/anaconda3/envs/airflow_env/lib/python3.11/site-packages/airflow/example_dags/example_branch_operator.py
[2024-11-01T11:50:06.567+0900] {processor.py:914} INFO - Processing file /home/hamin081234/anaconda3/envs/airflow_env/lib/python3.11/site-packages/airflow/example_dags/example_branch_operator.py for tasks to queue
[2024-11-01T11:50:06.569+0900] {logging_mixin.py:190} INFO - [2024-11-01T11:50:06.568+0900] {dagbag.py:588} INFO - Filling up the DagBag from /home/hamin081234/anaconda3/envs/airflow_env/lib/python3.11/site-packages/airflow/example_dags/example_branch_operator.py
[2024-11-01T11:50:06.581+0900] {processor.py:925} INFO - DAG(s) 'example_branch_operator' retrieved from /home/hamin081234/anaconda3/envs/airflow_env/lib/python3.11/site-packages/airflow/example_dags/example_branch_operator.py
[2024-11-01T11:50:06.594+0900] {logging_mixin.py:190} INFO - [2024-11-01T11:50:06.594+0900] {dag.py:3239} INFO - Sync 1 DAGs
[2024-11-01T11:50:06.606+0900] {logging_mixin.py:190} INFO - [2024-11-01T11:50:06.606+0900] {dag.py:4180} INFO - Setting next_dagrun for example_branch_operator to 2024-10-31 00:00:00+00:00, run_after=2024-11-01 00:00:00+00:00
[2024-11-01T11:50:06.624+0900] {processor.py:208} INFO - Processing /home/hamin081234/anaconda3/envs/airflow_env/lib/python3.11/site-packages/airflow/example_dags/example_branch_operator.py took 0.069 seconds
[2024-11-01T11:50:59.545+0900] {processor.py:186} INFO - Started process (PID=416106) to work on /home/hamin081234/anaconda3/envs/airflow_env/lib/python3.11/site-packages/airflow/example_dags/example_branch_operator.py
[2024-11-01T11:50:59.554+0900] {processor.py:914} INFO - Processing file /home/hamin081234/anaconda3/envs/airflow_env/lib/python3.11/site-packages/airflow/example_dags/example_branch_operator.py for tasks to queue
[2024-11-01T11:50:59.556+0900] {logging_mixin.py:190} INFO - [2024-11-01T11:50:59.556+0900] {dagbag.py:588} INFO - Filling up the DagBag from /home/hamin081234/anaconda3/envs/airflow_env/lib/python3.11/site-packages/airflow/example_dags/example_branch_operator.py
[2024-11-01T11:50:59.570+0900] {processor.py:925} INFO - DAG(s) 'example_branch_operator' retrieved from /home/hamin081234/anaconda3/envs/airflow_env/lib/python3.11/site-packages/airflow/example_dags/example_branch_operator.py
[2024-11-01T11:50:59.585+0900] {logging_mixin.py:190} INFO - [2024-11-01T11:50:59.585+0900] {dag.py:3239} INFO - Sync 1 DAGs
[2024-11-01T11:50:59.598+0900] {logging_mixin.py:190} INFO - [2024-11-01T11:50:59.598+0900] {dag.py:4180} INFO - Setting next_dagrun for example_branch_operator to 2024-10-31 00:00:00+00:00, run_after=2024-11-01 00:00:00+00:00
[2024-11-01T11:50:59.617+0900] {processor.py:208} INFO - Processing /home/hamin081234/anaconda3/envs/airflow_env/lib/python3.11/site-packages/airflow/example_dags/example_branch_operator.py took 0.076 seconds
[2024-11-01T11:51:48.485+0900] {processor.py:186} INFO - Started process (PID=417084) to work on /home/hamin081234/anaconda3/envs/airflow_env/lib/python3.11/site-packages/airflow/example_dags/example_branch_operator.py
[2024-11-01T11:51:48.487+0900] {processor.py:914} INFO - Processing file /home/hamin081234/anaconda3/envs/airflow_env/lib/python3.11/site-packages/airflow/example_dags/example_branch_operator.py for tasks to queue
[2024-11-01T11:51:48.489+0900] {logging_mixin.py:190} INFO - [2024-11-01T11:51:48.488+0900] {dagbag.py:588} INFO - Filling up the DagBag from /home/hamin081234/anaconda3/envs/airflow_env/lib/python3.11/site-packages/airflow/example_dags/example_branch_operator.py
[2024-11-01T11:51:48.499+0900] {processor.py:925} INFO - DAG(s) 'example_branch_operator' retrieved from /home/hamin081234/anaconda3/envs/airflow_env/lib/python3.11/site-packages/airflow/example_dags/example_branch_operator.py
[2024-11-01T11:51:48.511+0900] {logging_mixin.py:190} INFO - [2024-11-01T11:51:48.511+0900] {dag.py:3239} INFO - Sync 1 DAGs
[2024-11-01T11:51:48.524+0900] {logging_mixin.py:190} INFO - [2024-11-01T11:51:48.524+0900] {dag.py:4180} INFO - Setting next_dagrun for example_branch_operator to 2024-10-31 00:00:00+00:00, run_after=2024-11-01 00:00:00+00:00
[2024-11-01T11:51:48.554+0900] {processor.py:208} INFO - Processing /home/hamin081234/anaconda3/envs/airflow_env/lib/python3.11/site-packages/airflow/example_dags/example_branch_operator.py took 0.073 seconds
[2024-11-01T11:52:51.308+0900] {processor.py:186} INFO - Started process (PID=418477) to work on /home/hamin081234/anaconda3/envs/airflow_env/lib/python3.11/site-packages/airflow/example_dags/example_branch_operator.py
[2024-11-01T11:52:51.317+0900] {processor.py:914} INFO - Processing file /home/hamin081234/anaconda3/envs/airflow_env/lib/python3.11/site-packages/airflow/example_dags/example_branch_operator.py for tasks to queue
[2024-11-01T11:52:51.320+0900] {logging_mixin.py:190} INFO - [2024-11-01T11:52:51.320+0900] {dagbag.py:588} INFO - Filling up the DagBag from /home/hamin081234/anaconda3/envs/airflow_env/lib/python3.11/site-packages/airflow/example_dags/example_branch_operator.py
[2024-11-01T11:52:51.333+0900] {processor.py:925} INFO - DAG(s) 'example_branch_operator' retrieved from /home/hamin081234/anaconda3/envs/airflow_env/lib/python3.11/site-packages/airflow/example_dags/example_branch_operator.py
[2024-11-01T11:52:51.346+0900] {logging_mixin.py:190} INFO - [2024-11-01T11:52:51.346+0900] {dag.py:3239} INFO - Sync 1 DAGs
[2024-11-01T11:52:51.356+0900] {logging_mixin.py:190} INFO - [2024-11-01T11:52:51.356+0900] {dag.py:4180} INFO - Setting next_dagrun for example_branch_operator to 2024-10-31 00:00:00+00:00, run_after=2024-11-01 00:00:00+00:00
[2024-11-01T11:52:51.374+0900] {processor.py:208} INFO - Processing /home/hamin081234/anaconda3/envs/airflow_env/lib/python3.11/site-packages/airflow/example_dags/example_branch_operator.py took 0.069 seconds
[2024-11-01T11:53:40.503+0900] {processor.py:186} INFO - Started process (PID=419833) to work on /home/hamin081234/anaconda3/envs/airflow_env/lib/python3.11/site-packages/airflow/example_dags/example_branch_operator.py
[2024-11-01T11:53:40.504+0900] {processor.py:914} INFO - Processing file /home/hamin081234/anaconda3/envs/airflow_env/lib/python3.11/site-packages/airflow/example_dags/example_branch_operator.py for tasks to queue
[2024-11-01T11:53:40.505+0900] {logging_mixin.py:190} INFO - [2024-11-01T11:53:40.505+0900] {dagbag.py:588} INFO - Filling up the DagBag from /home/hamin081234/anaconda3/envs/airflow_env/lib/python3.11/site-packages/airflow/example_dags/example_branch_operator.py
[2024-11-01T11:53:40.516+0900] {processor.py:925} INFO - DAG(s) 'example_branch_operator' retrieved from /home/hamin081234/anaconda3/envs/airflow_env/lib/python3.11/site-packages/airflow/example_dags/example_branch_operator.py
[2024-11-01T11:53:40.528+0900] {logging_mixin.py:190} INFO - [2024-11-01T11:53:40.528+0900] {dag.py:3239} INFO - Sync 1 DAGs
[2024-11-01T11:53:40.539+0900] {logging_mixin.py:190} INFO - [2024-11-01T11:53:40.539+0900] {dag.py:4180} INFO - Setting next_dagrun for example_branch_operator to 2024-10-31 00:00:00+00:00, run_after=2024-11-01 00:00:00+00:00
[2024-11-01T11:53:40.556+0900] {processor.py:208} INFO - Processing /home/hamin081234/anaconda3/envs/airflow_env/lib/python3.11/site-packages/airflow/example_dags/example_branch_operator.py took 0.058 seconds
[2024-11-01T11:54:33.752+0900] {processor.py:186} INFO - Started process (PID=421103) to work on /home/hamin081234/anaconda3/envs/airflow_env/lib/python3.11/site-packages/airflow/example_dags/example_branch_operator.py
[2024-11-01T11:54:33.753+0900] {processor.py:914} INFO - Processing file /home/hamin081234/anaconda3/envs/airflow_env/lib/python3.11/site-packages/airflow/example_dags/example_branch_operator.py for tasks to queue
[2024-11-01T11:54:33.754+0900] {logging_mixin.py:190} INFO - [2024-11-01T11:54:33.754+0900] {dagbag.py:588} INFO - Filling up the DagBag from /home/hamin081234/anaconda3/envs/airflow_env/lib/python3.11/site-packages/airflow/example_dags/example_branch_operator.py
[2024-11-01T11:54:33.766+0900] {processor.py:925} INFO - DAG(s) 'example_branch_operator' retrieved from /home/hamin081234/anaconda3/envs/airflow_env/lib/python3.11/site-packages/airflow/example_dags/example_branch_operator.py
[2024-11-01T11:54:33.779+0900] {logging_mixin.py:190} INFO - [2024-11-01T11:54:33.779+0900] {dag.py:3239} INFO - Sync 1 DAGs
[2024-11-01T11:54:33.790+0900] {logging_mixin.py:190} INFO - [2024-11-01T11:54:33.790+0900] {dag.py:4180} INFO - Setting next_dagrun for example_branch_operator to 2024-10-31 00:00:00+00:00, run_after=2024-11-01 00:00:00+00:00
[2024-11-01T11:54:33.808+0900] {processor.py:208} INFO - Processing /home/hamin081234/anaconda3/envs/airflow_env/lib/python3.11/site-packages/airflow/example_dags/example_branch_operator.py took 0.059 seconds
[2024-11-01T11:55:25.685+0900] {processor.py:186} INFO - Started process (PID=422031) to work on /home/hamin081234/anaconda3/envs/airflow_env/lib/python3.11/site-packages/airflow/example_dags/example_branch_operator.py
[2024-11-01T11:55:25.693+0900] {processor.py:914} INFO - Processing file /home/hamin081234/anaconda3/envs/airflow_env/lib/python3.11/site-packages/airflow/example_dags/example_branch_operator.py for tasks to queue
[2024-11-01T11:55:25.695+0900] {logging_mixin.py:190} INFO - [2024-11-01T11:55:25.695+0900] {dagbag.py:588} INFO - Filling up the DagBag from /home/hamin081234/anaconda3/envs/airflow_env/lib/python3.11/site-packages/airflow/example_dags/example_branch_operator.py
[2024-11-01T11:55:25.706+0900] {processor.py:925} INFO - DAG(s) 'example_branch_operator' retrieved from /home/hamin081234/anaconda3/envs/airflow_env/lib/python3.11/site-packages/airflow/example_dags/example_branch_operator.py
[2024-11-01T11:55:25.718+0900] {logging_mixin.py:190} INFO - [2024-11-01T11:55:25.718+0900] {dag.py:3239} INFO - Sync 1 DAGs
[2024-11-01T11:55:25.729+0900] {logging_mixin.py:190} INFO - [2024-11-01T11:55:25.729+0900] {dag.py:4180} INFO - Setting next_dagrun for example_branch_operator to 2024-10-31 00:00:00+00:00, run_after=2024-11-01 00:00:00+00:00
[2024-11-01T11:55:25.746+0900] {processor.py:208} INFO - Processing /home/hamin081234/anaconda3/envs/airflow_env/lib/python3.11/site-packages/airflow/example_dags/example_branch_operator.py took 0.065 seconds
[2024-11-01T11:56:15.213+0900] {processor.py:186} INFO - Started process (PID=423388) to work on /home/hamin081234/anaconda3/envs/airflow_env/lib/python3.11/site-packages/airflow/example_dags/example_branch_operator.py
[2024-11-01T11:56:15.222+0900] {processor.py:914} INFO - Processing file /home/hamin081234/anaconda3/envs/airflow_env/lib/python3.11/site-packages/airflow/example_dags/example_branch_operator.py for tasks to queue
[2024-11-01T11:56:15.223+0900] {logging_mixin.py:190} INFO - [2024-11-01T11:56:15.223+0900] {dagbag.py:588} INFO - Filling up the DagBag from /home/hamin081234/anaconda3/envs/airflow_env/lib/python3.11/site-packages/airflow/example_dags/example_branch_operator.py
[2024-11-01T11:56:15.233+0900] {processor.py:925} INFO - DAG(s) 'example_branch_operator' retrieved from /home/hamin081234/anaconda3/envs/airflow_env/lib/python3.11/site-packages/airflow/example_dags/example_branch_operator.py
[2024-11-01T11:56:15.245+0900] {logging_mixin.py:190} INFO - [2024-11-01T11:56:15.245+0900] {dag.py:3239} INFO - Sync 1 DAGs
[2024-11-01T11:56:15.256+0900] {logging_mixin.py:190} INFO - [2024-11-01T11:56:15.256+0900] {dag.py:4180} INFO - Setting next_dagrun for example_branch_operator to 2024-10-31 00:00:00+00:00, run_after=2024-11-01 00:00:00+00:00
[2024-11-01T11:56:15.274+0900] {processor.py:208} INFO - Processing /home/hamin081234/anaconda3/envs/airflow_env/lib/python3.11/site-packages/airflow/example_dags/example_branch_operator.py took 0.064 seconds
[2024-11-01T11:57:07.006+0900] {processor.py:186} INFO - Started process (PID=424612) to work on /home/hamin081234/anaconda3/envs/airflow_env/lib/python3.11/site-packages/airflow/example_dags/example_branch_operator.py
[2024-11-01T11:57:07.014+0900] {processor.py:914} INFO - Processing file /home/hamin081234/anaconda3/envs/airflow_env/lib/python3.11/site-packages/airflow/example_dags/example_branch_operator.py for tasks to queue
[2024-11-01T11:57:07.016+0900] {logging_mixin.py:190} INFO - [2024-11-01T11:57:07.016+0900] {dagbag.py:588} INFO - Filling up the DagBag from /home/hamin081234/anaconda3/envs/airflow_env/lib/python3.11/site-packages/airflow/example_dags/example_branch_operator.py
[2024-11-01T11:57:07.027+0900] {processor.py:925} INFO - DAG(s) 'example_branch_operator' retrieved from /home/hamin081234/anaconda3/envs/airflow_env/lib/python3.11/site-packages/airflow/example_dags/example_branch_operator.py
[2024-11-01T11:57:07.042+0900] {logging_mixin.py:190} INFO - [2024-11-01T11:57:07.042+0900] {dag.py:3239} INFO - Sync 1 DAGs
[2024-11-01T11:57:07.054+0900] {logging_mixin.py:190} INFO - [2024-11-01T11:57:07.054+0900] {dag.py:4180} INFO - Setting next_dagrun for example_branch_operator to 2024-10-31 00:00:00+00:00, run_after=2024-11-01 00:00:00+00:00
[2024-11-01T11:57:07.071+0900] {processor.py:208} INFO - Processing /home/hamin081234/anaconda3/envs/airflow_env/lib/python3.11/site-packages/airflow/example_dags/example_branch_operator.py took 0.069 seconds
[2024-11-01T11:57:56.532+0900] {processor.py:186} INFO - Started process (PID=425555) to work on /home/hamin081234/anaconda3/envs/airflow_env/lib/python3.11/site-packages/airflow/example_dags/example_branch_operator.py
[2024-11-01T11:57:56.540+0900] {processor.py:914} INFO - Processing file /home/hamin081234/anaconda3/envs/airflow_env/lib/python3.11/site-packages/airflow/example_dags/example_branch_operator.py for tasks to queue
[2024-11-01T11:57:56.542+0900] {logging_mixin.py:190} INFO - [2024-11-01T11:57:56.542+0900] {dagbag.py:588} INFO - Filling up the DagBag from /home/hamin081234/anaconda3/envs/airflow_env/lib/python3.11/site-packages/airflow/example_dags/example_branch_operator.py
[2024-11-01T11:57:56.554+0900] {processor.py:925} INFO - DAG(s) 'example_branch_operator' retrieved from /home/hamin081234/anaconda3/envs/airflow_env/lib/python3.11/site-packages/airflow/example_dags/example_branch_operator.py
[2024-11-01T11:57:56.569+0900] {logging_mixin.py:190} INFO - [2024-11-01T11:57:56.568+0900] {dag.py:3239} INFO - Sync 1 DAGs
[2024-11-01T11:57:56.582+0900] {logging_mixin.py:190} INFO - [2024-11-01T11:57:56.582+0900] {dag.py:4180} INFO - Setting next_dagrun for example_branch_operator to 2024-10-31 00:00:00+00:00, run_after=2024-11-01 00:00:00+00:00
[2024-11-01T11:57:56.602+0900] {processor.py:208} INFO - Processing /home/hamin081234/anaconda3/envs/airflow_env/lib/python3.11/site-packages/airflow/example_dags/example_branch_operator.py took 0.074 seconds
