[2024-11-01T11:49:36.168+0900] {processor.py:186} INFO - Started process (PID=414185) to work on /home/hamin081234/anaconda3/envs/airflow_env/lib/python3.11/site-packages/airflow/example_dags/example_bash_operator.py
[2024-11-01T11:49:36.169+0900] {processor.py:914} INFO - Processing file /home/hamin081234/anaconda3/envs/airflow_env/lib/python3.11/site-packages/airflow/example_dags/example_bash_operator.py for tasks to queue
[2024-11-01T11:49:36.170+0900] {logging_mixin.py:190} INFO - [2024-11-01T11:49:36.170+0900] {dagbag.py:588} INFO - Filling up the DagBag from /home/hamin081234/anaconda3/envs/airflow_env/lib/python3.11/site-packages/airflow/example_dags/example_bash_operator.py
[2024-11-01T11:49:36.179+0900] {processor.py:925} INFO - DAG(s) 'example_bash_operator' retrieved from /home/hamin081234/anaconda3/envs/airflow_env/lib/python3.11/site-packages/airflow/example_dags/example_bash_operator.py
[2024-11-01T11:49:36.249+0900] {logging_mixin.py:190} INFO - [2024-11-01T11:49:36.249+0900] {override.py:1900} INFO - Created Permission View: can delete on DAG:example_bash_operator
[2024-11-01T11:49:36.261+0900] {logging_mixin.py:190} INFO - [2024-11-01T11:49:36.261+0900] {override.py:1900} INFO - Created Permission View: can edit on DAG:example_bash_operator
[2024-11-01T11:49:36.271+0900] {logging_mixin.py:190} INFO - [2024-11-01T11:49:36.271+0900] {override.py:1900} INFO - Created Permission View: can read on DAG:example_bash_operator
[2024-11-01T11:49:36.291+0900] {logging_mixin.py:190} INFO - [2024-11-01T11:49:36.291+0900] {override.py:1900} INFO - Created Permission View: menu access on DAG Run:example_bash_operator
[2024-11-01T11:49:36.303+0900] {logging_mixin.py:190} INFO - [2024-11-01T11:49:36.303+0900] {override.py:1900} INFO - Created Permission View: can delete on DAG Run:example_bash_operator
[2024-11-01T11:49:36.313+0900] {logging_mixin.py:190} INFO - [2024-11-01T11:49:36.313+0900] {override.py:1900} INFO - Created Permission View: can create on DAG Run:example_bash_operator
[2024-11-01T11:49:36.325+0900] {logging_mixin.py:190} INFO - [2024-11-01T11:49:36.325+0900] {override.py:1900} INFO - Created Permission View: can read on DAG Run:example_bash_operator
[2024-11-01T11:49:36.326+0900] {logging_mixin.py:190} INFO - [2024-11-01T11:49:36.326+0900] {dag.py:3239} INFO - Sync 1 DAGs
[2024-11-01T11:49:36.332+0900] {logging_mixin.py:190} INFO - [2024-11-01T11:49:36.332+0900] {dag.py:3262} INFO - Creating ORM DAG for example_bash_operator
[2024-11-01T11:49:36.337+0900] {logging_mixin.py:190} INFO - [2024-11-01T11:49:36.337+0900] {dag.py:4180} INFO - Setting next_dagrun for example_bash_operator to 2024-10-31 00:00:00+00:00, run_after=2024-11-01 00:00:00+00:00
[2024-11-01T11:49:36.357+0900] {processor.py:208} INFO - Processing /home/hamin081234/anaconda3/envs/airflow_env/lib/python3.11/site-packages/airflow/example_dags/example_bash_operator.py took 0.192 seconds
[2024-11-01T11:50:33.404+0900] {processor.py:186} INFO - Started process (PID=415568) to work on /home/hamin081234/anaconda3/envs/airflow_env/lib/python3.11/site-packages/airflow/example_dags/example_bash_operator.py
[2024-11-01T11:50:33.412+0900] {processor.py:914} INFO - Processing file /home/hamin081234/anaconda3/envs/airflow_env/lib/python3.11/site-packages/airflow/example_dags/example_bash_operator.py for tasks to queue
[2024-11-01T11:50:33.414+0900] {logging_mixin.py:190} INFO - [2024-11-01T11:50:33.414+0900] {dagbag.py:588} INFO - Filling up the DagBag from /home/hamin081234/anaconda3/envs/airflow_env/lib/python3.11/site-packages/airflow/example_dags/example_bash_operator.py
[2024-11-01T11:50:33.423+0900] {processor.py:925} INFO - DAG(s) 'example_bash_operator' retrieved from /home/hamin081234/anaconda3/envs/airflow_env/lib/python3.11/site-packages/airflow/example_dags/example_bash_operator.py
[2024-11-01T11:50:33.437+0900] {logging_mixin.py:190} INFO - [2024-11-01T11:50:33.436+0900] {dag.py:3239} INFO - Sync 1 DAGs
[2024-11-01T11:50:33.449+0900] {logging_mixin.py:190} INFO - [2024-11-01T11:50:33.449+0900] {dag.py:4180} INFO - Setting next_dagrun for example_bash_operator to 2024-10-31 00:00:00+00:00, run_after=2024-11-01 00:00:00+00:00
[2024-11-01T11:50:33.467+0900] {processor.py:208} INFO - Processing /home/hamin081234/anaconda3/envs/airflow_env/lib/python3.11/site-packages/airflow/example_dags/example_bash_operator.py took 0.067 seconds
[2024-11-01T11:51:28.205+0900] {processor.py:186} INFO - Started process (PID=416565) to work on /home/hamin081234/anaconda3/envs/airflow_env/lib/python3.11/site-packages/airflow/example_dags/example_bash_operator.py
[2024-11-01T11:51:28.206+0900] {processor.py:914} INFO - Processing file /home/hamin081234/anaconda3/envs/airflow_env/lib/python3.11/site-packages/airflow/example_dags/example_bash_operator.py for tasks to queue
[2024-11-01T11:51:28.208+0900] {logging_mixin.py:190} INFO - [2024-11-01T11:51:28.208+0900] {dagbag.py:588} INFO - Filling up the DagBag from /home/hamin081234/anaconda3/envs/airflow_env/lib/python3.11/site-packages/airflow/example_dags/example_bash_operator.py
[2024-11-01T11:51:28.219+0900] {processor.py:925} INFO - DAG(s) 'example_bash_operator' retrieved from /home/hamin081234/anaconda3/envs/airflow_env/lib/python3.11/site-packages/airflow/example_dags/example_bash_operator.py
[2024-11-01T11:51:28.238+0900] {logging_mixin.py:190} INFO - [2024-11-01T11:51:28.237+0900] {dag.py:3239} INFO - Sync 1 DAGs
[2024-11-01T11:51:28.253+0900] {logging_mixin.py:190} INFO - [2024-11-01T11:51:28.253+0900] {dag.py:4180} INFO - Setting next_dagrun for example_bash_operator to 2024-10-31 00:00:00+00:00, run_after=2024-11-01 00:00:00+00:00
[2024-11-01T11:51:28.276+0900] {processor.py:208} INFO - Processing /home/hamin081234/anaconda3/envs/airflow_env/lib/python3.11/site-packages/airflow/example_dags/example_bash_operator.py took 0.075 seconds
[2024-11-01T11:52:29.760+0900] {processor.py:186} INFO - Started process (PID=418145) to work on /home/hamin081234/anaconda3/envs/airflow_env/lib/python3.11/site-packages/airflow/example_dags/example_bash_operator.py
[2024-11-01T11:52:29.769+0900] {processor.py:914} INFO - Processing file /home/hamin081234/anaconda3/envs/airflow_env/lib/python3.11/site-packages/airflow/example_dags/example_bash_operator.py for tasks to queue
[2024-11-01T11:52:29.772+0900] {logging_mixin.py:190} INFO - [2024-11-01T11:52:29.772+0900] {dagbag.py:588} INFO - Filling up the DagBag from /home/hamin081234/anaconda3/envs/airflow_env/lib/python3.11/site-packages/airflow/example_dags/example_bash_operator.py
[2024-11-01T11:52:29.781+0900] {processor.py:925} INFO - DAG(s) 'example_bash_operator' retrieved from /home/hamin081234/anaconda3/envs/airflow_env/lib/python3.11/site-packages/airflow/example_dags/example_bash_operator.py
[2024-11-01T11:52:29.792+0900] {logging_mixin.py:190} INFO - [2024-11-01T11:52:29.792+0900] {dag.py:3239} INFO - Sync 1 DAGs
[2024-11-01T11:52:29.804+0900] {logging_mixin.py:190} INFO - [2024-11-01T11:52:29.804+0900] {dag.py:4180} INFO - Setting next_dagrun for example_bash_operator to 2024-10-31 00:00:00+00:00, run_after=2024-11-01 00:00:00+00:00
[2024-11-01T11:52:29.821+0900] {processor.py:208} INFO - Processing /home/hamin081234/anaconda3/envs/airflow_env/lib/python3.11/site-packages/airflow/example_dags/example_bash_operator.py took 0.068 seconds
[2024-11-01T11:53:23.931+0900] {processor.py:186} INFO - Started process (PID=419471) to work on /home/hamin081234/anaconda3/envs/airflow_env/lib/python3.11/site-packages/airflow/example_dags/example_bash_operator.py
[2024-11-01T11:53:23.939+0900] {processor.py:914} INFO - Processing file /home/hamin081234/anaconda3/envs/airflow_env/lib/python3.11/site-packages/airflow/example_dags/example_bash_operator.py for tasks to queue
[2024-11-01T11:53:23.940+0900] {logging_mixin.py:190} INFO - [2024-11-01T11:53:23.940+0900] {dagbag.py:588} INFO - Filling up the DagBag from /home/hamin081234/anaconda3/envs/airflow_env/lib/python3.11/site-packages/airflow/example_dags/example_bash_operator.py
[2024-11-01T11:53:23.949+0900] {processor.py:925} INFO - DAG(s) 'example_bash_operator' retrieved from /home/hamin081234/anaconda3/envs/airflow_env/lib/python3.11/site-packages/airflow/example_dags/example_bash_operator.py
[2024-11-01T11:53:23.961+0900] {logging_mixin.py:190} INFO - [2024-11-01T11:53:23.961+0900] {dag.py:3239} INFO - Sync 1 DAGs
[2024-11-01T11:53:23.973+0900] {logging_mixin.py:190} INFO - [2024-11-01T11:53:23.973+0900] {dag.py:4180} INFO - Setting next_dagrun for example_bash_operator to 2024-10-31 00:00:00+00:00, run_after=2024-11-01 00:00:00+00:00
[2024-11-01T11:53:23.991+0900] {processor.py:208} INFO - Processing /home/hamin081234/anaconda3/envs/airflow_env/lib/python3.11/site-packages/airflow/example_dags/example_bash_operator.py took 0.064 seconds
[2024-11-01T11:54:14.776+0900] {processor.py:186} INFO - Started process (PID=420510) to work on /home/hamin081234/anaconda3/envs/airflow_env/lib/python3.11/site-packages/airflow/example_dags/example_bash_operator.py
[2024-11-01T11:54:14.785+0900] {processor.py:914} INFO - Processing file /home/hamin081234/anaconda3/envs/airflow_env/lib/python3.11/site-packages/airflow/example_dags/example_bash_operator.py for tasks to queue
[2024-11-01T11:54:14.787+0900] {logging_mixin.py:190} INFO - [2024-11-01T11:54:14.786+0900] {dagbag.py:588} INFO - Filling up the DagBag from /home/hamin081234/anaconda3/envs/airflow_env/lib/python3.11/site-packages/airflow/example_dags/example_bash_operator.py
[2024-11-01T11:54:14.795+0900] {processor.py:925} INFO - DAG(s) 'example_bash_operator' retrieved from /home/hamin081234/anaconda3/envs/airflow_env/lib/python3.11/site-packages/airflow/example_dags/example_bash_operator.py
[2024-11-01T11:54:14.807+0900] {logging_mixin.py:190} INFO - [2024-11-01T11:54:14.807+0900] {dag.py:3239} INFO - Sync 1 DAGs
[2024-11-01T11:54:14.819+0900] {logging_mixin.py:190} INFO - [2024-11-01T11:54:14.819+0900] {dag.py:4180} INFO - Setting next_dagrun for example_bash_operator to 2024-10-31 00:00:00+00:00, run_after=2024-11-01 00:00:00+00:00
[2024-11-01T11:54:14.838+0900] {processor.py:208} INFO - Processing /home/hamin081234/anaconda3/envs/airflow_env/lib/python3.11/site-packages/airflow/example_dags/example_bash_operator.py took 0.065 seconds
[2024-11-01T11:55:07.701+0900] {processor.py:186} INFO - Started process (PID=421773) to work on /home/hamin081234/anaconda3/envs/airflow_env/lib/python3.11/site-packages/airflow/example_dags/example_bash_operator.py
[2024-11-01T11:55:07.702+0900] {processor.py:914} INFO - Processing file /home/hamin081234/anaconda3/envs/airflow_env/lib/python3.11/site-packages/airflow/example_dags/example_bash_operator.py for tasks to queue
[2024-11-01T11:55:07.704+0900] {logging_mixin.py:190} INFO - [2024-11-01T11:55:07.703+0900] {dagbag.py:588} INFO - Filling up the DagBag from /home/hamin081234/anaconda3/envs/airflow_env/lib/python3.11/site-packages/airflow/example_dags/example_bash_operator.py
[2024-11-01T11:55:07.712+0900] {processor.py:925} INFO - DAG(s) 'example_bash_operator' retrieved from /home/hamin081234/anaconda3/envs/airflow_env/lib/python3.11/site-packages/airflow/example_dags/example_bash_operator.py
[2024-11-01T11:55:07.724+0900] {logging_mixin.py:190} INFO - [2024-11-01T11:55:07.723+0900] {dag.py:3239} INFO - Sync 1 DAGs
[2024-11-01T11:55:07.735+0900] {logging_mixin.py:190} INFO - [2024-11-01T11:55:07.735+0900] {dag.py:4180} INFO - Setting next_dagrun for example_bash_operator to 2024-10-31 00:00:00+00:00, run_after=2024-11-01 00:00:00+00:00
[2024-11-01T11:55:07.751+0900] {processor.py:208} INFO - Processing /home/hamin081234/anaconda3/envs/airflow_env/lib/python3.11/site-packages/airflow/example_dags/example_bash_operator.py took 0.054 seconds
[2024-11-01T11:55:58.006+0900] {processor.py:186} INFO - Started process (PID=423036) to work on /home/hamin081234/anaconda3/envs/airflow_env/lib/python3.11/site-packages/airflow/example_dags/example_bash_operator.py
[2024-11-01T11:55:58.015+0900] {processor.py:914} INFO - Processing file /home/hamin081234/anaconda3/envs/airflow_env/lib/python3.11/site-packages/airflow/example_dags/example_bash_operator.py for tasks to queue
[2024-11-01T11:55:58.016+0900] {logging_mixin.py:190} INFO - [2024-11-01T11:55:58.016+0900] {dagbag.py:588} INFO - Filling up the DagBag from /home/hamin081234/anaconda3/envs/airflow_env/lib/python3.11/site-packages/airflow/example_dags/example_bash_operator.py
[2024-11-01T11:55:58.024+0900] {processor.py:925} INFO - DAG(s) 'example_bash_operator' retrieved from /home/hamin081234/anaconda3/envs/airflow_env/lib/python3.11/site-packages/airflow/example_dags/example_bash_operator.py
[2024-11-01T11:55:58.036+0900] {logging_mixin.py:190} INFO - [2024-11-01T11:55:58.036+0900] {dag.py:3239} INFO - Sync 1 DAGs
[2024-11-01T11:55:58.048+0900] {logging_mixin.py:190} INFO - [2024-11-01T11:55:58.047+0900] {dag.py:4180} INFO - Setting next_dagrun for example_bash_operator to 2024-10-31 00:00:00+00:00, run_after=2024-11-01 00:00:00+00:00
[2024-11-01T11:55:58.065+0900] {processor.py:208} INFO - Processing /home/hamin081234/anaconda3/envs/airflow_env/lib/python3.11/site-packages/airflow/example_dags/example_bash_operator.py took 0.062 seconds
[2024-11-01T11:56:49.310+0900] {processor.py:186} INFO - Started process (PID=424073) to work on /home/hamin081234/anaconda3/envs/airflow_env/lib/python3.11/site-packages/airflow/example_dags/example_bash_operator.py
[2024-11-01T11:56:49.311+0900] {processor.py:914} INFO - Processing file /home/hamin081234/anaconda3/envs/airflow_env/lib/python3.11/site-packages/airflow/example_dags/example_bash_operator.py for tasks to queue
[2024-11-01T11:56:49.313+0900] {logging_mixin.py:190} INFO - [2024-11-01T11:56:49.312+0900] {dagbag.py:588} INFO - Filling up the DagBag from /home/hamin081234/anaconda3/envs/airflow_env/lib/python3.11/site-packages/airflow/example_dags/example_bash_operator.py
[2024-11-01T11:56:49.323+0900] {processor.py:925} INFO - DAG(s) 'example_bash_operator' retrieved from /home/hamin081234/anaconda3/envs/airflow_env/lib/python3.11/site-packages/airflow/example_dags/example_bash_operator.py
[2024-11-01T11:56:49.336+0900] {logging_mixin.py:190} INFO - [2024-11-01T11:56:49.336+0900] {dag.py:3239} INFO - Sync 1 DAGs
[2024-11-01T11:56:49.348+0900] {logging_mixin.py:190} INFO - [2024-11-01T11:56:49.348+0900] {dag.py:4180} INFO - Setting next_dagrun for example_bash_operator to 2024-10-31 00:00:00+00:00, run_after=2024-11-01 00:00:00+00:00
[2024-11-01T11:56:49.366+0900] {processor.py:208} INFO - Processing /home/hamin081234/anaconda3/envs/airflow_env/lib/python3.11/site-packages/airflow/example_dags/example_bash_operator.py took 0.060 seconds
[2024-11-01T11:57:38.523+0900] {processor.py:186} INFO - Started process (PID=425279) to work on /home/hamin081234/anaconda3/envs/airflow_env/lib/python3.11/site-packages/airflow/example_dags/example_bash_operator.py
[2024-11-01T11:57:38.531+0900] {processor.py:914} INFO - Processing file /home/hamin081234/anaconda3/envs/airflow_env/lib/python3.11/site-packages/airflow/example_dags/example_bash_operator.py for tasks to queue
[2024-11-01T11:57:38.533+0900] {logging_mixin.py:190} INFO - [2024-11-01T11:57:38.533+0900] {dagbag.py:588} INFO - Filling up the DagBag from /home/hamin081234/anaconda3/envs/airflow_env/lib/python3.11/site-packages/airflow/example_dags/example_bash_operator.py
[2024-11-01T11:57:38.541+0900] {processor.py:925} INFO - DAG(s) 'example_bash_operator' retrieved from /home/hamin081234/anaconda3/envs/airflow_env/lib/python3.11/site-packages/airflow/example_dags/example_bash_operator.py
[2024-11-01T11:57:38.552+0900] {logging_mixin.py:190} INFO - [2024-11-01T11:57:38.552+0900] {dag.py:3239} INFO - Sync 1 DAGs
[2024-11-01T11:57:38.564+0900] {logging_mixin.py:190} INFO - [2024-11-01T11:57:38.564+0900] {dag.py:4180} INFO - Setting next_dagrun for example_bash_operator to 2024-10-31 00:00:00+00:00, run_after=2024-11-01 00:00:00+00:00
[2024-11-01T11:57:38.582+0900] {processor.py:208} INFO - Processing /home/hamin081234/anaconda3/envs/airflow_env/lib/python3.11/site-packages/airflow/example_dags/example_bash_operator.py took 0.064 seconds
