[2024-11-01T11:49:48.273+0900] {processor.py:186} INFO - Started process (PID=414417) to work on /home/hamin081234/anaconda3/envs/airflow_env/lib/python3.11/site-packages/airflow/example_dags/example_workday_timetable.py
[2024-11-01T11:49:48.274+0900] {processor.py:914} INFO - Processing file /home/hamin081234/anaconda3/envs/airflow_env/lib/python3.11/site-packages/airflow/example_dags/example_workday_timetable.py for tasks to queue
[2024-11-01T11:49:48.277+0900] {logging_mixin.py:190} INFO - [2024-11-01T11:49:48.277+0900] {dagbag.py:588} INFO - Filling up the DagBag from /home/hamin081234/anaconda3/envs/airflow_env/lib/python3.11/site-packages/airflow/example_dags/example_workday_timetable.py
[2024-11-01T11:49:48.284+0900] {processor.py:925} INFO - DAG(s) 'example_workday_timetable' retrieved from /home/hamin081234/anaconda3/envs/airflow_env/lib/python3.11/site-packages/airflow/example_dags/example_workday_timetable.py
[2024-11-01T11:49:48.376+0900] {logging_mixin.py:190} INFO - [2024-11-01T11:49:48.375+0900] {override.py:1900} INFO - Created Permission View: can delete on DAG:example_workday_timetable
[2024-11-01T11:49:48.395+0900] {logging_mixin.py:190} INFO - [2024-11-01T11:49:48.393+0900] {override.py:1900} INFO - Created Permission View: can edit on DAG:example_workday_timetable
[2024-11-01T11:49:48.407+0900] {logging_mixin.py:190} INFO - [2024-11-01T11:49:48.407+0900] {override.py:1900} INFO - Created Permission View: can read on DAG:example_workday_timetable
[2024-11-01T11:49:48.430+0900] {logging_mixin.py:190} INFO - [2024-11-01T11:49:48.430+0900] {override.py:1900} INFO - Created Permission View: menu access on DAG Run:example_workday_timetable
[2024-11-01T11:49:48.441+0900] {logging_mixin.py:190} INFO - [2024-11-01T11:49:48.441+0900] {override.py:1900} INFO - Created Permission View: can delete on DAG Run:example_workday_timetable
[2024-11-01T11:49:48.456+0900] {logging_mixin.py:190} INFO - [2024-11-01T11:49:48.455+0900] {override.py:1900} INFO - Created Permission View: can create on DAG Run:example_workday_timetable
[2024-11-01T11:49:48.470+0900] {logging_mixin.py:190} INFO - [2024-11-01T11:49:48.470+0900] {override.py:1900} INFO - Created Permission View: can read on DAG Run:example_workday_timetable
[2024-11-01T11:49:48.470+0900] {logging_mixin.py:190} INFO - [2024-11-01T11:49:48.470+0900] {dag.py:3239} INFO - Sync 1 DAGs
[2024-11-01T11:49:48.483+0900] {logging_mixin.py:190} INFO - [2024-11-01T11:49:48.483+0900] {dag.py:3262} INFO - Creating ORM DAG for example_workday_timetable
[2024-11-01T11:49:48.529+0900] {logging_mixin.py:190} INFO - [2024-11-01T11:49:48.529+0900] {dag.py:4180} INFO - Setting next_dagrun for example_workday_timetable to 2021-01-04 00:00:00+00:00, run_after=2021-01-05 00:00:00+00:00
[2024-11-01T11:49:48.554+0900] {processor.py:208} INFO - Processing /home/hamin081234/anaconda3/envs/airflow_env/lib/python3.11/site-packages/airflow/example_dags/example_workday_timetable.py took 0.286 seconds
[2024-11-01T11:50:44.682+0900] {processor.py:186} INFO - Started process (PID=415823) to work on /home/hamin081234/anaconda3/envs/airflow_env/lib/python3.11/site-packages/airflow/example_dags/example_workday_timetable.py
[2024-11-01T11:50:44.683+0900] {processor.py:914} INFO - Processing file /home/hamin081234/anaconda3/envs/airflow_env/lib/python3.11/site-packages/airflow/example_dags/example_workday_timetable.py for tasks to queue
[2024-11-01T11:50:44.684+0900] {logging_mixin.py:190} INFO - [2024-11-01T11:50:44.684+0900] {dagbag.py:588} INFO - Filling up the DagBag from /home/hamin081234/anaconda3/envs/airflow_env/lib/python3.11/site-packages/airflow/example_dags/example_workday_timetable.py
[2024-11-01T11:50:44.688+0900] {processor.py:925} INFO - DAG(s) 'example_workday_timetable' retrieved from /home/hamin081234/anaconda3/envs/airflow_env/lib/python3.11/site-packages/airflow/example_dags/example_workday_timetable.py
[2024-11-01T11:50:44.701+0900] {logging_mixin.py:190} INFO - [2024-11-01T11:50:44.701+0900] {dag.py:3239} INFO - Sync 1 DAGs
[2024-11-01T11:50:44.738+0900] {logging_mixin.py:190} INFO - [2024-11-01T11:50:44.738+0900] {dag.py:4180} INFO - Setting next_dagrun for example_workday_timetable to 2021-01-04 00:00:00+00:00, run_after=2021-01-05 00:00:00+00:00
[2024-11-01T11:50:44.756+0900] {processor.py:208} INFO - Processing /home/hamin081234/anaconda3/envs/airflow_env/lib/python3.11/site-packages/airflow/example_dags/example_workday_timetable.py took 0.078 seconds
[2024-11-01T11:51:39.105+0900] {processor.py:186} INFO - Started process (PID=416907) to work on /home/hamin081234/anaconda3/envs/airflow_env/lib/python3.11/site-packages/airflow/example_dags/example_workday_timetable.py
[2024-11-01T11:51:39.113+0900] {processor.py:914} INFO - Processing file /home/hamin081234/anaconda3/envs/airflow_env/lib/python3.11/site-packages/airflow/example_dags/example_workday_timetable.py for tasks to queue
[2024-11-01T11:51:39.115+0900] {logging_mixin.py:190} INFO - [2024-11-01T11:51:39.115+0900] {dagbag.py:588} INFO - Filling up the DagBag from /home/hamin081234/anaconda3/envs/airflow_env/lib/python3.11/site-packages/airflow/example_dags/example_workday_timetable.py
[2024-11-01T11:51:39.118+0900] {processor.py:925} INFO - DAG(s) 'example_workday_timetable' retrieved from /home/hamin081234/anaconda3/envs/airflow_env/lib/python3.11/site-packages/airflow/example_dags/example_workday_timetable.py
[2024-11-01T11:51:39.127+0900] {logging_mixin.py:190} INFO - [2024-11-01T11:51:39.127+0900] {dag.py:3239} INFO - Sync 1 DAGs
[2024-11-01T11:51:39.156+0900] {logging_mixin.py:190} INFO - [2024-11-01T11:51:39.156+0900] {dag.py:4180} INFO - Setting next_dagrun for example_workday_timetable to 2021-01-04 00:00:00+00:00, run_after=2021-01-05 00:00:00+00:00
[2024-11-01T11:51:39.174+0900] {processor.py:208} INFO - Processing /home/hamin081234/anaconda3/envs/airflow_env/lib/python3.11/site-packages/airflow/example_dags/example_workday_timetable.py took 0.072 seconds
[2024-11-01T11:52:41.048+0900] {processor.py:186} INFO - Started process (PID=418318) to work on /home/hamin081234/anaconda3/envs/airflow_env/lib/python3.11/site-packages/airflow/example_dags/example_workday_timetable.py
[2024-11-01T11:52:41.049+0900] {processor.py:914} INFO - Processing file /home/hamin081234/anaconda3/envs/airflow_env/lib/python3.11/site-packages/airflow/example_dags/example_workday_timetable.py for tasks to queue
[2024-11-01T11:52:41.050+0900] {logging_mixin.py:190} INFO - [2024-11-01T11:52:41.050+0900] {dagbag.py:588} INFO - Filling up the DagBag from /home/hamin081234/anaconda3/envs/airflow_env/lib/python3.11/site-packages/airflow/example_dags/example_workday_timetable.py
[2024-11-01T11:52:41.054+0900] {processor.py:925} INFO - DAG(s) 'example_workday_timetable' retrieved from /home/hamin081234/anaconda3/envs/airflow_env/lib/python3.11/site-packages/airflow/example_dags/example_workday_timetable.py
[2024-11-01T11:52:41.062+0900] {logging_mixin.py:190} INFO - [2024-11-01T11:52:41.062+0900] {dag.py:3239} INFO - Sync 1 DAGs
[2024-11-01T11:52:41.093+0900] {logging_mixin.py:190} INFO - [2024-11-01T11:52:41.093+0900] {dag.py:4180} INFO - Setting next_dagrun for example_workday_timetable to 2021-01-04 00:00:00+00:00, run_after=2021-01-05 00:00:00+00:00
[2024-11-01T11:52:41.109+0900] {processor.py:208} INFO - Processing /home/hamin081234/anaconda3/envs/airflow_env/lib/python3.11/site-packages/airflow/example_dags/example_workday_timetable.py took 0.065 seconds
[2024-11-01T11:53:35.353+0900] {processor.py:186} INFO - Started process (PID=419709) to work on /home/hamin081234/anaconda3/envs/airflow_env/lib/python3.11/site-packages/airflow/example_dags/example_workday_timetable.py
[2024-11-01T11:53:35.361+0900] {processor.py:914} INFO - Processing file /home/hamin081234/anaconda3/envs/airflow_env/lib/python3.11/site-packages/airflow/example_dags/example_workday_timetable.py for tasks to queue
[2024-11-01T11:53:35.364+0900] {logging_mixin.py:190} INFO - [2024-11-01T11:53:35.363+0900] {dagbag.py:588} INFO - Filling up the DagBag from /home/hamin081234/anaconda3/envs/airflow_env/lib/python3.11/site-packages/airflow/example_dags/example_workday_timetable.py
[2024-11-01T11:53:35.367+0900] {processor.py:925} INFO - DAG(s) 'example_workday_timetable' retrieved from /home/hamin081234/anaconda3/envs/airflow_env/lib/python3.11/site-packages/airflow/example_dags/example_workday_timetable.py
[2024-11-01T11:53:35.376+0900] {logging_mixin.py:190} INFO - [2024-11-01T11:53:35.376+0900] {dag.py:3239} INFO - Sync 1 DAGs
[2024-11-01T11:53:35.408+0900] {logging_mixin.py:190} INFO - [2024-11-01T11:53:35.408+0900] {dag.py:4180} INFO - Setting next_dagrun for example_workday_timetable to 2021-01-04 00:00:00+00:00, run_after=2021-01-05 00:00:00+00:00
[2024-11-01T11:53:35.428+0900] {processor.py:208} INFO - Processing /home/hamin081234/anaconda3/envs/airflow_env/lib/python3.11/site-packages/airflow/example_dags/example_workday_timetable.py took 0.079 seconds
[2024-11-01T11:54:50.005+0900] {processor.py:186} INFO - Started process (PID=421474) to work on /home/hamin081234/anaconda3/envs/airflow_env/lib/python3.11/site-packages/airflow/example_dags/example_workday_timetable.py
[2024-11-01T11:54:50.014+0900] {processor.py:914} INFO - Processing file /home/hamin081234/anaconda3/envs/airflow_env/lib/python3.11/site-packages/airflow/example_dags/example_workday_timetable.py for tasks to queue
[2024-11-01T11:54:50.015+0900] {logging_mixin.py:190} INFO - [2024-11-01T11:54:50.015+0900] {dagbag.py:588} INFO - Filling up the DagBag from /home/hamin081234/anaconda3/envs/airflow_env/lib/python3.11/site-packages/airflow/example_dags/example_workday_timetable.py
[2024-11-01T11:54:50.019+0900] {processor.py:925} INFO - DAG(s) 'example_workday_timetable' retrieved from /home/hamin081234/anaconda3/envs/airflow_env/lib/python3.11/site-packages/airflow/example_dags/example_workday_timetable.py
[2024-11-01T11:54:50.027+0900] {logging_mixin.py:190} INFO - [2024-11-01T11:54:50.027+0900] {dag.py:3239} INFO - Sync 1 DAGs
[2024-11-01T11:54:50.057+0900] {logging_mixin.py:190} INFO - [2024-11-01T11:54:50.056+0900] {dag.py:4180} INFO - Setting next_dagrun for example_workday_timetable to 2021-01-04 00:00:00+00:00, run_after=2021-01-05 00:00:00+00:00
[2024-11-01T11:54:50.074+0900] {processor.py:208} INFO - Processing /home/hamin081234/anaconda3/envs/airflow_env/lib/python3.11/site-packages/airflow/example_dags/example_workday_timetable.py took 0.072 seconds
[2024-11-01T11:55:40.824+0900] {processor.py:186} INFO - Started process (PID=422478) to work on /home/hamin081234/anaconda3/envs/airflow_env/lib/python3.11/site-packages/airflow/example_dags/example_workday_timetable.py
[2024-11-01T11:55:40.832+0900] {processor.py:914} INFO - Processing file /home/hamin081234/anaconda3/envs/airflow_env/lib/python3.11/site-packages/airflow/example_dags/example_workday_timetable.py for tasks to queue
[2024-11-01T11:55:40.834+0900] {logging_mixin.py:190} INFO - [2024-11-01T11:55:40.834+0900] {dagbag.py:588} INFO - Filling up the DagBag from /home/hamin081234/anaconda3/envs/airflow_env/lib/python3.11/site-packages/airflow/example_dags/example_workday_timetable.py
[2024-11-01T11:55:40.838+0900] {processor.py:925} INFO - DAG(s) 'example_workday_timetable' retrieved from /home/hamin081234/anaconda3/envs/airflow_env/lib/python3.11/site-packages/airflow/example_dags/example_workday_timetable.py
[2024-11-01T11:55:40.847+0900] {logging_mixin.py:190} INFO - [2024-11-01T11:55:40.847+0900] {dag.py:3239} INFO - Sync 1 DAGs
[2024-11-01T11:55:40.876+0900] {logging_mixin.py:190} INFO - [2024-11-01T11:55:40.876+0900] {dag.py:4180} INFO - Setting next_dagrun for example_workday_timetable to 2021-01-04 00:00:00+00:00, run_after=2021-01-05 00:00:00+00:00
[2024-11-01T11:55:40.895+0900] {processor.py:208} INFO - Processing /home/hamin081234/anaconda3/envs/airflow_env/lib/python3.11/site-packages/airflow/example_dags/example_workday_timetable.py took 0.075 seconds
[2024-11-01T11:56:33.591+0900] {processor.py:186} INFO - Started process (PID=423683) to work on /home/hamin081234/anaconda3/envs/airflow_env/lib/python3.11/site-packages/airflow/example_dags/example_workday_timetable.py
[2024-11-01T11:56:33.599+0900] {processor.py:914} INFO - Processing file /home/hamin081234/anaconda3/envs/airflow_env/lib/python3.11/site-packages/airflow/example_dags/example_workday_timetable.py for tasks to queue
[2024-11-01T11:56:33.600+0900] {logging_mixin.py:190} INFO - [2024-11-01T11:56:33.600+0900] {dagbag.py:588} INFO - Filling up the DagBag from /home/hamin081234/anaconda3/envs/airflow_env/lib/python3.11/site-packages/airflow/example_dags/example_workday_timetable.py
[2024-11-01T11:56:33.604+0900] {processor.py:925} INFO - DAG(s) 'example_workday_timetable' retrieved from /home/hamin081234/anaconda3/envs/airflow_env/lib/python3.11/site-packages/airflow/example_dags/example_workday_timetable.py
[2024-11-01T11:56:33.614+0900] {logging_mixin.py:190} INFO - [2024-11-01T11:56:33.614+0900] {dag.py:3239} INFO - Sync 1 DAGs
[2024-11-01T11:56:33.645+0900] {logging_mixin.py:190} INFO - [2024-11-01T11:56:33.645+0900] {dag.py:4180} INFO - Setting next_dagrun for example_workday_timetable to 2021-01-04 00:00:00+00:00, run_after=2021-01-05 00:00:00+00:00
[2024-11-01T11:56:33.664+0900] {processor.py:208} INFO - Processing /home/hamin081234/anaconda3/envs/airflow_env/lib/python3.11/site-packages/airflow/example_dags/example_workday_timetable.py took 0.077 seconds
[2024-11-01T11:57:47.529+0900] {processor.py:186} INFO - Started process (PID=425418) to work on /home/hamin081234/anaconda3/envs/airflow_env/lib/python3.11/site-packages/airflow/example_dags/example_workday_timetable.py
[2024-11-01T11:57:47.538+0900] {processor.py:914} INFO - Processing file /home/hamin081234/anaconda3/envs/airflow_env/lib/python3.11/site-packages/airflow/example_dags/example_workday_timetable.py for tasks to queue
[2024-11-01T11:57:47.539+0900] {logging_mixin.py:190} INFO - [2024-11-01T11:57:47.539+0900] {dagbag.py:588} INFO - Filling up the DagBag from /home/hamin081234/anaconda3/envs/airflow_env/lib/python3.11/site-packages/airflow/example_dags/example_workday_timetable.py
[2024-11-01T11:57:47.543+0900] {processor.py:925} INFO - DAG(s) 'example_workday_timetable' retrieved from /home/hamin081234/anaconda3/envs/airflow_env/lib/python3.11/site-packages/airflow/example_dags/example_workday_timetable.py
[2024-11-01T11:57:47.552+0900] {logging_mixin.py:190} INFO - [2024-11-01T11:57:47.552+0900] {dag.py:3239} INFO - Sync 1 DAGs
[2024-11-01T11:57:47.582+0900] {logging_mixin.py:190} INFO - [2024-11-01T11:57:47.582+0900] {dag.py:4180} INFO - Setting next_dagrun for example_workday_timetable to 2021-01-04 00:00:00+00:00, run_after=2021-01-05 00:00:00+00:00
[2024-11-01T11:57:47.603+0900] {processor.py:208} INFO - Processing /home/hamin081234/anaconda3/envs/airflow_env/lib/python3.11/site-packages/airflow/example_dags/example_workday_timetable.py took 0.077 seconds
