[2024-11-01T11:49:33.596+0900] {processor.py:186} INFO - Started process (PID=414147) to work on /home/hamin081234/anaconda3/envs/airflow_env/lib/python3.11/site-packages/airflow/example_dags/example_latest_only_with_trigger.py
[2024-11-01T11:49:33.596+0900] {processor.py:914} INFO - Processing file /home/hamin081234/anaconda3/envs/airflow_env/lib/python3.11/site-packages/airflow/example_dags/example_latest_only_with_trigger.py for tasks to queue
[2024-11-01T11:49:33.598+0900] {logging_mixin.py:190} INFO - [2024-11-01T11:49:33.598+0900] {dagbag.py:588} INFO - Filling up the DagBag from /home/hamin081234/anaconda3/envs/airflow_env/lib/python3.11/site-packages/airflow/example_dags/example_latest_only_with_trigger.py
[2024-11-01T11:49:33.603+0900] {processor.py:925} INFO - DAG(s) 'latest_only_with_trigger' retrieved from /home/hamin081234/anaconda3/envs/airflow_env/lib/python3.11/site-packages/airflow/example_dags/example_latest_only_with_trigger.py
[2024-11-01T11:49:33.671+0900] {logging_mixin.py:190} INFO - [2024-11-01T11:49:33.671+0900] {override.py:1900} INFO - Created Permission View: can delete on DAG:latest_only_with_trigger
[2024-11-01T11:49:33.683+0900] {logging_mixin.py:190} INFO - [2024-11-01T11:49:33.683+0900] {override.py:1900} INFO - Created Permission View: can edit on DAG:latest_only_with_trigger
[2024-11-01T11:49:33.693+0900] {logging_mixin.py:190} INFO - [2024-11-01T11:49:33.693+0900] {override.py:1900} INFO - Created Permission View: can read on DAG:latest_only_with_trigger
[2024-11-01T11:49:33.713+0900] {logging_mixin.py:190} INFO - [2024-11-01T11:49:33.713+0900] {override.py:1900} INFO - Created Permission View: menu access on DAG Run:latest_only_with_trigger
[2024-11-01T11:49:33.723+0900] {logging_mixin.py:190} INFO - [2024-11-01T11:49:33.723+0900] {override.py:1900} INFO - Created Permission View: can delete on DAG Run:latest_only_with_trigger
[2024-11-01T11:49:33.733+0900] {logging_mixin.py:190} INFO - [2024-11-01T11:49:33.733+0900] {override.py:1900} INFO - Created Permission View: can create on DAG Run:latest_only_with_trigger
[2024-11-01T11:49:33.743+0900] {logging_mixin.py:190} INFO - [2024-11-01T11:49:33.743+0900] {override.py:1900} INFO - Created Permission View: can read on DAG Run:latest_only_with_trigger
[2024-11-01T11:49:33.743+0900] {logging_mixin.py:190} INFO - [2024-11-01T11:49:33.743+0900] {dag.py:3239} INFO - Sync 1 DAGs
[2024-11-01T11:49:33.749+0900] {logging_mixin.py:190} INFO - [2024-11-01T11:49:33.749+0900] {dag.py:3262} INFO - Creating ORM DAG for latest_only_with_trigger
[2024-11-01T11:49:33.754+0900] {logging_mixin.py:190} INFO - [2024-11-01T11:49:33.754+0900] {dag.py:4180} INFO - Setting next_dagrun for latest_only_with_trigger to 2024-10-31 20:00:00+00:00, run_after=2024-11-01 00:00:00+00:00
[2024-11-01T11:49:33.775+0900] {processor.py:208} INFO - Processing /home/hamin081234/anaconda3/envs/airflow_env/lib/python3.11/site-packages/airflow/example_dags/example_latest_only_with_trigger.py took 0.183 seconds
[2024-11-01T11:50:31.158+0900] {processor.py:186} INFO - Started process (PID=415496) to work on /home/hamin081234/anaconda3/envs/airflow_env/lib/python3.11/site-packages/airflow/example_dags/example_latest_only_with_trigger.py
[2024-11-01T11:50:31.160+0900] {processor.py:914} INFO - Processing file /home/hamin081234/anaconda3/envs/airflow_env/lib/python3.11/site-packages/airflow/example_dags/example_latest_only_with_trigger.py for tasks to queue
[2024-11-01T11:50:31.161+0900] {logging_mixin.py:190} INFO - [2024-11-01T11:50:31.161+0900] {dagbag.py:588} INFO - Filling up the DagBag from /home/hamin081234/anaconda3/envs/airflow_env/lib/python3.11/site-packages/airflow/example_dags/example_latest_only_with_trigger.py
[2024-11-01T11:50:31.166+0900] {processor.py:925} INFO - DAG(s) 'latest_only_with_trigger' retrieved from /home/hamin081234/anaconda3/envs/airflow_env/lib/python3.11/site-packages/airflow/example_dags/example_latest_only_with_trigger.py
[2024-11-01T11:50:31.176+0900] {logging_mixin.py:190} INFO - [2024-11-01T11:50:31.176+0900] {dag.py:3239} INFO - Sync 1 DAGs
[2024-11-01T11:50:31.191+0900] {logging_mixin.py:190} INFO - [2024-11-01T11:50:31.191+0900] {dag.py:4180} INFO - Setting next_dagrun for latest_only_with_trigger to 2024-10-31 20:00:00+00:00, run_after=2024-11-01 00:00:00+00:00
[2024-11-01T11:50:31.212+0900] {processor.py:208} INFO - Processing /home/hamin081234/anaconda3/envs/airflow_env/lib/python3.11/site-packages/airflow/example_dags/example_latest_only_with_trigger.py took 0.057 seconds
[2024-11-01T11:51:25.950+0900] {processor.py:186} INFO - Started process (PID=416532) to work on /home/hamin081234/anaconda3/envs/airflow_env/lib/python3.11/site-packages/airflow/example_dags/example_latest_only_with_trigger.py
[2024-11-01T11:51:25.950+0900] {processor.py:914} INFO - Processing file /home/hamin081234/anaconda3/envs/airflow_env/lib/python3.11/site-packages/airflow/example_dags/example_latest_only_with_trigger.py for tasks to queue
[2024-11-01T11:51:25.952+0900] {logging_mixin.py:190} INFO - [2024-11-01T11:51:25.952+0900] {dagbag.py:588} INFO - Filling up the DagBag from /home/hamin081234/anaconda3/envs/airflow_env/lib/python3.11/site-packages/airflow/example_dags/example_latest_only_with_trigger.py
[2024-11-01T11:51:25.957+0900] {processor.py:925} INFO - DAG(s) 'latest_only_with_trigger' retrieved from /home/hamin081234/anaconda3/envs/airflow_env/lib/python3.11/site-packages/airflow/example_dags/example_latest_only_with_trigger.py
[2024-11-01T11:51:25.968+0900] {logging_mixin.py:190} INFO - [2024-11-01T11:51:25.967+0900] {dag.py:3239} INFO - Sync 1 DAGs
[2024-11-01T11:51:25.978+0900] {logging_mixin.py:190} INFO - [2024-11-01T11:51:25.978+0900] {dag.py:4180} INFO - Setting next_dagrun for latest_only_with_trigger to 2024-10-31 20:00:00+00:00, run_after=2024-11-01 00:00:00+00:00
[2024-11-01T11:51:25.996+0900] {processor.py:208} INFO - Processing /home/hamin081234/anaconda3/envs/airflow_env/lib/python3.11/site-packages/airflow/example_dags/example_latest_only_with_trigger.py took 0.050 seconds
[2024-11-01T11:52:27.479+0900] {processor.py:186} INFO - Started process (PID=418129) to work on /home/hamin081234/anaconda3/envs/airflow_env/lib/python3.11/site-packages/airflow/example_dags/example_latest_only_with_trigger.py
[2024-11-01T11:52:27.487+0900] {processor.py:914} INFO - Processing file /home/hamin081234/anaconda3/envs/airflow_env/lib/python3.11/site-packages/airflow/example_dags/example_latest_only_with_trigger.py for tasks to queue
[2024-11-01T11:52:27.489+0900] {logging_mixin.py:190} INFO - [2024-11-01T11:52:27.488+0900] {dagbag.py:588} INFO - Filling up the DagBag from /home/hamin081234/anaconda3/envs/airflow_env/lib/python3.11/site-packages/airflow/example_dags/example_latest_only_with_trigger.py
[2024-11-01T11:52:27.493+0900] {processor.py:925} INFO - DAG(s) 'latest_only_with_trigger' retrieved from /home/hamin081234/anaconda3/envs/airflow_env/lib/python3.11/site-packages/airflow/example_dags/example_latest_only_with_trigger.py
[2024-11-01T11:52:27.503+0900] {logging_mixin.py:190} INFO - [2024-11-01T11:52:27.503+0900] {dag.py:3239} INFO - Sync 1 DAGs
[2024-11-01T11:52:27.514+0900] {logging_mixin.py:190} INFO - [2024-11-01T11:52:27.514+0900] {dag.py:4180} INFO - Setting next_dagrun for latest_only_with_trigger to 2024-10-31 20:00:00+00:00, run_after=2024-11-01 00:00:00+00:00
[2024-11-01T11:52:27.532+0900] {processor.py:208} INFO - Processing /home/hamin081234/anaconda3/envs/airflow_env/lib/python3.11/site-packages/airflow/example_dags/example_latest_only_with_trigger.py took 0.057 seconds
[2024-11-01T11:53:22.187+0900] {processor.py:186} INFO - Started process (PID=419442) to work on /home/hamin081234/anaconda3/envs/airflow_env/lib/python3.11/site-packages/airflow/example_dags/example_latest_only_with_trigger.py
[2024-11-01T11:53:22.195+0900] {processor.py:914} INFO - Processing file /home/hamin081234/anaconda3/envs/airflow_env/lib/python3.11/site-packages/airflow/example_dags/example_latest_only_with_trigger.py for tasks to queue
[2024-11-01T11:53:22.198+0900] {logging_mixin.py:190} INFO - [2024-11-01T11:53:22.198+0900] {dagbag.py:588} INFO - Filling up the DagBag from /home/hamin081234/anaconda3/envs/airflow_env/lib/python3.11/site-packages/airflow/example_dags/example_latest_only_with_trigger.py
[2024-11-01T11:53:22.204+0900] {processor.py:925} INFO - DAG(s) 'latest_only_with_trigger' retrieved from /home/hamin081234/anaconda3/envs/airflow_env/lib/python3.11/site-packages/airflow/example_dags/example_latest_only_with_trigger.py
[2024-11-01T11:53:22.214+0900] {logging_mixin.py:190} INFO - [2024-11-01T11:53:22.214+0900] {dag.py:3239} INFO - Sync 1 DAGs
[2024-11-01T11:53:22.227+0900] {logging_mixin.py:190} INFO - [2024-11-01T11:53:22.227+0900] {dag.py:4180} INFO - Setting next_dagrun for latest_only_with_trigger to 2024-10-31 20:00:00+00:00, run_after=2024-11-01 00:00:00+00:00
[2024-11-01T11:53:22.247+0900] {processor.py:208} INFO - Processing /home/hamin081234/anaconda3/envs/airflow_env/lib/python3.11/site-packages/airflow/example_dags/example_latest_only_with_trigger.py took 0.064 seconds
[2024-11-01T11:54:13.475+0900] {processor.py:186} INFO - Started process (PID=420483) to work on /home/hamin081234/anaconda3/envs/airflow_env/lib/python3.11/site-packages/airflow/example_dags/example_latest_only_with_trigger.py
[2024-11-01T11:54:13.475+0900] {processor.py:914} INFO - Processing file /home/hamin081234/anaconda3/envs/airflow_env/lib/python3.11/site-packages/airflow/example_dags/example_latest_only_with_trigger.py for tasks to queue
[2024-11-01T11:54:13.477+0900] {logging_mixin.py:190} INFO - [2024-11-01T11:54:13.477+0900] {dagbag.py:588} INFO - Filling up the DagBag from /home/hamin081234/anaconda3/envs/airflow_env/lib/python3.11/site-packages/airflow/example_dags/example_latest_only_with_trigger.py
[2024-11-01T11:54:13.482+0900] {processor.py:925} INFO - DAG(s) 'latest_only_with_trigger' retrieved from /home/hamin081234/anaconda3/envs/airflow_env/lib/python3.11/site-packages/airflow/example_dags/example_latest_only_with_trigger.py
[2024-11-01T11:54:13.492+0900] {logging_mixin.py:190} INFO - [2024-11-01T11:54:13.492+0900] {dag.py:3239} INFO - Sync 1 DAGs
[2024-11-01T11:54:13.503+0900] {logging_mixin.py:190} INFO - [2024-11-01T11:54:13.502+0900] {dag.py:4180} INFO - Setting next_dagrun for latest_only_with_trigger to 2024-10-31 20:00:00+00:00, run_after=2024-11-01 00:00:00+00:00
[2024-11-01T11:54:13.519+0900] {processor.py:208} INFO - Processing /home/hamin081234/anaconda3/envs/airflow_env/lib/python3.11/site-packages/airflow/example_dags/example_latest_only_with_trigger.py took 0.049 seconds
[2024-11-01T11:55:05.428+0900] {processor.py:186} INFO - Started process (PID=421724) to work on /home/hamin081234/anaconda3/envs/airflow_env/lib/python3.11/site-packages/airflow/example_dags/example_latest_only_with_trigger.py
[2024-11-01T11:55:05.436+0900] {processor.py:914} INFO - Processing file /home/hamin081234/anaconda3/envs/airflow_env/lib/python3.11/site-packages/airflow/example_dags/example_latest_only_with_trigger.py for tasks to queue
[2024-11-01T11:55:05.438+0900] {logging_mixin.py:190} INFO - [2024-11-01T11:55:05.438+0900] {dagbag.py:588} INFO - Filling up the DagBag from /home/hamin081234/anaconda3/envs/airflow_env/lib/python3.11/site-packages/airflow/example_dags/example_latest_only_with_trigger.py
[2024-11-01T11:55:05.443+0900] {processor.py:925} INFO - DAG(s) 'latest_only_with_trigger' retrieved from /home/hamin081234/anaconda3/envs/airflow_env/lib/python3.11/site-packages/airflow/example_dags/example_latest_only_with_trigger.py
[2024-11-01T11:55:05.452+0900] {logging_mixin.py:190} INFO - [2024-11-01T11:55:05.452+0900] {dag.py:3239} INFO - Sync 1 DAGs
[2024-11-01T11:55:05.462+0900] {logging_mixin.py:190} INFO - [2024-11-01T11:55:05.462+0900] {dag.py:4180} INFO - Setting next_dagrun for latest_only_with_trigger to 2024-10-31 20:00:00+00:00, run_after=2024-11-01 00:00:00+00:00
[2024-11-01T11:55:05.478+0900] {processor.py:208} INFO - Processing /home/hamin081234/anaconda3/envs/airflow_env/lib/python3.11/site-packages/airflow/example_dags/example_latest_only_with_trigger.py took 0.058 seconds
[2024-11-01T11:55:56.096+0900] {processor.py:186} INFO - Started process (PID=422987) to work on /home/hamin081234/anaconda3/envs/airflow_env/lib/python3.11/site-packages/airflow/example_dags/example_latest_only_with_trigger.py
[2024-11-01T11:55:56.105+0900] {processor.py:914} INFO - Processing file /home/hamin081234/anaconda3/envs/airflow_env/lib/python3.11/site-packages/airflow/example_dags/example_latest_only_with_trigger.py for tasks to queue
[2024-11-01T11:55:56.108+0900] {logging_mixin.py:190} INFO - [2024-11-01T11:55:56.107+0900] {dagbag.py:588} INFO - Filling up the DagBag from /home/hamin081234/anaconda3/envs/airflow_env/lib/python3.11/site-packages/airflow/example_dags/example_latest_only_with_trigger.py
[2024-11-01T11:55:56.117+0900] {processor.py:925} INFO - DAG(s) 'latest_only_with_trigger' retrieved from /home/hamin081234/anaconda3/envs/airflow_env/lib/python3.11/site-packages/airflow/example_dags/example_latest_only_with_trigger.py
[2024-11-01T11:55:56.126+0900] {logging_mixin.py:190} INFO - [2024-11-01T11:55:56.126+0900] {dag.py:3239} INFO - Sync 1 DAGs
[2024-11-01T11:55:56.137+0900] {logging_mixin.py:190} INFO - [2024-11-01T11:55:56.137+0900] {dag.py:4180} INFO - Setting next_dagrun for latest_only_with_trigger to 2024-10-31 20:00:00+00:00, run_after=2024-11-01 00:00:00+00:00
[2024-11-01T11:55:56.156+0900] {processor.py:208} INFO - Processing /home/hamin081234/anaconda3/envs/airflow_env/lib/python3.11/site-packages/airflow/example_dags/example_latest_only_with_trigger.py took 0.067 seconds
[2024-11-01T11:56:47.590+0900] {processor.py:186} INFO - Started process (PID=424049) to work on /home/hamin081234/anaconda3/envs/airflow_env/lib/python3.11/site-packages/airflow/example_dags/example_latest_only_with_trigger.py
[2024-11-01T11:56:47.598+0900] {processor.py:914} INFO - Processing file /home/hamin081234/anaconda3/envs/airflow_env/lib/python3.11/site-packages/airflow/example_dags/example_latest_only_with_trigger.py for tasks to queue
[2024-11-01T11:56:47.599+0900] {logging_mixin.py:190} INFO - [2024-11-01T11:56:47.599+0900] {dagbag.py:588} INFO - Filling up the DagBag from /home/hamin081234/anaconda3/envs/airflow_env/lib/python3.11/site-packages/airflow/example_dags/example_latest_only_with_trigger.py
[2024-11-01T11:56:47.604+0900] {processor.py:925} INFO - DAG(s) 'latest_only_with_trigger' retrieved from /home/hamin081234/anaconda3/envs/airflow_env/lib/python3.11/site-packages/airflow/example_dags/example_latest_only_with_trigger.py
[2024-11-01T11:56:47.613+0900] {logging_mixin.py:190} INFO - [2024-11-01T11:56:47.612+0900] {dag.py:3239} INFO - Sync 1 DAGs
[2024-11-01T11:56:47.624+0900] {logging_mixin.py:190} INFO - [2024-11-01T11:56:47.624+0900] {dag.py:4180} INFO - Setting next_dagrun for latest_only_with_trigger to 2024-10-31 20:00:00+00:00, run_after=2024-11-01 00:00:00+00:00
[2024-11-01T11:56:47.643+0900] {processor.py:208} INFO - Processing /home/hamin081234/anaconda3/envs/airflow_env/lib/python3.11/site-packages/airflow/example_dags/example_latest_only_with_trigger.py took 0.057 seconds
[2024-11-01T11:57:36.262+0900] {processor.py:186} INFO - Started process (PID=425246) to work on /home/hamin081234/anaconda3/envs/airflow_env/lib/python3.11/site-packages/airflow/example_dags/example_latest_only_with_trigger.py
[2024-11-01T11:57:36.271+0900] {processor.py:914} INFO - Processing file /home/hamin081234/anaconda3/envs/airflow_env/lib/python3.11/site-packages/airflow/example_dags/example_latest_only_with_trigger.py for tasks to queue
[2024-11-01T11:57:36.273+0900] {logging_mixin.py:190} INFO - [2024-11-01T11:57:36.273+0900] {dagbag.py:588} INFO - Filling up the DagBag from /home/hamin081234/anaconda3/envs/airflow_env/lib/python3.11/site-packages/airflow/example_dags/example_latest_only_with_trigger.py
[2024-11-01T11:57:36.279+0900] {processor.py:925} INFO - DAG(s) 'latest_only_with_trigger' retrieved from /home/hamin081234/anaconda3/envs/airflow_env/lib/python3.11/site-packages/airflow/example_dags/example_latest_only_with_trigger.py
[2024-11-01T11:57:36.290+0900] {logging_mixin.py:190} INFO - [2024-11-01T11:57:36.290+0900] {dag.py:3239} INFO - Sync 1 DAGs
[2024-11-01T11:57:36.300+0900] {logging_mixin.py:190} INFO - [2024-11-01T11:57:36.300+0900] {dag.py:4180} INFO - Setting next_dagrun for latest_only_with_trigger to 2024-10-31 20:00:00+00:00, run_after=2024-11-01 00:00:00+00:00
[2024-11-01T11:57:36.318+0900] {processor.py:208} INFO - Processing /home/hamin081234/anaconda3/envs/airflow_env/lib/python3.11/site-packages/airflow/example_dags/example_latest_only_with_trigger.py took 0.060 seconds
