[2024-11-01T11:49:43.973+0900] {processor.py:186} INFO - Started process (PID=414369) to work on /home/hamin081234/anaconda3/envs/airflow_env/lib/python3.11/site-packages/airflow/example_dags/example_trigger_target_dag.py
[2024-11-01T11:49:43.974+0900] {processor.py:914} INFO - Processing file /home/hamin081234/anaconda3/envs/airflow_env/lib/python3.11/site-packages/airflow/example_dags/example_trigger_target_dag.py for tasks to queue
[2024-11-01T11:49:43.976+0900] {logging_mixin.py:190} INFO - [2024-11-01T11:49:43.976+0900] {dagbag.py:588} INFO - Filling up the DagBag from /home/hamin081234/anaconda3/envs/airflow_env/lib/python3.11/site-packages/airflow/example_dags/example_trigger_target_dag.py
[2024-11-01T11:49:43.983+0900] {processor.py:925} INFO - DAG(s) 'example_trigger_target_dag' retrieved from /home/hamin081234/anaconda3/envs/airflow_env/lib/python3.11/site-packages/airflow/example_dags/example_trigger_target_dag.py
[2024-11-01T11:49:44.066+0900] {logging_mixin.py:190} INFO - [2024-11-01T11:49:44.065+0900] {override.py:1900} INFO - Created Permission View: can delete on DAG:example_trigger_target_dag
[2024-11-01T11:49:44.080+0900] {logging_mixin.py:190} INFO - [2024-11-01T11:49:44.079+0900] {override.py:1900} INFO - Created Permission View: can edit on DAG:example_trigger_target_dag
[2024-11-01T11:49:44.091+0900] {logging_mixin.py:190} INFO - [2024-11-01T11:49:44.091+0900] {override.py:1900} INFO - Created Permission View: can read on DAG:example_trigger_target_dag
[2024-11-01T11:49:44.114+0900] {logging_mixin.py:190} INFO - [2024-11-01T11:49:44.113+0900] {override.py:1900} INFO - Created Permission View: menu access on DAG Run:example_trigger_target_dag
[2024-11-01T11:49:44.125+0900] {logging_mixin.py:190} INFO - [2024-11-01T11:49:44.125+0900] {override.py:1900} INFO - Created Permission View: can delete on DAG Run:example_trigger_target_dag
[2024-11-01T11:49:44.137+0900] {logging_mixin.py:190} INFO - [2024-11-01T11:49:44.137+0900] {override.py:1900} INFO - Created Permission View: can create on DAG Run:example_trigger_target_dag
[2024-11-01T11:49:44.150+0900] {logging_mixin.py:190} INFO - [2024-11-01T11:49:44.149+0900] {override.py:1900} INFO - Created Permission View: can read on DAG Run:example_trigger_target_dag
[2024-11-01T11:49:44.150+0900] {logging_mixin.py:190} INFO - [2024-11-01T11:49:44.150+0900] {dag.py:3239} INFO - Sync 1 DAGs
[2024-11-01T11:49:44.158+0900] {logging_mixin.py:190} INFO - [2024-11-01T11:49:44.157+0900] {dag.py:3262} INFO - Creating ORM DAG for example_trigger_target_dag
[2024-11-01T11:49:44.158+0900] {logging_mixin.py:190} INFO - [2024-11-01T11:49:44.158+0900] {dag.py:4180} INFO - Setting next_dagrun for example_trigger_target_dag to None, run_after=None
[2024-11-01T11:49:44.181+0900] {processor.py:208} INFO - Processing /home/hamin081234/anaconda3/envs/airflow_env/lib/python3.11/site-packages/airflow/example_dags/example_trigger_target_dag.py took 0.214 seconds
[2024-11-01T11:50:40.159+0900] {processor.py:186} INFO - Started process (PID=415698) to work on /home/hamin081234/anaconda3/envs/airflow_env/lib/python3.11/site-packages/airflow/example_dags/example_trigger_target_dag.py
[2024-11-01T11:50:40.160+0900] {processor.py:914} INFO - Processing file /home/hamin081234/anaconda3/envs/airflow_env/lib/python3.11/site-packages/airflow/example_dags/example_trigger_target_dag.py for tasks to queue
[2024-11-01T11:50:40.161+0900] {logging_mixin.py:190} INFO - [2024-11-01T11:50:40.161+0900] {dagbag.py:588} INFO - Filling up the DagBag from /home/hamin081234/anaconda3/envs/airflow_env/lib/python3.11/site-packages/airflow/example_dags/example_trigger_target_dag.py
[2024-11-01T11:50:40.167+0900] {processor.py:925} INFO - DAG(s) 'example_trigger_target_dag' retrieved from /home/hamin081234/anaconda3/envs/airflow_env/lib/python3.11/site-packages/airflow/example_dags/example_trigger_target_dag.py
[2024-11-01T11:50:40.176+0900] {logging_mixin.py:190} INFO - [2024-11-01T11:50:40.176+0900] {dag.py:3239} INFO - Sync 1 DAGs
[2024-11-01T11:50:40.184+0900] {logging_mixin.py:190} INFO - [2024-11-01T11:50:40.184+0900] {dag.py:4180} INFO - Setting next_dagrun for example_trigger_target_dag to None, run_after=None
[2024-11-01T11:50:40.203+0900] {processor.py:208} INFO - Processing /home/hamin081234/anaconda3/envs/airflow_env/lib/python3.11/site-packages/airflow/example_dags/example_trigger_target_dag.py took 0.047 seconds
[2024-11-01T11:51:35.119+0900] {processor.py:186} INFO - Started process (PID=416844) to work on /home/hamin081234/anaconda3/envs/airflow_env/lib/python3.11/site-packages/airflow/example_dags/example_trigger_target_dag.py
[2024-11-01T11:51:35.120+0900] {processor.py:914} INFO - Processing file /home/hamin081234/anaconda3/envs/airflow_env/lib/python3.11/site-packages/airflow/example_dags/example_trigger_target_dag.py for tasks to queue
[2024-11-01T11:51:35.122+0900] {logging_mixin.py:190} INFO - [2024-11-01T11:51:35.121+0900] {dagbag.py:588} INFO - Filling up the DagBag from /home/hamin081234/anaconda3/envs/airflow_env/lib/python3.11/site-packages/airflow/example_dags/example_trigger_target_dag.py
[2024-11-01T11:51:35.127+0900] {processor.py:925} INFO - DAG(s) 'example_trigger_target_dag' retrieved from /home/hamin081234/anaconda3/envs/airflow_env/lib/python3.11/site-packages/airflow/example_dags/example_trigger_target_dag.py
[2024-11-01T11:51:35.135+0900] {logging_mixin.py:190} INFO - [2024-11-01T11:51:35.135+0900] {dag.py:3239} INFO - Sync 1 DAGs
[2024-11-01T11:51:35.141+0900] {logging_mixin.py:190} INFO - [2024-11-01T11:51:35.141+0900] {dag.py:4180} INFO - Setting next_dagrun for example_trigger_target_dag to None, run_after=None
[2024-11-01T11:51:35.160+0900] {processor.py:208} INFO - Processing /home/hamin081234/anaconda3/envs/airflow_env/lib/python3.11/site-packages/airflow/example_dags/example_trigger_target_dag.py took 0.047 seconds
[2024-11-01T11:52:37.014+0900] {processor.py:186} INFO - Started process (PID=418274) to work on /home/hamin081234/anaconda3/envs/airflow_env/lib/python3.11/site-packages/airflow/example_dags/example_trigger_target_dag.py
[2024-11-01T11:52:37.015+0900] {processor.py:914} INFO - Processing file /home/hamin081234/anaconda3/envs/airflow_env/lib/python3.11/site-packages/airflow/example_dags/example_trigger_target_dag.py for tasks to queue
[2024-11-01T11:52:37.016+0900] {logging_mixin.py:190} INFO - [2024-11-01T11:52:37.016+0900] {dagbag.py:588} INFO - Filling up the DagBag from /home/hamin081234/anaconda3/envs/airflow_env/lib/python3.11/site-packages/airflow/example_dags/example_trigger_target_dag.py
[2024-11-01T11:52:37.021+0900] {processor.py:925} INFO - DAG(s) 'example_trigger_target_dag' retrieved from /home/hamin081234/anaconda3/envs/airflow_env/lib/python3.11/site-packages/airflow/example_dags/example_trigger_target_dag.py
[2024-11-01T11:52:37.030+0900] {logging_mixin.py:190} INFO - [2024-11-01T11:52:37.030+0900] {dag.py:3239} INFO - Sync 1 DAGs
[2024-11-01T11:52:37.038+0900] {logging_mixin.py:190} INFO - [2024-11-01T11:52:37.037+0900] {dag.py:4180} INFO - Setting next_dagrun for example_trigger_target_dag to None, run_after=None
[2024-11-01T11:52:37.055+0900] {processor.py:208} INFO - Processing /home/hamin081234/anaconda3/envs/airflow_env/lib/python3.11/site-packages/airflow/example_dags/example_trigger_target_dag.py took 0.045 seconds
[2024-11-01T11:53:31.002+0900] {processor.py:186} INFO - Started process (PID=419645) to work on /home/hamin081234/anaconda3/envs/airflow_env/lib/python3.11/site-packages/airflow/example_dags/example_trigger_target_dag.py
[2024-11-01T11:53:31.003+0900] {processor.py:914} INFO - Processing file /home/hamin081234/anaconda3/envs/airflow_env/lib/python3.11/site-packages/airflow/example_dags/example_trigger_target_dag.py for tasks to queue
[2024-11-01T11:53:31.005+0900] {logging_mixin.py:190} INFO - [2024-11-01T11:53:31.004+0900] {dagbag.py:588} INFO - Filling up the DagBag from /home/hamin081234/anaconda3/envs/airflow_env/lib/python3.11/site-packages/airflow/example_dags/example_trigger_target_dag.py
[2024-11-01T11:53:31.009+0900] {processor.py:925} INFO - DAG(s) 'example_trigger_target_dag' retrieved from /home/hamin081234/anaconda3/envs/airflow_env/lib/python3.11/site-packages/airflow/example_dags/example_trigger_target_dag.py
[2024-11-01T11:53:31.018+0900] {logging_mixin.py:190} INFO - [2024-11-01T11:53:31.017+0900] {dag.py:3239} INFO - Sync 1 DAGs
[2024-11-01T11:53:31.024+0900] {logging_mixin.py:190} INFO - [2024-11-01T11:53:31.024+0900] {dag.py:4180} INFO - Setting next_dagrun for example_trigger_target_dag to None, run_after=None
[2024-11-01T11:53:31.041+0900] {processor.py:208} INFO - Processing /home/hamin081234/anaconda3/envs/airflow_env/lib/python3.11/site-packages/airflow/example_dags/example_trigger_target_dag.py took 0.043 seconds
[2024-11-01T11:54:21.522+0900] {processor.py:186} INFO - Started process (PID=420630) to work on /home/hamin081234/anaconda3/envs/airflow_env/lib/python3.11/site-packages/airflow/example_dags/example_trigger_target_dag.py
[2024-11-01T11:54:21.530+0900] {processor.py:914} INFO - Processing file /home/hamin081234/anaconda3/envs/airflow_env/lib/python3.11/site-packages/airflow/example_dags/example_trigger_target_dag.py for tasks to queue
[2024-11-01T11:54:21.532+0900] {logging_mixin.py:190} INFO - [2024-11-01T11:54:21.532+0900] {dagbag.py:588} INFO - Filling up the DagBag from /home/hamin081234/anaconda3/envs/airflow_env/lib/python3.11/site-packages/airflow/example_dags/example_trigger_target_dag.py
[2024-11-01T11:54:21.538+0900] {processor.py:925} INFO - DAG(s) 'example_trigger_target_dag' retrieved from /home/hamin081234/anaconda3/envs/airflow_env/lib/python3.11/site-packages/airflow/example_dags/example_trigger_target_dag.py
[2024-11-01T11:54:21.546+0900] {logging_mixin.py:190} INFO - [2024-11-01T11:54:21.546+0900] {dag.py:3239} INFO - Sync 1 DAGs
[2024-11-01T11:54:21.553+0900] {logging_mixin.py:190} INFO - [2024-11-01T11:54:21.553+0900] {dag.py:4180} INFO - Setting next_dagrun for example_trigger_target_dag to None, run_after=None
[2024-11-01T11:54:21.570+0900] {processor.py:208} INFO - Processing /home/hamin081234/anaconda3/envs/airflow_env/lib/python3.11/site-packages/airflow/example_dags/example_trigger_target_dag.py took 0.055 seconds
[2024-11-01T11:55:14.425+0900] {processor.py:186} INFO - Started process (PID=421858) to work on /home/hamin081234/anaconda3/envs/airflow_env/lib/python3.11/site-packages/airflow/example_dags/example_trigger_target_dag.py
[2024-11-01T11:55:14.428+0900] {processor.py:914} INFO - Processing file /home/hamin081234/anaconda3/envs/airflow_env/lib/python3.11/site-packages/airflow/example_dags/example_trigger_target_dag.py for tasks to queue
[2024-11-01T11:55:14.430+0900] {logging_mixin.py:190} INFO - [2024-11-01T11:55:14.430+0900] {dagbag.py:588} INFO - Filling up the DagBag from /home/hamin081234/anaconda3/envs/airflow_env/lib/python3.11/site-packages/airflow/example_dags/example_trigger_target_dag.py
[2024-11-01T11:55:14.435+0900] {processor.py:925} INFO - DAG(s) 'example_trigger_target_dag' retrieved from /home/hamin081234/anaconda3/envs/airflow_env/lib/python3.11/site-packages/airflow/example_dags/example_trigger_target_dag.py
[2024-11-01T11:55:14.444+0900] {logging_mixin.py:190} INFO - [2024-11-01T11:55:14.443+0900] {dag.py:3239} INFO - Sync 1 DAGs
[2024-11-01T11:55:14.450+0900] {logging_mixin.py:190} INFO - [2024-11-01T11:55:14.450+0900] {dag.py:4180} INFO - Setting next_dagrun for example_trigger_target_dag to None, run_after=None
[2024-11-01T11:55:14.468+0900] {processor.py:208} INFO - Processing /home/hamin081234/anaconda3/envs/airflow_env/lib/python3.11/site-packages/airflow/example_dags/example_trigger_target_dag.py took 0.049 seconds
[2024-11-01T11:56:05.085+0900] {processor.py:186} INFO - Started process (PID=423174) to work on /home/hamin081234/anaconda3/envs/airflow_env/lib/python3.11/site-packages/airflow/example_dags/example_trigger_target_dag.py
[2024-11-01T11:56:05.087+0900] {processor.py:914} INFO - Processing file /home/hamin081234/anaconda3/envs/airflow_env/lib/python3.11/site-packages/airflow/example_dags/example_trigger_target_dag.py for tasks to queue
[2024-11-01T11:56:05.088+0900] {logging_mixin.py:190} INFO - [2024-11-01T11:56:05.088+0900] {dagbag.py:588} INFO - Filling up the DagBag from /home/hamin081234/anaconda3/envs/airflow_env/lib/python3.11/site-packages/airflow/example_dags/example_trigger_target_dag.py
[2024-11-01T11:56:05.093+0900] {processor.py:925} INFO - DAG(s) 'example_trigger_target_dag' retrieved from /home/hamin081234/anaconda3/envs/airflow_env/lib/python3.11/site-packages/airflow/example_dags/example_trigger_target_dag.py
[2024-11-01T11:56:05.101+0900] {logging_mixin.py:190} INFO - [2024-11-01T11:56:05.101+0900] {dag.py:3239} INFO - Sync 1 DAGs
[2024-11-01T11:56:05.108+0900] {logging_mixin.py:190} INFO - [2024-11-01T11:56:05.108+0900] {dag.py:4180} INFO - Setting next_dagrun for example_trigger_target_dag to None, run_after=None
[2024-11-01T11:56:05.125+0900] {processor.py:208} INFO - Processing /home/hamin081234/anaconda3/envs/airflow_env/lib/python3.11/site-packages/airflow/example_dags/example_trigger_target_dag.py took 0.044 seconds
[2024-11-01T11:56:55.741+0900] {processor.py:186} INFO - Started process (PID=424197) to work on /home/hamin081234/anaconda3/envs/airflow_env/lib/python3.11/site-packages/airflow/example_dags/example_trigger_target_dag.py
[2024-11-01T11:56:55.742+0900] {processor.py:914} INFO - Processing file /home/hamin081234/anaconda3/envs/airflow_env/lib/python3.11/site-packages/airflow/example_dags/example_trigger_target_dag.py for tasks to queue
[2024-11-01T11:56:55.745+0900] {logging_mixin.py:190} INFO - [2024-11-01T11:56:55.745+0900] {dagbag.py:588} INFO - Filling up the DagBag from /home/hamin081234/anaconda3/envs/airflow_env/lib/python3.11/site-packages/airflow/example_dags/example_trigger_target_dag.py
[2024-11-01T11:56:55.753+0900] {processor.py:925} INFO - DAG(s) 'example_trigger_target_dag' retrieved from /home/hamin081234/anaconda3/envs/airflow_env/lib/python3.11/site-packages/airflow/example_dags/example_trigger_target_dag.py
[2024-11-01T11:56:55.766+0900] {logging_mixin.py:190} INFO - [2024-11-01T11:56:55.766+0900] {dag.py:3239} INFO - Sync 1 DAGs
[2024-11-01T11:56:55.776+0900] {logging_mixin.py:190} INFO - [2024-11-01T11:56:55.776+0900] {dag.py:4180} INFO - Setting next_dagrun for example_trigger_target_dag to None, run_after=None
[2024-11-01T11:56:55.798+0900] {processor.py:208} INFO - Processing /home/hamin081234/anaconda3/envs/airflow_env/lib/python3.11/site-packages/airflow/example_dags/example_trigger_target_dag.py took 0.064 seconds
[2024-11-01T11:57:45.852+0900] {processor.py:186} INFO - Started process (PID=425391) to work on /home/hamin081234/anaconda3/envs/airflow_env/lib/python3.11/site-packages/airflow/example_dags/example_trigger_target_dag.py
[2024-11-01T11:57:45.853+0900] {processor.py:914} INFO - Processing file /home/hamin081234/anaconda3/envs/airflow_env/lib/python3.11/site-packages/airflow/example_dags/example_trigger_target_dag.py for tasks to queue
[2024-11-01T11:57:45.855+0900] {logging_mixin.py:190} INFO - [2024-11-01T11:57:45.854+0900] {dagbag.py:588} INFO - Filling up the DagBag from /home/hamin081234/anaconda3/envs/airflow_env/lib/python3.11/site-packages/airflow/example_dags/example_trigger_target_dag.py
[2024-11-01T11:57:45.860+0900] {processor.py:925} INFO - DAG(s) 'example_trigger_target_dag' retrieved from /home/hamin081234/anaconda3/envs/airflow_env/lib/python3.11/site-packages/airflow/example_dags/example_trigger_target_dag.py
[2024-11-01T11:57:45.868+0900] {logging_mixin.py:190} INFO - [2024-11-01T11:57:45.868+0900] {dag.py:3239} INFO - Sync 1 DAGs
[2024-11-01T11:57:45.875+0900] {logging_mixin.py:190} INFO - [2024-11-01T11:57:45.874+0900] {dag.py:4180} INFO - Setting next_dagrun for example_trigger_target_dag to None, run_after=None
[2024-11-01T11:57:45.891+0900] {processor.py:208} INFO - Processing /home/hamin081234/anaconda3/envs/airflow_env/lib/python3.11/site-packages/airflow/example_dags/example_trigger_target_dag.py took 0.042 seconds
