[2024-11-01T11:49:28.737+0900] {processor.py:186} INFO - Started process (PID=414025) to work on /home/hamin081234/anaconda3/envs/airflow_env/lib/python3.11/site-packages/airflow/example_dags/example_params_ui_tutorial.py
[2024-11-01T11:49:28.738+0900] {processor.py:914} INFO - Processing file /home/hamin081234/anaconda3/envs/airflow_env/lib/python3.11/site-packages/airflow/example_dags/example_params_ui_tutorial.py for tasks to queue
[2024-11-01T11:49:28.739+0900] {logging_mixin.py:190} INFO - [2024-11-01T11:49:28.739+0900] {dagbag.py:588} INFO - Filling up the DagBag from /home/hamin081234/anaconda3/envs/airflow_env/lib/python3.11/site-packages/airflow/example_dags/example_params_ui_tutorial.py
[2024-11-01T11:49:28.745+0900] {processor.py:925} INFO - DAG(s) 'example_params_ui_tutorial' retrieved from /home/hamin081234/anaconda3/envs/airflow_env/lib/python3.11/site-packages/airflow/example_dags/example_params_ui_tutorial.py
[2024-11-01T11:49:28.819+0900] {logging_mixin.py:190} INFO - [2024-11-01T11:49:28.818+0900] {override.py:1900} INFO - Created Permission View: can delete on DAG:example_params_ui_tutorial
[2024-11-01T11:49:28.831+0900] {logging_mixin.py:190} INFO - [2024-11-01T11:49:28.831+0900] {override.py:1900} INFO - Created Permission View: can edit on DAG:example_params_ui_tutorial
[2024-11-01T11:49:28.841+0900] {logging_mixin.py:190} INFO - [2024-11-01T11:49:28.840+0900] {override.py:1900} INFO - Created Permission View: can read on DAG:example_params_ui_tutorial
[2024-11-01T11:49:28.861+0900] {logging_mixin.py:190} INFO - [2024-11-01T11:49:28.861+0900] {override.py:1900} INFO - Created Permission View: menu access on DAG Run:example_params_ui_tutorial
[2024-11-01T11:49:28.871+0900] {logging_mixin.py:190} INFO - [2024-11-01T11:49:28.870+0900] {override.py:1900} INFO - Created Permission View: can delete on DAG Run:example_params_ui_tutorial
[2024-11-01T11:49:28.881+0900] {logging_mixin.py:190} INFO - [2024-11-01T11:49:28.880+0900] {override.py:1900} INFO - Created Permission View: can create on DAG Run:example_params_ui_tutorial
[2024-11-01T11:49:28.891+0900] {logging_mixin.py:190} INFO - [2024-11-01T11:49:28.891+0900] {override.py:1900} INFO - Created Permission View: can read on DAG Run:example_params_ui_tutorial
[2024-11-01T11:49:28.891+0900] {logging_mixin.py:190} INFO - [2024-11-01T11:49:28.891+0900] {dag.py:3239} INFO - Sync 1 DAGs
[2024-11-01T11:49:28.896+0900] {logging_mixin.py:190} INFO - [2024-11-01T11:49:28.896+0900] {dag.py:3262} INFO - Creating ORM DAG for example_params_ui_tutorial
[2024-11-01T11:49:28.897+0900] {logging_mixin.py:190} INFO - [2024-11-01T11:49:28.897+0900] {dag.py:4180} INFO - Setting next_dagrun for example_params_ui_tutorial to None, run_after=None
[2024-11-01T11:49:28.915+0900] {processor.py:208} INFO - Processing /home/hamin081234/anaconda3/envs/airflow_env/lib/python3.11/site-packages/airflow/example_dags/example_params_ui_tutorial.py took 0.181 seconds
[2024-11-01T11:50:28.265+0900] {processor.py:186} INFO - Started process (PID=415225) to work on /home/hamin081234/anaconda3/envs/airflow_env/lib/python3.11/site-packages/airflow/example_dags/example_params_ui_tutorial.py
[2024-11-01T11:50:28.273+0900] {processor.py:914} INFO - Processing file /home/hamin081234/anaconda3/envs/airflow_env/lib/python3.11/site-packages/airflow/example_dags/example_params_ui_tutorial.py for tasks to queue
[2024-11-01T11:50:28.275+0900] {logging_mixin.py:190} INFO - [2024-11-01T11:50:28.274+0900] {dagbag.py:588} INFO - Filling up the DagBag from /home/hamin081234/anaconda3/envs/airflow_env/lib/python3.11/site-packages/airflow/example_dags/example_params_ui_tutorial.py
[2024-11-01T11:50:28.281+0900] {processor.py:925} INFO - DAG(s) 'example_params_ui_tutorial' retrieved from /home/hamin081234/anaconda3/envs/airflow_env/lib/python3.11/site-packages/airflow/example_dags/example_params_ui_tutorial.py
[2024-11-01T11:50:28.303+0900] {logging_mixin.py:190} INFO - [2024-11-01T11:50:28.303+0900] {dag.py:3239} INFO - Sync 1 DAGs
[2024-11-01T11:50:28.311+0900] {logging_mixin.py:190} INFO - [2024-11-01T11:50:28.311+0900] {dag.py:4180} INFO - Setting next_dagrun for example_params_ui_tutorial to None, run_after=None
[2024-11-01T11:50:28.340+0900] {processor.py:208} INFO - Processing /home/hamin081234/anaconda3/envs/airflow_env/lib/python3.11/site-packages/airflow/example_dags/example_params_ui_tutorial.py took 0.079 seconds
[2024-11-01T11:51:21.790+0900] {processor.py:186} INFO - Started process (PID=416445) to work on /home/hamin081234/anaconda3/envs/airflow_env/lib/python3.11/site-packages/airflow/example_dags/example_params_ui_tutorial.py
[2024-11-01T11:51:21.791+0900] {processor.py:914} INFO - Processing file /home/hamin081234/anaconda3/envs/airflow_env/lib/python3.11/site-packages/airflow/example_dags/example_params_ui_tutorial.py for tasks to queue
[2024-11-01T11:51:21.792+0900] {logging_mixin.py:190} INFO - [2024-11-01T11:51:21.792+0900] {dagbag.py:588} INFO - Filling up the DagBag from /home/hamin081234/anaconda3/envs/airflow_env/lib/python3.11/site-packages/airflow/example_dags/example_params_ui_tutorial.py
[2024-11-01T11:51:21.798+0900] {processor.py:925} INFO - DAG(s) 'example_params_ui_tutorial' retrieved from /home/hamin081234/anaconda3/envs/airflow_env/lib/python3.11/site-packages/airflow/example_dags/example_params_ui_tutorial.py
[2024-11-01T11:51:21.823+0900] {logging_mixin.py:190} INFO - [2024-11-01T11:51:21.823+0900] {dag.py:3239} INFO - Sync 1 DAGs
[2024-11-01T11:51:21.831+0900] {logging_mixin.py:190} INFO - [2024-11-01T11:51:21.831+0900] {dag.py:4180} INFO - Setting next_dagrun for example_params_ui_tutorial to None, run_after=None
[2024-11-01T11:51:21.849+0900] {processor.py:208} INFO - Processing /home/hamin081234/anaconda3/envs/airflow_env/lib/python3.11/site-packages/airflow/example_dags/example_params_ui_tutorial.py took 0.063 seconds
[2024-11-01T11:52:23.481+0900] {processor.py:186} INFO - Started process (PID=418030) to work on /home/hamin081234/anaconda3/envs/airflow_env/lib/python3.11/site-packages/airflow/example_dags/example_params_ui_tutorial.py
[2024-11-01T11:52:23.490+0900] {processor.py:914} INFO - Processing file /home/hamin081234/anaconda3/envs/airflow_env/lib/python3.11/site-packages/airflow/example_dags/example_params_ui_tutorial.py for tasks to queue
[2024-11-01T11:52:23.491+0900] {logging_mixin.py:190} INFO - [2024-11-01T11:52:23.491+0900] {dagbag.py:588} INFO - Filling up the DagBag from /home/hamin081234/anaconda3/envs/airflow_env/lib/python3.11/site-packages/airflow/example_dags/example_params_ui_tutorial.py
[2024-11-01T11:52:23.498+0900] {processor.py:925} INFO - DAG(s) 'example_params_ui_tutorial' retrieved from /home/hamin081234/anaconda3/envs/airflow_env/lib/python3.11/site-packages/airflow/example_dags/example_params_ui_tutorial.py
[2024-11-01T11:52:23.519+0900] {logging_mixin.py:190} INFO - [2024-11-01T11:52:23.519+0900] {dag.py:3239} INFO - Sync 1 DAGs
[2024-11-01T11:52:23.528+0900] {logging_mixin.py:190} INFO - [2024-11-01T11:52:23.527+0900] {dag.py:4180} INFO - Setting next_dagrun for example_params_ui_tutorial to None, run_after=None
[2024-11-01T11:52:23.547+0900] {processor.py:208} INFO - Processing /home/hamin081234/anaconda3/envs/airflow_env/lib/python3.11/site-packages/airflow/example_dags/example_params_ui_tutorial.py took 0.070 seconds
[2024-11-01T11:53:18.230+0900] {processor.py:186} INFO - Started process (PID=419380) to work on /home/hamin081234/anaconda3/envs/airflow_env/lib/python3.11/site-packages/airflow/example_dags/example_params_ui_tutorial.py
[2024-11-01T11:53:18.239+0900] {processor.py:914} INFO - Processing file /home/hamin081234/anaconda3/envs/airflow_env/lib/python3.11/site-packages/airflow/example_dags/example_params_ui_tutorial.py for tasks to queue
[2024-11-01T11:53:18.240+0900] {logging_mixin.py:190} INFO - [2024-11-01T11:53:18.240+0900] {dagbag.py:588} INFO - Filling up the DagBag from /home/hamin081234/anaconda3/envs/airflow_env/lib/python3.11/site-packages/airflow/example_dags/example_params_ui_tutorial.py
[2024-11-01T11:53:18.246+0900] {processor.py:925} INFO - DAG(s) 'example_params_ui_tutorial' retrieved from /home/hamin081234/anaconda3/envs/airflow_env/lib/python3.11/site-packages/airflow/example_dags/example_params_ui_tutorial.py
[2024-11-01T11:53:18.265+0900] {logging_mixin.py:190} INFO - [2024-11-01T11:53:18.265+0900] {dag.py:3239} INFO - Sync 1 DAGs
[2024-11-01T11:53:18.272+0900] {logging_mixin.py:190} INFO - [2024-11-01T11:53:18.272+0900] {dag.py:4180} INFO - Setting next_dagrun for example_params_ui_tutorial to None, run_after=None
[2024-11-01T11:53:18.290+0900] {processor.py:208} INFO - Processing /home/hamin081234/anaconda3/envs/airflow_env/lib/python3.11/site-packages/airflow/example_dags/example_params_ui_tutorial.py took 0.063 seconds
[2024-11-01T11:54:09.565+0900] {processor.py:186} INFO - Started process (PID=420278) to work on /home/hamin081234/anaconda3/envs/airflow_env/lib/python3.11/site-packages/airflow/example_dags/example_params_ui_tutorial.py
[2024-11-01T11:54:09.573+0900] {processor.py:914} INFO - Processing file /home/hamin081234/anaconda3/envs/airflow_env/lib/python3.11/site-packages/airflow/example_dags/example_params_ui_tutorial.py for tasks to queue
[2024-11-01T11:54:09.574+0900] {logging_mixin.py:190} INFO - [2024-11-01T11:54:09.574+0900] {dagbag.py:588} INFO - Filling up the DagBag from /home/hamin081234/anaconda3/envs/airflow_env/lib/python3.11/site-packages/airflow/example_dags/example_params_ui_tutorial.py
[2024-11-01T11:54:09.580+0900] {processor.py:925} INFO - DAG(s) 'example_params_ui_tutorial' retrieved from /home/hamin081234/anaconda3/envs/airflow_env/lib/python3.11/site-packages/airflow/example_dags/example_params_ui_tutorial.py
[2024-11-01T11:54:09.601+0900] {logging_mixin.py:190} INFO - [2024-11-01T11:54:09.601+0900] {dag.py:3239} INFO - Sync 1 DAGs
[2024-11-01T11:54:09.608+0900] {logging_mixin.py:190} INFO - [2024-11-01T11:54:09.608+0900] {dag.py:4180} INFO - Setting next_dagrun for example_params_ui_tutorial to None, run_after=None
[2024-11-01T11:54:09.626+0900] {processor.py:208} INFO - Processing /home/hamin081234/anaconda3/envs/airflow_env/lib/python3.11/site-packages/airflow/example_dags/example_params_ui_tutorial.py took 0.065 seconds
[2024-11-01T11:55:01.758+0900] {processor.py:186} INFO - Started process (PID=421680) to work on /home/hamin081234/anaconda3/envs/airflow_env/lib/python3.11/site-packages/airflow/example_dags/example_params_ui_tutorial.py
[2024-11-01T11:55:01.766+0900] {processor.py:914} INFO - Processing file /home/hamin081234/anaconda3/envs/airflow_env/lib/python3.11/site-packages/airflow/example_dags/example_params_ui_tutorial.py for tasks to queue
[2024-11-01T11:55:01.768+0900] {logging_mixin.py:190} INFO - [2024-11-01T11:55:01.768+0900] {dagbag.py:588} INFO - Filling up the DagBag from /home/hamin081234/anaconda3/envs/airflow_env/lib/python3.11/site-packages/airflow/example_dags/example_params_ui_tutorial.py
[2024-11-01T11:55:01.774+0900] {processor.py:925} INFO - DAG(s) 'example_params_ui_tutorial' retrieved from /home/hamin081234/anaconda3/envs/airflow_env/lib/python3.11/site-packages/airflow/example_dags/example_params_ui_tutorial.py
[2024-11-01T11:55:01.793+0900] {logging_mixin.py:190} INFO - [2024-11-01T11:55:01.793+0900] {dag.py:3239} INFO - Sync 1 DAGs
[2024-11-01T11:55:01.800+0900] {logging_mixin.py:190} INFO - [2024-11-01T11:55:01.800+0900] {dag.py:4180} INFO - Setting next_dagrun for example_params_ui_tutorial to None, run_after=None
[2024-11-01T11:55:01.817+0900] {processor.py:208} INFO - Processing /home/hamin081234/anaconda3/envs/airflow_env/lib/python3.11/site-packages/airflow/example_dags/example_params_ui_tutorial.py took 0.063 seconds
[2024-11-01T11:55:52.238+0900] {processor.py:186} INFO - Started process (PID=422927) to work on /home/hamin081234/anaconda3/envs/airflow_env/lib/python3.11/site-packages/airflow/example_dags/example_params_ui_tutorial.py
[2024-11-01T11:55:52.247+0900] {processor.py:914} INFO - Processing file /home/hamin081234/anaconda3/envs/airflow_env/lib/python3.11/site-packages/airflow/example_dags/example_params_ui_tutorial.py for tasks to queue
[2024-11-01T11:55:52.248+0900] {logging_mixin.py:190} INFO - [2024-11-01T11:55:52.248+0900] {dagbag.py:588} INFO - Filling up the DagBag from /home/hamin081234/anaconda3/envs/airflow_env/lib/python3.11/site-packages/airflow/example_dags/example_params_ui_tutorial.py
[2024-11-01T11:55:52.254+0900] {processor.py:925} INFO - DAG(s) 'example_params_ui_tutorial' retrieved from /home/hamin081234/anaconda3/envs/airflow_env/lib/python3.11/site-packages/airflow/example_dags/example_params_ui_tutorial.py
[2024-11-01T11:55:52.274+0900] {logging_mixin.py:190} INFO - [2024-11-01T11:55:52.273+0900] {dag.py:3239} INFO - Sync 1 DAGs
[2024-11-01T11:55:52.281+0900] {logging_mixin.py:190} INFO - [2024-11-01T11:55:52.281+0900] {dag.py:4180} INFO - Setting next_dagrun for example_params_ui_tutorial to None, run_after=None
[2024-11-01T11:55:52.297+0900] {processor.py:208} INFO - Processing /home/hamin081234/anaconda3/envs/airflow_env/lib/python3.11/site-packages/airflow/example_dags/example_params_ui_tutorial.py took 0.063 seconds
[2024-11-01T11:56:44.172+0900] {processor.py:186} INFO - Started process (PID=423831) to work on /home/hamin081234/anaconda3/envs/airflow_env/lib/python3.11/site-packages/airflow/example_dags/example_params_ui_tutorial.py
[2024-11-01T11:56:44.180+0900] {processor.py:914} INFO - Processing file /home/hamin081234/anaconda3/envs/airflow_env/lib/python3.11/site-packages/airflow/example_dags/example_params_ui_tutorial.py for tasks to queue
[2024-11-01T11:56:44.182+0900] {logging_mixin.py:190} INFO - [2024-11-01T11:56:44.182+0900] {dagbag.py:588} INFO - Filling up the DagBag from /home/hamin081234/anaconda3/envs/airflow_env/lib/python3.11/site-packages/airflow/example_dags/example_params_ui_tutorial.py
[2024-11-01T11:56:44.187+0900] {processor.py:925} INFO - DAG(s) 'example_params_ui_tutorial' retrieved from /home/hamin081234/anaconda3/envs/airflow_env/lib/python3.11/site-packages/airflow/example_dags/example_params_ui_tutorial.py
[2024-11-01T11:56:44.207+0900] {logging_mixin.py:190} INFO - [2024-11-01T11:56:44.207+0900] {dag.py:3239} INFO - Sync 1 DAGs
[2024-11-01T11:56:44.214+0900] {logging_mixin.py:190} INFO - [2024-11-01T11:56:44.214+0900] {dag.py:4180} INFO - Setting next_dagrun for example_params_ui_tutorial to None, run_after=None
[2024-11-01T11:56:44.231+0900] {processor.py:208} INFO - Processing /home/hamin081234/anaconda3/envs/airflow_env/lib/python3.11/site-packages/airflow/example_dags/example_params_ui_tutorial.py took 0.063 seconds
[2024-11-01T11:57:33.010+0900] {processor.py:186} INFO - Started process (PID=425173) to work on /home/hamin081234/anaconda3/envs/airflow_env/lib/python3.11/site-packages/airflow/example_dags/example_params_ui_tutorial.py
[2024-11-01T11:57:33.019+0900] {processor.py:914} INFO - Processing file /home/hamin081234/anaconda3/envs/airflow_env/lib/python3.11/site-packages/airflow/example_dags/example_params_ui_tutorial.py for tasks to queue
[2024-11-01T11:57:33.021+0900] {logging_mixin.py:190} INFO - [2024-11-01T11:57:33.021+0900] {dagbag.py:588} INFO - Filling up the DagBag from /home/hamin081234/anaconda3/envs/airflow_env/lib/python3.11/site-packages/airflow/example_dags/example_params_ui_tutorial.py
[2024-11-01T11:57:33.026+0900] {processor.py:925} INFO - DAG(s) 'example_params_ui_tutorial' retrieved from /home/hamin081234/anaconda3/envs/airflow_env/lib/python3.11/site-packages/airflow/example_dags/example_params_ui_tutorial.py
[2024-11-01T11:57:33.048+0900] {logging_mixin.py:190} INFO - [2024-11-01T11:57:33.047+0900] {dag.py:3239} INFO - Sync 1 DAGs
[2024-11-01T11:57:33.055+0900] {logging_mixin.py:190} INFO - [2024-11-01T11:57:33.055+0900] {dag.py:4180} INFO - Setting next_dagrun for example_params_ui_tutorial to None, run_after=None
[2024-11-01T11:57:33.074+0900] {processor.py:208} INFO - Processing /home/hamin081234/anaconda3/envs/airflow_env/lib/python3.11/site-packages/airflow/example_dags/example_params_ui_tutorial.py took 0.069 seconds
