[2024-11-01T11:49:18.738+0900] {processor.py:186} INFO - Started process (PID=413814) to work on /home/hamin081234/anaconda3/envs/airflow_env/lib/python3.11/site-packages/airflow/example_dags/example_nested_branch_dag.py
[2024-11-01T11:49:18.739+0900] {processor.py:914} INFO - Processing file /home/hamin081234/anaconda3/envs/airflow_env/lib/python3.11/site-packages/airflow/example_dags/example_nested_branch_dag.py for tasks to queue
[2024-11-01T11:49:18.740+0900] {logging_mixin.py:190} INFO - [2024-11-01T11:49:18.740+0900] {dagbag.py:588} INFO - Filling up the DagBag from /home/hamin081234/anaconda3/envs/airflow_env/lib/python3.11/site-packages/airflow/example_dags/example_nested_branch_dag.py
[2024-11-01T11:49:18.748+0900] {processor.py:925} INFO - DAG(s) 'example_nested_branch_dag' retrieved from /home/hamin081234/anaconda3/envs/airflow_env/lib/python3.11/site-packages/airflow/example_dags/example_nested_branch_dag.py
[2024-11-01T11:49:18.814+0900] {logging_mixin.py:190} INFO - [2024-11-01T11:49:18.813+0900] {override.py:1900} INFO - Created Permission View: can delete on DAG:example_nested_branch_dag
[2024-11-01T11:49:18.828+0900] {logging_mixin.py:190} INFO - [2024-11-01T11:49:18.828+0900] {override.py:1900} INFO - Created Permission View: can edit on DAG:example_nested_branch_dag
[2024-11-01T11:49:18.838+0900] {logging_mixin.py:190} INFO - [2024-11-01T11:49:18.837+0900] {override.py:1900} INFO - Created Permission View: can read on DAG:example_nested_branch_dag
[2024-11-01T11:49:18.858+0900] {logging_mixin.py:190} INFO - [2024-11-01T11:49:18.857+0900] {override.py:1900} INFO - Created Permission View: menu access on DAG Run:example_nested_branch_dag
[2024-11-01T11:49:18.867+0900] {logging_mixin.py:190} INFO - [2024-11-01T11:49:18.867+0900] {override.py:1900} INFO - Created Permission View: can delete on DAG Run:example_nested_branch_dag
[2024-11-01T11:49:18.878+0900] {logging_mixin.py:190} INFO - [2024-11-01T11:49:18.878+0900] {override.py:1900} INFO - Created Permission View: can create on DAG Run:example_nested_branch_dag
[2024-11-01T11:49:18.888+0900] {logging_mixin.py:190} INFO - [2024-11-01T11:49:18.887+0900] {override.py:1900} INFO - Created Permission View: can read on DAG Run:example_nested_branch_dag
[2024-11-01T11:49:18.888+0900] {logging_mixin.py:190} INFO - [2024-11-01T11:49:18.888+0900] {dag.py:3239} INFO - Sync 1 DAGs
[2024-11-01T11:49:18.894+0900] {logging_mixin.py:190} INFO - [2024-11-01T11:49:18.894+0900] {dag.py:3262} INFO - Creating ORM DAG for example_nested_branch_dag
[2024-11-01T11:49:18.898+0900] {logging_mixin.py:190} INFO - [2024-11-01T11:49:18.898+0900] {dag.py:4180} INFO - Setting next_dagrun for example_nested_branch_dag to 2024-10-31 00:00:00+00:00, run_after=2024-11-01 00:00:00+00:00
[2024-11-01T11:49:18.915+0900] {processor.py:208} INFO - Processing /home/hamin081234/anaconda3/envs/airflow_env/lib/python3.11/site-packages/airflow/example_dags/example_nested_branch_dag.py took 0.181 seconds
[2024-11-01T11:50:19.111+0900] {processor.py:186} INFO - Started process (PID=415066) to work on /home/hamin081234/anaconda3/envs/airflow_env/lib/python3.11/site-packages/airflow/example_dags/example_nested_branch_dag.py
[2024-11-01T11:50:19.113+0900] {processor.py:914} INFO - Processing file /home/hamin081234/anaconda3/envs/airflow_env/lib/python3.11/site-packages/airflow/example_dags/example_nested_branch_dag.py for tasks to queue
[2024-11-01T11:50:19.114+0900] {logging_mixin.py:190} INFO - [2024-11-01T11:50:19.114+0900] {dagbag.py:588} INFO - Filling up the DagBag from /home/hamin081234/anaconda3/envs/airflow_env/lib/python3.11/site-packages/airflow/example_dags/example_nested_branch_dag.py
[2024-11-01T11:50:19.121+0900] {processor.py:925} INFO - DAG(s) 'example_nested_branch_dag' retrieved from /home/hamin081234/anaconda3/envs/airflow_env/lib/python3.11/site-packages/airflow/example_dags/example_nested_branch_dag.py
[2024-11-01T11:50:19.131+0900] {logging_mixin.py:190} INFO - [2024-11-01T11:50:19.131+0900] {dag.py:3239} INFO - Sync 1 DAGs
[2024-11-01T11:50:19.142+0900] {logging_mixin.py:190} INFO - [2024-11-01T11:50:19.142+0900] {dag.py:4180} INFO - Setting next_dagrun for example_nested_branch_dag to 2024-10-31 00:00:00+00:00, run_after=2024-11-01 00:00:00+00:00
[2024-11-01T11:50:19.159+0900] {processor.py:208} INFO - Processing /home/hamin081234/anaconda3/envs/airflow_env/lib/python3.11/site-packages/airflow/example_dags/example_nested_branch_dag.py took 0.052 seconds
[2024-11-01T11:51:11.660+0900] {processor.py:186} INFO - Started process (PID=416286) to work on /home/hamin081234/anaconda3/envs/airflow_env/lib/python3.11/site-packages/airflow/example_dags/example_nested_branch_dag.py
[2024-11-01T11:51:11.669+0900] {processor.py:914} INFO - Processing file /home/hamin081234/anaconda3/envs/airflow_env/lib/python3.11/site-packages/airflow/example_dags/example_nested_branch_dag.py for tasks to queue
[2024-11-01T11:51:11.670+0900] {logging_mixin.py:190} INFO - [2024-11-01T11:51:11.670+0900] {dagbag.py:588} INFO - Filling up the DagBag from /home/hamin081234/anaconda3/envs/airflow_env/lib/python3.11/site-packages/airflow/example_dags/example_nested_branch_dag.py
[2024-11-01T11:51:11.678+0900] {processor.py:925} INFO - DAG(s) 'example_nested_branch_dag' retrieved from /home/hamin081234/anaconda3/envs/airflow_env/lib/python3.11/site-packages/airflow/example_dags/example_nested_branch_dag.py
[2024-11-01T11:51:11.688+0900] {logging_mixin.py:190} INFO - [2024-11-01T11:51:11.688+0900] {dag.py:3239} INFO - Sync 1 DAGs
[2024-11-01T11:51:11.701+0900] {logging_mixin.py:190} INFO - [2024-11-01T11:51:11.701+0900] {dag.py:4180} INFO - Setting next_dagrun for example_nested_branch_dag to 2024-10-31 00:00:00+00:00, run_after=2024-11-01 00:00:00+00:00
[2024-11-01T11:51:11.720+0900] {processor.py:208} INFO - Processing /home/hamin081234/anaconda3/envs/airflow_env/lib/python3.11/site-packages/airflow/example_dags/example_nested_branch_dag.py took 0.064 seconds
[2024-11-01T11:52:01.171+0900] {processor.py:186} INFO - Started process (PID=417542) to work on /home/hamin081234/anaconda3/envs/airflow_env/lib/python3.11/site-packages/airflow/example_dags/example_nested_branch_dag.py
[2024-11-01T11:52:01.172+0900] {processor.py:914} INFO - Processing file /home/hamin081234/anaconda3/envs/airflow_env/lib/python3.11/site-packages/airflow/example_dags/example_nested_branch_dag.py for tasks to queue
[2024-11-01T11:52:01.173+0900] {logging_mixin.py:190} INFO - [2024-11-01T11:52:01.173+0900] {dagbag.py:588} INFO - Filling up the DagBag from /home/hamin081234/anaconda3/envs/airflow_env/lib/python3.11/site-packages/airflow/example_dags/example_nested_branch_dag.py
[2024-11-01T11:52:01.180+0900] {processor.py:925} INFO - DAG(s) 'example_nested_branch_dag' retrieved from /home/hamin081234/anaconda3/envs/airflow_env/lib/python3.11/site-packages/airflow/example_dags/example_nested_branch_dag.py
[2024-11-01T11:52:01.190+0900] {logging_mixin.py:190} INFO - [2024-11-01T11:52:01.190+0900] {dag.py:3239} INFO - Sync 1 DAGs
[2024-11-01T11:52:01.202+0900] {logging_mixin.py:190} INFO - [2024-11-01T11:52:01.202+0900] {dag.py:4180} INFO - Setting next_dagrun for example_nested_branch_dag to 2024-10-31 00:00:00+00:00, run_after=2024-11-01 00:00:00+00:00
[2024-11-01T11:52:01.220+0900] {processor.py:208} INFO - Processing /home/hamin081234/anaconda3/envs/airflow_env/lib/python3.11/site-packages/airflow/example_dags/example_nested_branch_dag.py took 0.053 seconds
[2024-11-01T11:53:01.900+0900] {processor.py:186} INFO - Started process (PID=418807) to work on /home/hamin081234/anaconda3/envs/airflow_env/lib/python3.11/site-packages/airflow/example_dags/example_nested_branch_dag.py
[2024-11-01T11:53:01.901+0900] {processor.py:914} INFO - Processing file /home/hamin081234/anaconda3/envs/airflow_env/lib/python3.11/site-packages/airflow/example_dags/example_nested_branch_dag.py for tasks to queue
[2024-11-01T11:53:01.903+0900] {logging_mixin.py:190} INFO - [2024-11-01T11:53:01.902+0900] {dagbag.py:588} INFO - Filling up the DagBag from /home/hamin081234/anaconda3/envs/airflow_env/lib/python3.11/site-packages/airflow/example_dags/example_nested_branch_dag.py
[2024-11-01T11:53:01.909+0900] {processor.py:925} INFO - DAG(s) 'example_nested_branch_dag' retrieved from /home/hamin081234/anaconda3/envs/airflow_env/lib/python3.11/site-packages/airflow/example_dags/example_nested_branch_dag.py
[2024-11-01T11:53:01.919+0900] {logging_mixin.py:190} INFO - [2024-11-01T11:53:01.919+0900] {dag.py:3239} INFO - Sync 1 DAGs
[2024-11-01T11:53:01.929+0900] {logging_mixin.py:190} INFO - [2024-11-01T11:53:01.929+0900] {dag.py:4180} INFO - Setting next_dagrun for example_nested_branch_dag to 2024-10-31 00:00:00+00:00, run_after=2024-11-01 00:00:00+00:00
[2024-11-01T11:53:01.950+0900] {processor.py:208} INFO - Processing /home/hamin081234/anaconda3/envs/airflow_env/lib/python3.11/site-packages/airflow/example_dags/example_nested_branch_dag.py took 0.054 seconds
[2024-11-01T11:53:53.515+0900] {processor.py:186} INFO - Started process (PID=420015) to work on /home/hamin081234/anaconda3/envs/airflow_env/lib/python3.11/site-packages/airflow/example_dags/example_nested_branch_dag.py
[2024-11-01T11:53:53.523+0900] {processor.py:914} INFO - Processing file /home/hamin081234/anaconda3/envs/airflow_env/lib/python3.11/site-packages/airflow/example_dags/example_nested_branch_dag.py for tasks to queue
[2024-11-01T11:53:53.525+0900] {logging_mixin.py:190} INFO - [2024-11-01T11:53:53.525+0900] {dagbag.py:588} INFO - Filling up the DagBag from /home/hamin081234/anaconda3/envs/airflow_env/lib/python3.11/site-packages/airflow/example_dags/example_nested_branch_dag.py
[2024-11-01T11:53:53.532+0900] {processor.py:925} INFO - DAG(s) 'example_nested_branch_dag' retrieved from /home/hamin081234/anaconda3/envs/airflow_env/lib/python3.11/site-packages/airflow/example_dags/example_nested_branch_dag.py
[2024-11-01T11:53:53.542+0900] {logging_mixin.py:190} INFO - [2024-11-01T11:53:53.542+0900] {dag.py:3239} INFO - Sync 1 DAGs
[2024-11-01T11:53:53.553+0900] {logging_mixin.py:190} INFO - [2024-11-01T11:53:53.553+0900] {dag.py:4180} INFO - Setting next_dagrun for example_nested_branch_dag to 2024-10-31 00:00:00+00:00, run_after=2024-11-01 00:00:00+00:00
[2024-11-01T11:53:53.573+0900] {processor.py:208} INFO - Processing /home/hamin081234/anaconda3/envs/airflow_env/lib/python3.11/site-packages/airflow/example_dags/example_nested_branch_dag.py took 0.061 seconds
[2024-11-01T11:54:46.096+0900] {processor.py:186} INFO - Started process (PID=421356) to work on /home/hamin081234/anaconda3/envs/airflow_env/lib/python3.11/site-packages/airflow/example_dags/example_nested_branch_dag.py
[2024-11-01T11:54:46.103+0900] {processor.py:914} INFO - Processing file /home/hamin081234/anaconda3/envs/airflow_env/lib/python3.11/site-packages/airflow/example_dags/example_nested_branch_dag.py for tasks to queue
[2024-11-01T11:54:46.104+0900] {logging_mixin.py:190} INFO - [2024-11-01T11:54:46.104+0900] {dagbag.py:588} INFO - Filling up the DagBag from /home/hamin081234/anaconda3/envs/airflow_env/lib/python3.11/site-packages/airflow/example_dags/example_nested_branch_dag.py
[2024-11-01T11:54:46.113+0900] {processor.py:925} INFO - DAG(s) 'example_nested_branch_dag' retrieved from /home/hamin081234/anaconda3/envs/airflow_env/lib/python3.11/site-packages/airflow/example_dags/example_nested_branch_dag.py
[2024-11-01T11:54:46.123+0900] {logging_mixin.py:190} INFO - [2024-11-01T11:54:46.123+0900] {dag.py:3239} INFO - Sync 1 DAGs
[2024-11-01T11:54:46.136+0900] {logging_mixin.py:190} INFO - [2024-11-01T11:54:46.135+0900] {dag.py:4180} INFO - Setting next_dagrun for example_nested_branch_dag to 2024-10-31 00:00:00+00:00, run_after=2024-11-01 00:00:00+00:00
[2024-11-01T11:54:46.153+0900] {processor.py:208} INFO - Processing /home/hamin081234/anaconda3/envs/airflow_env/lib/python3.11/site-packages/airflow/example_dags/example_nested_branch_dag.py took 0.062 seconds
[2024-11-01T11:55:36.944+0900] {processor.py:186} INFO - Started process (PID=422379) to work on /home/hamin081234/anaconda3/envs/airflow_env/lib/python3.11/site-packages/airflow/example_dags/example_nested_branch_dag.py
[2024-11-01T11:55:36.952+0900] {processor.py:914} INFO - Processing file /home/hamin081234/anaconda3/envs/airflow_env/lib/python3.11/site-packages/airflow/example_dags/example_nested_branch_dag.py for tasks to queue
[2024-11-01T11:55:36.954+0900] {logging_mixin.py:190} INFO - [2024-11-01T11:55:36.953+0900] {dagbag.py:588} INFO - Filling up the DagBag from /home/hamin081234/anaconda3/envs/airflow_env/lib/python3.11/site-packages/airflow/example_dags/example_nested_branch_dag.py
[2024-11-01T11:55:36.961+0900] {processor.py:925} INFO - DAG(s) 'example_nested_branch_dag' retrieved from /home/hamin081234/anaconda3/envs/airflow_env/lib/python3.11/site-packages/airflow/example_dags/example_nested_branch_dag.py
[2024-11-01T11:55:36.970+0900] {logging_mixin.py:190} INFO - [2024-11-01T11:55:36.970+0900] {dag.py:3239} INFO - Sync 1 DAGs
[2024-11-01T11:55:36.983+0900] {logging_mixin.py:190} INFO - [2024-11-01T11:55:36.982+0900] {dag.py:4180} INFO - Setting next_dagrun for example_nested_branch_dag to 2024-10-31 00:00:00+00:00, run_after=2024-11-01 00:00:00+00:00
[2024-11-01T11:55:37.001+0900] {processor.py:208} INFO - Processing /home/hamin081234/anaconda3/envs/airflow_env/lib/python3.11/site-packages/airflow/example_dags/example_nested_branch_dag.py took 0.061 seconds
[2024-11-01T11:56:28.725+0900] {processor.py:186} INFO - Started process (PID=423605) to work on /home/hamin081234/anaconda3/envs/airflow_env/lib/python3.11/site-packages/airflow/example_dags/example_nested_branch_dag.py
[2024-11-01T11:56:28.727+0900] {processor.py:914} INFO - Processing file /home/hamin081234/anaconda3/envs/airflow_env/lib/python3.11/site-packages/airflow/example_dags/example_nested_branch_dag.py for tasks to queue
[2024-11-01T11:56:28.728+0900] {logging_mixin.py:190} INFO - [2024-11-01T11:56:28.728+0900] {dagbag.py:588} INFO - Filling up the DagBag from /home/hamin081234/anaconda3/envs/airflow_env/lib/python3.11/site-packages/airflow/example_dags/example_nested_branch_dag.py
[2024-11-01T11:56:28.735+0900] {processor.py:925} INFO - DAG(s) 'example_nested_branch_dag' retrieved from /home/hamin081234/anaconda3/envs/airflow_env/lib/python3.11/site-packages/airflow/example_dags/example_nested_branch_dag.py
[2024-11-01T11:56:28.745+0900] {logging_mixin.py:190} INFO - [2024-11-01T11:56:28.744+0900] {dag.py:3239} INFO - Sync 1 DAGs
[2024-11-01T11:56:28.757+0900] {logging_mixin.py:190} INFO - [2024-11-01T11:56:28.757+0900] {dag.py:4180} INFO - Setting next_dagrun for example_nested_branch_dag to 2024-10-31 00:00:00+00:00, run_after=2024-11-01 00:00:00+00:00
[2024-11-01T11:56:28.775+0900] {processor.py:208} INFO - Processing /home/hamin081234/anaconda3/envs/airflow_env/lib/python3.11/site-packages/airflow/example_dags/example_nested_branch_dag.py took 0.054 seconds
[2024-11-01T11:57:20.136+0900] {processor.py:186} INFO - Started process (PID=424925) to work on /home/hamin081234/anaconda3/envs/airflow_env/lib/python3.11/site-packages/airflow/example_dags/example_nested_branch_dag.py
[2024-11-01T11:57:20.144+0900] {processor.py:914} INFO - Processing file /home/hamin081234/anaconda3/envs/airflow_env/lib/python3.11/site-packages/airflow/example_dags/example_nested_branch_dag.py for tasks to queue
[2024-11-01T11:57:20.146+0900] {logging_mixin.py:190} INFO - [2024-11-01T11:57:20.146+0900] {dagbag.py:588} INFO - Filling up the DagBag from /home/hamin081234/anaconda3/envs/airflow_env/lib/python3.11/site-packages/airflow/example_dags/example_nested_branch_dag.py
[2024-11-01T11:57:20.154+0900] {processor.py:925} INFO - DAG(s) 'example_nested_branch_dag' retrieved from /home/hamin081234/anaconda3/envs/airflow_env/lib/python3.11/site-packages/airflow/example_dags/example_nested_branch_dag.py
[2024-11-01T11:57:20.166+0900] {logging_mixin.py:190} INFO - [2024-11-01T11:57:20.165+0900] {dag.py:3239} INFO - Sync 1 DAGs
[2024-11-01T11:57:20.179+0900] {logging_mixin.py:190} INFO - [2024-11-01T11:57:20.179+0900] {dag.py:4180} INFO - Setting next_dagrun for example_nested_branch_dag to 2024-10-31 00:00:00+00:00, run_after=2024-11-01 00:00:00+00:00
[2024-11-01T11:57:20.197+0900] {processor.py:208} INFO - Processing /home/hamin081234/anaconda3/envs/airflow_env/lib/python3.11/site-packages/airflow/example_dags/example_nested_branch_dag.py took 0.066 seconds
