[2024-11-01T11:49:25.694+0900] {processor.py:186} INFO - Started process (PID=413984) to work on /home/hamin081234/anaconda3/envs/airflow_env/lib/python3.11/site-packages/airflow/example_dags/example_inlet_event_extra.py
[2024-11-01T11:49:25.695+0900] {processor.py:914} INFO - Processing file /home/hamin081234/anaconda3/envs/airflow_env/lib/python3.11/site-packages/airflow/example_dags/example_inlet_event_extra.py for tasks to queue
[2024-11-01T11:49:25.698+0900] {logging_mixin.py:190} INFO - [2024-11-01T11:49:25.697+0900] {dagbag.py:588} INFO - Filling up the DagBag from /home/hamin081234/anaconda3/envs/airflow_env/lib/python3.11/site-packages/airflow/example_dags/example_inlet_event_extra.py
[2024-11-01T11:49:25.706+0900] {processor.py:925} INFO - DAG(s) 'read_dataset_event_from_classic', 'read_dataset_event' retrieved from /home/hamin081234/anaconda3/envs/airflow_env/lib/python3.11/site-packages/airflow/example_dags/example_inlet_event_extra.py
[2024-11-01T11:49:25.787+0900] {logging_mixin.py:190} INFO - [2024-11-01T11:49:25.786+0900] {override.py:1900} INFO - Created Permission View: can delete on DAG:read_dataset_event_from_classic
[2024-11-01T11:49:25.800+0900] {logging_mixin.py:190} INFO - [2024-11-01T11:49:25.800+0900] {override.py:1900} INFO - Created Permission View: can edit on DAG:read_dataset_event_from_classic
[2024-11-01T11:49:25.810+0900] {logging_mixin.py:190} INFO - [2024-11-01T11:49:25.810+0900] {override.py:1900} INFO - Created Permission View: can read on DAG:read_dataset_event_from_classic
[2024-11-01T11:49:25.830+0900] {logging_mixin.py:190} INFO - [2024-11-01T11:49:25.829+0900] {override.py:1900} INFO - Created Permission View: menu access on DAG Run:read_dataset_event_from_classic
[2024-11-01T11:49:25.840+0900] {logging_mixin.py:190} INFO - [2024-11-01T11:49:25.839+0900] {override.py:1900} INFO - Created Permission View: can delete on DAG Run:read_dataset_event_from_classic
[2024-11-01T11:49:25.850+0900] {logging_mixin.py:190} INFO - [2024-11-01T11:49:25.849+0900] {override.py:1900} INFO - Created Permission View: can create on DAG Run:read_dataset_event_from_classic
[2024-11-01T11:49:25.860+0900] {logging_mixin.py:190} INFO - [2024-11-01T11:49:25.860+0900] {override.py:1900} INFO - Created Permission View: can read on DAG Run:read_dataset_event_from_classic
[2024-11-01T11:49:25.882+0900] {logging_mixin.py:190} INFO - [2024-11-01T11:49:25.882+0900] {override.py:1900} INFO - Created Permission View: can delete on DAG:read_dataset_event
[2024-11-01T11:49:25.894+0900] {logging_mixin.py:190} INFO - [2024-11-01T11:49:25.894+0900] {override.py:1900} INFO - Created Permission View: can edit on DAG:read_dataset_event
[2024-11-01T11:49:25.906+0900] {logging_mixin.py:190} INFO - [2024-11-01T11:49:25.905+0900] {override.py:1900} INFO - Created Permission View: can read on DAG:read_dataset_event
[2024-11-01T11:49:25.926+0900] {logging_mixin.py:190} INFO - [2024-11-01T11:49:25.925+0900] {override.py:1900} INFO - Created Permission View: menu access on DAG Run:read_dataset_event
[2024-11-01T11:49:25.936+0900] {logging_mixin.py:190} INFO - [2024-11-01T11:49:25.935+0900] {override.py:1900} INFO - Created Permission View: can delete on DAG Run:read_dataset_event
[2024-11-01T11:49:25.948+0900] {logging_mixin.py:190} INFO - [2024-11-01T11:49:25.948+0900] {override.py:1900} INFO - Created Permission View: can create on DAG Run:read_dataset_event
[2024-11-01T11:49:25.960+0900] {logging_mixin.py:190} INFO - [2024-11-01T11:49:25.960+0900] {override.py:1900} INFO - Created Permission View: can read on DAG Run:read_dataset_event
[2024-11-01T11:49:25.960+0900] {logging_mixin.py:190} INFO - [2024-11-01T11:49:25.960+0900] {dag.py:3239} INFO - Sync 2 DAGs
[2024-11-01T11:49:25.967+0900] {logging_mixin.py:190} INFO - [2024-11-01T11:49:25.967+0900] {dag.py:3262} INFO - Creating ORM DAG for read_dataset_event
[2024-11-01T11:49:25.968+0900] {logging_mixin.py:190} INFO - [2024-11-01T11:49:25.968+0900] {dag.py:3262} INFO - Creating ORM DAG for read_dataset_event_from_classic
[2024-11-01T11:49:25.975+0900] {logging_mixin.py:190} INFO - [2024-11-01T11:49:25.975+0900] {dag.py:4180} INFO - Setting next_dagrun for read_dataset_event to 2024-10-31 00:00:00+00:00, run_after=2024-11-01 00:00:00+00:00
[2024-11-01T11:49:25.976+0900] {logging_mixin.py:190} INFO - [2024-11-01T11:49:25.976+0900] {dag.py:4180} INFO - Setting next_dagrun for read_dataset_event_from_classic to 2024-10-31 00:00:00+00:00, run_after=2024-11-01 00:00:00+00:00
[2024-11-01T11:49:25.993+0900] {processor.py:208} INFO - Processing /home/hamin081234/anaconda3/envs/airflow_env/lib/python3.11/site-packages/airflow/example_dags/example_inlet_event_extra.py took 0.302 seconds
[2024-11-01T11:50:25.384+0900] {processor.py:186} INFO - Started process (PID=415189) to work on /home/hamin081234/anaconda3/envs/airflow_env/lib/python3.11/site-packages/airflow/example_dags/example_inlet_event_extra.py
[2024-11-01T11:50:25.385+0900] {processor.py:914} INFO - Processing file /home/hamin081234/anaconda3/envs/airflow_env/lib/python3.11/site-packages/airflow/example_dags/example_inlet_event_extra.py for tasks to queue
[2024-11-01T11:50:25.387+0900] {logging_mixin.py:190} INFO - [2024-11-01T11:50:25.387+0900] {dagbag.py:588} INFO - Filling up the DagBag from /home/hamin081234/anaconda3/envs/airflow_env/lib/python3.11/site-packages/airflow/example_dags/example_inlet_event_extra.py
[2024-11-01T11:50:25.398+0900] {processor.py:925} INFO - DAG(s) 'read_dataset_event', 'read_dataset_event_from_classic' retrieved from /home/hamin081234/anaconda3/envs/airflow_env/lib/python3.11/site-packages/airflow/example_dags/example_inlet_event_extra.py
[2024-11-01T11:50:25.414+0900] {logging_mixin.py:190} INFO - [2024-11-01T11:50:25.414+0900] {dag.py:3239} INFO - Sync 2 DAGs
[2024-11-01T11:50:25.433+0900] {logging_mixin.py:190} INFO - [2024-11-01T11:50:25.433+0900] {dag.py:4180} INFO - Setting next_dagrun for read_dataset_event to 2024-10-31 00:00:00+00:00, run_after=2024-11-01 00:00:00+00:00
[2024-11-01T11:50:25.439+0900] {logging_mixin.py:190} INFO - [2024-11-01T11:50:25.438+0900] {dag.py:4180} INFO - Setting next_dagrun for read_dataset_event_from_classic to 2024-10-31 00:00:00+00:00, run_after=2024-11-01 00:00:00+00:00
[2024-11-01T11:50:25.462+0900] {processor.py:208} INFO - Processing /home/hamin081234/anaconda3/envs/airflow_env/lib/python3.11/site-packages/airflow/example_dags/example_inlet_event_extra.py took 0.084 seconds
[2024-11-01T11:51:17.211+0900] {processor.py:186} INFO - Started process (PID=416413) to work on /home/hamin081234/anaconda3/envs/airflow_env/lib/python3.11/site-packages/airflow/example_dags/example_inlet_event_extra.py
[2024-11-01T11:51:17.212+0900] {processor.py:914} INFO - Processing file /home/hamin081234/anaconda3/envs/airflow_env/lib/python3.11/site-packages/airflow/example_dags/example_inlet_event_extra.py for tasks to queue
[2024-11-01T11:51:17.213+0900] {logging_mixin.py:190} INFO - [2024-11-01T11:51:17.213+0900] {dagbag.py:588} INFO - Filling up the DagBag from /home/hamin081234/anaconda3/envs/airflow_env/lib/python3.11/site-packages/airflow/example_dags/example_inlet_event_extra.py
[2024-11-01T11:51:17.223+0900] {processor.py:925} INFO - DAG(s) 'read_dataset_event_from_classic', 'read_dataset_event' retrieved from /home/hamin081234/anaconda3/envs/airflow_env/lib/python3.11/site-packages/airflow/example_dags/example_inlet_event_extra.py
[2024-11-01T11:51:17.239+0900] {logging_mixin.py:190} INFO - [2024-11-01T11:51:17.239+0900] {dag.py:3239} INFO - Sync 2 DAGs
[2024-11-01T11:51:17.257+0900] {logging_mixin.py:190} INFO - [2024-11-01T11:51:17.257+0900] {dag.py:4180} INFO - Setting next_dagrun for read_dataset_event to 2024-10-31 00:00:00+00:00, run_after=2024-11-01 00:00:00+00:00
[2024-11-01T11:51:17.260+0900] {logging_mixin.py:190} INFO - [2024-11-01T11:51:17.260+0900] {dag.py:4180} INFO - Setting next_dagrun for read_dataset_event_from_classic to 2024-10-31 00:00:00+00:00, run_after=2024-11-01 00:00:00+00:00
[2024-11-01T11:51:17.281+0900] {processor.py:208} INFO - Processing /home/hamin081234/anaconda3/envs/airflow_env/lib/python3.11/site-packages/airflow/example_dags/example_inlet_event_extra.py took 0.074 seconds
[2024-11-01T11:52:20.639+0900] {processor.py:186} INFO - Started process (PID=418008) to work on /home/hamin081234/anaconda3/envs/airflow_env/lib/python3.11/site-packages/airflow/example_dags/example_inlet_event_extra.py
[2024-11-01T11:52:20.640+0900] {processor.py:914} INFO - Processing file /home/hamin081234/anaconda3/envs/airflow_env/lib/python3.11/site-packages/airflow/example_dags/example_inlet_event_extra.py for tasks to queue
[2024-11-01T11:52:20.642+0900] {logging_mixin.py:190} INFO - [2024-11-01T11:52:20.641+0900] {dagbag.py:588} INFO - Filling up the DagBag from /home/hamin081234/anaconda3/envs/airflow_env/lib/python3.11/site-packages/airflow/example_dags/example_inlet_event_extra.py
[2024-11-01T11:52:20.649+0900] {processor.py:925} INFO - DAG(s) 'read_dataset_event_from_classic', 'read_dataset_event' retrieved from /home/hamin081234/anaconda3/envs/airflow_env/lib/python3.11/site-packages/airflow/example_dags/example_inlet_event_extra.py
[2024-11-01T11:52:20.659+0900] {logging_mixin.py:190} INFO - [2024-11-01T11:52:20.659+0900] {dag.py:3239} INFO - Sync 2 DAGs
[2024-11-01T11:52:20.671+0900] {logging_mixin.py:190} INFO - [2024-11-01T11:52:20.671+0900] {dag.py:4180} INFO - Setting next_dagrun for read_dataset_event to 2024-10-31 00:00:00+00:00, run_after=2024-11-01 00:00:00+00:00
[2024-11-01T11:52:20.673+0900] {logging_mixin.py:190} INFO - [2024-11-01T11:52:20.673+0900] {dag.py:4180} INFO - Setting next_dagrun for read_dataset_event_from_classic to 2024-10-31 00:00:00+00:00, run_after=2024-11-01 00:00:00+00:00
[2024-11-01T11:52:20.690+0900] {processor.py:208} INFO - Processing /home/hamin081234/anaconda3/envs/airflow_env/lib/python3.11/site-packages/airflow/example_dags/example_inlet_event_extra.py took 0.054 seconds
[2024-11-01T11:53:14.749+0900] {processor.py:186} INFO - Started process (PID=419267) to work on /home/hamin081234/anaconda3/envs/airflow_env/lib/python3.11/site-packages/airflow/example_dags/example_inlet_event_extra.py
[2024-11-01T11:53:14.759+0900] {processor.py:914} INFO - Processing file /home/hamin081234/anaconda3/envs/airflow_env/lib/python3.11/site-packages/airflow/example_dags/example_inlet_event_extra.py for tasks to queue
[2024-11-01T11:53:14.760+0900] {logging_mixin.py:190} INFO - [2024-11-01T11:53:14.760+0900] {dagbag.py:588} INFO - Filling up the DagBag from /home/hamin081234/anaconda3/envs/airflow_env/lib/python3.11/site-packages/airflow/example_dags/example_inlet_event_extra.py
[2024-11-01T11:53:14.768+0900] {processor.py:925} INFO - DAG(s) 'read_dataset_event_from_classic', 'read_dataset_event' retrieved from /home/hamin081234/anaconda3/envs/airflow_env/lib/python3.11/site-packages/airflow/example_dags/example_inlet_event_extra.py
[2024-11-01T11:53:14.779+0900] {logging_mixin.py:190} INFO - [2024-11-01T11:53:14.778+0900] {dag.py:3239} INFO - Sync 2 DAGs
[2024-11-01T11:53:14.790+0900] {logging_mixin.py:190} INFO - [2024-11-01T11:53:14.790+0900] {dag.py:4180} INFO - Setting next_dagrun for read_dataset_event to 2024-10-31 00:00:00+00:00, run_after=2024-11-01 00:00:00+00:00
[2024-11-01T11:53:14.792+0900] {logging_mixin.py:190} INFO - [2024-11-01T11:53:14.792+0900] {dag.py:4180} INFO - Setting next_dagrun for read_dataset_event_from_classic to 2024-10-31 00:00:00+00:00, run_after=2024-11-01 00:00:00+00:00
[2024-11-01T11:53:14.809+0900] {processor.py:208} INFO - Processing /home/hamin081234/anaconda3/envs/airflow_env/lib/python3.11/site-packages/airflow/example_dags/example_inlet_event_extra.py took 0.063 seconds
[2024-11-01T11:54:06.083+0900] {processor.py:186} INFO - Started process (PID=420198) to work on /home/hamin081234/anaconda3/envs/airflow_env/lib/python3.11/site-packages/airflow/example_dags/example_inlet_event_extra.py
[2024-11-01T11:54:06.093+0900] {processor.py:914} INFO - Processing file /home/hamin081234/anaconda3/envs/airflow_env/lib/python3.11/site-packages/airflow/example_dags/example_inlet_event_extra.py for tasks to queue
[2024-11-01T11:54:06.095+0900] {logging_mixin.py:190} INFO - [2024-11-01T11:54:06.094+0900] {dagbag.py:588} INFO - Filling up the DagBag from /home/hamin081234/anaconda3/envs/airflow_env/lib/python3.11/site-packages/airflow/example_dags/example_inlet_event_extra.py
[2024-11-01T11:54:06.104+0900] {processor.py:925} INFO - DAG(s) 'read_dataset_event_from_classic', 'read_dataset_event' retrieved from /home/hamin081234/anaconda3/envs/airflow_env/lib/python3.11/site-packages/airflow/example_dags/example_inlet_event_extra.py
[2024-11-01T11:54:06.114+0900] {logging_mixin.py:190} INFO - [2024-11-01T11:54:06.114+0900] {dag.py:3239} INFO - Sync 2 DAGs
[2024-11-01T11:54:06.126+0900] {logging_mixin.py:190} INFO - [2024-11-01T11:54:06.126+0900] {dag.py:4180} INFO - Setting next_dagrun for read_dataset_event to 2024-10-31 00:00:00+00:00, run_after=2024-11-01 00:00:00+00:00
[2024-11-01T11:54:06.128+0900] {logging_mixin.py:190} INFO - [2024-11-01T11:54:06.128+0900] {dag.py:4180} INFO - Setting next_dagrun for read_dataset_event_from_classic to 2024-10-31 00:00:00+00:00, run_after=2024-11-01 00:00:00+00:00
[2024-11-01T11:54:06.146+0900] {processor.py:208} INFO - Processing /home/hamin081234/anaconda3/envs/airflow_env/lib/python3.11/site-packages/airflow/example_dags/example_inlet_event_extra.py took 0.067 seconds
[2024-11-01T11:54:59.059+0900] {processor.py:186} INFO - Started process (PID=421659) to work on /home/hamin081234/anaconda3/envs/airflow_env/lib/python3.11/site-packages/airflow/example_dags/example_inlet_event_extra.py
[2024-11-01T11:54:59.067+0900] {processor.py:914} INFO - Processing file /home/hamin081234/anaconda3/envs/airflow_env/lib/python3.11/site-packages/airflow/example_dags/example_inlet_event_extra.py for tasks to queue
[2024-11-01T11:54:59.069+0900] {logging_mixin.py:190} INFO - [2024-11-01T11:54:59.069+0900] {dagbag.py:588} INFO - Filling up the DagBag from /home/hamin081234/anaconda3/envs/airflow_env/lib/python3.11/site-packages/airflow/example_dags/example_inlet_event_extra.py
[2024-11-01T11:54:59.076+0900] {processor.py:925} INFO - DAG(s) 'read_dataset_event', 'read_dataset_event_from_classic' retrieved from /home/hamin081234/anaconda3/envs/airflow_env/lib/python3.11/site-packages/airflow/example_dags/example_inlet_event_extra.py
[2024-11-01T11:54:59.085+0900] {logging_mixin.py:190} INFO - [2024-11-01T11:54:59.085+0900] {dag.py:3239} INFO - Sync 2 DAGs
[2024-11-01T11:54:59.096+0900] {logging_mixin.py:190} INFO - [2024-11-01T11:54:59.096+0900] {dag.py:4180} INFO - Setting next_dagrun for read_dataset_event to 2024-10-31 00:00:00+00:00, run_after=2024-11-01 00:00:00+00:00
[2024-11-01T11:54:59.098+0900] {logging_mixin.py:190} INFO - [2024-11-01T11:54:59.098+0900] {dag.py:4180} INFO - Setting next_dagrun for read_dataset_event_from_classic to 2024-10-31 00:00:00+00:00, run_after=2024-11-01 00:00:00+00:00
[2024-11-01T11:54:59.114+0900] {processor.py:208} INFO - Processing /home/hamin081234/anaconda3/envs/airflow_env/lib/python3.11/site-packages/airflow/example_dags/example_inlet_event_extra.py took 0.058 seconds
[2024-11-01T11:55:48.862+0900] {processor.py:186} INFO - Started process (PID=422854) to work on /home/hamin081234/anaconda3/envs/airflow_env/lib/python3.11/site-packages/airflow/example_dags/example_inlet_event_extra.py
[2024-11-01T11:55:48.863+0900] {processor.py:914} INFO - Processing file /home/hamin081234/anaconda3/envs/airflow_env/lib/python3.11/site-packages/airflow/example_dags/example_inlet_event_extra.py for tasks to queue
[2024-11-01T11:55:48.864+0900] {logging_mixin.py:190} INFO - [2024-11-01T11:55:48.864+0900] {dagbag.py:588} INFO - Filling up the DagBag from /home/hamin081234/anaconda3/envs/airflow_env/lib/python3.11/site-packages/airflow/example_dags/example_inlet_event_extra.py
[2024-11-01T11:55:48.871+0900] {processor.py:925} INFO - DAG(s) 'read_dataset_event', 'read_dataset_event_from_classic' retrieved from /home/hamin081234/anaconda3/envs/airflow_env/lib/python3.11/site-packages/airflow/example_dags/example_inlet_event_extra.py
[2024-11-01T11:55:48.880+0900] {logging_mixin.py:190} INFO - [2024-11-01T11:55:48.880+0900] {dag.py:3239} INFO - Sync 2 DAGs
[2024-11-01T11:55:48.891+0900] {logging_mixin.py:190} INFO - [2024-11-01T11:55:48.891+0900] {dag.py:4180} INFO - Setting next_dagrun for read_dataset_event to 2024-10-31 00:00:00+00:00, run_after=2024-11-01 00:00:00+00:00
[2024-11-01T11:55:48.893+0900] {logging_mixin.py:190} INFO - [2024-11-01T11:55:48.893+0900] {dag.py:4180} INFO - Setting next_dagrun for read_dataset_event_from_classic to 2024-10-31 00:00:00+00:00, run_after=2024-11-01 00:00:00+00:00
[2024-11-01T11:55:48.910+0900] {processor.py:208} INFO - Processing /home/hamin081234/anaconda3/envs/airflow_env/lib/python3.11/site-packages/airflow/example_dags/example_inlet_event_extra.py took 0.051 seconds
[2024-11-01T11:56:41.300+0900] {processor.py:186} INFO - Started process (PID=423810) to work on /home/hamin081234/anaconda3/envs/airflow_env/lib/python3.11/site-packages/airflow/example_dags/example_inlet_event_extra.py
[2024-11-01T11:56:41.302+0900] {processor.py:914} INFO - Processing file /home/hamin081234/anaconda3/envs/airflow_env/lib/python3.11/site-packages/airflow/example_dags/example_inlet_event_extra.py for tasks to queue
[2024-11-01T11:56:41.304+0900] {logging_mixin.py:190} INFO - [2024-11-01T11:56:41.304+0900] {dagbag.py:588} INFO - Filling up the DagBag from /home/hamin081234/anaconda3/envs/airflow_env/lib/python3.11/site-packages/airflow/example_dags/example_inlet_event_extra.py
[2024-11-01T11:56:41.313+0900] {processor.py:925} INFO - DAG(s) 'read_dataset_event_from_classic', 'read_dataset_event' retrieved from /home/hamin081234/anaconda3/envs/airflow_env/lib/python3.11/site-packages/airflow/example_dags/example_inlet_event_extra.py
[2024-11-01T11:56:41.324+0900] {logging_mixin.py:190} INFO - [2024-11-01T11:56:41.324+0900] {dag.py:3239} INFO - Sync 2 DAGs
[2024-11-01T11:56:41.336+0900] {logging_mixin.py:190} INFO - [2024-11-01T11:56:41.336+0900] {dag.py:4180} INFO - Setting next_dagrun for read_dataset_event to 2024-10-31 00:00:00+00:00, run_after=2024-11-01 00:00:00+00:00
[2024-11-01T11:56:41.338+0900] {logging_mixin.py:190} INFO - [2024-11-01T11:56:41.338+0900] {dag.py:4180} INFO - Setting next_dagrun for read_dataset_event_from_classic to 2024-10-31 00:00:00+00:00, run_after=2024-11-01 00:00:00+00:00
[2024-11-01T11:56:41.356+0900] {processor.py:208} INFO - Processing /home/hamin081234/anaconda3/envs/airflow_env/lib/python3.11/site-packages/airflow/example_dags/example_inlet_event_extra.py took 0.061 seconds
[2024-11-01T11:57:30.427+0900] {processor.py:186} INFO - Started process (PID=425130) to work on /home/hamin081234/anaconda3/envs/airflow_env/lib/python3.11/site-packages/airflow/example_dags/example_inlet_event_extra.py
[2024-11-01T11:57:30.435+0900] {processor.py:914} INFO - Processing file /home/hamin081234/anaconda3/envs/airflow_env/lib/python3.11/site-packages/airflow/example_dags/example_inlet_event_extra.py for tasks to queue
[2024-11-01T11:57:30.437+0900] {logging_mixin.py:190} INFO - [2024-11-01T11:57:30.437+0900] {dagbag.py:588} INFO - Filling up the DagBag from /home/hamin081234/anaconda3/envs/airflow_env/lib/python3.11/site-packages/airflow/example_dags/example_inlet_event_extra.py
[2024-11-01T11:57:30.446+0900] {processor.py:925} INFO - DAG(s) 'read_dataset_event', 'read_dataset_event_from_classic' retrieved from /home/hamin081234/anaconda3/envs/airflow_env/lib/python3.11/site-packages/airflow/example_dags/example_inlet_event_extra.py
[2024-11-01T11:57:30.457+0900] {logging_mixin.py:190} INFO - [2024-11-01T11:57:30.457+0900] {dag.py:3239} INFO - Sync 2 DAGs
[2024-11-01T11:57:30.470+0900] {logging_mixin.py:190} INFO - [2024-11-01T11:57:30.470+0900] {dag.py:4180} INFO - Setting next_dagrun for read_dataset_event to 2024-10-31 00:00:00+00:00, run_after=2024-11-01 00:00:00+00:00
[2024-11-01T11:57:30.472+0900] {logging_mixin.py:190} INFO - [2024-11-01T11:57:30.472+0900] {dag.py:4180} INFO - Setting next_dagrun for read_dataset_event_from_classic to 2024-10-31 00:00:00+00:00, run_after=2024-11-01 00:00:00+00:00
[2024-11-01T11:57:30.490+0900] {processor.py:208} INFO - Processing /home/hamin081234/anaconda3/envs/airflow_env/lib/python3.11/site-packages/airflow/example_dags/example_inlet_event_extra.py took 0.067 seconds
