[2024-11-01T11:49:00.968+0900] {processor.py:186} INFO - Started process (PID=413263) to work on /home/hamin081234/anaconda3/envs/airflow_env/lib/python3.11/site-packages/airflow/example_dags/example_complex.py
[2024-11-01T11:49:00.969+0900] {processor.py:914} INFO - Processing file /home/hamin081234/anaconda3/envs/airflow_env/lib/python3.11/site-packages/airflow/example_dags/example_complex.py for tasks to queue
[2024-11-01T11:49:00.971+0900] {logging_mixin.py:190} INFO - [2024-11-01T11:49:00.971+0900] {dagbag.py:588} INFO - Filling up the DagBag from /home/hamin081234/anaconda3/envs/airflow_env/lib/python3.11/site-packages/airflow/example_dags/example_complex.py
[2024-11-01T11:49:00.980+0900] {processor.py:925} INFO - DAG(s) 'example_complex' retrieved from /home/hamin081234/anaconda3/envs/airflow_env/lib/python3.11/site-packages/airflow/example_dags/example_complex.py
[2024-11-01T11:49:01.070+0900] {logging_mixin.py:190} INFO - [2024-11-01T11:49:01.070+0900] {override.py:1900} INFO - Created Permission View: can delete on DAG:example_complex
[2024-11-01T11:49:01.084+0900] {logging_mixin.py:190} INFO - [2024-11-01T11:49:01.084+0900] {override.py:1900} INFO - Created Permission View: can edit on DAG:example_complex
[2024-11-01T11:49:01.096+0900] {logging_mixin.py:190} INFO - [2024-11-01T11:49:01.096+0900] {override.py:1900} INFO - Created Permission View: can read on DAG:example_complex
[2024-11-01T11:49:01.116+0900] {logging_mixin.py:190} INFO - [2024-11-01T11:49:01.116+0900] {override.py:1900} INFO - Created Permission View: menu access on DAG Run:example_complex
[2024-11-01T11:49:01.126+0900] {logging_mixin.py:190} INFO - [2024-11-01T11:49:01.126+0900] {override.py:1900} INFO - Created Permission View: can delete on DAG Run:example_complex
[2024-11-01T11:49:01.136+0900] {logging_mixin.py:190} INFO - [2024-11-01T11:49:01.136+0900] {override.py:1900} INFO - Created Permission View: can create on DAG Run:example_complex
[2024-11-01T11:49:01.146+0900] {logging_mixin.py:190} INFO - [2024-11-01T11:49:01.146+0900] {override.py:1900} INFO - Created Permission View: can read on DAG Run:example_complex
[2024-11-01T11:49:01.146+0900] {logging_mixin.py:190} INFO - [2024-11-01T11:49:01.146+0900] {dag.py:3239} INFO - Sync 1 DAGs
[2024-11-01T11:49:01.153+0900] {logging_mixin.py:190} INFO - [2024-11-01T11:49:01.152+0900] {dag.py:3262} INFO - Creating ORM DAG for example_complex
[2024-11-01T11:49:01.153+0900] {logging_mixin.py:190} INFO - [2024-11-01T11:49:01.153+0900] {dag.py:4180} INFO - Setting next_dagrun for example_complex to None, run_after=None
[2024-11-01T11:49:01.170+0900] {processor.py:208} INFO - Processing /home/hamin081234/anaconda3/envs/airflow_env/lib/python3.11/site-packages/airflow/example_dags/example_complex.py took 0.206 seconds
[2024-11-01T11:50:04.818+0900] {processor.py:186} INFO - Started process (PID=414683) to work on /home/hamin081234/anaconda3/envs/airflow_env/lib/python3.11/site-packages/airflow/example_dags/example_complex.py
[2024-11-01T11:50:04.827+0900] {processor.py:914} INFO - Processing file /home/hamin081234/anaconda3/envs/airflow_env/lib/python3.11/site-packages/airflow/example_dags/example_complex.py for tasks to queue
[2024-11-01T11:50:04.828+0900] {logging_mixin.py:190} INFO - [2024-11-01T11:50:04.828+0900] {dagbag.py:588} INFO - Filling up the DagBag from /home/hamin081234/anaconda3/envs/airflow_env/lib/python3.11/site-packages/airflow/example_dags/example_complex.py
[2024-11-01T11:50:04.836+0900] {processor.py:925} INFO - DAG(s) 'example_complex' retrieved from /home/hamin081234/anaconda3/envs/airflow_env/lib/python3.11/site-packages/airflow/example_dags/example_complex.py
[2024-11-01T11:50:04.850+0900] {logging_mixin.py:190} INFO - [2024-11-01T11:50:04.850+0900] {dag.py:3239} INFO - Sync 1 DAGs
[2024-11-01T11:50:04.858+0900] {logging_mixin.py:190} INFO - [2024-11-01T11:50:04.858+0900] {dag.py:4180} INFO - Setting next_dagrun for example_complex to None, run_after=None
[2024-11-01T11:50:04.876+0900] {processor.py:208} INFO - Processing /home/hamin081234/anaconda3/envs/airflow_env/lib/python3.11/site-packages/airflow/example_dags/example_complex.py took 0.061 seconds
[2024-11-01T11:50:57.992+0900] {processor.py:186} INFO - Started process (PID=416075) to work on /home/hamin081234/anaconda3/envs/airflow_env/lib/python3.11/site-packages/airflow/example_dags/example_complex.py
[2024-11-01T11:50:57.992+0900] {processor.py:914} INFO - Processing file /home/hamin081234/anaconda3/envs/airflow_env/lib/python3.11/site-packages/airflow/example_dags/example_complex.py for tasks to queue
[2024-11-01T11:50:57.994+0900] {logging_mixin.py:190} INFO - [2024-11-01T11:50:57.994+0900] {dagbag.py:588} INFO - Filling up the DagBag from /home/hamin081234/anaconda3/envs/airflow_env/lib/python3.11/site-packages/airflow/example_dags/example_complex.py
[2024-11-01T11:50:58.002+0900] {processor.py:925} INFO - DAG(s) 'example_complex' retrieved from /home/hamin081234/anaconda3/envs/airflow_env/lib/python3.11/site-packages/airflow/example_dags/example_complex.py
[2024-11-01T11:50:58.019+0900] {logging_mixin.py:190} INFO - [2024-11-01T11:50:58.019+0900] {dag.py:3239} INFO - Sync 1 DAGs
[2024-11-01T11:50:58.027+0900] {logging_mixin.py:190} INFO - [2024-11-01T11:50:58.027+0900] {dag.py:4180} INFO - Setting next_dagrun for example_complex to None, run_after=None
[2024-11-01T11:50:58.046+0900] {processor.py:208} INFO - Processing /home/hamin081234/anaconda3/envs/airflow_env/lib/python3.11/site-packages/airflow/example_dags/example_complex.py took 0.058 seconds
[2024-11-01T11:51:46.232+0900] {processor.py:186} INFO - Started process (PID=417034) to work on /home/hamin081234/anaconda3/envs/airflow_env/lib/python3.11/site-packages/airflow/example_dags/example_complex.py
[2024-11-01T11:51:46.240+0900] {processor.py:914} INFO - Processing file /home/hamin081234/anaconda3/envs/airflow_env/lib/python3.11/site-packages/airflow/example_dags/example_complex.py for tasks to queue
[2024-11-01T11:51:46.242+0900] {logging_mixin.py:190} INFO - [2024-11-01T11:51:46.241+0900] {dagbag.py:588} INFO - Filling up the DagBag from /home/hamin081234/anaconda3/envs/airflow_env/lib/python3.11/site-packages/airflow/example_dags/example_complex.py
[2024-11-01T11:51:46.249+0900] {processor.py:925} INFO - DAG(s) 'example_complex' retrieved from /home/hamin081234/anaconda3/envs/airflow_env/lib/python3.11/site-packages/airflow/example_dags/example_complex.py
[2024-11-01T11:51:46.265+0900] {logging_mixin.py:190} INFO - [2024-11-01T11:51:46.265+0900] {dag.py:3239} INFO - Sync 1 DAGs
[2024-11-01T11:51:46.272+0900] {logging_mixin.py:190} INFO - [2024-11-01T11:51:46.272+0900] {dag.py:4180} INFO - Setting next_dagrun for example_complex to None, run_after=None
[2024-11-01T11:51:46.289+0900] {processor.py:208} INFO - Processing /home/hamin081234/anaconda3/envs/airflow_env/lib/python3.11/site-packages/airflow/example_dags/example_complex.py took 0.061 seconds
[2024-11-01T11:52:49.045+0900] {processor.py:186} INFO - Started process (PID=418450) to work on /home/hamin081234/anaconda3/envs/airflow_env/lib/python3.11/site-packages/airflow/example_dags/example_complex.py
[2024-11-01T11:52:49.053+0900] {processor.py:914} INFO - Processing file /home/hamin081234/anaconda3/envs/airflow_env/lib/python3.11/site-packages/airflow/example_dags/example_complex.py for tasks to queue
[2024-11-01T11:52:49.056+0900] {logging_mixin.py:190} INFO - [2024-11-01T11:52:49.056+0900] {dagbag.py:588} INFO - Filling up the DagBag from /home/hamin081234/anaconda3/envs/airflow_env/lib/python3.11/site-packages/airflow/example_dags/example_complex.py
[2024-11-01T11:52:49.068+0900] {processor.py:925} INFO - DAG(s) 'example_complex' retrieved from /home/hamin081234/anaconda3/envs/airflow_env/lib/python3.11/site-packages/airflow/example_dags/example_complex.py
[2024-11-01T11:52:49.081+0900] {logging_mixin.py:190} INFO - [2024-11-01T11:52:49.080+0900] {dag.py:3239} INFO - Sync 1 DAGs
[2024-11-01T11:52:49.087+0900] {logging_mixin.py:190} INFO - [2024-11-01T11:52:49.087+0900] {dag.py:4180} INFO - Setting next_dagrun for example_complex to None, run_after=None
[2024-11-01T11:52:49.103+0900] {processor.py:208} INFO - Processing /home/hamin081234/anaconda3/envs/airflow_env/lib/python3.11/site-packages/airflow/example_dags/example_complex.py took 0.063 seconds
[2024-11-01T11:53:38.737+0900] {processor.py:186} INFO - Started process (PID=419806) to work on /home/hamin081234/anaconda3/envs/airflow_env/lib/python3.11/site-packages/airflow/example_dags/example_complex.py
[2024-11-01T11:53:38.741+0900] {processor.py:914} INFO - Processing file /home/hamin081234/anaconda3/envs/airflow_env/lib/python3.11/site-packages/airflow/example_dags/example_complex.py for tasks to queue
[2024-11-01T11:53:38.743+0900] {logging_mixin.py:190} INFO - [2024-11-01T11:53:38.743+0900] {dagbag.py:588} INFO - Filling up the DagBag from /home/hamin081234/anaconda3/envs/airflow_env/lib/python3.11/site-packages/airflow/example_dags/example_complex.py
[2024-11-01T11:53:38.750+0900] {processor.py:925} INFO - DAG(s) 'example_complex' retrieved from /home/hamin081234/anaconda3/envs/airflow_env/lib/python3.11/site-packages/airflow/example_dags/example_complex.py
[2024-11-01T11:53:38.763+0900] {logging_mixin.py:190} INFO - [2024-11-01T11:53:38.763+0900] {dag.py:3239} INFO - Sync 1 DAGs
[2024-11-01T11:53:38.771+0900] {logging_mixin.py:190} INFO - [2024-11-01T11:53:38.770+0900] {dag.py:4180} INFO - Setting next_dagrun for example_complex to None, run_after=None
[2024-11-01T11:53:38.789+0900] {processor.py:208} INFO - Processing /home/hamin081234/anaconda3/envs/airflow_env/lib/python3.11/site-packages/airflow/example_dags/example_complex.py took 0.055 seconds
[2024-11-01T11:54:31.495+0900] {processor.py:186} INFO - Started process (PID=421045) to work on /home/hamin081234/anaconda3/envs/airflow_env/lib/python3.11/site-packages/airflow/example_dags/example_complex.py
[2024-11-01T11:54:31.504+0900] {processor.py:914} INFO - Processing file /home/hamin081234/anaconda3/envs/airflow_env/lib/python3.11/site-packages/airflow/example_dags/example_complex.py for tasks to queue
[2024-11-01T11:54:31.505+0900] {logging_mixin.py:190} INFO - [2024-11-01T11:54:31.505+0900] {dagbag.py:588} INFO - Filling up the DagBag from /home/hamin081234/anaconda3/envs/airflow_env/lib/python3.11/site-packages/airflow/example_dags/example_complex.py
[2024-11-01T11:54:31.512+0900] {processor.py:925} INFO - DAG(s) 'example_complex' retrieved from /home/hamin081234/anaconda3/envs/airflow_env/lib/python3.11/site-packages/airflow/example_dags/example_complex.py
[2024-11-01T11:54:31.525+0900] {logging_mixin.py:190} INFO - [2024-11-01T11:54:31.525+0900] {dag.py:3239} INFO - Sync 1 DAGs
[2024-11-01T11:54:31.532+0900] {logging_mixin.py:190} INFO - [2024-11-01T11:54:31.532+0900] {dag.py:4180} INFO - Setting next_dagrun for example_complex to None, run_after=None
[2024-11-01T11:54:31.551+0900] {processor.py:208} INFO - Processing /home/hamin081234/anaconda3/envs/airflow_env/lib/python3.11/site-packages/airflow/example_dags/example_complex.py took 0.059 seconds
[2024-11-01T11:55:24.260+0900] {processor.py:186} INFO - Started process (PID=422004) to work on /home/hamin081234/anaconda3/envs/airflow_env/lib/python3.11/site-packages/airflow/example_dags/example_complex.py
[2024-11-01T11:55:24.269+0900] {processor.py:914} INFO - Processing file /home/hamin081234/anaconda3/envs/airflow_env/lib/python3.11/site-packages/airflow/example_dags/example_complex.py for tasks to queue
[2024-11-01T11:55:24.270+0900] {logging_mixin.py:190} INFO - [2024-11-01T11:55:24.270+0900] {dagbag.py:588} INFO - Filling up the DagBag from /home/hamin081234/anaconda3/envs/airflow_env/lib/python3.11/site-packages/airflow/example_dags/example_complex.py
[2024-11-01T11:55:24.277+0900] {processor.py:925} INFO - DAG(s) 'example_complex' retrieved from /home/hamin081234/anaconda3/envs/airflow_env/lib/python3.11/site-packages/airflow/example_dags/example_complex.py
[2024-11-01T11:55:24.290+0900] {logging_mixin.py:190} INFO - [2024-11-01T11:55:24.290+0900] {dag.py:3239} INFO - Sync 1 DAGs
[2024-11-01T11:55:24.297+0900] {logging_mixin.py:190} INFO - [2024-11-01T11:55:24.297+0900] {dag.py:4180} INFO - Setting next_dagrun for example_complex to None, run_after=None
[2024-11-01T11:55:24.315+0900] {processor.py:208} INFO - Processing /home/hamin081234/anaconda3/envs/airflow_env/lib/python3.11/site-packages/airflow/example_dags/example_complex.py took 0.058 seconds
[2024-11-01T11:56:13.423+0900] {processor.py:186} INFO - Started process (PID=423358) to work on /home/hamin081234/anaconda3/envs/airflow_env/lib/python3.11/site-packages/airflow/example_dags/example_complex.py
[2024-11-01T11:56:13.431+0900] {processor.py:914} INFO - Processing file /home/hamin081234/anaconda3/envs/airflow_env/lib/python3.11/site-packages/airflow/example_dags/example_complex.py for tasks to queue
[2024-11-01T11:56:13.433+0900] {logging_mixin.py:190} INFO - [2024-11-01T11:56:13.433+0900] {dagbag.py:588} INFO - Filling up the DagBag from /home/hamin081234/anaconda3/envs/airflow_env/lib/python3.11/site-packages/airflow/example_dags/example_complex.py
[2024-11-01T11:56:13.440+0900] {processor.py:925} INFO - DAG(s) 'example_complex' retrieved from /home/hamin081234/anaconda3/envs/airflow_env/lib/python3.11/site-packages/airflow/example_dags/example_complex.py
[2024-11-01T11:56:13.453+0900] {logging_mixin.py:190} INFO - [2024-11-01T11:56:13.453+0900] {dag.py:3239} INFO - Sync 1 DAGs
[2024-11-01T11:56:13.459+0900] {logging_mixin.py:190} INFO - [2024-11-01T11:56:13.459+0900] {dag.py:4180} INFO - Setting next_dagrun for example_complex to None, run_after=None
[2024-11-01T11:56:13.478+0900] {processor.py:208} INFO - Processing /home/hamin081234/anaconda3/envs/airflow_env/lib/python3.11/site-packages/airflow/example_dags/example_complex.py took 0.059 seconds
[2024-11-01T11:57:04.737+0900] {processor.py:186} INFO - Started process (PID=424581) to work on /home/hamin081234/anaconda3/envs/airflow_env/lib/python3.11/site-packages/airflow/example_dags/example_complex.py
[2024-11-01T11:57:04.738+0900] {processor.py:914} INFO - Processing file /home/hamin081234/anaconda3/envs/airflow_env/lib/python3.11/site-packages/airflow/example_dags/example_complex.py for tasks to queue
[2024-11-01T11:57:04.740+0900] {logging_mixin.py:190} INFO - [2024-11-01T11:57:04.740+0900] {dagbag.py:588} INFO - Filling up the DagBag from /home/hamin081234/anaconda3/envs/airflow_env/lib/python3.11/site-packages/airflow/example_dags/example_complex.py
[2024-11-01T11:57:04.747+0900] {processor.py:925} INFO - DAG(s) 'example_complex' retrieved from /home/hamin081234/anaconda3/envs/airflow_env/lib/python3.11/site-packages/airflow/example_dags/example_complex.py
[2024-11-01T11:57:04.760+0900] {logging_mixin.py:190} INFO - [2024-11-01T11:57:04.760+0900] {dag.py:3239} INFO - Sync 1 DAGs
[2024-11-01T11:57:04.768+0900] {logging_mixin.py:190} INFO - [2024-11-01T11:57:04.768+0900] {dag.py:4180} INFO - Setting next_dagrun for example_complex to None, run_after=None
[2024-11-01T11:57:04.785+0900] {processor.py:208} INFO - Processing /home/hamin081234/anaconda3/envs/airflow_env/lib/python3.11/site-packages/airflow/example_dags/example_complex.py took 0.052 seconds
[2024-11-01T11:57:55.552+0900] {processor.py:186} INFO - Started process (PID=425548) to work on /home/hamin081234/anaconda3/envs/airflow_env/lib/python3.11/site-packages/airflow/example_dags/example_complex.py
[2024-11-01T11:57:55.561+0900] {processor.py:914} INFO - Processing file /home/hamin081234/anaconda3/envs/airflow_env/lib/python3.11/site-packages/airflow/example_dags/example_complex.py for tasks to queue
[2024-11-01T11:57:55.564+0900] {logging_mixin.py:190} INFO - [2024-11-01T11:57:55.564+0900] {dagbag.py:588} INFO - Filling up the DagBag from /home/hamin081234/anaconda3/envs/airflow_env/lib/python3.11/site-packages/airflow/example_dags/example_complex.py
[2024-11-01T11:57:55.577+0900] {processor.py:925} INFO - DAG(s) 'example_complex' retrieved from /home/hamin081234/anaconda3/envs/airflow_env/lib/python3.11/site-packages/airflow/example_dags/example_complex.py
[2024-11-01T11:57:55.592+0900] {logging_mixin.py:190} INFO - [2024-11-01T11:57:55.592+0900] {dag.py:3239} INFO - Sync 1 DAGs
[2024-11-01T11:57:55.600+0900] {logging_mixin.py:190} INFO - [2024-11-01T11:57:55.600+0900] {dag.py:4180} INFO - Setting next_dagrun for example_complex to None, run_after=None
[2024-11-01T11:57:55.622+0900] {processor.py:208} INFO - Processing /home/hamin081234/anaconda3/envs/airflow_env/lib/python3.11/site-packages/airflow/example_dags/example_complex.py took 0.076 seconds
