[2024-11-01T11:49:24.455+0900] {processor.py:186} INFO - Started process (PID=413960) to work on /home/hamin081234/anaconda3/envs/airflow_env/lib/python3.11/site-packages/airflow/example_dags/example_sla_dag.py
[2024-11-01T11:49:24.456+0900] {processor.py:914} INFO - Processing file /home/hamin081234/anaconda3/envs/airflow_env/lib/python3.11/site-packages/airflow/example_dags/example_sla_dag.py for tasks to queue
[2024-11-01T11:49:24.458+0900] {logging_mixin.py:190} INFO - [2024-11-01T11:49:24.457+0900] {dagbag.py:588} INFO - Filling up the DagBag from /home/hamin081234/anaconda3/envs/airflow_env/lib/python3.11/site-packages/airflow/example_dags/example_sla_dag.py
[2024-11-01T11:49:24.465+0900] {processor.py:925} INFO - DAG(s) 'example_sla_dag' retrieved from /home/hamin081234/anaconda3/envs/airflow_env/lib/python3.11/site-packages/airflow/example_dags/example_sla_dag.py
[2024-11-01T11:49:24.540+0900] {logging_mixin.py:190} INFO - [2024-11-01T11:49:24.540+0900] {override.py:1900} INFO - Created Permission View: can delete on DAG:example_sla_dag
[2024-11-01T11:49:24.552+0900] {logging_mixin.py:190} INFO - [2024-11-01T11:49:24.552+0900] {override.py:1900} INFO - Created Permission View: can edit on DAG:example_sla_dag
[2024-11-01T11:49:24.562+0900] {logging_mixin.py:190} INFO - [2024-11-01T11:49:24.562+0900] {override.py:1900} INFO - Created Permission View: can read on DAG:example_sla_dag
[2024-11-01T11:49:24.580+0900] {logging_mixin.py:190} INFO - [2024-11-01T11:49:24.580+0900] {override.py:1900} INFO - Created Permission View: menu access on DAG Run:example_sla_dag
[2024-11-01T11:49:24.594+0900] {logging_mixin.py:190} INFO - [2024-11-01T11:49:24.594+0900] {override.py:1900} INFO - Created Permission View: can delete on DAG Run:example_sla_dag
[2024-11-01T11:49:24.606+0900] {logging_mixin.py:190} INFO - [2024-11-01T11:49:24.606+0900] {override.py:1900} INFO - Created Permission View: can create on DAG Run:example_sla_dag
[2024-11-01T11:49:24.616+0900] {logging_mixin.py:190} INFO - [2024-11-01T11:49:24.616+0900] {override.py:1900} INFO - Created Permission View: can read on DAG Run:example_sla_dag
[2024-11-01T11:49:24.616+0900] {logging_mixin.py:190} INFO - [2024-11-01T11:49:24.616+0900] {dag.py:3239} INFO - Sync 1 DAGs
[2024-11-01T11:49:24.622+0900] {logging_mixin.py:190} INFO - [2024-11-01T11:49:24.622+0900] {dag.py:3262} INFO - Creating ORM DAG for example_sla_dag
[2024-11-01T11:49:24.629+0900] {logging_mixin.py:190} INFO - [2024-11-01T11:49:24.628+0900] {dag.py:4180} INFO - Setting next_dagrun for example_sla_dag to 2024-11-01 02:46:00+00:00, run_after=2024-11-01 02:48:00+00:00
[2024-11-01T11:49:24.646+0900] {processor.py:208} INFO - Processing /home/hamin081234/anaconda3/envs/airflow_env/lib/python3.11/site-packages/airflow/example_dags/example_sla_dag.py took 0.194 seconds
[2024-11-01T11:50:24.253+0900] {processor.py:186} INFO - Started process (PID=415177) to work on /home/hamin081234/anaconda3/envs/airflow_env/lib/python3.11/site-packages/airflow/example_dags/example_sla_dag.py
[2024-11-01T11:50:24.262+0900] {processor.py:914} INFO - Processing file /home/hamin081234/anaconda3/envs/airflow_env/lib/python3.11/site-packages/airflow/example_dags/example_sla_dag.py for tasks to queue
[2024-11-01T11:50:24.265+0900] {logging_mixin.py:190} INFO - [2024-11-01T11:50:24.265+0900] {dagbag.py:588} INFO - Filling up the DagBag from /home/hamin081234/anaconda3/envs/airflow_env/lib/python3.11/site-packages/airflow/example_dags/example_sla_dag.py
[2024-11-01T11:50:24.272+0900] {processor.py:925} INFO - DAG(s) 'example_sla_dag' retrieved from /home/hamin081234/anaconda3/envs/airflow_env/lib/python3.11/site-packages/airflow/example_dags/example_sla_dag.py
[2024-11-01T11:50:24.286+0900] {logging_mixin.py:190} INFO - [2024-11-01T11:50:24.286+0900] {dag.py:3239} INFO - Sync 1 DAGs
[2024-11-01T11:50:24.301+0900] {logging_mixin.py:190} INFO - [2024-11-01T11:50:24.301+0900] {dag.py:4180} INFO - Setting next_dagrun for example_sla_dag to 2024-11-01 02:48:00+00:00, run_after=2024-11-01 02:50:00+00:00
[2024-11-01T11:50:24.321+0900] {processor.py:208} INFO - Processing /home/hamin081234/anaconda3/envs/airflow_env/lib/python3.11/site-packages/airflow/example_dags/example_sla_dag.py took 0.072 seconds
[2024-11-01T11:51:16.085+0900] {processor.py:186} INFO - Started process (PID=416391) to work on /home/hamin081234/anaconda3/envs/airflow_env/lib/python3.11/site-packages/airflow/example_dags/example_sla_dag.py
[2024-11-01T11:51:16.094+0900] {processor.py:914} INFO - Processing file /home/hamin081234/anaconda3/envs/airflow_env/lib/python3.11/site-packages/airflow/example_dags/example_sla_dag.py for tasks to queue
[2024-11-01T11:51:16.096+0900] {logging_mixin.py:190} INFO - [2024-11-01T11:51:16.096+0900] {dagbag.py:588} INFO - Filling up the DagBag from /home/hamin081234/anaconda3/envs/airflow_env/lib/python3.11/site-packages/airflow/example_dags/example_sla_dag.py
[2024-11-01T11:51:16.116+0900] {processor.py:925} INFO - DAG(s) 'example_sla_dag' retrieved from /home/hamin081234/anaconda3/envs/airflow_env/lib/python3.11/site-packages/airflow/example_dags/example_sla_dag.py
[2024-11-01T11:51:16.127+0900] {logging_mixin.py:190} INFO - [2024-11-01T11:51:16.127+0900] {dag.py:3239} INFO - Sync 1 DAGs
[2024-11-01T11:51:16.141+0900] {logging_mixin.py:190} INFO - [2024-11-01T11:51:16.141+0900] {dag.py:4180} INFO - Setting next_dagrun for example_sla_dag to 2024-11-01 02:48:00+00:00, run_after=2024-11-01 02:50:00+00:00
[2024-11-01T11:51:16.161+0900] {processor.py:208} INFO - Processing /home/hamin081234/anaconda3/envs/airflow_env/lib/python3.11/site-packages/airflow/example_dags/example_sla_dag.py took 0.081 seconds
[2024-11-01T11:52:19.514+0900] {processor.py:186} INFO - Started process (PID=417966) to work on /home/hamin081234/anaconda3/envs/airflow_env/lib/python3.11/site-packages/airflow/example_dags/example_sla_dag.py
[2024-11-01T11:52:19.515+0900] {processor.py:914} INFO - Processing file /home/hamin081234/anaconda3/envs/airflow_env/lib/python3.11/site-packages/airflow/example_dags/example_sla_dag.py for tasks to queue
[2024-11-01T11:52:19.516+0900] {logging_mixin.py:190} INFO - [2024-11-01T11:52:19.516+0900] {dagbag.py:588} INFO - Filling up the DagBag from /home/hamin081234/anaconda3/envs/airflow_env/lib/python3.11/site-packages/airflow/example_dags/example_sla_dag.py
[2024-11-01T11:52:19.523+0900] {processor.py:925} INFO - DAG(s) 'example_sla_dag' retrieved from /home/hamin081234/anaconda3/envs/airflow_env/lib/python3.11/site-packages/airflow/example_dags/example_sla_dag.py
[2024-11-01T11:52:19.533+0900] {logging_mixin.py:190} INFO - [2024-11-01T11:52:19.532+0900] {dag.py:3239} INFO - Sync 1 DAGs
[2024-11-01T11:52:19.548+0900] {logging_mixin.py:190} INFO - [2024-11-01T11:52:19.548+0900] {dag.py:4180} INFO - Setting next_dagrun for example_sla_dag to 2024-11-01 02:50:00+00:00, run_after=2024-11-01 02:52:00+00:00
[2024-11-01T11:52:19.568+0900] {processor.py:208} INFO - Processing /home/hamin081234/anaconda3/envs/airflow_env/lib/python3.11/site-packages/airflow/example_dags/example_sla_dag.py took 0.058 seconds
[2024-11-01T11:53:13.611+0900] {processor.py:186} INFO - Started process (PID=419225) to work on /home/hamin081234/anaconda3/envs/airflow_env/lib/python3.11/site-packages/airflow/example_dags/example_sla_dag.py
[2024-11-01T11:53:13.612+0900] {processor.py:914} INFO - Processing file /home/hamin081234/anaconda3/envs/airflow_env/lib/python3.11/site-packages/airflow/example_dags/example_sla_dag.py for tasks to queue
[2024-11-01T11:53:13.613+0900] {logging_mixin.py:190} INFO - [2024-11-01T11:53:13.613+0900] {dagbag.py:588} INFO - Filling up the DagBag from /home/hamin081234/anaconda3/envs/airflow_env/lib/python3.11/site-packages/airflow/example_dags/example_sla_dag.py
[2024-11-01T11:53:13.620+0900] {processor.py:925} INFO - DAG(s) 'example_sla_dag' retrieved from /home/hamin081234/anaconda3/envs/airflow_env/lib/python3.11/site-packages/airflow/example_dags/example_sla_dag.py
[2024-11-01T11:53:13.629+0900] {logging_mixin.py:190} INFO - [2024-11-01T11:53:13.629+0900] {dag.py:3239} INFO - Sync 1 DAGs
[2024-11-01T11:53:13.642+0900] {logging_mixin.py:190} INFO - [2024-11-01T11:53:13.642+0900] {dag.py:4180} INFO - Setting next_dagrun for example_sla_dag to 2024-11-01 02:50:00+00:00, run_after=2024-11-01 02:52:00+00:00
[2024-11-01T11:53:13.659+0900] {processor.py:208} INFO - Processing /home/hamin081234/anaconda3/envs/airflow_env/lib/python3.11/site-packages/airflow/example_dags/example_sla_dag.py took 0.052 seconds
[2024-11-01T11:54:04.932+0900] {processor.py:186} INFO - Started process (PID=420188) to work on /home/hamin081234/anaconda3/envs/airflow_env/lib/python3.11/site-packages/airflow/example_dags/example_sla_dag.py
[2024-11-01T11:54:04.941+0900] {processor.py:914} INFO - Processing file /home/hamin081234/anaconda3/envs/airflow_env/lib/python3.11/site-packages/airflow/example_dags/example_sla_dag.py for tasks to queue
[2024-11-01T11:54:04.942+0900] {logging_mixin.py:190} INFO - [2024-11-01T11:54:04.942+0900] {dagbag.py:588} INFO - Filling up the DagBag from /home/hamin081234/anaconda3/envs/airflow_env/lib/python3.11/site-packages/airflow/example_dags/example_sla_dag.py
[2024-11-01T11:54:04.950+0900] {processor.py:925} INFO - DAG(s) 'example_sla_dag' retrieved from /home/hamin081234/anaconda3/envs/airflow_env/lib/python3.11/site-packages/airflow/example_dags/example_sla_dag.py
[2024-11-01T11:54:04.958+0900] {logging_mixin.py:190} INFO - [2024-11-01T11:54:04.958+0900] {dag.py:3239} INFO - Sync 1 DAGs
[2024-11-01T11:54:04.971+0900] {logging_mixin.py:190} INFO - [2024-11-01T11:54:04.971+0900] {dag.py:4180} INFO - Setting next_dagrun for example_sla_dag to 2024-11-01 02:52:00+00:00, run_after=2024-11-01 02:54:00+00:00
[2024-11-01T11:54:04.990+0900] {processor.py:208} INFO - Processing /home/hamin081234/anaconda3/envs/airflow_env/lib/python3.11/site-packages/airflow/example_dags/example_sla_dag.py took 0.062 seconds
[2024-11-01T11:54:58.543+0900] {processor.py:186} INFO - Started process (PID=421654) to work on /home/hamin081234/anaconda3/envs/airflow_env/lib/python3.11/site-packages/airflow/example_dags/example_sla_dag.py
[2024-11-01T11:54:58.544+0900] {processor.py:914} INFO - Processing file /home/hamin081234/anaconda3/envs/airflow_env/lib/python3.11/site-packages/airflow/example_dags/example_sla_dag.py for tasks to queue
[2024-11-01T11:54:58.546+0900] {logging_mixin.py:190} INFO - [2024-11-01T11:54:58.545+0900] {dagbag.py:588} INFO - Filling up the DagBag from /home/hamin081234/anaconda3/envs/airflow_env/lib/python3.11/site-packages/airflow/example_dags/example_sla_dag.py
[2024-11-01T11:54:58.552+0900] {processor.py:925} INFO - DAG(s) 'example_sla_dag' retrieved from /home/hamin081234/anaconda3/envs/airflow_env/lib/python3.11/site-packages/airflow/example_dags/example_sla_dag.py
[2024-11-01T11:54:58.561+0900] {logging_mixin.py:190} INFO - [2024-11-01T11:54:58.561+0900] {dag.py:3239} INFO - Sync 1 DAGs
[2024-11-01T11:54:58.573+0900] {logging_mixin.py:190} INFO - [2024-11-01T11:54:58.573+0900] {dag.py:4180} INFO - Setting next_dagrun for example_sla_dag to 2024-11-01 02:52:00+00:00, run_after=2024-11-01 02:54:00+00:00
[2024-11-01T11:54:58.589+0900] {processor.py:208} INFO - Processing /home/hamin081234/anaconda3/envs/airflow_env/lib/python3.11/site-packages/airflow/example_dags/example_sla_dag.py took 0.050 seconds
[2024-11-01T11:55:47.723+0900] {processor.py:186} INFO - Started process (PID=422806) to work on /home/hamin081234/anaconda3/envs/airflow_env/lib/python3.11/site-packages/airflow/example_dags/example_sla_dag.py
[2024-11-01T11:55:47.732+0900] {processor.py:914} INFO - Processing file /home/hamin081234/anaconda3/envs/airflow_env/lib/python3.11/site-packages/airflow/example_dags/example_sla_dag.py for tasks to queue
[2024-11-01T11:55:47.733+0900] {logging_mixin.py:190} INFO - [2024-11-01T11:55:47.733+0900] {dagbag.py:588} INFO - Filling up the DagBag from /home/hamin081234/anaconda3/envs/airflow_env/lib/python3.11/site-packages/airflow/example_dags/example_sla_dag.py
[2024-11-01T11:55:47.742+0900] {processor.py:925} INFO - DAG(s) 'example_sla_dag' retrieved from /home/hamin081234/anaconda3/envs/airflow_env/lib/python3.11/site-packages/airflow/example_dags/example_sla_dag.py
[2024-11-01T11:55:47.750+0900] {logging_mixin.py:190} INFO - [2024-11-01T11:55:47.750+0900] {dag.py:3239} INFO - Sync 1 DAGs
[2024-11-01T11:55:47.762+0900] {logging_mixin.py:190} INFO - [2024-11-01T11:55:47.762+0900] {dag.py:4180} INFO - Setting next_dagrun for example_sla_dag to 2024-11-01 02:52:00+00:00, run_after=2024-11-01 02:54:00+00:00
[2024-11-01T11:55:47.778+0900] {processor.py:208} INFO - Processing /home/hamin081234/anaconda3/envs/airflow_env/lib/python3.11/site-packages/airflow/example_dags/example_sla_dag.py took 0.062 seconds
[2024-11-01T11:56:40.171+0900] {processor.py:186} INFO - Started process (PID=423802) to work on /home/hamin081234/anaconda3/envs/airflow_env/lib/python3.11/site-packages/airflow/example_dags/example_sla_dag.py
[2024-11-01T11:56:40.179+0900] {processor.py:914} INFO - Processing file /home/hamin081234/anaconda3/envs/airflow_env/lib/python3.11/site-packages/airflow/example_dags/example_sla_dag.py for tasks to queue
[2024-11-01T11:56:40.181+0900] {logging_mixin.py:190} INFO - [2024-11-01T11:56:40.180+0900] {dagbag.py:588} INFO - Filling up the DagBag from /home/hamin081234/anaconda3/envs/airflow_env/lib/python3.11/site-packages/airflow/example_dags/example_sla_dag.py
[2024-11-01T11:56:40.187+0900] {processor.py:925} INFO - DAG(s) 'example_sla_dag' retrieved from /home/hamin081234/anaconda3/envs/airflow_env/lib/python3.11/site-packages/airflow/example_dags/example_sla_dag.py
[2024-11-01T11:56:40.197+0900] {logging_mixin.py:190} INFO - [2024-11-01T11:56:40.197+0900] {dag.py:3239} INFO - Sync 1 DAGs
[2024-11-01T11:56:40.210+0900] {logging_mixin.py:190} INFO - [2024-11-01T11:56:40.210+0900] {dag.py:4180} INFO - Setting next_dagrun for example_sla_dag to 2024-11-01 02:54:00+00:00, run_after=2024-11-01 02:56:00+00:00
[2024-11-01T11:56:40.228+0900] {processor.py:208} INFO - Processing /home/hamin081234/anaconda3/envs/airflow_env/lib/python3.11/site-packages/airflow/example_dags/example_sla_dag.py took 0.061 seconds
[2024-11-01T11:57:29.515+0900] {processor.py:186} INFO - Started process (PID=425089) to work on /home/hamin081234/anaconda3/envs/airflow_env/lib/python3.11/site-packages/airflow/example_dags/example_sla_dag.py
[2024-11-01T11:57:29.524+0900] {processor.py:914} INFO - Processing file /home/hamin081234/anaconda3/envs/airflow_env/lib/python3.11/site-packages/airflow/example_dags/example_sla_dag.py for tasks to queue
[2024-11-01T11:57:29.526+0900] {logging_mixin.py:190} INFO - [2024-11-01T11:57:29.525+0900] {dagbag.py:588} INFO - Filling up the DagBag from /home/hamin081234/anaconda3/envs/airflow_env/lib/python3.11/site-packages/airflow/example_dags/example_sla_dag.py
[2024-11-01T11:57:29.534+0900] {processor.py:925} INFO - DAG(s) 'example_sla_dag' retrieved from /home/hamin081234/anaconda3/envs/airflow_env/lib/python3.11/site-packages/airflow/example_dags/example_sla_dag.py
[2024-11-01T11:57:29.544+0900] {logging_mixin.py:190} INFO - [2024-11-01T11:57:29.544+0900] {dag.py:3239} INFO - Sync 1 DAGs
[2024-11-01T11:57:29.561+0900] {logging_mixin.py:190} INFO - [2024-11-01T11:57:29.561+0900] {dag.py:4180} INFO - Setting next_dagrun for example_sla_dag to 2024-11-01 02:54:00+00:00, run_after=2024-11-01 02:56:00+00:00
[2024-11-01T11:57:29.584+0900] {processor.py:208} INFO - Processing /home/hamin081234/anaconda3/envs/airflow_env/lib/python3.11/site-packages/airflow/example_dags/example_sla_dag.py took 0.073 seconds
