[2024-11-01T11:49:08.410+0900] {processor.py:186} INFO - Started process (PID=413365) to work on /home/hamin081234/anaconda3/envs/airflow_env/lib/python3.11/site-packages/airflow/example_dags/example_local_kubernetes_executor.py
[2024-11-01T11:49:08.410+0900] {processor.py:914} INFO - Processing file /home/hamin081234/anaconda3/envs/airflow_env/lib/python3.11/site-packages/airflow/example_dags/example_local_kubernetes_executor.py for tasks to queue
[2024-11-01T11:49:08.412+0900] {logging_mixin.py:190} INFO - [2024-11-01T11:49:08.412+0900] {dagbag.py:588} INFO - Filling up the DagBag from /home/hamin081234/anaconda3/envs/airflow_env/lib/python3.11/site-packages/airflow/example_dags/example_local_kubernetes_executor.py
[2024-11-01T11:49:08.418+0900] {processor.py:925} INFO - DAG(s) 'example_local_kubernetes_executor' retrieved from /home/hamin081234/anaconda3/envs/airflow_env/lib/python3.11/site-packages/airflow/example_dags/example_local_kubernetes_executor.py
[2024-11-01T11:49:08.505+0900] {logging_mixin.py:190} INFO - [2024-11-01T11:49:08.505+0900] {override.py:1900} INFO - Created Permission View: can delete on DAG:example_local_kubernetes_executor
[2024-11-01T11:49:08.525+0900] {logging_mixin.py:190} INFO - [2024-11-01T11:49:08.525+0900] {override.py:1900} INFO - Created Permission View: can edit on DAG:example_local_kubernetes_executor
[2024-11-01T11:49:08.537+0900] {logging_mixin.py:190} INFO - [2024-11-01T11:49:08.537+0900] {override.py:1900} INFO - Created Permission View: can read on DAG:example_local_kubernetes_executor
[2024-11-01T11:49:08.561+0900] {logging_mixin.py:190} INFO - [2024-11-01T11:49:08.561+0900] {override.py:1900} INFO - Created Permission View: menu access on DAG Run:example_local_kubernetes_executor
[2024-11-01T11:49:08.575+0900] {logging_mixin.py:190} INFO - [2024-11-01T11:49:08.575+0900] {override.py:1900} INFO - Created Permission View: can delete on DAG Run:example_local_kubernetes_executor
[2024-11-01T11:49:08.589+0900] {logging_mixin.py:190} INFO - [2024-11-01T11:49:08.589+0900] {override.py:1900} INFO - Created Permission View: can create on DAG Run:example_local_kubernetes_executor
[2024-11-01T11:49:08.604+0900] {logging_mixin.py:190} INFO - [2024-11-01T11:49:08.603+0900] {override.py:1900} INFO - Created Permission View: can read on DAG Run:example_local_kubernetes_executor
[2024-11-01T11:49:08.604+0900] {logging_mixin.py:190} INFO - [2024-11-01T11:49:08.604+0900] {dag.py:3239} INFO - Sync 1 DAGs
[2024-11-01T11:49:08.615+0900] {logging_mixin.py:190} INFO - [2024-11-01T11:49:08.614+0900] {dag.py:3262} INFO - Creating ORM DAG for example_local_kubernetes_executor
[2024-11-01T11:49:08.616+0900] {logging_mixin.py:190} INFO - [2024-11-01T11:49:08.616+0900] {dag.py:4180} INFO - Setting next_dagrun for example_local_kubernetes_executor to None, run_after=None
[2024-11-01T11:49:08.635+0900] {processor.py:208} INFO - Processing /home/hamin081234/anaconda3/envs/airflow_env/lib/python3.11/site-packages/airflow/example_dags/example_local_kubernetes_executor.py took 0.229 seconds
[2024-11-01T11:50:09.779+0900] {processor.py:186} INFO - Started process (PID=414732) to work on /home/hamin081234/anaconda3/envs/airflow_env/lib/python3.11/site-packages/airflow/example_dags/example_local_kubernetes_executor.py
[2024-11-01T11:50:09.780+0900] {processor.py:914} INFO - Processing file /home/hamin081234/anaconda3/envs/airflow_env/lib/python3.11/site-packages/airflow/example_dags/example_local_kubernetes_executor.py for tasks to queue
[2024-11-01T11:50:09.781+0900] {logging_mixin.py:190} INFO - [2024-11-01T11:50:09.781+0900] {dagbag.py:588} INFO - Filling up the DagBag from /home/hamin081234/anaconda3/envs/airflow_env/lib/python3.11/site-packages/airflow/example_dags/example_local_kubernetes_executor.py
[2024-11-01T11:50:09.787+0900] {processor.py:925} INFO - DAG(s) 'example_local_kubernetes_executor' retrieved from /home/hamin081234/anaconda3/envs/airflow_env/lib/python3.11/site-packages/airflow/example_dags/example_local_kubernetes_executor.py
[2024-11-01T11:50:09.803+0900] {logging_mixin.py:190} INFO - [2024-11-01T11:50:09.803+0900] {dag.py:3239} INFO - Sync 1 DAGs
[2024-11-01T11:50:09.811+0900] {logging_mixin.py:190} INFO - [2024-11-01T11:50:09.810+0900] {dag.py:4180} INFO - Setting next_dagrun for example_local_kubernetes_executor to None, run_after=None
[2024-11-01T11:50:09.829+0900] {processor.py:208} INFO - Processing /home/hamin081234/anaconda3/envs/airflow_env/lib/python3.11/site-packages/airflow/example_dags/example_local_kubernetes_executor.py took 0.054 seconds
[2024-11-01T11:51:01.643+0900] {processor.py:186} INFO - Started process (PID=416135) to work on /home/hamin081234/anaconda3/envs/airflow_env/lib/python3.11/site-packages/airflow/example_dags/example_local_kubernetes_executor.py
[2024-11-01T11:51:01.644+0900] {processor.py:914} INFO - Processing file /home/hamin081234/anaconda3/envs/airflow_env/lib/python3.11/site-packages/airflow/example_dags/example_local_kubernetes_executor.py for tasks to queue
[2024-11-01T11:51:01.645+0900] {logging_mixin.py:190} INFO - [2024-11-01T11:51:01.645+0900] {dagbag.py:588} INFO - Filling up the DagBag from /home/hamin081234/anaconda3/envs/airflow_env/lib/python3.11/site-packages/airflow/example_dags/example_local_kubernetes_executor.py
[2024-11-01T11:51:01.651+0900] {processor.py:925} INFO - DAG(s) 'example_local_kubernetes_executor' retrieved from /home/hamin081234/anaconda3/envs/airflow_env/lib/python3.11/site-packages/airflow/example_dags/example_local_kubernetes_executor.py
[2024-11-01T11:51:01.666+0900] {logging_mixin.py:190} INFO - [2024-11-01T11:51:01.666+0900] {dag.py:3239} INFO - Sync 1 DAGs
[2024-11-01T11:51:01.674+0900] {logging_mixin.py:190} INFO - [2024-11-01T11:51:01.674+0900] {dag.py:4180} INFO - Setting next_dagrun for example_local_kubernetes_executor to None, run_after=None
[2024-11-01T11:51:01.692+0900] {processor.py:208} INFO - Processing /home/hamin081234/anaconda3/envs/airflow_env/lib/python3.11/site-packages/airflow/example_dags/example_local_kubernetes_executor.py took 0.053 seconds
[2024-11-01T11:51:51.038+0900] {processor.py:186} INFO - Started process (PID=417332) to work on /home/hamin081234/anaconda3/envs/airflow_env/lib/python3.11/site-packages/airflow/example_dags/example_local_kubernetes_executor.py
[2024-11-01T11:51:51.039+0900] {processor.py:914} INFO - Processing file /home/hamin081234/anaconda3/envs/airflow_env/lib/python3.11/site-packages/airflow/example_dags/example_local_kubernetes_executor.py for tasks to queue
[2024-11-01T11:51:51.040+0900] {logging_mixin.py:190} INFO - [2024-11-01T11:51:51.040+0900] {dagbag.py:588} INFO - Filling up the DagBag from /home/hamin081234/anaconda3/envs/airflow_env/lib/python3.11/site-packages/airflow/example_dags/example_local_kubernetes_executor.py
[2024-11-01T11:51:51.047+0900] {processor.py:925} INFO - DAG(s) 'example_local_kubernetes_executor' retrieved from /home/hamin081234/anaconda3/envs/airflow_env/lib/python3.11/site-packages/airflow/example_dags/example_local_kubernetes_executor.py
[2024-11-01T11:51:51.067+0900] {logging_mixin.py:190} INFO - [2024-11-01T11:51:51.066+0900] {dag.py:3239} INFO - Sync 1 DAGs
[2024-11-01T11:51:51.076+0900] {logging_mixin.py:190} INFO - [2024-11-01T11:51:51.076+0900] {dag.py:4180} INFO - Setting next_dagrun for example_local_kubernetes_executor to None, run_after=None
[2024-11-01T11:51:51.096+0900] {processor.py:208} INFO - Processing /home/hamin081234/anaconda3/envs/airflow_env/lib/python3.11/site-packages/airflow/example_dags/example_local_kubernetes_executor.py took 0.062 seconds
[2024-11-01T11:52:53.040+0900] {processor.py:186} INFO - Started process (PID=418653) to work on /home/hamin081234/anaconda3/envs/airflow_env/lib/python3.11/site-packages/airflow/example_dags/example_local_kubernetes_executor.py
[2024-11-01T11:52:53.048+0900] {processor.py:914} INFO - Processing file /home/hamin081234/anaconda3/envs/airflow_env/lib/python3.11/site-packages/airflow/example_dags/example_local_kubernetes_executor.py for tasks to queue
[2024-11-01T11:52:53.050+0900] {logging_mixin.py:190} INFO - [2024-11-01T11:52:53.050+0900] {dagbag.py:588} INFO - Filling up the DagBag from /home/hamin081234/anaconda3/envs/airflow_env/lib/python3.11/site-packages/airflow/example_dags/example_local_kubernetes_executor.py
[2024-11-01T11:52:53.056+0900] {processor.py:925} INFO - DAG(s) 'example_local_kubernetes_executor' retrieved from /home/hamin081234/anaconda3/envs/airflow_env/lib/python3.11/site-packages/airflow/example_dags/example_local_kubernetes_executor.py
[2024-11-01T11:52:53.072+0900] {logging_mixin.py:190} INFO - [2024-11-01T11:52:53.072+0900] {dag.py:3239} INFO - Sync 1 DAGs
[2024-11-01T11:52:53.079+0900] {logging_mixin.py:190} INFO - [2024-11-01T11:52:53.079+0900] {dag.py:4180} INFO - Setting next_dagrun for example_local_kubernetes_executor to None, run_after=None
[2024-11-01T11:52:53.097+0900] {processor.py:208} INFO - Processing /home/hamin081234/anaconda3/envs/airflow_env/lib/python3.11/site-packages/airflow/example_dags/example_local_kubernetes_executor.py took 0.062 seconds
[2024-11-01T11:53:43.389+0900] {processor.py:186} INFO - Started process (PID=419856) to work on /home/hamin081234/anaconda3/envs/airflow_env/lib/python3.11/site-packages/airflow/example_dags/example_local_kubernetes_executor.py
[2024-11-01T11:53:43.398+0900] {processor.py:914} INFO - Processing file /home/hamin081234/anaconda3/envs/airflow_env/lib/python3.11/site-packages/airflow/example_dags/example_local_kubernetes_executor.py for tasks to queue
[2024-11-01T11:53:43.401+0900] {logging_mixin.py:190} INFO - [2024-11-01T11:53:43.400+0900] {dagbag.py:588} INFO - Filling up the DagBag from /home/hamin081234/anaconda3/envs/airflow_env/lib/python3.11/site-packages/airflow/example_dags/example_local_kubernetes_executor.py
[2024-11-01T11:53:43.409+0900] {processor.py:925} INFO - DAG(s) 'example_local_kubernetes_executor' retrieved from /home/hamin081234/anaconda3/envs/airflow_env/lib/python3.11/site-packages/airflow/example_dags/example_local_kubernetes_executor.py
[2024-11-01T11:53:43.428+0900] {logging_mixin.py:190} INFO - [2024-11-01T11:53:43.428+0900] {dag.py:3239} INFO - Sync 1 DAGs
[2024-11-01T11:53:43.434+0900] {logging_mixin.py:190} INFO - [2024-11-01T11:53:43.434+0900] {dag.py:4180} INFO - Setting next_dagrun for example_local_kubernetes_executor to None, run_after=None
[2024-11-01T11:53:43.452+0900] {processor.py:208} INFO - Processing /home/hamin081234/anaconda3/envs/airflow_env/lib/python3.11/site-packages/airflow/example_dags/example_local_kubernetes_executor.py took 0.068 seconds
[2024-11-01T11:54:35.815+0900] {processor.py:186} INFO - Started process (PID=421145) to work on /home/hamin081234/anaconda3/envs/airflow_env/lib/python3.11/site-packages/airflow/example_dags/example_local_kubernetes_executor.py
[2024-11-01T11:54:35.824+0900] {processor.py:914} INFO - Processing file /home/hamin081234/anaconda3/envs/airflow_env/lib/python3.11/site-packages/airflow/example_dags/example_local_kubernetes_executor.py for tasks to queue
[2024-11-01T11:54:35.825+0900] {logging_mixin.py:190} INFO - [2024-11-01T11:54:35.825+0900] {dagbag.py:588} INFO - Filling up the DagBag from /home/hamin081234/anaconda3/envs/airflow_env/lib/python3.11/site-packages/airflow/example_dags/example_local_kubernetes_executor.py
[2024-11-01T11:54:35.830+0900] {processor.py:925} INFO - DAG(s) 'example_local_kubernetes_executor' retrieved from /home/hamin081234/anaconda3/envs/airflow_env/lib/python3.11/site-packages/airflow/example_dags/example_local_kubernetes_executor.py
[2024-11-01T11:54:35.844+0900] {logging_mixin.py:190} INFO - [2024-11-01T11:54:35.844+0900] {dag.py:3239} INFO - Sync 1 DAGs
[2024-11-01T11:54:35.851+0900] {logging_mixin.py:190} INFO - [2024-11-01T11:54:35.851+0900] {dag.py:4180} INFO - Setting next_dagrun for example_local_kubernetes_executor to None, run_after=None
[2024-11-01T11:54:35.868+0900] {processor.py:208} INFO - Processing /home/hamin081234/anaconda3/envs/airflow_env/lib/python3.11/site-packages/airflow/example_dags/example_local_kubernetes_executor.py took 0.056 seconds
[2024-11-01T11:55:28.272+0900] {processor.py:186} INFO - Started process (PID=422265) to work on /home/hamin081234/anaconda3/envs/airflow_env/lib/python3.11/site-packages/airflow/example_dags/example_local_kubernetes_executor.py
[2024-11-01T11:55:28.273+0900] {processor.py:914} INFO - Processing file /home/hamin081234/anaconda3/envs/airflow_env/lib/python3.11/site-packages/airflow/example_dags/example_local_kubernetes_executor.py for tasks to queue
[2024-11-01T11:55:28.275+0900] {logging_mixin.py:190} INFO - [2024-11-01T11:55:28.275+0900] {dagbag.py:588} INFO - Filling up the DagBag from /home/hamin081234/anaconda3/envs/airflow_env/lib/python3.11/site-packages/airflow/example_dags/example_local_kubernetes_executor.py
[2024-11-01T11:55:28.281+0900] {processor.py:925} INFO - DAG(s) 'example_local_kubernetes_executor' retrieved from /home/hamin081234/anaconda3/envs/airflow_env/lib/python3.11/site-packages/airflow/example_dags/example_local_kubernetes_executor.py
[2024-11-01T11:55:28.297+0900] {logging_mixin.py:190} INFO - [2024-11-01T11:55:28.297+0900] {dag.py:3239} INFO - Sync 1 DAGs
[2024-11-01T11:55:28.306+0900] {logging_mixin.py:190} INFO - [2024-11-01T11:55:28.305+0900] {dag.py:4180} INFO - Setting next_dagrun for example_local_kubernetes_executor to None, run_after=None
[2024-11-01T11:55:28.328+0900] {processor.py:208} INFO - Processing /home/hamin081234/anaconda3/envs/airflow_env/lib/python3.11/site-packages/airflow/example_dags/example_local_kubernetes_executor.py took 0.059 seconds
[2024-11-01T11:56:18.461+0900] {processor.py:186} INFO - Started process (PID=423444) to work on /home/hamin081234/anaconda3/envs/airflow_env/lib/python3.11/site-packages/airflow/example_dags/example_local_kubernetes_executor.py
[2024-11-01T11:56:18.462+0900] {processor.py:914} INFO - Processing file /home/hamin081234/anaconda3/envs/airflow_env/lib/python3.11/site-packages/airflow/example_dags/example_local_kubernetes_executor.py for tasks to queue
[2024-11-01T11:56:18.463+0900] {logging_mixin.py:190} INFO - [2024-11-01T11:56:18.463+0900] {dagbag.py:588} INFO - Filling up the DagBag from /home/hamin081234/anaconda3/envs/airflow_env/lib/python3.11/site-packages/airflow/example_dags/example_local_kubernetes_executor.py
[2024-11-01T11:56:18.469+0900] {processor.py:925} INFO - DAG(s) 'example_local_kubernetes_executor' retrieved from /home/hamin081234/anaconda3/envs/airflow_env/lib/python3.11/site-packages/airflow/example_dags/example_local_kubernetes_executor.py
[2024-11-01T11:56:18.483+0900] {logging_mixin.py:190} INFO - [2024-11-01T11:56:18.483+0900] {dag.py:3239} INFO - Sync 1 DAGs
[2024-11-01T11:56:18.490+0900] {logging_mixin.py:190} INFO - [2024-11-01T11:56:18.490+0900] {dag.py:4180} INFO - Setting next_dagrun for example_local_kubernetes_executor to None, run_after=None
[2024-11-01T11:56:18.508+0900] {processor.py:208} INFO - Processing /home/hamin081234/anaconda3/envs/airflow_env/lib/python3.11/site-packages/airflow/example_dags/example_local_kubernetes_executor.py took 0.051 seconds
[2024-11-01T11:57:09.889+0900] {processor.py:186} INFO - Started process (PID=424712) to work on /home/hamin081234/anaconda3/envs/airflow_env/lib/python3.11/site-packages/airflow/example_dags/example_local_kubernetes_executor.py
[2024-11-01T11:57:09.891+0900] {processor.py:914} INFO - Processing file /home/hamin081234/anaconda3/envs/airflow_env/lib/python3.11/site-packages/airflow/example_dags/example_local_kubernetes_executor.py for tasks to queue
[2024-11-01T11:57:09.895+0900] {logging_mixin.py:190} INFO - [2024-11-01T11:57:09.894+0900] {dagbag.py:588} INFO - Filling up the DagBag from /home/hamin081234/anaconda3/envs/airflow_env/lib/python3.11/site-packages/airflow/example_dags/example_local_kubernetes_executor.py
[2024-11-01T11:57:09.908+0900] {processor.py:925} INFO - DAG(s) 'example_local_kubernetes_executor' retrieved from /home/hamin081234/anaconda3/envs/airflow_env/lib/python3.11/site-packages/airflow/example_dags/example_local_kubernetes_executor.py
[2024-11-01T11:57:09.933+0900] {logging_mixin.py:190} INFO - [2024-11-01T11:57:09.932+0900] {dag.py:3239} INFO - Sync 1 DAGs
[2024-11-01T11:57:09.942+0900] {logging_mixin.py:190} INFO - [2024-11-01T11:57:09.942+0900] {dag.py:4180} INFO - Setting next_dagrun for example_local_kubernetes_executor to None, run_after=None
[2024-11-01T11:57:09.964+0900] {processor.py:208} INFO - Processing /home/hamin081234/anaconda3/envs/airflow_env/lib/python3.11/site-packages/airflow/example_dags/example_local_kubernetes_executor.py took 0.086 seconds
[2024-11-01T11:57:59.402+0900] {processor.py:186} INFO - Started process (PID=425593) to work on /home/hamin081234/anaconda3/envs/airflow_env/lib/python3.11/site-packages/airflow/example_dags/example_local_kubernetes_executor.py
[2024-11-01T11:57:59.410+0900] {processor.py:914} INFO - Processing file /home/hamin081234/anaconda3/envs/airflow_env/lib/python3.11/site-packages/airflow/example_dags/example_local_kubernetes_executor.py for tasks to queue
[2024-11-01T11:57:59.413+0900] {logging_mixin.py:190} INFO - [2024-11-01T11:57:59.412+0900] {dagbag.py:588} INFO - Filling up the DagBag from /home/hamin081234/anaconda3/envs/airflow_env/lib/python3.11/site-packages/airflow/example_dags/example_local_kubernetes_executor.py
[2024-11-01T11:57:59.421+0900] {processor.py:925} INFO - DAG(s) 'example_local_kubernetes_executor' retrieved from /home/hamin081234/anaconda3/envs/airflow_env/lib/python3.11/site-packages/airflow/example_dags/example_local_kubernetes_executor.py
[2024-11-01T11:57:59.438+0900] {logging_mixin.py:190} INFO - [2024-11-01T11:57:59.438+0900] {dag.py:3239} INFO - Sync 1 DAGs
[2024-11-01T11:57:59.447+0900] {logging_mixin.py:190} INFO - [2024-11-01T11:57:59.447+0900] {dag.py:4180} INFO - Setting next_dagrun for example_local_kubernetes_executor to None, run_after=None
[2024-11-01T11:57:59.465+0900] {processor.py:208} INFO - Processing /home/hamin081234/anaconda3/envs/airflow_env/lib/python3.11/site-packages/airflow/example_dags/example_local_kubernetes_executor.py took 0.067 seconds
