[2024-11-01T11:49:40.167+0900] {processor.py:186} INFO - Started process (PID=414249) to work on /home/hamin081234/anaconda3/envs/airflow_env/lib/python3.11/site-packages/airflow/example_dags/example_dataset_alias_with_no_taskflow.py
[2024-11-01T11:49:40.168+0900] {processor.py:914} INFO - Processing file /home/hamin081234/anaconda3/envs/airflow_env/lib/python3.11/site-packages/airflow/example_dags/example_dataset_alias_with_no_taskflow.py for tasks to queue
[2024-11-01T11:49:40.169+0900] {logging_mixin.py:190} INFO - [2024-11-01T11:49:40.169+0900] {dagbag.py:588} INFO - Filling up the DagBag from /home/hamin081234/anaconda3/envs/airflow_env/lib/python3.11/site-packages/airflow/example_dags/example_dataset_alias_with_no_taskflow.py
[2024-11-01T11:49:40.184+0900] {processor.py:925} INFO - DAG(s) 'dataset_s3_bucket_consumer_with_no_taskflow', 'dataset_alias_example_alias_producer_with_no_taskflow', 'dataset_s3_bucket_producer_with_no_taskflow', 'dataset_alias_example_alias_consumer_with_no_taskflow' retrieved from /home/hamin081234/anaconda3/envs/airflow_env/lib/python3.11/site-packages/airflow/example_dags/example_dataset_alias_with_no_taskflow.py
[2024-11-01T11:49:40.248+0900] {logging_mixin.py:190} INFO - [2024-11-01T11:49:40.247+0900] {override.py:1900} INFO - Created Permission View: can delete on DAG:dataset_s3_bucket_consumer_with_no_taskflow
[2024-11-01T11:49:40.260+0900] {logging_mixin.py:190} INFO - [2024-11-01T11:49:40.260+0900] {override.py:1900} INFO - Created Permission View: can edit on DAG:dataset_s3_bucket_consumer_with_no_taskflow
[2024-11-01T11:49:40.276+0900] {logging_mixin.py:190} INFO - [2024-11-01T11:49:40.276+0900] {override.py:1900} INFO - Created Permission View: can read on DAG:dataset_s3_bucket_consumer_with_no_taskflow
[2024-11-01T11:49:40.296+0900] {logging_mixin.py:190} INFO - [2024-11-01T11:49:40.296+0900] {override.py:1900} INFO - Created Permission View: menu access on DAG Run:dataset_s3_bucket_consumer_with_no_taskflow
[2024-11-01T11:49:40.306+0900] {logging_mixin.py:190} INFO - [2024-11-01T11:49:40.306+0900] {override.py:1900} INFO - Created Permission View: can delete on DAG Run:dataset_s3_bucket_consumer_with_no_taskflow
[2024-11-01T11:49:40.318+0900] {logging_mixin.py:190} INFO - [2024-11-01T11:49:40.317+0900] {override.py:1900} INFO - Created Permission View: can create on DAG Run:dataset_s3_bucket_consumer_with_no_taskflow
[2024-11-01T11:49:40.328+0900] {logging_mixin.py:190} INFO - [2024-11-01T11:49:40.327+0900] {override.py:1900} INFO - Created Permission View: can read on DAG Run:dataset_s3_bucket_consumer_with_no_taskflow
[2024-11-01T11:49:40.378+0900] {logging_mixin.py:190} INFO - [2024-11-01T11:49:40.378+0900] {override.py:1900} INFO - Created Permission View: can delete on DAG:dataset_alias_example_alias_producer_with_no_taskflow
[2024-11-01T11:49:40.390+0900] {logging_mixin.py:190} INFO - [2024-11-01T11:49:40.390+0900] {override.py:1900} INFO - Created Permission View: can edit on DAG:dataset_alias_example_alias_producer_with_no_taskflow
[2024-11-01T11:49:40.402+0900] {logging_mixin.py:190} INFO - [2024-11-01T11:49:40.401+0900] {override.py:1900} INFO - Created Permission View: can read on DAG:dataset_alias_example_alias_producer_with_no_taskflow
[2024-11-01T11:49:40.428+0900] {logging_mixin.py:190} INFO - [2024-11-01T11:49:40.428+0900] {override.py:1900} INFO - Created Permission View: menu access on DAG Run:dataset_alias_example_alias_producer_with_no_taskflow
[2024-11-01T11:49:40.442+0900] {logging_mixin.py:190} INFO - [2024-11-01T11:49:40.442+0900] {override.py:1900} INFO - Created Permission View: can delete on DAG Run:dataset_alias_example_alias_producer_with_no_taskflow
[2024-11-01T11:49:40.454+0900] {logging_mixin.py:190} INFO - [2024-11-01T11:49:40.454+0900] {override.py:1900} INFO - Created Permission View: can create on DAG Run:dataset_alias_example_alias_producer_with_no_taskflow
[2024-11-01T11:49:40.464+0900] {logging_mixin.py:190} INFO - [2024-11-01T11:49:40.463+0900] {override.py:1900} INFO - Created Permission View: can read on DAG Run:dataset_alias_example_alias_producer_with_no_taskflow
[2024-11-01T11:49:40.488+0900] {logging_mixin.py:190} INFO - [2024-11-01T11:49:40.488+0900] {override.py:1900} INFO - Created Permission View: can delete on DAG:dataset_s3_bucket_producer_with_no_taskflow
[2024-11-01T11:49:40.498+0900] {logging_mixin.py:190} INFO - [2024-11-01T11:49:40.498+0900] {override.py:1900} INFO - Created Permission View: can edit on DAG:dataset_s3_bucket_producer_with_no_taskflow
[2024-11-01T11:49:40.508+0900] {logging_mixin.py:190} INFO - [2024-11-01T11:49:40.508+0900] {override.py:1900} INFO - Created Permission View: can read on DAG:dataset_s3_bucket_producer_with_no_taskflow
[2024-11-01T11:49:40.528+0900] {logging_mixin.py:190} INFO - [2024-11-01T11:49:40.528+0900] {override.py:1900} INFO - Created Permission View: menu access on DAG Run:dataset_s3_bucket_producer_with_no_taskflow
[2024-11-01T11:49:40.540+0900] {logging_mixin.py:190} INFO - [2024-11-01T11:49:40.540+0900] {override.py:1900} INFO - Created Permission View: can delete on DAG Run:dataset_s3_bucket_producer_with_no_taskflow
[2024-11-01T11:49:40.550+0900] {logging_mixin.py:190} INFO - [2024-11-01T11:49:40.550+0900] {override.py:1900} INFO - Created Permission View: can create on DAG Run:dataset_s3_bucket_producer_with_no_taskflow
[2024-11-01T11:49:40.560+0900] {logging_mixin.py:190} INFO - [2024-11-01T11:49:40.560+0900] {override.py:1900} INFO - Created Permission View: can read on DAG Run:dataset_s3_bucket_producer_with_no_taskflow
[2024-11-01T11:49:40.584+0900] {logging_mixin.py:190} INFO - [2024-11-01T11:49:40.583+0900] {override.py:1900} INFO - Created Permission View: can delete on DAG:dataset_alias_example_alias_consumer_with_no_taskflow
[2024-11-01T11:49:40.594+0900] {logging_mixin.py:190} INFO - [2024-11-01T11:49:40.593+0900] {override.py:1900} INFO - Created Permission View: can edit on DAG:dataset_alias_example_alias_consumer_with_no_taskflow
[2024-11-01T11:49:40.612+0900] {logging_mixin.py:190} INFO - [2024-11-01T11:49:40.612+0900] {override.py:1900} INFO - Created Permission View: can read on DAG:dataset_alias_example_alias_consumer_with_no_taskflow
[2024-11-01T11:49:40.632+0900] {logging_mixin.py:190} INFO - [2024-11-01T11:49:40.632+0900] {override.py:1900} INFO - Created Permission View: menu access on DAG Run:dataset_alias_example_alias_consumer_with_no_taskflow
[2024-11-01T11:49:40.644+0900] {logging_mixin.py:190} INFO - [2024-11-01T11:49:40.644+0900] {override.py:1900} INFO - Created Permission View: can delete on DAG Run:dataset_alias_example_alias_consumer_with_no_taskflow
[2024-11-01T11:49:40.656+0900] {logging_mixin.py:190} INFO - [2024-11-01T11:49:40.656+0900] {override.py:1900} INFO - Created Permission View: can create on DAG Run:dataset_alias_example_alias_consumer_with_no_taskflow
[2024-11-01T11:49:40.666+0900] {logging_mixin.py:190} INFO - [2024-11-01T11:49:40.665+0900] {override.py:1900} INFO - Created Permission View: can read on DAG Run:dataset_alias_example_alias_consumer_with_no_taskflow
[2024-11-01T11:49:40.666+0900] {logging_mixin.py:190} INFO - [2024-11-01T11:49:40.666+0900] {dag.py:3239} INFO - Sync 4 DAGs
[2024-11-01T11:49:40.673+0900] {logging_mixin.py:190} INFO - [2024-11-01T11:49:40.673+0900] {dag.py:3262} INFO - Creating ORM DAG for dataset_s3_bucket_consumer_with_no_taskflow
[2024-11-01T11:49:40.674+0900] {logging_mixin.py:190} INFO - [2024-11-01T11:49:40.674+0900] {dag.py:3262} INFO - Creating ORM DAG for dataset_alias_example_alias_producer_with_no_taskflow
[2024-11-01T11:49:40.674+0900] {logging_mixin.py:190} INFO - [2024-11-01T11:49:40.674+0900] {dag.py:3262} INFO - Creating ORM DAG for dataset_alias_example_alias_consumer_with_no_taskflow
[2024-11-01T11:49:40.674+0900] {logging_mixin.py:190} INFO - [2024-11-01T11:49:40.674+0900] {dag.py:3262} INFO - Creating ORM DAG for dataset_s3_bucket_producer_with_no_taskflow
[2024-11-01T11:49:40.679+0900] {logging_mixin.py:190} INFO - [2024-11-01T11:49:40.678+0900] {dag.py:4180} INFO - Setting next_dagrun for dataset_alias_example_alias_consumer_with_no_taskflow to None, run_after=None
[2024-11-01T11:49:40.679+0900] {logging_mixin.py:190} INFO - [2024-11-01T11:49:40.679+0900] {dag.py:4180} INFO - Setting next_dagrun for dataset_alias_example_alias_producer_with_no_taskflow to None, run_after=None
[2024-11-01T11:49:40.679+0900] {logging_mixin.py:190} INFO - [2024-11-01T11:49:40.679+0900] {dag.py:4180} INFO - Setting next_dagrun for dataset_s3_bucket_consumer_with_no_taskflow to None, run_after=None
[2024-11-01T11:49:40.679+0900] {logging_mixin.py:190} INFO - [2024-11-01T11:49:40.679+0900] {dag.py:4180} INFO - Setting next_dagrun for dataset_s3_bucket_producer_with_no_taskflow to None, run_after=None
[2024-11-01T11:49:40.703+0900] {processor.py:208} INFO - Processing /home/hamin081234/anaconda3/envs/airflow_env/lib/python3.11/site-packages/airflow/example_dags/example_dataset_alias_with_no_taskflow.py took 0.539 seconds
[2024-11-01T11:50:37.403+0900] {processor.py:186} INFO - Started process (PID=415663) to work on /home/hamin081234/anaconda3/envs/airflow_env/lib/python3.11/site-packages/airflow/example_dags/example_dataset_alias_with_no_taskflow.py
[2024-11-01T11:50:37.404+0900] {processor.py:914} INFO - Processing file /home/hamin081234/anaconda3/envs/airflow_env/lib/python3.11/site-packages/airflow/example_dags/example_dataset_alias_with_no_taskflow.py for tasks to queue
[2024-11-01T11:50:37.405+0900] {logging_mixin.py:190} INFO - [2024-11-01T11:50:37.405+0900] {dagbag.py:588} INFO - Filling up the DagBag from /home/hamin081234/anaconda3/envs/airflow_env/lib/python3.11/site-packages/airflow/example_dags/example_dataset_alias_with_no_taskflow.py
[2024-11-01T11:50:37.419+0900] {processor.py:925} INFO - DAG(s) 'dataset_alias_example_alias_producer_with_no_taskflow', 'dataset_s3_bucket_producer_with_no_taskflow', 'dataset_alias_example_alias_consumer_with_no_taskflow', 'dataset_s3_bucket_consumer_with_no_taskflow' retrieved from /home/hamin081234/anaconda3/envs/airflow_env/lib/python3.11/site-packages/airflow/example_dags/example_dataset_alias_with_no_taskflow.py
[2024-11-01T11:50:37.429+0900] {logging_mixin.py:190} INFO - [2024-11-01T11:50:37.429+0900] {dag.py:3239} INFO - Sync 4 DAGs
[2024-11-01T11:50:37.441+0900] {logging_mixin.py:190} INFO - [2024-11-01T11:50:37.441+0900] {dag.py:4180} INFO - Setting next_dagrun for dataset_alias_example_alias_consumer_with_no_taskflow to None, run_after=None
[2024-11-01T11:50:37.442+0900] {logging_mixin.py:190} INFO - [2024-11-01T11:50:37.442+0900] {dag.py:4180} INFO - Setting next_dagrun for dataset_alias_example_alias_producer_with_no_taskflow to None, run_after=None
[2024-11-01T11:50:37.443+0900] {logging_mixin.py:190} INFO - [2024-11-01T11:50:37.442+0900] {dag.py:4180} INFO - Setting next_dagrun for dataset_s3_bucket_consumer_with_no_taskflow to None, run_after=None
[2024-11-01T11:50:37.443+0900] {logging_mixin.py:190} INFO - [2024-11-01T11:50:37.443+0900] {dag.py:4180} INFO - Setting next_dagrun for dataset_s3_bucket_producer_with_no_taskflow to None, run_after=None
[2024-11-01T11:50:37.463+0900] {processor.py:208} INFO - Processing /home/hamin081234/anaconda3/envs/airflow_env/lib/python3.11/site-packages/airflow/example_dags/example_dataset_alias_with_no_taskflow.py took 0.064 seconds
[2024-11-01T11:51:31.917+0900] {processor.py:186} INFO - Started process (PID=416645) to work on /home/hamin081234/anaconda3/envs/airflow_env/lib/python3.11/site-packages/airflow/example_dags/example_dataset_alias_with_no_taskflow.py
[2024-11-01T11:51:31.917+0900] {processor.py:914} INFO - Processing file /home/hamin081234/anaconda3/envs/airflow_env/lib/python3.11/site-packages/airflow/example_dags/example_dataset_alias_with_no_taskflow.py for tasks to queue
[2024-11-01T11:51:31.919+0900] {logging_mixin.py:190} INFO - [2024-11-01T11:51:31.919+0900] {dagbag.py:588} INFO - Filling up the DagBag from /home/hamin081234/anaconda3/envs/airflow_env/lib/python3.11/site-packages/airflow/example_dags/example_dataset_alias_with_no_taskflow.py
[2024-11-01T11:51:31.933+0900] {processor.py:925} INFO - DAG(s) 'dataset_alias_example_alias_consumer_with_no_taskflow', 'dataset_s3_bucket_producer_with_no_taskflow', 'dataset_alias_example_alias_producer_with_no_taskflow', 'dataset_s3_bucket_consumer_with_no_taskflow' retrieved from /home/hamin081234/anaconda3/envs/airflow_env/lib/python3.11/site-packages/airflow/example_dags/example_dataset_alias_with_no_taskflow.py
[2024-11-01T11:51:31.945+0900] {logging_mixin.py:190} INFO - [2024-11-01T11:51:31.945+0900] {dag.py:3239} INFO - Sync 4 DAGs
[2024-11-01T11:51:31.959+0900] {logging_mixin.py:190} INFO - [2024-11-01T11:51:31.959+0900] {dag.py:4180} INFO - Setting next_dagrun for dataset_alias_example_alias_consumer_with_no_taskflow to None, run_after=None
[2024-11-01T11:51:31.960+0900] {logging_mixin.py:190} INFO - [2024-11-01T11:51:31.960+0900] {dag.py:4180} INFO - Setting next_dagrun for dataset_alias_example_alias_producer_with_no_taskflow to None, run_after=None
[2024-11-01T11:51:31.961+0900] {logging_mixin.py:190} INFO - [2024-11-01T11:51:31.961+0900] {dag.py:4180} INFO - Setting next_dagrun for dataset_s3_bucket_consumer_with_no_taskflow to None, run_after=None
[2024-11-01T11:51:31.961+0900] {logging_mixin.py:190} INFO - [2024-11-01T11:51:31.961+0900] {dag.py:4180} INFO - Setting next_dagrun for dataset_s3_bucket_producer_with_no_taskflow to None, run_after=None
[2024-11-01T11:51:31.980+0900] {processor.py:208} INFO - Processing /home/hamin081234/anaconda3/envs/airflow_env/lib/python3.11/site-packages/airflow/example_dags/example_dataset_alias_with_no_taskflow.py took 0.067 seconds
[2024-11-01T11:52:33.634+0900] {processor.py:186} INFO - Started process (PID=418190) to work on /home/hamin081234/anaconda3/envs/airflow_env/lib/python3.11/site-packages/airflow/example_dags/example_dataset_alias_with_no_taskflow.py
[2024-11-01T11:52:33.642+0900] {processor.py:914} INFO - Processing file /home/hamin081234/anaconda3/envs/airflow_env/lib/python3.11/site-packages/airflow/example_dags/example_dataset_alias_with_no_taskflow.py for tasks to queue
[2024-11-01T11:52:33.644+0900] {logging_mixin.py:190} INFO - [2024-11-01T11:52:33.643+0900] {dagbag.py:588} INFO - Filling up the DagBag from /home/hamin081234/anaconda3/envs/airflow_env/lib/python3.11/site-packages/airflow/example_dags/example_dataset_alias_with_no_taskflow.py
[2024-11-01T11:52:33.657+0900] {processor.py:925} INFO - DAG(s) 'dataset_s3_bucket_consumer_with_no_taskflow', 'dataset_s3_bucket_producer_with_no_taskflow', 'dataset_alias_example_alias_producer_with_no_taskflow', 'dataset_alias_example_alias_consumer_with_no_taskflow' retrieved from /home/hamin081234/anaconda3/envs/airflow_env/lib/python3.11/site-packages/airflow/example_dags/example_dataset_alias_with_no_taskflow.py
[2024-11-01T11:52:33.669+0900] {logging_mixin.py:190} INFO - [2024-11-01T11:52:33.668+0900] {dag.py:3239} INFO - Sync 4 DAGs
[2024-11-01T11:52:33.679+0900] {logging_mixin.py:190} INFO - [2024-11-01T11:52:33.679+0900] {dag.py:4180} INFO - Setting next_dagrun for dataset_alias_example_alias_consumer_with_no_taskflow to None, run_after=None
[2024-11-01T11:52:33.680+0900] {logging_mixin.py:190} INFO - [2024-11-01T11:52:33.680+0900] {dag.py:4180} INFO - Setting next_dagrun for dataset_alias_example_alias_producer_with_no_taskflow to None, run_after=None
[2024-11-01T11:52:33.681+0900] {logging_mixin.py:190} INFO - [2024-11-01T11:52:33.680+0900] {dag.py:4180} INFO - Setting next_dagrun for dataset_s3_bucket_consumer_with_no_taskflow to None, run_after=None
[2024-11-01T11:52:33.681+0900] {logging_mixin.py:190} INFO - [2024-11-01T11:52:33.681+0900] {dag.py:4180} INFO - Setting next_dagrun for dataset_s3_bucket_producer_with_no_taskflow to None, run_after=None
[2024-11-01T11:52:33.701+0900] {processor.py:208} INFO - Processing /home/hamin081234/anaconda3/envs/airflow_env/lib/python3.11/site-packages/airflow/example_dags/example_dataset_alias_with_no_taskflow.py took 0.071 seconds
[2024-11-01T11:53:28.460+0900] {processor.py:186} INFO - Started process (PID=419590) to work on /home/hamin081234/anaconda3/envs/airflow_env/lib/python3.11/site-packages/airflow/example_dags/example_dataset_alias_with_no_taskflow.py
[2024-11-01T11:53:28.468+0900] {processor.py:914} INFO - Processing file /home/hamin081234/anaconda3/envs/airflow_env/lib/python3.11/site-packages/airflow/example_dags/example_dataset_alias_with_no_taskflow.py for tasks to queue
[2024-11-01T11:53:28.469+0900] {logging_mixin.py:190} INFO - [2024-11-01T11:53:28.469+0900] {dagbag.py:588} INFO - Filling up the DagBag from /home/hamin081234/anaconda3/envs/airflow_env/lib/python3.11/site-packages/airflow/example_dags/example_dataset_alias_with_no_taskflow.py
[2024-11-01T11:53:28.484+0900] {processor.py:925} INFO - DAG(s) 'dataset_s3_bucket_consumer_with_no_taskflow', 'dataset_s3_bucket_producer_with_no_taskflow', 'dataset_alias_example_alias_consumer_with_no_taskflow', 'dataset_alias_example_alias_producer_with_no_taskflow' retrieved from /home/hamin081234/anaconda3/envs/airflow_env/lib/python3.11/site-packages/airflow/example_dags/example_dataset_alias_with_no_taskflow.py
[2024-11-01T11:53:28.494+0900] {logging_mixin.py:190} INFO - [2024-11-01T11:53:28.494+0900] {dag.py:3239} INFO - Sync 4 DAGs
[2024-11-01T11:53:28.504+0900] {logging_mixin.py:190} INFO - [2024-11-01T11:53:28.504+0900] {dag.py:4180} INFO - Setting next_dagrun for dataset_alias_example_alias_consumer_with_no_taskflow to None, run_after=None
[2024-11-01T11:53:28.506+0900] {logging_mixin.py:190} INFO - [2024-11-01T11:53:28.505+0900] {dag.py:4180} INFO - Setting next_dagrun for dataset_alias_example_alias_producer_with_no_taskflow to None, run_after=None
[2024-11-01T11:53:28.506+0900] {logging_mixin.py:190} INFO - [2024-11-01T11:53:28.506+0900] {dag.py:4180} INFO - Setting next_dagrun for dataset_s3_bucket_consumer_with_no_taskflow to None, run_after=None
[2024-11-01T11:53:28.506+0900] {logging_mixin.py:190} INFO - [2024-11-01T11:53:28.506+0900] {dag.py:4180} INFO - Setting next_dagrun for dataset_s3_bucket_producer_with_no_taskflow to None, run_after=None
[2024-11-01T11:53:28.524+0900] {processor.py:208} INFO - Processing /home/hamin081234/anaconda3/envs/airflow_env/lib/python3.11/site-packages/airflow/example_dags/example_dataset_alias_with_no_taskflow.py took 0.069 seconds
[2024-11-01T11:54:18.637+0900] {processor.py:186} INFO - Started process (PID=420610) to work on /home/hamin081234/anaconda3/envs/airflow_env/lib/python3.11/site-packages/airflow/example_dags/example_dataset_alias_with_no_taskflow.py
[2024-11-01T11:54:18.645+0900] {processor.py:914} INFO - Processing file /home/hamin081234/anaconda3/envs/airflow_env/lib/python3.11/site-packages/airflow/example_dags/example_dataset_alias_with_no_taskflow.py for tasks to queue
[2024-11-01T11:54:18.647+0900] {logging_mixin.py:190} INFO - [2024-11-01T11:54:18.646+0900] {dagbag.py:588} INFO - Filling up the DagBag from /home/hamin081234/anaconda3/envs/airflow_env/lib/python3.11/site-packages/airflow/example_dags/example_dataset_alias_with_no_taskflow.py
[2024-11-01T11:54:18.661+0900] {processor.py:925} INFO - DAG(s) 'dataset_s3_bucket_consumer_with_no_taskflow', 'dataset_alias_example_alias_consumer_with_no_taskflow', 'dataset_s3_bucket_producer_with_no_taskflow', 'dataset_alias_example_alias_producer_with_no_taskflow' retrieved from /home/hamin081234/anaconda3/envs/airflow_env/lib/python3.11/site-packages/airflow/example_dags/example_dataset_alias_with_no_taskflow.py
[2024-11-01T11:54:18.671+0900] {logging_mixin.py:190} INFO - [2024-11-01T11:54:18.671+0900] {dag.py:3239} INFO - Sync 4 DAGs
[2024-11-01T11:54:18.681+0900] {logging_mixin.py:190} INFO - [2024-11-01T11:54:18.681+0900] {dag.py:4180} INFO - Setting next_dagrun for dataset_alias_example_alias_consumer_with_no_taskflow to None, run_after=None
[2024-11-01T11:54:18.682+0900] {logging_mixin.py:190} INFO - [2024-11-01T11:54:18.682+0900] {dag.py:4180} INFO - Setting next_dagrun for dataset_alias_example_alias_producer_with_no_taskflow to None, run_after=None
[2024-11-01T11:54:18.683+0900] {logging_mixin.py:190} INFO - [2024-11-01T11:54:18.682+0900] {dag.py:4180} INFO - Setting next_dagrun for dataset_s3_bucket_consumer_with_no_taskflow to None, run_after=None
[2024-11-01T11:54:18.683+0900] {logging_mixin.py:190} INFO - [2024-11-01T11:54:18.683+0900] {dag.py:4180} INFO - Setting next_dagrun for dataset_s3_bucket_producer_with_no_taskflow to None, run_after=None
[2024-11-01T11:54:18.704+0900] {processor.py:208} INFO - Processing /home/hamin081234/anaconda3/envs/airflow_env/lib/python3.11/site-packages/airflow/example_dags/example_dataset_alias_with_no_taskflow.py took 0.071 seconds
[2024-11-01T11:55:11.702+0900] {processor.py:186} INFO - Started process (PID=421841) to work on /home/hamin081234/anaconda3/envs/airflow_env/lib/python3.11/site-packages/airflow/example_dags/example_dataset_alias_with_no_taskflow.py
[2024-11-01T11:55:11.707+0900] {processor.py:914} INFO - Processing file /home/hamin081234/anaconda3/envs/airflow_env/lib/python3.11/site-packages/airflow/example_dags/example_dataset_alias_with_no_taskflow.py for tasks to queue
[2024-11-01T11:55:11.709+0900] {logging_mixin.py:190} INFO - [2024-11-01T11:55:11.709+0900] {dagbag.py:588} INFO - Filling up the DagBag from /home/hamin081234/anaconda3/envs/airflow_env/lib/python3.11/site-packages/airflow/example_dags/example_dataset_alias_with_no_taskflow.py
[2024-11-01T11:55:11.723+0900] {processor.py:925} INFO - DAG(s) 'dataset_alias_example_alias_consumer_with_no_taskflow', 'dataset_s3_bucket_consumer_with_no_taskflow', 'dataset_s3_bucket_producer_with_no_taskflow', 'dataset_alias_example_alias_producer_with_no_taskflow' retrieved from /home/hamin081234/anaconda3/envs/airflow_env/lib/python3.11/site-packages/airflow/example_dags/example_dataset_alias_with_no_taskflow.py
[2024-11-01T11:55:11.735+0900] {logging_mixin.py:190} INFO - [2024-11-01T11:55:11.735+0900] {dag.py:3239} INFO - Sync 4 DAGs
[2024-11-01T11:55:11.748+0900] {logging_mixin.py:190} INFO - [2024-11-01T11:55:11.747+0900] {dag.py:4180} INFO - Setting next_dagrun for dataset_alias_example_alias_consumer_with_no_taskflow to None, run_after=None
[2024-11-01T11:55:11.749+0900] {logging_mixin.py:190} INFO - [2024-11-01T11:55:11.749+0900] {dag.py:4180} INFO - Setting next_dagrun for dataset_alias_example_alias_producer_with_no_taskflow to None, run_after=None
[2024-11-01T11:55:11.749+0900] {logging_mixin.py:190} INFO - [2024-11-01T11:55:11.749+0900] {dag.py:4180} INFO - Setting next_dagrun for dataset_s3_bucket_consumer_with_no_taskflow to None, run_after=None
[2024-11-01T11:55:11.750+0900] {logging_mixin.py:190} INFO - [2024-11-01T11:55:11.750+0900] {dag.py:4180} INFO - Setting next_dagrun for dataset_s3_bucket_producer_with_no_taskflow to None, run_after=None
[2024-11-01T11:55:11.774+0900] {processor.py:208} INFO - Processing /home/hamin081234/anaconda3/envs/airflow_env/lib/python3.11/site-packages/airflow/example_dags/example_dataset_alias_with_no_taskflow.py took 0.076 seconds
[2024-11-01T11:56:02.204+0900] {processor.py:186} INFO - Started process (PID=423140) to work on /home/hamin081234/anaconda3/envs/airflow_env/lib/python3.11/site-packages/airflow/example_dags/example_dataset_alias_with_no_taskflow.py
[2024-11-01T11:56:02.212+0900] {processor.py:914} INFO - Processing file /home/hamin081234/anaconda3/envs/airflow_env/lib/python3.11/site-packages/airflow/example_dags/example_dataset_alias_with_no_taskflow.py for tasks to queue
[2024-11-01T11:56:02.213+0900] {logging_mixin.py:190} INFO - [2024-11-01T11:56:02.213+0900] {dagbag.py:588} INFO - Filling up the DagBag from /home/hamin081234/anaconda3/envs/airflow_env/lib/python3.11/site-packages/airflow/example_dags/example_dataset_alias_with_no_taskflow.py
[2024-11-01T11:56:02.226+0900] {processor.py:925} INFO - DAG(s) 'dataset_alias_example_alias_consumer_with_no_taskflow', 'dataset_alias_example_alias_producer_with_no_taskflow', 'dataset_s3_bucket_producer_with_no_taskflow', 'dataset_s3_bucket_consumer_with_no_taskflow' retrieved from /home/hamin081234/anaconda3/envs/airflow_env/lib/python3.11/site-packages/airflow/example_dags/example_dataset_alias_with_no_taskflow.py
[2024-11-01T11:56:02.236+0900] {logging_mixin.py:190} INFO - [2024-11-01T11:56:02.236+0900] {dag.py:3239} INFO - Sync 4 DAGs
[2024-11-01T11:56:02.247+0900] {logging_mixin.py:190} INFO - [2024-11-01T11:56:02.247+0900] {dag.py:4180} INFO - Setting next_dagrun for dataset_alias_example_alias_consumer_with_no_taskflow to None, run_after=None
[2024-11-01T11:56:02.248+0900] {logging_mixin.py:190} INFO - [2024-11-01T11:56:02.248+0900] {dag.py:4180} INFO - Setting next_dagrun for dataset_alias_example_alias_producer_with_no_taskflow to None, run_after=None
[2024-11-01T11:56:02.248+0900] {logging_mixin.py:190} INFO - [2024-11-01T11:56:02.248+0900] {dag.py:4180} INFO - Setting next_dagrun for dataset_s3_bucket_consumer_with_no_taskflow to None, run_after=None
[2024-11-01T11:56:02.249+0900] {logging_mixin.py:190} INFO - [2024-11-01T11:56:02.249+0900] {dag.py:4180} INFO - Setting next_dagrun for dataset_s3_bucket_producer_with_no_taskflow to None, run_after=None
[2024-11-01T11:56:02.267+0900] {processor.py:208} INFO - Processing /home/hamin081234/anaconda3/envs/airflow_env/lib/python3.11/site-packages/airflow/example_dags/example_dataset_alias_with_no_taskflow.py took 0.066 seconds
[2024-11-01T11:56:53.840+0900] {processor.py:186} INFO - Started process (PID=424168) to work on /home/hamin081234/anaconda3/envs/airflow_env/lib/python3.11/site-packages/airflow/example_dags/example_dataset_alias_with_no_taskflow.py
[2024-11-01T11:56:53.849+0900] {processor.py:914} INFO - Processing file /home/hamin081234/anaconda3/envs/airflow_env/lib/python3.11/site-packages/airflow/example_dags/example_dataset_alias_with_no_taskflow.py for tasks to queue
[2024-11-01T11:56:53.851+0900] {logging_mixin.py:190} INFO - [2024-11-01T11:56:53.851+0900] {dagbag.py:588} INFO - Filling up the DagBag from /home/hamin081234/anaconda3/envs/airflow_env/lib/python3.11/site-packages/airflow/example_dags/example_dataset_alias_with_no_taskflow.py
[2024-11-01T11:56:53.870+0900] {processor.py:925} INFO - DAG(s) 'dataset_alias_example_alias_producer_with_no_taskflow', 'dataset_s3_bucket_consumer_with_no_taskflow', 'dataset_s3_bucket_producer_with_no_taskflow', 'dataset_alias_example_alias_consumer_with_no_taskflow' retrieved from /home/hamin081234/anaconda3/envs/airflow_env/lib/python3.11/site-packages/airflow/example_dags/example_dataset_alias_with_no_taskflow.py
[2024-11-01T11:56:53.887+0900] {logging_mixin.py:190} INFO - [2024-11-01T11:56:53.887+0900] {dag.py:3239} INFO - Sync 4 DAGs
[2024-11-01T11:56:53.903+0900] {logging_mixin.py:190} INFO - [2024-11-01T11:56:53.902+0900] {dag.py:4180} INFO - Setting next_dagrun for dataset_alias_example_alias_consumer_with_no_taskflow to None, run_after=None
[2024-11-01T11:56:53.905+0900] {logging_mixin.py:190} INFO - [2024-11-01T11:56:53.905+0900] {dag.py:4180} INFO - Setting next_dagrun for dataset_alias_example_alias_producer_with_no_taskflow to None, run_after=None
[2024-11-01T11:56:53.907+0900] {logging_mixin.py:190} INFO - [2024-11-01T11:56:53.906+0900] {dag.py:4180} INFO - Setting next_dagrun for dataset_s3_bucket_consumer_with_no_taskflow to None, run_after=None
[2024-11-01T11:56:53.907+0900] {logging_mixin.py:190} INFO - [2024-11-01T11:56:53.907+0900] {dag.py:4180} INFO - Setting next_dagrun for dataset_s3_bucket_producer_with_no_taskflow to None, run_after=None
[2024-11-01T11:56:53.933+0900] {processor.py:208} INFO - Processing /home/hamin081234/anaconda3/envs/airflow_env/lib/python3.11/site-packages/airflow/example_dags/example_dataset_alias_with_no_taskflow.py took 0.097 seconds
[2024-11-01T11:57:42.988+0900] {processor.py:186} INFO - Started process (PID=425352) to work on /home/hamin081234/anaconda3/envs/airflow_env/lib/python3.11/site-packages/airflow/example_dags/example_dataset_alias_with_no_taskflow.py
[2024-11-01T11:57:42.996+0900] {processor.py:914} INFO - Processing file /home/hamin081234/anaconda3/envs/airflow_env/lib/python3.11/site-packages/airflow/example_dags/example_dataset_alias_with_no_taskflow.py for tasks to queue
[2024-11-01T11:57:42.997+0900] {logging_mixin.py:190} INFO - [2024-11-01T11:57:42.997+0900] {dagbag.py:588} INFO - Filling up the DagBag from /home/hamin081234/anaconda3/envs/airflow_env/lib/python3.11/site-packages/airflow/example_dags/example_dataset_alias_with_no_taskflow.py
[2024-11-01T11:57:43.010+0900] {processor.py:925} INFO - DAG(s) 'dataset_alias_example_alias_consumer_with_no_taskflow', 'dataset_s3_bucket_producer_with_no_taskflow', 'dataset_alias_example_alias_producer_with_no_taskflow', 'dataset_s3_bucket_consumer_with_no_taskflow' retrieved from /home/hamin081234/anaconda3/envs/airflow_env/lib/python3.11/site-packages/airflow/example_dags/example_dataset_alias_with_no_taskflow.py
[2024-11-01T11:57:43.020+0900] {logging_mixin.py:190} INFO - [2024-11-01T11:57:43.020+0900] {dag.py:3239} INFO - Sync 4 DAGs
[2024-11-01T11:57:43.029+0900] {logging_mixin.py:190} INFO - [2024-11-01T11:57:43.029+0900] {dag.py:4180} INFO - Setting next_dagrun for dataset_alias_example_alias_consumer_with_no_taskflow to None, run_after=None
[2024-11-01T11:57:43.030+0900] {logging_mixin.py:190} INFO - [2024-11-01T11:57:43.030+0900] {dag.py:4180} INFO - Setting next_dagrun for dataset_alias_example_alias_producer_with_no_taskflow to None, run_after=None
[2024-11-01T11:57:43.031+0900] {logging_mixin.py:190} INFO - [2024-11-01T11:57:43.031+0900] {dag.py:4180} INFO - Setting next_dagrun for dataset_s3_bucket_consumer_with_no_taskflow to None, run_after=None
[2024-11-01T11:57:43.031+0900] {logging_mixin.py:190} INFO - [2024-11-01T11:57:43.031+0900] {dag.py:4180} INFO - Setting next_dagrun for dataset_s3_bucket_producer_with_no_taskflow to None, run_after=None
[2024-11-01T11:57:43.049+0900] {processor.py:208} INFO - Processing /home/hamin081234/anaconda3/envs/airflow_env/lib/python3.11/site-packages/airflow/example_dags/example_dataset_alias_with_no_taskflow.py took 0.065 seconds
