[2024-11-01T11:49:14.105+0900] {processor.py:186} INFO - Started process (PID=413710) to work on /home/hamin081234/anaconda3/envs/airflow_env/lib/python3.11/site-packages/airflow/example_dags/example_trigger_controller_dag.py
[2024-11-01T11:49:14.106+0900] {processor.py:914} INFO - Processing file /home/hamin081234/anaconda3/envs/airflow_env/lib/python3.11/site-packages/airflow/example_dags/example_trigger_controller_dag.py for tasks to queue
[2024-11-01T11:49:14.108+0900] {logging_mixin.py:190} INFO - [2024-11-01T11:49:14.107+0900] {dagbag.py:588} INFO - Filling up the DagBag from /home/hamin081234/anaconda3/envs/airflow_env/lib/python3.11/site-packages/airflow/example_dags/example_trigger_controller_dag.py
[2024-11-01T11:49:14.112+0900] {processor.py:925} INFO - DAG(s) 'example_trigger_controller_dag' retrieved from /home/hamin081234/anaconda3/envs/airflow_env/lib/python3.11/site-packages/airflow/example_dags/example_trigger_controller_dag.py
[2024-11-01T11:49:14.190+0900] {logging_mixin.py:190} INFO - [2024-11-01T11:49:14.189+0900] {override.py:1900} INFO - Created Permission View: can delete on DAG:example_trigger_controller_dag
[2024-11-01T11:49:14.203+0900] {logging_mixin.py:190} INFO - [2024-11-01T11:49:14.203+0900] {override.py:1900} INFO - Created Permission View: can edit on DAG:example_trigger_controller_dag
[2024-11-01T11:49:14.215+0900] {logging_mixin.py:190} INFO - [2024-11-01T11:49:14.215+0900] {override.py:1900} INFO - Created Permission View: can read on DAG:example_trigger_controller_dag
[2024-11-01T11:49:14.237+0900] {logging_mixin.py:190} INFO - [2024-11-01T11:49:14.237+0900] {override.py:1900} INFO - Created Permission View: menu access on DAG Run:example_trigger_controller_dag
[2024-11-01T11:49:14.247+0900] {logging_mixin.py:190} INFO - [2024-11-01T11:49:14.247+0900] {override.py:1900} INFO - Created Permission View: can delete on DAG Run:example_trigger_controller_dag
[2024-11-01T11:49:14.257+0900] {logging_mixin.py:190} INFO - [2024-11-01T11:49:14.257+0900] {override.py:1900} INFO - Created Permission View: can create on DAG Run:example_trigger_controller_dag
[2024-11-01T11:49:14.267+0900] {logging_mixin.py:190} INFO - [2024-11-01T11:49:14.267+0900] {override.py:1900} INFO - Created Permission View: can read on DAG Run:example_trigger_controller_dag
[2024-11-01T11:49:14.267+0900] {logging_mixin.py:190} INFO - [2024-11-01T11:49:14.267+0900] {dag.py:3239} INFO - Sync 1 DAGs
[2024-11-01T11:49:14.273+0900] {logging_mixin.py:190} INFO - [2024-11-01T11:49:14.273+0900] {dag.py:3262} INFO - Creating ORM DAG for example_trigger_controller_dag
[2024-11-01T11:49:14.278+0900] {logging_mixin.py:190} INFO - [2024-11-01T11:49:14.278+0900] {dag.py:4180} INFO - Setting next_dagrun for example_trigger_controller_dag to 2021-01-01 00:00:00+00:00, run_after=2021-01-01 00:00:00+00:00
[2024-11-01T11:49:14.295+0900] {processor.py:208} INFO - Processing /home/hamin081234/anaconda3/envs/airflow_env/lib/python3.11/site-packages/airflow/example_dags/example_trigger_controller_dag.py took 0.193 seconds
[2024-11-01T11:50:15.556+0900] {processor.py:186} INFO - Started process (PID=415009) to work on /home/hamin081234/anaconda3/envs/airflow_env/lib/python3.11/site-packages/airflow/example_dags/example_trigger_controller_dag.py
[2024-11-01T11:50:15.565+0900] {processor.py:914} INFO - Processing file /home/hamin081234/anaconda3/envs/airflow_env/lib/python3.11/site-packages/airflow/example_dags/example_trigger_controller_dag.py for tasks to queue
[2024-11-01T11:50:15.567+0900] {logging_mixin.py:190} INFO - [2024-11-01T11:50:15.566+0900] {dagbag.py:588} INFO - Filling up the DagBag from /home/hamin081234/anaconda3/envs/airflow_env/lib/python3.11/site-packages/airflow/example_dags/example_trigger_controller_dag.py
[2024-11-01T11:50:15.572+0900] {processor.py:925} INFO - DAG(s) 'example_trigger_controller_dag' retrieved from /home/hamin081234/anaconda3/envs/airflow_env/lib/python3.11/site-packages/airflow/example_dags/example_trigger_controller_dag.py
[2024-11-01T11:50:15.582+0900] {logging_mixin.py:190} INFO - [2024-11-01T11:50:15.582+0900] {dag.py:3239} INFO - Sync 1 DAGs
[2024-11-01T11:50:15.593+0900] {logging_mixin.py:190} INFO - [2024-11-01T11:50:15.593+0900] {dag.py:4180} INFO - Setting next_dagrun for example_trigger_controller_dag to 2021-01-01 00:00:00+00:00, run_after=2021-01-01 00:00:00+00:00
[2024-11-01T11:50:15.615+0900] {processor.py:208} INFO - Processing /home/hamin081234/anaconda3/envs/airflow_env/lib/python3.11/site-packages/airflow/example_dags/example_trigger_controller_dag.py took 0.063 seconds
[2024-11-01T11:51:07.780+0900] {processor.py:186} INFO - Started process (PID=416255) to work on /home/hamin081234/anaconda3/envs/airflow_env/lib/python3.11/site-packages/airflow/example_dags/example_trigger_controller_dag.py
[2024-11-01T11:51:07.789+0900] {processor.py:914} INFO - Processing file /home/hamin081234/anaconda3/envs/airflow_env/lib/python3.11/site-packages/airflow/example_dags/example_trigger_controller_dag.py for tasks to queue
[2024-11-01T11:51:07.790+0900] {logging_mixin.py:190} INFO - [2024-11-01T11:51:07.790+0900] {dagbag.py:588} INFO - Filling up the DagBag from /home/hamin081234/anaconda3/envs/airflow_env/lib/python3.11/site-packages/airflow/example_dags/example_trigger_controller_dag.py
[2024-11-01T11:51:07.795+0900] {processor.py:925} INFO - DAG(s) 'example_trigger_controller_dag' retrieved from /home/hamin081234/anaconda3/envs/airflow_env/lib/python3.11/site-packages/airflow/example_dags/example_trigger_controller_dag.py
[2024-11-01T11:51:07.803+0900] {logging_mixin.py:190} INFO - [2024-11-01T11:51:07.803+0900] {dag.py:3239} INFO - Sync 1 DAGs
[2024-11-01T11:51:07.815+0900] {logging_mixin.py:190} INFO - [2024-11-01T11:51:07.815+0900] {dag.py:4180} INFO - Setting next_dagrun for example_trigger_controller_dag to 2021-01-01 00:00:00+00:00, run_after=2021-01-01 00:00:00+00:00
[2024-11-01T11:51:07.833+0900] {processor.py:208} INFO - Processing /home/hamin081234/anaconda3/envs/airflow_env/lib/python3.11/site-packages/airflow/example_dags/example_trigger_controller_dag.py took 0.057 seconds
[2024-11-01T11:51:57.965+0900] {processor.py:186} INFO - Started process (PID=417506) to work on /home/hamin081234/anaconda3/envs/airflow_env/lib/python3.11/site-packages/airflow/example_dags/example_trigger_controller_dag.py
[2024-11-01T11:51:57.974+0900] {processor.py:914} INFO - Processing file /home/hamin081234/anaconda3/envs/airflow_env/lib/python3.11/site-packages/airflow/example_dags/example_trigger_controller_dag.py for tasks to queue
[2024-11-01T11:51:57.978+0900] {logging_mixin.py:190} INFO - [2024-11-01T11:51:57.977+0900] {dagbag.py:588} INFO - Filling up the DagBag from /home/hamin081234/anaconda3/envs/airflow_env/lib/python3.11/site-packages/airflow/example_dags/example_trigger_controller_dag.py
[2024-11-01T11:51:57.992+0900] {processor.py:925} INFO - DAG(s) 'example_trigger_controller_dag' retrieved from /home/hamin081234/anaconda3/envs/airflow_env/lib/python3.11/site-packages/airflow/example_dags/example_trigger_controller_dag.py
[2024-11-01T11:51:58.013+0900] {logging_mixin.py:190} INFO - [2024-11-01T11:51:58.012+0900] {dag.py:3239} INFO - Sync 1 DAGs
[2024-11-01T11:51:58.037+0900] {logging_mixin.py:190} INFO - [2024-11-01T11:51:58.037+0900] {dag.py:4180} INFO - Setting next_dagrun for example_trigger_controller_dag to 2021-01-01 00:00:00+00:00, run_after=2021-01-01 00:00:00+00:00
[2024-11-01T11:51:58.072+0900] {processor.py:208} INFO - Processing /home/hamin081234/anaconda3/envs/airflow_env/lib/python3.11/site-packages/airflow/example_dags/example_trigger_controller_dag.py took 0.114 seconds
[2024-11-01T11:52:58.541+0900] {processor.py:186} INFO - Started process (PID=418782) to work on /home/hamin081234/anaconda3/envs/airflow_env/lib/python3.11/site-packages/airflow/example_dags/example_trigger_controller_dag.py
[2024-11-01T11:52:58.549+0900] {processor.py:914} INFO - Processing file /home/hamin081234/anaconda3/envs/airflow_env/lib/python3.11/site-packages/airflow/example_dags/example_trigger_controller_dag.py for tasks to queue
[2024-11-01T11:52:58.551+0900] {logging_mixin.py:190} INFO - [2024-11-01T11:52:58.551+0900] {dagbag.py:588} INFO - Filling up the DagBag from /home/hamin081234/anaconda3/envs/airflow_env/lib/python3.11/site-packages/airflow/example_dags/example_trigger_controller_dag.py
[2024-11-01T11:52:58.555+0900] {processor.py:925} INFO - DAG(s) 'example_trigger_controller_dag' retrieved from /home/hamin081234/anaconda3/envs/airflow_env/lib/python3.11/site-packages/airflow/example_dags/example_trigger_controller_dag.py
[2024-11-01T11:52:58.564+0900] {logging_mixin.py:190} INFO - [2024-11-01T11:52:58.564+0900] {dag.py:3239} INFO - Sync 1 DAGs
[2024-11-01T11:52:58.574+0900] {logging_mixin.py:190} INFO - [2024-11-01T11:52:58.574+0900] {dag.py:4180} INFO - Setting next_dagrun for example_trigger_controller_dag to 2021-01-01 00:00:00+00:00, run_after=2021-01-01 00:00:00+00:00
[2024-11-01T11:52:58.590+0900] {processor.py:208} INFO - Processing /home/hamin081234/anaconda3/envs/airflow_env/lib/python3.11/site-packages/airflow/example_dags/example_trigger_controller_dag.py took 0.053 seconds
[2024-11-01T11:53:49.520+0900] {processor.py:186} INFO - Started process (PID=419969) to work on /home/hamin081234/anaconda3/envs/airflow_env/lib/python3.11/site-packages/airflow/example_dags/example_trigger_controller_dag.py
[2024-11-01T11:53:49.528+0900] {processor.py:914} INFO - Processing file /home/hamin081234/anaconda3/envs/airflow_env/lib/python3.11/site-packages/airflow/example_dags/example_trigger_controller_dag.py for tasks to queue
[2024-11-01T11:53:49.529+0900] {logging_mixin.py:190} INFO - [2024-11-01T11:53:49.529+0900] {dagbag.py:588} INFO - Filling up the DagBag from /home/hamin081234/anaconda3/envs/airflow_env/lib/python3.11/site-packages/airflow/example_dags/example_trigger_controller_dag.py
[2024-11-01T11:53:49.534+0900] {processor.py:925} INFO - DAG(s) 'example_trigger_controller_dag' retrieved from /home/hamin081234/anaconda3/envs/airflow_env/lib/python3.11/site-packages/airflow/example_dags/example_trigger_controller_dag.py
[2024-11-01T11:53:49.542+0900] {logging_mixin.py:190} INFO - [2024-11-01T11:53:49.542+0900] {dag.py:3239} INFO - Sync 1 DAGs
[2024-11-01T11:53:49.553+0900] {logging_mixin.py:190} INFO - [2024-11-01T11:53:49.552+0900] {dag.py:4180} INFO - Setting next_dagrun for example_trigger_controller_dag to 2021-01-01 00:00:00+00:00, run_after=2021-01-01 00:00:00+00:00
[2024-11-01T11:53:49.570+0900] {processor.py:208} INFO - Processing /home/hamin081234/anaconda3/envs/airflow_env/lib/python3.11/site-packages/airflow/example_dags/example_trigger_controller_dag.py took 0.055 seconds
[2024-11-01T11:54:42.094+0900] {processor.py:186} INFO - Started process (PID=421294) to work on /home/hamin081234/anaconda3/envs/airflow_env/lib/python3.11/site-packages/airflow/example_dags/example_trigger_controller_dag.py
[2024-11-01T11:54:42.103+0900] {processor.py:914} INFO - Processing file /home/hamin081234/anaconda3/envs/airflow_env/lib/python3.11/site-packages/airflow/example_dags/example_trigger_controller_dag.py for tasks to queue
[2024-11-01T11:54:42.104+0900] {logging_mixin.py:190} INFO - [2024-11-01T11:54:42.104+0900] {dagbag.py:588} INFO - Filling up the DagBag from /home/hamin081234/anaconda3/envs/airflow_env/lib/python3.11/site-packages/airflow/example_dags/example_trigger_controller_dag.py
[2024-11-01T11:54:42.108+0900] {processor.py:925} INFO - DAG(s) 'example_trigger_controller_dag' retrieved from /home/hamin081234/anaconda3/envs/airflow_env/lib/python3.11/site-packages/airflow/example_dags/example_trigger_controller_dag.py
[2024-11-01T11:54:42.116+0900] {logging_mixin.py:190} INFO - [2024-11-01T11:54:42.116+0900] {dag.py:3239} INFO - Sync 1 DAGs
[2024-11-01T11:54:42.127+0900] {logging_mixin.py:190} INFO - [2024-11-01T11:54:42.127+0900] {dag.py:4180} INFO - Setting next_dagrun for example_trigger_controller_dag to 2021-01-01 00:00:00+00:00, run_after=2021-01-01 00:00:00+00:00
[2024-11-01T11:54:42.143+0900] {processor.py:208} INFO - Processing /home/hamin081234/anaconda3/envs/airflow_env/lib/python3.11/site-packages/airflow/example_dags/example_trigger_controller_dag.py took 0.052 seconds
[2024-11-01T11:55:33.413+0900] {processor.py:186} INFO - Started process (PID=422336) to work on /home/hamin081234/anaconda3/envs/airflow_env/lib/python3.11/site-packages/airflow/example_dags/example_trigger_controller_dag.py
[2024-11-01T11:55:33.422+0900] {processor.py:914} INFO - Processing file /home/hamin081234/anaconda3/envs/airflow_env/lib/python3.11/site-packages/airflow/example_dags/example_trigger_controller_dag.py for tasks to queue
[2024-11-01T11:55:33.424+0900] {logging_mixin.py:190} INFO - [2024-11-01T11:55:33.423+0900] {dagbag.py:588} INFO - Filling up the DagBag from /home/hamin081234/anaconda3/envs/airflow_env/lib/python3.11/site-packages/airflow/example_dags/example_trigger_controller_dag.py
[2024-11-01T11:55:33.428+0900] {processor.py:925} INFO - DAG(s) 'example_trigger_controller_dag' retrieved from /home/hamin081234/anaconda3/envs/airflow_env/lib/python3.11/site-packages/airflow/example_dags/example_trigger_controller_dag.py
[2024-11-01T11:55:33.437+0900] {logging_mixin.py:190} INFO - [2024-11-01T11:55:33.437+0900] {dag.py:3239} INFO - Sync 1 DAGs
[2024-11-01T11:55:33.447+0900] {logging_mixin.py:190} INFO - [2024-11-01T11:55:33.447+0900] {dag.py:4180} INFO - Setting next_dagrun for example_trigger_controller_dag to 2021-01-01 00:00:00+00:00, run_after=2021-01-01 00:00:00+00:00
[2024-11-01T11:55:33.464+0900] {processor.py:208} INFO - Processing /home/hamin081234/anaconda3/envs/airflow_env/lib/python3.11/site-packages/airflow/example_dags/example_trigger_controller_dag.py took 0.055 seconds
[2024-11-01T11:56:24.754+0900] {processor.py:186} INFO - Started process (PID=423528) to work on /home/hamin081234/anaconda3/envs/airflow_env/lib/python3.11/site-packages/airflow/example_dags/example_trigger_controller_dag.py
[2024-11-01T11:56:24.762+0900] {processor.py:914} INFO - Processing file /home/hamin081234/anaconda3/envs/airflow_env/lib/python3.11/site-packages/airflow/example_dags/example_trigger_controller_dag.py for tasks to queue
[2024-11-01T11:56:24.764+0900] {logging_mixin.py:190} INFO - [2024-11-01T11:56:24.764+0900] {dagbag.py:588} INFO - Filling up the DagBag from /home/hamin081234/anaconda3/envs/airflow_env/lib/python3.11/site-packages/airflow/example_dags/example_trigger_controller_dag.py
[2024-11-01T11:56:24.768+0900] {processor.py:925} INFO - DAG(s) 'example_trigger_controller_dag' retrieved from /home/hamin081234/anaconda3/envs/airflow_env/lib/python3.11/site-packages/airflow/example_dags/example_trigger_controller_dag.py
[2024-11-01T11:56:24.776+0900] {logging_mixin.py:190} INFO - [2024-11-01T11:56:24.776+0900] {dag.py:3239} INFO - Sync 1 DAGs
[2024-11-01T11:56:24.786+0900] {logging_mixin.py:190} INFO - [2024-11-01T11:56:24.785+0900] {dag.py:4180} INFO - Setting next_dagrun for example_trigger_controller_dag to 2021-01-01 00:00:00+00:00, run_after=2021-01-01 00:00:00+00:00
[2024-11-01T11:56:24.803+0900] {processor.py:208} INFO - Processing /home/hamin081234/anaconda3/envs/airflow_env/lib/python3.11/site-packages/airflow/example_dags/example_trigger_controller_dag.py took 0.052 seconds
[2024-11-01T11:57:16.005+0900] {processor.py:186} INFO - Started process (PID=424831) to work on /home/hamin081234/anaconda3/envs/airflow_env/lib/python3.11/site-packages/airflow/example_dags/example_trigger_controller_dag.py
[2024-11-01T11:57:16.014+0900] {processor.py:914} INFO - Processing file /home/hamin081234/anaconda3/envs/airflow_env/lib/python3.11/site-packages/airflow/example_dags/example_trigger_controller_dag.py for tasks to queue
[2024-11-01T11:57:16.016+0900] {logging_mixin.py:190} INFO - [2024-11-01T11:57:16.016+0900] {dagbag.py:588} INFO - Filling up the DagBag from /home/hamin081234/anaconda3/envs/airflow_env/lib/python3.11/site-packages/airflow/example_dags/example_trigger_controller_dag.py
[2024-11-01T11:57:16.021+0900] {processor.py:925} INFO - DAG(s) 'example_trigger_controller_dag' retrieved from /home/hamin081234/anaconda3/envs/airflow_env/lib/python3.11/site-packages/airflow/example_dags/example_trigger_controller_dag.py
[2024-11-01T11:57:16.030+0900] {logging_mixin.py:190} INFO - [2024-11-01T11:57:16.030+0900] {dag.py:3239} INFO - Sync 1 DAGs
[2024-11-01T11:57:16.042+0900] {logging_mixin.py:190} INFO - [2024-11-01T11:57:16.042+0900] {dag.py:4180} INFO - Setting next_dagrun for example_trigger_controller_dag to 2021-01-01 00:00:00+00:00, run_after=2021-01-01 00:00:00+00:00
[2024-11-01T11:57:16.060+0900] {processor.py:208} INFO - Processing /home/hamin081234/anaconda3/envs/airflow_env/lib/python3.11/site-packages/airflow/example_dags/example_trigger_controller_dag.py took 0.059 seconds
