[2024-11-01T11:49:41.804+0900] {processor.py:186} INFO - Started process (PID=414335) to work on /home/hamin081234/anaconda3/envs/airflow_env/lib/python3.11/site-packages/airflow/example_dags/example_dataset_alias.py
[2024-11-01T11:49:41.804+0900] {processor.py:914} INFO - Processing file /home/hamin081234/anaconda3/envs/airflow_env/lib/python3.11/site-packages/airflow/example_dags/example_dataset_alias.py for tasks to queue
[2024-11-01T11:49:41.806+0900] {logging_mixin.py:190} INFO - [2024-11-01T11:49:41.806+0900] {dagbag.py:588} INFO - Filling up the DagBag from /home/hamin081234/anaconda3/envs/airflow_env/lib/python3.11/site-packages/airflow/example_dags/example_dataset_alias.py
[2024-11-01T11:49:41.817+0900] {processor.py:925} INFO - DAG(s) 'dataset_alias_example_alias_consumer', 'dataset_s3_bucket_producer', 'dataset_alias_example_alias_producer', 'dataset_s3_bucket_consumer' retrieved from /home/hamin081234/anaconda3/envs/airflow_env/lib/python3.11/site-packages/airflow/example_dags/example_dataset_alias.py
[2024-11-01T11:49:41.886+0900] {logging_mixin.py:190} INFO - [2024-11-01T11:49:41.886+0900] {override.py:1900} INFO - Created Permission View: can delete on DAG:dataset_alias_example_alias_consumer
[2024-11-01T11:49:41.898+0900] {logging_mixin.py:190} INFO - [2024-11-01T11:49:41.898+0900] {override.py:1900} INFO - Created Permission View: can edit on DAG:dataset_alias_example_alias_consumer
[2024-11-01T11:49:41.908+0900] {logging_mixin.py:190} INFO - [2024-11-01T11:49:41.908+0900] {override.py:1900} INFO - Created Permission View: can read on DAG:dataset_alias_example_alias_consumer
[2024-11-01T11:49:41.928+0900] {logging_mixin.py:190} INFO - [2024-11-01T11:49:41.928+0900] {override.py:1900} INFO - Created Permission View: menu access on DAG Run:dataset_alias_example_alias_consumer
[2024-11-01T11:49:41.938+0900] {logging_mixin.py:190} INFO - [2024-11-01T11:49:41.938+0900] {override.py:1900} INFO - Created Permission View: can delete on DAG Run:dataset_alias_example_alias_consumer
[2024-11-01T11:49:41.950+0900] {logging_mixin.py:190} INFO - [2024-11-01T11:49:41.950+0900] {override.py:1900} INFO - Created Permission View: can create on DAG Run:dataset_alias_example_alias_consumer
[2024-11-01T11:49:41.960+0900] {logging_mixin.py:190} INFO - [2024-11-01T11:49:41.960+0900] {override.py:1900} INFO - Created Permission View: can read on DAG Run:dataset_alias_example_alias_consumer
[2024-11-01T11:49:41.984+0900] {logging_mixin.py:190} INFO - [2024-11-01T11:49:41.984+0900] {override.py:1900} INFO - Created Permission View: can delete on DAG:dataset_s3_bucket_producer
[2024-11-01T11:49:41.994+0900] {logging_mixin.py:190} INFO - [2024-11-01T11:49:41.994+0900] {override.py:1900} INFO - Created Permission View: can edit on DAG:dataset_s3_bucket_producer
[2024-11-01T11:49:42.004+0900] {logging_mixin.py:190} INFO - [2024-11-01T11:49:42.004+0900] {override.py:1900} INFO - Created Permission View: can read on DAG:dataset_s3_bucket_producer
[2024-11-01T11:49:42.024+0900] {logging_mixin.py:190} INFO - [2024-11-01T11:49:42.024+0900] {override.py:1900} INFO - Created Permission View: menu access on DAG Run:dataset_s3_bucket_producer
[2024-11-01T11:49:42.036+0900] {logging_mixin.py:190} INFO - [2024-11-01T11:49:42.036+0900] {override.py:1900} INFO - Created Permission View: can delete on DAG Run:dataset_s3_bucket_producer
[2024-11-01T11:49:42.046+0900] {logging_mixin.py:190} INFO - [2024-11-01T11:49:42.046+0900] {override.py:1900} INFO - Created Permission View: can create on DAG Run:dataset_s3_bucket_producer
[2024-11-01T11:49:42.056+0900] {logging_mixin.py:190} INFO - [2024-11-01T11:49:42.056+0900] {override.py:1900} INFO - Created Permission View: can read on DAG Run:dataset_s3_bucket_producer
[2024-11-01T11:49:42.082+0900] {logging_mixin.py:190} INFO - [2024-11-01T11:49:42.082+0900] {override.py:1900} INFO - Created Permission View: can delete on DAG:dataset_alias_example_alias_producer
[2024-11-01T11:49:42.092+0900] {logging_mixin.py:190} INFO - [2024-11-01T11:49:42.092+0900] {override.py:1900} INFO - Created Permission View: can edit on DAG:dataset_alias_example_alias_producer
[2024-11-01T11:49:42.102+0900] {logging_mixin.py:190} INFO - [2024-11-01T11:49:42.102+0900] {override.py:1900} INFO - Created Permission View: can read on DAG:dataset_alias_example_alias_producer
[2024-11-01T11:49:42.122+0900] {logging_mixin.py:190} INFO - [2024-11-01T11:49:42.122+0900] {override.py:1900} INFO - Created Permission View: menu access on DAG Run:dataset_alias_example_alias_producer
[2024-11-01T11:49:42.132+0900] {logging_mixin.py:190} INFO - [2024-11-01T11:49:42.132+0900] {override.py:1900} INFO - Created Permission View: can delete on DAG Run:dataset_alias_example_alias_producer
[2024-11-01T11:49:42.142+0900] {logging_mixin.py:190} INFO - [2024-11-01T11:49:42.142+0900] {override.py:1900} INFO - Created Permission View: can create on DAG Run:dataset_alias_example_alias_producer
[2024-11-01T11:49:42.152+0900] {logging_mixin.py:190} INFO - [2024-11-01T11:49:42.152+0900] {override.py:1900} INFO - Created Permission View: can read on DAG Run:dataset_alias_example_alias_producer
[2024-11-01T11:49:42.176+0900] {logging_mixin.py:190} INFO - [2024-11-01T11:49:42.176+0900] {override.py:1900} INFO - Created Permission View: can delete on DAG:dataset_s3_bucket_consumer
[2024-11-01T11:49:42.186+0900] {logging_mixin.py:190} INFO - [2024-11-01T11:49:42.186+0900] {override.py:1900} INFO - Created Permission View: can edit on DAG:dataset_s3_bucket_consumer
[2024-11-01T11:49:42.196+0900] {logging_mixin.py:190} INFO - [2024-11-01T11:49:42.196+0900] {override.py:1900} INFO - Created Permission View: can read on DAG:dataset_s3_bucket_consumer
[2024-11-01T11:49:42.216+0900] {logging_mixin.py:190} INFO - [2024-11-01T11:49:42.216+0900] {override.py:1900} INFO - Created Permission View: menu access on DAG Run:dataset_s3_bucket_consumer
[2024-11-01T11:49:42.228+0900] {logging_mixin.py:190} INFO - [2024-11-01T11:49:42.228+0900] {override.py:1900} INFO - Created Permission View: can delete on DAG Run:dataset_s3_bucket_consumer
[2024-11-01T11:49:42.252+0900] {logging_mixin.py:190} INFO - [2024-11-01T11:49:42.252+0900] {override.py:1900} INFO - Created Permission View: can create on DAG Run:dataset_s3_bucket_consumer
[2024-11-01T11:49:42.262+0900] {logging_mixin.py:190} INFO - [2024-11-01T11:49:42.262+0900] {override.py:1900} INFO - Created Permission View: can read on DAG Run:dataset_s3_bucket_consumer
[2024-11-01T11:49:42.262+0900] {logging_mixin.py:190} INFO - [2024-11-01T11:49:42.262+0900] {dag.py:3239} INFO - Sync 4 DAGs
[2024-11-01T11:49:42.269+0900] {logging_mixin.py:190} INFO - [2024-11-01T11:49:42.269+0900] {dag.py:3262} INFO - Creating ORM DAG for dataset_s3_bucket_producer
[2024-11-01T11:49:42.269+0900] {logging_mixin.py:190} INFO - [2024-11-01T11:49:42.269+0900] {dag.py:3262} INFO - Creating ORM DAG for dataset_s3_bucket_consumer
[2024-11-01T11:49:42.269+0900] {logging_mixin.py:190} INFO - [2024-11-01T11:49:42.269+0900] {dag.py:3262} INFO - Creating ORM DAG for dataset_alias_example_alias_consumer
[2024-11-01T11:49:42.270+0900] {logging_mixin.py:190} INFO - [2024-11-01T11:49:42.269+0900] {dag.py:3262} INFO - Creating ORM DAG for dataset_alias_example_alias_producer
[2024-11-01T11:49:42.273+0900] {logging_mixin.py:190} INFO - [2024-11-01T11:49:42.273+0900] {dag.py:4180} INFO - Setting next_dagrun for dataset_alias_example_alias_consumer to None, run_after=None
[2024-11-01T11:49:42.274+0900] {logging_mixin.py:190} INFO - [2024-11-01T11:49:42.274+0900] {dag.py:4180} INFO - Setting next_dagrun for dataset_alias_example_alias_producer to None, run_after=None
[2024-11-01T11:49:42.274+0900] {logging_mixin.py:190} INFO - [2024-11-01T11:49:42.274+0900] {dag.py:4180} INFO - Setting next_dagrun for dataset_s3_bucket_consumer to None, run_after=None
[2024-11-01T11:49:42.274+0900] {logging_mixin.py:190} INFO - [2024-11-01T11:49:42.274+0900] {dag.py:4180} INFO - Setting next_dagrun for dataset_s3_bucket_producer to None, run_after=None
[2024-11-01T11:49:42.296+0900] {processor.py:208} INFO - Processing /home/hamin081234/anaconda3/envs/airflow_env/lib/python3.11/site-packages/airflow/example_dags/example_dataset_alias.py took 0.496 seconds
[2024-11-01T11:50:38.541+0900] {processor.py:186} INFO - Started process (PID=415673) to work on /home/hamin081234/anaconda3/envs/airflow_env/lib/python3.11/site-packages/airflow/example_dags/example_dataset_alias.py
[2024-11-01T11:50:38.549+0900] {processor.py:914} INFO - Processing file /home/hamin081234/anaconda3/envs/airflow_env/lib/python3.11/site-packages/airflow/example_dags/example_dataset_alias.py for tasks to queue
[2024-11-01T11:50:38.551+0900] {logging_mixin.py:190} INFO - [2024-11-01T11:50:38.551+0900] {dagbag.py:588} INFO - Filling up the DagBag from /home/hamin081234/anaconda3/envs/airflow_env/lib/python3.11/site-packages/airflow/example_dags/example_dataset_alias.py
[2024-11-01T11:50:38.565+0900] {processor.py:925} INFO - DAG(s) 'dataset_s3_bucket_producer', 'dataset_alias_example_alias_consumer', 'dataset_alias_example_alias_producer', 'dataset_s3_bucket_consumer' retrieved from /home/hamin081234/anaconda3/envs/airflow_env/lib/python3.11/site-packages/airflow/example_dags/example_dataset_alias.py
[2024-11-01T11:50:38.576+0900] {logging_mixin.py:190} INFO - [2024-11-01T11:50:38.576+0900] {dag.py:3239} INFO - Sync 4 DAGs
[2024-11-01T11:50:38.586+0900] {logging_mixin.py:190} INFO - [2024-11-01T11:50:38.586+0900] {dag.py:4180} INFO - Setting next_dagrun for dataset_alias_example_alias_consumer to None, run_after=None
[2024-11-01T11:50:38.587+0900] {logging_mixin.py:190} INFO - [2024-11-01T11:50:38.587+0900] {dag.py:4180} INFO - Setting next_dagrun for dataset_alias_example_alias_producer to None, run_after=None
[2024-11-01T11:50:38.588+0900] {logging_mixin.py:190} INFO - [2024-11-01T11:50:38.588+0900] {dag.py:4180} INFO - Setting next_dagrun for dataset_s3_bucket_consumer to None, run_after=None
[2024-11-01T11:50:38.588+0900] {logging_mixin.py:190} INFO - [2024-11-01T11:50:38.588+0900] {dag.py:4180} INFO - Setting next_dagrun for dataset_s3_bucket_producer to None, run_after=None
[2024-11-01T11:50:38.609+0900] {processor.py:208} INFO - Processing /home/hamin081234/anaconda3/envs/airflow_env/lib/python3.11/site-packages/airflow/example_dags/example_dataset_alias.py took 0.072 seconds
[2024-11-01T11:51:33.042+0900] {processor.py:186} INFO - Started process (PID=416776) to work on /home/hamin081234/anaconda3/envs/airflow_env/lib/python3.11/site-packages/airflow/example_dags/example_dataset_alias.py
[2024-11-01T11:51:33.051+0900] {processor.py:914} INFO - Processing file /home/hamin081234/anaconda3/envs/airflow_env/lib/python3.11/site-packages/airflow/example_dags/example_dataset_alias.py for tasks to queue
[2024-11-01T11:51:33.052+0900] {logging_mixin.py:190} INFO - [2024-11-01T11:51:33.052+0900] {dagbag.py:588} INFO - Filling up the DagBag from /home/hamin081234/anaconda3/envs/airflow_env/lib/python3.11/site-packages/airflow/example_dags/example_dataset_alias.py
[2024-11-01T11:51:33.068+0900] {processor.py:925} INFO - DAG(s) 'dataset_s3_bucket_producer', 'dataset_alias_example_alias_producer', 'dataset_alias_example_alias_consumer', 'dataset_s3_bucket_consumer' retrieved from /home/hamin081234/anaconda3/envs/airflow_env/lib/python3.11/site-packages/airflow/example_dags/example_dataset_alias.py
[2024-11-01T11:51:33.079+0900] {logging_mixin.py:190} INFO - [2024-11-01T11:51:33.079+0900] {dag.py:3239} INFO - Sync 4 DAGs
[2024-11-01T11:51:33.094+0900] {logging_mixin.py:190} INFO - [2024-11-01T11:51:33.094+0900] {dag.py:4180} INFO - Setting next_dagrun for dataset_alias_example_alias_consumer to None, run_after=None
[2024-11-01T11:51:33.095+0900] {logging_mixin.py:190} INFO - [2024-11-01T11:51:33.095+0900] {dag.py:4180} INFO - Setting next_dagrun for dataset_alias_example_alias_producer to None, run_after=None
[2024-11-01T11:51:33.096+0900] {logging_mixin.py:190} INFO - [2024-11-01T11:51:33.096+0900] {dag.py:4180} INFO - Setting next_dagrun for dataset_s3_bucket_consumer to None, run_after=None
[2024-11-01T11:51:33.096+0900] {logging_mixin.py:190} INFO - [2024-11-01T11:51:33.096+0900] {dag.py:4180} INFO - Setting next_dagrun for dataset_s3_bucket_producer to None, run_after=None
[2024-11-01T11:51:33.118+0900] {processor.py:208} INFO - Processing /home/hamin081234/anaconda3/envs/airflow_env/lib/python3.11/site-packages/airflow/example_dags/example_dataset_alias.py took 0.080 seconds
[2024-11-01T11:52:34.758+0900] {processor.py:186} INFO - Started process (PID=418252) to work on /home/hamin081234/anaconda3/envs/airflow_env/lib/python3.11/site-packages/airflow/example_dags/example_dataset_alias.py
[2024-11-01T11:52:34.759+0900] {processor.py:914} INFO - Processing file /home/hamin081234/anaconda3/envs/airflow_env/lib/python3.11/site-packages/airflow/example_dags/example_dataset_alias.py for tasks to queue
[2024-11-01T11:52:34.760+0900] {logging_mixin.py:190} INFO - [2024-11-01T11:52:34.760+0900] {dagbag.py:588} INFO - Filling up the DagBag from /home/hamin081234/anaconda3/envs/airflow_env/lib/python3.11/site-packages/airflow/example_dags/example_dataset_alias.py
[2024-11-01T11:52:34.774+0900] {processor.py:925} INFO - DAG(s) 'dataset_alias_example_alias_producer', 'dataset_alias_example_alias_consumer', 'dataset_s3_bucket_producer', 'dataset_s3_bucket_consumer' retrieved from /home/hamin081234/anaconda3/envs/airflow_env/lib/python3.11/site-packages/airflow/example_dags/example_dataset_alias.py
[2024-11-01T11:52:34.785+0900] {logging_mixin.py:190} INFO - [2024-11-01T11:52:34.784+0900] {dag.py:3239} INFO - Sync 4 DAGs
[2024-11-01T11:52:34.795+0900] {logging_mixin.py:190} INFO - [2024-11-01T11:52:34.795+0900] {dag.py:4180} INFO - Setting next_dagrun for dataset_alias_example_alias_consumer to None, run_after=None
[2024-11-01T11:52:34.796+0900] {logging_mixin.py:190} INFO - [2024-11-01T11:52:34.796+0900] {dag.py:4180} INFO - Setting next_dagrun for dataset_alias_example_alias_producer to None, run_after=None
[2024-11-01T11:52:34.796+0900] {logging_mixin.py:190} INFO - [2024-11-01T11:52:34.796+0900] {dag.py:4180} INFO - Setting next_dagrun for dataset_s3_bucket_consumer to None, run_after=None
[2024-11-01T11:52:34.797+0900] {logging_mixin.py:190} INFO - [2024-11-01T11:52:34.797+0900] {dag.py:4180} INFO - Setting next_dagrun for dataset_s3_bucket_producer to None, run_after=None
[2024-11-01T11:52:34.814+0900] {processor.py:208} INFO - Processing /home/hamin081234/anaconda3/envs/airflow_env/lib/python3.11/site-packages/airflow/example_dags/example_dataset_alias.py took 0.060 seconds
[2024-11-01T11:53:29.071+0900] {processor.py:186} INFO - Started process (PID=419594) to work on /home/hamin081234/anaconda3/envs/airflow_env/lib/python3.11/site-packages/airflow/example_dags/example_dataset_alias.py
[2024-11-01T11:53:29.079+0900] {processor.py:914} INFO - Processing file /home/hamin081234/anaconda3/envs/airflow_env/lib/python3.11/site-packages/airflow/example_dags/example_dataset_alias.py for tasks to queue
[2024-11-01T11:53:29.081+0900] {logging_mixin.py:190} INFO - [2024-11-01T11:53:29.081+0900] {dagbag.py:588} INFO - Filling up the DagBag from /home/hamin081234/anaconda3/envs/airflow_env/lib/python3.11/site-packages/airflow/example_dags/example_dataset_alias.py
[2024-11-01T11:53:29.096+0900] {processor.py:925} INFO - DAG(s) 'dataset_alias_example_alias_consumer', 'dataset_s3_bucket_producer', 'dataset_s3_bucket_consumer', 'dataset_alias_example_alias_producer' retrieved from /home/hamin081234/anaconda3/envs/airflow_env/lib/python3.11/site-packages/airflow/example_dags/example_dataset_alias.py
[2024-11-01T11:53:29.106+0900] {logging_mixin.py:190} INFO - [2024-11-01T11:53:29.106+0900] {dag.py:3239} INFO - Sync 4 DAGs
[2024-11-01T11:53:29.116+0900] {logging_mixin.py:190} INFO - [2024-11-01T11:53:29.116+0900] {dag.py:4180} INFO - Setting next_dagrun for dataset_alias_example_alias_consumer to None, run_after=None
[2024-11-01T11:53:29.117+0900] {logging_mixin.py:190} INFO - [2024-11-01T11:53:29.117+0900] {dag.py:4180} INFO - Setting next_dagrun for dataset_alias_example_alias_producer to None, run_after=None
[2024-11-01T11:53:29.118+0900] {logging_mixin.py:190} INFO - [2024-11-01T11:53:29.118+0900] {dag.py:4180} INFO - Setting next_dagrun for dataset_s3_bucket_consumer to None, run_after=None
[2024-11-01T11:53:29.118+0900] {logging_mixin.py:190} INFO - [2024-11-01T11:53:29.118+0900] {dag.py:4180} INFO - Setting next_dagrun for dataset_s3_bucket_producer to None, run_after=None
[2024-11-01T11:53:29.137+0900] {processor.py:208} INFO - Processing /home/hamin081234/anaconda3/envs/airflow_env/lib/python3.11/site-packages/airflow/example_dags/example_dataset_alias.py took 0.070 seconds
[2024-11-01T11:54:19.763+0900] {processor.py:186} INFO - Started process (PID=420620) to work on /home/hamin081234/anaconda3/envs/airflow_env/lib/python3.11/site-packages/airflow/example_dags/example_dataset_alias.py
[2024-11-01T11:54:19.771+0900] {processor.py:914} INFO - Processing file /home/hamin081234/anaconda3/envs/airflow_env/lib/python3.11/site-packages/airflow/example_dags/example_dataset_alias.py for tasks to queue
[2024-11-01T11:54:19.773+0900] {logging_mixin.py:190} INFO - [2024-11-01T11:54:19.773+0900] {dagbag.py:588} INFO - Filling up the DagBag from /home/hamin081234/anaconda3/envs/airflow_env/lib/python3.11/site-packages/airflow/example_dags/example_dataset_alias.py
[2024-11-01T11:54:19.788+0900] {processor.py:925} INFO - DAG(s) 'dataset_s3_bucket_producer', 'dataset_alias_example_alias_producer', 'dataset_alias_example_alias_consumer', 'dataset_s3_bucket_consumer' retrieved from /home/hamin081234/anaconda3/envs/airflow_env/lib/python3.11/site-packages/airflow/example_dags/example_dataset_alias.py
[2024-11-01T11:54:19.799+0900] {logging_mixin.py:190} INFO - [2024-11-01T11:54:19.799+0900] {dag.py:3239} INFO - Sync 4 DAGs
[2024-11-01T11:54:19.810+0900] {logging_mixin.py:190} INFO - [2024-11-01T11:54:19.810+0900] {dag.py:4180} INFO - Setting next_dagrun for dataset_alias_example_alias_consumer to None, run_after=None
[2024-11-01T11:54:19.811+0900] {logging_mixin.py:190} INFO - [2024-11-01T11:54:19.811+0900] {dag.py:4180} INFO - Setting next_dagrun for dataset_alias_example_alias_producer to None, run_after=None
[2024-11-01T11:54:19.812+0900] {logging_mixin.py:190} INFO - [2024-11-01T11:54:19.812+0900] {dag.py:4180} INFO - Setting next_dagrun for dataset_s3_bucket_consumer to None, run_after=None
[2024-11-01T11:54:19.812+0900] {logging_mixin.py:190} INFO - [2024-11-01T11:54:19.812+0900] {dag.py:4180} INFO - Setting next_dagrun for dataset_s3_bucket_producer to None, run_after=None
[2024-11-01T11:54:19.832+0900] {processor.py:208} INFO - Processing /home/hamin081234/anaconda3/envs/airflow_env/lib/python3.11/site-packages/airflow/example_dags/example_dataset_alias.py took 0.073 seconds
[2024-11-01T11:55:12.844+0900] {processor.py:186} INFO - Started process (PID=421849) to work on /home/hamin081234/anaconda3/envs/airflow_env/lib/python3.11/site-packages/airflow/example_dags/example_dataset_alias.py
[2024-11-01T11:55:12.846+0900] {processor.py:914} INFO - Processing file /home/hamin081234/anaconda3/envs/airflow_env/lib/python3.11/site-packages/airflow/example_dags/example_dataset_alias.py for tasks to queue
[2024-11-01T11:55:12.847+0900] {logging_mixin.py:190} INFO - [2024-11-01T11:55:12.847+0900] {dagbag.py:588} INFO - Filling up the DagBag from /home/hamin081234/anaconda3/envs/airflow_env/lib/python3.11/site-packages/airflow/example_dags/example_dataset_alias.py
[2024-11-01T11:55:12.861+0900] {processor.py:925} INFO - DAG(s) 'dataset_alias_example_alias_consumer', 'dataset_s3_bucket_consumer', 'dataset_s3_bucket_producer', 'dataset_alias_example_alias_producer' retrieved from /home/hamin081234/anaconda3/envs/airflow_env/lib/python3.11/site-packages/airflow/example_dags/example_dataset_alias.py
[2024-11-01T11:55:12.872+0900] {logging_mixin.py:190} INFO - [2024-11-01T11:55:12.871+0900] {dag.py:3239} INFO - Sync 4 DAGs
[2024-11-01T11:55:12.881+0900] {logging_mixin.py:190} INFO - [2024-11-01T11:55:12.881+0900] {dag.py:4180} INFO - Setting next_dagrun for dataset_alias_example_alias_consumer to None, run_after=None
[2024-11-01T11:55:12.882+0900] {logging_mixin.py:190} INFO - [2024-11-01T11:55:12.882+0900] {dag.py:4180} INFO - Setting next_dagrun for dataset_alias_example_alias_producer to None, run_after=None
[2024-11-01T11:55:12.883+0900] {logging_mixin.py:190} INFO - [2024-11-01T11:55:12.883+0900] {dag.py:4180} INFO - Setting next_dagrun for dataset_s3_bucket_consumer to None, run_after=None
[2024-11-01T11:55:12.883+0900] {logging_mixin.py:190} INFO - [2024-11-01T11:55:12.883+0900] {dag.py:4180} INFO - Setting next_dagrun for dataset_s3_bucket_producer to None, run_after=None
[2024-11-01T11:55:12.902+0900] {processor.py:208} INFO - Processing /home/hamin081234/anaconda3/envs/airflow_env/lib/python3.11/site-packages/airflow/example_dags/example_dataset_alias.py took 0.062 seconds
[2024-11-01T11:56:03.144+0900] {processor.py:186} INFO - Started process (PID=423147) to work on /home/hamin081234/anaconda3/envs/airflow_env/lib/python3.11/site-packages/airflow/example_dags/example_dataset_alias.py
[2024-11-01T11:56:03.152+0900] {processor.py:914} INFO - Processing file /home/hamin081234/anaconda3/envs/airflow_env/lib/python3.11/site-packages/airflow/example_dags/example_dataset_alias.py for tasks to queue
[2024-11-01T11:56:03.154+0900] {logging_mixin.py:190} INFO - [2024-11-01T11:56:03.154+0900] {dagbag.py:588} INFO - Filling up the DagBag from /home/hamin081234/anaconda3/envs/airflow_env/lib/python3.11/site-packages/airflow/example_dags/example_dataset_alias.py
[2024-11-01T11:56:03.168+0900] {processor.py:925} INFO - DAG(s) 'dataset_alias_example_alias_consumer', 'dataset_s3_bucket_consumer', 'dataset_alias_example_alias_producer', 'dataset_s3_bucket_producer' retrieved from /home/hamin081234/anaconda3/envs/airflow_env/lib/python3.11/site-packages/airflow/example_dags/example_dataset_alias.py
[2024-11-01T11:56:03.177+0900] {logging_mixin.py:190} INFO - [2024-11-01T11:56:03.177+0900] {dag.py:3239} INFO - Sync 4 DAGs
[2024-11-01T11:56:03.187+0900] {logging_mixin.py:190} INFO - [2024-11-01T11:56:03.187+0900] {dag.py:4180} INFO - Setting next_dagrun for dataset_alias_example_alias_consumer to None, run_after=None
[2024-11-01T11:56:03.188+0900] {logging_mixin.py:190} INFO - [2024-11-01T11:56:03.188+0900] {dag.py:4180} INFO - Setting next_dagrun for dataset_alias_example_alias_producer to None, run_after=None
[2024-11-01T11:56:03.189+0900] {logging_mixin.py:190} INFO - [2024-11-01T11:56:03.189+0900] {dag.py:4180} INFO - Setting next_dagrun for dataset_s3_bucket_consumer to None, run_after=None
[2024-11-01T11:56:03.189+0900] {logging_mixin.py:190} INFO - [2024-11-01T11:56:03.189+0900] {dag.py:4180} INFO - Setting next_dagrun for dataset_s3_bucket_producer to None, run_after=None
[2024-11-01T11:56:03.208+0900] {processor.py:208} INFO - Processing /home/hamin081234/anaconda3/envs/airflow_env/lib/python3.11/site-packages/airflow/example_dags/example_dataset_alias.py took 0.068 seconds
[2024-11-01T11:56:54.451+0900] {processor.py:186} INFO - Started process (PID=424171) to work on /home/hamin081234/anaconda3/envs/airflow_env/lib/python3.11/site-packages/airflow/example_dags/example_dataset_alias.py
[2024-11-01T11:56:54.452+0900] {processor.py:914} INFO - Processing file /home/hamin081234/anaconda3/envs/airflow_env/lib/python3.11/site-packages/airflow/example_dags/example_dataset_alias.py for tasks to queue
[2024-11-01T11:56:54.453+0900] {logging_mixin.py:190} INFO - [2024-11-01T11:56:54.453+0900] {dagbag.py:588} INFO - Filling up the DagBag from /home/hamin081234/anaconda3/envs/airflow_env/lib/python3.11/site-packages/airflow/example_dags/example_dataset_alias.py
[2024-11-01T11:56:54.468+0900] {processor.py:925} INFO - DAG(s) 'dataset_s3_bucket_producer', 'dataset_alias_example_alias_consumer', 'dataset_alias_example_alias_producer', 'dataset_s3_bucket_consumer' retrieved from /home/hamin081234/anaconda3/envs/airflow_env/lib/python3.11/site-packages/airflow/example_dags/example_dataset_alias.py
[2024-11-01T11:56:54.480+0900] {logging_mixin.py:190} INFO - [2024-11-01T11:56:54.480+0900] {dag.py:3239} INFO - Sync 4 DAGs
[2024-11-01T11:56:54.493+0900] {logging_mixin.py:190} INFO - [2024-11-01T11:56:54.492+0900] {dag.py:4180} INFO - Setting next_dagrun for dataset_alias_example_alias_consumer to None, run_after=None
[2024-11-01T11:56:54.494+0900] {logging_mixin.py:190} INFO - [2024-11-01T11:56:54.494+0900] {dag.py:4180} INFO - Setting next_dagrun for dataset_alias_example_alias_producer to None, run_after=None
[2024-11-01T11:56:54.494+0900] {logging_mixin.py:190} INFO - [2024-11-01T11:56:54.494+0900] {dag.py:4180} INFO - Setting next_dagrun for dataset_s3_bucket_consumer to None, run_after=None
[2024-11-01T11:56:54.495+0900] {logging_mixin.py:190} INFO - [2024-11-01T11:56:54.495+0900] {dag.py:4180} INFO - Setting next_dagrun for dataset_s3_bucket_producer to None, run_after=None
[2024-11-01T11:56:54.516+0900] {processor.py:208} INFO - Processing /home/hamin081234/anaconda3/envs/airflow_env/lib/python3.11/site-packages/airflow/example_dags/example_dataset_alias.py took 0.069 seconds
[2024-11-01T11:57:44.118+0900] {processor.py:186} INFO - Started process (PID=425358) to work on /home/hamin081234/anaconda3/envs/airflow_env/lib/python3.11/site-packages/airflow/example_dags/example_dataset_alias.py
[2024-11-01T11:57:44.119+0900] {processor.py:914} INFO - Processing file /home/hamin081234/anaconda3/envs/airflow_env/lib/python3.11/site-packages/airflow/example_dags/example_dataset_alias.py for tasks to queue
[2024-11-01T11:57:44.121+0900] {logging_mixin.py:190} INFO - [2024-11-01T11:57:44.121+0900] {dagbag.py:588} INFO - Filling up the DagBag from /home/hamin081234/anaconda3/envs/airflow_env/lib/python3.11/site-packages/airflow/example_dags/example_dataset_alias.py
[2024-11-01T11:57:44.136+0900] {processor.py:925} INFO - DAG(s) 'dataset_alias_example_alias_producer', 'dataset_alias_example_alias_consumer', 'dataset_s3_bucket_producer', 'dataset_s3_bucket_consumer' retrieved from /home/hamin081234/anaconda3/envs/airflow_env/lib/python3.11/site-packages/airflow/example_dags/example_dataset_alias.py
[2024-11-01T11:57:44.146+0900] {logging_mixin.py:190} INFO - [2024-11-01T11:57:44.146+0900] {dag.py:3239} INFO - Sync 4 DAGs
[2024-11-01T11:57:44.156+0900] {logging_mixin.py:190} INFO - [2024-11-01T11:57:44.155+0900] {dag.py:4180} INFO - Setting next_dagrun for dataset_alias_example_alias_consumer to None, run_after=None
[2024-11-01T11:57:44.156+0900] {logging_mixin.py:190} INFO - [2024-11-01T11:57:44.156+0900] {dag.py:4180} INFO - Setting next_dagrun for dataset_alias_example_alias_producer to None, run_after=None
[2024-11-01T11:57:44.157+0900] {logging_mixin.py:190} INFO - [2024-11-01T11:57:44.157+0900] {dag.py:4180} INFO - Setting next_dagrun for dataset_s3_bucket_consumer to None, run_after=None
[2024-11-01T11:57:44.157+0900] {logging_mixin.py:190} INFO - [2024-11-01T11:57:44.157+0900] {dag.py:4180} INFO - Setting next_dagrun for dataset_s3_bucket_producer to None, run_after=None
[2024-11-01T11:57:44.177+0900] {processor.py:208} INFO - Processing /home/hamin081234/anaconda3/envs/airflow_env/lib/python3.11/site-packages/airflow/example_dags/example_dataset_alias.py took 0.063 seconds
