[2024-11-01T11:49:13.409+0900] {processor.py:186} INFO - Started process (PID=413703) to work on /home/hamin081234/anaconda3/envs/airflow_env/lib/python3.11/site-packages/airflow/example_dags/example_branch_operator_decorator.py
[2024-11-01T11:49:13.410+0900] {processor.py:914} INFO - Processing file /home/hamin081234/anaconda3/envs/airflow_env/lib/python3.11/site-packages/airflow/example_dags/example_branch_operator_decorator.py for tasks to queue
[2024-11-01T11:49:13.411+0900] {logging_mixin.py:190} INFO - [2024-11-01T11:49:13.411+0900] {dagbag.py:588} INFO - Filling up the DagBag from /home/hamin081234/anaconda3/envs/airflow_env/lib/python3.11/site-packages/airflow/example_dags/example_branch_operator_decorator.py
[2024-11-01T11:49:13.424+0900] {processor.py:925} INFO - DAG(s) 'example_branch_python_operator_decorator' retrieved from /home/hamin081234/anaconda3/envs/airflow_env/lib/python3.11/site-packages/airflow/example_dags/example_branch_operator_decorator.py
[2024-11-01T11:49:13.510+0900] {logging_mixin.py:190} INFO - [2024-11-01T11:49:13.510+0900] {override.py:1900} INFO - Created Permission View: can delete on DAG:example_branch_python_operator_decorator
[2024-11-01T11:49:13.524+0900] {logging_mixin.py:190} INFO - [2024-11-01T11:49:13.524+0900] {override.py:1900} INFO - Created Permission View: can edit on DAG:example_branch_python_operator_decorator
[2024-11-01T11:49:13.534+0900] {logging_mixin.py:190} INFO - [2024-11-01T11:49:13.534+0900] {override.py:1900} INFO - Created Permission View: can read on DAG:example_branch_python_operator_decorator
[2024-11-01T11:49:13.554+0900] {logging_mixin.py:190} INFO - [2024-11-01T11:49:13.554+0900] {override.py:1900} INFO - Created Permission View: menu access on DAG Run:example_branch_python_operator_decorator
[2024-11-01T11:49:13.566+0900] {logging_mixin.py:190} INFO - [2024-11-01T11:49:13.566+0900] {override.py:1900} INFO - Created Permission View: can delete on DAG Run:example_branch_python_operator_decorator
[2024-11-01T11:49:13.578+0900] {logging_mixin.py:190} INFO - [2024-11-01T11:49:13.578+0900] {override.py:1900} INFO - Created Permission View: can create on DAG Run:example_branch_python_operator_decorator
[2024-11-01T11:49:13.588+0900] {logging_mixin.py:190} INFO - [2024-11-01T11:49:13.588+0900] {override.py:1900} INFO - Created Permission View: can read on DAG Run:example_branch_python_operator_decorator
[2024-11-01T11:49:13.588+0900] {logging_mixin.py:190} INFO - [2024-11-01T11:49:13.588+0900] {dag.py:3239} INFO - Sync 1 DAGs
[2024-11-01T11:49:13.594+0900] {logging_mixin.py:190} INFO - [2024-11-01T11:49:13.594+0900] {dag.py:3262} INFO - Creating ORM DAG for example_branch_python_operator_decorator
[2024-11-01T11:49:13.599+0900] {logging_mixin.py:190} INFO - [2024-11-01T11:49:13.599+0900] {dag.py:4180} INFO - Setting next_dagrun for example_branch_python_operator_decorator to 2024-10-31 00:00:00+00:00, run_after=2024-11-01 00:00:00+00:00
[2024-11-01T11:49:13.619+0900] {processor.py:208} INFO - Processing /home/hamin081234/anaconda3/envs/airflow_env/lib/python3.11/site-packages/airflow/example_dags/example_branch_operator_decorator.py took 0.213 seconds
[2024-11-01T11:50:14.430+0900] {processor.py:186} INFO - Started process (PID=415000) to work on /home/hamin081234/anaconda3/envs/airflow_env/lib/python3.11/site-packages/airflow/example_dags/example_branch_operator_decorator.py
[2024-11-01T11:50:14.439+0900] {processor.py:914} INFO - Processing file /home/hamin081234/anaconda3/envs/airflow_env/lib/python3.11/site-packages/airflow/example_dags/example_branch_operator_decorator.py for tasks to queue
[2024-11-01T11:50:14.440+0900] {logging_mixin.py:190} INFO - [2024-11-01T11:50:14.440+0900] {dagbag.py:588} INFO - Filling up the DagBag from /home/hamin081234/anaconda3/envs/airflow_env/lib/python3.11/site-packages/airflow/example_dags/example_branch_operator_decorator.py
[2024-11-01T11:50:14.454+0900] {processor.py:925} INFO - DAG(s) 'example_branch_python_operator_decorator' retrieved from /home/hamin081234/anaconda3/envs/airflow_env/lib/python3.11/site-packages/airflow/example_dags/example_branch_operator_decorator.py
[2024-11-01T11:50:14.468+0900] {logging_mixin.py:190} INFO - [2024-11-01T11:50:14.468+0900] {dag.py:3239} INFO - Sync 1 DAGs
[2024-11-01T11:50:14.479+0900] {logging_mixin.py:190} INFO - [2024-11-01T11:50:14.479+0900] {dag.py:4180} INFO - Setting next_dagrun for example_branch_python_operator_decorator to 2024-10-31 00:00:00+00:00, run_after=2024-11-01 00:00:00+00:00
[2024-11-01T11:50:14.498+0900] {processor.py:208} INFO - Processing /home/hamin081234/anaconda3/envs/airflow_env/lib/python3.11/site-packages/airflow/example_dags/example_branch_operator_decorator.py took 0.071 seconds
[2024-11-01T11:51:06.652+0900] {processor.py:186} INFO - Started process (PID=416231) to work on /home/hamin081234/anaconda3/envs/airflow_env/lib/python3.11/site-packages/airflow/example_dags/example_branch_operator_decorator.py
[2024-11-01T11:51:06.661+0900] {processor.py:914} INFO - Processing file /home/hamin081234/anaconda3/envs/airflow_env/lib/python3.11/site-packages/airflow/example_dags/example_branch_operator_decorator.py for tasks to queue
[2024-11-01T11:51:06.663+0900] {logging_mixin.py:190} INFO - [2024-11-01T11:51:06.662+0900] {dagbag.py:588} INFO - Filling up the DagBag from /home/hamin081234/anaconda3/envs/airflow_env/lib/python3.11/site-packages/airflow/example_dags/example_branch_operator_decorator.py
[2024-11-01T11:51:06.681+0900] {processor.py:925} INFO - DAG(s) 'example_branch_python_operator_decorator' retrieved from /home/hamin081234/anaconda3/envs/airflow_env/lib/python3.11/site-packages/airflow/example_dags/example_branch_operator_decorator.py
[2024-11-01T11:51:06.701+0900] {logging_mixin.py:190} INFO - [2024-11-01T11:51:06.701+0900] {dag.py:3239} INFO - Sync 1 DAGs
[2024-11-01T11:51:06.717+0900] {logging_mixin.py:190} INFO - [2024-11-01T11:51:06.717+0900] {dag.py:4180} INFO - Setting next_dagrun for example_branch_python_operator_decorator to 2024-10-31 00:00:00+00:00, run_after=2024-11-01 00:00:00+00:00
[2024-11-01T11:51:06.740+0900] {processor.py:208} INFO - Processing /home/hamin081234/anaconda3/envs/airflow_env/lib/python3.11/site-packages/airflow/example_dags/example_branch_operator_decorator.py took 0.091 seconds
[2024-11-01T11:51:56.713+0900] {processor.py:186} INFO - Started process (PID=417479) to work on /home/hamin081234/anaconda3/envs/airflow_env/lib/python3.11/site-packages/airflow/example_dags/example_branch_operator_decorator.py
[2024-11-01T11:51:56.714+0900] {processor.py:914} INFO - Processing file /home/hamin081234/anaconda3/envs/airflow_env/lib/python3.11/site-packages/airflow/example_dags/example_branch_operator_decorator.py for tasks to queue
[2024-11-01T11:51:56.717+0900] {logging_mixin.py:190} INFO - [2024-11-01T11:51:56.716+0900] {dagbag.py:588} INFO - Filling up the DagBag from /home/hamin081234/anaconda3/envs/airflow_env/lib/python3.11/site-packages/airflow/example_dags/example_branch_operator_decorator.py
[2024-11-01T11:51:56.744+0900] {processor.py:925} INFO - DAG(s) 'example_branch_python_operator_decorator' retrieved from /home/hamin081234/anaconda3/envs/airflow_env/lib/python3.11/site-packages/airflow/example_dags/example_branch_operator_decorator.py
[2024-11-01T11:51:56.769+0900] {logging_mixin.py:190} INFO - [2024-11-01T11:51:56.768+0900] {dag.py:3239} INFO - Sync 1 DAGs
[2024-11-01T11:51:56.794+0900] {logging_mixin.py:190} INFO - [2024-11-01T11:51:56.794+0900] {dag.py:4180} INFO - Setting next_dagrun for example_branch_python_operator_decorator to 2024-10-31 00:00:00+00:00, run_after=2024-11-01 00:00:00+00:00
[2024-11-01T11:51:56.844+0900] {processor.py:208} INFO - Processing /home/hamin081234/anaconda3/envs/airflow_env/lib/python3.11/site-packages/airflow/example_dags/example_branch_operator_decorator.py took 0.140 seconds
[2024-11-01T11:52:58.180+0900] {processor.py:186} INFO - Started process (PID=418780) to work on /home/hamin081234/anaconda3/envs/airflow_env/lib/python3.11/site-packages/airflow/example_dags/example_branch_operator_decorator.py
[2024-11-01T11:52:58.189+0900] {processor.py:914} INFO - Processing file /home/hamin081234/anaconda3/envs/airflow_env/lib/python3.11/site-packages/airflow/example_dags/example_branch_operator_decorator.py for tasks to queue
[2024-11-01T11:52:58.191+0900] {logging_mixin.py:190} INFO - [2024-11-01T11:52:58.190+0900] {dagbag.py:588} INFO - Filling up the DagBag from /home/hamin081234/anaconda3/envs/airflow_env/lib/python3.11/site-packages/airflow/example_dags/example_branch_operator_decorator.py
[2024-11-01T11:52:58.205+0900] {processor.py:925} INFO - DAG(s) 'example_branch_python_operator_decorator' retrieved from /home/hamin081234/anaconda3/envs/airflow_env/lib/python3.11/site-packages/airflow/example_dags/example_branch_operator_decorator.py
[2024-11-01T11:52:58.217+0900] {logging_mixin.py:190} INFO - [2024-11-01T11:52:58.217+0900] {dag.py:3239} INFO - Sync 1 DAGs
[2024-11-01T11:52:58.228+0900] {logging_mixin.py:190} INFO - [2024-11-01T11:52:58.228+0900] {dag.py:4180} INFO - Setting next_dagrun for example_branch_python_operator_decorator to 2024-10-31 00:00:00+00:00, run_after=2024-11-01 00:00:00+00:00
[2024-11-01T11:52:58.246+0900] {processor.py:208} INFO - Processing /home/hamin081234/anaconda3/envs/airflow_env/lib/python3.11/site-packages/airflow/example_dags/example_branch_operator_decorator.py took 0.069 seconds
[2024-11-01T11:53:48.391+0900] {processor.py:186} INFO - Started process (PID=419962) to work on /home/hamin081234/anaconda3/envs/airflow_env/lib/python3.11/site-packages/airflow/example_dags/example_branch_operator_decorator.py
[2024-11-01T11:53:48.400+0900] {processor.py:914} INFO - Processing file /home/hamin081234/anaconda3/envs/airflow_env/lib/python3.11/site-packages/airflow/example_dags/example_branch_operator_decorator.py for tasks to queue
[2024-11-01T11:53:48.403+0900] {logging_mixin.py:190} INFO - [2024-11-01T11:53:48.403+0900] {dagbag.py:588} INFO - Filling up the DagBag from /home/hamin081234/anaconda3/envs/airflow_env/lib/python3.11/site-packages/airflow/example_dags/example_branch_operator_decorator.py
[2024-11-01T11:53:48.419+0900] {processor.py:925} INFO - DAG(s) 'example_branch_python_operator_decorator' retrieved from /home/hamin081234/anaconda3/envs/airflow_env/lib/python3.11/site-packages/airflow/example_dags/example_branch_operator_decorator.py
[2024-11-01T11:53:48.432+0900] {logging_mixin.py:190} INFO - [2024-11-01T11:53:48.431+0900] {dag.py:3239} INFO - Sync 1 DAGs
[2024-11-01T11:53:48.442+0900] {logging_mixin.py:190} INFO - [2024-11-01T11:53:48.442+0900] {dag.py:4180} INFO - Setting next_dagrun for example_branch_python_operator_decorator to 2024-10-31 00:00:00+00:00, run_after=2024-11-01 00:00:00+00:00
[2024-11-01T11:53:48.460+0900] {processor.py:208} INFO - Processing /home/hamin081234/anaconda3/envs/airflow_env/lib/python3.11/site-packages/airflow/example_dags/example_branch_operator_decorator.py took 0.075 seconds
[2024-11-01T11:54:40.960+0900] {processor.py:186} INFO - Started process (PID=421286) to work on /home/hamin081234/anaconda3/envs/airflow_env/lib/python3.11/site-packages/airflow/example_dags/example_branch_operator_decorator.py
[2024-11-01T11:54:40.973+0900] {processor.py:914} INFO - Processing file /home/hamin081234/anaconda3/envs/airflow_env/lib/python3.11/site-packages/airflow/example_dags/example_branch_operator_decorator.py for tasks to queue
[2024-11-01T11:54:40.974+0900] {logging_mixin.py:190} INFO - [2024-11-01T11:54:40.974+0900] {dagbag.py:588} INFO - Filling up the DagBag from /home/hamin081234/anaconda3/envs/airflow_env/lib/python3.11/site-packages/airflow/example_dags/example_branch_operator_decorator.py
[2024-11-01T11:54:40.987+0900] {processor.py:925} INFO - DAG(s) 'example_branch_python_operator_decorator' retrieved from /home/hamin081234/anaconda3/envs/airflow_env/lib/python3.11/site-packages/airflow/example_dags/example_branch_operator_decorator.py
[2024-11-01T11:54:41.000+0900] {logging_mixin.py:190} INFO - [2024-11-01T11:54:41.000+0900] {dag.py:3239} INFO - Sync 1 DAGs
[2024-11-01T11:54:41.011+0900] {logging_mixin.py:190} INFO - [2024-11-01T11:54:41.011+0900] {dag.py:4180} INFO - Setting next_dagrun for example_branch_python_operator_decorator to 2024-10-31 00:00:00+00:00, run_after=2024-11-01 00:00:00+00:00
[2024-11-01T11:54:41.029+0900] {processor.py:208} INFO - Processing /home/hamin081234/anaconda3/envs/airflow_env/lib/python3.11/site-packages/airflow/example_dags/example_branch_operator_decorator.py took 0.073 seconds
[2024-11-01T11:55:32.275+0900] {processor.py:186} INFO - Started process (PID=422310) to work on /home/hamin081234/anaconda3/envs/airflow_env/lib/python3.11/site-packages/airflow/example_dags/example_branch_operator_decorator.py
[2024-11-01T11:55:32.283+0900] {processor.py:914} INFO - Processing file /home/hamin081234/anaconda3/envs/airflow_env/lib/python3.11/site-packages/airflow/example_dags/example_branch_operator_decorator.py for tasks to queue
[2024-11-01T11:55:32.284+0900] {logging_mixin.py:190} INFO - [2024-11-01T11:55:32.284+0900] {dagbag.py:588} INFO - Filling up the DagBag from /home/hamin081234/anaconda3/envs/airflow_env/lib/python3.11/site-packages/airflow/example_dags/example_branch_operator_decorator.py
[2024-11-01T11:55:32.297+0900] {processor.py:925} INFO - DAG(s) 'example_branch_python_operator_decorator' retrieved from /home/hamin081234/anaconda3/envs/airflow_env/lib/python3.11/site-packages/airflow/example_dags/example_branch_operator_decorator.py
[2024-11-01T11:55:32.309+0900] {logging_mixin.py:190} INFO - [2024-11-01T11:55:32.309+0900] {dag.py:3239} INFO - Sync 1 DAGs
[2024-11-01T11:55:32.320+0900] {logging_mixin.py:190} INFO - [2024-11-01T11:55:32.319+0900] {dag.py:4180} INFO - Setting next_dagrun for example_branch_python_operator_decorator to 2024-10-31 00:00:00+00:00, run_after=2024-11-01 00:00:00+00:00
[2024-11-01T11:55:32.339+0900] {processor.py:208} INFO - Processing /home/hamin081234/anaconda3/envs/airflow_env/lib/python3.11/site-packages/airflow/example_dags/example_branch_operator_decorator.py took 0.067 seconds
[2024-11-01T11:56:23.614+0900] {processor.py:186} INFO - Started process (PID=423520) to work on /home/hamin081234/anaconda3/envs/airflow_env/lib/python3.11/site-packages/airflow/example_dags/example_branch_operator_decorator.py
[2024-11-01T11:56:23.622+0900] {processor.py:914} INFO - Processing file /home/hamin081234/anaconda3/envs/airflow_env/lib/python3.11/site-packages/airflow/example_dags/example_branch_operator_decorator.py for tasks to queue
[2024-11-01T11:56:23.624+0900] {logging_mixin.py:190} INFO - [2024-11-01T11:56:23.624+0900] {dagbag.py:588} INFO - Filling up the DagBag from /home/hamin081234/anaconda3/envs/airflow_env/lib/python3.11/site-packages/airflow/example_dags/example_branch_operator_decorator.py
[2024-11-01T11:56:23.638+0900] {processor.py:925} INFO - DAG(s) 'example_branch_python_operator_decorator' retrieved from /home/hamin081234/anaconda3/envs/airflow_env/lib/python3.11/site-packages/airflow/example_dags/example_branch_operator_decorator.py
[2024-11-01T11:56:23.650+0900] {logging_mixin.py:190} INFO - [2024-11-01T11:56:23.650+0900] {dag.py:3239} INFO - Sync 1 DAGs
[2024-11-01T11:56:23.660+0900] {logging_mixin.py:190} INFO - [2024-11-01T11:56:23.660+0900] {dag.py:4180} INFO - Setting next_dagrun for example_branch_python_operator_decorator to 2024-10-31 00:00:00+00:00, run_after=2024-11-01 00:00:00+00:00
[2024-11-01T11:56:23.676+0900] {processor.py:208} INFO - Processing /home/hamin081234/anaconda3/envs/airflow_env/lib/python3.11/site-packages/airflow/example_dags/example_branch_operator_decorator.py took 0.066 seconds
[2024-11-01T11:57:15.029+0900] {processor.py:186} INFO - Started process (PID=424791) to work on /home/hamin081234/anaconda3/envs/airflow_env/lib/python3.11/site-packages/airflow/example_dags/example_branch_operator_decorator.py
[2024-11-01T11:57:15.031+0900] {processor.py:914} INFO - Processing file /home/hamin081234/anaconda3/envs/airflow_env/lib/python3.11/site-packages/airflow/example_dags/example_branch_operator_decorator.py for tasks to queue
[2024-11-01T11:57:15.032+0900] {logging_mixin.py:190} INFO - [2024-11-01T11:57:15.032+0900] {dagbag.py:588} INFO - Filling up the DagBag from /home/hamin081234/anaconda3/envs/airflow_env/lib/python3.11/site-packages/airflow/example_dags/example_branch_operator_decorator.py
[2024-11-01T11:57:15.045+0900] {processor.py:925} INFO - DAG(s) 'example_branch_python_operator_decorator' retrieved from /home/hamin081234/anaconda3/envs/airflow_env/lib/python3.11/site-packages/airflow/example_dags/example_branch_operator_decorator.py
[2024-11-01T11:57:15.058+0900] {logging_mixin.py:190} INFO - [2024-11-01T11:57:15.057+0900] {dag.py:3239} INFO - Sync 1 DAGs
[2024-11-01T11:57:15.069+0900] {logging_mixin.py:190} INFO - [2024-11-01T11:57:15.068+0900] {dag.py:4180} INFO - Setting next_dagrun for example_branch_python_operator_decorator to 2024-10-31 00:00:00+00:00, run_after=2024-11-01 00:00:00+00:00
[2024-11-01T11:57:15.085+0900] {processor.py:208} INFO - Processing /home/hamin081234/anaconda3/envs/airflow_env/lib/python3.11/site-packages/airflow/example_dags/example_branch_operator_decorator.py took 0.060 seconds
