[2024-11-01T11:49:37.392+0900] {processor.py:186} INFO - Started process (PID=414206) to work on /home/hamin081234/anaconda3/envs/airflow_env/lib/python3.11/site-packages/airflow/example_dags/example_sensor_decorator.py
[2024-11-01T11:49:37.393+0900] {processor.py:914} INFO - Processing file /home/hamin081234/anaconda3/envs/airflow_env/lib/python3.11/site-packages/airflow/example_dags/example_sensor_decorator.py for tasks to queue
[2024-11-01T11:49:37.395+0900] {logging_mixin.py:190} INFO - [2024-11-01T11:49:37.394+0900] {dagbag.py:588} INFO - Filling up the DagBag from /home/hamin081234/anaconda3/envs/airflow_env/lib/python3.11/site-packages/airflow/example_dags/example_sensor_decorator.py
[2024-11-01T11:49:37.399+0900] {processor.py:925} INFO - DAG(s) 'example_sensor_decorator' retrieved from /home/hamin081234/anaconda3/envs/airflow_env/lib/python3.11/site-packages/airflow/example_dags/example_sensor_decorator.py
[2024-11-01T11:49:37.466+0900] {logging_mixin.py:190} INFO - [2024-11-01T11:49:37.466+0900] {override.py:1900} INFO - Created Permission View: can delete on DAG:example_sensor_decorator
[2024-11-01T11:49:37.480+0900] {logging_mixin.py:190} INFO - [2024-11-01T11:49:37.480+0900] {override.py:1900} INFO - Created Permission View: can edit on DAG:example_sensor_decorator
[2024-11-01T11:49:37.492+0900] {logging_mixin.py:190} INFO - [2024-11-01T11:49:37.492+0900] {override.py:1900} INFO - Created Permission View: can read on DAG:example_sensor_decorator
[2024-11-01T11:49:37.512+0900] {logging_mixin.py:190} INFO - [2024-11-01T11:49:37.512+0900] {override.py:1900} INFO - Created Permission View: menu access on DAG Run:example_sensor_decorator
[2024-11-01T11:49:37.522+0900] {logging_mixin.py:190} INFO - [2024-11-01T11:49:37.522+0900] {override.py:1900} INFO - Created Permission View: can delete on DAG Run:example_sensor_decorator
[2024-11-01T11:49:37.532+0900] {logging_mixin.py:190} INFO - [2024-11-01T11:49:37.532+0900] {override.py:1900} INFO - Created Permission View: can create on DAG Run:example_sensor_decorator
[2024-11-01T11:49:37.542+0900] {logging_mixin.py:190} INFO - [2024-11-01T11:49:37.541+0900] {override.py:1900} INFO - Created Permission View: can read on DAG Run:example_sensor_decorator
[2024-11-01T11:49:37.542+0900] {logging_mixin.py:190} INFO - [2024-11-01T11:49:37.542+0900] {dag.py:3239} INFO - Sync 1 DAGs
[2024-11-01T11:49:37.547+0900] {logging_mixin.py:190} INFO - [2024-11-01T11:49:37.547+0900] {dag.py:3262} INFO - Creating ORM DAG for example_sensor_decorator
[2024-11-01T11:49:37.548+0900] {logging_mixin.py:190} INFO - [2024-11-01T11:49:37.548+0900] {dag.py:4180} INFO - Setting next_dagrun for example_sensor_decorator to None, run_after=None
[2024-11-01T11:49:37.565+0900] {processor.py:208} INFO - Processing /home/hamin081234/anaconda3/envs/airflow_env/lib/python3.11/site-packages/airflow/example_dags/example_sensor_decorator.py took 0.177 seconds
[2024-11-01T11:50:34.530+0900] {processor.py:186} INFO - Started process (PID=415594) to work on /home/hamin081234/anaconda3/envs/airflow_env/lib/python3.11/site-packages/airflow/example_dags/example_sensor_decorator.py
[2024-11-01T11:50:34.539+0900] {processor.py:914} INFO - Processing file /home/hamin081234/anaconda3/envs/airflow_env/lib/python3.11/site-packages/airflow/example_dags/example_sensor_decorator.py for tasks to queue
[2024-11-01T11:50:34.541+0900] {logging_mixin.py:190} INFO - [2024-11-01T11:50:34.541+0900] {dagbag.py:588} INFO - Filling up the DagBag from /home/hamin081234/anaconda3/envs/airflow_env/lib/python3.11/site-packages/airflow/example_dags/example_sensor_decorator.py
[2024-11-01T11:50:34.547+0900] {processor.py:925} INFO - DAG(s) 'example_sensor_decorator' retrieved from /home/hamin081234/anaconda3/envs/airflow_env/lib/python3.11/site-packages/airflow/example_dags/example_sensor_decorator.py
[2024-11-01T11:50:34.556+0900] {logging_mixin.py:190} INFO - [2024-11-01T11:50:34.556+0900] {dag.py:3239} INFO - Sync 1 DAGs
[2024-11-01T11:50:34.563+0900] {logging_mixin.py:190} INFO - [2024-11-01T11:50:34.563+0900] {dag.py:4180} INFO - Setting next_dagrun for example_sensor_decorator to None, run_after=None
[2024-11-01T11:50:34.582+0900] {processor.py:208} INFO - Processing /home/hamin081234/anaconda3/envs/airflow_env/lib/python3.11/site-packages/airflow/example_dags/example_sensor_decorator.py took 0.056 seconds
[2024-11-01T11:51:28.831+0900] {processor.py:186} INFO - Started process (PID=416570) to work on /home/hamin081234/anaconda3/envs/airflow_env/lib/python3.11/site-packages/airflow/example_dags/example_sensor_decorator.py
[2024-11-01T11:51:28.832+0900] {processor.py:914} INFO - Processing file /home/hamin081234/anaconda3/envs/airflow_env/lib/python3.11/site-packages/airflow/example_dags/example_sensor_decorator.py for tasks to queue
[2024-11-01T11:51:28.835+0900] {logging_mixin.py:190} INFO - [2024-11-01T11:51:28.834+0900] {dagbag.py:588} INFO - Filling up the DagBag from /home/hamin081234/anaconda3/envs/airflow_env/lib/python3.11/site-packages/airflow/example_dags/example_sensor_decorator.py
[2024-11-01T11:51:28.843+0900] {processor.py:925} INFO - DAG(s) 'example_sensor_decorator' retrieved from /home/hamin081234/anaconda3/envs/airflow_env/lib/python3.11/site-packages/airflow/example_dags/example_sensor_decorator.py
[2024-11-01T11:51:28.856+0900] {logging_mixin.py:190} INFO - [2024-11-01T11:51:28.855+0900] {dag.py:3239} INFO - Sync 1 DAGs
[2024-11-01T11:51:28.866+0900] {logging_mixin.py:190} INFO - [2024-11-01T11:51:28.865+0900] {dag.py:4180} INFO - Setting next_dagrun for example_sensor_decorator to None, run_after=None
[2024-11-01T11:51:28.886+0900] {processor.py:208} INFO - Processing /home/hamin081234/anaconda3/envs/airflow_env/lib/python3.11/site-packages/airflow/example_dags/example_sensor_decorator.py took 0.060 seconds
[2024-11-01T11:52:30.496+0900] {processor.py:186} INFO - Started process (PID=418149) to work on /home/hamin081234/anaconda3/envs/airflow_env/lib/python3.11/site-packages/airflow/example_dags/example_sensor_decorator.py
[2024-11-01T11:52:30.505+0900] {processor.py:914} INFO - Processing file /home/hamin081234/anaconda3/envs/airflow_env/lib/python3.11/site-packages/airflow/example_dags/example_sensor_decorator.py for tasks to queue
[2024-11-01T11:52:30.508+0900] {logging_mixin.py:190} INFO - [2024-11-01T11:52:30.508+0900] {dagbag.py:588} INFO - Filling up the DagBag from /home/hamin081234/anaconda3/envs/airflow_env/lib/python3.11/site-packages/airflow/example_dags/example_sensor_decorator.py
[2024-11-01T11:52:30.515+0900] {processor.py:925} INFO - DAG(s) 'example_sensor_decorator' retrieved from /home/hamin081234/anaconda3/envs/airflow_env/lib/python3.11/site-packages/airflow/example_dags/example_sensor_decorator.py
[2024-11-01T11:52:30.523+0900] {logging_mixin.py:190} INFO - [2024-11-01T11:52:30.523+0900] {dag.py:3239} INFO - Sync 1 DAGs
[2024-11-01T11:52:30.530+0900] {logging_mixin.py:190} INFO - [2024-11-01T11:52:30.530+0900] {dag.py:4180} INFO - Setting next_dagrun for example_sensor_decorator to None, run_after=None
[2024-11-01T11:52:30.547+0900] {processor.py:208} INFO - Processing /home/hamin081234/anaconda3/envs/airflow_env/lib/python3.11/site-packages/airflow/example_dags/example_sensor_decorator.py took 0.056 seconds
[2024-11-01T11:53:25.072+0900] {processor.py:186} INFO - Started process (PID=419509) to work on /home/hamin081234/anaconda3/envs/airflow_env/lib/python3.11/site-packages/airflow/example_dags/example_sensor_decorator.py
[2024-11-01T11:53:25.081+0900] {processor.py:914} INFO - Processing file /home/hamin081234/anaconda3/envs/airflow_env/lib/python3.11/site-packages/airflow/example_dags/example_sensor_decorator.py for tasks to queue
[2024-11-01T11:53:25.082+0900] {logging_mixin.py:190} INFO - [2024-11-01T11:53:25.082+0900] {dagbag.py:588} INFO - Filling up the DagBag from /home/hamin081234/anaconda3/envs/airflow_env/lib/python3.11/site-packages/airflow/example_dags/example_sensor_decorator.py
[2024-11-01T11:53:25.088+0900] {processor.py:925} INFO - DAG(s) 'example_sensor_decorator' retrieved from /home/hamin081234/anaconda3/envs/airflow_env/lib/python3.11/site-packages/airflow/example_dags/example_sensor_decorator.py
[2024-11-01T11:53:25.097+0900] {logging_mixin.py:190} INFO - [2024-11-01T11:53:25.097+0900] {dag.py:3239} INFO - Sync 1 DAGs
[2024-11-01T11:53:25.104+0900] {logging_mixin.py:190} INFO - [2024-11-01T11:53:25.104+0900] {dag.py:4180} INFO - Setting next_dagrun for example_sensor_decorator to None, run_after=None
[2024-11-01T11:53:25.124+0900] {processor.py:208} INFO - Processing /home/hamin081234/anaconda3/envs/airflow_env/lib/python3.11/site-packages/airflow/example_dags/example_sensor_decorator.py took 0.056 seconds
[2024-11-01T11:54:15.220+0900] {processor.py:186} INFO - Started process (PID=420516) to work on /home/hamin081234/anaconda3/envs/airflow_env/lib/python3.11/site-packages/airflow/example_dags/example_sensor_decorator.py
[2024-11-01T11:54:15.229+0900] {processor.py:914} INFO - Processing file /home/hamin081234/anaconda3/envs/airflow_env/lib/python3.11/site-packages/airflow/example_dags/example_sensor_decorator.py for tasks to queue
[2024-11-01T11:54:15.231+0900] {logging_mixin.py:190} INFO - [2024-11-01T11:54:15.230+0900] {dagbag.py:588} INFO - Filling up the DagBag from /home/hamin081234/anaconda3/envs/airflow_env/lib/python3.11/site-packages/airflow/example_dags/example_sensor_decorator.py
[2024-11-01T11:54:15.237+0900] {processor.py:925} INFO - DAG(s) 'example_sensor_decorator' retrieved from /home/hamin081234/anaconda3/envs/airflow_env/lib/python3.11/site-packages/airflow/example_dags/example_sensor_decorator.py
[2024-11-01T11:54:15.246+0900] {logging_mixin.py:190} INFO - [2024-11-01T11:54:15.246+0900] {dag.py:3239} INFO - Sync 1 DAGs
[2024-11-01T11:54:15.253+0900] {logging_mixin.py:190} INFO - [2024-11-01T11:54:15.253+0900] {dag.py:4180} INFO - Setting next_dagrun for example_sensor_decorator to None, run_after=None
[2024-11-01T11:54:15.272+0900] {processor.py:208} INFO - Processing /home/hamin081234/anaconda3/envs/airflow_env/lib/python3.11/site-packages/airflow/example_dags/example_sensor_decorator.py took 0.056 seconds
[2024-11-01T11:55:08.827+0900] {processor.py:186} INFO - Started process (PID=421803) to work on /home/hamin081234/anaconda3/envs/airflow_env/lib/python3.11/site-packages/airflow/example_dags/example_sensor_decorator.py
[2024-11-01T11:55:08.835+0900] {processor.py:914} INFO - Processing file /home/hamin081234/anaconda3/envs/airflow_env/lib/python3.11/site-packages/airflow/example_dags/example_sensor_decorator.py for tasks to queue
[2024-11-01T11:55:08.837+0900] {logging_mixin.py:190} INFO - [2024-11-01T11:55:08.837+0900] {dagbag.py:588} INFO - Filling up the DagBag from /home/hamin081234/anaconda3/envs/airflow_env/lib/python3.11/site-packages/airflow/example_dags/example_sensor_decorator.py
[2024-11-01T11:55:08.843+0900] {processor.py:925} INFO - DAG(s) 'example_sensor_decorator' retrieved from /home/hamin081234/anaconda3/envs/airflow_env/lib/python3.11/site-packages/airflow/example_dags/example_sensor_decorator.py
[2024-11-01T11:55:08.852+0900] {logging_mixin.py:190} INFO - [2024-11-01T11:55:08.852+0900] {dag.py:3239} INFO - Sync 1 DAGs
[2024-11-01T11:55:08.860+0900] {logging_mixin.py:190} INFO - [2024-11-01T11:55:08.860+0900] {dag.py:4180} INFO - Setting next_dagrun for example_sensor_decorator to None, run_after=None
[2024-11-01T11:55:08.879+0900] {processor.py:208} INFO - Processing /home/hamin081234/anaconda3/envs/airflow_env/lib/python3.11/site-packages/airflow/example_dags/example_sensor_decorator.py took 0.055 seconds
[2024-11-01T11:55:59.143+0900] {processor.py:186} INFO - Started process (PID=423101) to work on /home/hamin081234/anaconda3/envs/airflow_env/lib/python3.11/site-packages/airflow/example_dags/example_sensor_decorator.py
[2024-11-01T11:55:59.151+0900] {processor.py:914} INFO - Processing file /home/hamin081234/anaconda3/envs/airflow_env/lib/python3.11/site-packages/airflow/example_dags/example_sensor_decorator.py for tasks to queue
[2024-11-01T11:55:59.153+0900] {logging_mixin.py:190} INFO - [2024-11-01T11:55:59.153+0900] {dagbag.py:588} INFO - Filling up the DagBag from /home/hamin081234/anaconda3/envs/airflow_env/lib/python3.11/site-packages/airflow/example_dags/example_sensor_decorator.py
[2024-11-01T11:55:59.158+0900] {processor.py:925} INFO - DAG(s) 'example_sensor_decorator' retrieved from /home/hamin081234/anaconda3/envs/airflow_env/lib/python3.11/site-packages/airflow/example_dags/example_sensor_decorator.py
[2024-11-01T11:55:59.166+0900] {logging_mixin.py:190} INFO - [2024-11-01T11:55:59.166+0900] {dag.py:3239} INFO - Sync 1 DAGs
[2024-11-01T11:55:59.173+0900] {logging_mixin.py:190} INFO - [2024-11-01T11:55:59.173+0900] {dag.py:4180} INFO - Setting next_dagrun for example_sensor_decorator to None, run_after=None
[2024-11-01T11:55:59.190+0900] {processor.py:208} INFO - Processing /home/hamin081234/anaconda3/envs/airflow_env/lib/python3.11/site-packages/airflow/example_dags/example_sensor_decorator.py took 0.050 seconds
[2024-11-01T11:56:50.451+0900] {processor.py:186} INFO - Started process (PID=424126) to work on /home/hamin081234/anaconda3/envs/airflow_env/lib/python3.11/site-packages/airflow/example_dags/example_sensor_decorator.py
[2024-11-01T11:56:50.459+0900] {processor.py:914} INFO - Processing file /home/hamin081234/anaconda3/envs/airflow_env/lib/python3.11/site-packages/airflow/example_dags/example_sensor_decorator.py for tasks to queue
[2024-11-01T11:56:50.460+0900] {logging_mixin.py:190} INFO - [2024-11-01T11:56:50.460+0900] {dagbag.py:588} INFO - Filling up the DagBag from /home/hamin081234/anaconda3/envs/airflow_env/lib/python3.11/site-packages/airflow/example_dags/example_sensor_decorator.py
[2024-11-01T11:56:50.466+0900] {processor.py:925} INFO - DAG(s) 'example_sensor_decorator' retrieved from /home/hamin081234/anaconda3/envs/airflow_env/lib/python3.11/site-packages/airflow/example_dags/example_sensor_decorator.py
[2024-11-01T11:56:50.475+0900] {logging_mixin.py:190} INFO - [2024-11-01T11:56:50.475+0900] {dag.py:3239} INFO - Sync 1 DAGs
[2024-11-01T11:56:50.482+0900] {logging_mixin.py:190} INFO - [2024-11-01T11:56:50.482+0900] {dag.py:4180} INFO - Setting next_dagrun for example_sensor_decorator to None, run_after=None
[2024-11-01T11:56:50.500+0900] {processor.py:208} INFO - Processing /home/hamin081234/anaconda3/envs/airflow_env/lib/python3.11/site-packages/airflow/example_dags/example_sensor_decorator.py took 0.053 seconds
[2024-11-01T11:57:39.648+0900] {processor.py:186} INFO - Started process (PID=425287) to work on /home/hamin081234/anaconda3/envs/airflow_env/lib/python3.11/site-packages/airflow/example_dags/example_sensor_decorator.py
[2024-11-01T11:57:39.648+0900] {processor.py:914} INFO - Processing file /home/hamin081234/anaconda3/envs/airflow_env/lib/python3.11/site-packages/airflow/example_dags/example_sensor_decorator.py for tasks to queue
[2024-11-01T11:57:39.650+0900] {logging_mixin.py:190} INFO - [2024-11-01T11:57:39.650+0900] {dagbag.py:588} INFO - Filling up the DagBag from /home/hamin081234/anaconda3/envs/airflow_env/lib/python3.11/site-packages/airflow/example_dags/example_sensor_decorator.py
[2024-11-01T11:57:39.655+0900] {processor.py:925} INFO - DAG(s) 'example_sensor_decorator' retrieved from /home/hamin081234/anaconda3/envs/airflow_env/lib/python3.11/site-packages/airflow/example_dags/example_sensor_decorator.py
[2024-11-01T11:57:39.663+0900] {logging_mixin.py:190} INFO - [2024-11-01T11:57:39.663+0900] {dag.py:3239} INFO - Sync 1 DAGs
[2024-11-01T11:57:39.671+0900] {logging_mixin.py:190} INFO - [2024-11-01T11:57:39.671+0900] {dag.py:4180} INFO - Setting next_dagrun for example_sensor_decorator to None, run_after=None
[2024-11-01T11:57:39.690+0900] {processor.py:208} INFO - Processing /home/hamin081234/anaconda3/envs/airflow_env/lib/python3.11/site-packages/airflow/example_dags/example_sensor_decorator.py took 0.045 seconds
