[2024-11-01T11:49:49.326+0900] {processor.py:186} INFO - Started process (PID=414423) to work on /home/hamin081234/anaconda3/envs/airflow_env/lib/python3.11/site-packages/airflow/example_dags/example_dynamic_task_mapping_with_no_taskflow_operators.py
[2024-11-01T11:49:49.327+0900] {processor.py:914} INFO - Processing file /home/hamin081234/anaconda3/envs/airflow_env/lib/python3.11/site-packages/airflow/example_dags/example_dynamic_task_mapping_with_no_taskflow_operators.py for tasks to queue
[2024-11-01T11:49:49.330+0900] {logging_mixin.py:190} INFO - [2024-11-01T11:49:49.329+0900] {dagbag.py:588} INFO - Filling up the DagBag from /home/hamin081234/anaconda3/envs/airflow_env/lib/python3.11/site-packages/airflow/example_dags/example_dynamic_task_mapping_with_no_taskflow_operators.py
[2024-11-01T11:49:49.342+0900] {processor.py:925} INFO - DAG(s) 'example_dynamic_task_mapping_with_no_taskflow_operators' retrieved from /home/hamin081234/anaconda3/envs/airflow_env/lib/python3.11/site-packages/airflow/example_dags/example_dynamic_task_mapping_with_no_taskflow_operators.py
[2024-11-01T11:49:49.460+0900] {logging_mixin.py:190} INFO - [2024-11-01T11:49:49.459+0900] {override.py:1900} INFO - Created Permission View: can delete on DAG:example_dynamic_task_mapping_with_no_taskflow_operators
[2024-11-01T11:49:49.483+0900] {logging_mixin.py:190} INFO - [2024-11-01T11:49:49.482+0900] {override.py:1900} INFO - Created Permission View: can edit on DAG:example_dynamic_task_mapping_with_no_taskflow_operators
[2024-11-01T11:49:49.498+0900] {logging_mixin.py:190} INFO - [2024-11-01T11:49:49.497+0900] {override.py:1900} INFO - Created Permission View: can read on DAG:example_dynamic_task_mapping_with_no_taskflow_operators
[2024-11-01T11:49:49.524+0900] {logging_mixin.py:190} INFO - [2024-11-01T11:49:49.524+0900] {override.py:1900} INFO - Created Permission View: menu access on DAG Run:example_dynamic_task_mapping_with_no_taskflow_operators
[2024-11-01T11:49:49.535+0900] {logging_mixin.py:190} INFO - [2024-11-01T11:49:49.535+0900] {override.py:1900} INFO - Created Permission View: can delete on DAG Run:example_dynamic_task_mapping_with_no_taskflow_operators
[2024-11-01T11:49:49.551+0900] {logging_mixin.py:190} INFO - [2024-11-01T11:49:49.551+0900] {override.py:1900} INFO - Created Permission View: can create on DAG Run:example_dynamic_task_mapping_with_no_taskflow_operators
[2024-11-01T11:49:49.564+0900] {logging_mixin.py:190} INFO - [2024-11-01T11:49:49.563+0900] {override.py:1900} INFO - Created Permission View: can read on DAG Run:example_dynamic_task_mapping_with_no_taskflow_operators
[2024-11-01T11:49:49.565+0900] {logging_mixin.py:190} INFO - [2024-11-01T11:49:49.564+0900] {dag.py:3239} INFO - Sync 1 DAGs
[2024-11-01T11:49:49.577+0900] {logging_mixin.py:190} INFO - [2024-11-01T11:49:49.577+0900] {dag.py:3262} INFO - Creating ORM DAG for example_dynamic_task_mapping_with_no_taskflow_operators
[2024-11-01T11:49:49.578+0900] {logging_mixin.py:190} INFO - [2024-11-01T11:49:49.578+0900] {dag.py:4180} INFO - Setting next_dagrun for example_dynamic_task_mapping_with_no_taskflow_operators to None, run_after=None
[2024-11-01T11:49:49.602+0900] {processor.py:208} INFO - Processing /home/hamin081234/anaconda3/envs/airflow_env/lib/python3.11/site-packages/airflow/example_dags/example_dynamic_task_mapping_with_no_taskflow_operators.py took 0.287 seconds
[2024-11-01T11:50:45.810+0900] {processor.py:186} INFO - Started process (PID=415848) to work on /home/hamin081234/anaconda3/envs/airflow_env/lib/python3.11/site-packages/airflow/example_dags/example_dynamic_task_mapping_with_no_taskflow_operators.py
[2024-11-01T11:50:45.818+0900] {processor.py:914} INFO - Processing file /home/hamin081234/anaconda3/envs/airflow_env/lib/python3.11/site-packages/airflow/example_dags/example_dynamic_task_mapping_with_no_taskflow_operators.py for tasks to queue
[2024-11-01T11:50:45.820+0900] {logging_mixin.py:190} INFO - [2024-11-01T11:50:45.820+0900] {dagbag.py:588} INFO - Filling up the DagBag from /home/hamin081234/anaconda3/envs/airflow_env/lib/python3.11/site-packages/airflow/example_dags/example_dynamic_task_mapping_with_no_taskflow_operators.py
[2024-11-01T11:50:45.828+0900] {processor.py:925} INFO - DAG(s) 'example_dynamic_task_mapping_with_no_taskflow_operators' retrieved from /home/hamin081234/anaconda3/envs/airflow_env/lib/python3.11/site-packages/airflow/example_dags/example_dynamic_task_mapping_with_no_taskflow_operators.py
[2024-11-01T11:50:45.837+0900] {logging_mixin.py:190} INFO - [2024-11-01T11:50:45.836+0900] {dag.py:3239} INFO - Sync 1 DAGs
[2024-11-01T11:50:45.845+0900] {logging_mixin.py:190} INFO - [2024-11-01T11:50:45.845+0900] {dag.py:4180} INFO - Setting next_dagrun for example_dynamic_task_mapping_with_no_taskflow_operators to None, run_after=None
[2024-11-01T11:50:45.863+0900] {processor.py:208} INFO - Processing /home/hamin081234/anaconda3/envs/airflow_env/lib/python3.11/site-packages/airflow/example_dags/example_dynamic_task_mapping_with_no_taskflow_operators.py took 0.057 seconds
[2024-11-01T11:51:40.247+0900] {processor.py:186} INFO - Started process (PID=416917) to work on /home/hamin081234/anaconda3/envs/airflow_env/lib/python3.11/site-packages/airflow/example_dags/example_dynamic_task_mapping_with_no_taskflow_operators.py
[2024-11-01T11:51:40.248+0900] {processor.py:914} INFO - Processing file /home/hamin081234/anaconda3/envs/airflow_env/lib/python3.11/site-packages/airflow/example_dags/example_dynamic_task_mapping_with_no_taskflow_operators.py for tasks to queue
[2024-11-01T11:51:40.250+0900] {logging_mixin.py:190} INFO - [2024-11-01T11:51:40.250+0900] {dagbag.py:588} INFO - Filling up the DagBag from /home/hamin081234/anaconda3/envs/airflow_env/lib/python3.11/site-packages/airflow/example_dags/example_dynamic_task_mapping_with_no_taskflow_operators.py
[2024-11-01T11:51:40.257+0900] {processor.py:925} INFO - DAG(s) 'example_dynamic_task_mapping_with_no_taskflow_operators' retrieved from /home/hamin081234/anaconda3/envs/airflow_env/lib/python3.11/site-packages/airflow/example_dags/example_dynamic_task_mapping_with_no_taskflow_operators.py
[2024-11-01T11:51:40.268+0900] {logging_mixin.py:190} INFO - [2024-11-01T11:51:40.268+0900] {dag.py:3239} INFO - Sync 1 DAGs
[2024-11-01T11:51:40.277+0900] {logging_mixin.py:190} INFO - [2024-11-01T11:51:40.277+0900] {dag.py:4180} INFO - Setting next_dagrun for example_dynamic_task_mapping_with_no_taskflow_operators to None, run_after=None
[2024-11-01T11:51:40.295+0900] {processor.py:208} INFO - Processing /home/hamin081234/anaconda3/envs/airflow_env/lib/python3.11/site-packages/airflow/example_dags/example_dynamic_task_mapping_with_no_taskflow_operators.py took 0.051 seconds
[2024-11-01T11:52:42.175+0900] {processor.py:186} INFO - Started process (PID=418324) to work on /home/hamin081234/anaconda3/envs/airflow_env/lib/python3.11/site-packages/airflow/example_dags/example_dynamic_task_mapping_with_no_taskflow_operators.py
[2024-11-01T11:52:42.176+0900] {processor.py:914} INFO - Processing file /home/hamin081234/anaconda3/envs/airflow_env/lib/python3.11/site-packages/airflow/example_dags/example_dynamic_task_mapping_with_no_taskflow_operators.py for tasks to queue
[2024-11-01T11:52:42.178+0900] {logging_mixin.py:190} INFO - [2024-11-01T11:52:42.177+0900] {dagbag.py:588} INFO - Filling up the DagBag from /home/hamin081234/anaconda3/envs/airflow_env/lib/python3.11/site-packages/airflow/example_dags/example_dynamic_task_mapping_with_no_taskflow_operators.py
[2024-11-01T11:52:42.183+0900] {processor.py:925} INFO - DAG(s) 'example_dynamic_task_mapping_with_no_taskflow_operators' retrieved from /home/hamin081234/anaconda3/envs/airflow_env/lib/python3.11/site-packages/airflow/example_dags/example_dynamic_task_mapping_with_no_taskflow_operators.py
[2024-11-01T11:52:42.192+0900] {logging_mixin.py:190} INFO - [2024-11-01T11:52:42.192+0900] {dag.py:3239} INFO - Sync 1 DAGs
[2024-11-01T11:52:42.199+0900] {logging_mixin.py:190} INFO - [2024-11-01T11:52:42.199+0900] {dag.py:4180} INFO - Setting next_dagrun for example_dynamic_task_mapping_with_no_taskflow_operators to None, run_after=None
[2024-11-01T11:52:42.216+0900] {processor.py:208} INFO - Processing /home/hamin081234/anaconda3/envs/airflow_env/lib/python3.11/site-packages/airflow/example_dags/example_dynamic_task_mapping_with_no_taskflow_operators.py took 0.044 seconds
[2024-11-01T11:53:56.922+0900] {processor.py:186} INFO - Started process (PID=420096) to work on /home/hamin081234/anaconda3/envs/airflow_env/lib/python3.11/site-packages/airflow/example_dags/example_dynamic_task_mapping_with_no_taskflow_operators.py
[2024-11-01T11:53:56.931+0900] {processor.py:914} INFO - Processing file /home/hamin081234/anaconda3/envs/airflow_env/lib/python3.11/site-packages/airflow/example_dags/example_dynamic_task_mapping_with_no_taskflow_operators.py for tasks to queue
[2024-11-01T11:53:56.932+0900] {logging_mixin.py:190} INFO - [2024-11-01T11:53:56.932+0900] {dagbag.py:588} INFO - Filling up the DagBag from /home/hamin081234/anaconda3/envs/airflow_env/lib/python3.11/site-packages/airflow/example_dags/example_dynamic_task_mapping_with_no_taskflow_operators.py
[2024-11-01T11:53:56.939+0900] {processor.py:925} INFO - DAG(s) 'example_dynamic_task_mapping_with_no_taskflow_operators' retrieved from /home/hamin081234/anaconda3/envs/airflow_env/lib/python3.11/site-packages/airflow/example_dags/example_dynamic_task_mapping_with_no_taskflow_operators.py
[2024-11-01T11:53:56.952+0900] {logging_mixin.py:190} INFO - [2024-11-01T11:53:56.952+0900] {dag.py:3239} INFO - Sync 1 DAGs
[2024-11-01T11:53:56.961+0900] {logging_mixin.py:190} INFO - [2024-11-01T11:53:56.961+0900] {dag.py:4180} INFO - Setting next_dagrun for example_dynamic_task_mapping_with_no_taskflow_operators to None, run_after=None
[2024-11-01T11:53:56.980+0900] {processor.py:208} INFO - Processing /home/hamin081234/anaconda3/envs/airflow_env/lib/python3.11/site-packages/airflow/example_dags/example_dynamic_task_mapping_with_no_taskflow_operators.py took 0.063 seconds
[2024-11-01T11:54:51.130+0900] {processor.py:186} INFO - Started process (PID=421482) to work on /home/hamin081234/anaconda3/envs/airflow_env/lib/python3.11/site-packages/airflow/example_dags/example_dynamic_task_mapping_with_no_taskflow_operators.py
[2024-11-01T11:54:51.139+0900] {processor.py:914} INFO - Processing file /home/hamin081234/anaconda3/envs/airflow_env/lib/python3.11/site-packages/airflow/example_dags/example_dynamic_task_mapping_with_no_taskflow_operators.py for tasks to queue
[2024-11-01T11:54:51.140+0900] {logging_mixin.py:190} INFO - [2024-11-01T11:54:51.140+0900] {dagbag.py:588} INFO - Filling up the DagBag from /home/hamin081234/anaconda3/envs/airflow_env/lib/python3.11/site-packages/airflow/example_dags/example_dynamic_task_mapping_with_no_taskflow_operators.py
[2024-11-01T11:54:51.145+0900] {processor.py:925} INFO - DAG(s) 'example_dynamic_task_mapping_with_no_taskflow_operators' retrieved from /home/hamin081234/anaconda3/envs/airflow_env/lib/python3.11/site-packages/airflow/example_dags/example_dynamic_task_mapping_with_no_taskflow_operators.py
[2024-11-01T11:54:51.153+0900] {logging_mixin.py:190} INFO - [2024-11-01T11:54:51.153+0900] {dag.py:3239} INFO - Sync 1 DAGs
[2024-11-01T11:54:51.160+0900] {logging_mixin.py:190} INFO - [2024-11-01T11:54:51.160+0900] {dag.py:4180} INFO - Setting next_dagrun for example_dynamic_task_mapping_with_no_taskflow_operators to None, run_after=None
[2024-11-01T11:54:51.177+0900] {processor.py:208} INFO - Processing /home/hamin081234/anaconda3/envs/airflow_env/lib/python3.11/site-packages/airflow/example_dags/example_dynamic_task_mapping_with_no_taskflow_operators.py took 0.050 seconds
[2024-11-01T11:55:41.956+0900] {processor.py:186} INFO - Started process (PID=422485) to work on /home/hamin081234/anaconda3/envs/airflow_env/lib/python3.11/site-packages/airflow/example_dags/example_dynamic_task_mapping_with_no_taskflow_operators.py
[2024-11-01T11:55:41.965+0900] {processor.py:914} INFO - Processing file /home/hamin081234/anaconda3/envs/airflow_env/lib/python3.11/site-packages/airflow/example_dags/example_dynamic_task_mapping_with_no_taskflow_operators.py for tasks to queue
[2024-11-01T11:55:41.968+0900] {logging_mixin.py:190} INFO - [2024-11-01T11:55:41.968+0900] {dagbag.py:588} INFO - Filling up the DagBag from /home/hamin081234/anaconda3/envs/airflow_env/lib/python3.11/site-packages/airflow/example_dags/example_dynamic_task_mapping_with_no_taskflow_operators.py
[2024-11-01T11:55:41.977+0900] {processor.py:925} INFO - DAG(s) 'example_dynamic_task_mapping_with_no_taskflow_operators' retrieved from /home/hamin081234/anaconda3/envs/airflow_env/lib/python3.11/site-packages/airflow/example_dags/example_dynamic_task_mapping_with_no_taskflow_operators.py
[2024-11-01T11:55:41.988+0900] {logging_mixin.py:190} INFO - [2024-11-01T11:55:41.988+0900] {dag.py:3239} INFO - Sync 1 DAGs
[2024-11-01T11:55:41.995+0900] {logging_mixin.py:190} INFO - [2024-11-01T11:55:41.995+0900] {dag.py:4180} INFO - Setting next_dagrun for example_dynamic_task_mapping_with_no_taskflow_operators to None, run_after=None
[2024-11-01T11:55:42.015+0900] {processor.py:208} INFO - Processing /home/hamin081234/anaconda3/envs/airflow_env/lib/python3.11/site-packages/airflow/example_dags/example_dynamic_task_mapping_with_no_taskflow_operators.py took 0.065 seconds
[2024-11-01T11:56:57.997+0900] {processor.py:186} INFO - Started process (PID=424246) to work on /home/hamin081234/anaconda3/envs/airflow_env/lib/python3.11/site-packages/airflow/example_dags/example_dynamic_task_mapping_with_no_taskflow_operators.py
[2024-11-01T11:56:58.006+0900] {processor.py:914} INFO - Processing file /home/hamin081234/anaconda3/envs/airflow_env/lib/python3.11/site-packages/airflow/example_dags/example_dynamic_task_mapping_with_no_taskflow_operators.py for tasks to queue
[2024-11-01T11:56:58.008+0900] {logging_mixin.py:190} INFO - [2024-11-01T11:56:58.008+0900] {dagbag.py:588} INFO - Filling up the DagBag from /home/hamin081234/anaconda3/envs/airflow_env/lib/python3.11/site-packages/airflow/example_dags/example_dynamic_task_mapping_with_no_taskflow_operators.py
[2024-11-01T11:56:58.014+0900] {processor.py:925} INFO - DAG(s) 'example_dynamic_task_mapping_with_no_taskflow_operators' retrieved from /home/hamin081234/anaconda3/envs/airflow_env/lib/python3.11/site-packages/airflow/example_dags/example_dynamic_task_mapping_with_no_taskflow_operators.py
[2024-11-01T11:56:58.024+0900] {logging_mixin.py:190} INFO - [2024-11-01T11:56:58.024+0900] {dag.py:3239} INFO - Sync 1 DAGs
[2024-11-01T11:56:58.032+0900] {logging_mixin.py:190} INFO - [2024-11-01T11:56:58.032+0900] {dag.py:4180} INFO - Setting next_dagrun for example_dynamic_task_mapping_with_no_taskflow_operators to None, run_after=None
[2024-11-01T11:56:58.050+0900] {processor.py:208} INFO - Processing /home/hamin081234/anaconda3/envs/airflow_env/lib/python3.11/site-packages/airflow/example_dags/example_dynamic_task_mapping_with_no_taskflow_operators.py took 0.057 seconds
