[2024-11-01T11:49:52.278+0900] {processor.py:186} INFO - Started process (PID=414487) to work on /home/hamin081234/anaconda3/envs/airflow_env/lib/python3.11/site-packages/airflow/example_dags/example_branch_labels.py
[2024-11-01T11:49:52.278+0900] {processor.py:914} INFO - Processing file /home/hamin081234/anaconda3/envs/airflow_env/lib/python3.11/site-packages/airflow/example_dags/example_branch_labels.py for tasks to queue
[2024-11-01T11:49:52.280+0900] {logging_mixin.py:190} INFO - [2024-11-01T11:49:52.280+0900] {dagbag.py:588} INFO - Filling up the DagBag from /home/hamin081234/anaconda3/envs/airflow_env/lib/python3.11/site-packages/airflow/example_dags/example_branch_labels.py
[2024-11-01T11:49:52.286+0900] {processor.py:925} INFO - DAG(s) 'example_branch_labels' retrieved from /home/hamin081234/anaconda3/envs/airflow_env/lib/python3.11/site-packages/airflow/example_dags/example_branch_labels.py
[2024-11-01T11:49:52.366+0900] {logging_mixin.py:190} INFO - [2024-11-01T11:49:52.366+0900] {override.py:1900} INFO - Created Permission View: can delete on DAG:example_branch_labels
[2024-11-01T11:49:52.378+0900] {logging_mixin.py:190} INFO - [2024-11-01T11:49:52.378+0900] {override.py:1900} INFO - Created Permission View: can edit on DAG:example_branch_labels
[2024-11-01T11:49:52.388+0900] {logging_mixin.py:190} INFO - [2024-11-01T11:49:52.388+0900] {override.py:1900} INFO - Created Permission View: can read on DAG:example_branch_labels
[2024-11-01T11:49:52.408+0900] {logging_mixin.py:190} INFO - [2024-11-01T11:49:52.408+0900] {override.py:1900} INFO - Created Permission View: menu access on DAG Run:example_branch_labels
[2024-11-01T11:49:52.418+0900] {logging_mixin.py:190} INFO - [2024-11-01T11:49:52.418+0900] {override.py:1900} INFO - Created Permission View: can delete on DAG Run:example_branch_labels
[2024-11-01T11:49:52.428+0900] {logging_mixin.py:190} INFO - [2024-11-01T11:49:52.428+0900] {override.py:1900} INFO - Created Permission View: can create on DAG Run:example_branch_labels
[2024-11-01T11:49:52.438+0900] {logging_mixin.py:190} INFO - [2024-11-01T11:49:52.438+0900] {override.py:1900} INFO - Created Permission View: can read on DAG Run:example_branch_labels
[2024-11-01T11:49:52.438+0900] {logging_mixin.py:190} INFO - [2024-11-01T11:49:52.438+0900] {dag.py:3239} INFO - Sync 1 DAGs
[2024-11-01T11:49:52.445+0900] {logging_mixin.py:190} INFO - [2024-11-01T11:49:52.444+0900] {dag.py:3262} INFO - Creating ORM DAG for example_branch_labels
[2024-11-01T11:49:52.449+0900] {logging_mixin.py:190} INFO - [2024-11-01T11:49:52.449+0900] {dag.py:4180} INFO - Setting next_dagrun for example_branch_labels to 2024-10-31 00:00:00+00:00, run_after=2024-11-01 00:00:00+00:00
[2024-11-01T11:49:52.465+0900] {processor.py:208} INFO - Processing /home/hamin081234/anaconda3/envs/airflow_env/lib/python3.11/site-packages/airflow/example_dags/example_branch_labels.py took 0.191 seconds
[2024-11-01T11:50:48.846+0900] {processor.py:186} INFO - Started process (PID=415885) to work on /home/hamin081234/anaconda3/envs/airflow_env/lib/python3.11/site-packages/airflow/example_dags/example_branch_labels.py
[2024-11-01T11:50:48.855+0900] {processor.py:914} INFO - Processing file /home/hamin081234/anaconda3/envs/airflow_env/lib/python3.11/site-packages/airflow/example_dags/example_branch_labels.py for tasks to queue
[2024-11-01T11:50:48.857+0900] {logging_mixin.py:190} INFO - [2024-11-01T11:50:48.857+0900] {dagbag.py:588} INFO - Filling up the DagBag from /home/hamin081234/anaconda3/envs/airflow_env/lib/python3.11/site-packages/airflow/example_dags/example_branch_labels.py
[2024-11-01T11:50:48.865+0900] {processor.py:925} INFO - DAG(s) 'example_branch_labels' retrieved from /home/hamin081234/anaconda3/envs/airflow_env/lib/python3.11/site-packages/airflow/example_dags/example_branch_labels.py
[2024-11-01T11:50:48.877+0900] {logging_mixin.py:190} INFO - [2024-11-01T11:50:48.877+0900] {dag.py:3239} INFO - Sync 1 DAGs
[2024-11-01T11:50:48.894+0900] {logging_mixin.py:190} INFO - [2024-11-01T11:50:48.893+0900] {dag.py:4180} INFO - Setting next_dagrun for example_branch_labels to 2024-10-31 00:00:00+00:00, run_after=2024-11-01 00:00:00+00:00
[2024-11-01T11:50:48.913+0900] {processor.py:208} INFO - Processing /home/hamin081234/anaconda3/envs/airflow_env/lib/python3.11/site-packages/airflow/example_dags/example_branch_labels.py took 0.071 seconds
[2024-11-01T11:51:43.179+0900] {processor.py:186} INFO - Started process (PID=416936) to work on /home/hamin081234/anaconda3/envs/airflow_env/lib/python3.11/site-packages/airflow/example_dags/example_branch_labels.py
[2024-11-01T11:51:43.180+0900] {processor.py:914} INFO - Processing file /home/hamin081234/anaconda3/envs/airflow_env/lib/python3.11/site-packages/airflow/example_dags/example_branch_labels.py for tasks to queue
[2024-11-01T11:51:43.182+0900] {logging_mixin.py:190} INFO - [2024-11-01T11:51:43.182+0900] {dagbag.py:588} INFO - Filling up the DagBag from /home/hamin081234/anaconda3/envs/airflow_env/lib/python3.11/site-packages/airflow/example_dags/example_branch_labels.py
[2024-11-01T11:51:43.188+0900] {processor.py:925} INFO - DAG(s) 'example_branch_labels' retrieved from /home/hamin081234/anaconda3/envs/airflow_env/lib/python3.11/site-packages/airflow/example_dags/example_branch_labels.py
[2024-11-01T11:51:43.199+0900] {logging_mixin.py:190} INFO - [2024-11-01T11:51:43.199+0900] {dag.py:3239} INFO - Sync 1 DAGs
[2024-11-01T11:51:43.212+0900] {logging_mixin.py:190} INFO - [2024-11-01T11:51:43.212+0900] {dag.py:4180} INFO - Setting next_dagrun for example_branch_labels to 2024-10-31 00:00:00+00:00, run_after=2024-11-01 00:00:00+00:00
[2024-11-01T11:51:43.231+0900] {processor.py:208} INFO - Processing /home/hamin081234/anaconda3/envs/airflow_env/lib/python3.11/site-packages/airflow/example_dags/example_branch_labels.py took 0.056 seconds
[2024-11-01T11:52:43.937+0900] {processor.py:186} INFO - Started process (PID=418356) to work on /home/hamin081234/anaconda3/envs/airflow_env/lib/python3.11/site-packages/airflow/example_dags/example_branch_labels.py
[2024-11-01T11:52:43.938+0900] {processor.py:914} INFO - Processing file /home/hamin081234/anaconda3/envs/airflow_env/lib/python3.11/site-packages/airflow/example_dags/example_branch_labels.py for tasks to queue
[2024-11-01T11:52:43.941+0900] {logging_mixin.py:190} INFO - [2024-11-01T11:52:43.940+0900] {dagbag.py:588} INFO - Filling up the DagBag from /home/hamin081234/anaconda3/envs/airflow_env/lib/python3.11/site-packages/airflow/example_dags/example_branch_labels.py
[2024-11-01T11:52:43.947+0900] {processor.py:925} INFO - DAG(s) 'example_branch_labels' retrieved from /home/hamin081234/anaconda3/envs/airflow_env/lib/python3.11/site-packages/airflow/example_dags/example_branch_labels.py
[2024-11-01T11:52:43.959+0900] {logging_mixin.py:190} INFO - [2024-11-01T11:52:43.959+0900] {dag.py:3239} INFO - Sync 1 DAGs
[2024-11-01T11:52:43.973+0900] {logging_mixin.py:190} INFO - [2024-11-01T11:52:43.973+0900] {dag.py:4180} INFO - Setting next_dagrun for example_branch_labels to 2024-10-31 00:00:00+00:00, run_after=2024-11-01 00:00:00+00:00
[2024-11-01T11:52:43.992+0900] {processor.py:208} INFO - Processing /home/hamin081234/anaconda3/envs/airflow_env/lib/python3.11/site-packages/airflow/example_dags/example_branch_labels.py took 0.059 seconds
[2024-11-01T11:53:58.930+0900] {processor.py:186} INFO - Started process (PID=420131) to work on /home/hamin081234/anaconda3/envs/airflow_env/lib/python3.11/site-packages/airflow/example_dags/example_branch_labels.py
[2024-11-01T11:53:58.931+0900] {processor.py:914} INFO - Processing file /home/hamin081234/anaconda3/envs/airflow_env/lib/python3.11/site-packages/airflow/example_dags/example_branch_labels.py for tasks to queue
[2024-11-01T11:53:58.933+0900] {logging_mixin.py:190} INFO - [2024-11-01T11:53:58.933+0900] {dagbag.py:588} INFO - Filling up the DagBag from /home/hamin081234/anaconda3/envs/airflow_env/lib/python3.11/site-packages/airflow/example_dags/example_branch_labels.py
[2024-11-01T11:53:58.942+0900] {processor.py:925} INFO - DAG(s) 'example_branch_labels' retrieved from /home/hamin081234/anaconda3/envs/airflow_env/lib/python3.11/site-packages/airflow/example_dags/example_branch_labels.py
[2024-11-01T11:53:58.954+0900] {logging_mixin.py:190} INFO - [2024-11-01T11:53:58.954+0900] {dag.py:3239} INFO - Sync 1 DAGs
[2024-11-01T11:53:58.968+0900] {logging_mixin.py:190} INFO - [2024-11-01T11:53:58.968+0900] {dag.py:4180} INFO - Setting next_dagrun for example_branch_labels to 2024-10-31 00:00:00+00:00, run_after=2024-11-01 00:00:00+00:00
[2024-11-01T11:53:58.988+0900] {processor.py:208} INFO - Processing /home/hamin081234/anaconda3/envs/airflow_env/lib/python3.11/site-packages/airflow/example_dags/example_branch_labels.py took 0.064 seconds
[2024-11-01T11:54:54.164+0900] {processor.py:186} INFO - Started process (PID=421521) to work on /home/hamin081234/anaconda3/envs/airflow_env/lib/python3.11/site-packages/airflow/example_dags/example_branch_labels.py
[2024-11-01T11:54:54.173+0900] {processor.py:914} INFO - Processing file /home/hamin081234/anaconda3/envs/airflow_env/lib/python3.11/site-packages/airflow/example_dags/example_branch_labels.py for tasks to queue
[2024-11-01T11:54:54.174+0900] {logging_mixin.py:190} INFO - [2024-11-01T11:54:54.174+0900] {dagbag.py:588} INFO - Filling up the DagBag from /home/hamin081234/anaconda3/envs/airflow_env/lib/python3.11/site-packages/airflow/example_dags/example_branch_labels.py
[2024-11-01T11:54:54.182+0900] {processor.py:925} INFO - DAG(s) 'example_branch_labels' retrieved from /home/hamin081234/anaconda3/envs/airflow_env/lib/python3.11/site-packages/airflow/example_dags/example_branch_labels.py
[2024-11-01T11:54:54.191+0900] {logging_mixin.py:190} INFO - [2024-11-01T11:54:54.191+0900] {dag.py:3239} INFO - Sync 1 DAGs
[2024-11-01T11:54:54.202+0900] {logging_mixin.py:190} INFO - [2024-11-01T11:54:54.202+0900] {dag.py:4180} INFO - Setting next_dagrun for example_branch_labels to 2024-10-31 00:00:00+00:00, run_after=2024-11-01 00:00:00+00:00
[2024-11-01T11:54:54.219+0900] {processor.py:208} INFO - Processing /home/hamin081234/anaconda3/envs/airflow_env/lib/python3.11/site-packages/airflow/example_dags/example_branch_labels.py took 0.061 seconds
[2024-11-01T11:56:09.422+0900] {processor.py:186} INFO - Started process (PID=423296) to work on /home/hamin081234/anaconda3/envs/airflow_env/lib/python3.11/site-packages/airflow/example_dags/example_branch_labels.py
[2024-11-01T11:56:09.423+0900] {processor.py:914} INFO - Processing file /home/hamin081234/anaconda3/envs/airflow_env/lib/python3.11/site-packages/airflow/example_dags/example_branch_labels.py for tasks to queue
[2024-11-01T11:56:09.425+0900] {logging_mixin.py:190} INFO - [2024-11-01T11:56:09.425+0900] {dagbag.py:588} INFO - Filling up the DagBag from /home/hamin081234/anaconda3/envs/airflow_env/lib/python3.11/site-packages/airflow/example_dags/example_branch_labels.py
[2024-11-01T11:56:09.431+0900] {processor.py:925} INFO - DAG(s) 'example_branch_labels' retrieved from /home/hamin081234/anaconda3/envs/airflow_env/lib/python3.11/site-packages/airflow/example_dags/example_branch_labels.py
[2024-11-01T11:56:09.440+0900] {logging_mixin.py:190} INFO - [2024-11-01T11:56:09.440+0900] {dag.py:3239} INFO - Sync 1 DAGs
[2024-11-01T11:56:09.451+0900] {logging_mixin.py:190} INFO - [2024-11-01T11:56:09.451+0900] {dag.py:4180} INFO - Setting next_dagrun for example_branch_labels to 2024-10-31 00:00:00+00:00, run_after=2024-11-01 00:00:00+00:00
[2024-11-01T11:56:09.468+0900] {processor.py:208} INFO - Processing /home/hamin081234/anaconda3/envs/airflow_env/lib/python3.11/site-packages/airflow/example_dags/example_branch_labels.py took 0.049 seconds
[2024-11-01T11:57:25.276+0900] {processor.py:186} INFO - Started process (PID=425042) to work on /home/hamin081234/anaconda3/envs/airflow_env/lib/python3.11/site-packages/airflow/example_dags/example_branch_labels.py
[2024-11-01T11:57:25.277+0900] {processor.py:914} INFO - Processing file /home/hamin081234/anaconda3/envs/airflow_env/lib/python3.11/site-packages/airflow/example_dags/example_branch_labels.py for tasks to queue
[2024-11-01T11:57:25.278+0900] {logging_mixin.py:190} INFO - [2024-11-01T11:57:25.278+0900] {dagbag.py:588} INFO - Filling up the DagBag from /home/hamin081234/anaconda3/envs/airflow_env/lib/python3.11/site-packages/airflow/example_dags/example_branch_labels.py
[2024-11-01T11:57:25.286+0900] {processor.py:925} INFO - DAG(s) 'example_branch_labels' retrieved from /home/hamin081234/anaconda3/envs/airflow_env/lib/python3.11/site-packages/airflow/example_dags/example_branch_labels.py
[2024-11-01T11:57:25.299+0900] {logging_mixin.py:190} INFO - [2024-11-01T11:57:25.299+0900] {dag.py:3239} INFO - Sync 1 DAGs
[2024-11-01T11:57:25.315+0900] {logging_mixin.py:190} INFO - [2024-11-01T11:57:25.315+0900] {dag.py:4180} INFO - Setting next_dagrun for example_branch_labels to 2024-10-31 00:00:00+00:00, run_after=2024-11-01 00:00:00+00:00
[2024-11-01T11:57:25.333+0900] {processor.py:208} INFO - Processing /home/hamin081234/anaconda3/envs/airflow_env/lib/python3.11/site-packages/airflow/example_dags/example_branch_labels.py took 0.063 seconds
