[2024-11-01T11:49:32.371+0900] {processor.py:186} INFO - Started process (PID=414125) to work on /home/hamin081234/anaconda3/envs/airflow_env/lib/python3.11/site-packages/airflow/example_dags/example_branch_python_dop_operator_3.py
[2024-11-01T11:49:32.371+0900] {processor.py:914} INFO - Processing file /home/hamin081234/anaconda3/envs/airflow_env/lib/python3.11/site-packages/airflow/example_dags/example_branch_python_dop_operator_3.py for tasks to queue
[2024-11-01T11:49:32.372+0900] {logging_mixin.py:190} INFO - [2024-11-01T11:49:32.372+0900] {dagbag.py:588} INFO - Filling up the DagBag from /home/hamin081234/anaconda3/envs/airflow_env/lib/python3.11/site-packages/airflow/example_dags/example_branch_python_dop_operator_3.py
[2024-11-01T11:49:32.379+0900] {processor.py:925} INFO - DAG(s) 'example_branch_dop_operator_v3' retrieved from /home/hamin081234/anaconda3/envs/airflow_env/lib/python3.11/site-packages/airflow/example_dags/example_branch_python_dop_operator_3.py
[2024-11-01T11:49:32.448+0900] {logging_mixin.py:190} INFO - [2024-11-01T11:49:32.447+0900] {override.py:1900} INFO - Created Permission View: can delete on DAG:example_branch_dop_operator_v3
[2024-11-01T11:49:32.461+0900] {logging_mixin.py:190} INFO - [2024-11-01T11:49:32.461+0900] {override.py:1900} INFO - Created Permission View: can edit on DAG:example_branch_dop_operator_v3
[2024-11-01T11:49:32.471+0900] {logging_mixin.py:190} INFO - [2024-11-01T11:49:32.471+0900] {override.py:1900} INFO - Created Permission View: can read on DAG:example_branch_dop_operator_v3
[2024-11-01T11:49:32.491+0900] {logging_mixin.py:190} INFO - [2024-11-01T11:49:32.491+0900] {override.py:1900} INFO - Created Permission View: menu access on DAG Run:example_branch_dop_operator_v3
[2024-11-01T11:49:32.501+0900] {logging_mixin.py:190} INFO - [2024-11-01T11:49:32.501+0900] {override.py:1900} INFO - Created Permission View: can delete on DAG Run:example_branch_dop_operator_v3
[2024-11-01T11:49:32.511+0900] {logging_mixin.py:190} INFO - [2024-11-01T11:49:32.511+0900] {override.py:1900} INFO - Created Permission View: can create on DAG Run:example_branch_dop_operator_v3
[2024-11-01T11:49:32.521+0900] {logging_mixin.py:190} INFO - [2024-11-01T11:49:32.521+0900] {override.py:1900} INFO - Created Permission View: can read on DAG Run:example_branch_dop_operator_v3
[2024-11-01T11:49:32.521+0900] {logging_mixin.py:190} INFO - [2024-11-01T11:49:32.521+0900] {dag.py:3239} INFO - Sync 1 DAGs
[2024-11-01T11:49:32.527+0900] {logging_mixin.py:190} INFO - [2024-11-01T11:49:32.527+0900] {dag.py:3262} INFO - Creating ORM DAG for example_branch_dop_operator_v3
[2024-11-01T11:49:32.533+0900] {logging_mixin.py:190} INFO - [2024-11-01T11:49:32.533+0900] {dag.py:4180} INFO - Setting next_dagrun for example_branch_dop_operator_v3 to 2024-11-01 02:48:00+00:00, run_after=2024-11-01 02:49:00+00:00
[2024-11-01T11:49:32.551+0900] {processor.py:208} INFO - Processing /home/hamin081234/anaconda3/envs/airflow_env/lib/python3.11/site-packages/airflow/example_dags/example_branch_python_dop_operator_3.py took 0.184 seconds
[2024-11-01T11:50:30.032+0900] {processor.py:186} INFO - Started process (PID=415488) to work on /home/hamin081234/anaconda3/envs/airflow_env/lib/python3.11/site-packages/airflow/example_dags/example_branch_python_dop_operator_3.py
[2024-11-01T11:50:30.033+0900] {processor.py:914} INFO - Processing file /home/hamin081234/anaconda3/envs/airflow_env/lib/python3.11/site-packages/airflow/example_dags/example_branch_python_dop_operator_3.py for tasks to queue
[2024-11-01T11:50:30.035+0900] {logging_mixin.py:190} INFO - [2024-11-01T11:50:30.035+0900] {dagbag.py:588} INFO - Filling up the DagBag from /home/hamin081234/anaconda3/envs/airflow_env/lib/python3.11/site-packages/airflow/example_dags/example_branch_python_dop_operator_3.py
[2024-11-01T11:50:30.046+0900] {processor.py:925} INFO - DAG(s) 'example_branch_dop_operator_v3' retrieved from /home/hamin081234/anaconda3/envs/airflow_env/lib/python3.11/site-packages/airflow/example_dags/example_branch_python_dop_operator_3.py
[2024-11-01T11:50:30.057+0900] {logging_mixin.py:190} INFO - [2024-11-01T11:50:30.057+0900] {dag.py:3239} INFO - Sync 1 DAGs
[2024-11-01T11:50:30.071+0900] {logging_mixin.py:190} INFO - [2024-11-01T11:50:30.071+0900] {dag.py:4180} INFO - Setting next_dagrun for example_branch_dop_operator_v3 to 2024-11-01 02:49:00+00:00, run_after=2024-11-01 02:50:00+00:00
[2024-11-01T11:50:30.089+0900] {processor.py:208} INFO - Processing /home/hamin081234/anaconda3/envs/airflow_env/lib/python3.11/site-packages/airflow/example_dags/example_branch_python_dop_operator_3.py took 0.061 seconds
[2024-11-01T11:51:24.825+0900] {processor.py:186} INFO - Started process (PID=416527) to work on /home/hamin081234/anaconda3/envs/airflow_env/lib/python3.11/site-packages/airflow/example_dags/example_branch_python_dop_operator_3.py
[2024-11-01T11:51:24.826+0900] {processor.py:914} INFO - Processing file /home/hamin081234/anaconda3/envs/airflow_env/lib/python3.11/site-packages/airflow/example_dags/example_branch_python_dop_operator_3.py for tasks to queue
[2024-11-01T11:51:24.828+0900] {logging_mixin.py:190} INFO - [2024-11-01T11:51:24.827+0900] {dagbag.py:588} INFO - Filling up the DagBag from /home/hamin081234/anaconda3/envs/airflow_env/lib/python3.11/site-packages/airflow/example_dags/example_branch_python_dop_operator_3.py
[2024-11-01T11:51:24.834+0900] {processor.py:925} INFO - DAG(s) 'example_branch_dop_operator_v3' retrieved from /home/hamin081234/anaconda3/envs/airflow_env/lib/python3.11/site-packages/airflow/example_dags/example_branch_python_dop_operator_3.py
[2024-11-01T11:51:24.843+0900] {logging_mixin.py:190} INFO - [2024-11-01T11:51:24.843+0900] {dag.py:3239} INFO - Sync 1 DAGs
[2024-11-01T11:51:24.855+0900] {logging_mixin.py:190} INFO - [2024-11-01T11:51:24.855+0900] {dag.py:4180} INFO - Setting next_dagrun for example_branch_dop_operator_v3 to 2024-11-01 02:50:00+00:00, run_after=2024-11-01 02:51:00+00:00
[2024-11-01T11:51:24.872+0900] {processor.py:208} INFO - Processing /home/hamin081234/anaconda3/envs/airflow_env/lib/python3.11/site-packages/airflow/example_dags/example_branch_python_dop_operator_3.py took 0.051 seconds
[2024-11-01T11:52:26.870+0900] {processor.py:186} INFO - Started process (PID=418106) to work on /home/hamin081234/anaconda3/envs/airflow_env/lib/python3.11/site-packages/airflow/example_dags/example_branch_python_dop_operator_3.py
[2024-11-01T11:52:26.878+0900] {processor.py:914} INFO - Processing file /home/hamin081234/anaconda3/envs/airflow_env/lib/python3.11/site-packages/airflow/example_dags/example_branch_python_dop_operator_3.py for tasks to queue
[2024-11-01T11:52:26.880+0900] {logging_mixin.py:190} INFO - [2024-11-01T11:52:26.880+0900] {dagbag.py:588} INFO - Filling up the DagBag from /home/hamin081234/anaconda3/envs/airflow_env/lib/python3.11/site-packages/airflow/example_dags/example_branch_python_dop_operator_3.py
[2024-11-01T11:52:26.887+0900] {processor.py:925} INFO - DAG(s) 'example_branch_dop_operator_v3' retrieved from /home/hamin081234/anaconda3/envs/airflow_env/lib/python3.11/site-packages/airflow/example_dags/example_branch_python_dop_operator_3.py
[2024-11-01T11:52:26.897+0900] {logging_mixin.py:190} INFO - [2024-11-01T11:52:26.896+0900] {dag.py:3239} INFO - Sync 1 DAGs
[2024-11-01T11:52:26.910+0900] {logging_mixin.py:190} INFO - [2024-11-01T11:52:26.909+0900] {dag.py:4180} INFO - Setting next_dagrun for example_branch_dop_operator_v3 to 2024-11-01 02:51:00+00:00, run_after=2024-11-01 02:52:00+00:00
[2024-11-01T11:52:26.927+0900] {processor.py:208} INFO - Processing /home/hamin081234/anaconda3/envs/airflow_env/lib/python3.11/site-packages/airflow/example_dags/example_branch_python_dop_operator_3.py took 0.061 seconds
[2024-11-01T11:53:21.061+0900] {processor.py:186} INFO - Started process (PID=419412) to work on /home/hamin081234/anaconda3/envs/airflow_env/lib/python3.11/site-packages/airflow/example_dags/example_branch_python_dop_operator_3.py
[2024-11-01T11:53:21.069+0900] {processor.py:914} INFO - Processing file /home/hamin081234/anaconda3/envs/airflow_env/lib/python3.11/site-packages/airflow/example_dags/example_branch_python_dop_operator_3.py for tasks to queue
[2024-11-01T11:53:21.071+0900] {logging_mixin.py:190} INFO - [2024-11-01T11:53:21.070+0900] {dagbag.py:588} INFO - Filling up the DagBag from /home/hamin081234/anaconda3/envs/airflow_env/lib/python3.11/site-packages/airflow/example_dags/example_branch_python_dop_operator_3.py
[2024-11-01T11:53:21.078+0900] {processor.py:925} INFO - DAG(s) 'example_branch_dop_operator_v3' retrieved from /home/hamin081234/anaconda3/envs/airflow_env/lib/python3.11/site-packages/airflow/example_dags/example_branch_python_dop_operator_3.py
[2024-11-01T11:53:21.087+0900] {logging_mixin.py:190} INFO - [2024-11-01T11:53:21.087+0900] {dag.py:3239} INFO - Sync 1 DAGs
[2024-11-01T11:53:21.099+0900] {logging_mixin.py:190} INFO - [2024-11-01T11:53:21.099+0900] {dag.py:4180} INFO - Setting next_dagrun for example_branch_dop_operator_v3 to 2024-11-01 02:52:00+00:00, run_after=2024-11-01 02:53:00+00:00
[2024-11-01T11:53:21.118+0900] {processor.py:208} INFO - Processing /home/hamin081234/anaconda3/envs/airflow_env/lib/python3.11/site-packages/airflow/example_dags/example_branch_python_dop_operator_3.py took 0.060 seconds
[2024-11-01T11:54:12.346+0900] {processor.py:186} INFO - Started process (PID=420478) to work on /home/hamin081234/anaconda3/envs/airflow_env/lib/python3.11/site-packages/airflow/example_dags/example_branch_python_dop_operator_3.py
[2024-11-01T11:54:12.355+0900] {processor.py:914} INFO - Processing file /home/hamin081234/anaconda3/envs/airflow_env/lib/python3.11/site-packages/airflow/example_dags/example_branch_python_dop_operator_3.py for tasks to queue
[2024-11-01T11:54:12.356+0900] {logging_mixin.py:190} INFO - [2024-11-01T11:54:12.356+0900] {dagbag.py:588} INFO - Filling up the DagBag from /home/hamin081234/anaconda3/envs/airflow_env/lib/python3.11/site-packages/airflow/example_dags/example_branch_python_dop_operator_3.py
[2024-11-01T11:54:12.362+0900] {processor.py:925} INFO - DAG(s) 'example_branch_dop_operator_v3' retrieved from /home/hamin081234/anaconda3/envs/airflow_env/lib/python3.11/site-packages/airflow/example_dags/example_branch_python_dop_operator_3.py
[2024-11-01T11:54:12.371+0900] {logging_mixin.py:190} INFO - [2024-11-01T11:54:12.371+0900] {dag.py:3239} INFO - Sync 1 DAGs
[2024-11-01T11:54:12.384+0900] {logging_mixin.py:190} INFO - [2024-11-01T11:54:12.384+0900] {dag.py:4180} INFO - Setting next_dagrun for example_branch_dop_operator_v3 to 2024-11-01 02:53:00+00:00, run_after=2024-11-01 02:54:00+00:00
[2024-11-01T11:54:12.401+0900] {processor.py:208} INFO - Processing /home/hamin081234/anaconda3/envs/airflow_env/lib/python3.11/site-packages/airflow/example_dags/example_branch_python_dop_operator_3.py took 0.058 seconds
[2024-11-01T11:55:04.292+0900] {processor.py:186} INFO - Started process (PID=421700) to work on /home/hamin081234/anaconda3/envs/airflow_env/lib/python3.11/site-packages/airflow/example_dags/example_branch_python_dop_operator_3.py
[2024-11-01T11:55:04.301+0900] {processor.py:914} INFO - Processing file /home/hamin081234/anaconda3/envs/airflow_env/lib/python3.11/site-packages/airflow/example_dags/example_branch_python_dop_operator_3.py for tasks to queue
[2024-11-01T11:55:04.302+0900] {logging_mixin.py:190} INFO - [2024-11-01T11:55:04.302+0900] {dagbag.py:588} INFO - Filling up the DagBag from /home/hamin081234/anaconda3/envs/airflow_env/lib/python3.11/site-packages/airflow/example_dags/example_branch_python_dop_operator_3.py
[2024-11-01T11:55:04.309+0900] {processor.py:925} INFO - DAG(s) 'example_branch_dop_operator_v3' retrieved from /home/hamin081234/anaconda3/envs/airflow_env/lib/python3.11/site-packages/airflow/example_dags/example_branch_python_dop_operator_3.py
[2024-11-01T11:55:04.317+0900] {logging_mixin.py:190} INFO - [2024-11-01T11:55:04.317+0900] {dag.py:3239} INFO - Sync 1 DAGs
[2024-11-01T11:55:04.330+0900] {logging_mixin.py:190} INFO - [2024-11-01T11:55:04.329+0900] {dag.py:4180} INFO - Setting next_dagrun for example_branch_dop_operator_v3 to 2024-11-01 02:54:00+00:00, run_after=2024-11-01 02:55:00+00:00
[2024-11-01T11:55:04.347+0900] {processor.py:208} INFO - Processing /home/hamin081234/anaconda3/envs/airflow_env/lib/python3.11/site-packages/airflow/example_dags/example_branch_python_dop_operator_3.py took 0.058 seconds
[2024-11-01T11:55:54.956+0900] {processor.py:186} INFO - Started process (PID=422965) to work on /home/hamin081234/anaconda3/envs/airflow_env/lib/python3.11/site-packages/airflow/example_dags/example_branch_python_dop_operator_3.py
[2024-11-01T11:55:54.964+0900] {processor.py:914} INFO - Processing file /home/hamin081234/anaconda3/envs/airflow_env/lib/python3.11/site-packages/airflow/example_dags/example_branch_python_dop_operator_3.py for tasks to queue
[2024-11-01T11:55:54.967+0900] {logging_mixin.py:190} INFO - [2024-11-01T11:55:54.967+0900] {dagbag.py:588} INFO - Filling up the DagBag from /home/hamin081234/anaconda3/envs/airflow_env/lib/python3.11/site-packages/airflow/example_dags/example_branch_python_dop_operator_3.py
[2024-11-01T11:55:54.978+0900] {processor.py:925} INFO - DAG(s) 'example_branch_dop_operator_v3' retrieved from /home/hamin081234/anaconda3/envs/airflow_env/lib/python3.11/site-packages/airflow/example_dags/example_branch_python_dop_operator_3.py
[2024-11-01T11:55:54.987+0900] {logging_mixin.py:190} INFO - [2024-11-01T11:55:54.987+0900] {dag.py:3239} INFO - Sync 1 DAGs
[2024-11-01T11:55:54.999+0900] {logging_mixin.py:190} INFO - [2024-11-01T11:55:54.999+0900] {dag.py:4180} INFO - Setting next_dagrun for example_branch_dop_operator_v3 to 2024-11-01 02:54:00+00:00, run_after=2024-11-01 02:55:00+00:00
[2024-11-01T11:55:55.016+0900] {processor.py:208} INFO - Processing /home/hamin081234/anaconda3/envs/airflow_env/lib/python3.11/site-packages/airflow/example_dags/example_branch_python_dop_operator_3.py took 0.065 seconds
[2024-11-01T11:56:46.733+0900] {processor.py:186} INFO - Started process (PID=424044) to work on /home/hamin081234/anaconda3/envs/airflow_env/lib/python3.11/site-packages/airflow/example_dags/example_branch_python_dop_operator_3.py
[2024-11-01T11:56:46.735+0900] {processor.py:914} INFO - Processing file /home/hamin081234/anaconda3/envs/airflow_env/lib/python3.11/site-packages/airflow/example_dags/example_branch_python_dop_operator_3.py for tasks to queue
[2024-11-01T11:56:46.736+0900] {logging_mixin.py:190} INFO - [2024-11-01T11:56:46.736+0900] {dagbag.py:588} INFO - Filling up the DagBag from /home/hamin081234/anaconda3/envs/airflow_env/lib/python3.11/site-packages/airflow/example_dags/example_branch_python_dop_operator_3.py
[2024-11-01T11:56:46.743+0900] {processor.py:925} INFO - DAG(s) 'example_branch_dop_operator_v3' retrieved from /home/hamin081234/anaconda3/envs/airflow_env/lib/python3.11/site-packages/airflow/example_dags/example_branch_python_dop_operator_3.py
[2024-11-01T11:56:46.752+0900] {logging_mixin.py:190} INFO - [2024-11-01T11:56:46.752+0900] {dag.py:3239} INFO - Sync 1 DAGs
[2024-11-01T11:56:46.764+0900] {logging_mixin.py:190} INFO - [2024-11-01T11:56:46.764+0900] {dag.py:4180} INFO - Setting next_dagrun for example_branch_dop_operator_v3 to 2024-11-01 02:55:00+00:00, run_after=2024-11-01 02:56:00+00:00
[2024-11-01T11:56:46.782+0900] {processor.py:208} INFO - Processing /home/hamin081234/anaconda3/envs/airflow_env/lib/python3.11/site-packages/airflow/example_dags/example_branch_python_dop_operator_3.py took 0.052 seconds
[2024-11-01T11:57:35.571+0900] {processor.py:186} INFO - Started process (PID=425241) to work on /home/hamin081234/anaconda3/envs/airflow_env/lib/python3.11/site-packages/airflow/example_dags/example_branch_python_dop_operator_3.py
[2024-11-01T11:57:35.579+0900] {processor.py:914} INFO - Processing file /home/hamin081234/anaconda3/envs/airflow_env/lib/python3.11/site-packages/airflow/example_dags/example_branch_python_dop_operator_3.py for tasks to queue
[2024-11-01T11:57:35.581+0900] {logging_mixin.py:190} INFO - [2024-11-01T11:57:35.580+0900] {dagbag.py:588} INFO - Filling up the DagBag from /home/hamin081234/anaconda3/envs/airflow_env/lib/python3.11/site-packages/airflow/example_dags/example_branch_python_dop_operator_3.py
[2024-11-01T11:57:35.588+0900] {processor.py:925} INFO - DAG(s) 'example_branch_dop_operator_v3' retrieved from /home/hamin081234/anaconda3/envs/airflow_env/lib/python3.11/site-packages/airflow/example_dags/example_branch_python_dop_operator_3.py
[2024-11-01T11:57:35.599+0900] {logging_mixin.py:190} INFO - [2024-11-01T11:57:35.599+0900] {dag.py:3239} INFO - Sync 1 DAGs
[2024-11-01T11:57:35.617+0900] {logging_mixin.py:190} INFO - [2024-11-01T11:57:35.617+0900] {dag.py:4180} INFO - Setting next_dagrun for example_branch_dop_operator_v3 to 2024-11-01 02:56:00+00:00, run_after=2024-11-01 02:57:00+00:00
[2024-11-01T11:57:35.636+0900] {processor.py:208} INFO - Processing /home/hamin081234/anaconda3/envs/airflow_env/lib/python3.11/site-packages/airflow/example_dags/example_branch_python_dop_operator_3.py took 0.069 seconds
