[2024-11-01T11:49:21.904+0900] {processor.py:186} INFO - Started process (PID=413889) to work on /home/hamin081234/anaconda3/envs/airflow_env/lib/python3.11/site-packages/airflow/example_dags/example_short_circuit_operator.py
[2024-11-01T11:49:21.905+0900] {processor.py:914} INFO - Processing file /home/hamin081234/anaconda3/envs/airflow_env/lib/python3.11/site-packages/airflow/example_dags/example_short_circuit_operator.py for tasks to queue
[2024-11-01T11:49:21.906+0900] {logging_mixin.py:190} INFO - [2024-11-01T11:49:21.906+0900] {dagbag.py:588} INFO - Filling up the DagBag from /home/hamin081234/anaconda3/envs/airflow_env/lib/python3.11/site-packages/airflow/example_dags/example_short_circuit_operator.py
[2024-11-01T11:49:21.912+0900] {processor.py:925} INFO - DAG(s) 'example_short_circuit_operator' retrieved from /home/hamin081234/anaconda3/envs/airflow_env/lib/python3.11/site-packages/airflow/example_dags/example_short_circuit_operator.py
[2024-11-01T11:49:21.990+0900] {logging_mixin.py:190} INFO - [2024-11-01T11:49:21.990+0900] {override.py:1900} INFO - Created Permission View: can delete on DAG:example_short_circuit_operator
[2024-11-01T11:49:22.002+0900] {logging_mixin.py:190} INFO - [2024-11-01T11:49:22.002+0900] {override.py:1900} INFO - Created Permission View: can edit on DAG:example_short_circuit_operator
[2024-11-01T11:49:22.014+0900] {logging_mixin.py:190} INFO - [2024-11-01T11:49:22.014+0900] {override.py:1900} INFO - Created Permission View: can read on DAG:example_short_circuit_operator
[2024-11-01T11:49:22.034+0900] {logging_mixin.py:190} INFO - [2024-11-01T11:49:22.033+0900] {override.py:1900} INFO - Created Permission View: menu access on DAG Run:example_short_circuit_operator
[2024-11-01T11:49:22.044+0900] {logging_mixin.py:190} INFO - [2024-11-01T11:49:22.044+0900] {override.py:1900} INFO - Created Permission View: can delete on DAG Run:example_short_circuit_operator
[2024-11-01T11:49:22.054+0900] {logging_mixin.py:190} INFO - [2024-11-01T11:49:22.053+0900] {override.py:1900} INFO - Created Permission View: can create on DAG Run:example_short_circuit_operator
[2024-11-01T11:49:22.064+0900] {logging_mixin.py:190} INFO - [2024-11-01T11:49:22.064+0900] {override.py:1900} INFO - Created Permission View: can read on DAG Run:example_short_circuit_operator
[2024-11-01T11:49:22.064+0900] {logging_mixin.py:190} INFO - [2024-11-01T11:49:22.064+0900] {dag.py:3239} INFO - Sync 1 DAGs
[2024-11-01T11:49:22.070+0900] {logging_mixin.py:190} INFO - [2024-11-01T11:49:22.070+0900] {dag.py:3262} INFO - Creating ORM DAG for example_short_circuit_operator
[2024-11-01T11:49:22.070+0900] {logging_mixin.py:190} INFO - [2024-11-01T11:49:22.070+0900] {dag.py:4180} INFO - Setting next_dagrun for example_short_circuit_operator to None, run_after=None
[2024-11-01T11:49:22.088+0900] {processor.py:208} INFO - Processing /home/hamin081234/anaconda3/envs/airflow_env/lib/python3.11/site-packages/airflow/example_dags/example_short_circuit_operator.py took 0.187 seconds
[2024-11-01T11:50:21.988+0900] {processor.py:186} INFO - Started process (PID=415089) to work on /home/hamin081234/anaconda3/envs/airflow_env/lib/python3.11/site-packages/airflow/example_dags/example_short_circuit_operator.py
[2024-11-01T11:50:21.989+0900] {processor.py:914} INFO - Processing file /home/hamin081234/anaconda3/envs/airflow_env/lib/python3.11/site-packages/airflow/example_dags/example_short_circuit_operator.py for tasks to queue
[2024-11-01T11:50:21.990+0900] {logging_mixin.py:190} INFO - [2024-11-01T11:50:21.990+0900] {dagbag.py:588} INFO - Filling up the DagBag from /home/hamin081234/anaconda3/envs/airflow_env/lib/python3.11/site-packages/airflow/example_dags/example_short_circuit_operator.py
[2024-11-01T11:50:21.998+0900] {processor.py:925} INFO - DAG(s) 'example_short_circuit_operator' retrieved from /home/hamin081234/anaconda3/envs/airflow_env/lib/python3.11/site-packages/airflow/example_dags/example_short_circuit_operator.py
[2024-11-01T11:50:22.012+0900] {logging_mixin.py:190} INFO - [2024-11-01T11:50:22.012+0900] {dag.py:3239} INFO - Sync 1 DAGs
[2024-11-01T11:50:22.023+0900] {logging_mixin.py:190} INFO - [2024-11-01T11:50:22.023+0900] {dag.py:4180} INFO - Setting next_dagrun for example_short_circuit_operator to None, run_after=None
[2024-11-01T11:50:22.046+0900] {processor.py:208} INFO - Processing /home/hamin081234/anaconda3/envs/airflow_env/lib/python3.11/site-packages/airflow/example_dags/example_short_circuit_operator.py took 0.062 seconds
[2024-11-01T11:51:14.544+0900] {processor.py:186} INFO - Started process (PID=416376) to work on /home/hamin081234/anaconda3/envs/airflow_env/lib/python3.11/site-packages/airflow/example_dags/example_short_circuit_operator.py
[2024-11-01T11:51:14.553+0900] {processor.py:914} INFO - Processing file /home/hamin081234/anaconda3/envs/airflow_env/lib/python3.11/site-packages/airflow/example_dags/example_short_circuit_operator.py for tasks to queue
[2024-11-01T11:51:14.554+0900] {logging_mixin.py:190} INFO - [2024-11-01T11:51:14.554+0900] {dagbag.py:588} INFO - Filling up the DagBag from /home/hamin081234/anaconda3/envs/airflow_env/lib/python3.11/site-packages/airflow/example_dags/example_short_circuit_operator.py
[2024-11-01T11:51:14.560+0900] {processor.py:925} INFO - DAG(s) 'example_short_circuit_operator' retrieved from /home/hamin081234/anaconda3/envs/airflow_env/lib/python3.11/site-packages/airflow/example_dags/example_short_circuit_operator.py
[2024-11-01T11:51:14.571+0900] {logging_mixin.py:190} INFO - [2024-11-01T11:51:14.571+0900] {dag.py:3239} INFO - Sync 1 DAGs
[2024-11-01T11:51:14.579+0900] {logging_mixin.py:190} INFO - [2024-11-01T11:51:14.578+0900] {dag.py:4180} INFO - Setting next_dagrun for example_short_circuit_operator to None, run_after=None
[2024-11-01T11:51:14.598+0900] {processor.py:208} INFO - Processing /home/hamin081234/anaconda3/envs/airflow_env/lib/python3.11/site-packages/airflow/example_dags/example_short_circuit_operator.py took 0.057 seconds
[2024-11-01T11:52:17.243+0900] {processor.py:186} INFO - Started process (PID=417949) to work on /home/hamin081234/anaconda3/envs/airflow_env/lib/python3.11/site-packages/airflow/example_dags/example_short_circuit_operator.py
[2024-11-01T11:52:17.251+0900] {processor.py:914} INFO - Processing file /home/hamin081234/anaconda3/envs/airflow_env/lib/python3.11/site-packages/airflow/example_dags/example_short_circuit_operator.py for tasks to queue
[2024-11-01T11:52:17.253+0900] {logging_mixin.py:190} INFO - [2024-11-01T11:52:17.253+0900] {dagbag.py:588} INFO - Filling up the DagBag from /home/hamin081234/anaconda3/envs/airflow_env/lib/python3.11/site-packages/airflow/example_dags/example_short_circuit_operator.py
[2024-11-01T11:52:17.260+0900] {processor.py:925} INFO - DAG(s) 'example_short_circuit_operator' retrieved from /home/hamin081234/anaconda3/envs/airflow_env/lib/python3.11/site-packages/airflow/example_dags/example_short_circuit_operator.py
[2024-11-01T11:52:17.270+0900] {logging_mixin.py:190} INFO - [2024-11-01T11:52:17.270+0900] {dag.py:3239} INFO - Sync 1 DAGs
[2024-11-01T11:52:17.277+0900] {logging_mixin.py:190} INFO - [2024-11-01T11:52:17.277+0900] {dag.py:4180} INFO - Setting next_dagrun for example_short_circuit_operator to None, run_after=None
[2024-11-01T11:52:17.294+0900] {processor.py:208} INFO - Processing /home/hamin081234/anaconda3/envs/airflow_env/lib/python3.11/site-packages/airflow/example_dags/example_short_circuit_operator.py took 0.058 seconds
[2024-11-01T11:53:11.863+0900] {processor.py:186} INFO - Started process (PID=419212) to work on /home/hamin081234/anaconda3/envs/airflow_env/lib/python3.11/site-packages/airflow/example_dags/example_short_circuit_operator.py
[2024-11-01T11:53:11.864+0900] {processor.py:914} INFO - Processing file /home/hamin081234/anaconda3/envs/airflow_env/lib/python3.11/site-packages/airflow/example_dags/example_short_circuit_operator.py for tasks to queue
[2024-11-01T11:53:11.865+0900] {logging_mixin.py:190} INFO - [2024-11-01T11:53:11.865+0900] {dagbag.py:588} INFO - Filling up the DagBag from /home/hamin081234/anaconda3/envs/airflow_env/lib/python3.11/site-packages/airflow/example_dags/example_short_circuit_operator.py
[2024-11-01T11:53:11.871+0900] {processor.py:925} INFO - DAG(s) 'example_short_circuit_operator' retrieved from /home/hamin081234/anaconda3/envs/airflow_env/lib/python3.11/site-packages/airflow/example_dags/example_short_circuit_operator.py
[2024-11-01T11:53:11.882+0900] {logging_mixin.py:190} INFO - [2024-11-01T11:53:11.881+0900] {dag.py:3239} INFO - Sync 1 DAGs
[2024-11-01T11:53:11.889+0900] {logging_mixin.py:190} INFO - [2024-11-01T11:53:11.889+0900] {dag.py:4180} INFO - Setting next_dagrun for example_short_circuit_operator to None, run_after=None
[2024-11-01T11:53:11.905+0900] {processor.py:208} INFO - Processing /home/hamin081234/anaconda3/envs/airflow_env/lib/python3.11/site-packages/airflow/example_dags/example_short_circuit_operator.py took 0.045 seconds
[2024-11-01T11:54:03.515+0900] {processor.py:186} INFO - Started process (PID=420164) to work on /home/hamin081234/anaconda3/envs/airflow_env/lib/python3.11/site-packages/airflow/example_dags/example_short_circuit_operator.py
[2024-11-01T11:54:03.516+0900] {processor.py:914} INFO - Processing file /home/hamin081234/anaconda3/envs/airflow_env/lib/python3.11/site-packages/airflow/example_dags/example_short_circuit_operator.py for tasks to queue
[2024-11-01T11:54:03.517+0900] {logging_mixin.py:190} INFO - [2024-11-01T11:54:03.517+0900] {dagbag.py:588} INFO - Filling up the DagBag from /home/hamin081234/anaconda3/envs/airflow_env/lib/python3.11/site-packages/airflow/example_dags/example_short_circuit_operator.py
[2024-11-01T11:54:03.523+0900] {processor.py:925} INFO - DAG(s) 'example_short_circuit_operator' retrieved from /home/hamin081234/anaconda3/envs/airflow_env/lib/python3.11/site-packages/airflow/example_dags/example_short_circuit_operator.py
[2024-11-01T11:54:03.534+0900] {logging_mixin.py:190} INFO - [2024-11-01T11:54:03.534+0900] {dag.py:3239} INFO - Sync 1 DAGs
[2024-11-01T11:54:03.542+0900] {logging_mixin.py:190} INFO - [2024-11-01T11:54:03.542+0900] {dag.py:4180} INFO - Setting next_dagrun for example_short_circuit_operator to None, run_after=None
[2024-11-01T11:54:03.559+0900] {processor.py:208} INFO - Processing /home/hamin081234/anaconda3/envs/airflow_env/lib/python3.11/site-packages/airflow/example_dags/example_short_circuit_operator.py took 0.048 seconds
[2024-11-01T11:54:56.277+0900] {processor.py:186} INFO - Started process (PID=421570) to work on /home/hamin081234/anaconda3/envs/airflow_env/lib/python3.11/site-packages/airflow/example_dags/example_short_circuit_operator.py
[2024-11-01T11:54:56.285+0900] {processor.py:914} INFO - Processing file /home/hamin081234/anaconda3/envs/airflow_env/lib/python3.11/site-packages/airflow/example_dags/example_short_circuit_operator.py for tasks to queue
[2024-11-01T11:54:56.287+0900] {logging_mixin.py:190} INFO - [2024-11-01T11:54:56.286+0900] {dagbag.py:588} INFO - Filling up the DagBag from /home/hamin081234/anaconda3/envs/airflow_env/lib/python3.11/site-packages/airflow/example_dags/example_short_circuit_operator.py
[2024-11-01T11:54:56.292+0900] {processor.py:925} INFO - DAG(s) 'example_short_circuit_operator' retrieved from /home/hamin081234/anaconda3/envs/airflow_env/lib/python3.11/site-packages/airflow/example_dags/example_short_circuit_operator.py
[2024-11-01T11:54:56.302+0900] {logging_mixin.py:190} INFO - [2024-11-01T11:54:56.302+0900] {dag.py:3239} INFO - Sync 1 DAGs
[2024-11-01T11:54:56.309+0900] {logging_mixin.py:190} INFO - [2024-11-01T11:54:56.309+0900] {dag.py:4180} INFO - Setting next_dagrun for example_short_circuit_operator to None, run_after=None
[2024-11-01T11:54:56.326+0900] {processor.py:208} INFO - Processing /home/hamin081234/anaconda3/envs/airflow_env/lib/python3.11/site-packages/airflow/example_dags/example_short_circuit_operator.py took 0.053 seconds
[2024-11-01T11:55:45.949+0900] {processor.py:186} INFO - Started process (PID=422779) to work on /home/hamin081234/anaconda3/envs/airflow_env/lib/python3.11/site-packages/airflow/example_dags/example_short_circuit_operator.py
[2024-11-01T11:55:45.957+0900] {processor.py:914} INFO - Processing file /home/hamin081234/anaconda3/envs/airflow_env/lib/python3.11/site-packages/airflow/example_dags/example_short_circuit_operator.py for tasks to queue
[2024-11-01T11:55:45.959+0900] {logging_mixin.py:190} INFO - [2024-11-01T11:55:45.959+0900] {dagbag.py:588} INFO - Filling up the DagBag from /home/hamin081234/anaconda3/envs/airflow_env/lib/python3.11/site-packages/airflow/example_dags/example_short_circuit_operator.py
[2024-11-01T11:55:45.965+0900] {processor.py:925} INFO - DAG(s) 'example_short_circuit_operator' retrieved from /home/hamin081234/anaconda3/envs/airflow_env/lib/python3.11/site-packages/airflow/example_dags/example_short_circuit_operator.py
[2024-11-01T11:55:45.975+0900] {logging_mixin.py:190} INFO - [2024-11-01T11:55:45.975+0900] {dag.py:3239} INFO - Sync 1 DAGs
[2024-11-01T11:55:45.984+0900] {logging_mixin.py:190} INFO - [2024-11-01T11:55:45.983+0900] {dag.py:4180} INFO - Setting next_dagrun for example_short_circuit_operator to None, run_after=None
[2024-11-01T11:55:46.003+0900] {processor.py:208} INFO - Processing /home/hamin081234/anaconda3/envs/airflow_env/lib/python3.11/site-packages/airflow/example_dags/example_short_circuit_operator.py took 0.058 seconds
[2024-11-01T11:56:38.869+0900] {processor.py:186} INFO - Started process (PID=423753) to work on /home/hamin081234/anaconda3/envs/airflow_env/lib/python3.11/site-packages/airflow/example_dags/example_short_circuit_operator.py
[2024-11-01T11:56:38.870+0900] {processor.py:914} INFO - Processing file /home/hamin081234/anaconda3/envs/airflow_env/lib/python3.11/site-packages/airflow/example_dags/example_short_circuit_operator.py for tasks to queue
[2024-11-01T11:56:38.871+0900] {logging_mixin.py:190} INFO - [2024-11-01T11:56:38.871+0900] {dagbag.py:588} INFO - Filling up the DagBag from /home/hamin081234/anaconda3/envs/airflow_env/lib/python3.11/site-packages/airflow/example_dags/example_short_circuit_operator.py
[2024-11-01T11:56:38.877+0900] {processor.py:925} INFO - DAG(s) 'example_short_circuit_operator' retrieved from /home/hamin081234/anaconda3/envs/airflow_env/lib/python3.11/site-packages/airflow/example_dags/example_short_circuit_operator.py
[2024-11-01T11:56:38.888+0900] {logging_mixin.py:190} INFO - [2024-11-01T11:56:38.887+0900] {dag.py:3239} INFO - Sync 1 DAGs
[2024-11-01T11:56:38.894+0900] {logging_mixin.py:190} INFO - [2024-11-01T11:56:38.894+0900] {dag.py:4180} INFO - Setting next_dagrun for example_short_circuit_operator to None, run_after=None
[2024-11-01T11:56:38.911+0900] {processor.py:208} INFO - Processing /home/hamin081234/anaconda3/envs/airflow_env/lib/python3.11/site-packages/airflow/example_dags/example_short_circuit_operator.py took 0.046 seconds
[2024-11-01T11:57:27.260+0900] {processor.py:186} INFO - Started process (PID=425057) to work on /home/hamin081234/anaconda3/envs/airflow_env/lib/python3.11/site-packages/airflow/example_dags/example_short_circuit_operator.py
[2024-11-01T11:57:27.261+0900] {processor.py:914} INFO - Processing file /home/hamin081234/anaconda3/envs/airflow_env/lib/python3.11/site-packages/airflow/example_dags/example_short_circuit_operator.py for tasks to queue
[2024-11-01T11:57:27.263+0900] {logging_mixin.py:190} INFO - [2024-11-01T11:57:27.263+0900] {dagbag.py:588} INFO - Filling up the DagBag from /home/hamin081234/anaconda3/envs/airflow_env/lib/python3.11/site-packages/airflow/example_dags/example_short_circuit_operator.py
[2024-11-01T11:57:27.269+0900] {processor.py:925} INFO - DAG(s) 'example_short_circuit_operator' retrieved from /home/hamin081234/anaconda3/envs/airflow_env/lib/python3.11/site-packages/airflow/example_dags/example_short_circuit_operator.py
[2024-11-01T11:57:27.280+0900] {logging_mixin.py:190} INFO - [2024-11-01T11:57:27.280+0900] {dag.py:3239} INFO - Sync 1 DAGs
[2024-11-01T11:57:27.288+0900] {logging_mixin.py:190} INFO - [2024-11-01T11:57:27.288+0900] {dag.py:4180} INFO - Setting next_dagrun for example_short_circuit_operator to None, run_after=None
[2024-11-01T11:57:27.306+0900] {processor.py:208} INFO - Processing /home/hamin081234/anaconda3/envs/airflow_env/lib/python3.11/site-packages/airflow/example_dags/example_short_circuit_operator.py took 0.050 seconds
