[2024-11-01T11:49:51.040+0900] {processor.py:186} INFO - Started process (PID=414439) to work on /home/hamin081234/anaconda3/envs/airflow_env/lib/python3.11/site-packages/airflow/example_dags/example_short_circuit_decorator.py
[2024-11-01T11:49:51.041+0900] {processor.py:914} INFO - Processing file /home/hamin081234/anaconda3/envs/airflow_env/lib/python3.11/site-packages/airflow/example_dags/example_short_circuit_decorator.py for tasks to queue
[2024-11-01T11:49:51.042+0900] {logging_mixin.py:190} INFO - [2024-11-01T11:49:51.042+0900] {dagbag.py:588} INFO - Filling up the DagBag from /home/hamin081234/anaconda3/envs/airflow_env/lib/python3.11/site-packages/airflow/example_dags/example_short_circuit_decorator.py
[2024-11-01T11:49:51.048+0900] {processor.py:925} INFO - DAG(s) 'example_short_circuit_decorator' retrieved from /home/hamin081234/anaconda3/envs/airflow_env/lib/python3.11/site-packages/airflow/example_dags/example_short_circuit_decorator.py
[2024-11-01T11:49:51.125+0900] {logging_mixin.py:190} INFO - [2024-11-01T11:49:51.124+0900] {override.py:1900} INFO - Created Permission View: can delete on DAG:example_short_circuit_decorator
[2024-11-01T11:49:51.137+0900] {logging_mixin.py:190} INFO - [2024-11-01T11:49:51.136+0900] {override.py:1900} INFO - Created Permission View: can edit on DAG:example_short_circuit_decorator
[2024-11-01T11:49:51.149+0900] {logging_mixin.py:190} INFO - [2024-11-01T11:49:51.148+0900] {override.py:1900} INFO - Created Permission View: can read on DAG:example_short_circuit_decorator
[2024-11-01T11:49:51.169+0900] {logging_mixin.py:190} INFO - [2024-11-01T11:49:51.168+0900] {override.py:1900} INFO - Created Permission View: menu access on DAG Run:example_short_circuit_decorator
[2024-11-01T11:49:51.179+0900] {logging_mixin.py:190} INFO - [2024-11-01T11:49:51.178+0900] {override.py:1900} INFO - Created Permission View: can delete on DAG Run:example_short_circuit_decorator
[2024-11-01T11:49:51.191+0900] {logging_mixin.py:190} INFO - [2024-11-01T11:49:51.190+0900] {override.py:1900} INFO - Created Permission View: can create on DAG Run:example_short_circuit_decorator
[2024-11-01T11:49:51.203+0900] {logging_mixin.py:190} INFO - [2024-11-01T11:49:51.202+0900] {override.py:1900} INFO - Created Permission View: can read on DAG Run:example_short_circuit_decorator
[2024-11-01T11:49:51.203+0900] {logging_mixin.py:190} INFO - [2024-11-01T11:49:51.203+0900] {dag.py:3239} INFO - Sync 1 DAGs
[2024-11-01T11:49:51.210+0900] {logging_mixin.py:190} INFO - [2024-11-01T11:49:51.210+0900] {dag.py:3262} INFO - Creating ORM DAG for example_short_circuit_decorator
[2024-11-01T11:49:51.211+0900] {logging_mixin.py:190} INFO - [2024-11-01T11:49:51.210+0900] {dag.py:4180} INFO - Setting next_dagrun for example_short_circuit_decorator to None, run_after=None
[2024-11-01T11:49:51.229+0900] {processor.py:208} INFO - Processing /home/hamin081234/anaconda3/envs/airflow_env/lib/python3.11/site-packages/airflow/example_dags/example_short_circuit_decorator.py took 0.192 seconds
[2024-11-01T11:50:47.699+0900] {processor.py:186} INFO - Started process (PID=415879) to work on /home/hamin081234/anaconda3/envs/airflow_env/lib/python3.11/site-packages/airflow/example_dags/example_short_circuit_decorator.py
[2024-11-01T11:50:47.708+0900] {processor.py:914} INFO - Processing file /home/hamin081234/anaconda3/envs/airflow_env/lib/python3.11/site-packages/airflow/example_dags/example_short_circuit_decorator.py for tasks to queue
[2024-11-01T11:50:47.709+0900] {logging_mixin.py:190} INFO - [2024-11-01T11:50:47.709+0900] {dagbag.py:588} INFO - Filling up the DagBag from /home/hamin081234/anaconda3/envs/airflow_env/lib/python3.11/site-packages/airflow/example_dags/example_short_circuit_decorator.py
[2024-11-01T11:50:47.715+0900] {processor.py:925} INFO - DAG(s) 'example_short_circuit_decorator' retrieved from /home/hamin081234/anaconda3/envs/airflow_env/lib/python3.11/site-packages/airflow/example_dags/example_short_circuit_decorator.py
[2024-11-01T11:50:47.726+0900] {logging_mixin.py:190} INFO - [2024-11-01T11:50:47.726+0900] {dag.py:3239} INFO - Sync 1 DAGs
[2024-11-01T11:50:47.733+0900] {logging_mixin.py:190} INFO - [2024-11-01T11:50:47.733+0900] {dag.py:4180} INFO - Setting next_dagrun for example_short_circuit_decorator to None, run_after=None
[2024-11-01T11:50:47.750+0900] {processor.py:208} INFO - Processing /home/hamin081234/anaconda3/envs/airflow_env/lib/python3.11/site-packages/airflow/example_dags/example_short_circuit_decorator.py took 0.054 seconds
[2024-11-01T11:51:42.042+0900] {processor.py:186} INFO - Started process (PID=416931) to work on /home/hamin081234/anaconda3/envs/airflow_env/lib/python3.11/site-packages/airflow/example_dags/example_short_circuit_decorator.py
[2024-11-01T11:51:42.050+0900] {processor.py:914} INFO - Processing file /home/hamin081234/anaconda3/envs/airflow_env/lib/python3.11/site-packages/airflow/example_dags/example_short_circuit_decorator.py for tasks to queue
[2024-11-01T11:51:42.051+0900] {logging_mixin.py:190} INFO - [2024-11-01T11:51:42.051+0900] {dagbag.py:588} INFO - Filling up the DagBag from /home/hamin081234/anaconda3/envs/airflow_env/lib/python3.11/site-packages/airflow/example_dags/example_short_circuit_decorator.py
[2024-11-01T11:51:42.058+0900] {processor.py:925} INFO - DAG(s) 'example_short_circuit_decorator' retrieved from /home/hamin081234/anaconda3/envs/airflow_env/lib/python3.11/site-packages/airflow/example_dags/example_short_circuit_decorator.py
[2024-11-01T11:51:42.067+0900] {logging_mixin.py:190} INFO - [2024-11-01T11:51:42.067+0900] {dag.py:3239} INFO - Sync 1 DAGs
[2024-11-01T11:51:42.074+0900] {logging_mixin.py:190} INFO - [2024-11-01T11:51:42.074+0900] {dag.py:4180} INFO - Setting next_dagrun for example_short_circuit_decorator to None, run_after=None
[2024-11-01T11:51:42.090+0900] {processor.py:208} INFO - Processing /home/hamin081234/anaconda3/envs/airflow_env/lib/python3.11/site-packages/airflow/example_dags/example_short_circuit_decorator.py took 0.052 seconds
[2024-11-01T11:52:42.791+0900] {processor.py:186} INFO - Started process (PID=418328) to work on /home/hamin081234/anaconda3/envs/airflow_env/lib/python3.11/site-packages/airflow/example_dags/example_short_circuit_decorator.py
[2024-11-01T11:52:42.792+0900] {processor.py:914} INFO - Processing file /home/hamin081234/anaconda3/envs/airflow_env/lib/python3.11/site-packages/airflow/example_dags/example_short_circuit_decorator.py for tasks to queue
[2024-11-01T11:52:42.795+0900] {logging_mixin.py:190} INFO - [2024-11-01T11:52:42.795+0900] {dagbag.py:588} INFO - Filling up the DagBag from /home/hamin081234/anaconda3/envs/airflow_env/lib/python3.11/site-packages/airflow/example_dags/example_short_circuit_decorator.py
[2024-11-01T11:52:42.802+0900] {processor.py:925} INFO - DAG(s) 'example_short_circuit_decorator' retrieved from /home/hamin081234/anaconda3/envs/airflow_env/lib/python3.11/site-packages/airflow/example_dags/example_short_circuit_decorator.py
[2024-11-01T11:52:42.813+0900] {logging_mixin.py:190} INFO - [2024-11-01T11:52:42.813+0900] {dag.py:3239} INFO - Sync 1 DAGs
[2024-11-01T11:52:42.820+0900] {logging_mixin.py:190} INFO - [2024-11-01T11:52:42.820+0900] {dag.py:4180} INFO - Setting next_dagrun for example_short_circuit_decorator to None, run_after=None
[2024-11-01T11:52:42.834+0900] {processor.py:208} INFO - Processing /home/hamin081234/anaconda3/envs/airflow_env/lib/python3.11/site-packages/airflow/example_dags/example_short_circuit_decorator.py took 0.048 seconds
[2024-11-01T11:53:58.431+0900] {processor.py:186} INFO - Started process (PID=420127) to work on /home/hamin081234/anaconda3/envs/airflow_env/lib/python3.11/site-packages/airflow/example_dags/example_short_circuit_decorator.py
[2024-11-01T11:53:58.432+0900] {processor.py:914} INFO - Processing file /home/hamin081234/anaconda3/envs/airflow_env/lib/python3.11/site-packages/airflow/example_dags/example_short_circuit_decorator.py for tasks to queue
[2024-11-01T11:53:58.434+0900] {logging_mixin.py:190} INFO - [2024-11-01T11:53:58.433+0900] {dagbag.py:588} INFO - Filling up the DagBag from /home/hamin081234/anaconda3/envs/airflow_env/lib/python3.11/site-packages/airflow/example_dags/example_short_circuit_decorator.py
[2024-11-01T11:53:58.444+0900] {processor.py:925} INFO - DAG(s) 'example_short_circuit_decorator' retrieved from /home/hamin081234/anaconda3/envs/airflow_env/lib/python3.11/site-packages/airflow/example_dags/example_short_circuit_decorator.py
[2024-11-01T11:53:58.457+0900] {logging_mixin.py:190} INFO - [2024-11-01T11:53:58.457+0900] {dag.py:3239} INFO - Sync 1 DAGs
[2024-11-01T11:53:58.466+0900] {logging_mixin.py:190} INFO - [2024-11-01T11:53:58.466+0900] {dag.py:4180} INFO - Setting next_dagrun for example_short_circuit_decorator to None, run_after=None
[2024-11-01T11:53:58.487+0900] {processor.py:208} INFO - Processing /home/hamin081234/anaconda3/envs/airflow_env/lib/python3.11/site-packages/airflow/example_dags/example_short_circuit_decorator.py took 0.061 seconds
[2024-11-01T11:54:53.406+0900] {processor.py:186} INFO - Started process (PID=421517) to work on /home/hamin081234/anaconda3/envs/airflow_env/lib/python3.11/site-packages/airflow/example_dags/example_short_circuit_decorator.py
[2024-11-01T11:54:53.414+0900] {processor.py:914} INFO - Processing file /home/hamin081234/anaconda3/envs/airflow_env/lib/python3.11/site-packages/airflow/example_dags/example_short_circuit_decorator.py for tasks to queue
[2024-11-01T11:54:53.417+0900] {logging_mixin.py:190} INFO - [2024-11-01T11:54:53.416+0900] {dagbag.py:588} INFO - Filling up the DagBag from /home/hamin081234/anaconda3/envs/airflow_env/lib/python3.11/site-packages/airflow/example_dags/example_short_circuit_decorator.py
[2024-11-01T11:54:53.425+0900] {processor.py:925} INFO - DAG(s) 'example_short_circuit_decorator' retrieved from /home/hamin081234/anaconda3/envs/airflow_env/lib/python3.11/site-packages/airflow/example_dags/example_short_circuit_decorator.py
[2024-11-01T11:54:53.434+0900] {logging_mixin.py:190} INFO - [2024-11-01T11:54:53.434+0900] {dag.py:3239} INFO - Sync 1 DAGs
[2024-11-01T11:54:53.441+0900] {logging_mixin.py:190} INFO - [2024-11-01T11:54:53.441+0900] {dag.py:4180} INFO - Setting next_dagrun for example_short_circuit_decorator to None, run_after=None
[2024-11-01T11:54:53.459+0900] {processor.py:208} INFO - Processing /home/hamin081234/anaconda3/envs/airflow_env/lib/python3.11/site-packages/airflow/example_dags/example_short_circuit_decorator.py took 0.057 seconds
[2024-11-01T11:56:08.288+0900] {processor.py:186} INFO - Started process (PID=423248) to work on /home/hamin081234/anaconda3/envs/airflow_env/lib/python3.11/site-packages/airflow/example_dags/example_short_circuit_decorator.py
[2024-11-01T11:56:08.288+0900] {processor.py:914} INFO - Processing file /home/hamin081234/anaconda3/envs/airflow_env/lib/python3.11/site-packages/airflow/example_dags/example_short_circuit_decorator.py for tasks to queue
[2024-11-01T11:56:08.290+0900] {logging_mixin.py:190} INFO - [2024-11-01T11:56:08.290+0900] {dagbag.py:588} INFO - Filling up the DagBag from /home/hamin081234/anaconda3/envs/airflow_env/lib/python3.11/site-packages/airflow/example_dags/example_short_circuit_decorator.py
[2024-11-01T11:56:08.296+0900] {processor.py:925} INFO - DAG(s) 'example_short_circuit_decorator' retrieved from /home/hamin081234/anaconda3/envs/airflow_env/lib/python3.11/site-packages/airflow/example_dags/example_short_circuit_decorator.py
[2024-11-01T11:56:08.306+0900] {logging_mixin.py:190} INFO - [2024-11-01T11:56:08.305+0900] {dag.py:3239} INFO - Sync 1 DAGs
[2024-11-01T11:56:08.313+0900] {logging_mixin.py:190} INFO - [2024-11-01T11:56:08.313+0900] {dag.py:4180} INFO - Setting next_dagrun for example_short_circuit_decorator to None, run_after=None
[2024-11-01T11:56:08.330+0900] {processor.py:208} INFO - Processing /home/hamin081234/anaconda3/envs/airflow_env/lib/python3.11/site-packages/airflow/example_dags/example_short_circuit_decorator.py took 0.046 seconds
[2024-11-01T11:56:59.272+0900] {processor.py:186} INFO - Started process (PID=424256) to work on /home/hamin081234/anaconda3/envs/airflow_env/lib/python3.11/site-packages/airflow/example_dags/example_short_circuit_decorator.py
[2024-11-01T11:56:59.280+0900] {processor.py:914} INFO - Processing file /home/hamin081234/anaconda3/envs/airflow_env/lib/python3.11/site-packages/airflow/example_dags/example_short_circuit_decorator.py for tasks to queue
[2024-11-01T11:56:59.282+0900] {logging_mixin.py:190} INFO - [2024-11-01T11:56:59.281+0900] {dagbag.py:588} INFO - Filling up the DagBag from /home/hamin081234/anaconda3/envs/airflow_env/lib/python3.11/site-packages/airflow/example_dags/example_short_circuit_decorator.py
[2024-11-01T11:56:59.288+0900] {processor.py:925} INFO - DAG(s) 'example_short_circuit_decorator' retrieved from /home/hamin081234/anaconda3/envs/airflow_env/lib/python3.11/site-packages/airflow/example_dags/example_short_circuit_decorator.py
[2024-11-01T11:56:59.299+0900] {logging_mixin.py:190} INFO - [2024-11-01T11:56:59.298+0900] {dag.py:3239} INFO - Sync 1 DAGs
[2024-11-01T11:56:59.305+0900] {logging_mixin.py:190} INFO - [2024-11-01T11:56:59.305+0900] {dag.py:4180} INFO - Setting next_dagrun for example_short_circuit_decorator to None, run_after=None
[2024-11-01T11:56:59.324+0900] {processor.py:208} INFO - Processing /home/hamin081234/anaconda3/envs/airflow_env/lib/python3.11/site-packages/airflow/example_dags/example_short_circuit_decorator.py took 0.056 seconds
