[2024-11-01T11:48:59.742+0900] {processor.py:186} INFO - Started process (PID=413215) to work on /home/hamin081234/anaconda3/envs/airflow_env/lib/python3.11/site-packages/airflow/example_dags/example_setup_teardown_taskflow.py
[2024-11-01T11:48:59.743+0900] {processor.py:914} INFO - Processing file /home/hamin081234/anaconda3/envs/airflow_env/lib/python3.11/site-packages/airflow/example_dags/example_setup_teardown_taskflow.py for tasks to queue
[2024-11-01T11:48:59.744+0900] {logging_mixin.py:190} INFO - [2024-11-01T11:48:59.744+0900] {dagbag.py:588} INFO - Filling up the DagBag from /home/hamin081234/anaconda3/envs/airflow_env/lib/python3.11/site-packages/airflow/example_dags/example_setup_teardown_taskflow.py
[2024-11-01T11:48:59.750+0900] {processor.py:925} INFO - DAG(s) 'example_setup_teardown_taskflow' retrieved from /home/hamin081234/anaconda3/envs/airflow_env/lib/python3.11/site-packages/airflow/example_dags/example_setup_teardown_taskflow.py
[2024-11-01T11:48:59.819+0900] {logging_mixin.py:190} INFO - [2024-11-01T11:48:59.819+0900] {override.py:1900} INFO - Created Permission View: can delete on DAG:example_setup_teardown_taskflow
[2024-11-01T11:48:59.831+0900] {logging_mixin.py:190} INFO - [2024-11-01T11:48:59.831+0900] {override.py:1900} INFO - Created Permission View: can edit on DAG:example_setup_teardown_taskflow
[2024-11-01T11:48:59.843+0900] {logging_mixin.py:190} INFO - [2024-11-01T11:48:59.843+0900] {override.py:1900} INFO - Created Permission View: can read on DAG:example_setup_teardown_taskflow
[2024-11-01T11:48:59.863+0900] {logging_mixin.py:190} INFO - [2024-11-01T11:48:59.863+0900] {override.py:1900} INFO - Created Permission View: menu access on DAG Run:example_setup_teardown_taskflow
[2024-11-01T11:48:59.873+0900] {logging_mixin.py:190} INFO - [2024-11-01T11:48:59.872+0900] {override.py:1900} INFO - Created Permission View: can delete on DAG Run:example_setup_teardown_taskflow
[2024-11-01T11:48:59.883+0900] {logging_mixin.py:190} INFO - [2024-11-01T11:48:59.883+0900] {override.py:1900} INFO - Created Permission View: can create on DAG Run:example_setup_teardown_taskflow
[2024-11-01T11:48:59.893+0900] {logging_mixin.py:190} INFO - [2024-11-01T11:48:59.893+0900] {override.py:1900} INFO - Created Permission View: can read on DAG Run:example_setup_teardown_taskflow
[2024-11-01T11:48:59.893+0900] {logging_mixin.py:190} INFO - [2024-11-01T11:48:59.893+0900] {dag.py:3239} INFO - Sync 1 DAGs
[2024-11-01T11:48:59.898+0900] {logging_mixin.py:190} INFO - [2024-11-01T11:48:59.898+0900] {dag.py:3262} INFO - Creating ORM DAG for example_setup_teardown_taskflow
[2024-11-01T11:48:59.899+0900] {logging_mixin.py:190} INFO - [2024-11-01T11:48:59.899+0900] {dag.py:4180} INFO - Setting next_dagrun for example_setup_teardown_taskflow to None, run_after=None
[2024-11-01T11:48:59.916+0900] {processor.py:208} INFO - Processing /home/hamin081234/anaconda3/envs/airflow_env/lib/python3.11/site-packages/airflow/example_dags/example_setup_teardown_taskflow.py took 0.178 seconds
[2024-11-01T11:50:03.690+0900] {processor.py:186} INFO - Started process (PID=414675) to work on /home/hamin081234/anaconda3/envs/airflow_env/lib/python3.11/site-packages/airflow/example_dags/example_setup_teardown_taskflow.py
[2024-11-01T11:50:03.693+0900] {processor.py:914} INFO - Processing file /home/hamin081234/anaconda3/envs/airflow_env/lib/python3.11/site-packages/airflow/example_dags/example_setup_teardown_taskflow.py for tasks to queue
[2024-11-01T11:50:03.695+0900] {logging_mixin.py:190} INFO - [2024-11-01T11:50:03.695+0900] {dagbag.py:588} INFO - Filling up the DagBag from /home/hamin081234/anaconda3/envs/airflow_env/lib/python3.11/site-packages/airflow/example_dags/example_setup_teardown_taskflow.py
[2024-11-01T11:50:03.710+0900] {processor.py:925} INFO - DAG(s) 'example_setup_teardown_taskflow' retrieved from /home/hamin081234/anaconda3/envs/airflow_env/lib/python3.11/site-packages/airflow/example_dags/example_setup_teardown_taskflow.py
[2024-11-01T11:50:03.733+0900] {logging_mixin.py:190} INFO - [2024-11-01T11:50:03.732+0900] {dag.py:3239} INFO - Sync 1 DAGs
[2024-11-01T11:50:03.748+0900] {logging_mixin.py:190} INFO - [2024-11-01T11:50:03.747+0900] {dag.py:4180} INFO - Setting next_dagrun for example_setup_teardown_taskflow to None, run_after=None
[2024-11-01T11:50:03.774+0900] {processor.py:208} INFO - Processing /home/hamin081234/anaconda3/envs/airflow_env/lib/python3.11/site-packages/airflow/example_dags/example_setup_teardown_taskflow.py took 0.087 seconds
[2024-11-01T11:50:57.371+0900] {processor.py:186} INFO - Started process (PID=416069) to work on /home/hamin081234/anaconda3/envs/airflow_env/lib/python3.11/site-packages/airflow/example_dags/example_setup_teardown_taskflow.py
[2024-11-01T11:50:57.379+0900] {processor.py:914} INFO - Processing file /home/hamin081234/anaconda3/envs/airflow_env/lib/python3.11/site-packages/airflow/example_dags/example_setup_teardown_taskflow.py for tasks to queue
[2024-11-01T11:50:57.380+0900] {logging_mixin.py:190} INFO - [2024-11-01T11:50:57.380+0900] {dagbag.py:588} INFO - Filling up the DagBag from /home/hamin081234/anaconda3/envs/airflow_env/lib/python3.11/site-packages/airflow/example_dags/example_setup_teardown_taskflow.py
[2024-11-01T11:50:57.387+0900] {processor.py:925} INFO - DAG(s) 'example_setup_teardown_taskflow' retrieved from /home/hamin081234/anaconda3/envs/airflow_env/lib/python3.11/site-packages/airflow/example_dags/example_setup_teardown_taskflow.py
[2024-11-01T11:50:57.397+0900] {logging_mixin.py:190} INFO - [2024-11-01T11:50:57.397+0900] {dag.py:3239} INFO - Sync 1 DAGs
[2024-11-01T11:50:57.405+0900] {logging_mixin.py:190} INFO - [2024-11-01T11:50:57.404+0900] {dag.py:4180} INFO - Setting next_dagrun for example_setup_teardown_taskflow to None, run_after=None
[2024-11-01T11:50:57.422+0900] {processor.py:208} INFO - Processing /home/hamin081234/anaconda3/envs/airflow_env/lib/python3.11/site-packages/airflow/example_dags/example_setup_teardown_taskflow.py took 0.055 seconds
[2024-11-01T11:51:45.103+0900] {processor.py:186} INFO - Started process (PID=417028) to work on /home/hamin081234/anaconda3/envs/airflow_env/lib/python3.11/site-packages/airflow/example_dags/example_setup_teardown_taskflow.py
[2024-11-01T11:51:45.111+0900] {processor.py:914} INFO - Processing file /home/hamin081234/anaconda3/envs/airflow_env/lib/python3.11/site-packages/airflow/example_dags/example_setup_teardown_taskflow.py for tasks to queue
[2024-11-01T11:51:45.113+0900] {logging_mixin.py:190} INFO - [2024-11-01T11:51:45.112+0900] {dagbag.py:588} INFO - Filling up the DagBag from /home/hamin081234/anaconda3/envs/airflow_env/lib/python3.11/site-packages/airflow/example_dags/example_setup_teardown_taskflow.py
[2024-11-01T11:51:45.119+0900] {processor.py:925} INFO - DAG(s) 'example_setup_teardown_taskflow' retrieved from /home/hamin081234/anaconda3/envs/airflow_env/lib/python3.11/site-packages/airflow/example_dags/example_setup_teardown_taskflow.py
[2024-11-01T11:51:45.129+0900] {logging_mixin.py:190} INFO - [2024-11-01T11:51:45.129+0900] {dag.py:3239} INFO - Sync 1 DAGs
[2024-11-01T11:51:45.137+0900] {logging_mixin.py:190} INFO - [2024-11-01T11:51:45.137+0900] {dag.py:4180} INFO - Setting next_dagrun for example_setup_teardown_taskflow to None, run_after=None
[2024-11-01T11:51:45.154+0900] {processor.py:208} INFO - Processing /home/hamin081234/anaconda3/envs/airflow_env/lib/python3.11/site-packages/airflow/example_dags/example_setup_teardown_taskflow.py took 0.055 seconds
[2024-11-01T11:52:16.495+0900] {processor.py:186} INFO - Started process (PID=417930) to work on /home/hamin081234/anaconda3/envs/airflow_env/lib/python3.11/site-packages/airflow/example_dags/example_setup_teardown_taskflow.py
[2024-11-01T11:52:16.496+0900] {processor.py:914} INFO - Processing file /home/hamin081234/anaconda3/envs/airflow_env/lib/python3.11/site-packages/airflow/example_dags/example_setup_teardown_taskflow.py for tasks to queue
[2024-11-01T11:52:16.498+0900] {logging_mixin.py:190} INFO - [2024-11-01T11:52:16.497+0900] {dagbag.py:588} INFO - Filling up the DagBag from /home/hamin081234/anaconda3/envs/airflow_env/lib/python3.11/site-packages/airflow/example_dags/example_setup_teardown_taskflow.py
[2024-11-01T11:52:16.507+0900] {processor.py:925} INFO - DAG(s) 'example_setup_teardown_taskflow' retrieved from /home/hamin081234/anaconda3/envs/airflow_env/lib/python3.11/site-packages/airflow/example_dags/example_setup_teardown_taskflow.py
[2024-11-01T11:52:16.518+0900] {logging_mixin.py:190} INFO - [2024-11-01T11:52:16.518+0900] {dag.py:3239} INFO - Sync 1 DAGs
[2024-11-01T11:52:16.525+0900] {logging_mixin.py:190} INFO - [2024-11-01T11:52:16.525+0900] {dag.py:4180} INFO - Setting next_dagrun for example_setup_teardown_taskflow to None, run_after=None
[2024-11-01T11:52:16.544+0900] {processor.py:208} INFO - Processing /home/hamin081234/anaconda3/envs/airflow_env/lib/python3.11/site-packages/airflow/example_dags/example_setup_teardown_taskflow.py took 0.053 seconds
[2024-11-01T11:52:47.902+0900] {processor.py:186} INFO - Started process (PID=418441) to work on /home/hamin081234/anaconda3/envs/airflow_env/lib/python3.11/site-packages/airflow/example_dags/example_setup_teardown_taskflow.py
[2024-11-01T11:52:47.903+0900] {processor.py:914} INFO - Processing file /home/hamin081234/anaconda3/envs/airflow_env/lib/python3.11/site-packages/airflow/example_dags/example_setup_teardown_taskflow.py for tasks to queue
[2024-11-01T11:52:47.905+0900] {logging_mixin.py:190} INFO - [2024-11-01T11:52:47.904+0900] {dagbag.py:588} INFO - Filling up the DagBag from /home/hamin081234/anaconda3/envs/airflow_env/lib/python3.11/site-packages/airflow/example_dags/example_setup_teardown_taskflow.py
[2024-11-01T11:52:47.911+0900] {processor.py:925} INFO - DAG(s) 'example_setup_teardown_taskflow' retrieved from /home/hamin081234/anaconda3/envs/airflow_env/lib/python3.11/site-packages/airflow/example_dags/example_setup_teardown_taskflow.py
[2024-11-01T11:52:47.922+0900] {logging_mixin.py:190} INFO - [2024-11-01T11:52:47.922+0900] {dag.py:3239} INFO - Sync 1 DAGs
[2024-11-01T11:52:47.931+0900] {logging_mixin.py:190} INFO - [2024-11-01T11:52:47.931+0900] {dag.py:4180} INFO - Setting next_dagrun for example_setup_teardown_taskflow to None, run_after=None
[2024-11-01T11:52:47.964+0900] {processor.py:208} INFO - Processing /home/hamin081234/anaconda3/envs/airflow_env/lib/python3.11/site-packages/airflow/example_dags/example_setup_teardown_taskflow.py took 0.065 seconds
[2024-11-01T11:53:37.612+0900] {processor.py:186} INFO - Started process (PID=419794) to work on /home/hamin081234/anaconda3/envs/airflow_env/lib/python3.11/site-packages/airflow/example_dags/example_setup_teardown_taskflow.py
[2024-11-01T11:53:37.612+0900] {processor.py:914} INFO - Processing file /home/hamin081234/anaconda3/envs/airflow_env/lib/python3.11/site-packages/airflow/example_dags/example_setup_teardown_taskflow.py for tasks to queue
[2024-11-01T11:53:37.614+0900] {logging_mixin.py:190} INFO - [2024-11-01T11:53:37.614+0900] {dagbag.py:588} INFO - Filling up the DagBag from /home/hamin081234/anaconda3/envs/airflow_env/lib/python3.11/site-packages/airflow/example_dags/example_setup_teardown_taskflow.py
[2024-11-01T11:53:37.621+0900] {processor.py:925} INFO - DAG(s) 'example_setup_teardown_taskflow' retrieved from /home/hamin081234/anaconda3/envs/airflow_env/lib/python3.11/site-packages/airflow/example_dags/example_setup_teardown_taskflow.py
[2024-11-01T11:53:37.631+0900] {logging_mixin.py:190} INFO - [2024-11-01T11:53:37.631+0900] {dag.py:3239} INFO - Sync 1 DAGs
[2024-11-01T11:53:37.638+0900] {logging_mixin.py:190} INFO - [2024-11-01T11:53:37.638+0900] {dag.py:4180} INFO - Setting next_dagrun for example_setup_teardown_taskflow to None, run_after=None
[2024-11-01T11:53:37.657+0900] {processor.py:208} INFO - Processing /home/hamin081234/anaconda3/envs/airflow_env/lib/python3.11/site-packages/airflow/example_dags/example_setup_teardown_taskflow.py took 0.049 seconds
[2024-11-01T11:54:30.676+0900] {processor.py:186} INFO - Started process (PID=421039) to work on /home/hamin081234/anaconda3/envs/airflow_env/lib/python3.11/site-packages/airflow/example_dags/example_setup_teardown_taskflow.py
[2024-11-01T11:54:30.684+0900] {processor.py:914} INFO - Processing file /home/hamin081234/anaconda3/envs/airflow_env/lib/python3.11/site-packages/airflow/example_dags/example_setup_teardown_taskflow.py for tasks to queue
[2024-11-01T11:54:30.686+0900] {logging_mixin.py:190} INFO - [2024-11-01T11:54:30.686+0900] {dagbag.py:588} INFO - Filling up the DagBag from /home/hamin081234/anaconda3/envs/airflow_env/lib/python3.11/site-packages/airflow/example_dags/example_setup_teardown_taskflow.py
[2024-11-01T11:54:30.695+0900] {processor.py:925} INFO - DAG(s) 'example_setup_teardown_taskflow' retrieved from /home/hamin081234/anaconda3/envs/airflow_env/lib/python3.11/site-packages/airflow/example_dags/example_setup_teardown_taskflow.py
[2024-11-01T11:54:30.704+0900] {logging_mixin.py:190} INFO - [2024-11-01T11:54:30.704+0900] {dag.py:3239} INFO - Sync 1 DAGs
[2024-11-01T11:54:30.710+0900] {logging_mixin.py:190} INFO - [2024-11-01T11:54:30.710+0900] {dag.py:4180} INFO - Setting next_dagrun for example_setup_teardown_taskflow to None, run_after=None
[2024-11-01T11:54:30.726+0900] {processor.py:208} INFO - Processing /home/hamin081234/anaconda3/envs/airflow_env/lib/python3.11/site-packages/airflow/example_dags/example_setup_teardown_taskflow.py took 0.056 seconds
[2024-11-01T11:55:23.136+0900] {processor.py:186} INFO - Started process (PID=421994) to work on /home/hamin081234/anaconda3/envs/airflow_env/lib/python3.11/site-packages/airflow/example_dags/example_setup_teardown_taskflow.py
[2024-11-01T11:55:23.136+0900] {processor.py:914} INFO - Processing file /home/hamin081234/anaconda3/envs/airflow_env/lib/python3.11/site-packages/airflow/example_dags/example_setup_teardown_taskflow.py for tasks to queue
[2024-11-01T11:55:23.138+0900] {logging_mixin.py:190} INFO - [2024-11-01T11:55:23.138+0900] {dagbag.py:588} INFO - Filling up the DagBag from /home/hamin081234/anaconda3/envs/airflow_env/lib/python3.11/site-packages/airflow/example_dags/example_setup_teardown_taskflow.py
[2024-11-01T11:55:23.145+0900] {processor.py:925} INFO - DAG(s) 'example_setup_teardown_taskflow' retrieved from /home/hamin081234/anaconda3/envs/airflow_env/lib/python3.11/site-packages/airflow/example_dags/example_setup_teardown_taskflow.py
[2024-11-01T11:55:23.154+0900] {logging_mixin.py:190} INFO - [2024-11-01T11:55:23.154+0900] {dag.py:3239} INFO - Sync 1 DAGs
[2024-11-01T11:55:23.161+0900] {logging_mixin.py:190} INFO - [2024-11-01T11:55:23.161+0900] {dag.py:4180} INFO - Setting next_dagrun for example_setup_teardown_taskflow to None, run_after=None
[2024-11-01T11:55:23.177+0900] {processor.py:208} INFO - Processing /home/hamin081234/anaconda3/envs/airflow_env/lib/python3.11/site-packages/airflow/example_dags/example_setup_teardown_taskflow.py took 0.045 seconds
[2024-11-01T11:56:12.803+0900] {processor.py:186} INFO - Started process (PID=423335) to work on /home/hamin081234/anaconda3/envs/airflow_env/lib/python3.11/site-packages/airflow/example_dags/example_setup_teardown_taskflow.py
[2024-11-01T11:56:12.804+0900] {processor.py:914} INFO - Processing file /home/hamin081234/anaconda3/envs/airflow_env/lib/python3.11/site-packages/airflow/example_dags/example_setup_teardown_taskflow.py for tasks to queue
[2024-11-01T11:56:12.805+0900] {logging_mixin.py:190} INFO - [2024-11-01T11:56:12.805+0900] {dagbag.py:588} INFO - Filling up the DagBag from /home/hamin081234/anaconda3/envs/airflow_env/lib/python3.11/site-packages/airflow/example_dags/example_setup_teardown_taskflow.py
[2024-11-01T11:56:12.812+0900] {processor.py:925} INFO - DAG(s) 'example_setup_teardown_taskflow' retrieved from /home/hamin081234/anaconda3/envs/airflow_env/lib/python3.11/site-packages/airflow/example_dags/example_setup_teardown_taskflow.py
[2024-11-01T11:56:12.821+0900] {logging_mixin.py:190} INFO - [2024-11-01T11:56:12.821+0900] {dag.py:3239} INFO - Sync 1 DAGs
[2024-11-01T11:56:12.828+0900] {logging_mixin.py:190} INFO - [2024-11-01T11:56:12.828+0900] {dag.py:4180} INFO - Setting next_dagrun for example_setup_teardown_taskflow to None, run_after=None
[2024-11-01T11:56:12.845+0900] {processor.py:208} INFO - Processing /home/hamin081234/anaconda3/envs/airflow_env/lib/python3.11/site-packages/airflow/example_dags/example_setup_teardown_taskflow.py took 0.045 seconds
[2024-11-01T11:57:03.883+0900] {processor.py:186} INFO - Started process (PID=424521) to work on /home/hamin081234/anaconda3/envs/airflow_env/lib/python3.11/site-packages/airflow/example_dags/example_setup_teardown_taskflow.py
[2024-11-01T11:57:03.884+0900] {processor.py:914} INFO - Processing file /home/hamin081234/anaconda3/envs/airflow_env/lib/python3.11/site-packages/airflow/example_dags/example_setup_teardown_taskflow.py for tasks to queue
[2024-11-01T11:57:03.886+0900] {logging_mixin.py:190} INFO - [2024-11-01T11:57:03.885+0900] {dagbag.py:588} INFO - Filling up the DagBag from /home/hamin081234/anaconda3/envs/airflow_env/lib/python3.11/site-packages/airflow/example_dags/example_setup_teardown_taskflow.py
[2024-11-01T11:57:03.895+0900] {processor.py:925} INFO - DAG(s) 'example_setup_teardown_taskflow' retrieved from /home/hamin081234/anaconda3/envs/airflow_env/lib/python3.11/site-packages/airflow/example_dags/example_setup_teardown_taskflow.py
[2024-11-01T11:57:03.907+0900] {logging_mixin.py:190} INFO - [2024-11-01T11:57:03.907+0900] {dag.py:3239} INFO - Sync 1 DAGs
[2024-11-01T11:57:03.914+0900] {logging_mixin.py:190} INFO - [2024-11-01T11:57:03.914+0900] {dag.py:4180} INFO - Setting next_dagrun for example_setup_teardown_taskflow to None, run_after=None
[2024-11-01T11:57:03.932+0900] {processor.py:208} INFO - Processing /home/hamin081234/anaconda3/envs/airflow_env/lib/python3.11/site-packages/airflow/example_dags/example_setup_teardown_taskflow.py took 0.054 seconds
[2024-11-01T11:57:54.415+0900] {processor.py:186} INFO - Started process (PID=425524) to work on /home/hamin081234/anaconda3/envs/airflow_env/lib/python3.11/site-packages/airflow/example_dags/example_setup_teardown_taskflow.py
[2024-11-01T11:57:54.424+0900] {processor.py:914} INFO - Processing file /home/hamin081234/anaconda3/envs/airflow_env/lib/python3.11/site-packages/airflow/example_dags/example_setup_teardown_taskflow.py for tasks to queue
[2024-11-01T11:57:54.426+0900] {logging_mixin.py:190} INFO - [2024-11-01T11:57:54.426+0900] {dagbag.py:588} INFO - Filling up the DagBag from /home/hamin081234/anaconda3/envs/airflow_env/lib/python3.11/site-packages/airflow/example_dags/example_setup_teardown_taskflow.py
[2024-11-01T11:57:54.433+0900] {processor.py:925} INFO - DAG(s) 'example_setup_teardown_taskflow' retrieved from /home/hamin081234/anaconda3/envs/airflow_env/lib/python3.11/site-packages/airflow/example_dags/example_setup_teardown_taskflow.py
[2024-11-01T11:57:54.443+0900] {logging_mixin.py:190} INFO - [2024-11-01T11:57:54.443+0900] {dag.py:3239} INFO - Sync 1 DAGs
[2024-11-01T11:57:54.450+0900] {logging_mixin.py:190} INFO - [2024-11-01T11:57:54.450+0900] {dag.py:4180} INFO - Setting next_dagrun for example_setup_teardown_taskflow to None, run_after=None
[2024-11-01T11:57:54.465+0900] {processor.py:208} INFO - Processing /home/hamin081234/anaconda3/envs/airflow_env/lib/python3.11/site-packages/airflow/example_dags/example_setup_teardown_taskflow.py took 0.054 seconds
