[2024-11-01T11:49:23.130+0900] {processor.py:186} INFO - Started process (PID=413952) to work on /home/hamin081234/anaconda3/envs/airflow_env/lib/python3.11/site-packages/airflow/example_dags/example_bash_decorator.py
[2024-11-01T11:49:23.130+0900] {processor.py:914} INFO - Processing file /home/hamin081234/anaconda3/envs/airflow_env/lib/python3.11/site-packages/airflow/example_dags/example_bash_decorator.py for tasks to queue
[2024-11-01T11:49:23.131+0900] {logging_mixin.py:190} INFO - [2024-11-01T11:49:23.131+0900] {dagbag.py:588} INFO - Filling up the DagBag from /home/hamin081234/anaconda3/envs/airflow_env/lib/python3.11/site-packages/airflow/example_dags/example_bash_decorator.py
[2024-11-01T11:49:23.142+0900] {processor.py:925} INFO - DAG(s) 'example_bash_decorator' retrieved from /home/hamin081234/anaconda3/envs/airflow_env/lib/python3.11/site-packages/airflow/example_dags/example_bash_decorator.py
[2024-11-01T11:49:23.224+0900] {logging_mixin.py:190} INFO - [2024-11-01T11:49:23.223+0900] {override.py:1900} INFO - Created Permission View: can delete on DAG:example_bash_decorator
[2024-11-01T11:49:23.237+0900] {logging_mixin.py:190} INFO - [2024-11-01T11:49:23.237+0900] {override.py:1900} INFO - Created Permission View: can edit on DAG:example_bash_decorator
[2024-11-01T11:49:23.249+0900] {logging_mixin.py:190} INFO - [2024-11-01T11:49:23.249+0900] {override.py:1900} INFO - Created Permission View: can read on DAG:example_bash_decorator
[2024-11-01T11:49:23.269+0900] {logging_mixin.py:190} INFO - [2024-11-01T11:49:23.269+0900] {override.py:1900} INFO - Created Permission View: menu access on DAG Run:example_bash_decorator
[2024-11-01T11:49:23.279+0900] {logging_mixin.py:190} INFO - [2024-11-01T11:49:23.279+0900] {override.py:1900} INFO - Created Permission View: can delete on DAG Run:example_bash_decorator
[2024-11-01T11:49:23.291+0900] {logging_mixin.py:190} INFO - [2024-11-01T11:49:23.291+0900] {override.py:1900} INFO - Created Permission View: can create on DAG Run:example_bash_decorator
[2024-11-01T11:49:23.301+0900] {logging_mixin.py:190} INFO - [2024-11-01T11:49:23.301+0900] {override.py:1900} INFO - Created Permission View: can read on DAG Run:example_bash_decorator
[2024-11-01T11:49:23.301+0900] {logging_mixin.py:190} INFO - [2024-11-01T11:49:23.301+0900] {dag.py:3239} INFO - Sync 1 DAGs
[2024-11-01T11:49:23.308+0900] {logging_mixin.py:190} INFO - [2024-11-01T11:49:23.308+0900] {dag.py:3262} INFO - Creating ORM DAG for example_bash_decorator
[2024-11-01T11:49:23.308+0900] {logging_mixin.py:190} INFO - [2024-11-01T11:49:23.308+0900] {dag.py:4180} INFO - Setting next_dagrun for example_bash_decorator to None, run_after=None
[2024-11-01T11:49:23.328+0900] {processor.py:208} INFO - Processing /home/hamin081234/anaconda3/envs/airflow_env/lib/python3.11/site-packages/airflow/example_dags/example_bash_decorator.py took 0.202 seconds
[2024-11-01T11:50:23.127+0900] {processor.py:186} INFO - Started process (PID=415136) to work on /home/hamin081234/anaconda3/envs/airflow_env/lib/python3.11/site-packages/airflow/example_dags/example_bash_decorator.py
[2024-11-01T11:50:23.135+0900] {processor.py:914} INFO - Processing file /home/hamin081234/anaconda3/envs/airflow_env/lib/python3.11/site-packages/airflow/example_dags/example_bash_decorator.py for tasks to queue
[2024-11-01T11:50:23.136+0900] {logging_mixin.py:190} INFO - [2024-11-01T11:50:23.136+0900] {dagbag.py:588} INFO - Filling up the DagBag from /home/hamin081234/anaconda3/envs/airflow_env/lib/python3.11/site-packages/airflow/example_dags/example_bash_decorator.py
[2024-11-01T11:50:23.146+0900] {processor.py:925} INFO - DAG(s) 'example_bash_decorator' retrieved from /home/hamin081234/anaconda3/envs/airflow_env/lib/python3.11/site-packages/airflow/example_dags/example_bash_decorator.py
[2024-11-01T11:50:23.156+0900] {logging_mixin.py:190} INFO - [2024-11-01T11:50:23.156+0900] {dag.py:3239} INFO - Sync 1 DAGs
[2024-11-01T11:50:23.164+0900] {logging_mixin.py:190} INFO - [2024-11-01T11:50:23.164+0900] {dag.py:4180} INFO - Setting next_dagrun for example_bash_decorator to None, run_after=None
[2024-11-01T11:50:23.182+0900] {processor.py:208} INFO - Processing /home/hamin081234/anaconda3/envs/airflow_env/lib/python3.11/site-packages/airflow/example_dags/example_bash_decorator.py took 0.059 seconds
[2024-11-01T11:51:14.948+0900] {processor.py:186} INFO - Started process (PID=416383) to work on /home/hamin081234/anaconda3/envs/airflow_env/lib/python3.11/site-packages/airflow/example_dags/example_bash_decorator.py
[2024-11-01T11:51:14.950+0900] {processor.py:914} INFO - Processing file /home/hamin081234/anaconda3/envs/airflow_env/lib/python3.11/site-packages/airflow/example_dags/example_bash_decorator.py for tasks to queue
[2024-11-01T11:51:14.952+0900] {logging_mixin.py:190} INFO - [2024-11-01T11:51:14.952+0900] {dagbag.py:588} INFO - Filling up the DagBag from /home/hamin081234/anaconda3/envs/airflow_env/lib/python3.11/site-packages/airflow/example_dags/example_bash_decorator.py
[2024-11-01T11:51:14.964+0900] {processor.py:925} INFO - DAG(s) 'example_bash_decorator' retrieved from /home/hamin081234/anaconda3/envs/airflow_env/lib/python3.11/site-packages/airflow/example_dags/example_bash_decorator.py
[2024-11-01T11:51:14.979+0900] {logging_mixin.py:190} INFO - [2024-11-01T11:51:14.978+0900] {dag.py:3239} INFO - Sync 1 DAGs
[2024-11-01T11:51:14.986+0900] {logging_mixin.py:190} INFO - [2024-11-01T11:51:14.986+0900] {dag.py:4180} INFO - Setting next_dagrun for example_bash_decorator to None, run_after=None
[2024-11-01T11:51:15.006+0900] {processor.py:208} INFO - Processing /home/hamin081234/anaconda3/envs/airflow_env/lib/python3.11/site-packages/airflow/example_dags/example_bash_decorator.py took 0.062 seconds
[2024-11-01T11:52:18.387+0900] {processor.py:186} INFO - Started process (PID=417955) to work on /home/hamin081234/anaconda3/envs/airflow_env/lib/python3.11/site-packages/airflow/example_dags/example_bash_decorator.py
[2024-11-01T11:52:18.396+0900] {processor.py:914} INFO - Processing file /home/hamin081234/anaconda3/envs/airflow_env/lib/python3.11/site-packages/airflow/example_dags/example_bash_decorator.py for tasks to queue
[2024-11-01T11:52:18.399+0900] {logging_mixin.py:190} INFO - [2024-11-01T11:52:18.399+0900] {dagbag.py:588} INFO - Filling up the DagBag from /home/hamin081234/anaconda3/envs/airflow_env/lib/python3.11/site-packages/airflow/example_dags/example_bash_decorator.py
[2024-11-01T11:52:18.411+0900] {processor.py:925} INFO - DAG(s) 'example_bash_decorator' retrieved from /home/hamin081234/anaconda3/envs/airflow_env/lib/python3.11/site-packages/airflow/example_dags/example_bash_decorator.py
[2024-11-01T11:52:18.426+0900] {logging_mixin.py:190} INFO - [2024-11-01T11:52:18.425+0900] {dag.py:3239} INFO - Sync 1 DAGs
[2024-11-01T11:52:18.435+0900] {logging_mixin.py:190} INFO - [2024-11-01T11:52:18.435+0900] {dag.py:4180} INFO - Setting next_dagrun for example_bash_decorator to None, run_after=None
[2024-11-01T11:52:18.452+0900] {processor.py:208} INFO - Processing /home/hamin081234/anaconda3/envs/airflow_env/lib/python3.11/site-packages/airflow/example_dags/example_bash_decorator.py took 0.071 seconds
[2024-11-01T11:53:12.998+0900] {processor.py:186} INFO - Started process (PID=419217) to work on /home/hamin081234/anaconda3/envs/airflow_env/lib/python3.11/site-packages/airflow/example_dags/example_bash_decorator.py
[2024-11-01T11:53:12.999+0900] {processor.py:914} INFO - Processing file /home/hamin081234/anaconda3/envs/airflow_env/lib/python3.11/site-packages/airflow/example_dags/example_bash_decorator.py for tasks to queue
[2024-11-01T11:53:13.001+0900] {logging_mixin.py:190} INFO - [2024-11-01T11:53:13.001+0900] {dagbag.py:588} INFO - Filling up the DagBag from /home/hamin081234/anaconda3/envs/airflow_env/lib/python3.11/site-packages/airflow/example_dags/example_bash_decorator.py
[2024-11-01T11:53:13.010+0900] {processor.py:925} INFO - DAG(s) 'example_bash_decorator' retrieved from /home/hamin081234/anaconda3/envs/airflow_env/lib/python3.11/site-packages/airflow/example_dags/example_bash_decorator.py
[2024-11-01T11:53:13.020+0900] {logging_mixin.py:190} INFO - [2024-11-01T11:53:13.020+0900] {dag.py:3239} INFO - Sync 1 DAGs
[2024-11-01T11:53:13.027+0900] {logging_mixin.py:190} INFO - [2024-11-01T11:53:13.027+0900] {dag.py:4180} INFO - Setting next_dagrun for example_bash_decorator to None, run_after=None
[2024-11-01T11:53:13.047+0900] {processor.py:208} INFO - Processing /home/hamin081234/anaconda3/envs/airflow_env/lib/python3.11/site-packages/airflow/example_dags/example_bash_decorator.py took 0.052 seconds
[2024-11-01T11:54:04.649+0900] {processor.py:186} INFO - Started process (PID=420186) to work on /home/hamin081234/anaconda3/envs/airflow_env/lib/python3.11/site-packages/airflow/example_dags/example_bash_decorator.py
[2024-11-01T11:54:04.657+0900] {processor.py:914} INFO - Processing file /home/hamin081234/anaconda3/envs/airflow_env/lib/python3.11/site-packages/airflow/example_dags/example_bash_decorator.py for tasks to queue
[2024-11-01T11:54:04.659+0900] {logging_mixin.py:190} INFO - [2024-11-01T11:54:04.659+0900] {dagbag.py:588} INFO - Filling up the DagBag from /home/hamin081234/anaconda3/envs/airflow_env/lib/python3.11/site-packages/airflow/example_dags/example_bash_decorator.py
[2024-11-01T11:54:04.671+0900] {processor.py:925} INFO - DAG(s) 'example_bash_decorator' retrieved from /home/hamin081234/anaconda3/envs/airflow_env/lib/python3.11/site-packages/airflow/example_dags/example_bash_decorator.py
[2024-11-01T11:54:04.681+0900] {logging_mixin.py:190} INFO - [2024-11-01T11:54:04.681+0900] {dag.py:3239} INFO - Sync 1 DAGs
[2024-11-01T11:54:04.689+0900] {logging_mixin.py:190} INFO - [2024-11-01T11:54:04.688+0900] {dag.py:4180} INFO - Setting next_dagrun for example_bash_decorator to None, run_after=None
[2024-11-01T11:54:04.706+0900] {processor.py:208} INFO - Processing /home/hamin081234/anaconda3/envs/airflow_env/lib/python3.11/site-packages/airflow/example_dags/example_bash_decorator.py took 0.061 seconds
[2024-11-01T11:54:57.415+0900] {processor.py:186} INFO - Started process (PID=421580) to work on /home/hamin081234/anaconda3/envs/airflow_env/lib/python3.11/site-packages/airflow/example_dags/example_bash_decorator.py
[2024-11-01T11:54:57.416+0900] {processor.py:914} INFO - Processing file /home/hamin081234/anaconda3/envs/airflow_env/lib/python3.11/site-packages/airflow/example_dags/example_bash_decorator.py for tasks to queue
[2024-11-01T11:54:57.417+0900] {logging_mixin.py:190} INFO - [2024-11-01T11:54:57.417+0900] {dagbag.py:588} INFO - Filling up the DagBag from /home/hamin081234/anaconda3/envs/airflow_env/lib/python3.11/site-packages/airflow/example_dags/example_bash_decorator.py
[2024-11-01T11:54:57.425+0900] {processor.py:925} INFO - DAG(s) 'example_bash_decorator' retrieved from /home/hamin081234/anaconda3/envs/airflow_env/lib/python3.11/site-packages/airflow/example_dags/example_bash_decorator.py
[2024-11-01T11:54:57.437+0900] {logging_mixin.py:190} INFO - [2024-11-01T11:54:57.437+0900] {dag.py:3239} INFO - Sync 1 DAGs
[2024-11-01T11:54:57.444+0900] {logging_mixin.py:190} INFO - [2024-11-01T11:54:57.444+0900] {dag.py:4180} INFO - Setting next_dagrun for example_bash_decorator to None, run_after=None
[2024-11-01T11:54:57.463+0900] {processor.py:208} INFO - Processing /home/hamin081234/anaconda3/envs/airflow_env/lib/python3.11/site-packages/airflow/example_dags/example_bash_decorator.py took 0.051 seconds
[2024-11-01T11:55:47.079+0900] {processor.py:186} INFO - Started process (PID=422786) to work on /home/hamin081234/anaconda3/envs/airflow_env/lib/python3.11/site-packages/airflow/example_dags/example_bash_decorator.py
[2024-11-01T11:55:47.080+0900] {processor.py:914} INFO - Processing file /home/hamin081234/anaconda3/envs/airflow_env/lib/python3.11/site-packages/airflow/example_dags/example_bash_decorator.py for tasks to queue
[2024-11-01T11:55:47.082+0900] {logging_mixin.py:190} INFO - [2024-11-01T11:55:47.082+0900] {dagbag.py:588} INFO - Filling up the DagBag from /home/hamin081234/anaconda3/envs/airflow_env/lib/python3.11/site-packages/airflow/example_dags/example_bash_decorator.py
[2024-11-01T11:55:47.093+0900] {processor.py:925} INFO - DAG(s) 'example_bash_decorator' retrieved from /home/hamin081234/anaconda3/envs/airflow_env/lib/python3.11/site-packages/airflow/example_dags/example_bash_decorator.py
[2024-11-01T11:55:47.103+0900] {logging_mixin.py:190} INFO - [2024-11-01T11:55:47.103+0900] {dag.py:3239} INFO - Sync 1 DAGs
[2024-11-01T11:55:47.110+0900] {logging_mixin.py:190} INFO - [2024-11-01T11:55:47.109+0900] {dag.py:4180} INFO - Setting next_dagrun for example_bash_decorator to None, run_after=None
[2024-11-01T11:55:47.126+0900] {processor.py:208} INFO - Processing /home/hamin081234/anaconda3/envs/airflow_env/lib/python3.11/site-packages/airflow/example_dags/example_bash_decorator.py took 0.051 seconds
[2024-11-01T11:56:39.021+0900] {processor.py:186} INFO - Started process (PID=423754) to work on /home/hamin081234/anaconda3/envs/airflow_env/lib/python3.11/site-packages/airflow/example_dags/example_bash_decorator.py
[2024-11-01T11:56:39.030+0900] {processor.py:914} INFO - Processing file /home/hamin081234/anaconda3/envs/airflow_env/lib/python3.11/site-packages/airflow/example_dags/example_bash_decorator.py for tasks to queue
[2024-11-01T11:56:39.033+0900] {logging_mixin.py:190} INFO - [2024-11-01T11:56:39.033+0900] {dagbag.py:588} INFO - Filling up the DagBag from /home/hamin081234/anaconda3/envs/airflow_env/lib/python3.11/site-packages/airflow/example_dags/example_bash_decorator.py
[2024-11-01T11:56:39.045+0900] {processor.py:925} INFO - DAG(s) 'example_bash_decorator' retrieved from /home/hamin081234/anaconda3/envs/airflow_env/lib/python3.11/site-packages/airflow/example_dags/example_bash_decorator.py
[2024-11-01T11:56:39.055+0900] {logging_mixin.py:190} INFO - [2024-11-01T11:56:39.055+0900] {dag.py:3239} INFO - Sync 1 DAGs
[2024-11-01T11:56:39.061+0900] {logging_mixin.py:190} INFO - [2024-11-01T11:56:39.061+0900] {dag.py:4180} INFO - Setting next_dagrun for example_bash_decorator to None, run_after=None
[2024-11-01T11:56:39.078+0900] {processor.py:208} INFO - Processing /home/hamin081234/anaconda3/envs/airflow_env/lib/python3.11/site-packages/airflow/example_dags/example_bash_decorator.py took 0.062 seconds
[2024-11-01T11:57:28.388+0900] {processor.py:186} INFO - Started process (PID=425079) to work on /home/hamin081234/anaconda3/envs/airflow_env/lib/python3.11/site-packages/airflow/example_dags/example_bash_decorator.py
[2024-11-01T11:57:28.390+0900] {processor.py:914} INFO - Processing file /home/hamin081234/anaconda3/envs/airflow_env/lib/python3.11/site-packages/airflow/example_dags/example_bash_decorator.py for tasks to queue
[2024-11-01T11:57:28.392+0900] {logging_mixin.py:190} INFO - [2024-11-01T11:57:28.391+0900] {dagbag.py:588} INFO - Filling up the DagBag from /home/hamin081234/anaconda3/envs/airflow_env/lib/python3.11/site-packages/airflow/example_dags/example_bash_decorator.py
[2024-11-01T11:57:28.401+0900] {processor.py:925} INFO - DAG(s) 'example_bash_decorator' retrieved from /home/hamin081234/anaconda3/envs/airflow_env/lib/python3.11/site-packages/airflow/example_dags/example_bash_decorator.py
[2024-11-01T11:57:28.412+0900] {logging_mixin.py:190} INFO - [2024-11-01T11:57:28.411+0900] {dag.py:3239} INFO - Sync 1 DAGs
[2024-11-01T11:57:28.418+0900] {logging_mixin.py:190} INFO - [2024-11-01T11:57:28.418+0900] {dag.py:4180} INFO - Setting next_dagrun for example_bash_decorator to None, run_after=None
[2024-11-01T11:57:28.436+0900] {processor.py:208} INFO - Processing /home/hamin081234/anaconda3/envs/airflow_env/lib/python3.11/site-packages/airflow/example_dags/example_bash_decorator.py took 0.052 seconds
