[2024-11-01T11:49:16.566+0900] {processor.py:186} INFO - Started process (PID=413779) to work on /home/hamin081234/anaconda3/envs/airflow_env/lib/python3.11/site-packages/airflow/example_dags/example_subdag_operator.py
[2024-11-01T11:49:16.567+0900] {processor.py:914} INFO - Processing file /home/hamin081234/anaconda3/envs/airflow_env/lib/python3.11/site-packages/airflow/example_dags/example_subdag_operator.py for tasks to queue
[2024-11-01T11:49:16.569+0900] {logging_mixin.py:190} INFO - [2024-11-01T11:49:16.568+0900] {dagbag.py:588} INFO - Filling up the DagBag from /home/hamin081234/anaconda3/envs/airflow_env/lib/python3.11/site-packages/airflow/example_dags/example_subdag_operator.py
[2024-11-01T11:49:16.584+0900] {processor.py:925} INFO - DAG(s) 'example_subdag_operator.section-1', 'example_subdag_operator.section-2', 'example_subdag_operator' retrieved from /home/hamin081234/anaconda3/envs/airflow_env/lib/python3.11/site-packages/airflow/example_dags/example_subdag_operator.py
[2024-11-01T11:49:16.657+0900] {logging_mixin.py:190} INFO - [2024-11-01T11:49:16.656+0900] {override.py:1900} INFO - Created Permission View: can delete on DAG:example_subdag_operator
[2024-11-01T11:49:16.673+0900] {logging_mixin.py:190} INFO - [2024-11-01T11:49:16.672+0900] {override.py:1900} INFO - Created Permission View: can edit on DAG:example_subdag_operator
[2024-11-01T11:49:16.684+0900] {logging_mixin.py:190} INFO - [2024-11-01T11:49:16.684+0900] {override.py:1900} INFO - Created Permission View: can read on DAG:example_subdag_operator
[2024-11-01T11:49:16.704+0900] {logging_mixin.py:190} INFO - [2024-11-01T11:49:16.704+0900] {override.py:1900} INFO - Created Permission View: menu access on DAG Run:example_subdag_operator
[2024-11-01T11:49:16.714+0900] {logging_mixin.py:190} INFO - [2024-11-01T11:49:16.714+0900] {override.py:1900} INFO - Created Permission View: can delete on DAG Run:example_subdag_operator
[2024-11-01T11:49:16.724+0900] {logging_mixin.py:190} INFO - [2024-11-01T11:49:16.724+0900] {override.py:1900} INFO - Created Permission View: can create on DAG Run:example_subdag_operator
[2024-11-01T11:49:16.734+0900] {logging_mixin.py:190} INFO - [2024-11-01T11:49:16.734+0900] {override.py:1900} INFO - Created Permission View: can read on DAG Run:example_subdag_operator
[2024-11-01T11:49:16.734+0900] {logging_mixin.py:190} INFO - [2024-11-01T11:49:16.734+0900] {dag.py:3239} INFO - Sync 3 DAGs
[2024-11-01T11:49:16.740+0900] {logging_mixin.py:190} INFO - [2024-11-01T11:49:16.740+0900] {dag.py:3262} INFO - Creating ORM DAG for example_subdag_operator.section-2
[2024-11-01T11:49:16.741+0900] {logging_mixin.py:190} INFO - [2024-11-01T11:49:16.741+0900] {dag.py:3262} INFO - Creating ORM DAG for example_subdag_operator
[2024-11-01T11:49:16.741+0900] {logging_mixin.py:190} INFO - [2024-11-01T11:49:16.741+0900] {dag.py:3262} INFO - Creating ORM DAG for example_subdag_operator.section-1
[2024-11-01T11:49:16.745+0900] {logging_mixin.py:190} INFO - [2024-11-01T11:49:16.745+0900] {dag.py:4180} INFO - Setting next_dagrun for example_subdag_operator to 2022-01-01 00:00:00+00:00, run_after=2022-01-01 00:00:00+00:00
[2024-11-01T11:49:16.745+0900] {logging_mixin.py:190} INFO - [2024-11-01T11:49:16.745+0900] {dag.py:4180} INFO - Setting next_dagrun for example_subdag_operator.section-1 to None, run_after=None
[2024-11-01T11:49:16.745+0900] {logging_mixin.py:190} INFO - [2024-11-01T11:49:16.745+0900] {dag.py:4180} INFO - Setting next_dagrun for example_subdag_operator.section-2 to None, run_after=None
[2024-11-01T11:49:16.748+0900] {logging_mixin.py:190} INFO - [2024-11-01T11:49:16.748+0900] {dag.py:3239} INFO - Sync 2 DAGs
[2024-11-01T11:49:16.750+0900] {logging_mixin.py:190} INFO - [2024-11-01T11:49:16.750+0900] {dag.py:4180} INFO - Setting next_dagrun for example_subdag_operator.section-1 to None, run_after=None
[2024-11-01T11:49:16.751+0900] {logging_mixin.py:190} INFO - [2024-11-01T11:49:16.751+0900] {dag.py:4180} INFO - Setting next_dagrun for example_subdag_operator.section-2 to None, run_after=None
[2024-11-01T11:49:16.769+0900] {processor.py:208} INFO - Processing /home/hamin081234/anaconda3/envs/airflow_env/lib/python3.11/site-packages/airflow/example_dags/example_subdag_operator.py took 0.206 seconds
[2024-11-01T11:50:16.845+0900] {processor.py:186} INFO - Started process (PID=415036) to work on /home/hamin081234/anaconda3/envs/airflow_env/lib/python3.11/site-packages/airflow/example_dags/example_subdag_operator.py
[2024-11-01T11:50:16.853+0900] {processor.py:914} INFO - Processing file /home/hamin081234/anaconda3/envs/airflow_env/lib/python3.11/site-packages/airflow/example_dags/example_subdag_operator.py for tasks to queue
[2024-11-01T11:50:16.855+0900] {logging_mixin.py:190} INFO - [2024-11-01T11:50:16.854+0900] {dagbag.py:588} INFO - Filling up the DagBag from /home/hamin081234/anaconda3/envs/airflow_env/lib/python3.11/site-packages/airflow/example_dags/example_subdag_operator.py
[2024-11-01T11:50:16.867+0900] {processor.py:925} INFO - DAG(s) 'example_subdag_operator.section-1', 'example_subdag_operator.section-2', 'example_subdag_operator' retrieved from /home/hamin081234/anaconda3/envs/airflow_env/lib/python3.11/site-packages/airflow/example_dags/example_subdag_operator.py
[2024-11-01T11:50:16.876+0900] {logging_mixin.py:190} INFO - [2024-11-01T11:50:16.875+0900] {dag.py:3239} INFO - Sync 3 DAGs
[2024-11-01T11:50:16.886+0900] {logging_mixin.py:190} INFO - [2024-11-01T11:50:16.886+0900] {dag.py:4180} INFO - Setting next_dagrun for example_subdag_operator to 2022-01-01 00:00:00+00:00, run_after=2022-01-01 00:00:00+00:00
[2024-11-01T11:50:16.887+0900] {logging_mixin.py:190} INFO - [2024-11-01T11:50:16.887+0900] {dag.py:4180} INFO - Setting next_dagrun for example_subdag_operator.section-1 to None, run_after=None
[2024-11-01T11:50:16.888+0900] {logging_mixin.py:190} INFO - [2024-11-01T11:50:16.888+0900] {dag.py:4180} INFO - Setting next_dagrun for example_subdag_operator.section-2 to None, run_after=None
[2024-11-01T11:50:16.891+0900] {logging_mixin.py:190} INFO - [2024-11-01T11:50:16.891+0900] {dag.py:3239} INFO - Sync 2 DAGs
[2024-11-01T11:50:16.892+0900] {logging_mixin.py:190} INFO - [2024-11-01T11:50:16.892+0900] {dag.py:4180} INFO - Setting next_dagrun for example_subdag_operator.section-1 to None, run_after=None
[2024-11-01T11:50:16.893+0900] {logging_mixin.py:190} INFO - [2024-11-01T11:50:16.892+0900] {dag.py:4180} INFO - Setting next_dagrun for example_subdag_operator.section-2 to None, run_after=None
[2024-11-01T11:50:16.905+0900] {processor.py:208} INFO - Processing /home/hamin081234/anaconda3/envs/airflow_env/lib/python3.11/site-packages/airflow/example_dags/example_subdag_operator.py took 0.064 seconds
[2024-11-01T11:51:09.406+0900] {processor.py:186} INFO - Started process (PID=416265) to work on /home/hamin081234/anaconda3/envs/airflow_env/lib/python3.11/site-packages/airflow/example_dags/example_subdag_operator.py
[2024-11-01T11:51:09.414+0900] {processor.py:914} INFO - Processing file /home/hamin081234/anaconda3/envs/airflow_env/lib/python3.11/site-packages/airflow/example_dags/example_subdag_operator.py for tasks to queue
[2024-11-01T11:51:09.416+0900] {logging_mixin.py:190} INFO - [2024-11-01T11:51:09.416+0900] {dagbag.py:588} INFO - Filling up the DagBag from /home/hamin081234/anaconda3/envs/airflow_env/lib/python3.11/site-packages/airflow/example_dags/example_subdag_operator.py
[2024-11-01T11:51:09.429+0900] {processor.py:925} INFO - DAG(s) 'example_subdag_operator.section-1', 'example_subdag_operator.section-2', 'example_subdag_operator' retrieved from /home/hamin081234/anaconda3/envs/airflow_env/lib/python3.11/site-packages/airflow/example_dags/example_subdag_operator.py
[2024-11-01T11:51:09.437+0900] {logging_mixin.py:190} INFO - [2024-11-01T11:51:09.437+0900] {dag.py:3239} INFO - Sync 3 DAGs
[2024-11-01T11:51:09.449+0900] {logging_mixin.py:190} INFO - [2024-11-01T11:51:09.449+0900] {dag.py:4180} INFO - Setting next_dagrun for example_subdag_operator to 2022-01-01 00:00:00+00:00, run_after=2022-01-01 00:00:00+00:00
[2024-11-01T11:51:09.451+0900] {logging_mixin.py:190} INFO - [2024-11-01T11:51:09.450+0900] {dag.py:4180} INFO - Setting next_dagrun for example_subdag_operator.section-1 to None, run_after=None
[2024-11-01T11:51:09.451+0900] {logging_mixin.py:190} INFO - [2024-11-01T11:51:09.451+0900] {dag.py:4180} INFO - Setting next_dagrun for example_subdag_operator.section-2 to None, run_after=None
[2024-11-01T11:51:09.454+0900] {logging_mixin.py:190} INFO - [2024-11-01T11:51:09.454+0900] {dag.py:3239} INFO - Sync 2 DAGs
[2024-11-01T11:51:09.456+0900] {logging_mixin.py:190} INFO - [2024-11-01T11:51:09.456+0900] {dag.py:4180} INFO - Setting next_dagrun for example_subdag_operator.section-1 to None, run_after=None
[2024-11-01T11:51:09.457+0900] {logging_mixin.py:190} INFO - [2024-11-01T11:51:09.457+0900] {dag.py:4180} INFO - Setting next_dagrun for example_subdag_operator.section-2 to None, run_after=None
[2024-11-01T11:51:09.471+0900] {processor.py:208} INFO - Processing /home/hamin081234/anaconda3/envs/airflow_env/lib/python3.11/site-packages/airflow/example_dags/example_subdag_operator.py took 0.068 seconds
[2024-11-01T11:51:59.579+0900] {processor.py:186} INFO - Started process (PID=417518) to work on /home/hamin081234/anaconda3/envs/airflow_env/lib/python3.11/site-packages/airflow/example_dags/example_subdag_operator.py
[2024-11-01T11:51:59.588+0900] {processor.py:914} INFO - Processing file /home/hamin081234/anaconda3/envs/airflow_env/lib/python3.11/site-packages/airflow/example_dags/example_subdag_operator.py for tasks to queue
[2024-11-01T11:51:59.590+0900] {logging_mixin.py:190} INFO - [2024-11-01T11:51:59.590+0900] {dagbag.py:588} INFO - Filling up the DagBag from /home/hamin081234/anaconda3/envs/airflow_env/lib/python3.11/site-packages/airflow/example_dags/example_subdag_operator.py
[2024-11-01T11:51:59.605+0900] {processor.py:925} INFO - DAG(s) 'example_subdag_operator.section-1', 'example_subdag_operator.section-2', 'example_subdag_operator' retrieved from /home/hamin081234/anaconda3/envs/airflow_env/lib/python3.11/site-packages/airflow/example_dags/example_subdag_operator.py
[2024-11-01T11:51:59.614+0900] {logging_mixin.py:190} INFO - [2024-11-01T11:51:59.614+0900] {dag.py:3239} INFO - Sync 3 DAGs
[2024-11-01T11:51:59.625+0900] {logging_mixin.py:190} INFO - [2024-11-01T11:51:59.625+0900] {dag.py:4180} INFO - Setting next_dagrun for example_subdag_operator to 2022-01-01 00:00:00+00:00, run_after=2022-01-01 00:00:00+00:00
[2024-11-01T11:51:59.627+0900] {logging_mixin.py:190} INFO - [2024-11-01T11:51:59.626+0900] {dag.py:4180} INFO - Setting next_dagrun for example_subdag_operator.section-1 to None, run_after=None
[2024-11-01T11:51:59.627+0900] {logging_mixin.py:190} INFO - [2024-11-01T11:51:59.627+0900] {dag.py:4180} INFO - Setting next_dagrun for example_subdag_operator.section-2 to None, run_after=None
[2024-11-01T11:51:59.630+0900] {logging_mixin.py:190} INFO - [2024-11-01T11:51:59.630+0900] {dag.py:3239} INFO - Sync 2 DAGs
[2024-11-01T11:51:59.633+0900] {logging_mixin.py:190} INFO - [2024-11-01T11:51:59.633+0900] {dag.py:4180} INFO - Setting next_dagrun for example_subdag_operator.section-1 to None, run_after=None
[2024-11-01T11:51:59.633+0900] {logging_mixin.py:190} INFO - [2024-11-01T11:51:59.633+0900] {dag.py:4180} INFO - Setting next_dagrun for example_subdag_operator.section-2 to None, run_after=None
[2024-11-01T11:51:59.647+0900] {processor.py:208} INFO - Processing /home/hamin081234/anaconda3/envs/airflow_env/lib/python3.11/site-packages/airflow/example_dags/example_subdag_operator.py took 0.072 seconds
[2024-11-01T11:52:59.927+0900] {processor.py:186} INFO - Started process (PID=418792) to work on /home/hamin081234/anaconda3/envs/airflow_env/lib/python3.11/site-packages/airflow/example_dags/example_subdag_operator.py
[2024-11-01T11:52:59.928+0900] {processor.py:914} INFO - Processing file /home/hamin081234/anaconda3/envs/airflow_env/lib/python3.11/site-packages/airflow/example_dags/example_subdag_operator.py for tasks to queue
[2024-11-01T11:52:59.929+0900] {logging_mixin.py:190} INFO - [2024-11-01T11:52:59.929+0900] {dagbag.py:588} INFO - Filling up the DagBag from /home/hamin081234/anaconda3/envs/airflow_env/lib/python3.11/site-packages/airflow/example_dags/example_subdag_operator.py
[2024-11-01T11:52:59.942+0900] {processor.py:925} INFO - DAG(s) 'example_subdag_operator.section-1', 'example_subdag_operator.section-2', 'example_subdag_operator' retrieved from /home/hamin081234/anaconda3/envs/airflow_env/lib/python3.11/site-packages/airflow/example_dags/example_subdag_operator.py
[2024-11-01T11:52:59.949+0900] {logging_mixin.py:190} INFO - [2024-11-01T11:52:59.949+0900] {dag.py:3239} INFO - Sync 3 DAGs
[2024-11-01T11:52:59.959+0900] {logging_mixin.py:190} INFO - [2024-11-01T11:52:59.959+0900] {dag.py:4180} INFO - Setting next_dagrun for example_subdag_operator to 2022-01-01 00:00:00+00:00, run_after=2022-01-01 00:00:00+00:00
[2024-11-01T11:52:59.961+0900] {logging_mixin.py:190} INFO - [2024-11-01T11:52:59.961+0900] {dag.py:4180} INFO - Setting next_dagrun for example_subdag_operator.section-1 to None, run_after=None
[2024-11-01T11:52:59.961+0900] {logging_mixin.py:190} INFO - [2024-11-01T11:52:59.961+0900] {dag.py:4180} INFO - Setting next_dagrun for example_subdag_operator.section-2 to None, run_after=None
[2024-11-01T11:52:59.964+0900] {logging_mixin.py:190} INFO - [2024-11-01T11:52:59.964+0900] {dag.py:3239} INFO - Sync 2 DAGs
[2024-11-01T11:52:59.966+0900] {logging_mixin.py:190} INFO - [2024-11-01T11:52:59.966+0900] {dag.py:4180} INFO - Setting next_dagrun for example_subdag_operator.section-1 to None, run_after=None
[2024-11-01T11:52:59.966+0900] {logging_mixin.py:190} INFO - [2024-11-01T11:52:59.966+0900] {dag.py:4180} INFO - Setting next_dagrun for example_subdag_operator.section-2 to None, run_after=None
[2024-11-01T11:52:59.983+0900] {processor.py:208} INFO - Processing /home/hamin081234/anaconda3/envs/airflow_env/lib/python3.11/site-packages/airflow/example_dags/example_subdag_operator.py took 0.060 seconds
[2024-11-01T11:53:51.789+0900] {processor.py:186} INFO - Started process (PID=419987) to work on /home/hamin081234/anaconda3/envs/airflow_env/lib/python3.11/site-packages/airflow/example_dags/example_subdag_operator.py
[2024-11-01T11:53:51.790+0900] {processor.py:914} INFO - Processing file /home/hamin081234/anaconda3/envs/airflow_env/lib/python3.11/site-packages/airflow/example_dags/example_subdag_operator.py for tasks to queue
[2024-11-01T11:53:51.791+0900] {logging_mixin.py:190} INFO - [2024-11-01T11:53:51.791+0900] {dagbag.py:588} INFO - Filling up the DagBag from /home/hamin081234/anaconda3/envs/airflow_env/lib/python3.11/site-packages/airflow/example_dags/example_subdag_operator.py
[2024-11-01T11:53:51.806+0900] {processor.py:925} INFO - DAG(s) 'example_subdag_operator.section-1', 'example_subdag_operator.section-2', 'example_subdag_operator' retrieved from /home/hamin081234/anaconda3/envs/airflow_env/lib/python3.11/site-packages/airflow/example_dags/example_subdag_operator.py
[2024-11-01T11:53:51.814+0900] {logging_mixin.py:190} INFO - [2024-11-01T11:53:51.814+0900] {dag.py:3239} INFO - Sync 3 DAGs
[2024-11-01T11:53:51.824+0900] {logging_mixin.py:190} INFO - [2024-11-01T11:53:51.824+0900] {dag.py:4180} INFO - Setting next_dagrun for example_subdag_operator to 2022-01-01 00:00:00+00:00, run_after=2022-01-01 00:00:00+00:00
[2024-11-01T11:53:51.826+0900] {logging_mixin.py:190} INFO - [2024-11-01T11:53:51.826+0900] {dag.py:4180} INFO - Setting next_dagrun for example_subdag_operator.section-1 to None, run_after=None
[2024-11-01T11:53:51.826+0900] {logging_mixin.py:190} INFO - [2024-11-01T11:53:51.826+0900] {dag.py:4180} INFO - Setting next_dagrun for example_subdag_operator.section-2 to None, run_after=None
[2024-11-01T11:53:51.829+0900] {logging_mixin.py:190} INFO - [2024-11-01T11:53:51.829+0900] {dag.py:3239} INFO - Sync 2 DAGs
[2024-11-01T11:53:51.831+0900] {logging_mixin.py:190} INFO - [2024-11-01T11:53:51.831+0900] {dag.py:4180} INFO - Setting next_dagrun for example_subdag_operator.section-1 to None, run_after=None
[2024-11-01T11:53:51.831+0900] {logging_mixin.py:190} INFO - [2024-11-01T11:53:51.831+0900] {dag.py:4180} INFO - Setting next_dagrun for example_subdag_operator.section-2 to None, run_after=None
[2024-11-01T11:53:51.844+0900] {processor.py:208} INFO - Processing /home/hamin081234/anaconda3/envs/airflow_env/lib/python3.11/site-packages/airflow/example_dags/example_subdag_operator.py took 0.059 seconds
[2024-11-01T11:54:44.032+0900] {processor.py:186} INFO - Started process (PID=421325) to work on /home/hamin081234/anaconda3/envs/airflow_env/lib/python3.11/site-packages/airflow/example_dags/example_subdag_operator.py
[2024-11-01T11:54:44.033+0900] {processor.py:914} INFO - Processing file /home/hamin081234/anaconda3/envs/airflow_env/lib/python3.11/site-packages/airflow/example_dags/example_subdag_operator.py for tasks to queue
[2024-11-01T11:54:44.034+0900] {logging_mixin.py:190} INFO - [2024-11-01T11:54:44.034+0900] {dagbag.py:588} INFO - Filling up the DagBag from /home/hamin081234/anaconda3/envs/airflow_env/lib/python3.11/site-packages/airflow/example_dags/example_subdag_operator.py
[2024-11-01T11:54:44.046+0900] {processor.py:925} INFO - DAG(s) 'example_subdag_operator.section-1', 'example_subdag_operator.section-2', 'example_subdag_operator' retrieved from /home/hamin081234/anaconda3/envs/airflow_env/lib/python3.11/site-packages/airflow/example_dags/example_subdag_operator.py
[2024-11-01T11:54:44.054+0900] {logging_mixin.py:190} INFO - [2024-11-01T11:54:44.054+0900] {dag.py:3239} INFO - Sync 3 DAGs
[2024-11-01T11:54:44.064+0900] {logging_mixin.py:190} INFO - [2024-11-01T11:54:44.064+0900] {dag.py:4180} INFO - Setting next_dagrun for example_subdag_operator to 2022-01-01 00:00:00+00:00, run_after=2022-01-01 00:00:00+00:00
[2024-11-01T11:54:44.066+0900] {logging_mixin.py:190} INFO - [2024-11-01T11:54:44.066+0900] {dag.py:4180} INFO - Setting next_dagrun for example_subdag_operator.section-1 to None, run_after=None
[2024-11-01T11:54:44.066+0900] {logging_mixin.py:190} INFO - [2024-11-01T11:54:44.066+0900] {dag.py:4180} INFO - Setting next_dagrun for example_subdag_operator.section-2 to None, run_after=None
[2024-11-01T11:54:44.069+0900] {logging_mixin.py:190} INFO - [2024-11-01T11:54:44.069+0900] {dag.py:3239} INFO - Sync 2 DAGs
[2024-11-01T11:54:44.071+0900] {logging_mixin.py:190} INFO - [2024-11-01T11:54:44.071+0900] {dag.py:4180} INFO - Setting next_dagrun for example_subdag_operator.section-1 to None, run_after=None
[2024-11-01T11:54:44.071+0900] {logging_mixin.py:190} INFO - [2024-11-01T11:54:44.071+0900] {dag.py:4180} INFO - Setting next_dagrun for example_subdag_operator.section-2 to None, run_after=None
[2024-11-01T11:54:44.085+0900] {processor.py:208} INFO - Processing /home/hamin081234/anaconda3/envs/airflow_env/lib/python3.11/site-packages/airflow/example_dags/example_subdag_operator.py took 0.057 seconds
[2024-11-01T11:55:34.683+0900] {processor.py:186} INFO - Started process (PID=422350) to work on /home/hamin081234/anaconda3/envs/airflow_env/lib/python3.11/site-packages/airflow/example_dags/example_subdag_operator.py
[2024-11-01T11:55:34.684+0900] {processor.py:914} INFO - Processing file /home/hamin081234/anaconda3/envs/airflow_env/lib/python3.11/site-packages/airflow/example_dags/example_subdag_operator.py for tasks to queue
[2024-11-01T11:55:34.685+0900] {logging_mixin.py:190} INFO - [2024-11-01T11:55:34.685+0900] {dagbag.py:588} INFO - Filling up the DagBag from /home/hamin081234/anaconda3/envs/airflow_env/lib/python3.11/site-packages/airflow/example_dags/example_subdag_operator.py
[2024-11-01T11:55:34.698+0900] {processor.py:925} INFO - DAG(s) 'example_subdag_operator.section-1', 'example_subdag_operator.section-2', 'example_subdag_operator' retrieved from /home/hamin081234/anaconda3/envs/airflow_env/lib/python3.11/site-packages/airflow/example_dags/example_subdag_operator.py
[2024-11-01T11:55:34.705+0900] {logging_mixin.py:190} INFO - [2024-11-01T11:55:34.705+0900] {dag.py:3239} INFO - Sync 3 DAGs
[2024-11-01T11:55:34.716+0900] {logging_mixin.py:190} INFO - [2024-11-01T11:55:34.716+0900] {dag.py:4180} INFO - Setting next_dagrun for example_subdag_operator to 2022-01-01 00:00:00+00:00, run_after=2022-01-01 00:00:00+00:00
[2024-11-01T11:55:34.718+0900] {logging_mixin.py:190} INFO - [2024-11-01T11:55:34.717+0900] {dag.py:4180} INFO - Setting next_dagrun for example_subdag_operator.section-1 to None, run_after=None
[2024-11-01T11:55:34.718+0900] {logging_mixin.py:190} INFO - [2024-11-01T11:55:34.718+0900] {dag.py:4180} INFO - Setting next_dagrun for example_subdag_operator.section-2 to None, run_after=None
[2024-11-01T11:55:34.722+0900] {logging_mixin.py:190} INFO - [2024-11-01T11:55:34.721+0900] {dag.py:3239} INFO - Sync 2 DAGs
[2024-11-01T11:55:34.723+0900] {logging_mixin.py:190} INFO - [2024-11-01T11:55:34.723+0900] {dag.py:4180} INFO - Setting next_dagrun for example_subdag_operator.section-1 to None, run_after=None
[2024-11-01T11:55:34.723+0900] {logging_mixin.py:190} INFO - [2024-11-01T11:55:34.723+0900] {dag.py:4180} INFO - Setting next_dagrun for example_subdag_operator.section-2 to None, run_after=None
[2024-11-01T11:55:34.738+0900] {processor.py:208} INFO - Processing /home/hamin081234/anaconda3/envs/airflow_env/lib/python3.11/site-packages/airflow/example_dags/example_subdag_operator.py took 0.059 seconds
[2024-11-01T11:56:26.471+0900] {processor.py:186} INFO - Started process (PID=423560) to work on /home/hamin081234/anaconda3/envs/airflow_env/lib/python3.11/site-packages/airflow/example_dags/example_subdag_operator.py
[2024-11-01T11:56:26.480+0900] {processor.py:914} INFO - Processing file /home/hamin081234/anaconda3/envs/airflow_env/lib/python3.11/site-packages/airflow/example_dags/example_subdag_operator.py for tasks to queue
[2024-11-01T11:56:26.483+0900] {logging_mixin.py:190} INFO - [2024-11-01T11:56:26.482+0900] {dagbag.py:588} INFO - Filling up the DagBag from /home/hamin081234/anaconda3/envs/airflow_env/lib/python3.11/site-packages/airflow/example_dags/example_subdag_operator.py
[2024-11-01T11:56:26.499+0900] {processor.py:925} INFO - DAG(s) 'example_subdag_operator.section-1', 'example_subdag_operator.section-2', 'example_subdag_operator' retrieved from /home/hamin081234/anaconda3/envs/airflow_env/lib/python3.11/site-packages/airflow/example_dags/example_subdag_operator.py
[2024-11-01T11:56:26.506+0900] {logging_mixin.py:190} INFO - [2024-11-01T11:56:26.506+0900] {dag.py:3239} INFO - Sync 3 DAGs
[2024-11-01T11:56:26.516+0900] {logging_mixin.py:190} INFO - [2024-11-01T11:56:26.516+0900] {dag.py:4180} INFO - Setting next_dagrun for example_subdag_operator to 2022-01-01 00:00:00+00:00, run_after=2022-01-01 00:00:00+00:00
[2024-11-01T11:56:26.517+0900] {logging_mixin.py:190} INFO - [2024-11-01T11:56:26.517+0900] {dag.py:4180} INFO - Setting next_dagrun for example_subdag_operator.section-1 to None, run_after=None
[2024-11-01T11:56:26.518+0900] {logging_mixin.py:190} INFO - [2024-11-01T11:56:26.518+0900] {dag.py:4180} INFO - Setting next_dagrun for example_subdag_operator.section-2 to None, run_after=None
[2024-11-01T11:56:26.521+0900] {logging_mixin.py:190} INFO - [2024-11-01T11:56:26.521+0900] {dag.py:3239} INFO - Sync 2 DAGs
[2024-11-01T11:56:26.522+0900] {logging_mixin.py:190} INFO - [2024-11-01T11:56:26.522+0900] {dag.py:4180} INFO - Setting next_dagrun for example_subdag_operator.section-1 to None, run_after=None
[2024-11-01T11:56:26.522+0900] {logging_mixin.py:190} INFO - [2024-11-01T11:56:26.522+0900] {dag.py:4180} INFO - Setting next_dagrun for example_subdag_operator.section-2 to None, run_after=None
[2024-11-01T11:56:26.535+0900] {processor.py:208} INFO - Processing /home/hamin081234/anaconda3/envs/airflow_env/lib/python3.11/site-packages/airflow/example_dags/example_subdag_operator.py took 0.071 seconds
[2024-11-01T11:57:17.881+0900] {processor.py:186} INFO - Started process (PID=424880) to work on /home/hamin081234/anaconda3/envs/airflow_env/lib/python3.11/site-packages/airflow/example_dags/example_subdag_operator.py
[2024-11-01T11:57:17.885+0900] {processor.py:914} INFO - Processing file /home/hamin081234/anaconda3/envs/airflow_env/lib/python3.11/site-packages/airflow/example_dags/example_subdag_operator.py for tasks to queue
[2024-11-01T11:57:17.886+0900] {logging_mixin.py:190} INFO - [2024-11-01T11:57:17.886+0900] {dagbag.py:588} INFO - Filling up the DagBag from /home/hamin081234/anaconda3/envs/airflow_env/lib/python3.11/site-packages/airflow/example_dags/example_subdag_operator.py
[2024-11-01T11:57:17.901+0900] {processor.py:925} INFO - DAG(s) 'example_subdag_operator.section-1', 'example_subdag_operator.section-2', 'example_subdag_operator' retrieved from /home/hamin081234/anaconda3/envs/airflow_env/lib/python3.11/site-packages/airflow/example_dags/example_subdag_operator.py
[2024-11-01T11:57:17.909+0900] {logging_mixin.py:190} INFO - [2024-11-01T11:57:17.909+0900] {dag.py:3239} INFO - Sync 3 DAGs
[2024-11-01T11:57:17.920+0900] {logging_mixin.py:190} INFO - [2024-11-01T11:57:17.920+0900] {dag.py:4180} INFO - Setting next_dagrun for example_subdag_operator to 2022-01-01 00:00:00+00:00, run_after=2022-01-01 00:00:00+00:00
[2024-11-01T11:57:17.922+0900] {logging_mixin.py:190} INFO - [2024-11-01T11:57:17.922+0900] {dag.py:4180} INFO - Setting next_dagrun for example_subdag_operator.section-1 to None, run_after=None
[2024-11-01T11:57:17.922+0900] {logging_mixin.py:190} INFO - [2024-11-01T11:57:17.922+0900] {dag.py:4180} INFO - Setting next_dagrun for example_subdag_operator.section-2 to None, run_after=None
[2024-11-01T11:57:17.925+0900] {logging_mixin.py:190} INFO - [2024-11-01T11:57:17.925+0900] {dag.py:3239} INFO - Sync 2 DAGs
[2024-11-01T11:57:17.927+0900] {logging_mixin.py:190} INFO - [2024-11-01T11:57:17.927+0900] {dag.py:4180} INFO - Setting next_dagrun for example_subdag_operator.section-1 to None, run_after=None
[2024-11-01T11:57:17.927+0900] {logging_mixin.py:190} INFO - [2024-11-01T11:57:17.927+0900] {dag.py:4180} INFO - Setting next_dagrun for example_subdag_operator.section-2 to None, run_after=None
[2024-11-01T11:57:17.940+0900] {processor.py:208} INFO - Processing /home/hamin081234/anaconda3/envs/airflow_env/lib/python3.11/site-packages/airflow/example_dags/example_subdag_operator.py took 0.063 seconds
