[2024-11-01T11:49:15.341+0900] {processor.py:186} INFO - Started process (PID=413737) to work on /home/hamin081234/anaconda3/envs/airflow_env/lib/python3.11/site-packages/airflow/example_dags/example_display_name.py
[2024-11-01T11:49:15.342+0900] {processor.py:914} INFO - Processing file /home/hamin081234/anaconda3/envs/airflow_env/lib/python3.11/site-packages/airflow/example_dags/example_display_name.py for tasks to queue
[2024-11-01T11:49:15.343+0900] {logging_mixin.py:190} INFO - [2024-11-01T11:49:15.343+0900] {dagbag.py:588} INFO - Filling up the DagBag from /home/hamin081234/anaconda3/envs/airflow_env/lib/python3.11/site-packages/airflow/example_dags/example_display_name.py
[2024-11-01T11:49:15.348+0900] {processor.py:925} INFO - DAG(s) 'example_display_name' retrieved from /home/hamin081234/anaconda3/envs/airflow_env/lib/python3.11/site-packages/airflow/example_dags/example_display_name.py
[2024-11-01T11:49:15.425+0900] {logging_mixin.py:190} INFO - [2024-11-01T11:49:15.425+0900] {override.py:1900} INFO - Created Permission View: can delete on DAG:example_display_name
[2024-11-01T11:49:15.439+0900] {logging_mixin.py:190} INFO - [2024-11-01T11:49:15.439+0900] {override.py:1900} INFO - Created Permission View: can edit on DAG:example_display_name
[2024-11-01T11:49:15.451+0900] {logging_mixin.py:190} INFO - [2024-11-01T11:49:15.450+0900] {override.py:1900} INFO - Created Permission View: can read on DAG:example_display_name
[2024-11-01T11:49:15.471+0900] {logging_mixin.py:190} INFO - [2024-11-01T11:49:15.470+0900] {override.py:1900} INFO - Created Permission View: menu access on DAG Run:example_display_name
[2024-11-01T11:49:15.483+0900] {logging_mixin.py:190} INFO - [2024-11-01T11:49:15.483+0900] {override.py:1900} INFO - Created Permission View: can delete on DAG Run:example_display_name
[2024-11-01T11:49:15.495+0900] {logging_mixin.py:190} INFO - [2024-11-01T11:49:15.494+0900] {override.py:1900} INFO - Created Permission View: can create on DAG Run:example_display_name
[2024-11-01T11:49:15.504+0900] {logging_mixin.py:190} INFO - [2024-11-01T11:49:15.504+0900] {override.py:1900} INFO - Created Permission View: can read on DAG Run:example_display_name
[2024-11-01T11:49:15.505+0900] {logging_mixin.py:190} INFO - [2024-11-01T11:49:15.505+0900] {dag.py:3239} INFO - Sync 1 DAGs
[2024-11-01T11:49:15.510+0900] {logging_mixin.py:190} INFO - [2024-11-01T11:49:15.510+0900] {dag.py:3262} INFO - Creating ORM DAG for example_display_name
[2024-11-01T11:49:15.511+0900] {logging_mixin.py:190} INFO - [2024-11-01T11:49:15.511+0900] {dag.py:4180} INFO - Setting next_dagrun for example_display_name to None, run_after=None
[2024-11-01T11:49:15.526+0900] {processor.py:208} INFO - Processing /home/hamin081234/anaconda3/envs/airflow_env/lib/python3.11/site-packages/airflow/example_dags/example_display_name.py took 0.188 seconds
[2024-11-01T11:50:16.681+0900] {processor.py:186} INFO - Started process (PID=415034) to work on /home/hamin081234/anaconda3/envs/airflow_env/lib/python3.11/site-packages/airflow/example_dags/example_display_name.py
[2024-11-01T11:50:16.689+0900] {processor.py:914} INFO - Processing file /home/hamin081234/anaconda3/envs/airflow_env/lib/python3.11/site-packages/airflow/example_dags/example_display_name.py for tasks to queue
[2024-11-01T11:50:16.691+0900] {logging_mixin.py:190} INFO - [2024-11-01T11:50:16.691+0900] {dagbag.py:588} INFO - Filling up the DagBag from /home/hamin081234/anaconda3/envs/airflow_env/lib/python3.11/site-packages/airflow/example_dags/example_display_name.py
[2024-11-01T11:50:16.696+0900] {processor.py:925} INFO - DAG(s) 'example_display_name' retrieved from /home/hamin081234/anaconda3/envs/airflow_env/lib/python3.11/site-packages/airflow/example_dags/example_display_name.py
[2024-11-01T11:50:16.705+0900] {logging_mixin.py:190} INFO - [2024-11-01T11:50:16.705+0900] {dag.py:3239} INFO - Sync 1 DAGs
[2024-11-01T11:50:16.712+0900] {logging_mixin.py:190} INFO - [2024-11-01T11:50:16.712+0900] {dag.py:4180} INFO - Setting next_dagrun for example_display_name to None, run_after=None
[2024-11-01T11:50:16.730+0900] {processor.py:208} INFO - Processing /home/hamin081234/anaconda3/envs/airflow_env/lib/python3.11/site-packages/airflow/example_dags/example_display_name.py took 0.053 seconds
[2024-11-01T11:51:08.268+0900] {processor.py:186} INFO - Started process (PID=416259) to work on /home/hamin081234/anaconda3/envs/airflow_env/lib/python3.11/site-packages/airflow/example_dags/example_display_name.py
[2024-11-01T11:51:08.277+0900] {processor.py:914} INFO - Processing file /home/hamin081234/anaconda3/envs/airflow_env/lib/python3.11/site-packages/airflow/example_dags/example_display_name.py for tasks to queue
[2024-11-01T11:51:08.278+0900] {logging_mixin.py:190} INFO - [2024-11-01T11:51:08.278+0900] {dagbag.py:588} INFO - Filling up the DagBag from /home/hamin081234/anaconda3/envs/airflow_env/lib/python3.11/site-packages/airflow/example_dags/example_display_name.py
[2024-11-01T11:51:08.284+0900] {processor.py:925} INFO - DAG(s) 'example_display_name' retrieved from /home/hamin081234/anaconda3/envs/airflow_env/lib/python3.11/site-packages/airflow/example_dags/example_display_name.py
[2024-11-01T11:51:08.293+0900] {logging_mixin.py:190} INFO - [2024-11-01T11:51:08.293+0900] {dag.py:3239} INFO - Sync 1 DAGs
[2024-11-01T11:51:08.301+0900] {logging_mixin.py:190} INFO - [2024-11-01T11:51:08.301+0900] {dag.py:4180} INFO - Setting next_dagrun for example_display_name to None, run_after=None
[2024-11-01T11:51:08.318+0900] {processor.py:208} INFO - Processing /home/hamin081234/anaconda3/envs/airflow_env/lib/python3.11/site-packages/airflow/example_dags/example_display_name.py took 0.053 seconds
[2024-11-01T11:51:58.570+0900] {processor.py:186} INFO - Started process (PID=417510) to work on /home/hamin081234/anaconda3/envs/airflow_env/lib/python3.11/site-packages/airflow/example_dags/example_display_name.py
[2024-11-01T11:51:58.579+0900] {processor.py:914} INFO - Processing file /home/hamin081234/anaconda3/envs/airflow_env/lib/python3.11/site-packages/airflow/example_dags/example_display_name.py for tasks to queue
[2024-11-01T11:51:58.585+0900] {logging_mixin.py:190} INFO - [2024-11-01T11:51:58.584+0900] {dagbag.py:588} INFO - Filling up the DagBag from /home/hamin081234/anaconda3/envs/airflow_env/lib/python3.11/site-packages/airflow/example_dags/example_display_name.py
[2024-11-01T11:51:58.595+0900] {processor.py:925} INFO - DAG(s) 'example_display_name' retrieved from /home/hamin081234/anaconda3/envs/airflow_env/lib/python3.11/site-packages/airflow/example_dags/example_display_name.py
[2024-11-01T11:51:58.611+0900] {logging_mixin.py:190} INFO - [2024-11-01T11:51:58.611+0900] {dag.py:3239} INFO - Sync 1 DAGs
[2024-11-01T11:51:58.625+0900] {logging_mixin.py:190} INFO - [2024-11-01T11:51:58.625+0900] {dag.py:4180} INFO - Setting next_dagrun for example_display_name to None, run_after=None
[2024-11-01T11:51:58.659+0900] {processor.py:208} INFO - Processing /home/hamin081234/anaconda3/envs/airflow_env/lib/python3.11/site-packages/airflow/example_dags/example_display_name.py took 0.102 seconds
[2024-11-01T11:52:58.796+0900] {processor.py:186} INFO - Started process (PID=418784) to work on /home/hamin081234/anaconda3/envs/airflow_env/lib/python3.11/site-packages/airflow/example_dags/example_display_name.py
[2024-11-01T11:52:58.797+0900] {processor.py:914} INFO - Processing file /home/hamin081234/anaconda3/envs/airflow_env/lib/python3.11/site-packages/airflow/example_dags/example_display_name.py for tasks to queue
[2024-11-01T11:52:58.799+0900] {logging_mixin.py:190} INFO - [2024-11-01T11:52:58.798+0900] {dagbag.py:588} INFO - Filling up the DagBag from /home/hamin081234/anaconda3/envs/airflow_env/lib/python3.11/site-packages/airflow/example_dags/example_display_name.py
[2024-11-01T11:52:58.803+0900] {processor.py:925} INFO - DAG(s) 'example_display_name' retrieved from /home/hamin081234/anaconda3/envs/airflow_env/lib/python3.11/site-packages/airflow/example_dags/example_display_name.py
[2024-11-01T11:52:58.811+0900] {logging_mixin.py:190} INFO - [2024-11-01T11:52:58.811+0900] {dag.py:3239} INFO - Sync 1 DAGs
[2024-11-01T11:52:58.818+0900] {logging_mixin.py:190} INFO - [2024-11-01T11:52:58.818+0900] {dag.py:4180} INFO - Setting next_dagrun for example_display_name to None, run_after=None
[2024-11-01T11:52:58.836+0900] {processor.py:208} INFO - Processing /home/hamin081234/anaconda3/envs/airflow_env/lib/python3.11/site-packages/airflow/example_dags/example_display_name.py took 0.043 seconds
[2024-11-01T11:53:50.661+0900] {processor.py:186} INFO - Started process (PID=419981) to work on /home/hamin081234/anaconda3/envs/airflow_env/lib/python3.11/site-packages/airflow/example_dags/example_display_name.py
[2024-11-01T11:53:50.669+0900] {processor.py:914} INFO - Processing file /home/hamin081234/anaconda3/envs/airflow_env/lib/python3.11/site-packages/airflow/example_dags/example_display_name.py for tasks to queue
[2024-11-01T11:53:50.671+0900] {logging_mixin.py:190} INFO - [2024-11-01T11:53:50.671+0900] {dagbag.py:588} INFO - Filling up the DagBag from /home/hamin081234/anaconda3/envs/airflow_env/lib/python3.11/site-packages/airflow/example_dags/example_display_name.py
[2024-11-01T11:53:50.675+0900] {processor.py:925} INFO - DAG(s) 'example_display_name' retrieved from /home/hamin081234/anaconda3/envs/airflow_env/lib/python3.11/site-packages/airflow/example_dags/example_display_name.py
[2024-11-01T11:53:50.683+0900] {logging_mixin.py:190} INFO - [2024-11-01T11:53:50.683+0900] {dag.py:3239} INFO - Sync 1 DAGs
[2024-11-01T11:53:50.690+0900] {logging_mixin.py:190} INFO - [2024-11-01T11:53:50.690+0900] {dag.py:4180} INFO - Setting next_dagrun for example_display_name to None, run_after=None
[2024-11-01T11:53:50.708+0900] {processor.py:208} INFO - Processing /home/hamin081234/anaconda3/envs/airflow_env/lib/python3.11/site-packages/airflow/example_dags/example_display_name.py took 0.050 seconds
[2024-11-01T11:54:43.219+0900] {processor.py:186} INFO - Started process (PID=421317) to work on /home/hamin081234/anaconda3/envs/airflow_env/lib/python3.11/site-packages/airflow/example_dags/example_display_name.py
[2024-11-01T11:54:43.220+0900] {processor.py:914} INFO - Processing file /home/hamin081234/anaconda3/envs/airflow_env/lib/python3.11/site-packages/airflow/example_dags/example_display_name.py for tasks to queue
[2024-11-01T11:54:43.221+0900] {logging_mixin.py:190} INFO - [2024-11-01T11:54:43.221+0900] {dagbag.py:588} INFO - Filling up the DagBag from /home/hamin081234/anaconda3/envs/airflow_env/lib/python3.11/site-packages/airflow/example_dags/example_display_name.py
[2024-11-01T11:54:43.226+0900] {processor.py:925} INFO - DAG(s) 'example_display_name' retrieved from /home/hamin081234/anaconda3/envs/airflow_env/lib/python3.11/site-packages/airflow/example_dags/example_display_name.py
[2024-11-01T11:54:43.235+0900] {logging_mixin.py:190} INFO - [2024-11-01T11:54:43.234+0900] {dag.py:3239} INFO - Sync 1 DAGs
[2024-11-01T11:54:43.242+0900] {logging_mixin.py:190} INFO - [2024-11-01T11:54:43.242+0900] {dag.py:4180} INFO - Setting next_dagrun for example_display_name to None, run_after=None
[2024-11-01T11:54:43.259+0900] {processor.py:208} INFO - Processing /home/hamin081234/anaconda3/envs/airflow_env/lib/python3.11/site-packages/airflow/example_dags/example_display_name.py took 0.044 seconds
[2024-11-01T11:55:34.541+0900] {processor.py:186} INFO - Started process (PID=422342) to work on /home/hamin081234/anaconda3/envs/airflow_env/lib/python3.11/site-packages/airflow/example_dags/example_display_name.py
[2024-11-01T11:55:34.550+0900] {processor.py:914} INFO - Processing file /home/hamin081234/anaconda3/envs/airflow_env/lib/python3.11/site-packages/airflow/example_dags/example_display_name.py for tasks to queue
[2024-11-01T11:55:34.553+0900] {logging_mixin.py:190} INFO - [2024-11-01T11:55:34.553+0900] {dagbag.py:588} INFO - Filling up the DagBag from /home/hamin081234/anaconda3/envs/airflow_env/lib/python3.11/site-packages/airflow/example_dags/example_display_name.py
[2024-11-01T11:55:34.559+0900] {processor.py:925} INFO - DAG(s) 'example_display_name' retrieved from /home/hamin081234/anaconda3/envs/airflow_env/lib/python3.11/site-packages/airflow/example_dags/example_display_name.py
[2024-11-01T11:55:34.567+0900] {logging_mixin.py:190} INFO - [2024-11-01T11:55:34.567+0900] {dag.py:3239} INFO - Sync 1 DAGs
[2024-11-01T11:55:34.574+0900] {logging_mixin.py:190} INFO - [2024-11-01T11:55:34.574+0900] {dag.py:4180} INFO - Setting next_dagrun for example_display_name to None, run_after=None
[2024-11-01T11:55:34.590+0900] {processor.py:208} INFO - Processing /home/hamin081234/anaconda3/envs/airflow_env/lib/python3.11/site-packages/airflow/example_dags/example_display_name.py took 0.053 seconds
[2024-11-01T11:56:25.339+0900] {processor.py:186} INFO - Started process (PID=423550) to work on /home/hamin081234/anaconda3/envs/airflow_env/lib/python3.11/site-packages/airflow/example_dags/example_display_name.py
[2024-11-01T11:56:25.348+0900] {processor.py:914} INFO - Processing file /home/hamin081234/anaconda3/envs/airflow_env/lib/python3.11/site-packages/airflow/example_dags/example_display_name.py for tasks to queue
[2024-11-01T11:56:25.349+0900] {logging_mixin.py:190} INFO - [2024-11-01T11:56:25.349+0900] {dagbag.py:588} INFO - Filling up the DagBag from /home/hamin081234/anaconda3/envs/airflow_env/lib/python3.11/site-packages/airflow/example_dags/example_display_name.py
[2024-11-01T11:56:25.354+0900] {processor.py:925} INFO - DAG(s) 'example_display_name' retrieved from /home/hamin081234/anaconda3/envs/airflow_env/lib/python3.11/site-packages/airflow/example_dags/example_display_name.py
[2024-11-01T11:56:25.362+0900] {logging_mixin.py:190} INFO - [2024-11-01T11:56:25.362+0900] {dag.py:3239} INFO - Sync 1 DAGs
[2024-11-01T11:56:25.369+0900] {logging_mixin.py:190} INFO - [2024-11-01T11:56:25.368+0900] {dag.py:4180} INFO - Setting next_dagrun for example_display_name to None, run_after=None
[2024-11-01T11:56:25.386+0900] {processor.py:208} INFO - Processing /home/hamin081234/anaconda3/envs/airflow_env/lib/python3.11/site-packages/airflow/example_dags/example_display_name.py took 0.050 seconds
[2024-11-01T11:57:17.132+0900] {processor.py:186} INFO - Started process (PID=424841) to work on /home/hamin081234/anaconda3/envs/airflow_env/lib/python3.11/site-packages/airflow/example_dags/example_display_name.py
[2024-11-01T11:57:17.140+0900] {processor.py:914} INFO - Processing file /home/hamin081234/anaconda3/envs/airflow_env/lib/python3.11/site-packages/airflow/example_dags/example_display_name.py for tasks to queue
[2024-11-01T11:57:17.142+0900] {logging_mixin.py:190} INFO - [2024-11-01T11:57:17.141+0900] {dagbag.py:588} INFO - Filling up the DagBag from /home/hamin081234/anaconda3/envs/airflow_env/lib/python3.11/site-packages/airflow/example_dags/example_display_name.py
[2024-11-01T11:57:17.147+0900] {processor.py:925} INFO - DAG(s) 'example_display_name' retrieved from /home/hamin081234/anaconda3/envs/airflow_env/lib/python3.11/site-packages/airflow/example_dags/example_display_name.py
[2024-11-01T11:57:17.156+0900] {logging_mixin.py:190} INFO - [2024-11-01T11:57:17.155+0900] {dag.py:3239} INFO - Sync 1 DAGs
[2024-11-01T11:57:17.163+0900] {logging_mixin.py:190} INFO - [2024-11-01T11:57:17.163+0900] {dag.py:4180} INFO - Setting next_dagrun for example_display_name to None, run_after=None
[2024-11-01T11:57:17.182+0900] {processor.py:208} INFO - Processing /home/hamin081234/anaconda3/envs/airflow_env/lib/python3.11/site-packages/airflow/example_dags/example_display_name.py took 0.055 seconds
