[2024-11-01T11:49:19.342+0900] {processor.py:186} INFO - Started process (PID=413818) to work on /home/hamin081234/anaconda3/envs/airflow_env/lib/python3.11/site-packages/airflow/example_dags/example_skip_dag.py
[2024-11-01T11:49:19.343+0900] {processor.py:914} INFO - Processing file /home/hamin081234/anaconda3/envs/airflow_env/lib/python3.11/site-packages/airflow/example_dags/example_skip_dag.py for tasks to queue
[2024-11-01T11:49:19.344+0900] {logging_mixin.py:190} INFO - [2024-11-01T11:49:19.344+0900] {dagbag.py:588} INFO - Filling up the DagBag from /home/hamin081234/anaconda3/envs/airflow_env/lib/python3.11/site-packages/airflow/example_dags/example_skip_dag.py
[2024-11-01T11:49:19.350+0900] {processor.py:925} INFO - DAG(s) 'example_skip_dag' retrieved from /home/hamin081234/anaconda3/envs/airflow_env/lib/python3.11/site-packages/airflow/example_dags/example_skip_dag.py
[2024-11-01T11:49:19.426+0900] {logging_mixin.py:190} INFO - [2024-11-01T11:49:19.426+0900] {override.py:1900} INFO - Created Permission View: can delete on DAG:example_skip_dag
[2024-11-01T11:49:19.437+0900] {logging_mixin.py:190} INFO - [2024-11-01T11:49:19.437+0900] {override.py:1900} INFO - Created Permission View: can edit on DAG:example_skip_dag
[2024-11-01T11:49:19.448+0900] {logging_mixin.py:190} INFO - [2024-11-01T11:49:19.448+0900] {override.py:1900} INFO - Created Permission View: can read on DAG:example_skip_dag
[2024-11-01T11:49:19.468+0900] {logging_mixin.py:190} INFO - [2024-11-01T11:49:19.468+0900] {override.py:1900} INFO - Created Permission View: menu access on DAG Run:example_skip_dag
[2024-11-01T11:49:19.478+0900] {logging_mixin.py:190} INFO - [2024-11-01T11:49:19.478+0900] {override.py:1900} INFO - Created Permission View: can delete on DAG Run:example_skip_dag
[2024-11-01T11:49:19.492+0900] {logging_mixin.py:190} INFO - [2024-11-01T11:49:19.492+0900] {override.py:1900} INFO - Created Permission View: can create on DAG Run:example_skip_dag
[2024-11-01T11:49:19.504+0900] {logging_mixin.py:190} INFO - [2024-11-01T11:49:19.504+0900] {override.py:1900} INFO - Created Permission View: can read on DAG Run:example_skip_dag
[2024-11-01T11:49:19.504+0900] {logging_mixin.py:190} INFO - [2024-11-01T11:49:19.504+0900] {dag.py:3239} INFO - Sync 1 DAGs
[2024-11-01T11:49:19.510+0900] {logging_mixin.py:190} INFO - [2024-11-01T11:49:19.510+0900] {dag.py:3262} INFO - Creating ORM DAG for example_skip_dag
[2024-11-01T11:49:19.515+0900] {logging_mixin.py:190} INFO - [2024-11-01T11:49:19.514+0900] {dag.py:4180} INFO - Setting next_dagrun for example_skip_dag to 2024-10-31 00:00:00+00:00, run_after=2024-11-01 00:00:00+00:00
[2024-11-01T11:49:19.531+0900] {processor.py:208} INFO - Processing /home/hamin081234/anaconda3/envs/airflow_env/lib/python3.11/site-packages/airflow/example_dags/example_skip_dag.py took 0.192 seconds
[2024-11-01T11:50:19.905+0900] {processor.py:186} INFO - Started process (PID=415072) to work on /home/hamin081234/anaconda3/envs/airflow_env/lib/python3.11/site-packages/airflow/example_dags/example_skip_dag.py
[2024-11-01T11:50:19.906+0900] {processor.py:914} INFO - Processing file /home/hamin081234/anaconda3/envs/airflow_env/lib/python3.11/site-packages/airflow/example_dags/example_skip_dag.py for tasks to queue
[2024-11-01T11:50:19.908+0900] {logging_mixin.py:190} INFO - [2024-11-01T11:50:19.908+0900] {dagbag.py:588} INFO - Filling up the DagBag from /home/hamin081234/anaconda3/envs/airflow_env/lib/python3.11/site-packages/airflow/example_dags/example_skip_dag.py
[2024-11-01T11:50:19.913+0900] {processor.py:925} INFO - DAG(s) 'example_skip_dag' retrieved from /home/hamin081234/anaconda3/envs/airflow_env/lib/python3.11/site-packages/airflow/example_dags/example_skip_dag.py
[2024-11-01T11:50:19.928+0900] {logging_mixin.py:190} INFO - [2024-11-01T11:50:19.928+0900] {dag.py:3239} INFO - Sync 1 DAGs
[2024-11-01T11:50:19.939+0900] {logging_mixin.py:190} INFO - [2024-11-01T11:50:19.939+0900] {dag.py:4180} INFO - Setting next_dagrun for example_skip_dag to 2024-10-31 00:00:00+00:00, run_after=2024-11-01 00:00:00+00:00
[2024-11-01T11:50:19.957+0900] {processor.py:208} INFO - Processing /home/hamin081234/anaconda3/envs/airflow_env/lib/python3.11/site-packages/airflow/example_dags/example_skip_dag.py took 0.056 seconds
[2024-11-01T11:51:12.786+0900] {processor.py:186} INFO - Started process (PID=416292) to work on /home/hamin081234/anaconda3/envs/airflow_env/lib/python3.11/site-packages/airflow/example_dags/example_skip_dag.py
[2024-11-01T11:51:12.795+0900] {processor.py:914} INFO - Processing file /home/hamin081234/anaconda3/envs/airflow_env/lib/python3.11/site-packages/airflow/example_dags/example_skip_dag.py for tasks to queue
[2024-11-01T11:51:12.796+0900] {logging_mixin.py:190} INFO - [2024-11-01T11:51:12.796+0900] {dagbag.py:588} INFO - Filling up the DagBag from /home/hamin081234/anaconda3/envs/airflow_env/lib/python3.11/site-packages/airflow/example_dags/example_skip_dag.py
[2024-11-01T11:51:12.801+0900] {processor.py:925} INFO - DAG(s) 'example_skip_dag' retrieved from /home/hamin081234/anaconda3/envs/airflow_env/lib/python3.11/site-packages/airflow/example_dags/example_skip_dag.py
[2024-11-01T11:51:12.812+0900] {logging_mixin.py:190} INFO - [2024-11-01T11:51:12.812+0900] {dag.py:3239} INFO - Sync 1 DAGs
[2024-11-01T11:51:12.823+0900] {logging_mixin.py:190} INFO - [2024-11-01T11:51:12.823+0900] {dag.py:4180} INFO - Setting next_dagrun for example_skip_dag to 2024-10-31 00:00:00+00:00, run_after=2024-11-01 00:00:00+00:00
[2024-11-01T11:51:12.839+0900] {processor.py:208} INFO - Processing /home/hamin081234/anaconda3/envs/airflow_env/lib/python3.11/site-packages/airflow/example_dags/example_skip_dag.py took 0.056 seconds
[2024-11-01T11:52:02.305+0900] {processor.py:186} INFO - Started process (PID=417553) to work on /home/hamin081234/anaconda3/envs/airflow_env/lib/python3.11/site-packages/airflow/example_dags/example_skip_dag.py
[2024-11-01T11:52:02.307+0900] {processor.py:914} INFO - Processing file /home/hamin081234/anaconda3/envs/airflow_env/lib/python3.11/site-packages/airflow/example_dags/example_skip_dag.py for tasks to queue
[2024-11-01T11:52:02.309+0900] {logging_mixin.py:190} INFO - [2024-11-01T11:52:02.308+0900] {dagbag.py:588} INFO - Filling up the DagBag from /home/hamin081234/anaconda3/envs/airflow_env/lib/python3.11/site-packages/airflow/example_dags/example_skip_dag.py
[2024-11-01T11:52:02.319+0900] {processor.py:925} INFO - DAG(s) 'example_skip_dag' retrieved from /home/hamin081234/anaconda3/envs/airflow_env/lib/python3.11/site-packages/airflow/example_dags/example_skip_dag.py
[2024-11-01T11:52:02.338+0900] {logging_mixin.py:190} INFO - [2024-11-01T11:52:02.338+0900] {dag.py:3239} INFO - Sync 1 DAGs
[2024-11-01T11:52:02.352+0900] {logging_mixin.py:190} INFO - [2024-11-01T11:52:02.352+0900] {dag.py:4180} INFO - Setting next_dagrun for example_skip_dag to 2024-10-31 00:00:00+00:00, run_after=2024-11-01 00:00:00+00:00
[2024-11-01T11:52:02.375+0900] {processor.py:208} INFO - Processing /home/hamin081234/anaconda3/envs/airflow_env/lib/python3.11/site-packages/airflow/example_dags/example_skip_dag.py took 0.074 seconds
[2024-11-01T11:53:02.904+0900] {processor.py:186} INFO - Started process (PID=418813) to work on /home/hamin081234/anaconda3/envs/airflow_env/lib/python3.11/site-packages/airflow/example_dags/example_skip_dag.py
[2024-11-01T11:53:02.913+0900] {processor.py:914} INFO - Processing file /home/hamin081234/anaconda3/envs/airflow_env/lib/python3.11/site-packages/airflow/example_dags/example_skip_dag.py for tasks to queue
[2024-11-01T11:53:02.916+0900] {logging_mixin.py:190} INFO - [2024-11-01T11:53:02.915+0900] {dagbag.py:588} INFO - Filling up the DagBag from /home/hamin081234/anaconda3/envs/airflow_env/lib/python3.11/site-packages/airflow/example_dags/example_skip_dag.py
[2024-11-01T11:53:02.922+0900] {processor.py:925} INFO - DAG(s) 'example_skip_dag' retrieved from /home/hamin081234/anaconda3/envs/airflow_env/lib/python3.11/site-packages/airflow/example_dags/example_skip_dag.py
[2024-11-01T11:53:02.931+0900] {logging_mixin.py:190} INFO - [2024-11-01T11:53:02.931+0900] {dag.py:3239} INFO - Sync 1 DAGs
[2024-11-01T11:53:02.942+0900] {logging_mixin.py:190} INFO - [2024-11-01T11:53:02.941+0900] {dag.py:4180} INFO - Setting next_dagrun for example_skip_dag to 2024-10-31 00:00:00+00:00, run_after=2024-11-01 00:00:00+00:00
[2024-11-01T11:53:02.959+0900] {processor.py:208} INFO - Processing /home/hamin081234/anaconda3/envs/airflow_env/lib/python3.11/site-packages/airflow/example_dags/example_skip_dag.py took 0.060 seconds
[2024-11-01T11:53:54.643+0900] {processor.py:186} INFO - Started process (PID=420044) to work on /home/hamin081234/anaconda3/envs/airflow_env/lib/python3.11/site-packages/airflow/example_dags/example_skip_dag.py
[2024-11-01T11:53:54.652+0900] {processor.py:914} INFO - Processing file /home/hamin081234/anaconda3/envs/airflow_env/lib/python3.11/site-packages/airflow/example_dags/example_skip_dag.py for tasks to queue
[2024-11-01T11:53:54.654+0900] {logging_mixin.py:190} INFO - [2024-11-01T11:53:54.653+0900] {dagbag.py:588} INFO - Filling up the DagBag from /home/hamin081234/anaconda3/envs/airflow_env/lib/python3.11/site-packages/airflow/example_dags/example_skip_dag.py
[2024-11-01T11:53:54.661+0900] {processor.py:925} INFO - DAG(s) 'example_skip_dag' retrieved from /home/hamin081234/anaconda3/envs/airflow_env/lib/python3.11/site-packages/airflow/example_dags/example_skip_dag.py
[2024-11-01T11:53:54.674+0900] {logging_mixin.py:190} INFO - [2024-11-01T11:53:54.674+0900] {dag.py:3239} INFO - Sync 1 DAGs
[2024-11-01T11:53:54.689+0900] {logging_mixin.py:190} INFO - [2024-11-01T11:53:54.689+0900] {dag.py:4180} INFO - Setting next_dagrun for example_skip_dag to 2024-10-31 00:00:00+00:00, run_after=2024-11-01 00:00:00+00:00
[2024-11-01T11:53:54.707+0900] {processor.py:208} INFO - Processing /home/hamin081234/anaconda3/envs/airflow_env/lib/python3.11/site-packages/airflow/example_dags/example_skip_dag.py took 0.068 seconds
[2024-11-01T11:54:46.629+0900] {processor.py:186} INFO - Started process (PID=421359) to work on /home/hamin081234/anaconda3/envs/airflow_env/lib/python3.11/site-packages/airflow/example_dags/example_skip_dag.py
[2024-11-01T11:54:46.638+0900] {processor.py:914} INFO - Processing file /home/hamin081234/anaconda3/envs/airflow_env/lib/python3.11/site-packages/airflow/example_dags/example_skip_dag.py for tasks to queue
[2024-11-01T11:54:46.639+0900] {logging_mixin.py:190} INFO - [2024-11-01T11:54:46.639+0900] {dagbag.py:588} INFO - Filling up the DagBag from /home/hamin081234/anaconda3/envs/airflow_env/lib/python3.11/site-packages/airflow/example_dags/example_skip_dag.py
[2024-11-01T11:54:46.644+0900] {processor.py:925} INFO - DAG(s) 'example_skip_dag' retrieved from /home/hamin081234/anaconda3/envs/airflow_env/lib/python3.11/site-packages/airflow/example_dags/example_skip_dag.py
[2024-11-01T11:54:46.654+0900] {logging_mixin.py:190} INFO - [2024-11-01T11:54:46.654+0900] {dag.py:3239} INFO - Sync 1 DAGs
[2024-11-01T11:54:46.665+0900] {logging_mixin.py:190} INFO - [2024-11-01T11:54:46.665+0900] {dag.py:4180} INFO - Setting next_dagrun for example_skip_dag to 2024-10-31 00:00:00+00:00, run_after=2024-11-01 00:00:00+00:00
[2024-11-01T11:54:46.683+0900] {processor.py:208} INFO - Processing /home/hamin081234/anaconda3/envs/airflow_env/lib/python3.11/site-packages/airflow/example_dags/example_skip_dag.py took 0.058 seconds
[2024-11-01T11:55:37.422+0900] {processor.py:186} INFO - Started process (PID=422383) to work on /home/hamin081234/anaconda3/envs/airflow_env/lib/python3.11/site-packages/airflow/example_dags/example_skip_dag.py
[2024-11-01T11:55:37.430+0900] {processor.py:914} INFO - Processing file /home/hamin081234/anaconda3/envs/airflow_env/lib/python3.11/site-packages/airflow/example_dags/example_skip_dag.py for tasks to queue
[2024-11-01T11:55:37.434+0900] {logging_mixin.py:190} INFO - [2024-11-01T11:55:37.433+0900] {dagbag.py:588} INFO - Filling up the DagBag from /home/hamin081234/anaconda3/envs/airflow_env/lib/python3.11/site-packages/airflow/example_dags/example_skip_dag.py
[2024-11-01T11:55:37.442+0900] {processor.py:925} INFO - DAG(s) 'example_skip_dag' retrieved from /home/hamin081234/anaconda3/envs/airflow_env/lib/python3.11/site-packages/airflow/example_dags/example_skip_dag.py
[2024-11-01T11:55:37.452+0900] {logging_mixin.py:190} INFO - [2024-11-01T11:55:37.452+0900] {dag.py:3239} INFO - Sync 1 DAGs
[2024-11-01T11:55:37.462+0900] {logging_mixin.py:190} INFO - [2024-11-01T11:55:37.462+0900] {dag.py:4180} INFO - Setting next_dagrun for example_skip_dag to 2024-10-31 00:00:00+00:00, run_after=2024-11-01 00:00:00+00:00
[2024-11-01T11:55:37.479+0900] {processor.py:208} INFO - Processing /home/hamin081234/anaconda3/envs/airflow_env/lib/python3.11/site-packages/airflow/example_dags/example_skip_dag.py took 0.065 seconds
[2024-11-01T11:56:29.868+0900] {processor.py:186} INFO - Started process (PID=423655) to work on /home/hamin081234/anaconda3/envs/airflow_env/lib/python3.11/site-packages/airflow/example_dags/example_skip_dag.py
[2024-11-01T11:56:29.878+0900] {processor.py:914} INFO - Processing file /home/hamin081234/anaconda3/envs/airflow_env/lib/python3.11/site-packages/airflow/example_dags/example_skip_dag.py for tasks to queue
[2024-11-01T11:56:29.879+0900] {logging_mixin.py:190} INFO - [2024-11-01T11:56:29.879+0900] {dagbag.py:588} INFO - Filling up the DagBag from /home/hamin081234/anaconda3/envs/airflow_env/lib/python3.11/site-packages/airflow/example_dags/example_skip_dag.py
[2024-11-01T11:56:29.884+0900] {processor.py:925} INFO - DAG(s) 'example_skip_dag' retrieved from /home/hamin081234/anaconda3/envs/airflow_env/lib/python3.11/site-packages/airflow/example_dags/example_skip_dag.py
[2024-11-01T11:56:29.894+0900] {logging_mixin.py:190} INFO - [2024-11-01T11:56:29.894+0900] {dag.py:3239} INFO - Sync 1 DAGs
[2024-11-01T11:56:29.904+0900] {logging_mixin.py:190} INFO - [2024-11-01T11:56:29.904+0900] {dag.py:4180} INFO - Setting next_dagrun for example_skip_dag to 2024-10-31 00:00:00+00:00, run_after=2024-11-01 00:00:00+00:00
[2024-11-01T11:56:29.921+0900] {processor.py:208} INFO - Processing /home/hamin081234/anaconda3/envs/airflow_env/lib/python3.11/site-packages/airflow/example_dags/example_skip_dag.py took 0.056 seconds
[2024-11-01T11:57:21.274+0900] {processor.py:186} INFO - Started process (PID=424961) to work on /home/hamin081234/anaconda3/envs/airflow_env/lib/python3.11/site-packages/airflow/example_dags/example_skip_dag.py
[2024-11-01T11:57:21.282+0900] {processor.py:914} INFO - Processing file /home/hamin081234/anaconda3/envs/airflow_env/lib/python3.11/site-packages/airflow/example_dags/example_skip_dag.py for tasks to queue
[2024-11-01T11:57:21.284+0900] {logging_mixin.py:190} INFO - [2024-11-01T11:57:21.284+0900] {dagbag.py:588} INFO - Filling up the DagBag from /home/hamin081234/anaconda3/envs/airflow_env/lib/python3.11/site-packages/airflow/example_dags/example_skip_dag.py
[2024-11-01T11:57:21.289+0900] {processor.py:925} INFO - DAG(s) 'example_skip_dag' retrieved from /home/hamin081234/anaconda3/envs/airflow_env/lib/python3.11/site-packages/airflow/example_dags/example_skip_dag.py
[2024-11-01T11:57:21.299+0900] {logging_mixin.py:190} INFO - [2024-11-01T11:57:21.299+0900] {dag.py:3239} INFO - Sync 1 DAGs
[2024-11-01T11:57:21.310+0900] {logging_mixin.py:190} INFO - [2024-11-01T11:57:21.310+0900] {dag.py:4180} INFO - Setting next_dagrun for example_skip_dag to 2024-10-31 00:00:00+00:00, run_after=2024-11-01 00:00:00+00:00
[2024-11-01T11:57:21.327+0900] {processor.py:208} INFO - Processing /home/hamin081234/anaconda3/envs/airflow_env/lib/python3.11/site-packages/airflow/example_dags/example_skip_dag.py took 0.057 seconds
