[2024-11-01T11:49:57.421+0900] {processor.py:186} INFO - Started process (PID=414568) to work on /home/hamin081234/anaconda3/envs/airflow_env/lib/python3.11/site-packages/airflow/example_dags/example_time_delta_sensor_async.py
[2024-11-01T11:49:57.423+0900] {processor.py:914} INFO - Processing file /home/hamin081234/anaconda3/envs/airflow_env/lib/python3.11/site-packages/airflow/example_dags/example_time_delta_sensor_async.py for tasks to queue
[2024-11-01T11:49:57.427+0900] {logging_mixin.py:190} INFO - [2024-11-01T11:49:57.426+0900] {dagbag.py:588} INFO - Filling up the DagBag from /home/hamin081234/anaconda3/envs/airflow_env/lib/python3.11/site-packages/airflow/example_dags/example_time_delta_sensor_async.py
[2024-11-01T11:49:57.438+0900] {processor.py:925} INFO - DAG(s) 'example_time_delta_sensor_async' retrieved from /home/hamin081234/anaconda3/envs/airflow_env/lib/python3.11/site-packages/airflow/example_dags/example_time_delta_sensor_async.py
[2024-11-01T11:49:57.560+0900] {logging_mixin.py:190} INFO - [2024-11-01T11:49:57.559+0900] {override.py:1900} INFO - Created Permission View: can delete on DAG:example_time_delta_sensor_async
[2024-11-01T11:49:57.578+0900] {logging_mixin.py:190} INFO - [2024-11-01T11:49:57.577+0900] {override.py:1900} INFO - Created Permission View: can edit on DAG:example_time_delta_sensor_async
[2024-11-01T11:49:57.593+0900] {logging_mixin.py:190} INFO - [2024-11-01T11:49:57.592+0900] {override.py:1900} INFO - Created Permission View: can read on DAG:example_time_delta_sensor_async
[2024-11-01T11:49:57.619+0900] {logging_mixin.py:190} INFO - [2024-11-01T11:49:57.619+0900] {override.py:1900} INFO - Created Permission View: menu access on DAG Run:example_time_delta_sensor_async
[2024-11-01T11:49:57.633+0900] {logging_mixin.py:190} INFO - [2024-11-01T11:49:57.633+0900] {override.py:1900} INFO - Created Permission View: can delete on DAG Run:example_time_delta_sensor_async
[2024-11-01T11:49:57.646+0900] {logging_mixin.py:190} INFO - [2024-11-01T11:49:57.645+0900] {override.py:1900} INFO - Created Permission View: can create on DAG Run:example_time_delta_sensor_async
[2024-11-01T11:49:57.657+0900] {logging_mixin.py:190} INFO - [2024-11-01T11:49:57.657+0900] {override.py:1900} INFO - Created Permission View: can read on DAG Run:example_time_delta_sensor_async
[2024-11-01T11:49:57.658+0900] {logging_mixin.py:190} INFO - [2024-11-01T11:49:57.658+0900] {dag.py:3239} INFO - Sync 1 DAGs
[2024-11-01T11:49:57.665+0900] {logging_mixin.py:190} INFO - [2024-11-01T11:49:57.665+0900] {dag.py:3262} INFO - Creating ORM DAG for example_time_delta_sensor_async
[2024-11-01T11:49:57.665+0900] {logging_mixin.py:190} INFO - [2024-11-01T11:49:57.665+0900] {dag.py:4180} INFO - Setting next_dagrun for example_time_delta_sensor_async to None, run_after=None
[2024-11-01T11:49:57.681+0900] {processor.py:208} INFO - Processing /home/hamin081234/anaconda3/envs/airflow_env/lib/python3.11/site-packages/airflow/example_dags/example_time_delta_sensor_async.py took 0.267 seconds
[2024-11-01T11:50:52.667+0900] {processor.py:186} INFO - Started process (PID=415949) to work on /home/hamin081234/anaconda3/envs/airflow_env/lib/python3.11/site-packages/airflow/example_dags/example_time_delta_sensor_async.py
[2024-11-01T11:50:52.676+0900] {processor.py:914} INFO - Processing file /home/hamin081234/anaconda3/envs/airflow_env/lib/python3.11/site-packages/airflow/example_dags/example_time_delta_sensor_async.py for tasks to queue
[2024-11-01T11:50:52.677+0900] {logging_mixin.py:190} INFO - [2024-11-01T11:50:52.677+0900] {dagbag.py:588} INFO - Filling up the DagBag from /home/hamin081234/anaconda3/envs/airflow_env/lib/python3.11/site-packages/airflow/example_dags/example_time_delta_sensor_async.py
[2024-11-01T11:50:52.682+0900] {processor.py:925} INFO - DAG(s) 'example_time_delta_sensor_async' retrieved from /home/hamin081234/anaconda3/envs/airflow_env/lib/python3.11/site-packages/airflow/example_dags/example_time_delta_sensor_async.py
[2024-11-01T11:50:52.692+0900] {logging_mixin.py:190} INFO - [2024-11-01T11:50:52.692+0900] {dag.py:3239} INFO - Sync 1 DAGs
[2024-11-01T11:50:52.699+0900] {logging_mixin.py:190} INFO - [2024-11-01T11:50:52.699+0900] {dag.py:4180} INFO - Setting next_dagrun for example_time_delta_sensor_async to None, run_after=None
[2024-11-01T11:50:52.717+0900] {processor.py:208} INFO - Processing /home/hamin081234/anaconda3/envs/airflow_env/lib/python3.11/site-packages/airflow/example_dags/example_time_delta_sensor_async.py took 0.054 seconds
[2024-11-01T11:52:06.987+0900] {processor.py:186} INFO - Started process (PID=417711) to work on /home/hamin081234/anaconda3/envs/airflow_env/lib/python3.11/site-packages/airflow/example_dags/example_time_delta_sensor_async.py
[2024-11-01T11:52:06.992+0900] {processor.py:914} INFO - Processing file /home/hamin081234/anaconda3/envs/airflow_env/lib/python3.11/site-packages/airflow/example_dags/example_time_delta_sensor_async.py for tasks to queue
[2024-11-01T11:52:06.994+0900] {logging_mixin.py:190} INFO - [2024-11-01T11:52:06.994+0900] {dagbag.py:588} INFO - Filling up the DagBag from /home/hamin081234/anaconda3/envs/airflow_env/lib/python3.11/site-packages/airflow/example_dags/example_time_delta_sensor_async.py
[2024-11-01T11:52:07.000+0900] {processor.py:925} INFO - DAG(s) 'example_time_delta_sensor_async' retrieved from /home/hamin081234/anaconda3/envs/airflow_env/lib/python3.11/site-packages/airflow/example_dags/example_time_delta_sensor_async.py
[2024-11-01T11:52:07.010+0900] {logging_mixin.py:190} INFO - [2024-11-01T11:52:07.010+0900] {dag.py:3239} INFO - Sync 1 DAGs
[2024-11-01T11:52:07.019+0900] {logging_mixin.py:190} INFO - [2024-11-01T11:52:07.019+0900] {dag.py:4180} INFO - Setting next_dagrun for example_time_delta_sensor_async to None, run_after=None
[2024-11-01T11:52:07.040+0900] {processor.py:208} INFO - Processing /home/hamin081234/anaconda3/envs/airflow_env/lib/python3.11/site-packages/airflow/example_dags/example_time_delta_sensor_async.py took 0.056 seconds
[2024-11-01T11:53:07.846+0900] {processor.py:186} INFO - Started process (PID=418937) to work on /home/hamin081234/anaconda3/envs/airflow_env/lib/python3.11/site-packages/airflow/example_dags/example_time_delta_sensor_async.py
[2024-11-01T11:53:07.854+0900] {processor.py:914} INFO - Processing file /home/hamin081234/anaconda3/envs/airflow_env/lib/python3.11/site-packages/airflow/example_dags/example_time_delta_sensor_async.py for tasks to queue
[2024-11-01T11:53:07.856+0900] {logging_mixin.py:190} INFO - [2024-11-01T11:53:07.856+0900] {dagbag.py:588} INFO - Filling up the DagBag from /home/hamin081234/anaconda3/envs/airflow_env/lib/python3.11/site-packages/airflow/example_dags/example_time_delta_sensor_async.py
[2024-11-01T11:53:07.860+0900] {processor.py:925} INFO - DAG(s) 'example_time_delta_sensor_async' retrieved from /home/hamin081234/anaconda3/envs/airflow_env/lib/python3.11/site-packages/airflow/example_dags/example_time_delta_sensor_async.py
[2024-11-01T11:53:07.869+0900] {logging_mixin.py:190} INFO - [2024-11-01T11:53:07.869+0900] {dag.py:3239} INFO - Sync 1 DAGs
[2024-11-01T11:53:07.876+0900] {logging_mixin.py:190} INFO - [2024-11-01T11:53:07.876+0900] {dag.py:4180} INFO - Setting next_dagrun for example_time_delta_sensor_async to None, run_after=None
[2024-11-01T11:53:07.893+0900] {processor.py:208} INFO - Processing /home/hamin081234/anaconda3/envs/airflow_env/lib/python3.11/site-packages/airflow/example_dags/example_time_delta_sensor_async.py took 0.051 seconds
[2024-11-01T11:54:25.520+0900] {processor.py:186} INFO - Started process (PID=420694) to work on /home/hamin081234/anaconda3/envs/airflow_env/lib/python3.11/site-packages/airflow/example_dags/example_time_delta_sensor_async.py
[2024-11-01T11:54:25.529+0900] {processor.py:914} INFO - Processing file /home/hamin081234/anaconda3/envs/airflow_env/lib/python3.11/site-packages/airflow/example_dags/example_time_delta_sensor_async.py for tasks to queue
[2024-11-01T11:54:25.530+0900] {logging_mixin.py:190} INFO - [2024-11-01T11:54:25.530+0900] {dagbag.py:588} INFO - Filling up the DagBag from /home/hamin081234/anaconda3/envs/airflow_env/lib/python3.11/site-packages/airflow/example_dags/example_time_delta_sensor_async.py
[2024-11-01T11:54:25.535+0900] {processor.py:925} INFO - DAG(s) 'example_time_delta_sensor_async' retrieved from /home/hamin081234/anaconda3/envs/airflow_env/lib/python3.11/site-packages/airflow/example_dags/example_time_delta_sensor_async.py
[2024-11-01T11:54:25.545+0900] {logging_mixin.py:190} INFO - [2024-11-01T11:54:25.544+0900] {dag.py:3239} INFO - Sync 1 DAGs
[2024-11-01T11:54:25.551+0900] {logging_mixin.py:190} INFO - [2024-11-01T11:54:25.551+0900] {dag.py:4180} INFO - Setting next_dagrun for example_time_delta_sensor_async to None, run_after=None
[2024-11-01T11:54:25.570+0900] {processor.py:208} INFO - Processing /home/hamin081234/anaconda3/envs/airflow_env/lib/python3.11/site-packages/airflow/example_dags/example_time_delta_sensor_async.py took 0.056 seconds
[2024-11-01T11:55:19.120+0900] {processor.py:186} INFO - Started process (PID=421964) to work on /home/hamin081234/anaconda3/envs/airflow_env/lib/python3.11/site-packages/airflow/example_dags/example_time_delta_sensor_async.py
[2024-11-01T11:55:19.128+0900] {processor.py:914} INFO - Processing file /home/hamin081234/anaconda3/envs/airflow_env/lib/python3.11/site-packages/airflow/example_dags/example_time_delta_sensor_async.py for tasks to queue
[2024-11-01T11:55:19.130+0900] {logging_mixin.py:190} INFO - [2024-11-01T11:55:19.129+0900] {dagbag.py:588} INFO - Filling up the DagBag from /home/hamin081234/anaconda3/envs/airflow_env/lib/python3.11/site-packages/airflow/example_dags/example_time_delta_sensor_async.py
[2024-11-01T11:55:19.134+0900] {processor.py:925} INFO - DAG(s) 'example_time_delta_sensor_async' retrieved from /home/hamin081234/anaconda3/envs/airflow_env/lib/python3.11/site-packages/airflow/example_dags/example_time_delta_sensor_async.py
[2024-11-01T11:55:19.142+0900] {logging_mixin.py:190} INFO - [2024-11-01T11:55:19.142+0900] {dag.py:3239} INFO - Sync 1 DAGs
[2024-11-01T11:55:19.149+0900] {logging_mixin.py:190} INFO - [2024-11-01T11:55:19.149+0900] {dag.py:4180} INFO - Setting next_dagrun for example_time_delta_sensor_async to None, run_after=None
[2024-11-01T11:55:19.167+0900] {processor.py:208} INFO - Processing /home/hamin081234/anaconda3/envs/airflow_env/lib/python3.11/site-packages/airflow/example_dags/example_time_delta_sensor_async.py took 0.050 seconds
[2024-11-01T11:56:35.477+0900] {processor.py:186} INFO - Started process (PID=423711) to work on /home/hamin081234/anaconda3/envs/airflow_env/lib/python3.11/site-packages/airflow/example_dags/example_time_delta_sensor_async.py
[2024-11-01T11:56:35.486+0900] {processor.py:914} INFO - Processing file /home/hamin081234/anaconda3/envs/airflow_env/lib/python3.11/site-packages/airflow/example_dags/example_time_delta_sensor_async.py for tasks to queue
[2024-11-01T11:56:35.490+0900] {logging_mixin.py:190} INFO - [2024-11-01T11:56:35.489+0900] {dagbag.py:588} INFO - Filling up the DagBag from /home/hamin081234/anaconda3/envs/airflow_env/lib/python3.11/site-packages/airflow/example_dags/example_time_delta_sensor_async.py
[2024-11-01T11:56:35.496+0900] {processor.py:925} INFO - DAG(s) 'example_time_delta_sensor_async' retrieved from /home/hamin081234/anaconda3/envs/airflow_env/lib/python3.11/site-packages/airflow/example_dags/example_time_delta_sensor_async.py
[2024-11-01T11:56:35.505+0900] {logging_mixin.py:190} INFO - [2024-11-01T11:56:35.505+0900] {dag.py:3239} INFO - Sync 1 DAGs
[2024-11-01T11:56:35.512+0900] {logging_mixin.py:190} INFO - [2024-11-01T11:56:35.512+0900] {dag.py:4180} INFO - Setting next_dagrun for example_time_delta_sensor_async to None, run_after=None
[2024-11-01T11:56:35.529+0900] {processor.py:208} INFO - Processing /home/hamin081234/anaconda3/envs/airflow_env/lib/python3.11/site-packages/airflow/example_dags/example_time_delta_sensor_async.py took 0.060 seconds
[2024-11-01T11:57:50.403+0900] {processor.py:186} INFO - Started process (PID=425455) to work on /home/hamin081234/anaconda3/envs/airflow_env/lib/python3.11/site-packages/airflow/example_dags/example_time_delta_sensor_async.py
[2024-11-01T11:57:50.412+0900] {processor.py:914} INFO - Processing file /home/hamin081234/anaconda3/envs/airflow_env/lib/python3.11/site-packages/airflow/example_dags/example_time_delta_sensor_async.py for tasks to queue
[2024-11-01T11:57:50.415+0900] {logging_mixin.py:190} INFO - [2024-11-01T11:57:50.414+0900] {dagbag.py:588} INFO - Filling up the DagBag from /home/hamin081234/anaconda3/envs/airflow_env/lib/python3.11/site-packages/airflow/example_dags/example_time_delta_sensor_async.py
[2024-11-01T11:57:50.421+0900] {processor.py:925} INFO - DAG(s) 'example_time_delta_sensor_async' retrieved from /home/hamin081234/anaconda3/envs/airflow_env/lib/python3.11/site-packages/airflow/example_dags/example_time_delta_sensor_async.py
[2024-11-01T11:57:50.430+0900] {logging_mixin.py:190} INFO - [2024-11-01T11:57:50.429+0900] {dag.py:3239} INFO - Sync 1 DAGs
[2024-11-01T11:57:50.436+0900] {logging_mixin.py:190} INFO - [2024-11-01T11:57:50.436+0900] {dag.py:4180} INFO - Setting next_dagrun for example_time_delta_sensor_async to None, run_after=None
[2024-11-01T11:57:50.453+0900] {processor.py:208} INFO - Processing /home/hamin081234/anaconda3/envs/airflow_env/lib/python3.11/site-packages/airflow/example_dags/example_time_delta_sensor_async.py took 0.058 seconds
