[2024-11-01T11:49:56.065+0900] {processor.py:186} INFO - Started process (PID=414545) to work on /home/hamin081234/anaconda3/envs/airflow_env/lib/python3.11/site-packages/airflow/example_dags/example_python_operator.py
[2024-11-01T11:49:56.065+0900] {processor.py:914} INFO - Processing file /home/hamin081234/anaconda3/envs/airflow_env/lib/python3.11/site-packages/airflow/example_dags/example_python_operator.py for tasks to queue
[2024-11-01T11:49:56.067+0900] {logging_mixin.py:190} INFO - [2024-11-01T11:49:56.067+0900] {dagbag.py:588} INFO - Filling up the DagBag from /home/hamin081234/anaconda3/envs/airflow_env/lib/python3.11/site-packages/airflow/example_dags/example_python_operator.py
[2024-11-01T11:49:56.076+0900] {processor.py:925} INFO - DAG(s) 'example_python_operator' retrieved from /home/hamin081234/anaconda3/envs/airflow_env/lib/python3.11/site-packages/airflow/example_dags/example_python_operator.py
[2024-11-01T11:49:56.161+0900] {logging_mixin.py:190} INFO - [2024-11-01T11:49:56.160+0900] {override.py:1900} INFO - Created Permission View: can delete on DAG:example_python_operator
[2024-11-01T11:49:56.176+0900] {logging_mixin.py:190} INFO - [2024-11-01T11:49:56.176+0900] {override.py:1900} INFO - Created Permission View: can edit on DAG:example_python_operator
[2024-11-01T11:49:56.188+0900] {logging_mixin.py:190} INFO - [2024-11-01T11:49:56.188+0900] {override.py:1900} INFO - Created Permission View: can read on DAG:example_python_operator
[2024-11-01T11:49:56.210+0900] {logging_mixin.py:190} INFO - [2024-11-01T11:49:56.210+0900] {override.py:1900} INFO - Created Permission View: menu access on DAG Run:example_python_operator
[2024-11-01T11:49:56.222+0900] {logging_mixin.py:190} INFO - [2024-11-01T11:49:56.222+0900] {override.py:1900} INFO - Created Permission View: can delete on DAG Run:example_python_operator
[2024-11-01T11:49:56.234+0900] {logging_mixin.py:190} INFO - [2024-11-01T11:49:56.234+0900] {override.py:1900} INFO - Created Permission View: can create on DAG Run:example_python_operator
[2024-11-01T11:49:56.247+0900] {logging_mixin.py:190} INFO - [2024-11-01T11:49:56.247+0900] {override.py:1900} INFO - Created Permission View: can read on DAG Run:example_python_operator
[2024-11-01T11:49:56.248+0900] {logging_mixin.py:190} INFO - [2024-11-01T11:49:56.248+0900] {dag.py:3239} INFO - Sync 1 DAGs
[2024-11-01T11:49:56.257+0900] {logging_mixin.py:190} INFO - [2024-11-01T11:49:56.256+0900] {dag.py:3262} INFO - Creating ORM DAG for example_python_operator
[2024-11-01T11:49:56.257+0900] {logging_mixin.py:190} INFO - [2024-11-01T11:49:56.257+0900] {dag.py:4180} INFO - Setting next_dagrun for example_python_operator to None, run_after=None
[2024-11-01T11:49:56.279+0900] {processor.py:208} INFO - Processing /home/hamin081234/anaconda3/envs/airflow_env/lib/python3.11/site-packages/airflow/example_dags/example_python_operator.py took 0.219 seconds
[2024-11-01T11:50:51.425+0900] {processor.py:186} INFO - Started process (PID=415939) to work on /home/hamin081234/anaconda3/envs/airflow_env/lib/python3.11/site-packages/airflow/example_dags/example_python_operator.py
[2024-11-01T11:50:51.435+0900] {processor.py:914} INFO - Processing file /home/hamin081234/anaconda3/envs/airflow_env/lib/python3.11/site-packages/airflow/example_dags/example_python_operator.py for tasks to queue
[2024-11-01T11:50:51.440+0900] {logging_mixin.py:190} INFO - [2024-11-01T11:50:51.439+0900] {dagbag.py:588} INFO - Filling up the DagBag from /home/hamin081234/anaconda3/envs/airflow_env/lib/python3.11/site-packages/airflow/example_dags/example_python_operator.py
[2024-11-01T11:50:51.455+0900] {processor.py:925} INFO - DAG(s) 'example_python_operator' retrieved from /home/hamin081234/anaconda3/envs/airflow_env/lib/python3.11/site-packages/airflow/example_dags/example_python_operator.py
[2024-11-01T11:50:51.490+0900] {logging_mixin.py:190} INFO - [2024-11-01T11:50:51.490+0900] {dag.py:3239} INFO - Sync 1 DAGs
[2024-11-01T11:50:51.512+0900] {logging_mixin.py:190} INFO - [2024-11-01T11:50:51.512+0900] {dag.py:4180} INFO - Setting next_dagrun for example_python_operator to None, run_after=None
[2024-11-01T11:50:51.553+0900] {processor.py:208} INFO - Processing /home/hamin081234/anaconda3/envs/airflow_env/lib/python3.11/site-packages/airflow/example_dags/example_python_operator.py took 0.137 seconds
[2024-11-01T11:52:05.861+0900] {processor.py:186} INFO - Started process (PID=417685) to work on /home/hamin081234/anaconda3/envs/airflow_env/lib/python3.11/site-packages/airflow/example_dags/example_python_operator.py
[2024-11-01T11:52:05.870+0900] {processor.py:914} INFO - Processing file /home/hamin081234/anaconda3/envs/airflow_env/lib/python3.11/site-packages/airflow/example_dags/example_python_operator.py for tasks to queue
[2024-11-01T11:52:05.872+0900] {logging_mixin.py:190} INFO - [2024-11-01T11:52:05.871+0900] {dagbag.py:588} INFO - Filling up the DagBag from /home/hamin081234/anaconda3/envs/airflow_env/lib/python3.11/site-packages/airflow/example_dags/example_python_operator.py
[2024-11-01T11:52:05.882+0900] {processor.py:925} INFO - DAG(s) 'example_python_operator' retrieved from /home/hamin081234/anaconda3/envs/airflow_env/lib/python3.11/site-packages/airflow/example_dags/example_python_operator.py
[2024-11-01T11:52:05.894+0900] {logging_mixin.py:190} INFO - [2024-11-01T11:52:05.894+0900] {dag.py:3239} INFO - Sync 1 DAGs
[2024-11-01T11:52:05.904+0900] {logging_mixin.py:190} INFO - [2024-11-01T11:52:05.904+0900] {dag.py:4180} INFO - Setting next_dagrun for example_python_operator to None, run_after=None
[2024-11-01T11:52:05.926+0900] {processor.py:208} INFO - Processing /home/hamin081234/anaconda3/envs/airflow_env/lib/python3.11/site-packages/airflow/example_dags/example_python_operator.py took 0.068 seconds
[2024-11-01T11:53:06.716+0900] {processor.py:186} INFO - Started process (PID=418914) to work on /home/hamin081234/anaconda3/envs/airflow_env/lib/python3.11/site-packages/airflow/example_dags/example_python_operator.py
[2024-11-01T11:53:06.725+0900] {processor.py:914} INFO - Processing file /home/hamin081234/anaconda3/envs/airflow_env/lib/python3.11/site-packages/airflow/example_dags/example_python_operator.py for tasks to queue
[2024-11-01T11:53:06.726+0900] {logging_mixin.py:190} INFO - [2024-11-01T11:53:06.726+0900] {dagbag.py:588} INFO - Filling up the DagBag from /home/hamin081234/anaconda3/envs/airflow_env/lib/python3.11/site-packages/airflow/example_dags/example_python_operator.py
[2024-11-01T11:53:06.734+0900] {processor.py:925} INFO - DAG(s) 'example_python_operator' retrieved from /home/hamin081234/anaconda3/envs/airflow_env/lib/python3.11/site-packages/airflow/example_dags/example_python_operator.py
[2024-11-01T11:53:06.744+0900] {logging_mixin.py:190} INFO - [2024-11-01T11:53:06.744+0900] {dag.py:3239} INFO - Sync 1 DAGs
[2024-11-01T11:53:06.751+0900] {logging_mixin.py:190} INFO - [2024-11-01T11:53:06.751+0900] {dag.py:4180} INFO - Setting next_dagrun for example_python_operator to None, run_after=None
[2024-11-01T11:53:06.769+0900] {processor.py:208} INFO - Processing /home/hamin081234/anaconda3/envs/airflow_env/lib/python3.11/site-packages/airflow/example_dags/example_python_operator.py took 0.057 seconds
[2024-11-01T11:54:24.914+0900] {processor.py:186} INFO - Started process (PID=420690) to work on /home/hamin081234/anaconda3/envs/airflow_env/lib/python3.11/site-packages/airflow/example_dags/example_python_operator.py
[2024-11-01T11:54:24.923+0900] {processor.py:914} INFO - Processing file /home/hamin081234/anaconda3/envs/airflow_env/lib/python3.11/site-packages/airflow/example_dags/example_python_operator.py for tasks to queue
[2024-11-01T11:54:24.925+0900] {logging_mixin.py:190} INFO - [2024-11-01T11:54:24.924+0900] {dagbag.py:588} INFO - Filling up the DagBag from /home/hamin081234/anaconda3/envs/airflow_env/lib/python3.11/site-packages/airflow/example_dags/example_python_operator.py
[2024-11-01T11:54:24.936+0900] {processor.py:925} INFO - DAG(s) 'example_python_operator' retrieved from /home/hamin081234/anaconda3/envs/airflow_env/lib/python3.11/site-packages/airflow/example_dags/example_python_operator.py
[2024-11-01T11:54:24.945+0900] {logging_mixin.py:190} INFO - [2024-11-01T11:54:24.945+0900] {dag.py:3239} INFO - Sync 1 DAGs
[2024-11-01T11:54:24.951+0900] {logging_mixin.py:190} INFO - [2024-11-01T11:54:24.951+0900] {dag.py:4180} INFO - Setting next_dagrun for example_python_operator to None, run_after=None
[2024-11-01T11:54:24.969+0900] {processor.py:208} INFO - Processing /home/hamin081234/anaconda3/envs/airflow_env/lib/python3.11/site-packages/airflow/example_dags/example_python_operator.py took 0.063 seconds
[2024-11-01T11:55:17.987+0900] {processor.py:186} INFO - Started process (PID=421957) to work on /home/hamin081234/anaconda3/envs/airflow_env/lib/python3.11/site-packages/airflow/example_dags/example_python_operator.py
[2024-11-01T11:55:17.988+0900] {processor.py:914} INFO - Processing file /home/hamin081234/anaconda3/envs/airflow_env/lib/python3.11/site-packages/airflow/example_dags/example_python_operator.py for tasks to queue
[2024-11-01T11:55:17.989+0900] {logging_mixin.py:190} INFO - [2024-11-01T11:55:17.989+0900] {dagbag.py:588} INFO - Filling up the DagBag from /home/hamin081234/anaconda3/envs/airflow_env/lib/python3.11/site-packages/airflow/example_dags/example_python_operator.py
[2024-11-01T11:55:18.000+0900] {processor.py:925} INFO - DAG(s) 'example_python_operator' retrieved from /home/hamin081234/anaconda3/envs/airflow_env/lib/python3.11/site-packages/airflow/example_dags/example_python_operator.py
[2024-11-01T11:55:18.013+0900] {logging_mixin.py:190} INFO - [2024-11-01T11:55:18.013+0900] {dag.py:3239} INFO - Sync 1 DAGs
[2024-11-01T11:55:18.021+0900] {logging_mixin.py:190} INFO - [2024-11-01T11:55:18.021+0900] {dag.py:4180} INFO - Setting next_dagrun for example_python_operator to None, run_after=None
[2024-11-01T11:55:18.048+0900] {processor.py:208} INFO - Processing /home/hamin081234/anaconda3/envs/airflow_env/lib/python3.11/site-packages/airflow/example_dags/example_python_operator.py took 0.067 seconds
[2024-11-01T11:56:35.014+0900] {processor.py:186} INFO - Started process (PID=423709) to work on /home/hamin081234/anaconda3/envs/airflow_env/lib/python3.11/site-packages/airflow/example_dags/example_python_operator.py
[2024-11-01T11:56:35.023+0900] {processor.py:914} INFO - Processing file /home/hamin081234/anaconda3/envs/airflow_env/lib/python3.11/site-packages/airflow/example_dags/example_python_operator.py for tasks to queue
[2024-11-01T11:56:35.024+0900] {logging_mixin.py:190} INFO - [2024-11-01T11:56:35.024+0900] {dagbag.py:588} INFO - Filling up the DagBag from /home/hamin081234/anaconda3/envs/airflow_env/lib/python3.11/site-packages/airflow/example_dags/example_python_operator.py
[2024-11-01T11:56:35.032+0900] {processor.py:925} INFO - DAG(s) 'example_python_operator' retrieved from /home/hamin081234/anaconda3/envs/airflow_env/lib/python3.11/site-packages/airflow/example_dags/example_python_operator.py
[2024-11-01T11:56:35.042+0900] {logging_mixin.py:190} INFO - [2024-11-01T11:56:35.042+0900] {dag.py:3239} INFO - Sync 1 DAGs
[2024-11-01T11:56:35.049+0900] {logging_mixin.py:190} INFO - [2024-11-01T11:56:35.049+0900] {dag.py:4180} INFO - Setting next_dagrun for example_python_operator to None, run_after=None
[2024-11-01T11:56:35.067+0900] {processor.py:208} INFO - Processing /home/hamin081234/anaconda3/envs/airflow_env/lib/python3.11/site-packages/airflow/example_dags/example_python_operator.py took 0.056 seconds
[2024-11-01T11:57:49.269+0900] {processor.py:186} INFO - Started process (PID=425448) to work on /home/hamin081234/anaconda3/envs/airflow_env/lib/python3.11/site-packages/airflow/example_dags/example_python_operator.py
[2024-11-01T11:57:49.270+0900] {processor.py:914} INFO - Processing file /home/hamin081234/anaconda3/envs/airflow_env/lib/python3.11/site-packages/airflow/example_dags/example_python_operator.py for tasks to queue
[2024-11-01T11:57:49.271+0900] {logging_mixin.py:190} INFO - [2024-11-01T11:57:49.271+0900] {dagbag.py:588} INFO - Filling up the DagBag from /home/hamin081234/anaconda3/envs/airflow_env/lib/python3.11/site-packages/airflow/example_dags/example_python_operator.py
[2024-11-01T11:57:49.279+0900] {processor.py:925} INFO - DAG(s) 'example_python_operator' retrieved from /home/hamin081234/anaconda3/envs/airflow_env/lib/python3.11/site-packages/airflow/example_dags/example_python_operator.py
[2024-11-01T11:57:49.288+0900] {logging_mixin.py:190} INFO - [2024-11-01T11:57:49.288+0900] {dag.py:3239} INFO - Sync 1 DAGs
[2024-11-01T11:57:49.294+0900] {logging_mixin.py:190} INFO - [2024-11-01T11:57:49.294+0900] {dag.py:4180} INFO - Setting next_dagrun for example_python_operator to None, run_after=None
[2024-11-01T11:57:49.311+0900] {processor.py:208} INFO - Processing /home/hamin081234/anaconda3/envs/airflow_env/lib/python3.11/site-packages/airflow/example_dags/example_python_operator.py took 0.045 seconds
