[2024-11-01T11:49:29.701+0900] {processor.py:186} INFO - Started process (PID=414032) to work on /home/hamin081234/anaconda3/envs/airflow_env/lib/python3.11/site-packages/airflow/example_dags/example_latest_only.py
[2024-11-01T11:49:29.702+0900] {processor.py:914} INFO - Processing file /home/hamin081234/anaconda3/envs/airflow_env/lib/python3.11/site-packages/airflow/example_dags/example_latest_only.py for tasks to queue
[2024-11-01T11:49:29.703+0900] {logging_mixin.py:190} INFO - [2024-11-01T11:49:29.703+0900] {dagbag.py:588} INFO - Filling up the DagBag from /home/hamin081234/anaconda3/envs/airflow_env/lib/python3.11/site-packages/airflow/example_dags/example_latest_only.py
[2024-11-01T11:49:29.709+0900] {processor.py:925} INFO - DAG(s) 'latest_only' retrieved from /home/hamin081234/anaconda3/envs/airflow_env/lib/python3.11/site-packages/airflow/example_dags/example_latest_only.py
[2024-11-01T11:49:29.775+0900] {logging_mixin.py:190} INFO - [2024-11-01T11:49:29.775+0900] {override.py:1900} INFO - Created Permission View: can delete on DAG:latest_only
[2024-11-01T11:49:29.792+0900] {logging_mixin.py:190} INFO - [2024-11-01T11:49:29.791+0900] {override.py:1900} INFO - Created Permission View: can edit on DAG:latest_only
[2024-11-01T11:49:29.804+0900] {logging_mixin.py:190} INFO - [2024-11-01T11:49:29.803+0900] {override.py:1900} INFO - Created Permission View: can read on DAG:latest_only
[2024-11-01T11:49:29.830+0900] {logging_mixin.py:190} INFO - [2024-11-01T11:49:29.829+0900] {override.py:1900} INFO - Created Permission View: menu access on DAG Run:latest_only
[2024-11-01T11:49:29.843+0900] {logging_mixin.py:190} INFO - [2024-11-01T11:49:29.843+0900] {override.py:1900} INFO - Created Permission View: can delete on DAG Run:latest_only
[2024-11-01T11:49:29.855+0900] {logging_mixin.py:190} INFO - [2024-11-01T11:49:29.855+0900] {override.py:1900} INFO - Created Permission View: can create on DAG Run:latest_only
[2024-11-01T11:49:29.868+0900] {logging_mixin.py:190} INFO - [2024-11-01T11:49:29.867+0900] {override.py:1900} INFO - Created Permission View: can read on DAG Run:latest_only
[2024-11-01T11:49:29.868+0900] {logging_mixin.py:190} INFO - [2024-11-01T11:49:29.868+0900] {dag.py:3239} INFO - Sync 1 DAGs
[2024-11-01T11:49:29.878+0900] {logging_mixin.py:190} INFO - [2024-11-01T11:49:29.878+0900] {dag.py:3262} INFO - Creating ORM DAG for latest_only
[2024-11-01T11:49:29.882+0900] {logging_mixin.py:190} INFO - [2024-11-01T11:49:29.882+0900] {dag.py:4180} INFO - Setting next_dagrun for latest_only to 2024-10-31 20:00:00+00:00, run_after=2024-11-01 00:00:00+00:00
[2024-11-01T11:49:29.907+0900] {processor.py:208} INFO - Processing /home/hamin081234/anaconda3/envs/airflow_env/lib/python3.11/site-packages/airflow/example_dags/example_latest_only.py took 0.209 seconds
[2024-11-01T11:50:29.390+0900] {processor.py:186} INFO - Started process (PID=415452) to work on /home/hamin081234/anaconda3/envs/airflow_env/lib/python3.11/site-packages/airflow/example_dags/example_latest_only.py
[2024-11-01T11:50:29.391+0900] {processor.py:914} INFO - Processing file /home/hamin081234/anaconda3/envs/airflow_env/lib/python3.11/site-packages/airflow/example_dags/example_latest_only.py for tasks to queue
[2024-11-01T11:50:29.392+0900] {logging_mixin.py:190} INFO - [2024-11-01T11:50:29.392+0900] {dagbag.py:588} INFO - Filling up the DagBag from /home/hamin081234/anaconda3/envs/airflow_env/lib/python3.11/site-packages/airflow/example_dags/example_latest_only.py
[2024-11-01T11:50:29.397+0900] {processor.py:925} INFO - DAG(s) 'latest_only' retrieved from /home/hamin081234/anaconda3/envs/airflow_env/lib/python3.11/site-packages/airflow/example_dags/example_latest_only.py
[2024-11-01T11:50:29.406+0900] {logging_mixin.py:190} INFO - [2024-11-01T11:50:29.406+0900] {dag.py:3239} INFO - Sync 1 DAGs
[2024-11-01T11:50:29.416+0900] {logging_mixin.py:190} INFO - [2024-11-01T11:50:29.416+0900] {dag.py:4180} INFO - Setting next_dagrun for latest_only to 2024-10-31 20:00:00+00:00, run_after=2024-11-01 00:00:00+00:00
[2024-11-01T11:50:29.434+0900] {processor.py:208} INFO - Processing /home/hamin081234/anaconda3/envs/airflow_env/lib/python3.11/site-packages/airflow/example_dags/example_latest_only.py took 0.047 seconds
[2024-11-01T11:51:22.917+0900] {processor.py:186} INFO - Started process (PID=416453) to work on /home/hamin081234/anaconda3/envs/airflow_env/lib/python3.11/site-packages/airflow/example_dags/example_latest_only.py
[2024-11-01T11:51:22.917+0900] {processor.py:914} INFO - Processing file /home/hamin081234/anaconda3/envs/airflow_env/lib/python3.11/site-packages/airflow/example_dags/example_latest_only.py for tasks to queue
[2024-11-01T11:51:22.919+0900] {logging_mixin.py:190} INFO - [2024-11-01T11:51:22.919+0900] {dagbag.py:588} INFO - Filling up the DagBag from /home/hamin081234/anaconda3/envs/airflow_env/lib/python3.11/site-packages/airflow/example_dags/example_latest_only.py
[2024-11-01T11:51:22.924+0900] {processor.py:925} INFO - DAG(s) 'latest_only' retrieved from /home/hamin081234/anaconda3/envs/airflow_env/lib/python3.11/site-packages/airflow/example_dags/example_latest_only.py
[2024-11-01T11:51:22.934+0900] {logging_mixin.py:190} INFO - [2024-11-01T11:51:22.934+0900] {dag.py:3239} INFO - Sync 1 DAGs
[2024-11-01T11:51:22.948+0900] {logging_mixin.py:190} INFO - [2024-11-01T11:51:22.948+0900] {dag.py:4180} INFO - Setting next_dagrun for latest_only to 2024-10-31 20:00:00+00:00, run_after=2024-11-01 00:00:00+00:00
[2024-11-01T11:51:22.965+0900] {processor.py:208} INFO - Processing /home/hamin081234/anaconda3/envs/airflow_env/lib/python3.11/site-packages/airflow/example_dags/example_latest_only.py took 0.053 seconds
[2024-11-01T11:52:24.612+0900] {processor.py:186} INFO - Started process (PID=418096) to work on /home/hamin081234/anaconda3/envs/airflow_env/lib/python3.11/site-packages/airflow/example_dags/example_latest_only.py
[2024-11-01T11:52:24.613+0900] {processor.py:914} INFO - Processing file /home/hamin081234/anaconda3/envs/airflow_env/lib/python3.11/site-packages/airflow/example_dags/example_latest_only.py for tasks to queue
[2024-11-01T11:52:24.614+0900] {logging_mixin.py:190} INFO - [2024-11-01T11:52:24.614+0900] {dagbag.py:588} INFO - Filling up the DagBag from /home/hamin081234/anaconda3/envs/airflow_env/lib/python3.11/site-packages/airflow/example_dags/example_latest_only.py
[2024-11-01T11:52:24.625+0900] {processor.py:925} INFO - DAG(s) 'latest_only' retrieved from /home/hamin081234/anaconda3/envs/airflow_env/lib/python3.11/site-packages/airflow/example_dags/example_latest_only.py
[2024-11-01T11:52:24.635+0900] {logging_mixin.py:190} INFO - [2024-11-01T11:52:24.635+0900] {dag.py:3239} INFO - Sync 1 DAGs
[2024-11-01T11:52:24.646+0900] {logging_mixin.py:190} INFO - [2024-11-01T11:52:24.646+0900] {dag.py:4180} INFO - Setting next_dagrun for latest_only to 2024-10-31 20:00:00+00:00, run_after=2024-11-01 00:00:00+00:00
[2024-11-01T11:52:24.664+0900] {processor.py:208} INFO - Processing /home/hamin081234/anaconda3/envs/airflow_env/lib/python3.11/site-packages/airflow/example_dags/example_latest_only.py took 0.057 seconds
[2024-11-01T11:53:18.749+0900] {processor.py:186} INFO - Started process (PID=419384) to work on /home/hamin081234/anaconda3/envs/airflow_env/lib/python3.11/site-packages/airflow/example_dags/example_latest_only.py
[2024-11-01T11:53:18.758+0900] {processor.py:914} INFO - Processing file /home/hamin081234/anaconda3/envs/airflow_env/lib/python3.11/site-packages/airflow/example_dags/example_latest_only.py for tasks to queue
[2024-11-01T11:53:18.759+0900] {logging_mixin.py:190} INFO - [2024-11-01T11:53:18.759+0900] {dagbag.py:588} INFO - Filling up the DagBag from /home/hamin081234/anaconda3/envs/airflow_env/lib/python3.11/site-packages/airflow/example_dags/example_latest_only.py
[2024-11-01T11:53:18.764+0900] {processor.py:925} INFO - DAG(s) 'latest_only' retrieved from /home/hamin081234/anaconda3/envs/airflow_env/lib/python3.11/site-packages/airflow/example_dags/example_latest_only.py
[2024-11-01T11:53:18.773+0900] {logging_mixin.py:190} INFO - [2024-11-01T11:53:18.773+0900] {dag.py:3239} INFO - Sync 1 DAGs
[2024-11-01T11:53:18.784+0900] {logging_mixin.py:190} INFO - [2024-11-01T11:53:18.784+0900] {dag.py:4180} INFO - Setting next_dagrun for latest_only to 2024-10-31 20:00:00+00:00, run_after=2024-11-01 00:00:00+00:00
[2024-11-01T11:53:18.803+0900] {processor.py:208} INFO - Processing /home/hamin081234/anaconda3/envs/airflow_env/lib/python3.11/site-packages/airflow/example_dags/example_latest_only.py took 0.057 seconds
[2024-11-01T11:54:10.083+0900] {processor.py:186} INFO - Started process (PID=420299) to work on /home/hamin081234/anaconda3/envs/airflow_env/lib/python3.11/site-packages/airflow/example_dags/example_latest_only.py
[2024-11-01T11:54:10.092+0900] {processor.py:914} INFO - Processing file /home/hamin081234/anaconda3/envs/airflow_env/lib/python3.11/site-packages/airflow/example_dags/example_latest_only.py for tasks to queue
[2024-11-01T11:54:10.093+0900] {logging_mixin.py:190} INFO - [2024-11-01T11:54:10.093+0900] {dagbag.py:588} INFO - Filling up the DagBag from /home/hamin081234/anaconda3/envs/airflow_env/lib/python3.11/site-packages/airflow/example_dags/example_latest_only.py
[2024-11-01T11:54:10.098+0900] {processor.py:925} INFO - DAG(s) 'latest_only' retrieved from /home/hamin081234/anaconda3/envs/airflow_env/lib/python3.11/site-packages/airflow/example_dags/example_latest_only.py
[2024-11-01T11:54:10.108+0900] {logging_mixin.py:190} INFO - [2024-11-01T11:54:10.108+0900] {dag.py:3239} INFO - Sync 1 DAGs
[2024-11-01T11:54:10.120+0900] {logging_mixin.py:190} INFO - [2024-11-01T11:54:10.119+0900] {dag.py:4180} INFO - Setting next_dagrun for latest_only to 2024-10-31 20:00:00+00:00, run_after=2024-11-01 00:00:00+00:00
[2024-11-01T11:54:10.139+0900] {processor.py:208} INFO - Processing /home/hamin081234/anaconda3/envs/airflow_env/lib/python3.11/site-packages/airflow/example_dags/example_latest_only.py took 0.060 seconds
[2024-11-01T11:55:02.901+0900] {processor.py:186} INFO - Started process (PID=421687) to work on /home/hamin081234/anaconda3/envs/airflow_env/lib/python3.11/site-packages/airflow/example_dags/example_latest_only.py
[2024-11-01T11:55:02.910+0900] {processor.py:914} INFO - Processing file /home/hamin081234/anaconda3/envs/airflow_env/lib/python3.11/site-packages/airflow/example_dags/example_latest_only.py for tasks to queue
[2024-11-01T11:55:02.911+0900] {logging_mixin.py:190} INFO - [2024-11-01T11:55:02.911+0900] {dagbag.py:588} INFO - Filling up the DagBag from /home/hamin081234/anaconda3/envs/airflow_env/lib/python3.11/site-packages/airflow/example_dags/example_latest_only.py
[2024-11-01T11:55:02.915+0900] {processor.py:925} INFO - DAG(s) 'latest_only' retrieved from /home/hamin081234/anaconda3/envs/airflow_env/lib/python3.11/site-packages/airflow/example_dags/example_latest_only.py
[2024-11-01T11:55:02.924+0900] {logging_mixin.py:190} INFO - [2024-11-01T11:55:02.924+0900] {dag.py:3239} INFO - Sync 1 DAGs
[2024-11-01T11:55:02.934+0900] {logging_mixin.py:190} INFO - [2024-11-01T11:55:02.934+0900] {dag.py:4180} INFO - Setting next_dagrun for latest_only to 2024-10-31 20:00:00+00:00, run_after=2024-11-01 00:00:00+00:00
[2024-11-01T11:55:02.952+0900] {processor.py:208} INFO - Processing /home/hamin081234/anaconda3/envs/airflow_env/lib/python3.11/site-packages/airflow/example_dags/example_latest_only.py took 0.054 seconds
[2024-11-01T11:55:52.862+0900] {processor.py:186} INFO - Started process (PID=422932) to work on /home/hamin081234/anaconda3/envs/airflow_env/lib/python3.11/site-packages/airflow/example_dags/example_latest_only.py
[2024-11-01T11:55:52.871+0900] {processor.py:914} INFO - Processing file /home/hamin081234/anaconda3/envs/airflow_env/lib/python3.11/site-packages/airflow/example_dags/example_latest_only.py for tasks to queue
[2024-11-01T11:55:52.872+0900] {logging_mixin.py:190} INFO - [2024-11-01T11:55:52.872+0900] {dagbag.py:588} INFO - Filling up the DagBag from /home/hamin081234/anaconda3/envs/airflow_env/lib/python3.11/site-packages/airflow/example_dags/example_latest_only.py
[2024-11-01T11:55:52.877+0900] {processor.py:925} INFO - DAG(s) 'latest_only' retrieved from /home/hamin081234/anaconda3/envs/airflow_env/lib/python3.11/site-packages/airflow/example_dags/example_latest_only.py
[2024-11-01T11:55:52.885+0900] {logging_mixin.py:190} INFO - [2024-11-01T11:55:52.885+0900] {dag.py:3239} INFO - Sync 1 DAGs
[2024-11-01T11:55:52.896+0900] {logging_mixin.py:190} INFO - [2024-11-01T11:55:52.896+0900] {dag.py:4180} INFO - Setting next_dagrun for latest_only to 2024-10-31 20:00:00+00:00, run_after=2024-11-01 00:00:00+00:00
[2024-11-01T11:55:52.912+0900] {processor.py:208} INFO - Processing /home/hamin081234/anaconda3/envs/airflow_env/lib/python3.11/site-packages/airflow/example_dags/example_latest_only.py took 0.054 seconds
[2024-11-01T11:56:45.317+0900] {processor.py:186} INFO - Started process (PID=423931) to work on /home/hamin081234/anaconda3/envs/airflow_env/lib/python3.11/site-packages/airflow/example_dags/example_latest_only.py
[2024-11-01T11:56:45.318+0900] {processor.py:914} INFO - Processing file /home/hamin081234/anaconda3/envs/airflow_env/lib/python3.11/site-packages/airflow/example_dags/example_latest_only.py for tasks to queue
[2024-11-01T11:56:45.320+0900] {logging_mixin.py:190} INFO - [2024-11-01T11:56:45.320+0900] {dagbag.py:588} INFO - Filling up the DagBag from /home/hamin081234/anaconda3/envs/airflow_env/lib/python3.11/site-packages/airflow/example_dags/example_latest_only.py
[2024-11-01T11:56:45.326+0900] {processor.py:925} INFO - DAG(s) 'latest_only' retrieved from /home/hamin081234/anaconda3/envs/airflow_env/lib/python3.11/site-packages/airflow/example_dags/example_latest_only.py
[2024-11-01T11:56:45.344+0900] {logging_mixin.py:190} INFO - [2024-11-01T11:56:45.344+0900] {dag.py:3239} INFO - Sync 1 DAGs
[2024-11-01T11:56:45.360+0900] {logging_mixin.py:190} INFO - [2024-11-01T11:56:45.359+0900] {dag.py:4180} INFO - Setting next_dagrun for latest_only to 2024-10-31 20:00:00+00:00, run_after=2024-11-01 00:00:00+00:00
[2024-11-01T11:56:45.382+0900] {processor.py:208} INFO - Processing /home/hamin081234/anaconda3/envs/airflow_env/lib/python3.11/site-packages/airflow/example_dags/example_latest_only.py took 0.070 seconds
[2024-11-01T11:57:34.137+0900] {processor.py:186} INFO - Started process (PID=425198) to work on /home/hamin081234/anaconda3/envs/airflow_env/lib/python3.11/site-packages/airflow/example_dags/example_latest_only.py
[2024-11-01T11:57:34.145+0900] {processor.py:914} INFO - Processing file /home/hamin081234/anaconda3/envs/airflow_env/lib/python3.11/site-packages/airflow/example_dags/example_latest_only.py for tasks to queue
[2024-11-01T11:57:34.147+0900] {logging_mixin.py:190} INFO - [2024-11-01T11:57:34.147+0900] {dagbag.py:588} INFO - Filling up the DagBag from /home/hamin081234/anaconda3/envs/airflow_env/lib/python3.11/site-packages/airflow/example_dags/example_latest_only.py
[2024-11-01T11:57:34.151+0900] {processor.py:925} INFO - DAG(s) 'latest_only' retrieved from /home/hamin081234/anaconda3/envs/airflow_env/lib/python3.11/site-packages/airflow/example_dags/example_latest_only.py
[2024-11-01T11:57:34.159+0900] {logging_mixin.py:190} INFO - [2024-11-01T11:57:34.159+0900] {dag.py:3239} INFO - Sync 1 DAGs
[2024-11-01T11:57:34.169+0900] {logging_mixin.py:190} INFO - [2024-11-01T11:57:34.169+0900] {dag.py:4180} INFO - Setting next_dagrun for latest_only to 2024-10-31 20:00:00+00:00, run_after=2024-11-01 00:00:00+00:00
[2024-11-01T11:57:34.186+0900] {processor.py:208} INFO - Processing /home/hamin081234/anaconda3/envs/airflow_env/lib/python3.11/site-packages/airflow/example_dags/example_latest_only.py took 0.052 seconds
