[2024-11-01T11:49:31.046+0900] {processor.py:186} INFO - Started process (PID=414075) to work on /home/hamin081234/anaconda3/envs/airflow_env/lib/python3.11/site-packages/airflow/example_dags/example_task_group_decorator.py
[2024-11-01T11:49:31.047+0900] {processor.py:914} INFO - Processing file /home/hamin081234/anaconda3/envs/airflow_env/lib/python3.11/site-packages/airflow/example_dags/example_task_group_decorator.py for tasks to queue
[2024-11-01T11:49:31.048+0900] {logging_mixin.py:190} INFO - [2024-11-01T11:49:31.048+0900] {dagbag.py:588} INFO - Filling up the DagBag from /home/hamin081234/anaconda3/envs/airflow_env/lib/python3.11/site-packages/airflow/example_dags/example_task_group_decorator.py
[2024-11-01T11:49:31.057+0900] {processor.py:925} INFO - DAG(s) 'example_task_group_decorator' retrieved from /home/hamin081234/anaconda3/envs/airflow_env/lib/python3.11/site-packages/airflow/example_dags/example_task_group_decorator.py
[2024-11-01T11:49:31.141+0900] {logging_mixin.py:190} INFO - [2024-11-01T11:49:31.140+0900] {override.py:1900} INFO - Created Permission View: can delete on DAG:example_task_group_decorator
[2024-11-01T11:49:31.155+0900] {logging_mixin.py:190} INFO - [2024-11-01T11:49:31.154+0900] {override.py:1900} INFO - Created Permission View: can edit on DAG:example_task_group_decorator
[2024-11-01T11:49:31.166+0900] {logging_mixin.py:190} INFO - [2024-11-01T11:49:31.166+0900] {override.py:1900} INFO - Created Permission View: can read on DAG:example_task_group_decorator
[2024-11-01T11:49:31.187+0900] {logging_mixin.py:190} INFO - [2024-11-01T11:49:31.186+0900] {override.py:1900} INFO - Created Permission View: menu access on DAG Run:example_task_group_decorator
[2024-11-01T11:49:31.198+0900] {logging_mixin.py:190} INFO - [2024-11-01T11:49:31.198+0900] {override.py:1900} INFO - Created Permission View: can delete on DAG Run:example_task_group_decorator
[2024-11-01T11:49:31.209+0900] {logging_mixin.py:190} INFO - [2024-11-01T11:49:31.208+0900] {override.py:1900} INFO - Created Permission View: can create on DAG Run:example_task_group_decorator
[2024-11-01T11:49:31.225+0900] {logging_mixin.py:190} INFO - [2024-11-01T11:49:31.224+0900] {override.py:1900} INFO - Created Permission View: can read on DAG Run:example_task_group_decorator
[2024-11-01T11:49:31.225+0900] {logging_mixin.py:190} INFO - [2024-11-01T11:49:31.225+0900] {dag.py:3239} INFO - Sync 1 DAGs
[2024-11-01T11:49:31.231+0900] {logging_mixin.py:190} INFO - [2024-11-01T11:49:31.231+0900] {dag.py:3262} INFO - Creating ORM DAG for example_task_group_decorator
[2024-11-01T11:49:31.231+0900] {logging_mixin.py:190} INFO - [2024-11-01T11:49:31.231+0900] {dag.py:4180} INFO - Setting next_dagrun for example_task_group_decorator to None, run_after=None
[2024-11-01T11:49:31.248+0900] {processor.py:208} INFO - Processing /home/hamin081234/anaconda3/envs/airflow_env/lib/python3.11/site-packages/airflow/example_dags/example_task_group_decorator.py took 0.205 seconds
[2024-11-01T11:50:29.556+0900] {processor.py:186} INFO - Started process (PID=415453) to work on /home/hamin081234/anaconda3/envs/airflow_env/lib/python3.11/site-packages/airflow/example_dags/example_task_group_decorator.py
[2024-11-01T11:50:29.557+0900] {processor.py:914} INFO - Processing file /home/hamin081234/anaconda3/envs/airflow_env/lib/python3.11/site-packages/airflow/example_dags/example_task_group_decorator.py for tasks to queue
[2024-11-01T11:50:29.559+0900] {logging_mixin.py:190} INFO - [2024-11-01T11:50:29.559+0900] {dagbag.py:588} INFO - Filling up the DagBag from /home/hamin081234/anaconda3/envs/airflow_env/lib/python3.11/site-packages/airflow/example_dags/example_task_group_decorator.py
[2024-11-01T11:50:29.570+0900] {processor.py:925} INFO - DAG(s) 'example_task_group_decorator' retrieved from /home/hamin081234/anaconda3/envs/airflow_env/lib/python3.11/site-packages/airflow/example_dags/example_task_group_decorator.py
[2024-11-01T11:50:29.583+0900] {logging_mixin.py:190} INFO - [2024-11-01T11:50:29.583+0900] {dag.py:3239} INFO - Sync 1 DAGs
[2024-11-01T11:50:29.591+0900] {logging_mixin.py:190} INFO - [2024-11-01T11:50:29.590+0900] {dag.py:4180} INFO - Setting next_dagrun for example_task_group_decorator to None, run_after=None
[2024-11-01T11:50:29.612+0900] {processor.py:208} INFO - Processing /home/hamin081234/anaconda3/envs/airflow_env/lib/python3.11/site-packages/airflow/example_dags/example_task_group_decorator.py took 0.060 seconds
[2024-11-01T11:51:23.688+0900] {processor.py:186} INFO - Started process (PID=416518) to work on /home/hamin081234/anaconda3/envs/airflow_env/lib/python3.11/site-packages/airflow/example_dags/example_task_group_decorator.py
[2024-11-01T11:51:23.689+0900] {processor.py:914} INFO - Processing file /home/hamin081234/anaconda3/envs/airflow_env/lib/python3.11/site-packages/airflow/example_dags/example_task_group_decorator.py for tasks to queue
[2024-11-01T11:51:23.691+0900] {logging_mixin.py:190} INFO - [2024-11-01T11:51:23.690+0900] {dagbag.py:588} INFO - Filling up the DagBag from /home/hamin081234/anaconda3/envs/airflow_env/lib/python3.11/site-packages/airflow/example_dags/example_task_group_decorator.py
[2024-11-01T11:51:23.699+0900] {processor.py:925} INFO - DAG(s) 'example_task_group_decorator' retrieved from /home/hamin081234/anaconda3/envs/airflow_env/lib/python3.11/site-packages/airflow/example_dags/example_task_group_decorator.py
[2024-11-01T11:51:23.710+0900] {logging_mixin.py:190} INFO - [2024-11-01T11:51:23.710+0900] {dag.py:3239} INFO - Sync 1 DAGs
[2024-11-01T11:51:23.717+0900] {logging_mixin.py:190} INFO - [2024-11-01T11:51:23.717+0900] {dag.py:4180} INFO - Setting next_dagrun for example_task_group_decorator to None, run_after=None
[2024-11-01T11:51:23.735+0900] {processor.py:208} INFO - Processing /home/hamin081234/anaconda3/envs/airflow_env/lib/python3.11/site-packages/airflow/example_dags/example_task_group_decorator.py took 0.051 seconds
[2024-11-01T11:52:25.740+0900] {processor.py:186} INFO - Started process (PID=418101) to work on /home/hamin081234/anaconda3/envs/airflow_env/lib/python3.11/site-packages/airflow/example_dags/example_task_group_decorator.py
[2024-11-01T11:52:25.740+0900] {processor.py:914} INFO - Processing file /home/hamin081234/anaconda3/envs/airflow_env/lib/python3.11/site-packages/airflow/example_dags/example_task_group_decorator.py for tasks to queue
[2024-11-01T11:52:25.742+0900] {logging_mixin.py:190} INFO - [2024-11-01T11:52:25.742+0900] {dagbag.py:588} INFO - Filling up the DagBag from /home/hamin081234/anaconda3/envs/airflow_env/lib/python3.11/site-packages/airflow/example_dags/example_task_group_decorator.py
[2024-11-01T11:52:25.751+0900] {processor.py:925} INFO - DAG(s) 'example_task_group_decorator' retrieved from /home/hamin081234/anaconda3/envs/airflow_env/lib/python3.11/site-packages/airflow/example_dags/example_task_group_decorator.py
[2024-11-01T11:52:25.762+0900] {logging_mixin.py:190} INFO - [2024-11-01T11:52:25.762+0900] {dag.py:3239} INFO - Sync 1 DAGs
[2024-11-01T11:52:25.769+0900] {logging_mixin.py:190} INFO - [2024-11-01T11:52:25.769+0900] {dag.py:4180} INFO - Setting next_dagrun for example_task_group_decorator to None, run_after=None
[2024-11-01T11:52:25.785+0900] {processor.py:208} INFO - Processing /home/hamin081234/anaconda3/envs/airflow_env/lib/python3.11/site-packages/airflow/example_dags/example_task_group_decorator.py took 0.049 seconds
[2024-11-01T11:53:19.934+0900] {processor.py:186} INFO - Started process (PID=419407) to work on /home/hamin081234/anaconda3/envs/airflow_env/lib/python3.11/site-packages/airflow/example_dags/example_task_group_decorator.py
[2024-11-01T11:53:19.938+0900] {processor.py:914} INFO - Processing file /home/hamin081234/anaconda3/envs/airflow_env/lib/python3.11/site-packages/airflow/example_dags/example_task_group_decorator.py for tasks to queue
[2024-11-01T11:53:19.940+0900] {logging_mixin.py:190} INFO - [2024-11-01T11:53:19.940+0900] {dagbag.py:588} INFO - Filling up the DagBag from /home/hamin081234/anaconda3/envs/airflow_env/lib/python3.11/site-packages/airflow/example_dags/example_task_group_decorator.py
[2024-11-01T11:53:19.951+0900] {processor.py:925} INFO - DAG(s) 'example_task_group_decorator' retrieved from /home/hamin081234/anaconda3/envs/airflow_env/lib/python3.11/site-packages/airflow/example_dags/example_task_group_decorator.py
[2024-11-01T11:53:19.962+0900] {logging_mixin.py:190} INFO - [2024-11-01T11:53:19.962+0900] {dag.py:3239} INFO - Sync 1 DAGs
[2024-11-01T11:53:19.969+0900] {logging_mixin.py:190} INFO - [2024-11-01T11:53:19.969+0900] {dag.py:4180} INFO - Setting next_dagrun for example_task_group_decorator to None, run_after=None
[2024-11-01T11:53:19.987+0900] {processor.py:208} INFO - Processing /home/hamin081234/anaconda3/envs/airflow_env/lib/python3.11/site-packages/airflow/example_dags/example_task_group_decorator.py took 0.057 seconds
[2024-11-01T11:54:11.223+0900] {processor.py:186} INFO - Started process (PID=420469) to work on /home/hamin081234/anaconda3/envs/airflow_env/lib/python3.11/site-packages/airflow/example_dags/example_task_group_decorator.py
[2024-11-01T11:54:11.231+0900] {processor.py:914} INFO - Processing file /home/hamin081234/anaconda3/envs/airflow_env/lib/python3.11/site-packages/airflow/example_dags/example_task_group_decorator.py for tasks to queue
[2024-11-01T11:54:11.233+0900] {logging_mixin.py:190} INFO - [2024-11-01T11:54:11.233+0900] {dagbag.py:588} INFO - Filling up the DagBag from /home/hamin081234/anaconda3/envs/airflow_env/lib/python3.11/site-packages/airflow/example_dags/example_task_group_decorator.py
[2024-11-01T11:54:11.247+0900] {processor.py:925} INFO - DAG(s) 'example_task_group_decorator' retrieved from /home/hamin081234/anaconda3/envs/airflow_env/lib/python3.11/site-packages/airflow/example_dags/example_task_group_decorator.py
[2024-11-01T11:54:11.262+0900] {logging_mixin.py:190} INFO - [2024-11-01T11:54:11.262+0900] {dag.py:3239} INFO - Sync 1 DAGs
[2024-11-01T11:54:11.269+0900] {logging_mixin.py:190} INFO - [2024-11-01T11:54:11.269+0900] {dag.py:4180} INFO - Setting next_dagrun for example_task_group_decorator to None, run_after=None
[2024-11-01T11:54:11.287+0900] {processor.py:208} INFO - Processing /home/hamin081234/anaconda3/envs/airflow_env/lib/python3.11/site-packages/airflow/example_dags/example_task_group_decorator.py took 0.070 seconds
[2024-11-01T11:55:04.026+0900] {processor.py:186} INFO - Started process (PID=421697) to work on /home/hamin081234/anaconda3/envs/airflow_env/lib/python3.11/site-packages/airflow/example_dags/example_task_group_decorator.py
[2024-11-01T11:55:04.035+0900] {processor.py:914} INFO - Processing file /home/hamin081234/anaconda3/envs/airflow_env/lib/python3.11/site-packages/airflow/example_dags/example_task_group_decorator.py for tasks to queue
[2024-11-01T11:55:04.036+0900] {logging_mixin.py:190} INFO - [2024-11-01T11:55:04.036+0900] {dagbag.py:588} INFO - Filling up the DagBag from /home/hamin081234/anaconda3/envs/airflow_env/lib/python3.11/site-packages/airflow/example_dags/example_task_group_decorator.py
[2024-11-01T11:55:04.045+0900] {processor.py:925} INFO - DAG(s) 'example_task_group_decorator' retrieved from /home/hamin081234/anaconda3/envs/airflow_env/lib/python3.11/site-packages/airflow/example_dags/example_task_group_decorator.py
[2024-11-01T11:55:04.056+0900] {logging_mixin.py:190} INFO - [2024-11-01T11:55:04.056+0900] {dag.py:3239} INFO - Sync 1 DAGs
[2024-11-01T11:55:04.062+0900] {logging_mixin.py:190} INFO - [2024-11-01T11:55:04.062+0900] {dag.py:4180} INFO - Setting next_dagrun for example_task_group_decorator to None, run_after=None
[2024-11-01T11:55:04.079+0900] {processor.py:208} INFO - Processing /home/hamin081234/anaconda3/envs/airflow_env/lib/python3.11/site-packages/airflow/example_dags/example_task_group_decorator.py took 0.056 seconds
[2024-11-01T11:55:54.006+0900] {processor.py:186} INFO - Started process (PID=422943) to work on /home/hamin081234/anaconda3/envs/airflow_env/lib/python3.11/site-packages/airflow/example_dags/example_task_group_decorator.py
[2024-11-01T11:55:54.007+0900] {processor.py:914} INFO - Processing file /home/hamin081234/anaconda3/envs/airflow_env/lib/python3.11/site-packages/airflow/example_dags/example_task_group_decorator.py for tasks to queue
[2024-11-01T11:55:54.009+0900] {logging_mixin.py:190} INFO - [2024-11-01T11:55:54.008+0900] {dagbag.py:588} INFO - Filling up the DagBag from /home/hamin081234/anaconda3/envs/airflow_env/lib/python3.11/site-packages/airflow/example_dags/example_task_group_decorator.py
[2024-11-01T11:55:54.017+0900] {processor.py:925} INFO - DAG(s) 'example_task_group_decorator' retrieved from /home/hamin081234/anaconda3/envs/airflow_env/lib/python3.11/site-packages/airflow/example_dags/example_task_group_decorator.py
[2024-11-01T11:55:54.029+0900] {logging_mixin.py:190} INFO - [2024-11-01T11:55:54.028+0900] {dag.py:3239} INFO - Sync 1 DAGs
[2024-11-01T11:55:54.036+0900] {logging_mixin.py:190} INFO - [2024-11-01T11:55:54.035+0900] {dag.py:4180} INFO - Setting next_dagrun for example_task_group_decorator to None, run_after=None
[2024-11-01T11:55:54.055+0900] {processor.py:208} INFO - Processing /home/hamin081234/anaconda3/envs/airflow_env/lib/python3.11/site-packages/airflow/example_dags/example_task_group_decorator.py took 0.052 seconds
[2024-11-01T11:56:45.605+0900] {processor.py:186} INFO - Started process (PID=424003) to work on /home/hamin081234/anaconda3/envs/airflow_env/lib/python3.11/site-packages/airflow/example_dags/example_task_group_decorator.py
[2024-11-01T11:56:45.606+0900] {processor.py:914} INFO - Processing file /home/hamin081234/anaconda3/envs/airflow_env/lib/python3.11/site-packages/airflow/example_dags/example_task_group_decorator.py for tasks to queue
[2024-11-01T11:56:45.607+0900] {logging_mixin.py:190} INFO - [2024-11-01T11:56:45.607+0900] {dagbag.py:588} INFO - Filling up the DagBag from /home/hamin081234/anaconda3/envs/airflow_env/lib/python3.11/site-packages/airflow/example_dags/example_task_group_decorator.py
[2024-11-01T11:56:45.616+0900] {processor.py:925} INFO - DAG(s) 'example_task_group_decorator' retrieved from /home/hamin081234/anaconda3/envs/airflow_env/lib/python3.11/site-packages/airflow/example_dags/example_task_group_decorator.py
[2024-11-01T11:56:45.627+0900] {logging_mixin.py:190} INFO - [2024-11-01T11:56:45.627+0900] {dag.py:3239} INFO - Sync 1 DAGs
[2024-11-01T11:56:45.634+0900] {logging_mixin.py:190} INFO - [2024-11-01T11:56:45.634+0900] {dag.py:4180} INFO - Setting next_dagrun for example_task_group_decorator to None, run_after=None
[2024-11-01T11:56:45.652+0900] {processor.py:208} INFO - Processing /home/hamin081234/anaconda3/envs/airflow_env/lib/python3.11/site-packages/airflow/example_dags/example_task_group_decorator.py took 0.051 seconds
[2024-11-01T11:57:35.263+0900] {processor.py:186} INFO - Started process (PID=425239) to work on /home/hamin081234/anaconda3/envs/airflow_env/lib/python3.11/site-packages/airflow/example_dags/example_task_group_decorator.py
[2024-11-01T11:57:35.273+0900] {processor.py:914} INFO - Processing file /home/hamin081234/anaconda3/envs/airflow_env/lib/python3.11/site-packages/airflow/example_dags/example_task_group_decorator.py for tasks to queue
[2024-11-01T11:57:35.275+0900] {logging_mixin.py:190} INFO - [2024-11-01T11:57:35.275+0900] {dagbag.py:588} INFO - Filling up the DagBag from /home/hamin081234/anaconda3/envs/airflow_env/lib/python3.11/site-packages/airflow/example_dags/example_task_group_decorator.py
[2024-11-01T11:57:35.286+0900] {processor.py:925} INFO - DAG(s) 'example_task_group_decorator' retrieved from /home/hamin081234/anaconda3/envs/airflow_env/lib/python3.11/site-packages/airflow/example_dags/example_task_group_decorator.py
[2024-11-01T11:57:35.301+0900] {logging_mixin.py:190} INFO - [2024-11-01T11:57:35.301+0900] {dag.py:3239} INFO - Sync 1 DAGs
[2024-11-01T11:57:35.310+0900] {logging_mixin.py:190} INFO - [2024-11-01T11:57:35.310+0900] {dag.py:4180} INFO - Setting next_dagrun for example_task_group_decorator to None, run_after=None
[2024-11-01T11:57:35.329+0900] {processor.py:208} INFO - Processing /home/hamin081234/anaconda3/envs/airflow_env/lib/python3.11/site-packages/airflow/example_dags/example_task_group_decorator.py took 0.069 seconds
