[2024-11-01T11:49:43.343+0900] {processor.py:186} INFO - Started process (PID=414365) to work on /home/hamin081234/anaconda3/envs/airflow_env/lib/python3.11/site-packages/airflow/example_dags/example_outlet_event_extra.py
[2024-11-01T11:49:43.344+0900] {processor.py:914} INFO - Processing file /home/hamin081234/anaconda3/envs/airflow_env/lib/python3.11/site-packages/airflow/example_dags/example_outlet_event_extra.py for tasks to queue
[2024-11-01T11:49:43.345+0900] {logging_mixin.py:190} INFO - [2024-11-01T11:49:43.345+0900] {dagbag.py:588} INFO - Filling up the DagBag from /home/hamin081234/anaconda3/envs/airflow_env/lib/python3.11/site-packages/airflow/example_dags/example_outlet_event_extra.py
[2024-11-01T11:49:43.354+0900] {processor.py:925} INFO - DAG(s) 'dataset_with_extra_by_context', 'dataset_with_extra_by_yield', 'dataset_with_extra_from_classic_operator' retrieved from /home/hamin081234/anaconda3/envs/airflow_env/lib/python3.11/site-packages/airflow/example_dags/example_outlet_event_extra.py
[2024-11-01T11:49:43.426+0900] {logging_mixin.py:190} INFO - [2024-11-01T11:49:43.425+0900] {override.py:1900} INFO - Created Permission View: can delete on DAG:dataset_with_extra_by_context
[2024-11-01T11:49:43.438+0900] {logging_mixin.py:190} INFO - [2024-11-01T11:49:43.437+0900] {override.py:1900} INFO - Created Permission View: can edit on DAG:dataset_with_extra_by_context
[2024-11-01T11:49:43.450+0900] {logging_mixin.py:190} INFO - [2024-11-01T11:49:43.450+0900] {override.py:1900} INFO - Created Permission View: can read on DAG:dataset_with_extra_by_context
[2024-11-01T11:49:43.472+0900] {logging_mixin.py:190} INFO - [2024-11-01T11:49:43.472+0900] {override.py:1900} INFO - Created Permission View: menu access on DAG Run:dataset_with_extra_by_context
[2024-11-01T11:49:43.484+0900] {logging_mixin.py:190} INFO - [2024-11-01T11:49:43.483+0900] {override.py:1900} INFO - Created Permission View: can delete on DAG Run:dataset_with_extra_by_context
[2024-11-01T11:49:43.493+0900] {logging_mixin.py:190} INFO - [2024-11-01T11:49:43.493+0900] {override.py:1900} INFO - Created Permission View: can create on DAG Run:dataset_with_extra_by_context
[2024-11-01T11:49:43.505+0900] {logging_mixin.py:190} INFO - [2024-11-01T11:49:43.505+0900] {override.py:1900} INFO - Created Permission View: can read on DAG Run:dataset_with_extra_by_context
[2024-11-01T11:49:43.527+0900] {logging_mixin.py:190} INFO - [2024-11-01T11:49:43.527+0900] {override.py:1900} INFO - Created Permission View: can delete on DAG:dataset_with_extra_by_yield
[2024-11-01T11:49:43.537+0900] {logging_mixin.py:190} INFO - [2024-11-01T11:49:43.537+0900] {override.py:1900} INFO - Created Permission View: can edit on DAG:dataset_with_extra_by_yield
[2024-11-01T11:49:43.547+0900] {logging_mixin.py:190} INFO - [2024-11-01T11:49:43.547+0900] {override.py:1900} INFO - Created Permission View: can read on DAG:dataset_with_extra_by_yield
[2024-11-01T11:49:43.567+0900] {logging_mixin.py:190} INFO - [2024-11-01T11:49:43.567+0900] {override.py:1900} INFO - Created Permission View: menu access on DAG Run:dataset_with_extra_by_yield
[2024-11-01T11:49:43.577+0900] {logging_mixin.py:190} INFO - [2024-11-01T11:49:43.577+0900] {override.py:1900} INFO - Created Permission View: can delete on DAG Run:dataset_with_extra_by_yield
[2024-11-01T11:49:43.587+0900] {logging_mixin.py:190} INFO - [2024-11-01T11:49:43.587+0900] {override.py:1900} INFO - Created Permission View: can create on DAG Run:dataset_with_extra_by_yield
[2024-11-01T11:49:43.598+0900] {logging_mixin.py:190} INFO - [2024-11-01T11:49:43.597+0900] {override.py:1900} INFO - Created Permission View: can read on DAG Run:dataset_with_extra_by_yield
[2024-11-01T11:49:43.623+0900] {logging_mixin.py:190} INFO - [2024-11-01T11:49:43.623+0900] {override.py:1900} INFO - Created Permission View: can delete on DAG:dataset_with_extra_from_classic_operator
[2024-11-01T11:49:43.633+0900] {logging_mixin.py:190} INFO - [2024-11-01T11:49:43.633+0900] {override.py:1900} INFO - Created Permission View: can edit on DAG:dataset_with_extra_from_classic_operator
[2024-11-01T11:49:43.643+0900] {logging_mixin.py:190} INFO - [2024-11-01T11:49:43.643+0900] {override.py:1900} INFO - Created Permission View: can read on DAG:dataset_with_extra_from_classic_operator
[2024-11-01T11:49:43.663+0900] {logging_mixin.py:190} INFO - [2024-11-01T11:49:43.663+0900] {override.py:1900} INFO - Created Permission View: menu access on DAG Run:dataset_with_extra_from_classic_operator
[2024-11-01T11:49:43.673+0900] {logging_mixin.py:190} INFO - [2024-11-01T11:49:43.673+0900] {override.py:1900} INFO - Created Permission View: can delete on DAG Run:dataset_with_extra_from_classic_operator
[2024-11-01T11:49:43.683+0900] {logging_mixin.py:190} INFO - [2024-11-01T11:49:43.683+0900] {override.py:1900} INFO - Created Permission View: can create on DAG Run:dataset_with_extra_from_classic_operator
[2024-11-01T11:49:43.693+0900] {logging_mixin.py:190} INFO - [2024-11-01T11:49:43.693+0900] {override.py:1900} INFO - Created Permission View: can read on DAG Run:dataset_with_extra_from_classic_operator
[2024-11-01T11:49:43.694+0900] {logging_mixin.py:190} INFO - [2024-11-01T11:49:43.693+0900] {dag.py:3239} INFO - Sync 3 DAGs
[2024-11-01T11:49:43.701+0900] {logging_mixin.py:190} INFO - [2024-11-01T11:49:43.701+0900] {dag.py:3262} INFO - Creating ORM DAG for dataset_with_extra_by_yield
[2024-11-01T11:49:43.701+0900] {logging_mixin.py:190} INFO - [2024-11-01T11:49:43.701+0900] {dag.py:3262} INFO - Creating ORM DAG for dataset_with_extra_from_classic_operator
[2024-11-01T11:49:43.701+0900] {logging_mixin.py:190} INFO - [2024-11-01T11:49:43.701+0900] {dag.py:3262} INFO - Creating ORM DAG for dataset_with_extra_by_context
[2024-11-01T11:49:43.706+0900] {logging_mixin.py:190} INFO - [2024-11-01T11:49:43.706+0900] {dag.py:4180} INFO - Setting next_dagrun for dataset_with_extra_by_context to 2024-10-31 00:00:00+00:00, run_after=2024-11-01 00:00:00+00:00
[2024-11-01T11:49:43.707+0900] {logging_mixin.py:190} INFO - [2024-11-01T11:49:43.707+0900] {dag.py:4180} INFO - Setting next_dagrun for dataset_with_extra_by_yield to 2024-10-31 00:00:00+00:00, run_after=2024-11-01 00:00:00+00:00
[2024-11-01T11:49:43.707+0900] {logging_mixin.py:190} INFO - [2024-11-01T11:49:43.707+0900] {dag.py:4180} INFO - Setting next_dagrun for dataset_with_extra_from_classic_operator to 2024-10-31 00:00:00+00:00, run_after=2024-11-01 00:00:00+00:00
[2024-11-01T11:49:43.727+0900] {processor.py:208} INFO - Processing /home/hamin081234/anaconda3/envs/airflow_env/lib/python3.11/site-packages/airflow/example_dags/example_outlet_event_extra.py took 0.389 seconds
[2024-11-01T11:50:39.668+0900] {processor.py:186} INFO - Started process (PID=415688) to work on /home/hamin081234/anaconda3/envs/airflow_env/lib/python3.11/site-packages/airflow/example_dags/example_outlet_event_extra.py
[2024-11-01T11:50:39.676+0900] {processor.py:914} INFO - Processing file /home/hamin081234/anaconda3/envs/airflow_env/lib/python3.11/site-packages/airflow/example_dags/example_outlet_event_extra.py for tasks to queue
[2024-11-01T11:50:39.678+0900] {logging_mixin.py:190} INFO - [2024-11-01T11:50:39.678+0900] {dagbag.py:588} INFO - Filling up the DagBag from /home/hamin081234/anaconda3/envs/airflow_env/lib/python3.11/site-packages/airflow/example_dags/example_outlet_event_extra.py
[2024-11-01T11:50:39.687+0900] {processor.py:925} INFO - DAG(s) 'dataset_with_extra_by_yield', 'dataset_with_extra_from_classic_operator', 'dataset_with_extra_by_context' retrieved from /home/hamin081234/anaconda3/envs/airflow_env/lib/python3.11/site-packages/airflow/example_dags/example_outlet_event_extra.py
[2024-11-01T11:50:39.699+0900] {logging_mixin.py:190} INFO - [2024-11-01T11:50:39.699+0900] {dag.py:3239} INFO - Sync 3 DAGs
[2024-11-01T11:50:39.713+0900] {logging_mixin.py:190} INFO - [2024-11-01T11:50:39.713+0900] {dag.py:4180} INFO - Setting next_dagrun for dataset_with_extra_by_context to 2024-10-31 00:00:00+00:00, run_after=2024-11-01 00:00:00+00:00
[2024-11-01T11:50:39.715+0900] {logging_mixin.py:190} INFO - [2024-11-01T11:50:39.715+0900] {dag.py:4180} INFO - Setting next_dagrun for dataset_with_extra_by_yield to 2024-10-31 00:00:00+00:00, run_after=2024-11-01 00:00:00+00:00
[2024-11-01T11:50:39.716+0900] {logging_mixin.py:190} INFO - [2024-11-01T11:50:39.716+0900] {dag.py:4180} INFO - Setting next_dagrun for dataset_with_extra_from_classic_operator to 2024-10-31 00:00:00+00:00, run_after=2024-11-01 00:00:00+00:00
[2024-11-01T11:50:39.735+0900] {processor.py:208} INFO - Processing /home/hamin081234/anaconda3/envs/airflow_env/lib/python3.11/site-packages/airflow/example_dags/example_outlet_event_extra.py took 0.072 seconds
[2024-11-01T11:51:33.967+0900] {processor.py:186} INFO - Started process (PID=416839) to work on /home/hamin081234/anaconda3/envs/airflow_env/lib/python3.11/site-packages/airflow/example_dags/example_outlet_event_extra.py
[2024-11-01T11:51:33.975+0900] {processor.py:914} INFO - Processing file /home/hamin081234/anaconda3/envs/airflow_env/lib/python3.11/site-packages/airflow/example_dags/example_outlet_event_extra.py for tasks to queue
[2024-11-01T11:51:33.976+0900] {logging_mixin.py:190} INFO - [2024-11-01T11:51:33.976+0900] {dagbag.py:588} INFO - Filling up the DagBag from /home/hamin081234/anaconda3/envs/airflow_env/lib/python3.11/site-packages/airflow/example_dags/example_outlet_event_extra.py
[2024-11-01T11:51:33.985+0900] {processor.py:925} INFO - DAG(s) 'dataset_with_extra_from_classic_operator', 'dataset_with_extra_by_context', 'dataset_with_extra_by_yield' retrieved from /home/hamin081234/anaconda3/envs/airflow_env/lib/python3.11/site-packages/airflow/example_dags/example_outlet_event_extra.py
[2024-11-01T11:51:33.997+0900] {logging_mixin.py:190} INFO - [2024-11-01T11:51:33.997+0900] {dag.py:3239} INFO - Sync 3 DAGs
[2024-11-01T11:51:34.009+0900] {logging_mixin.py:190} INFO - [2024-11-01T11:51:34.009+0900] {dag.py:4180} INFO - Setting next_dagrun for dataset_with_extra_by_context to 2024-10-31 00:00:00+00:00, run_after=2024-11-01 00:00:00+00:00
[2024-11-01T11:51:34.011+0900] {logging_mixin.py:190} INFO - [2024-11-01T11:51:34.011+0900] {dag.py:4180} INFO - Setting next_dagrun for dataset_with_extra_by_yield to 2024-10-31 00:00:00+00:00, run_after=2024-11-01 00:00:00+00:00
[2024-11-01T11:51:34.012+0900] {logging_mixin.py:190} INFO - [2024-11-01T11:51:34.012+0900] {dag.py:4180} INFO - Setting next_dagrun for dataset_with_extra_from_classic_operator to 2024-10-31 00:00:00+00:00, run_after=2024-11-01 00:00:00+00:00
[2024-11-01T11:51:34.031+0900] {processor.py:208} INFO - Processing /home/hamin081234/anaconda3/envs/airflow_env/lib/python3.11/site-packages/airflow/example_dags/example_outlet_event_extra.py took 0.068 seconds
[2024-11-01T11:52:35.888+0900] {processor.py:186} INFO - Started process (PID=418264) to work on /home/hamin081234/anaconda3/envs/airflow_env/lib/python3.11/site-packages/airflow/example_dags/example_outlet_event_extra.py
[2024-11-01T11:52:35.889+0900] {processor.py:914} INFO - Processing file /home/hamin081234/anaconda3/envs/airflow_env/lib/python3.11/site-packages/airflow/example_dags/example_outlet_event_extra.py for tasks to queue
[2024-11-01T11:52:35.891+0900] {logging_mixin.py:190} INFO - [2024-11-01T11:52:35.891+0900] {dagbag.py:588} INFO - Filling up the DagBag from /home/hamin081234/anaconda3/envs/airflow_env/lib/python3.11/site-packages/airflow/example_dags/example_outlet_event_extra.py
[2024-11-01T11:52:35.905+0900] {processor.py:925} INFO - DAG(s) 'dataset_with_extra_by_context', 'dataset_with_extra_by_yield', 'dataset_with_extra_from_classic_operator' retrieved from /home/hamin081234/anaconda3/envs/airflow_env/lib/python3.11/site-packages/airflow/example_dags/example_outlet_event_extra.py
[2024-11-01T11:52:35.926+0900] {logging_mixin.py:190} INFO - [2024-11-01T11:52:35.926+0900] {dag.py:3239} INFO - Sync 3 DAGs
[2024-11-01T11:52:35.949+0900] {logging_mixin.py:190} INFO - [2024-11-01T11:52:35.949+0900] {dag.py:4180} INFO - Setting next_dagrun for dataset_with_extra_by_context to 2024-10-31 00:00:00+00:00, run_after=2024-11-01 00:00:00+00:00
[2024-11-01T11:52:35.952+0900] {logging_mixin.py:190} INFO - [2024-11-01T11:52:35.952+0900] {dag.py:4180} INFO - Setting next_dagrun for dataset_with_extra_by_yield to 2024-10-31 00:00:00+00:00, run_after=2024-11-01 00:00:00+00:00
[2024-11-01T11:52:35.953+0900] {logging_mixin.py:190} INFO - [2024-11-01T11:52:35.953+0900] {dag.py:4180} INFO - Setting next_dagrun for dataset_with_extra_from_classic_operator to 2024-10-31 00:00:00+00:00, run_after=2024-11-01 00:00:00+00:00
[2024-11-01T11:52:35.977+0900] {processor.py:208} INFO - Processing /home/hamin081234/anaconda3/envs/airflow_env/lib/python3.11/site-packages/airflow/example_dags/example_outlet_event_extra.py took 0.096 seconds
[2024-11-01T11:53:30.208+0900] {processor.py:186} INFO - Started process (PID=419639) to work on /home/hamin081234/anaconda3/envs/airflow_env/lib/python3.11/site-packages/airflow/example_dags/example_outlet_event_extra.py
[2024-11-01T11:53:30.218+0900] {processor.py:914} INFO - Processing file /home/hamin081234/anaconda3/envs/airflow_env/lib/python3.11/site-packages/airflow/example_dags/example_outlet_event_extra.py for tasks to queue
[2024-11-01T11:53:30.219+0900] {logging_mixin.py:190} INFO - [2024-11-01T11:53:30.219+0900] {dagbag.py:588} INFO - Filling up the DagBag from /home/hamin081234/anaconda3/envs/airflow_env/lib/python3.11/site-packages/airflow/example_dags/example_outlet_event_extra.py
[2024-11-01T11:53:30.228+0900] {processor.py:925} INFO - DAG(s) 'dataset_with_extra_by_context', 'dataset_with_extra_from_classic_operator', 'dataset_with_extra_by_yield' retrieved from /home/hamin081234/anaconda3/envs/airflow_env/lib/python3.11/site-packages/airflow/example_dags/example_outlet_event_extra.py
[2024-11-01T11:53:30.239+0900] {logging_mixin.py:190} INFO - [2024-11-01T11:53:30.238+0900] {dag.py:3239} INFO - Sync 3 DAGs
[2024-11-01T11:53:30.250+0900] {logging_mixin.py:190} INFO - [2024-11-01T11:53:30.250+0900] {dag.py:4180} INFO - Setting next_dagrun for dataset_with_extra_by_context to 2024-10-31 00:00:00+00:00, run_after=2024-11-01 00:00:00+00:00
[2024-11-01T11:53:30.252+0900] {logging_mixin.py:190} INFO - [2024-11-01T11:53:30.252+0900] {dag.py:4180} INFO - Setting next_dagrun for dataset_with_extra_by_yield to 2024-10-31 00:00:00+00:00, run_after=2024-11-01 00:00:00+00:00
[2024-11-01T11:53:30.253+0900] {logging_mixin.py:190} INFO - [2024-11-01T11:53:30.253+0900] {dag.py:4180} INFO - Setting next_dagrun for dataset_with_extra_from_classic_operator to 2024-10-31 00:00:00+00:00, run_after=2024-11-01 00:00:00+00:00
[2024-11-01T11:53:30.271+0900] {processor.py:208} INFO - Processing /home/hamin081234/anaconda3/envs/airflow_env/lib/python3.11/site-packages/airflow/example_dags/example_outlet_event_extra.py took 0.066 seconds
[2024-11-01T11:54:20.375+0900] {processor.py:186} INFO - Started process (PID=420624) to work on /home/hamin081234/anaconda3/envs/airflow_env/lib/python3.11/site-packages/airflow/example_dags/example_outlet_event_extra.py
[2024-11-01T11:54:20.379+0900] {processor.py:914} INFO - Processing file /home/hamin081234/anaconda3/envs/airflow_env/lib/python3.11/site-packages/airflow/example_dags/example_outlet_event_extra.py for tasks to queue
[2024-11-01T11:54:20.383+0900] {logging_mixin.py:190} INFO - [2024-11-01T11:54:20.382+0900] {dagbag.py:588} INFO - Filling up the DagBag from /home/hamin081234/anaconda3/envs/airflow_env/lib/python3.11/site-packages/airflow/example_dags/example_outlet_event_extra.py
[2024-11-01T11:54:20.398+0900] {processor.py:925} INFO - DAG(s) 'dataset_with_extra_from_classic_operator', 'dataset_with_extra_by_context', 'dataset_with_extra_by_yield' retrieved from /home/hamin081234/anaconda3/envs/airflow_env/lib/python3.11/site-packages/airflow/example_dags/example_outlet_event_extra.py
[2024-11-01T11:54:20.409+0900] {logging_mixin.py:190} INFO - [2024-11-01T11:54:20.408+0900] {dag.py:3239} INFO - Sync 3 DAGs
[2024-11-01T11:54:20.420+0900] {logging_mixin.py:190} INFO - [2024-11-01T11:54:20.419+0900] {dag.py:4180} INFO - Setting next_dagrun for dataset_with_extra_by_context to 2024-10-31 00:00:00+00:00, run_after=2024-11-01 00:00:00+00:00
[2024-11-01T11:54:20.422+0900] {logging_mixin.py:190} INFO - [2024-11-01T11:54:20.421+0900] {dag.py:4180} INFO - Setting next_dagrun for dataset_with_extra_by_yield to 2024-10-31 00:00:00+00:00, run_after=2024-11-01 00:00:00+00:00
[2024-11-01T11:54:20.422+0900] {logging_mixin.py:190} INFO - [2024-11-01T11:54:20.422+0900] {dag.py:4180} INFO - Setting next_dagrun for dataset_with_extra_from_classic_operator to 2024-10-31 00:00:00+00:00, run_after=2024-11-01 00:00:00+00:00
[2024-11-01T11:54:20.461+0900] {processor.py:208} INFO - Processing /home/hamin081234/anaconda3/envs/airflow_env/lib/python3.11/site-packages/airflow/example_dags/example_outlet_event_extra.py took 0.091 seconds
[2024-11-01T11:55:13.974+0900] {processor.py:186} INFO - Started process (PID=421856) to work on /home/hamin081234/anaconda3/envs/airflow_env/lib/python3.11/site-packages/airflow/example_dags/example_outlet_event_extra.py
[2024-11-01T11:55:13.982+0900] {processor.py:914} INFO - Processing file /home/hamin081234/anaconda3/envs/airflow_env/lib/python3.11/site-packages/airflow/example_dags/example_outlet_event_extra.py for tasks to queue
[2024-11-01T11:55:13.984+0900] {logging_mixin.py:190} INFO - [2024-11-01T11:55:13.983+0900] {dagbag.py:588} INFO - Filling up the DagBag from /home/hamin081234/anaconda3/envs/airflow_env/lib/python3.11/site-packages/airflow/example_dags/example_outlet_event_extra.py
[2024-11-01T11:55:13.993+0900] {processor.py:925} INFO - DAG(s) 'dataset_with_extra_by_context', 'dataset_with_extra_from_classic_operator', 'dataset_with_extra_by_yield' retrieved from /home/hamin081234/anaconda3/envs/airflow_env/lib/python3.11/site-packages/airflow/example_dags/example_outlet_event_extra.py
[2024-11-01T11:55:14.004+0900] {logging_mixin.py:190} INFO - [2024-11-01T11:55:14.004+0900] {dag.py:3239} INFO - Sync 3 DAGs
[2024-11-01T11:55:14.015+0900] {logging_mixin.py:190} INFO - [2024-11-01T11:55:14.014+0900] {dag.py:4180} INFO - Setting next_dagrun for dataset_with_extra_by_context to 2024-10-31 00:00:00+00:00, run_after=2024-11-01 00:00:00+00:00
[2024-11-01T11:55:14.017+0900] {logging_mixin.py:190} INFO - [2024-11-01T11:55:14.016+0900] {dag.py:4180} INFO - Setting next_dagrun for dataset_with_extra_by_yield to 2024-10-31 00:00:00+00:00, run_after=2024-11-01 00:00:00+00:00
[2024-11-01T11:55:14.017+0900] {logging_mixin.py:190} INFO - [2024-11-01T11:55:14.017+0900] {dag.py:4180} INFO - Setting next_dagrun for dataset_with_extra_from_classic_operator to 2024-10-31 00:00:00+00:00, run_after=2024-11-01 00:00:00+00:00
[2024-11-01T11:55:14.034+0900] {processor.py:208} INFO - Processing /home/hamin081234/anaconda3/envs/airflow_env/lib/python3.11/site-packages/airflow/example_dags/example_outlet_event_extra.py took 0.067 seconds
[2024-11-01T11:56:04.287+0900] {processor.py:186} INFO - Started process (PID=423154) to work on /home/hamin081234/anaconda3/envs/airflow_env/lib/python3.11/site-packages/airflow/example_dags/example_outlet_event_extra.py
[2024-11-01T11:56:04.296+0900] {processor.py:914} INFO - Processing file /home/hamin081234/anaconda3/envs/airflow_env/lib/python3.11/site-packages/airflow/example_dags/example_outlet_event_extra.py for tasks to queue
[2024-11-01T11:56:04.298+0900] {logging_mixin.py:190} INFO - [2024-11-01T11:56:04.298+0900] {dagbag.py:588} INFO - Filling up the DagBag from /home/hamin081234/anaconda3/envs/airflow_env/lib/python3.11/site-packages/airflow/example_dags/example_outlet_event_extra.py
[2024-11-01T11:56:04.306+0900] {processor.py:925} INFO - DAG(s) 'dataset_with_extra_by_context', 'dataset_with_extra_from_classic_operator', 'dataset_with_extra_by_yield' retrieved from /home/hamin081234/anaconda3/envs/airflow_env/lib/python3.11/site-packages/airflow/example_dags/example_outlet_event_extra.py
[2024-11-01T11:56:04.316+0900] {logging_mixin.py:190} INFO - [2024-11-01T11:56:04.316+0900] {dag.py:3239} INFO - Sync 3 DAGs
[2024-11-01T11:56:04.328+0900] {logging_mixin.py:190} INFO - [2024-11-01T11:56:04.327+0900] {dag.py:4180} INFO - Setting next_dagrun for dataset_with_extra_by_context to 2024-10-31 00:00:00+00:00, run_after=2024-11-01 00:00:00+00:00
[2024-11-01T11:56:04.330+0900] {logging_mixin.py:190} INFO - [2024-11-01T11:56:04.329+0900] {dag.py:4180} INFO - Setting next_dagrun for dataset_with_extra_by_yield to 2024-10-31 00:00:00+00:00, run_after=2024-11-01 00:00:00+00:00
[2024-11-01T11:56:04.330+0900] {logging_mixin.py:190} INFO - [2024-11-01T11:56:04.330+0900] {dag.py:4180} INFO - Setting next_dagrun for dataset_with_extra_from_classic_operator to 2024-10-31 00:00:00+00:00, run_after=2024-11-01 00:00:00+00:00
[2024-11-01T11:56:04.348+0900] {processor.py:208} INFO - Processing /home/hamin081234/anaconda3/envs/airflow_env/lib/python3.11/site-packages/airflow/example_dags/example_outlet_event_extra.py took 0.064 seconds
[2024-11-01T11:56:55.592+0900] {processor.py:186} INFO - Started process (PID=424196) to work on /home/hamin081234/anaconda3/envs/airflow_env/lib/python3.11/site-packages/airflow/example_dags/example_outlet_event_extra.py
[2024-11-01T11:56:55.600+0900] {processor.py:914} INFO - Processing file /home/hamin081234/anaconda3/envs/airflow_env/lib/python3.11/site-packages/airflow/example_dags/example_outlet_event_extra.py for tasks to queue
[2024-11-01T11:56:55.602+0900] {logging_mixin.py:190} INFO - [2024-11-01T11:56:55.602+0900] {dagbag.py:588} INFO - Filling up the DagBag from /home/hamin081234/anaconda3/envs/airflow_env/lib/python3.11/site-packages/airflow/example_dags/example_outlet_event_extra.py
[2024-11-01T11:56:55.611+0900] {processor.py:925} INFO - DAG(s) 'dataset_with_extra_from_classic_operator', 'dataset_with_extra_by_context', 'dataset_with_extra_by_yield' retrieved from /home/hamin081234/anaconda3/envs/airflow_env/lib/python3.11/site-packages/airflow/example_dags/example_outlet_event_extra.py
[2024-11-01T11:56:55.623+0900] {logging_mixin.py:190} INFO - [2024-11-01T11:56:55.622+0900] {dag.py:3239} INFO - Sync 3 DAGs
[2024-11-01T11:56:55.636+0900] {logging_mixin.py:190} INFO - [2024-11-01T11:56:55.636+0900] {dag.py:4180} INFO - Setting next_dagrun for dataset_with_extra_by_context to 2024-10-31 00:00:00+00:00, run_after=2024-11-01 00:00:00+00:00
[2024-11-01T11:56:55.638+0900] {logging_mixin.py:190} INFO - [2024-11-01T11:56:55.638+0900] {dag.py:4180} INFO - Setting next_dagrun for dataset_with_extra_by_yield to 2024-10-31 00:00:00+00:00, run_after=2024-11-01 00:00:00+00:00
[2024-11-01T11:56:55.639+0900] {logging_mixin.py:190} INFO - [2024-11-01T11:56:55.639+0900] {dag.py:4180} INFO - Setting next_dagrun for dataset_with_extra_from_classic_operator to 2024-10-31 00:00:00+00:00, run_after=2024-11-01 00:00:00+00:00
[2024-11-01T11:56:55.656+0900] {processor.py:208} INFO - Processing /home/hamin081234/anaconda3/envs/airflow_env/lib/python3.11/site-packages/airflow/example_dags/example_outlet_event_extra.py took 0.068 seconds
[2024-11-01T11:57:45.245+0900] {processor.py:186} INFO - Started process (PID=425368) to work on /home/hamin081234/anaconda3/envs/airflow_env/lib/python3.11/site-packages/airflow/example_dags/example_outlet_event_extra.py
[2024-11-01T11:57:45.254+0900] {processor.py:914} INFO - Processing file /home/hamin081234/anaconda3/envs/airflow_env/lib/python3.11/site-packages/airflow/example_dags/example_outlet_event_extra.py for tasks to queue
[2024-11-01T11:57:45.255+0900] {logging_mixin.py:190} INFO - [2024-11-01T11:57:45.255+0900] {dagbag.py:588} INFO - Filling up the DagBag from /home/hamin081234/anaconda3/envs/airflow_env/lib/python3.11/site-packages/airflow/example_dags/example_outlet_event_extra.py
[2024-11-01T11:57:45.264+0900] {processor.py:925} INFO - DAG(s) 'dataset_with_extra_by_context', 'dataset_with_extra_by_yield', 'dataset_with_extra_from_classic_operator' retrieved from /home/hamin081234/anaconda3/envs/airflow_env/lib/python3.11/site-packages/airflow/example_dags/example_outlet_event_extra.py
[2024-11-01T11:57:45.276+0900] {logging_mixin.py:190} INFO - [2024-11-01T11:57:45.276+0900] {dag.py:3239} INFO - Sync 3 DAGs
[2024-11-01T11:57:45.288+0900] {logging_mixin.py:190} INFO - [2024-11-01T11:57:45.288+0900] {dag.py:4180} INFO - Setting next_dagrun for dataset_with_extra_by_context to 2024-10-31 00:00:00+00:00, run_after=2024-11-01 00:00:00+00:00
[2024-11-01T11:57:45.290+0900] {logging_mixin.py:190} INFO - [2024-11-01T11:57:45.290+0900] {dag.py:4180} INFO - Setting next_dagrun for dataset_with_extra_by_yield to 2024-10-31 00:00:00+00:00, run_after=2024-11-01 00:00:00+00:00
[2024-11-01T11:57:45.291+0900] {logging_mixin.py:190} INFO - [2024-11-01T11:57:45.291+0900] {dag.py:4180} INFO - Setting next_dagrun for dataset_with_extra_from_classic_operator to 2024-10-31 00:00:00+00:00, run_after=2024-11-01 00:00:00+00:00
[2024-11-01T11:57:45.310+0900] {processor.py:208} INFO - Processing /home/hamin081234/anaconda3/envs/airflow_env/lib/python3.11/site-packages/airflow/example_dags/example_outlet_event_extra.py took 0.068 seconds
