[2024-11-01T11:49:45.306+0900] {processor.py:186} INFO - Started process (PID=414378) to work on /home/hamin081234/anaconda3/envs/airflow_env/lib/python3.11/site-packages/airflow/example_dags/example_branch_day_of_week_operator.py
[2024-11-01T11:49:45.306+0900] {processor.py:914} INFO - Processing file /home/hamin081234/anaconda3/envs/airflow_env/lib/python3.11/site-packages/airflow/example_dags/example_branch_day_of_week_operator.py for tasks to queue
[2024-11-01T11:49:45.308+0900] {logging_mixin.py:190} INFO - [2024-11-01T11:49:45.308+0900] {dagbag.py:588} INFO - Filling up the DagBag from /home/hamin081234/anaconda3/envs/airflow_env/lib/python3.11/site-packages/airflow/example_dags/example_branch_day_of_week_operator.py
[2024-11-01T11:49:45.314+0900] {processor.py:925} INFO - DAG(s) 'example_weekday_branch_operator' retrieved from /home/hamin081234/anaconda3/envs/airflow_env/lib/python3.11/site-packages/airflow/example_dags/example_branch_day_of_week_operator.py
[2024-11-01T11:49:45.389+0900] {logging_mixin.py:190} INFO - [2024-11-01T11:49:45.388+0900] {override.py:1900} INFO - Created Permission View: can delete on DAG:example_weekday_branch_operator
[2024-11-01T11:49:45.402+0900] {logging_mixin.py:190} INFO - [2024-11-01T11:49:45.402+0900] {override.py:1900} INFO - Created Permission View: can edit on DAG:example_weekday_branch_operator
[2024-11-01T11:49:45.412+0900] {logging_mixin.py:190} INFO - [2024-11-01T11:49:45.412+0900] {override.py:1900} INFO - Created Permission View: can read on DAG:example_weekday_branch_operator
[2024-11-01T11:49:45.430+0900] {logging_mixin.py:190} INFO - [2024-11-01T11:49:45.430+0900] {override.py:1900} INFO - Created Permission View: menu access on DAG Run:example_weekday_branch_operator
[2024-11-01T11:49:45.440+0900] {logging_mixin.py:190} INFO - [2024-11-01T11:49:45.440+0900] {override.py:1900} INFO - Created Permission View: can delete on DAG Run:example_weekday_branch_operator
[2024-11-01T11:49:45.450+0900] {logging_mixin.py:190} INFO - [2024-11-01T11:49:45.450+0900] {override.py:1900} INFO - Created Permission View: can create on DAG Run:example_weekday_branch_operator
[2024-11-01T11:49:45.463+0900] {logging_mixin.py:190} INFO - [2024-11-01T11:49:45.462+0900] {override.py:1900} INFO - Created Permission View: can read on DAG Run:example_weekday_branch_operator
[2024-11-01T11:49:45.463+0900] {logging_mixin.py:190} INFO - [2024-11-01T11:49:45.463+0900] {dag.py:3239} INFO - Sync 1 DAGs
[2024-11-01T11:49:45.469+0900] {logging_mixin.py:190} INFO - [2024-11-01T11:49:45.468+0900] {dag.py:3262} INFO - Creating ORM DAG for example_weekday_branch_operator
[2024-11-01T11:49:45.474+0900] {logging_mixin.py:190} INFO - [2024-11-01T11:49:45.474+0900] {dag.py:4180} INFO - Setting next_dagrun for example_weekday_branch_operator to 2024-10-31 00:00:00+00:00, run_after=2024-11-01 00:00:00+00:00
[2024-11-01T11:49:45.492+0900] {processor.py:208} INFO - Processing /home/hamin081234/anaconda3/envs/airflow_env/lib/python3.11/site-packages/airflow/example_dags/example_branch_day_of_week_operator.py took 0.190 seconds
[2024-11-01T11:50:41.290+0900] {processor.py:186} INFO - Started process (PID=415706) to work on /home/hamin081234/anaconda3/envs/airflow_env/lib/python3.11/site-packages/airflow/example_dags/example_branch_day_of_week_operator.py
[2024-11-01T11:50:41.299+0900] {processor.py:914} INFO - Processing file /home/hamin081234/anaconda3/envs/airflow_env/lib/python3.11/site-packages/airflow/example_dags/example_branch_day_of_week_operator.py for tasks to queue
[2024-11-01T11:50:41.301+0900] {logging_mixin.py:190} INFO - [2024-11-01T11:50:41.300+0900] {dagbag.py:588} INFO - Filling up the DagBag from /home/hamin081234/anaconda3/envs/airflow_env/lib/python3.11/site-packages/airflow/example_dags/example_branch_day_of_week_operator.py
[2024-11-01T11:50:41.309+0900] {processor.py:925} INFO - DAG(s) 'example_weekday_branch_operator' retrieved from /home/hamin081234/anaconda3/envs/airflow_env/lib/python3.11/site-packages/airflow/example_dags/example_branch_day_of_week_operator.py
[2024-11-01T11:50:41.323+0900] {logging_mixin.py:190} INFO - [2024-11-01T11:50:41.323+0900] {dag.py:3239} INFO - Sync 1 DAGs
[2024-11-01T11:50:41.341+0900] {logging_mixin.py:190} INFO - [2024-11-01T11:50:41.340+0900] {dag.py:4180} INFO - Setting next_dagrun for example_weekday_branch_operator to 2024-10-31 00:00:00+00:00, run_after=2024-11-01 00:00:00+00:00
[2024-11-01T11:50:41.363+0900] {processor.py:208} INFO - Processing /home/hamin081234/anaconda3/envs/airflow_env/lib/python3.11/site-packages/airflow/example_dags/example_branch_day_of_week_operator.py took 0.077 seconds
[2024-11-01T11:51:36.245+0900] {processor.py:186} INFO - Started process (PID=416854) to work on /home/hamin081234/anaconda3/envs/airflow_env/lib/python3.11/site-packages/airflow/example_dags/example_branch_day_of_week_operator.py
[2024-11-01T11:51:36.253+0900] {processor.py:914} INFO - Processing file /home/hamin081234/anaconda3/envs/airflow_env/lib/python3.11/site-packages/airflow/example_dags/example_branch_day_of_week_operator.py for tasks to queue
[2024-11-01T11:51:36.255+0900] {logging_mixin.py:190} INFO - [2024-11-01T11:51:36.255+0900] {dagbag.py:588} INFO - Filling up the DagBag from /home/hamin081234/anaconda3/envs/airflow_env/lib/python3.11/site-packages/airflow/example_dags/example_branch_day_of_week_operator.py
[2024-11-01T11:51:36.260+0900] {processor.py:925} INFO - DAG(s) 'example_weekday_branch_operator' retrieved from /home/hamin081234/anaconda3/envs/airflow_env/lib/python3.11/site-packages/airflow/example_dags/example_branch_day_of_week_operator.py
[2024-11-01T11:51:36.270+0900] {logging_mixin.py:190} INFO - [2024-11-01T11:51:36.270+0900] {dag.py:3239} INFO - Sync 1 DAGs
[2024-11-01T11:51:36.282+0900] {logging_mixin.py:190} INFO - [2024-11-01T11:51:36.281+0900] {dag.py:4180} INFO - Setting next_dagrun for example_weekday_branch_operator to 2024-10-31 00:00:00+00:00, run_after=2024-11-01 00:00:00+00:00
[2024-11-01T11:51:36.299+0900] {processor.py:208} INFO - Processing /home/hamin081234/anaconda3/envs/airflow_env/lib/python3.11/site-packages/airflow/example_dags/example_branch_day_of_week_operator.py took 0.057 seconds
[2024-11-01T11:52:37.641+0900] {processor.py:186} INFO - Started process (PID=418293) to work on /home/hamin081234/anaconda3/envs/airflow_env/lib/python3.11/site-packages/airflow/example_dags/example_branch_day_of_week_operator.py
[2024-11-01T11:52:37.642+0900] {processor.py:914} INFO - Processing file /home/hamin081234/anaconda3/envs/airflow_env/lib/python3.11/site-packages/airflow/example_dags/example_branch_day_of_week_operator.py for tasks to queue
[2024-11-01T11:52:37.644+0900] {logging_mixin.py:190} INFO - [2024-11-01T11:52:37.643+0900] {dagbag.py:588} INFO - Filling up the DagBag from /home/hamin081234/anaconda3/envs/airflow_env/lib/python3.11/site-packages/airflow/example_dags/example_branch_day_of_week_operator.py
[2024-11-01T11:52:37.655+0900] {processor.py:925} INFO - DAG(s) 'example_weekday_branch_operator' retrieved from /home/hamin081234/anaconda3/envs/airflow_env/lib/python3.11/site-packages/airflow/example_dags/example_branch_day_of_week_operator.py
[2024-11-01T11:52:37.664+0900] {logging_mixin.py:190} INFO - [2024-11-01T11:52:37.664+0900] {dag.py:3239} INFO - Sync 1 DAGs
[2024-11-01T11:52:37.676+0900] {logging_mixin.py:190} INFO - [2024-11-01T11:52:37.676+0900] {dag.py:4180} INFO - Setting next_dagrun for example_weekday_branch_operator to 2024-10-31 00:00:00+00:00, run_after=2024-11-01 00:00:00+00:00
[2024-11-01T11:52:37.695+0900] {processor.py:208} INFO - Processing /home/hamin081234/anaconda3/envs/airflow_env/lib/python3.11/site-packages/airflow/example_dags/example_branch_day_of_week_operator.py took 0.059 seconds
[2024-11-01T11:53:32.131+0900] {processor.py:186} INFO - Started process (PID=419652) to work on /home/hamin081234/anaconda3/envs/airflow_env/lib/python3.11/site-packages/airflow/example_dags/example_branch_day_of_week_operator.py
[2024-11-01T11:53:32.139+0900] {processor.py:914} INFO - Processing file /home/hamin081234/anaconda3/envs/airflow_env/lib/python3.11/site-packages/airflow/example_dags/example_branch_day_of_week_operator.py for tasks to queue
[2024-11-01T11:53:32.140+0900] {logging_mixin.py:190} INFO - [2024-11-01T11:53:32.140+0900] {dagbag.py:588} INFO - Filling up the DagBag from /home/hamin081234/anaconda3/envs/airflow_env/lib/python3.11/site-packages/airflow/example_dags/example_branch_day_of_week_operator.py
[2024-11-01T11:53:32.146+0900] {processor.py:925} INFO - DAG(s) 'example_weekday_branch_operator' retrieved from /home/hamin081234/anaconda3/envs/airflow_env/lib/python3.11/site-packages/airflow/example_dags/example_branch_day_of_week_operator.py
[2024-11-01T11:53:32.155+0900] {logging_mixin.py:190} INFO - [2024-11-01T11:53:32.155+0900] {dag.py:3239} INFO - Sync 1 DAGs
[2024-11-01T11:53:32.167+0900] {logging_mixin.py:190} INFO - [2024-11-01T11:53:32.167+0900] {dag.py:4180} INFO - Setting next_dagrun for example_weekday_branch_operator to 2024-10-31 00:00:00+00:00, run_after=2024-11-01 00:00:00+00:00
[2024-11-01T11:53:32.184+0900] {processor.py:208} INFO - Processing /home/hamin081234/anaconda3/envs/airflow_env/lib/python3.11/site-packages/airflow/example_dags/example_branch_day_of_week_operator.py took 0.056 seconds
[2024-11-01T11:54:22.648+0900] {processor.py:186} INFO - Started process (PID=420656) to work on /home/hamin081234/anaconda3/envs/airflow_env/lib/python3.11/site-packages/airflow/example_dags/example_branch_day_of_week_operator.py
[2024-11-01T11:54:22.656+0900] {processor.py:914} INFO - Processing file /home/hamin081234/anaconda3/envs/airflow_env/lib/python3.11/site-packages/airflow/example_dags/example_branch_day_of_week_operator.py for tasks to queue
[2024-11-01T11:54:22.657+0900] {logging_mixin.py:190} INFO - [2024-11-01T11:54:22.657+0900] {dagbag.py:588} INFO - Filling up the DagBag from /home/hamin081234/anaconda3/envs/airflow_env/lib/python3.11/site-packages/airflow/example_dags/example_branch_day_of_week_operator.py
[2024-11-01T11:54:22.664+0900] {processor.py:925} INFO - DAG(s) 'example_weekday_branch_operator' retrieved from /home/hamin081234/anaconda3/envs/airflow_env/lib/python3.11/site-packages/airflow/example_dags/example_branch_day_of_week_operator.py
[2024-11-01T11:54:22.673+0900] {logging_mixin.py:190} INFO - [2024-11-01T11:54:22.673+0900] {dag.py:3239} INFO - Sync 1 DAGs
[2024-11-01T11:54:22.685+0900] {logging_mixin.py:190} INFO - [2024-11-01T11:54:22.685+0900] {dag.py:4180} INFO - Setting next_dagrun for example_weekday_branch_operator to 2024-10-31 00:00:00+00:00, run_after=2024-11-01 00:00:00+00:00
[2024-11-01T11:54:22.703+0900] {processor.py:208} INFO - Processing /home/hamin081234/anaconda3/envs/airflow_env/lib/python3.11/site-packages/airflow/example_dags/example_branch_day_of_week_operator.py took 0.059 seconds
[2024-11-01T11:55:15.557+0900] {processor.py:186} INFO - Started process (PID=421885) to work on /home/hamin081234/anaconda3/envs/airflow_env/lib/python3.11/site-packages/airflow/example_dags/example_branch_day_of_week_operator.py
[2024-11-01T11:55:15.565+0900] {processor.py:914} INFO - Processing file /home/hamin081234/anaconda3/envs/airflow_env/lib/python3.11/site-packages/airflow/example_dags/example_branch_day_of_week_operator.py for tasks to queue
[2024-11-01T11:55:15.567+0900] {logging_mixin.py:190} INFO - [2024-11-01T11:55:15.566+0900] {dagbag.py:588} INFO - Filling up the DagBag from /home/hamin081234/anaconda3/envs/airflow_env/lib/python3.11/site-packages/airflow/example_dags/example_branch_day_of_week_operator.py
[2024-11-01T11:55:15.573+0900] {processor.py:925} INFO - DAG(s) 'example_weekday_branch_operator' retrieved from /home/hamin081234/anaconda3/envs/airflow_env/lib/python3.11/site-packages/airflow/example_dags/example_branch_day_of_week_operator.py
[2024-11-01T11:55:15.582+0900] {logging_mixin.py:190} INFO - [2024-11-01T11:55:15.582+0900] {dag.py:3239} INFO - Sync 1 DAGs
[2024-11-01T11:55:15.594+0900] {logging_mixin.py:190} INFO - [2024-11-01T11:55:15.594+0900] {dag.py:4180} INFO - Setting next_dagrun for example_weekday_branch_operator to 2024-10-31 00:00:00+00:00, run_after=2024-11-01 00:00:00+00:00
[2024-11-01T11:55:15.614+0900] {processor.py:208} INFO - Processing /home/hamin081234/anaconda3/envs/airflow_env/lib/python3.11/site-packages/airflow/example_dags/example_branch_day_of_week_operator.py took 0.061 seconds
[2024-11-01T11:56:06.213+0900] {processor.py:186} INFO - Started process (PID=423217) to work on /home/hamin081234/anaconda3/envs/airflow_env/lib/python3.11/site-packages/airflow/example_dags/example_branch_day_of_week_operator.py
[2024-11-01T11:56:06.214+0900] {processor.py:914} INFO - Processing file /home/hamin081234/anaconda3/envs/airflow_env/lib/python3.11/site-packages/airflow/example_dags/example_branch_day_of_week_operator.py for tasks to queue
[2024-11-01T11:56:06.216+0900] {logging_mixin.py:190} INFO - [2024-11-01T11:56:06.215+0900] {dagbag.py:588} INFO - Filling up the DagBag from /home/hamin081234/anaconda3/envs/airflow_env/lib/python3.11/site-packages/airflow/example_dags/example_branch_day_of_week_operator.py
[2024-11-01T11:56:06.221+0900] {processor.py:925} INFO - DAG(s) 'example_weekday_branch_operator' retrieved from /home/hamin081234/anaconda3/envs/airflow_env/lib/python3.11/site-packages/airflow/example_dags/example_branch_day_of_week_operator.py
[2024-11-01T11:56:06.230+0900] {logging_mixin.py:190} INFO - [2024-11-01T11:56:06.230+0900] {dag.py:3239} INFO - Sync 1 DAGs
[2024-11-01T11:56:06.241+0900] {logging_mixin.py:190} INFO - [2024-11-01T11:56:06.241+0900] {dag.py:4180} INFO - Setting next_dagrun for example_weekday_branch_operator to 2024-10-31 00:00:00+00:00, run_after=2024-11-01 00:00:00+00:00
[2024-11-01T11:56:06.259+0900] {processor.py:208} INFO - Processing /home/hamin081234/anaconda3/envs/airflow_env/lib/python3.11/site-packages/airflow/example_dags/example_branch_day_of_week_operator.py took 0.049 seconds
[2024-11-01T11:56:56.871+0900] {processor.py:186} INFO - Started process (PID=424219) to work on /home/hamin081234/anaconda3/envs/airflow_env/lib/python3.11/site-packages/airflow/example_dags/example_branch_day_of_week_operator.py
[2024-11-01T11:56:56.879+0900] {processor.py:914} INFO - Processing file /home/hamin081234/anaconda3/envs/airflow_env/lib/python3.11/site-packages/airflow/example_dags/example_branch_day_of_week_operator.py for tasks to queue
[2024-11-01T11:56:56.881+0900] {logging_mixin.py:190} INFO - [2024-11-01T11:56:56.880+0900] {dagbag.py:588} INFO - Filling up the DagBag from /home/hamin081234/anaconda3/envs/airflow_env/lib/python3.11/site-packages/airflow/example_dags/example_branch_day_of_week_operator.py
[2024-11-01T11:56:56.887+0900] {processor.py:925} INFO - DAG(s) 'example_weekday_branch_operator' retrieved from /home/hamin081234/anaconda3/envs/airflow_env/lib/python3.11/site-packages/airflow/example_dags/example_branch_day_of_week_operator.py
[2024-11-01T11:56:56.897+0900] {logging_mixin.py:190} INFO - [2024-11-01T11:56:56.897+0900] {dag.py:3239} INFO - Sync 1 DAGs
[2024-11-01T11:56:56.909+0900] {logging_mixin.py:190} INFO - [2024-11-01T11:56:56.909+0900] {dag.py:4180} INFO - Setting next_dagrun for example_weekday_branch_operator to 2024-10-31 00:00:00+00:00, run_after=2024-11-01 00:00:00+00:00
[2024-11-01T11:56:56.927+0900] {processor.py:208} INFO - Processing /home/hamin081234/anaconda3/envs/airflow_env/lib/python3.11/site-packages/airflow/example_dags/example_branch_day_of_week_operator.py took 0.060 seconds
[2024-11-01T11:57:46.401+0900] {processor.py:186} INFO - Started process (PID=425394) to work on /home/hamin081234/anaconda3/envs/airflow_env/lib/python3.11/site-packages/airflow/example_dags/example_branch_day_of_week_operator.py
[2024-11-01T11:57:46.410+0900] {processor.py:914} INFO - Processing file /home/hamin081234/anaconda3/envs/airflow_env/lib/python3.11/site-packages/airflow/example_dags/example_branch_day_of_week_operator.py for tasks to queue
[2024-11-01T11:57:46.413+0900] {logging_mixin.py:190} INFO - [2024-11-01T11:57:46.413+0900] {dagbag.py:588} INFO - Filling up the DagBag from /home/hamin081234/anaconda3/envs/airflow_env/lib/python3.11/site-packages/airflow/example_dags/example_branch_day_of_week_operator.py
[2024-11-01T11:57:46.421+0900] {processor.py:925} INFO - DAG(s) 'example_weekday_branch_operator' retrieved from /home/hamin081234/anaconda3/envs/airflow_env/lib/python3.11/site-packages/airflow/example_dags/example_branch_day_of_week_operator.py
[2024-11-01T11:57:46.431+0900] {logging_mixin.py:190} INFO - [2024-11-01T11:57:46.430+0900] {dag.py:3239} INFO - Sync 1 DAGs
[2024-11-01T11:57:46.442+0900] {logging_mixin.py:190} INFO - [2024-11-01T11:57:46.442+0900] {dag.py:4180} INFO - Setting next_dagrun for example_weekday_branch_operator to 2024-10-31 00:00:00+00:00, run_after=2024-11-01 00:00:00+00:00
[2024-11-01T11:57:46.460+0900] {processor.py:208} INFO - Processing /home/hamin081234/anaconda3/envs/airflow_env/lib/python3.11/site-packages/airflow/example_dags/example_branch_day_of_week_operator.py took 0.066 seconds
