[2024-11-01T11:49:53.503+0900] {processor.py:186} INFO - Started process (PID=414509) to work on /home/hamin081234/anaconda3/envs/airflow_env/lib/python3.11/site-packages/airflow/example_dags/example_kubernetes_executor.py
[2024-11-01T11:49:53.504+0900] {processor.py:914} INFO - Processing file /home/hamin081234/anaconda3/envs/airflow_env/lib/python3.11/site-packages/airflow/example_dags/example_kubernetes_executor.py for tasks to queue
[2024-11-01T11:49:53.505+0900] {logging_mixin.py:190} INFO - [2024-11-01T11:49:53.505+0900] {dagbag.py:588} INFO - Filling up the DagBag from /home/hamin081234/anaconda3/envs/airflow_env/lib/python3.11/site-packages/airflow/example_dags/example_kubernetes_executor.py
[2024-11-01T11:49:53.513+0900] {processor.py:925} INFO - DAG(s) 'example_kubernetes_executor' retrieved from /home/hamin081234/anaconda3/envs/airflow_env/lib/python3.11/site-packages/airflow/example_dags/example_kubernetes_executor.py
[2024-11-01T11:49:53.594+0900] {logging_mixin.py:190} INFO - [2024-11-01T11:49:53.594+0900] {override.py:1900} INFO - Created Permission View: can delete on DAG:example_kubernetes_executor
[2024-11-01T11:49:53.606+0900] {logging_mixin.py:190} INFO - [2024-11-01T11:49:53.606+0900] {override.py:1900} INFO - Created Permission View: can edit on DAG:example_kubernetes_executor
[2024-11-01T11:49:53.618+0900] {logging_mixin.py:190} INFO - [2024-11-01T11:49:53.618+0900] {override.py:1900} INFO - Created Permission View: can read on DAG:example_kubernetes_executor
[2024-11-01T11:49:53.638+0900] {logging_mixin.py:190} INFO - [2024-11-01T11:49:53.638+0900] {override.py:1900} INFO - Created Permission View: menu access on DAG Run:example_kubernetes_executor
[2024-11-01T11:49:53.650+0900] {logging_mixin.py:190} INFO - [2024-11-01T11:49:53.650+0900] {override.py:1900} INFO - Created Permission View: can delete on DAG Run:example_kubernetes_executor
[2024-11-01T11:49:53.660+0900] {logging_mixin.py:190} INFO - [2024-11-01T11:49:53.660+0900] {override.py:1900} INFO - Created Permission View: can create on DAG Run:example_kubernetes_executor
[2024-11-01T11:49:53.670+0900] {logging_mixin.py:190} INFO - [2024-11-01T11:49:53.670+0900] {override.py:1900} INFO - Created Permission View: can read on DAG Run:example_kubernetes_executor
[2024-11-01T11:49:53.670+0900] {logging_mixin.py:190} INFO - [2024-11-01T11:49:53.670+0900] {dag.py:3239} INFO - Sync 1 DAGs
[2024-11-01T11:49:53.676+0900] {logging_mixin.py:190} INFO - [2024-11-01T11:49:53.676+0900] {dag.py:3262} INFO - Creating ORM DAG for example_kubernetes_executor
[2024-11-01T11:49:53.676+0900] {logging_mixin.py:190} INFO - [2024-11-01T11:49:53.676+0900] {dag.py:4180} INFO - Setting next_dagrun for example_kubernetes_executor to None, run_after=None
[2024-11-01T11:49:53.694+0900] {processor.py:208} INFO - Processing /home/hamin081234/anaconda3/envs/airflow_env/lib/python3.11/site-packages/airflow/example_dags/example_kubernetes_executor.py took 0.194 seconds
[2024-11-01T11:50:49.973+0900] {processor.py:186} INFO - Started process (PID=415909) to work on /home/hamin081234/anaconda3/envs/airflow_env/lib/python3.11/site-packages/airflow/example_dags/example_kubernetes_executor.py
[2024-11-01T11:50:49.974+0900] {processor.py:914} INFO - Processing file /home/hamin081234/anaconda3/envs/airflow_env/lib/python3.11/site-packages/airflow/example_dags/example_kubernetes_executor.py for tasks to queue
[2024-11-01T11:50:49.975+0900] {logging_mixin.py:190} INFO - [2024-11-01T11:50:49.975+0900] {dagbag.py:588} INFO - Filling up the DagBag from /home/hamin081234/anaconda3/envs/airflow_env/lib/python3.11/site-packages/airflow/example_dags/example_kubernetes_executor.py
[2024-11-01T11:50:49.985+0900] {processor.py:925} INFO - DAG(s) 'example_kubernetes_executor' retrieved from /home/hamin081234/anaconda3/envs/airflow_env/lib/python3.11/site-packages/airflow/example_dags/example_kubernetes_executor.py
[2024-11-01T11:50:50.003+0900] {logging_mixin.py:190} INFO - [2024-11-01T11:50:50.003+0900] {dag.py:3239} INFO - Sync 1 DAGs
[2024-11-01T11:50:50.011+0900] {logging_mixin.py:190} INFO - [2024-11-01T11:50:50.010+0900] {dag.py:4180} INFO - Setting next_dagrun for example_kubernetes_executor to None, run_after=None
[2024-11-01T11:50:50.031+0900] {processor.py:208} INFO - Processing /home/hamin081234/anaconda3/envs/airflow_env/lib/python3.11/site-packages/airflow/example_dags/example_kubernetes_executor.py took 0.062 seconds
[2024-11-01T11:52:04.561+0900] {processor.py:186} INFO - Started process (PID=417660) to work on /home/hamin081234/anaconda3/envs/airflow_env/lib/python3.11/site-packages/airflow/example_dags/example_kubernetes_executor.py
[2024-11-01T11:52:04.561+0900] {processor.py:914} INFO - Processing file /home/hamin081234/anaconda3/envs/airflow_env/lib/python3.11/site-packages/airflow/example_dags/example_kubernetes_executor.py for tasks to queue
[2024-11-01T11:52:04.563+0900] {logging_mixin.py:190} INFO - [2024-11-01T11:52:04.563+0900] {dagbag.py:588} INFO - Filling up the DagBag from /home/hamin081234/anaconda3/envs/airflow_env/lib/python3.11/site-packages/airflow/example_dags/example_kubernetes_executor.py
[2024-11-01T11:52:04.572+0900] {processor.py:925} INFO - DAG(s) 'example_kubernetes_executor' retrieved from /home/hamin081234/anaconda3/envs/airflow_env/lib/python3.11/site-packages/airflow/example_dags/example_kubernetes_executor.py
[2024-11-01T11:52:04.589+0900] {logging_mixin.py:190} INFO - [2024-11-01T11:52:04.589+0900] {dag.py:3239} INFO - Sync 1 DAGs
[2024-11-01T11:52:04.597+0900] {logging_mixin.py:190} INFO - [2024-11-01T11:52:04.597+0900] {dag.py:4180} INFO - Setting next_dagrun for example_kubernetes_executor to None, run_after=None
[2024-11-01T11:52:04.616+0900] {processor.py:208} INFO - Processing /home/hamin081234/anaconda3/envs/airflow_env/lib/python3.11/site-packages/airflow/example_dags/example_kubernetes_executor.py took 0.059 seconds
[2024-11-01T11:53:04.469+0900] {processor.py:186} INFO - Started process (PID=418859) to work on /home/hamin081234/anaconda3/envs/airflow_env/lib/python3.11/site-packages/airflow/example_dags/example_kubernetes_executor.py
[2024-11-01T11:53:04.469+0900] {processor.py:914} INFO - Processing file /home/hamin081234/anaconda3/envs/airflow_env/lib/python3.11/site-packages/airflow/example_dags/example_kubernetes_executor.py for tasks to queue
[2024-11-01T11:53:04.471+0900] {logging_mixin.py:190} INFO - [2024-11-01T11:53:04.470+0900] {dagbag.py:588} INFO - Filling up the DagBag from /home/hamin081234/anaconda3/envs/airflow_env/lib/python3.11/site-packages/airflow/example_dags/example_kubernetes_executor.py
[2024-11-01T11:53:04.479+0900] {processor.py:925} INFO - DAG(s) 'example_kubernetes_executor' retrieved from /home/hamin081234/anaconda3/envs/airflow_env/lib/python3.11/site-packages/airflow/example_dags/example_kubernetes_executor.py
[2024-11-01T11:53:04.517+0900] {logging_mixin.py:190} INFO - [2024-11-01T11:53:04.517+0900] {dag.py:3239} INFO - Sync 1 DAGs
[2024-11-01T11:53:04.528+0900] {logging_mixin.py:190} INFO - [2024-11-01T11:53:04.528+0900] {dag.py:4180} INFO - Setting next_dagrun for example_kubernetes_executor to None, run_after=None
[2024-11-01T11:53:04.551+0900] {processor.py:208} INFO - Processing /home/hamin081234/anaconda3/envs/airflow_env/lib/python3.11/site-packages/airflow/example_dags/example_kubernetes_executor.py took 0.087 seconds
[2024-11-01T11:53:59.790+0900] {processor.py:186} INFO - Started process (PID=420136) to work on /home/hamin081234/anaconda3/envs/airflow_env/lib/python3.11/site-packages/airflow/example_dags/example_kubernetes_executor.py
[2024-11-01T11:53:59.796+0900] {processor.py:914} INFO - Processing file /home/hamin081234/anaconda3/envs/airflow_env/lib/python3.11/site-packages/airflow/example_dags/example_kubernetes_executor.py for tasks to queue
[2024-11-01T11:53:59.798+0900] {logging_mixin.py:190} INFO - [2024-11-01T11:53:59.798+0900] {dagbag.py:588} INFO - Filling up the DagBag from /home/hamin081234/anaconda3/envs/airflow_env/lib/python3.11/site-packages/airflow/example_dags/example_kubernetes_executor.py
[2024-11-01T11:53:59.816+0900] {processor.py:925} INFO - DAG(s) 'example_kubernetes_executor' retrieved from /home/hamin081234/anaconda3/envs/airflow_env/lib/python3.11/site-packages/airflow/example_dags/example_kubernetes_executor.py
[2024-11-01T11:53:59.834+0900] {logging_mixin.py:190} INFO - [2024-11-01T11:53:59.834+0900] {dag.py:3239} INFO - Sync 1 DAGs
[2024-11-01T11:53:59.841+0900] {logging_mixin.py:190} INFO - [2024-11-01T11:53:59.841+0900] {dag.py:4180} INFO - Setting next_dagrun for example_kubernetes_executor to None, run_after=None
[2024-11-01T11:53:59.858+0900] {processor.py:208} INFO - Processing /home/hamin081234/anaconda3/envs/airflow_env/lib/python3.11/site-packages/airflow/example_dags/example_kubernetes_executor.py took 0.074 seconds
[2024-11-01T11:54:55.293+0900] {processor.py:186} INFO - Started process (PID=421544) to work on /home/hamin081234/anaconda3/envs/airflow_env/lib/python3.11/site-packages/airflow/example_dags/example_kubernetes_executor.py
[2024-11-01T11:54:55.301+0900] {processor.py:914} INFO - Processing file /home/hamin081234/anaconda3/envs/airflow_env/lib/python3.11/site-packages/airflow/example_dags/example_kubernetes_executor.py for tasks to queue
[2024-11-01T11:54:55.302+0900] {logging_mixin.py:190} INFO - [2024-11-01T11:54:55.302+0900] {dagbag.py:588} INFO - Filling up the DagBag from /home/hamin081234/anaconda3/envs/airflow_env/lib/python3.11/site-packages/airflow/example_dags/example_kubernetes_executor.py
[2024-11-01T11:54:55.310+0900] {processor.py:925} INFO - DAG(s) 'example_kubernetes_executor' retrieved from /home/hamin081234/anaconda3/envs/airflow_env/lib/python3.11/site-packages/airflow/example_dags/example_kubernetes_executor.py
[2024-11-01T11:54:55.326+0900] {logging_mixin.py:190} INFO - [2024-11-01T11:54:55.326+0900] {dag.py:3239} INFO - Sync 1 DAGs
[2024-11-01T11:54:55.332+0900] {logging_mixin.py:190} INFO - [2024-11-01T11:54:55.332+0900] {dag.py:4180} INFO - Setting next_dagrun for example_kubernetes_executor to None, run_after=None
[2024-11-01T11:54:55.349+0900] {processor.py:208} INFO - Processing /home/hamin081234/anaconda3/envs/airflow_env/lib/python3.11/site-packages/airflow/example_dags/example_kubernetes_executor.py took 0.060 seconds
[2024-11-01T11:56:10.550+0900] {processor.py:186} INFO - Started process (PID=423305) to work on /home/hamin081234/anaconda3/envs/airflow_env/lib/python3.11/site-packages/airflow/example_dags/example_kubernetes_executor.py
[2024-11-01T11:56:10.559+0900] {processor.py:914} INFO - Processing file /home/hamin081234/anaconda3/envs/airflow_env/lib/python3.11/site-packages/airflow/example_dags/example_kubernetes_executor.py for tasks to queue
[2024-11-01T11:56:10.561+0900] {logging_mixin.py:190} INFO - [2024-11-01T11:56:10.561+0900] {dagbag.py:588} INFO - Filling up the DagBag from /home/hamin081234/anaconda3/envs/airflow_env/lib/python3.11/site-packages/airflow/example_dags/example_kubernetes_executor.py
[2024-11-01T11:56:10.569+0900] {processor.py:925} INFO - DAG(s) 'example_kubernetes_executor' retrieved from /home/hamin081234/anaconda3/envs/airflow_env/lib/python3.11/site-packages/airflow/example_dags/example_kubernetes_executor.py
[2024-11-01T11:56:10.586+0900] {logging_mixin.py:190} INFO - [2024-11-01T11:56:10.586+0900] {dag.py:3239} INFO - Sync 1 DAGs
[2024-11-01T11:56:10.593+0900] {logging_mixin.py:190} INFO - [2024-11-01T11:56:10.593+0900] {dag.py:4180} INFO - Setting next_dagrun for example_kubernetes_executor to None, run_after=None
[2024-11-01T11:56:10.611+0900] {processor.py:208} INFO - Processing /home/hamin081234/anaconda3/envs/airflow_env/lib/python3.11/site-packages/airflow/example_dags/example_kubernetes_executor.py took 0.065 seconds
[2024-11-01T11:57:26.133+0900] {processor.py:186} INFO - Started process (PID=425048) to work on /home/hamin081234/anaconda3/envs/airflow_env/lib/python3.11/site-packages/airflow/example_dags/example_kubernetes_executor.py
[2024-11-01T11:57:26.141+0900] {processor.py:914} INFO - Processing file /home/hamin081234/anaconda3/envs/airflow_env/lib/python3.11/site-packages/airflow/example_dags/example_kubernetes_executor.py for tasks to queue
[2024-11-01T11:57:26.143+0900] {logging_mixin.py:190} INFO - [2024-11-01T11:57:26.143+0900] {dagbag.py:588} INFO - Filling up the DagBag from /home/hamin081234/anaconda3/envs/airflow_env/lib/python3.11/site-packages/airflow/example_dags/example_kubernetes_executor.py
[2024-11-01T11:57:26.151+0900] {processor.py:925} INFO - DAG(s) 'example_kubernetes_executor' retrieved from /home/hamin081234/anaconda3/envs/airflow_env/lib/python3.11/site-packages/airflow/example_dags/example_kubernetes_executor.py
[2024-11-01T11:57:26.167+0900] {logging_mixin.py:190} INFO - [2024-11-01T11:57:26.167+0900] {dag.py:3239} INFO - Sync 1 DAGs
[2024-11-01T11:57:26.175+0900] {logging_mixin.py:190} INFO - [2024-11-01T11:57:26.175+0900] {dag.py:4180} INFO - Setting next_dagrun for example_kubernetes_executor to None, run_after=None
[2024-11-01T11:57:26.192+0900] {processor.py:208} INFO - Processing /home/hamin081234/anaconda3/envs/airflow_env/lib/python3.11/site-packages/airflow/example_dags/example_kubernetes_executor.py took 0.062 seconds
