[2024-11-01T11:49:28.467+0900] {processor.py:186} INFO - Started process (PID=414023) to work on /home/hamin081234/anaconda3/envs/airflow_env/lib/python3.11/site-packages/airflow/example_dags/example_dag_decorator.py
[2024-11-01T11:49:28.467+0900] {processor.py:914} INFO - Processing file /home/hamin081234/anaconda3/envs/airflow_env/lib/python3.11/site-packages/airflow/example_dags/example_dag_decorator.py for tasks to queue
[2024-11-01T11:49:28.469+0900] {logging_mixin.py:190} INFO - [2024-11-01T11:49:28.468+0900] {dagbag.py:588} INFO - Filling up the DagBag from /home/hamin081234/anaconda3/envs/airflow_env/lib/python3.11/site-packages/airflow/example_dags/example_dag_decorator.py
[2024-11-01T11:49:28.476+0900] {processor.py:925} INFO - DAG(s) 'example_dag_decorator' retrieved from /home/hamin081234/anaconda3/envs/airflow_env/lib/python3.11/site-packages/airflow/example_dags/example_dag_decorator.py
[2024-11-01T11:49:28.557+0900] {logging_mixin.py:190} INFO - [2024-11-01T11:49:28.557+0900] {override.py:1900} INFO - Created Permission View: can delete on DAG:example_dag_decorator
[2024-11-01T11:49:28.569+0900] {logging_mixin.py:190} INFO - [2024-11-01T11:49:28.569+0900] {override.py:1900} INFO - Created Permission View: can edit on DAG:example_dag_decorator
[2024-11-01T11:49:28.581+0900] {logging_mixin.py:190} INFO - [2024-11-01T11:49:28.581+0900] {override.py:1900} INFO - Created Permission View: can read on DAG:example_dag_decorator
[2024-11-01T11:49:28.601+0900] {logging_mixin.py:190} INFO - [2024-11-01T11:49:28.601+0900] {override.py:1900} INFO - Created Permission View: menu access on DAG Run:example_dag_decorator
[2024-11-01T11:49:28.611+0900] {logging_mixin.py:190} INFO - [2024-11-01T11:49:28.611+0900] {override.py:1900} INFO - Created Permission View: can delete on DAG Run:example_dag_decorator
[2024-11-01T11:49:28.621+0900] {logging_mixin.py:190} INFO - [2024-11-01T11:49:28.621+0900] {override.py:1900} INFO - Created Permission View: can create on DAG Run:example_dag_decorator
[2024-11-01T11:49:28.631+0900] {logging_mixin.py:190} INFO - [2024-11-01T11:49:28.630+0900] {override.py:1900} INFO - Created Permission View: can read on DAG Run:example_dag_decorator
[2024-11-01T11:49:28.631+0900] {logging_mixin.py:190} INFO - [2024-11-01T11:49:28.631+0900] {dag.py:3239} INFO - Sync 1 DAGs
[2024-11-01T11:49:28.636+0900] {logging_mixin.py:190} INFO - [2024-11-01T11:49:28.636+0900] {dag.py:3262} INFO - Creating ORM DAG for example_dag_decorator
[2024-11-01T11:49:28.637+0900] {logging_mixin.py:190} INFO - [2024-11-01T11:49:28.637+0900] {dag.py:4180} INFO - Setting next_dagrun for example_dag_decorator to None, run_after=None
[2024-11-01T11:49:28.652+0900] {processor.py:208} INFO - Processing /home/hamin081234/anaconda3/envs/airflow_env/lib/python3.11/site-packages/airflow/example_dags/example_dag_decorator.py took 0.189 seconds
[2024-11-01T11:50:27.127+0900] {processor.py:186} INFO - Started process (PID=415216) to work on /home/hamin081234/anaconda3/envs/airflow_env/lib/python3.11/site-packages/airflow/example_dags/example_dag_decorator.py
[2024-11-01T11:50:27.131+0900] {processor.py:914} INFO - Processing file /home/hamin081234/anaconda3/envs/airflow_env/lib/python3.11/site-packages/airflow/example_dags/example_dag_decorator.py for tasks to queue
[2024-11-01T11:50:27.132+0900] {logging_mixin.py:190} INFO - [2024-11-01T11:50:27.132+0900] {dagbag.py:588} INFO - Filling up the DagBag from /home/hamin081234/anaconda3/envs/airflow_env/lib/python3.11/site-packages/airflow/example_dags/example_dag_decorator.py
[2024-11-01T11:50:27.140+0900] {processor.py:925} INFO - DAG(s) 'example_dag_decorator' retrieved from /home/hamin081234/anaconda3/envs/airflow_env/lib/python3.11/site-packages/airflow/example_dags/example_dag_decorator.py
[2024-11-01T11:50:27.193+0900] {logging_mixin.py:190} INFO - [2024-11-01T11:50:27.192+0900] {dag.py:3239} INFO - Sync 1 DAGs
[2024-11-01T11:50:27.198+0900] {logging_mixin.py:190} INFO - [2024-11-01T11:50:27.198+0900] {dag.py:4180} INFO - Setting next_dagrun for example_dag_decorator to None, run_after=None
[2024-11-01T11:50:27.216+0900] {processor.py:208} INFO - Processing /home/hamin081234/anaconda3/envs/airflow_env/lib/python3.11/site-packages/airflow/example_dags/example_dag_decorator.py took 0.094 seconds
[2024-11-01T11:51:20.661+0900] {processor.py:186} INFO - Started process (PID=416439) to work on /home/hamin081234/anaconda3/envs/airflow_env/lib/python3.11/site-packages/airflow/example_dags/example_dag_decorator.py
[2024-11-01T11:51:20.663+0900] {processor.py:914} INFO - Processing file /home/hamin081234/anaconda3/envs/airflow_env/lib/python3.11/site-packages/airflow/example_dags/example_dag_decorator.py for tasks to queue
[2024-11-01T11:51:20.665+0900] {logging_mixin.py:190} INFO - [2024-11-01T11:51:20.664+0900] {dagbag.py:588} INFO - Filling up the DagBag from /home/hamin081234/anaconda3/envs/airflow_env/lib/python3.11/site-packages/airflow/example_dags/example_dag_decorator.py
[2024-11-01T11:51:20.673+0900] {processor.py:925} INFO - DAG(s) 'example_dag_decorator' retrieved from /home/hamin081234/anaconda3/envs/airflow_env/lib/python3.11/site-packages/airflow/example_dags/example_dag_decorator.py
[2024-11-01T11:51:20.726+0900] {logging_mixin.py:190} INFO - [2024-11-01T11:51:20.726+0900] {dag.py:3239} INFO - Sync 1 DAGs
[2024-11-01T11:51:20.732+0900] {logging_mixin.py:190} INFO - [2024-11-01T11:51:20.731+0900] {dag.py:4180} INFO - Setting next_dagrun for example_dag_decorator to None, run_after=None
[2024-11-01T11:51:20.748+0900] {processor.py:208} INFO - Processing /home/hamin081234/anaconda3/envs/airflow_env/lib/python3.11/site-packages/airflow/example_dags/example_dag_decorator.py took 0.091 seconds
[2024-11-01T11:52:22.237+0900] {processor.py:186} INFO - Started process (PID=418017) to work on /home/hamin081234/anaconda3/envs/airflow_env/lib/python3.11/site-packages/airflow/example_dags/example_dag_decorator.py
[2024-11-01T11:52:22.239+0900] {processor.py:914} INFO - Processing file /home/hamin081234/anaconda3/envs/airflow_env/lib/python3.11/site-packages/airflow/example_dags/example_dag_decorator.py for tasks to queue
[2024-11-01T11:52:22.241+0900] {logging_mixin.py:190} INFO - [2024-11-01T11:52:22.241+0900] {dagbag.py:588} INFO - Filling up the DagBag from /home/hamin081234/anaconda3/envs/airflow_env/lib/python3.11/site-packages/airflow/example_dags/example_dag_decorator.py
[2024-11-01T11:52:22.252+0900] {processor.py:925} INFO - DAG(s) 'example_dag_decorator' retrieved from /home/hamin081234/anaconda3/envs/airflow_env/lib/python3.11/site-packages/airflow/example_dags/example_dag_decorator.py
[2024-11-01T11:52:22.315+0900] {logging_mixin.py:190} INFO - [2024-11-01T11:52:22.315+0900] {dag.py:3239} INFO - Sync 1 DAGs
[2024-11-01T11:52:22.323+0900] {logging_mixin.py:190} INFO - [2024-11-01T11:52:22.323+0900] {dag.py:4180} INFO - Setting next_dagrun for example_dag_decorator to None, run_after=None
[2024-11-01T11:52:22.351+0900] {processor.py:208} INFO - Processing /home/hamin081234/anaconda3/envs/airflow_env/lib/python3.11/site-packages/airflow/example_dags/example_dag_decorator.py took 0.118 seconds
[2024-11-01T11:53:17.004+0900] {processor.py:186} INFO - Started process (PID=419352) to work on /home/hamin081234/anaconda3/envs/airflow_env/lib/python3.11/site-packages/airflow/example_dags/example_dag_decorator.py
[2024-11-01T11:53:17.013+0900] {processor.py:914} INFO - Processing file /home/hamin081234/anaconda3/envs/airflow_env/lib/python3.11/site-packages/airflow/example_dags/example_dag_decorator.py for tasks to queue
[2024-11-01T11:53:17.015+0900] {logging_mixin.py:190} INFO - [2024-11-01T11:53:17.014+0900] {dagbag.py:588} INFO - Filling up the DagBag from /home/hamin081234/anaconda3/envs/airflow_env/lib/python3.11/site-packages/airflow/example_dags/example_dag_decorator.py
[2024-11-01T11:53:17.023+0900] {processor.py:925} INFO - DAG(s) 'example_dag_decorator' retrieved from /home/hamin081234/anaconda3/envs/airflow_env/lib/python3.11/site-packages/airflow/example_dags/example_dag_decorator.py
[2024-11-01T11:53:17.075+0900] {logging_mixin.py:190} INFO - [2024-11-01T11:53:17.075+0900] {dag.py:3239} INFO - Sync 1 DAGs
[2024-11-01T11:53:17.081+0900] {logging_mixin.py:190} INFO - [2024-11-01T11:53:17.081+0900] {dag.py:4180} INFO - Setting next_dagrun for example_dag_decorator to None, run_after=None
[2024-11-01T11:53:17.150+0900] {processor.py:208} INFO - Processing /home/hamin081234/anaconda3/envs/airflow_env/lib/python3.11/site-packages/airflow/example_dags/example_dag_decorator.py took 0.149 seconds
[2024-11-01T11:54:08.338+0900] {processor.py:186} INFO - Started process (PID=420270) to work on /home/hamin081234/anaconda3/envs/airflow_env/lib/python3.11/site-packages/airflow/example_dags/example_dag_decorator.py
[2024-11-01T11:54:08.342+0900] {processor.py:914} INFO - Processing file /home/hamin081234/anaconda3/envs/airflow_env/lib/python3.11/site-packages/airflow/example_dags/example_dag_decorator.py for tasks to queue
[2024-11-01T11:54:08.344+0900] {logging_mixin.py:190} INFO - [2024-11-01T11:54:08.344+0900] {dagbag.py:588} INFO - Filling up the DagBag from /home/hamin081234/anaconda3/envs/airflow_env/lib/python3.11/site-packages/airflow/example_dags/example_dag_decorator.py
[2024-11-01T11:54:08.352+0900] {processor.py:925} INFO - DAG(s) 'example_dag_decorator' retrieved from /home/hamin081234/anaconda3/envs/airflow_env/lib/python3.11/site-packages/airflow/example_dags/example_dag_decorator.py
[2024-11-01T11:54:08.405+0900] {logging_mixin.py:190} INFO - [2024-11-01T11:54:08.405+0900] {dag.py:3239} INFO - Sync 1 DAGs
[2024-11-01T11:54:08.411+0900] {logging_mixin.py:190} INFO - [2024-11-01T11:54:08.411+0900] {dag.py:4180} INFO - Setting next_dagrun for example_dag_decorator to None, run_after=None
[2024-11-01T11:54:08.437+0900] {processor.py:208} INFO - Processing /home/hamin081234/anaconda3/envs/airflow_env/lib/python3.11/site-packages/airflow/example_dags/example_dag_decorator.py took 0.103 seconds
[2024-11-01T11:55:01.322+0900] {processor.py:186} INFO - Started process (PID=421677) to work on /home/hamin081234/anaconda3/envs/airflow_env/lib/python3.11/site-packages/airflow/example_dags/example_dag_decorator.py
[2024-11-01T11:55:01.331+0900] {processor.py:914} INFO - Processing file /home/hamin081234/anaconda3/envs/airflow_env/lib/python3.11/site-packages/airflow/example_dags/example_dag_decorator.py for tasks to queue
[2024-11-01T11:55:01.333+0900] {logging_mixin.py:190} INFO - [2024-11-01T11:55:01.333+0900] {dagbag.py:588} INFO - Filling up the DagBag from /home/hamin081234/anaconda3/envs/airflow_env/lib/python3.11/site-packages/airflow/example_dags/example_dag_decorator.py
[2024-11-01T11:55:01.342+0900] {processor.py:925} INFO - DAG(s) 'example_dag_decorator' retrieved from /home/hamin081234/anaconda3/envs/airflow_env/lib/python3.11/site-packages/airflow/example_dags/example_dag_decorator.py
[2024-11-01T11:55:01.389+0900] {logging_mixin.py:190} INFO - [2024-11-01T11:55:01.389+0900] {dag.py:3239} INFO - Sync 1 DAGs
[2024-11-01T11:55:01.394+0900] {logging_mixin.py:190} INFO - [2024-11-01T11:55:01.394+0900] {dag.py:4180} INFO - Setting next_dagrun for example_dag_decorator to None, run_after=None
[2024-11-01T11:55:01.420+0900] {processor.py:208} INFO - Processing /home/hamin081234/anaconda3/envs/airflow_env/lib/python3.11/site-packages/airflow/example_dags/example_dag_decorator.py took 0.102 seconds
[2024-11-01T11:55:51.112+0900] {processor.py:186} INFO - Started process (PID=422904) to work on /home/hamin081234/anaconda3/envs/airflow_env/lib/python3.11/site-packages/airflow/example_dags/example_dag_decorator.py
[2024-11-01T11:55:51.121+0900] {processor.py:914} INFO - Processing file /home/hamin081234/anaconda3/envs/airflow_env/lib/python3.11/site-packages/airflow/example_dags/example_dag_decorator.py for tasks to queue
[2024-11-01T11:55:51.122+0900] {logging_mixin.py:190} INFO - [2024-11-01T11:55:51.122+0900] {dagbag.py:588} INFO - Filling up the DagBag from /home/hamin081234/anaconda3/envs/airflow_env/lib/python3.11/site-packages/airflow/example_dags/example_dag_decorator.py
[2024-11-01T11:55:51.129+0900] {processor.py:925} INFO - DAG(s) 'example_dag_decorator' retrieved from /home/hamin081234/anaconda3/envs/airflow_env/lib/python3.11/site-packages/airflow/example_dags/example_dag_decorator.py
[2024-11-01T11:55:51.176+0900] {logging_mixin.py:190} INFO - [2024-11-01T11:55:51.176+0900] {dag.py:3239} INFO - Sync 1 DAGs
[2024-11-01T11:55:51.182+0900] {logging_mixin.py:190} INFO - [2024-11-01T11:55:51.182+0900] {dag.py:4180} INFO - Setting next_dagrun for example_dag_decorator to None, run_after=None
[2024-11-01T11:55:51.199+0900] {processor.py:208} INFO - Processing /home/hamin081234/anaconda3/envs/airflow_env/lib/python3.11/site-packages/airflow/example_dags/example_dag_decorator.py took 0.090 seconds
[2024-11-01T11:56:43.554+0900] {processor.py:186} INFO - Started process (PID=423825) to work on /home/hamin081234/anaconda3/envs/airflow_env/lib/python3.11/site-packages/airflow/example_dags/example_dag_decorator.py
[2024-11-01T11:56:43.554+0900] {processor.py:914} INFO - Processing file /home/hamin081234/anaconda3/envs/airflow_env/lib/python3.11/site-packages/airflow/example_dags/example_dag_decorator.py for tasks to queue
[2024-11-01T11:56:43.556+0900] {logging_mixin.py:190} INFO - [2024-11-01T11:56:43.556+0900] {dagbag.py:588} INFO - Filling up the DagBag from /home/hamin081234/anaconda3/envs/airflow_env/lib/python3.11/site-packages/airflow/example_dags/example_dag_decorator.py
[2024-11-01T11:56:43.563+0900] {processor.py:925} INFO - DAG(s) 'example_dag_decorator' retrieved from /home/hamin081234/anaconda3/envs/airflow_env/lib/python3.11/site-packages/airflow/example_dags/example_dag_decorator.py
[2024-11-01T11:56:43.615+0900] {logging_mixin.py:190} INFO - [2024-11-01T11:56:43.615+0900] {dag.py:3239} INFO - Sync 1 DAGs
[2024-11-01T11:56:43.620+0900] {logging_mixin.py:190} INFO - [2024-11-01T11:56:43.620+0900] {dag.py:4180} INFO - Setting next_dagrun for example_dag_decorator to None, run_after=None
[2024-11-01T11:56:43.646+0900] {processor.py:208} INFO - Processing /home/hamin081234/anaconda3/envs/airflow_env/lib/python3.11/site-packages/airflow/example_dags/example_dag_decorator.py took 0.097 seconds
[2024-11-01T11:57:32.697+0900] {processor.py:186} INFO - Started process (PID=425169) to work on /home/hamin081234/anaconda3/envs/airflow_env/lib/python3.11/site-packages/airflow/example_dags/example_dag_decorator.py
[2024-11-01T11:57:32.698+0900] {processor.py:914} INFO - Processing file /home/hamin081234/anaconda3/envs/airflow_env/lib/python3.11/site-packages/airflow/example_dags/example_dag_decorator.py for tasks to queue
[2024-11-01T11:57:32.699+0900] {logging_mixin.py:190} INFO - [2024-11-01T11:57:32.699+0900] {dagbag.py:588} INFO - Filling up the DagBag from /home/hamin081234/anaconda3/envs/airflow_env/lib/python3.11/site-packages/airflow/example_dags/example_dag_decorator.py
[2024-11-01T11:57:32.707+0900] {processor.py:925} INFO - DAG(s) 'example_dag_decorator' retrieved from /home/hamin081234/anaconda3/envs/airflow_env/lib/python3.11/site-packages/airflow/example_dags/example_dag_decorator.py
[2024-11-01T11:57:32.757+0900] {logging_mixin.py:190} INFO - [2024-11-01T11:57:32.757+0900] {dag.py:3239} INFO - Sync 1 DAGs
[2024-11-01T11:57:32.762+0900] {logging_mixin.py:190} INFO - [2024-11-01T11:57:32.762+0900] {dag.py:4180} INFO - Setting next_dagrun for example_dag_decorator to None, run_after=None
[2024-11-01T11:57:32.787+0900] {processor.py:208} INFO - Processing /home/hamin081234/anaconda3/envs/airflow_env/lib/python3.11/site-packages/airflow/example_dags/example_dag_decorator.py took 0.094 seconds
