[2024-11-01T11:49:11.531+0900] {processor.py:186} INFO - Started process (PID=413675) to work on /home/hamin081234/anaconda3/envs/airflow_env/lib/python3.11/site-packages/airflow/example_dags/example_task_group.py
[2024-11-01T11:49:11.532+0900] {processor.py:914} INFO - Processing file /home/hamin081234/anaconda3/envs/airflow_env/lib/python3.11/site-packages/airflow/example_dags/example_task_group.py for tasks to queue
[2024-11-01T11:49:11.535+0900] {logging_mixin.py:190} INFO - [2024-11-01T11:49:11.534+0900] {dagbag.py:588} INFO - Filling up the DagBag from /home/hamin081234/anaconda3/envs/airflow_env/lib/python3.11/site-packages/airflow/example_dags/example_task_group.py
[2024-11-01T11:49:11.543+0900] {processor.py:925} INFO - DAG(s) 'example_task_group' retrieved from /home/hamin081234/anaconda3/envs/airflow_env/lib/python3.11/site-packages/airflow/example_dags/example_task_group.py
[2024-11-01T11:49:11.624+0900] {logging_mixin.py:190} INFO - [2024-11-01T11:49:11.623+0900] {override.py:1900} INFO - Created Permission View: can delete on DAG:example_task_group
[2024-11-01T11:49:11.638+0900] {logging_mixin.py:190} INFO - [2024-11-01T11:49:11.637+0900] {override.py:1900} INFO - Created Permission View: can edit on DAG:example_task_group
[2024-11-01T11:49:11.649+0900] {logging_mixin.py:190} INFO - [2024-11-01T11:49:11.649+0900] {override.py:1900} INFO - Created Permission View: can read on DAG:example_task_group
[2024-11-01T11:49:11.671+0900] {logging_mixin.py:190} INFO - [2024-11-01T11:49:11.671+0900] {override.py:1900} INFO - Created Permission View: menu access on DAG Run:example_task_group
[2024-11-01T11:49:11.682+0900] {logging_mixin.py:190} INFO - [2024-11-01T11:49:11.681+0900] {override.py:1900} INFO - Created Permission View: can delete on DAG Run:example_task_group
[2024-11-01T11:49:11.693+0900] {logging_mixin.py:190} INFO - [2024-11-01T11:49:11.693+0900] {override.py:1900} INFO - Created Permission View: can create on DAG Run:example_task_group
[2024-11-01T11:49:11.703+0900] {logging_mixin.py:190} INFO - [2024-11-01T11:49:11.703+0900] {override.py:1900} INFO - Created Permission View: can read on DAG Run:example_task_group
[2024-11-01T11:49:11.704+0900] {logging_mixin.py:190} INFO - [2024-11-01T11:49:11.704+0900] {dag.py:3239} INFO - Sync 1 DAGs
[2024-11-01T11:49:11.710+0900] {logging_mixin.py:190} INFO - [2024-11-01T11:49:11.710+0900] {dag.py:3262} INFO - Creating ORM DAG for example_task_group
[2024-11-01T11:49:11.711+0900] {logging_mixin.py:190} INFO - [2024-11-01T11:49:11.711+0900] {dag.py:4180} INFO - Setting next_dagrun for example_task_group to None, run_after=None
[2024-11-01T11:49:11.730+0900] {processor.py:208} INFO - Processing /home/hamin081234/anaconda3/envs/airflow_env/lib/python3.11/site-packages/airflow/example_dags/example_task_group.py took 0.202 seconds
[2024-11-01T11:50:12.846+0900] {processor.py:186} INFO - Started process (PID=414973) to work on /home/hamin081234/anaconda3/envs/airflow_env/lib/python3.11/site-packages/airflow/example_dags/example_task_group.py
[2024-11-01T11:50:12.847+0900] {processor.py:914} INFO - Processing file /home/hamin081234/anaconda3/envs/airflow_env/lib/python3.11/site-packages/airflow/example_dags/example_task_group.py for tasks to queue
[2024-11-01T11:50:12.848+0900] {logging_mixin.py:190} INFO - [2024-11-01T11:50:12.848+0900] {dagbag.py:588} INFO - Filling up the DagBag from /home/hamin081234/anaconda3/envs/airflow_env/lib/python3.11/site-packages/airflow/example_dags/example_task_group.py
[2024-11-01T11:50:12.855+0900] {processor.py:925} INFO - DAG(s) 'example_task_group' retrieved from /home/hamin081234/anaconda3/envs/airflow_env/lib/python3.11/site-packages/airflow/example_dags/example_task_group.py
[2024-11-01T11:50:12.865+0900] {logging_mixin.py:190} INFO - [2024-11-01T11:50:12.865+0900] {dag.py:3239} INFO - Sync 1 DAGs
[2024-11-01T11:50:12.874+0900] {logging_mixin.py:190} INFO - [2024-11-01T11:50:12.874+0900] {dag.py:4180} INFO - Setting next_dagrun for example_task_group to None, run_after=None
[2024-11-01T11:50:12.896+0900] {processor.py:208} INFO - Processing /home/hamin081234/anaconda3/envs/airflow_env/lib/python3.11/site-packages/airflow/example_dags/example_task_group.py took 0.054 seconds
[2024-11-01T11:51:04.270+0900] {processor.py:186} INFO - Started process (PID=416214) to work on /home/hamin081234/anaconda3/envs/airflow_env/lib/python3.11/site-packages/airflow/example_dags/example_task_group.py
[2024-11-01T11:51:04.280+0900] {processor.py:914} INFO - Processing file /home/hamin081234/anaconda3/envs/airflow_env/lib/python3.11/site-packages/airflow/example_dags/example_task_group.py for tasks to queue
[2024-11-01T11:51:04.281+0900] {logging_mixin.py:190} INFO - [2024-11-01T11:51:04.281+0900] {dagbag.py:588} INFO - Filling up the DagBag from /home/hamin081234/anaconda3/envs/airflow_env/lib/python3.11/site-packages/airflow/example_dags/example_task_group.py
[2024-11-01T11:51:04.287+0900] {processor.py:925} INFO - DAG(s) 'example_task_group' retrieved from /home/hamin081234/anaconda3/envs/airflow_env/lib/python3.11/site-packages/airflow/example_dags/example_task_group.py
[2024-11-01T11:51:04.297+0900] {logging_mixin.py:190} INFO - [2024-11-01T11:51:04.297+0900] {dag.py:3239} INFO - Sync 1 DAGs
[2024-11-01T11:51:04.305+0900] {logging_mixin.py:190} INFO - [2024-11-01T11:51:04.305+0900] {dag.py:4180} INFO - Setting next_dagrun for example_task_group to None, run_after=None
[2024-11-01T11:51:04.324+0900] {processor.py:208} INFO - Processing /home/hamin081234/anaconda3/envs/airflow_env/lib/python3.11/site-packages/airflow/example_dags/example_task_group.py took 0.058 seconds
[2024-11-01T11:51:54.427+0900] {processor.py:186} INFO - Started process (PID=417430) to work on /home/hamin081234/anaconda3/envs/airflow_env/lib/python3.11/site-packages/airflow/example_dags/example_task_group.py
[2024-11-01T11:51:54.436+0900] {processor.py:914} INFO - Processing file /home/hamin081234/anaconda3/envs/airflow_env/lib/python3.11/site-packages/airflow/example_dags/example_task_group.py for tasks to queue
[2024-11-01T11:51:54.437+0900] {logging_mixin.py:190} INFO - [2024-11-01T11:51:54.437+0900] {dagbag.py:588} INFO - Filling up the DagBag from /home/hamin081234/anaconda3/envs/airflow_env/lib/python3.11/site-packages/airflow/example_dags/example_task_group.py
[2024-11-01T11:51:54.443+0900] {processor.py:925} INFO - DAG(s) 'example_task_group' retrieved from /home/hamin081234/anaconda3/envs/airflow_env/lib/python3.11/site-packages/airflow/example_dags/example_task_group.py
[2024-11-01T11:51:54.453+0900] {logging_mixin.py:190} INFO - [2024-11-01T11:51:54.453+0900] {dag.py:3239} INFO - Sync 1 DAGs
[2024-11-01T11:51:54.460+0900] {logging_mixin.py:190} INFO - [2024-11-01T11:51:54.460+0900] {dag.py:4180} INFO - Setting next_dagrun for example_task_group to None, run_after=None
[2024-11-01T11:51:54.478+0900] {processor.py:208} INFO - Processing /home/hamin081234/anaconda3/envs/airflow_env/lib/python3.11/site-packages/airflow/example_dags/example_task_group.py took 0.055 seconds
[2024-11-01T11:52:56.442+0900] {processor.py:186} INFO - Started process (PID=418733) to work on /home/hamin081234/anaconda3/envs/airflow_env/lib/python3.11/site-packages/airflow/example_dags/example_task_group.py
[2024-11-01T11:52:56.443+0900] {processor.py:914} INFO - Processing file /home/hamin081234/anaconda3/envs/airflow_env/lib/python3.11/site-packages/airflow/example_dags/example_task_group.py for tasks to queue
[2024-11-01T11:52:56.444+0900] {logging_mixin.py:190} INFO - [2024-11-01T11:52:56.444+0900] {dagbag.py:588} INFO - Filling up the DagBag from /home/hamin081234/anaconda3/envs/airflow_env/lib/python3.11/site-packages/airflow/example_dags/example_task_group.py
[2024-11-01T11:52:56.450+0900] {processor.py:925} INFO - DAG(s) 'example_task_group' retrieved from /home/hamin081234/anaconda3/envs/airflow_env/lib/python3.11/site-packages/airflow/example_dags/example_task_group.py
[2024-11-01T11:52:56.459+0900] {logging_mixin.py:190} INFO - [2024-11-01T11:52:56.459+0900] {dag.py:3239} INFO - Sync 1 DAGs
[2024-11-01T11:52:56.466+0900] {logging_mixin.py:190} INFO - [2024-11-01T11:52:56.466+0900] {dag.py:4180} INFO - Setting next_dagrun for example_task_group to None, run_after=None
[2024-11-01T11:52:56.484+0900] {processor.py:208} INFO - Processing /home/hamin081234/anaconda3/envs/airflow_env/lib/python3.11/site-packages/airflow/example_dags/example_task_group.py took 0.046 seconds
[2024-11-01T11:53:46.131+0900] {processor.py:186} INFO - Started process (PID=419934) to work on /home/hamin081234/anaconda3/envs/airflow_env/lib/python3.11/site-packages/airflow/example_dags/example_task_group.py
[2024-11-01T11:53:46.139+0900] {processor.py:914} INFO - Processing file /home/hamin081234/anaconda3/envs/airflow_env/lib/python3.11/site-packages/airflow/example_dags/example_task_group.py for tasks to queue
[2024-11-01T11:53:46.141+0900] {logging_mixin.py:190} INFO - [2024-11-01T11:53:46.140+0900] {dagbag.py:588} INFO - Filling up the DagBag from /home/hamin081234/anaconda3/envs/airflow_env/lib/python3.11/site-packages/airflow/example_dags/example_task_group.py
[2024-11-01T11:53:46.146+0900] {processor.py:925} INFO - DAG(s) 'example_task_group' retrieved from /home/hamin081234/anaconda3/envs/airflow_env/lib/python3.11/site-packages/airflow/example_dags/example_task_group.py
[2024-11-01T11:53:46.155+0900] {logging_mixin.py:190} INFO - [2024-11-01T11:53:46.155+0900] {dag.py:3239} INFO - Sync 1 DAGs
[2024-11-01T11:53:46.162+0900] {logging_mixin.py:190} INFO - [2024-11-01T11:53:46.162+0900] {dag.py:4180} INFO - Setting next_dagrun for example_task_group to None, run_after=None
[2024-11-01T11:53:46.180+0900] {processor.py:208} INFO - Processing /home/hamin081234/anaconda3/envs/airflow_env/lib/python3.11/site-packages/airflow/example_dags/example_task_group.py took 0.053 seconds
[2024-11-01T11:54:39.214+0900] {processor.py:186} INFO - Started process (PID=421238) to work on /home/hamin081234/anaconda3/envs/airflow_env/lib/python3.11/site-packages/airflow/example_dags/example_task_group.py
[2024-11-01T11:54:39.223+0900] {processor.py:914} INFO - Processing file /home/hamin081234/anaconda3/envs/airflow_env/lib/python3.11/site-packages/airflow/example_dags/example_task_group.py for tasks to queue
[2024-11-01T11:54:39.224+0900] {logging_mixin.py:190} INFO - [2024-11-01T11:54:39.224+0900] {dagbag.py:588} INFO - Filling up the DagBag from /home/hamin081234/anaconda3/envs/airflow_env/lib/python3.11/site-packages/airflow/example_dags/example_task_group.py
[2024-11-01T11:54:39.230+0900] {processor.py:925} INFO - DAG(s) 'example_task_group' retrieved from /home/hamin081234/anaconda3/envs/airflow_env/lib/python3.11/site-packages/airflow/example_dags/example_task_group.py
[2024-11-01T11:54:39.239+0900] {logging_mixin.py:190} INFO - [2024-11-01T11:54:39.239+0900] {dag.py:3239} INFO - Sync 1 DAGs
[2024-11-01T11:54:39.246+0900] {logging_mixin.py:190} INFO - [2024-11-01T11:54:39.246+0900] {dag.py:4180} INFO - Setting next_dagrun for example_task_group to None, run_after=None
[2024-11-01T11:54:39.263+0900] {processor.py:208} INFO - Processing /home/hamin081234/anaconda3/envs/airflow_env/lib/python3.11/site-packages/airflow/example_dags/example_task_group.py took 0.052 seconds
[2024-11-01T11:55:31.651+0900] {processor.py:186} INFO - Started process (PID=422303) to work on /home/hamin081234/anaconda3/envs/airflow_env/lib/python3.11/site-packages/airflow/example_dags/example_task_group.py
[2024-11-01T11:55:31.659+0900] {processor.py:914} INFO - Processing file /home/hamin081234/anaconda3/envs/airflow_env/lib/python3.11/site-packages/airflow/example_dags/example_task_group.py for tasks to queue
[2024-11-01T11:55:31.661+0900] {logging_mixin.py:190} INFO - [2024-11-01T11:55:31.661+0900] {dagbag.py:588} INFO - Filling up the DagBag from /home/hamin081234/anaconda3/envs/airflow_env/lib/python3.11/site-packages/airflow/example_dags/example_task_group.py
[2024-11-01T11:55:31.666+0900] {processor.py:925} INFO - DAG(s) 'example_task_group' retrieved from /home/hamin081234/anaconda3/envs/airflow_env/lib/python3.11/site-packages/airflow/example_dags/example_task_group.py
[2024-11-01T11:55:31.675+0900] {logging_mixin.py:190} INFO - [2024-11-01T11:55:31.675+0900] {dag.py:3239} INFO - Sync 1 DAGs
[2024-11-01T11:55:31.682+0900] {logging_mixin.py:190} INFO - [2024-11-01T11:55:31.681+0900] {dag.py:4180} INFO - Setting next_dagrun for example_task_group to None, run_after=None
[2024-11-01T11:55:31.699+0900] {processor.py:208} INFO - Processing /home/hamin081234/anaconda3/envs/airflow_env/lib/python3.11/site-packages/airflow/example_dags/example_task_group.py took 0.051 seconds
[2024-11-01T11:56:21.864+0900] {processor.py:186} INFO - Started process (PID=423509) to work on /home/hamin081234/anaconda3/envs/airflow_env/lib/python3.11/site-packages/airflow/example_dags/example_task_group.py
[2024-11-01T11:56:21.865+0900] {processor.py:914} INFO - Processing file /home/hamin081234/anaconda3/envs/airflow_env/lib/python3.11/site-packages/airflow/example_dags/example_task_group.py for tasks to queue
[2024-11-01T11:56:21.866+0900] {logging_mixin.py:190} INFO - [2024-11-01T11:56:21.866+0900] {dagbag.py:588} INFO - Filling up the DagBag from /home/hamin081234/anaconda3/envs/airflow_env/lib/python3.11/site-packages/airflow/example_dags/example_task_group.py
[2024-11-01T11:56:21.872+0900] {processor.py:925} INFO - DAG(s) 'example_task_group' retrieved from /home/hamin081234/anaconda3/envs/airflow_env/lib/python3.11/site-packages/airflow/example_dags/example_task_group.py
[2024-11-01T11:56:21.881+0900] {logging_mixin.py:190} INFO - [2024-11-01T11:56:21.881+0900] {dag.py:3239} INFO - Sync 1 DAGs
[2024-11-01T11:56:21.887+0900] {logging_mixin.py:190} INFO - [2024-11-01T11:56:21.887+0900] {dag.py:4180} INFO - Setting next_dagrun for example_task_group to None, run_after=None
[2024-11-01T11:56:21.906+0900] {processor.py:208} INFO - Processing /home/hamin081234/anaconda3/envs/airflow_env/lib/python3.11/site-packages/airflow/example_dags/example_task_group.py took 0.045 seconds
[2024-11-01T11:57:13.282+0900] {processor.py:186} INFO - Started process (PID=424763) to work on /home/hamin081234/anaconda3/envs/airflow_env/lib/python3.11/site-packages/airflow/example_dags/example_task_group.py
[2024-11-01T11:57:13.291+0900] {processor.py:914} INFO - Processing file /home/hamin081234/anaconda3/envs/airflow_env/lib/python3.11/site-packages/airflow/example_dags/example_task_group.py for tasks to queue
[2024-11-01T11:57:13.292+0900] {logging_mixin.py:190} INFO - [2024-11-01T11:57:13.292+0900] {dagbag.py:588} INFO - Filling up the DagBag from /home/hamin081234/anaconda3/envs/airflow_env/lib/python3.11/site-packages/airflow/example_dags/example_task_group.py
[2024-11-01T11:57:13.298+0900] {processor.py:925} INFO - DAG(s) 'example_task_group' retrieved from /home/hamin081234/anaconda3/envs/airflow_env/lib/python3.11/site-packages/airflow/example_dags/example_task_group.py
[2024-11-01T11:57:13.308+0900] {logging_mixin.py:190} INFO - [2024-11-01T11:57:13.308+0900] {dag.py:3239} INFO - Sync 1 DAGs
[2024-11-01T11:57:13.315+0900] {logging_mixin.py:190} INFO - [2024-11-01T11:57:13.315+0900] {dag.py:4180} INFO - Setting next_dagrun for example_task_group to None, run_after=None
[2024-11-01T11:57:13.333+0900] {processor.py:208} INFO - Processing /home/hamin081234/anaconda3/envs/airflow_env/lib/python3.11/site-packages/airflow/example_dags/example_task_group.py took 0.055 seconds
