[2024-11-01T11:49:17.891+0900] {processor.py:186} INFO - Started process (PID=413804) to work on /home/hamin081234/anaconda3/envs/airflow_env/lib/python3.11/site-packages/airflow/example_dags/tutorial_taskflow_api.py
[2024-11-01T11:49:17.892+0900] {processor.py:914} INFO - Processing file /home/hamin081234/anaconda3/envs/airflow_env/lib/python3.11/site-packages/airflow/example_dags/tutorial_taskflow_api.py for tasks to queue
[2024-11-01T11:49:17.893+0900] {logging_mixin.py:190} INFO - [2024-11-01T11:49:17.893+0900] {dagbag.py:588} INFO - Filling up the DagBag from /home/hamin081234/anaconda3/envs/airflow_env/lib/python3.11/site-packages/airflow/example_dags/tutorial_taskflow_api.py
[2024-11-01T11:49:17.899+0900] {processor.py:925} INFO - DAG(s) 'tutorial_taskflow_api' retrieved from /home/hamin081234/anaconda3/envs/airflow_env/lib/python3.11/site-packages/airflow/example_dags/tutorial_taskflow_api.py
[2024-11-01T11:49:17.971+0900] {logging_mixin.py:190} INFO - [2024-11-01T11:49:17.970+0900] {override.py:1900} INFO - Created Permission View: can delete on DAG:tutorial_taskflow_api
[2024-11-01T11:49:17.983+0900] {logging_mixin.py:190} INFO - [2024-11-01T11:49:17.982+0900] {override.py:1900} INFO - Created Permission View: can edit on DAG:tutorial_taskflow_api
[2024-11-01T11:49:17.993+0900] {logging_mixin.py:190} INFO - [2024-11-01T11:49:17.992+0900] {override.py:1900} INFO - Created Permission View: can read on DAG:tutorial_taskflow_api
[2024-11-01T11:49:18.013+0900] {logging_mixin.py:190} INFO - [2024-11-01T11:49:18.012+0900] {override.py:1900} INFO - Created Permission View: menu access on DAG Run:tutorial_taskflow_api
[2024-11-01T11:49:18.023+0900] {logging_mixin.py:190} INFO - [2024-11-01T11:49:18.022+0900] {override.py:1900} INFO - Created Permission View: can delete on DAG Run:tutorial_taskflow_api
[2024-11-01T11:49:18.033+0900] {logging_mixin.py:190} INFO - [2024-11-01T11:49:18.033+0900] {override.py:1900} INFO - Created Permission View: can create on DAG Run:tutorial_taskflow_api
[2024-11-01T11:49:18.045+0900] {logging_mixin.py:190} INFO - [2024-11-01T11:49:18.044+0900] {override.py:1900} INFO - Created Permission View: can read on DAG Run:tutorial_taskflow_api
[2024-11-01T11:49:18.045+0900] {logging_mixin.py:190} INFO - [2024-11-01T11:49:18.045+0900] {dag.py:3239} INFO - Sync 1 DAGs
[2024-11-01T11:49:18.051+0900] {logging_mixin.py:190} INFO - [2024-11-01T11:49:18.051+0900] {dag.py:3262} INFO - Creating ORM DAG for tutorial_taskflow_api
[2024-11-01T11:49:18.051+0900] {logging_mixin.py:190} INFO - [2024-11-01T11:49:18.051+0900] {dag.py:4180} INFO - Setting next_dagrun for tutorial_taskflow_api to None, run_after=None
[2024-11-01T11:49:18.069+0900] {processor.py:208} INFO - Processing /home/hamin081234/anaconda3/envs/airflow_env/lib/python3.11/site-packages/airflow/example_dags/tutorial_taskflow_api.py took 0.181 seconds
[2024-11-01T11:50:17.986+0900] {processor.py:186} INFO - Started process (PID=415059) to work on /home/hamin081234/anaconda3/envs/airflow_env/lib/python3.11/site-packages/airflow/example_dags/tutorial_taskflow_api.py
[2024-11-01T11:50:17.987+0900] {processor.py:914} INFO - Processing file /home/hamin081234/anaconda3/envs/airflow_env/lib/python3.11/site-packages/airflow/example_dags/tutorial_taskflow_api.py for tasks to queue
[2024-11-01T11:50:17.988+0900] {logging_mixin.py:190} INFO - [2024-11-01T11:50:17.988+0900] {dagbag.py:588} INFO - Filling up the DagBag from /home/hamin081234/anaconda3/envs/airflow_env/lib/python3.11/site-packages/airflow/example_dags/tutorial_taskflow_api.py
[2024-11-01T11:50:17.994+0900] {processor.py:925} INFO - DAG(s) 'tutorial_taskflow_api' retrieved from /home/hamin081234/anaconda3/envs/airflow_env/lib/python3.11/site-packages/airflow/example_dags/tutorial_taskflow_api.py
[2024-11-01T11:50:18.004+0900] {logging_mixin.py:190} INFO - [2024-11-01T11:50:18.003+0900] {dag.py:3239} INFO - Sync 1 DAGs
[2024-11-01T11:50:18.011+0900] {logging_mixin.py:190} INFO - [2024-11-01T11:50:18.011+0900] {dag.py:4180} INFO - Setting next_dagrun for tutorial_taskflow_api to None, run_after=None
[2024-11-01T11:50:18.030+0900] {processor.py:208} INFO - Processing /home/hamin081234/anaconda3/envs/airflow_env/lib/python3.11/site-packages/airflow/example_dags/tutorial_taskflow_api.py took 0.048 seconds
[2024-11-01T11:51:10.533+0900] {processor.py:186} INFO - Started process (PID=416276) to work on /home/hamin081234/anaconda3/envs/airflow_env/lib/python3.11/site-packages/airflow/example_dags/tutorial_taskflow_api.py
[2024-11-01T11:51:10.536+0900] {processor.py:914} INFO - Processing file /home/hamin081234/anaconda3/envs/airflow_env/lib/python3.11/site-packages/airflow/example_dags/tutorial_taskflow_api.py for tasks to queue
[2024-11-01T11:51:10.537+0900] {logging_mixin.py:190} INFO - [2024-11-01T11:51:10.537+0900] {dagbag.py:588} INFO - Filling up the DagBag from /home/hamin081234/anaconda3/envs/airflow_env/lib/python3.11/site-packages/airflow/example_dags/tutorial_taskflow_api.py
[2024-11-01T11:51:10.545+0900] {processor.py:925} INFO - DAG(s) 'tutorial_taskflow_api' retrieved from /home/hamin081234/anaconda3/envs/airflow_env/lib/python3.11/site-packages/airflow/example_dags/tutorial_taskflow_api.py
[2024-11-01T11:51:10.557+0900] {logging_mixin.py:190} INFO - [2024-11-01T11:51:10.557+0900] {dag.py:3239} INFO - Sync 1 DAGs
[2024-11-01T11:51:10.566+0900] {logging_mixin.py:190} INFO - [2024-11-01T11:51:10.566+0900] {dag.py:4180} INFO - Setting next_dagrun for tutorial_taskflow_api to None, run_after=None
[2024-11-01T11:51:10.588+0900] {processor.py:208} INFO - Processing /home/hamin081234/anaconda3/envs/airflow_env/lib/python3.11/site-packages/airflow/example_dags/tutorial_taskflow_api.py took 0.059 seconds
[2024-11-01T11:52:00.230+0900] {processor.py:186} INFO - Started process (PID=417537) to work on /home/hamin081234/anaconda3/envs/airflow_env/lib/python3.11/site-packages/airflow/example_dags/tutorial_taskflow_api.py
[2024-11-01T11:52:00.238+0900] {processor.py:914} INFO - Processing file /home/hamin081234/anaconda3/envs/airflow_env/lib/python3.11/site-packages/airflow/example_dags/tutorial_taskflow_api.py for tasks to queue
[2024-11-01T11:52:00.240+0900] {logging_mixin.py:190} INFO - [2024-11-01T11:52:00.240+0900] {dagbag.py:588} INFO - Filling up the DagBag from /home/hamin081234/anaconda3/envs/airflow_env/lib/python3.11/site-packages/airflow/example_dags/tutorial_taskflow_api.py
[2024-11-01T11:52:00.247+0900] {processor.py:925} INFO - DAG(s) 'tutorial_taskflow_api' retrieved from /home/hamin081234/anaconda3/envs/airflow_env/lib/python3.11/site-packages/airflow/example_dags/tutorial_taskflow_api.py
[2024-11-01T11:52:00.257+0900] {logging_mixin.py:190} INFO - [2024-11-01T11:52:00.257+0900] {dag.py:3239} INFO - Sync 1 DAGs
[2024-11-01T11:52:00.264+0900] {logging_mixin.py:190} INFO - [2024-11-01T11:52:00.264+0900] {dag.py:4180} INFO - Setting next_dagrun for tutorial_taskflow_api to None, run_after=None
[2024-11-01T11:52:00.282+0900] {processor.py:208} INFO - Processing /home/hamin081234/anaconda3/envs/airflow_env/lib/python3.11/site-packages/airflow/example_dags/tutorial_taskflow_api.py took 0.057 seconds
[2024-11-01T11:53:00.770+0900] {processor.py:186} INFO - Started process (PID=418799) to work on /home/hamin081234/anaconda3/envs/airflow_env/lib/python3.11/site-packages/airflow/example_dags/tutorial_taskflow_api.py
[2024-11-01T11:53:00.794+0900] {processor.py:914} INFO - Processing file /home/hamin081234/anaconda3/envs/airflow_env/lib/python3.11/site-packages/airflow/example_dags/tutorial_taskflow_api.py for tasks to queue
[2024-11-01T11:53:00.796+0900] {logging_mixin.py:190} INFO - [2024-11-01T11:53:00.796+0900] {dagbag.py:588} INFO - Filling up the DagBag from /home/hamin081234/anaconda3/envs/airflow_env/lib/python3.11/site-packages/airflow/example_dags/tutorial_taskflow_api.py
[2024-11-01T11:53:00.801+0900] {processor.py:925} INFO - DAG(s) 'tutorial_taskflow_api' retrieved from /home/hamin081234/anaconda3/envs/airflow_env/lib/python3.11/site-packages/airflow/example_dags/tutorial_taskflow_api.py
[2024-11-01T11:53:00.810+0900] {logging_mixin.py:190} INFO - [2024-11-01T11:53:00.810+0900] {dag.py:3239} INFO - Sync 1 DAGs
[2024-11-01T11:53:00.817+0900] {logging_mixin.py:190} INFO - [2024-11-01T11:53:00.817+0900] {dag.py:4180} INFO - Setting next_dagrun for tutorial_taskflow_api to None, run_after=None
[2024-11-01T11:53:00.835+0900] {processor.py:208} INFO - Processing /home/hamin081234/anaconda3/envs/airflow_env/lib/python3.11/site-packages/airflow/example_dags/tutorial_taskflow_api.py took 0.068 seconds
[2024-11-01T11:53:52.921+0900] {processor.py:186} INFO - Started process (PID=419994) to work on /home/hamin081234/anaconda3/envs/airflow_env/lib/python3.11/site-packages/airflow/example_dags/tutorial_taskflow_api.py
[2024-11-01T11:53:52.929+0900] {processor.py:914} INFO - Processing file /home/hamin081234/anaconda3/envs/airflow_env/lib/python3.11/site-packages/airflow/example_dags/tutorial_taskflow_api.py for tasks to queue
[2024-11-01T11:53:52.931+0900] {logging_mixin.py:190} INFO - [2024-11-01T11:53:52.931+0900] {dagbag.py:588} INFO - Filling up the DagBag from /home/hamin081234/anaconda3/envs/airflow_env/lib/python3.11/site-packages/airflow/example_dags/tutorial_taskflow_api.py
[2024-11-01T11:53:52.937+0900] {processor.py:925} INFO - DAG(s) 'tutorial_taskflow_api' retrieved from /home/hamin081234/anaconda3/envs/airflow_env/lib/python3.11/site-packages/airflow/example_dags/tutorial_taskflow_api.py
[2024-11-01T11:53:52.945+0900] {logging_mixin.py:190} INFO - [2024-11-01T11:53:52.945+0900] {dag.py:3239} INFO - Sync 1 DAGs
[2024-11-01T11:53:52.952+0900] {logging_mixin.py:190} INFO - [2024-11-01T11:53:52.952+0900] {dag.py:4180} INFO - Setting next_dagrun for tutorial_taskflow_api to None, run_after=None
[2024-11-01T11:53:52.970+0900] {processor.py:208} INFO - Processing /home/hamin081234/anaconda3/envs/airflow_env/lib/python3.11/site-packages/airflow/example_dags/tutorial_taskflow_api.py took 0.053 seconds
[2024-11-01T11:54:45.159+0900] {processor.py:186} INFO - Started process (PID=421351) to work on /home/hamin081234/anaconda3/envs/airflow_env/lib/python3.11/site-packages/airflow/example_dags/tutorial_taskflow_api.py
[2024-11-01T11:54:45.167+0900] {processor.py:914} INFO - Processing file /home/hamin081234/anaconda3/envs/airflow_env/lib/python3.11/site-packages/airflow/example_dags/tutorial_taskflow_api.py for tasks to queue
[2024-11-01T11:54:45.169+0900] {logging_mixin.py:190} INFO - [2024-11-01T11:54:45.168+0900] {dagbag.py:588} INFO - Filling up the DagBag from /home/hamin081234/anaconda3/envs/airflow_env/lib/python3.11/site-packages/airflow/example_dags/tutorial_taskflow_api.py
[2024-11-01T11:54:45.174+0900] {processor.py:925} INFO - DAG(s) 'tutorial_taskflow_api' retrieved from /home/hamin081234/anaconda3/envs/airflow_env/lib/python3.11/site-packages/airflow/example_dags/tutorial_taskflow_api.py
[2024-11-01T11:54:45.184+0900] {logging_mixin.py:190} INFO - [2024-11-01T11:54:45.183+0900] {dag.py:3239} INFO - Sync 1 DAGs
[2024-11-01T11:54:45.192+0900] {logging_mixin.py:190} INFO - [2024-11-01T11:54:45.191+0900] {dag.py:4180} INFO - Setting next_dagrun for tutorial_taskflow_api to None, run_after=None
[2024-11-01T11:54:45.210+0900] {processor.py:208} INFO - Processing /home/hamin081234/anaconda3/envs/airflow_env/lib/python3.11/site-packages/airflow/example_dags/tutorial_taskflow_api.py took 0.055 seconds
[2024-11-01T11:55:35.817+0900] {processor.py:186} INFO - Started process (PID=422368) to work on /home/hamin081234/anaconda3/envs/airflow_env/lib/python3.11/site-packages/airflow/example_dags/tutorial_taskflow_api.py
[2024-11-01T11:55:35.825+0900] {processor.py:914} INFO - Processing file /home/hamin081234/anaconda3/envs/airflow_env/lib/python3.11/site-packages/airflow/example_dags/tutorial_taskflow_api.py for tasks to queue
[2024-11-01T11:55:35.826+0900] {logging_mixin.py:190} INFO - [2024-11-01T11:55:35.826+0900] {dagbag.py:588} INFO - Filling up the DagBag from /home/hamin081234/anaconda3/envs/airflow_env/lib/python3.11/site-packages/airflow/example_dags/tutorial_taskflow_api.py
[2024-11-01T11:55:35.831+0900] {processor.py:925} INFO - DAG(s) 'tutorial_taskflow_api' retrieved from /home/hamin081234/anaconda3/envs/airflow_env/lib/python3.11/site-packages/airflow/example_dags/tutorial_taskflow_api.py
[2024-11-01T11:55:35.840+0900] {logging_mixin.py:190} INFO - [2024-11-01T11:55:35.840+0900] {dag.py:3239} INFO - Sync 1 DAGs
[2024-11-01T11:55:35.847+0900] {logging_mixin.py:190} INFO - [2024-11-01T11:55:35.847+0900] {dag.py:4180} INFO - Setting next_dagrun for tutorial_taskflow_api to None, run_after=None
[2024-11-01T11:55:35.866+0900] {processor.py:208} INFO - Processing /home/hamin081234/anaconda3/envs/airflow_env/lib/python3.11/site-packages/airflow/example_dags/tutorial_taskflow_api.py took 0.052 seconds
[2024-11-01T11:56:27.603+0900] {processor.py:186} INFO - Started process (PID=423565) to work on /home/hamin081234/anaconda3/envs/airflow_env/lib/python3.11/site-packages/airflow/example_dags/tutorial_taskflow_api.py
[2024-11-01T11:56:27.611+0900] {processor.py:914} INFO - Processing file /home/hamin081234/anaconda3/envs/airflow_env/lib/python3.11/site-packages/airflow/example_dags/tutorial_taskflow_api.py for tasks to queue
[2024-11-01T11:56:27.613+0900] {logging_mixin.py:190} INFO - [2024-11-01T11:56:27.613+0900] {dagbag.py:588} INFO - Filling up the DagBag from /home/hamin081234/anaconda3/envs/airflow_env/lib/python3.11/site-packages/airflow/example_dags/tutorial_taskflow_api.py
[2024-11-01T11:56:27.618+0900] {processor.py:925} INFO - DAG(s) 'tutorial_taskflow_api' retrieved from /home/hamin081234/anaconda3/envs/airflow_env/lib/python3.11/site-packages/airflow/example_dags/tutorial_taskflow_api.py
[2024-11-01T11:56:27.626+0900] {logging_mixin.py:190} INFO - [2024-11-01T11:56:27.626+0900] {dag.py:3239} INFO - Sync 1 DAGs
[2024-11-01T11:56:27.632+0900] {logging_mixin.py:190} INFO - [2024-11-01T11:56:27.632+0900] {dag.py:4180} INFO - Setting next_dagrun for tutorial_taskflow_api to None, run_after=None
[2024-11-01T11:56:27.650+0900] {processor.py:208} INFO - Processing /home/hamin081234/anaconda3/envs/airflow_env/lib/python3.11/site-packages/airflow/example_dags/tutorial_taskflow_api.py took 0.052 seconds
[2024-11-01T11:57:19.008+0900] {processor.py:186} INFO - Started process (PID=424888) to work on /home/hamin081234/anaconda3/envs/airflow_env/lib/python3.11/site-packages/airflow/example_dags/tutorial_taskflow_api.py
[2024-11-01T11:57:19.009+0900] {processor.py:914} INFO - Processing file /home/hamin081234/anaconda3/envs/airflow_env/lib/python3.11/site-packages/airflow/example_dags/tutorial_taskflow_api.py for tasks to queue
[2024-11-01T11:57:19.010+0900] {logging_mixin.py:190} INFO - [2024-11-01T11:57:19.010+0900] {dagbag.py:588} INFO - Filling up the DagBag from /home/hamin081234/anaconda3/envs/airflow_env/lib/python3.11/site-packages/airflow/example_dags/tutorial_taskflow_api.py
[2024-11-01T11:57:19.016+0900] {processor.py:925} INFO - DAG(s) 'tutorial_taskflow_api' retrieved from /home/hamin081234/anaconda3/envs/airflow_env/lib/python3.11/site-packages/airflow/example_dags/tutorial_taskflow_api.py
[2024-11-01T11:57:19.027+0900] {logging_mixin.py:190} INFO - [2024-11-01T11:57:19.027+0900] {dag.py:3239} INFO - Sync 1 DAGs
[2024-11-01T11:57:19.034+0900] {logging_mixin.py:190} INFO - [2024-11-01T11:57:19.034+0900] {dag.py:4180} INFO - Setting next_dagrun for tutorial_taskflow_api to None, run_after=None
[2024-11-01T11:57:19.051+0900] {processor.py:208} INFO - Processing /home/hamin081234/anaconda3/envs/airflow_env/lib/python3.11/site-packages/airflow/example_dags/tutorial_taskflow_api.py took 0.047 seconds
