[2024-11-01T11:49:02.293+0900] {processor.py:186} INFO - Started process (PID=413274) to work on /home/hamin081234/anaconda3/envs/airflow_env/lib/python3.11/site-packages/airflow/example_dags/tutorial_taskflow_api_virtualenv.py
[2024-11-01T11:49:02.294+0900] {processor.py:914} INFO - Processing file /home/hamin081234/anaconda3/envs/airflow_env/lib/python3.11/site-packages/airflow/example_dags/tutorial_taskflow_api_virtualenv.py for tasks to queue
[2024-11-01T11:49:02.295+0900] {logging_mixin.py:190} INFO - [2024-11-01T11:49:02.295+0900] {dagbag.py:588} INFO - Filling up the DagBag from /home/hamin081234/anaconda3/envs/airflow_env/lib/python3.11/site-packages/airflow/example_dags/tutorial_taskflow_api_virtualenv.py
[2024-11-01T11:49:02.302+0900] {processor.py:925} INFO - DAG(s) 'tutorial_taskflow_api_virtualenv' retrieved from /home/hamin081234/anaconda3/envs/airflow_env/lib/python3.11/site-packages/airflow/example_dags/tutorial_taskflow_api_virtualenv.py
[2024-11-01T11:49:02.370+0900] {logging_mixin.py:190} INFO - [2024-11-01T11:49:02.369+0900] {override.py:1900} INFO - Created Permission View: can delete on DAG:tutorial_taskflow_api_virtualenv
[2024-11-01T11:49:02.381+0900] {logging_mixin.py:190} INFO - [2024-11-01T11:49:02.381+0900] {override.py:1900} INFO - Created Permission View: can edit on DAG:tutorial_taskflow_api_virtualenv
[2024-11-01T11:49:02.391+0900] {logging_mixin.py:190} INFO - [2024-11-01T11:49:02.391+0900] {override.py:1900} INFO - Created Permission View: can read on DAG:tutorial_taskflow_api_virtualenv
[2024-11-01T11:49:02.411+0900] {logging_mixin.py:190} INFO - [2024-11-01T11:49:02.411+0900] {override.py:1900} INFO - Created Permission View: menu access on DAG Run:tutorial_taskflow_api_virtualenv
[2024-11-01T11:49:02.421+0900] {logging_mixin.py:190} INFO - [2024-11-01T11:49:02.421+0900] {override.py:1900} INFO - Created Permission View: can delete on DAG Run:tutorial_taskflow_api_virtualenv
[2024-11-01T11:49:02.431+0900] {logging_mixin.py:190} INFO - [2024-11-01T11:49:02.431+0900] {override.py:1900} INFO - Created Permission View: can create on DAG Run:tutorial_taskflow_api_virtualenv
[2024-11-01T11:49:02.444+0900] {logging_mixin.py:190} INFO - [2024-11-01T11:49:02.443+0900] {override.py:1900} INFO - Created Permission View: can read on DAG Run:tutorial_taskflow_api_virtualenv
[2024-11-01T11:49:02.444+0900] {logging_mixin.py:190} INFO - [2024-11-01T11:49:02.444+0900] {dag.py:3239} INFO - Sync 1 DAGs
[2024-11-01T11:49:02.450+0900] {logging_mixin.py:190} INFO - [2024-11-01T11:49:02.450+0900] {dag.py:3262} INFO - Creating ORM DAG for tutorial_taskflow_api_virtualenv
[2024-11-01T11:49:02.450+0900] {logging_mixin.py:190} INFO - [2024-11-01T11:49:02.450+0900] {dag.py:4180} INFO - Setting next_dagrun for tutorial_taskflow_api_virtualenv to None, run_after=None
[2024-11-01T11:49:02.467+0900] {processor.py:208} INFO - Processing /home/hamin081234/anaconda3/envs/airflow_env/lib/python3.11/site-packages/airflow/example_dags/tutorial_taskflow_api_virtualenv.py took 0.177 seconds
[2024-11-01T11:50:05.950+0900] {processor.py:186} INFO - Started process (PID=414688) to work on /home/hamin081234/anaconda3/envs/airflow_env/lib/python3.11/site-packages/airflow/example_dags/tutorial_taskflow_api_virtualenv.py
[2024-11-01T11:50:05.951+0900] {processor.py:914} INFO - Processing file /home/hamin081234/anaconda3/envs/airflow_env/lib/python3.11/site-packages/airflow/example_dags/tutorial_taskflow_api_virtualenv.py for tasks to queue
[2024-11-01T11:50:05.953+0900] {logging_mixin.py:190} INFO - [2024-11-01T11:50:05.953+0900] {dagbag.py:588} INFO - Filling up the DagBag from /home/hamin081234/anaconda3/envs/airflow_env/lib/python3.11/site-packages/airflow/example_dags/tutorial_taskflow_api_virtualenv.py
[2024-11-01T11:50:05.964+0900] {processor.py:925} INFO - DAG(s) 'tutorial_taskflow_api_virtualenv' retrieved from /home/hamin081234/anaconda3/envs/airflow_env/lib/python3.11/site-packages/airflow/example_dags/tutorial_taskflow_api_virtualenv.py
[2024-11-01T11:50:05.976+0900] {logging_mixin.py:190} INFO - [2024-11-01T11:50:05.975+0900] {dag.py:3239} INFO - Sync 1 DAGs
[2024-11-01T11:50:05.991+0900] {logging_mixin.py:190} INFO - [2024-11-01T11:50:05.991+0900] {dag.py:4180} INFO - Setting next_dagrun for tutorial_taskflow_api_virtualenv to None, run_after=None
[2024-11-01T11:50:06.017+0900] {processor.py:208} INFO - Processing /home/hamin081234/anaconda3/envs/airflow_env/lib/python3.11/site-packages/airflow/example_dags/tutorial_taskflow_api_virtualenv.py took 0.073 seconds
[2024-11-01T11:50:58.413+0900] {processor.py:186} INFO - Started process (PID=416079) to work on /home/hamin081234/anaconda3/envs/airflow_env/lib/python3.11/site-packages/airflow/example_dags/tutorial_taskflow_api_virtualenv.py
[2024-11-01T11:50:58.422+0900] {processor.py:914} INFO - Processing file /home/hamin081234/anaconda3/envs/airflow_env/lib/python3.11/site-packages/airflow/example_dags/tutorial_taskflow_api_virtualenv.py for tasks to queue
[2024-11-01T11:50:58.424+0900] {logging_mixin.py:190} INFO - [2024-11-01T11:50:58.424+0900] {dagbag.py:588} INFO - Filling up the DagBag from /home/hamin081234/anaconda3/envs/airflow_env/lib/python3.11/site-packages/airflow/example_dags/tutorial_taskflow_api_virtualenv.py
[2024-11-01T11:50:58.433+0900] {processor.py:925} INFO - DAG(s) 'tutorial_taskflow_api_virtualenv' retrieved from /home/hamin081234/anaconda3/envs/airflow_env/lib/python3.11/site-packages/airflow/example_dags/tutorial_taskflow_api_virtualenv.py
[2024-11-01T11:50:58.445+0900] {logging_mixin.py:190} INFO - [2024-11-01T11:50:58.445+0900] {dag.py:3239} INFO - Sync 1 DAGs
[2024-11-01T11:50:58.457+0900] {logging_mixin.py:190} INFO - [2024-11-01T11:50:58.457+0900] {dag.py:4180} INFO - Setting next_dagrun for tutorial_taskflow_api_virtualenv to None, run_after=None
[2024-11-01T11:50:58.481+0900] {processor.py:208} INFO - Processing /home/hamin081234/anaconda3/envs/airflow_env/lib/python3.11/site-packages/airflow/example_dags/tutorial_taskflow_api_virtualenv.py took 0.073 seconds
[2024-11-01T11:51:47.360+0900] {processor.py:186} INFO - Started process (PID=417056) to work on /home/hamin081234/anaconda3/envs/airflow_env/lib/python3.11/site-packages/airflow/example_dags/tutorial_taskflow_api_virtualenv.py
[2024-11-01T11:51:47.361+0900] {processor.py:914} INFO - Processing file /home/hamin081234/anaconda3/envs/airflow_env/lib/python3.11/site-packages/airflow/example_dags/tutorial_taskflow_api_virtualenv.py for tasks to queue
[2024-11-01T11:51:47.363+0900] {logging_mixin.py:190} INFO - [2024-11-01T11:51:47.363+0900] {dagbag.py:588} INFO - Filling up the DagBag from /home/hamin081234/anaconda3/envs/airflow_env/lib/python3.11/site-packages/airflow/example_dags/tutorial_taskflow_api_virtualenv.py
[2024-11-01T11:51:47.371+0900] {processor.py:925} INFO - DAG(s) 'tutorial_taskflow_api_virtualenv' retrieved from /home/hamin081234/anaconda3/envs/airflow_env/lib/python3.11/site-packages/airflow/example_dags/tutorial_taskflow_api_virtualenv.py
[2024-11-01T11:51:47.381+0900] {logging_mixin.py:190} INFO - [2024-11-01T11:51:47.380+0900] {dag.py:3239} INFO - Sync 1 DAGs
[2024-11-01T11:51:47.388+0900] {logging_mixin.py:190} INFO - [2024-11-01T11:51:47.387+0900] {dag.py:4180} INFO - Setting next_dagrun for tutorial_taskflow_api_virtualenv to None, run_after=None
[2024-11-01T11:51:47.404+0900] {processor.py:208} INFO - Processing /home/hamin081234/anaconda3/envs/airflow_env/lib/python3.11/site-packages/airflow/example_dags/tutorial_taskflow_api_virtualenv.py took 0.048 seconds
[2024-11-01T11:52:50.177+0900] {processor.py:186} INFO - Started process (PID=418471) to work on /home/hamin081234/anaconda3/envs/airflow_env/lib/python3.11/site-packages/airflow/example_dags/tutorial_taskflow_api_virtualenv.py
[2024-11-01T11:52:50.185+0900] {processor.py:914} INFO - Processing file /home/hamin081234/anaconda3/envs/airflow_env/lib/python3.11/site-packages/airflow/example_dags/tutorial_taskflow_api_virtualenv.py for tasks to queue
[2024-11-01T11:52:50.188+0900] {logging_mixin.py:190} INFO - [2024-11-01T11:52:50.188+0900] {dagbag.py:588} INFO - Filling up the DagBag from /home/hamin081234/anaconda3/envs/airflow_env/lib/python3.11/site-packages/airflow/example_dags/tutorial_taskflow_api_virtualenv.py
[2024-11-01T11:52:50.198+0900] {processor.py:925} INFO - DAG(s) 'tutorial_taskflow_api_virtualenv' retrieved from /home/hamin081234/anaconda3/envs/airflow_env/lib/python3.11/site-packages/airflow/example_dags/tutorial_taskflow_api_virtualenv.py
[2024-11-01T11:52:50.207+0900] {logging_mixin.py:190} INFO - [2024-11-01T11:52:50.206+0900] {dag.py:3239} INFO - Sync 1 DAGs
[2024-11-01T11:52:50.213+0900] {logging_mixin.py:190} INFO - [2024-11-01T11:52:50.213+0900] {dag.py:4180} INFO - Setting next_dagrun for tutorial_taskflow_api_virtualenv to None, run_after=None
[2024-11-01T11:52:50.229+0900] {processor.py:208} INFO - Processing /home/hamin081234/anaconda3/envs/airflow_env/lib/python3.11/site-packages/airflow/example_dags/tutorial_taskflow_api_virtualenv.py took 0.057 seconds
[2024-11-01T11:53:39.352+0900] {processor.py:186} INFO - Started process (PID=419811) to work on /home/hamin081234/anaconda3/envs/airflow_env/lib/python3.11/site-packages/airflow/example_dags/tutorial_taskflow_api_virtualenv.py
[2024-11-01T11:53:39.353+0900] {processor.py:914} INFO - Processing file /home/hamin081234/anaconda3/envs/airflow_env/lib/python3.11/site-packages/airflow/example_dags/tutorial_taskflow_api_virtualenv.py for tasks to queue
[2024-11-01T11:53:39.355+0900] {logging_mixin.py:190} INFO - [2024-11-01T11:53:39.354+0900] {dagbag.py:588} INFO - Filling up the DagBag from /home/hamin081234/anaconda3/envs/airflow_env/lib/python3.11/site-packages/airflow/example_dags/tutorial_taskflow_api_virtualenv.py
[2024-11-01T11:53:39.362+0900] {processor.py:925} INFO - DAG(s) 'tutorial_taskflow_api_virtualenv' retrieved from /home/hamin081234/anaconda3/envs/airflow_env/lib/python3.11/site-packages/airflow/example_dags/tutorial_taskflow_api_virtualenv.py
[2024-11-01T11:53:39.370+0900] {logging_mixin.py:190} INFO - [2024-11-01T11:53:39.370+0900] {dag.py:3239} INFO - Sync 1 DAGs
[2024-11-01T11:53:39.377+0900] {logging_mixin.py:190} INFO - [2024-11-01T11:53:39.377+0900] {dag.py:4180} INFO - Setting next_dagrun for tutorial_taskflow_api_virtualenv to None, run_after=None
[2024-11-01T11:53:39.393+0900] {processor.py:208} INFO - Processing /home/hamin081234/anaconda3/envs/airflow_env/lib/python3.11/site-packages/airflow/example_dags/tutorial_taskflow_api_virtualenv.py took 0.044 seconds
[2024-11-01T11:54:32.627+0900] {processor.py:186} INFO - Started process (PID=421056) to work on /home/hamin081234/anaconda3/envs/airflow_env/lib/python3.11/site-packages/airflow/example_dags/tutorial_taskflow_api_virtualenv.py
[2024-11-01T11:54:32.636+0900] {processor.py:914} INFO - Processing file /home/hamin081234/anaconda3/envs/airflow_env/lib/python3.11/site-packages/airflow/example_dags/tutorial_taskflow_api_virtualenv.py for tasks to queue
[2024-11-01T11:54:32.637+0900] {logging_mixin.py:190} INFO - [2024-11-01T11:54:32.637+0900] {dagbag.py:588} INFO - Filling up the DagBag from /home/hamin081234/anaconda3/envs/airflow_env/lib/python3.11/site-packages/airflow/example_dags/tutorial_taskflow_api_virtualenv.py
[2024-11-01T11:54:32.645+0900] {processor.py:925} INFO - DAG(s) 'tutorial_taskflow_api_virtualenv' retrieved from /home/hamin081234/anaconda3/envs/airflow_env/lib/python3.11/site-packages/airflow/example_dags/tutorial_taskflow_api_virtualenv.py
[2024-11-01T11:54:32.654+0900] {logging_mixin.py:190} INFO - [2024-11-01T11:54:32.654+0900] {dag.py:3239} INFO - Sync 1 DAGs
[2024-11-01T11:54:32.662+0900] {logging_mixin.py:190} INFO - [2024-11-01T11:54:32.661+0900] {dag.py:4180} INFO - Setting next_dagrun for tutorial_taskflow_api_virtualenv to None, run_after=None
[2024-11-01T11:54:32.681+0900] {processor.py:208} INFO - Processing /home/hamin081234/anaconda3/envs/airflow_env/lib/python3.11/site-packages/airflow/example_dags/tutorial_taskflow_api_virtualenv.py took 0.057 seconds
[2024-11-01T11:55:24.558+0900] {processor.py:186} INFO - Started process (PID=422007) to work on /home/hamin081234/anaconda3/envs/airflow_env/lib/python3.11/site-packages/airflow/example_dags/tutorial_taskflow_api_virtualenv.py
[2024-11-01T11:55:24.567+0900] {processor.py:914} INFO - Processing file /home/hamin081234/anaconda3/envs/airflow_env/lib/python3.11/site-packages/airflow/example_dags/tutorial_taskflow_api_virtualenv.py for tasks to queue
[2024-11-01T11:55:24.569+0900] {logging_mixin.py:190} INFO - [2024-11-01T11:55:24.569+0900] {dagbag.py:588} INFO - Filling up the DagBag from /home/hamin081234/anaconda3/envs/airflow_env/lib/python3.11/site-packages/airflow/example_dags/tutorial_taskflow_api_virtualenv.py
[2024-11-01T11:55:24.579+0900] {processor.py:925} INFO - DAG(s) 'tutorial_taskflow_api_virtualenv' retrieved from /home/hamin081234/anaconda3/envs/airflow_env/lib/python3.11/site-packages/airflow/example_dags/tutorial_taskflow_api_virtualenv.py
[2024-11-01T11:55:24.590+0900] {logging_mixin.py:190} INFO - [2024-11-01T11:55:24.590+0900] {dag.py:3239} INFO - Sync 1 DAGs
[2024-11-01T11:55:24.598+0900] {logging_mixin.py:190} INFO - [2024-11-01T11:55:24.597+0900] {dag.py:4180} INFO - Setting next_dagrun for tutorial_taskflow_api_virtualenv to None, run_after=None
[2024-11-01T11:55:24.617+0900] {processor.py:208} INFO - Processing /home/hamin081234/anaconda3/envs/airflow_env/lib/python3.11/site-packages/airflow/example_dags/tutorial_taskflow_api_virtualenv.py took 0.064 seconds
[2024-11-01T11:56:14.567+0900] {processor.py:186} INFO - Started process (PID=423368) to work on /home/hamin081234/anaconda3/envs/airflow_env/lib/python3.11/site-packages/airflow/example_dags/tutorial_taskflow_api_virtualenv.py
[2024-11-01T11:56:14.576+0900] {processor.py:914} INFO - Processing file /home/hamin081234/anaconda3/envs/airflow_env/lib/python3.11/site-packages/airflow/example_dags/tutorial_taskflow_api_virtualenv.py for tasks to queue
[2024-11-01T11:56:14.577+0900] {logging_mixin.py:190} INFO - [2024-11-01T11:56:14.577+0900] {dagbag.py:588} INFO - Filling up the DagBag from /home/hamin081234/anaconda3/envs/airflow_env/lib/python3.11/site-packages/airflow/example_dags/tutorial_taskflow_api_virtualenv.py
[2024-11-01T11:56:14.585+0900] {processor.py:925} INFO - DAG(s) 'tutorial_taskflow_api_virtualenv' retrieved from /home/hamin081234/anaconda3/envs/airflow_env/lib/python3.11/site-packages/airflow/example_dags/tutorial_taskflow_api_virtualenv.py
[2024-11-01T11:56:14.594+0900] {logging_mixin.py:190} INFO - [2024-11-01T11:56:14.594+0900] {dag.py:3239} INFO - Sync 1 DAGs
[2024-11-01T11:56:14.600+0900] {logging_mixin.py:190} INFO - [2024-11-01T11:56:14.600+0900] {dag.py:4180} INFO - Setting next_dagrun for tutorial_taskflow_api_virtualenv to None, run_after=None
[2024-11-01T11:56:14.618+0900] {processor.py:208} INFO - Processing /home/hamin081234/anaconda3/envs/airflow_env/lib/python3.11/site-packages/airflow/example_dags/tutorial_taskflow_api_virtualenv.py took 0.054 seconds
[2024-11-01T11:57:05.874+0900] {processor.py:186} INFO - Started process (PID=424604) to work on /home/hamin081234/anaconda3/envs/airflow_env/lib/python3.11/site-packages/airflow/example_dags/tutorial_taskflow_api_virtualenv.py
[2024-11-01T11:57:05.875+0900] {processor.py:914} INFO - Processing file /home/hamin081234/anaconda3/envs/airflow_env/lib/python3.11/site-packages/airflow/example_dags/tutorial_taskflow_api_virtualenv.py for tasks to queue
[2024-11-01T11:57:05.878+0900] {logging_mixin.py:190} INFO - [2024-11-01T11:57:05.877+0900] {dagbag.py:588} INFO - Filling up the DagBag from /home/hamin081234/anaconda3/envs/airflow_env/lib/python3.11/site-packages/airflow/example_dags/tutorial_taskflow_api_virtualenv.py
[2024-11-01T11:57:05.887+0900] {processor.py:925} INFO - DAG(s) 'tutorial_taskflow_api_virtualenv' retrieved from /home/hamin081234/anaconda3/envs/airflow_env/lib/python3.11/site-packages/airflow/example_dags/tutorial_taskflow_api_virtualenv.py
[2024-11-01T11:57:05.899+0900] {logging_mixin.py:190} INFO - [2024-11-01T11:57:05.899+0900] {dag.py:3239} INFO - Sync 1 DAGs
[2024-11-01T11:57:05.908+0900] {logging_mixin.py:190} INFO - [2024-11-01T11:57:05.908+0900] {dag.py:4180} INFO - Setting next_dagrun for tutorial_taskflow_api_virtualenv to None, run_after=None
[2024-11-01T11:57:05.929+0900] {processor.py:208} INFO - Processing /home/hamin081234/anaconda3/envs/airflow_env/lib/python3.11/site-packages/airflow/example_dags/tutorial_taskflow_api_virtualenv.py took 0.059 seconds
[2024-11-01T11:57:56.155+0900] {processor.py:186} INFO - Started process (PID=425553) to work on /home/hamin081234/anaconda3/envs/airflow_env/lib/python3.11/site-packages/airflow/example_dags/tutorial_taskflow_api_virtualenv.py
[2024-11-01T11:57:56.165+0900] {processor.py:914} INFO - Processing file /home/hamin081234/anaconda3/envs/airflow_env/lib/python3.11/site-packages/airflow/example_dags/tutorial_taskflow_api_virtualenv.py for tasks to queue
[2024-11-01T11:57:56.167+0900] {logging_mixin.py:190} INFO - [2024-11-01T11:57:56.167+0900] {dagbag.py:588} INFO - Filling up the DagBag from /home/hamin081234/anaconda3/envs/airflow_env/lib/python3.11/site-packages/airflow/example_dags/tutorial_taskflow_api_virtualenv.py
[2024-11-01T11:57:56.177+0900] {processor.py:925} INFO - DAG(s) 'tutorial_taskflow_api_virtualenv' retrieved from /home/hamin081234/anaconda3/envs/airflow_env/lib/python3.11/site-packages/airflow/example_dags/tutorial_taskflow_api_virtualenv.py
[2024-11-01T11:57:56.188+0900] {logging_mixin.py:190} INFO - [2024-11-01T11:57:56.188+0900] {dag.py:3239} INFO - Sync 1 DAGs
[2024-11-01T11:57:56.197+0900] {logging_mixin.py:190} INFO - [2024-11-01T11:57:56.197+0900] {dag.py:4180} INFO - Setting next_dagrun for tutorial_taskflow_api_virtualenv to None, run_after=None
[2024-11-01T11:57:56.216+0900] {processor.py:208} INFO - Processing /home/hamin081234/anaconda3/envs/airflow_env/lib/python3.11/site-packages/airflow/example_dags/tutorial_taskflow_api_virtualenv.py took 0.066 seconds
