[2024-11-01T11:49:08.763+0900] {processor.py:186} INFO - Started process (PID=413369) to work on /home/hamin081234/anaconda3/envs/airflow_env/lib/python3.11/site-packages/airflow/example_dags/tutorial.py
[2024-11-01T11:49:08.764+0900] {processor.py:914} INFO - Processing file /home/hamin081234/anaconda3/envs/airflow_env/lib/python3.11/site-packages/airflow/example_dags/tutorial.py for tasks to queue
[2024-11-01T11:49:08.765+0900] {logging_mixin.py:190} INFO - [2024-11-01T11:49:08.765+0900] {dagbag.py:588} INFO - Filling up the DagBag from /home/hamin081234/anaconda3/envs/airflow_env/lib/python3.11/site-packages/airflow/example_dags/tutorial.py
[2024-11-01T11:49:08.771+0900] {processor.py:925} INFO - DAG(s) 'tutorial' retrieved from /home/hamin081234/anaconda3/envs/airflow_env/lib/python3.11/site-packages/airflow/example_dags/tutorial.py
[2024-11-01T11:49:08.870+0900] {logging_mixin.py:190} INFO - [2024-11-01T11:49:08.869+0900] {override.py:1900} INFO - Created Permission View: can delete on DAG:tutorial
[2024-11-01T11:49:08.883+0900] {logging_mixin.py:190} INFO - [2024-11-01T11:49:08.883+0900] {override.py:1900} INFO - Created Permission View: can edit on DAG:tutorial
[2024-11-01T11:49:08.898+0900] {logging_mixin.py:190} INFO - [2024-11-01T11:49:08.897+0900] {override.py:1900} INFO - Created Permission View: can read on DAG:tutorial
[2024-11-01T11:49:08.923+0900] {logging_mixin.py:190} INFO - [2024-11-01T11:49:08.923+0900] {override.py:1900} INFO - Created Permission View: menu access on DAG Run:tutorial
[2024-11-01T11:49:08.935+0900] {logging_mixin.py:190} INFO - [2024-11-01T11:49:08.935+0900] {override.py:1900} INFO - Created Permission View: can delete on DAG Run:tutorial
[2024-11-01T11:49:08.949+0900] {logging_mixin.py:190} INFO - [2024-11-01T11:49:08.949+0900] {override.py:1900} INFO - Created Permission View: can create on DAG Run:tutorial
[2024-11-01T11:49:08.963+0900] {logging_mixin.py:190} INFO - [2024-11-01T11:49:08.962+0900] {override.py:1900} INFO - Created Permission View: can read on DAG Run:tutorial
[2024-11-01T11:49:08.963+0900] {logging_mixin.py:190} INFO - [2024-11-01T11:49:08.963+0900] {dag.py:3239} INFO - Sync 1 DAGs
[2024-11-01T11:49:08.970+0900] {logging_mixin.py:190} INFO - [2024-11-01T11:49:08.970+0900] {dag.py:3262} INFO - Creating ORM DAG for tutorial
[2024-11-01T11:49:08.975+0900] {logging_mixin.py:190} INFO - [2024-11-01T11:49:08.975+0900] {dag.py:4180} INFO - Setting next_dagrun for tutorial to 2024-10-31 00:00:00+00:00, run_after=2024-11-01 00:00:00+00:00
[2024-11-01T11:49:08.993+0900] {processor.py:208} INFO - Processing /home/hamin081234/anaconda3/envs/airflow_env/lib/python3.11/site-packages/airflow/example_dags/tutorial.py took 0.233 seconds
[2024-11-01T11:50:10.904+0900] {processor.py:186} INFO - Started process (PID=414758) to work on /home/hamin081234/anaconda3/envs/airflow_env/lib/python3.11/site-packages/airflow/example_dags/tutorial.py
[2024-11-01T11:50:10.913+0900] {processor.py:914} INFO - Processing file /home/hamin081234/anaconda3/envs/airflow_env/lib/python3.11/site-packages/airflow/example_dags/tutorial.py for tasks to queue
[2024-11-01T11:50:10.914+0900] {logging_mixin.py:190} INFO - [2024-11-01T11:50:10.914+0900] {dagbag.py:588} INFO - Filling up the DagBag from /home/hamin081234/anaconda3/envs/airflow_env/lib/python3.11/site-packages/airflow/example_dags/tutorial.py
[2024-11-01T11:50:10.920+0900] {processor.py:925} INFO - DAG(s) 'tutorial' retrieved from /home/hamin081234/anaconda3/envs/airflow_env/lib/python3.11/site-packages/airflow/example_dags/tutorial.py
[2024-11-01T11:50:10.929+0900] {logging_mixin.py:190} INFO - [2024-11-01T11:50:10.929+0900] {dag.py:3239} INFO - Sync 1 DAGs
[2024-11-01T11:50:10.940+0900] {logging_mixin.py:190} INFO - [2024-11-01T11:50:10.940+0900] {dag.py:4180} INFO - Setting next_dagrun for tutorial to 2024-10-31 00:00:00+00:00, run_after=2024-11-01 00:00:00+00:00
[2024-11-01T11:50:10.958+0900] {processor.py:208} INFO - Processing /home/hamin081234/anaconda3/envs/airflow_env/lib/python3.11/site-packages/airflow/example_dags/tutorial.py took 0.057 seconds
[2024-11-01T11:51:02.768+0900] {processor.py:186} INFO - Started process (PID=416147) to work on /home/hamin081234/anaconda3/envs/airflow_env/lib/python3.11/site-packages/airflow/example_dags/tutorial.py
[2024-11-01T11:51:02.777+0900] {processor.py:914} INFO - Processing file /home/hamin081234/anaconda3/envs/airflow_env/lib/python3.11/site-packages/airflow/example_dags/tutorial.py for tasks to queue
[2024-11-01T11:51:02.778+0900] {logging_mixin.py:190} INFO - [2024-11-01T11:51:02.778+0900] {dagbag.py:588} INFO - Filling up the DagBag from /home/hamin081234/anaconda3/envs/airflow_env/lib/python3.11/site-packages/airflow/example_dags/tutorial.py
[2024-11-01T11:51:02.784+0900] {processor.py:925} INFO - DAG(s) 'tutorial' retrieved from /home/hamin081234/anaconda3/envs/airflow_env/lib/python3.11/site-packages/airflow/example_dags/tutorial.py
[2024-11-01T11:51:02.794+0900] {logging_mixin.py:190} INFO - [2024-11-01T11:51:02.794+0900] {dag.py:3239} INFO - Sync 1 DAGs
[2024-11-01T11:51:02.807+0900] {logging_mixin.py:190} INFO - [2024-11-01T11:51:02.806+0900] {dag.py:4180} INFO - Setting next_dagrun for tutorial to 2024-10-31 00:00:00+00:00, run_after=2024-11-01 00:00:00+00:00
[2024-11-01T11:51:02.826+0900] {processor.py:208} INFO - Processing /home/hamin081234/anaconda3/envs/airflow_env/lib/python3.11/site-packages/airflow/example_dags/tutorial.py took 0.062 seconds
[2024-11-01T11:51:52.172+0900] {processor.py:186} INFO - Started process (PID=417338) to work on /home/hamin081234/anaconda3/envs/airflow_env/lib/python3.11/site-packages/airflow/example_dags/tutorial.py
[2024-11-01T11:51:52.178+0900] {processor.py:914} INFO - Processing file /home/hamin081234/anaconda3/envs/airflow_env/lib/python3.11/site-packages/airflow/example_dags/tutorial.py for tasks to queue
[2024-11-01T11:51:52.180+0900] {logging_mixin.py:190} INFO - [2024-11-01T11:51:52.179+0900] {dagbag.py:588} INFO - Filling up the DagBag from /home/hamin081234/anaconda3/envs/airflow_env/lib/python3.11/site-packages/airflow/example_dags/tutorial.py
[2024-11-01T11:51:52.187+0900] {processor.py:925} INFO - DAG(s) 'tutorial' retrieved from /home/hamin081234/anaconda3/envs/airflow_env/lib/python3.11/site-packages/airflow/example_dags/tutorial.py
[2024-11-01T11:51:52.198+0900] {logging_mixin.py:190} INFO - [2024-11-01T11:51:52.197+0900] {dag.py:3239} INFO - Sync 1 DAGs
[2024-11-01T11:51:52.212+0900] {logging_mixin.py:190} INFO - [2024-11-01T11:51:52.211+0900] {dag.py:4180} INFO - Setting next_dagrun for tutorial to 2024-10-31 00:00:00+00:00, run_after=2024-11-01 00:00:00+00:00
[2024-11-01T11:51:52.232+0900] {processor.py:208} INFO - Processing /home/hamin081234/anaconda3/envs/airflow_env/lib/python3.11/site-packages/airflow/example_dags/tutorial.py took 0.065 seconds
[2024-11-01T11:52:54.181+0900] {processor.py:186} INFO - Started process (PID=418678) to work on /home/hamin081234/anaconda3/envs/airflow_env/lib/python3.11/site-packages/airflow/example_dags/tutorial.py
[2024-11-01T11:52:54.192+0900] {processor.py:914} INFO - Processing file /home/hamin081234/anaconda3/envs/airflow_env/lib/python3.11/site-packages/airflow/example_dags/tutorial.py for tasks to queue
[2024-11-01T11:52:54.193+0900] {logging_mixin.py:190} INFO - [2024-11-01T11:52:54.193+0900] {dagbag.py:588} INFO - Filling up the DagBag from /home/hamin081234/anaconda3/envs/airflow_env/lib/python3.11/site-packages/airflow/example_dags/tutorial.py
[2024-11-01T11:52:54.198+0900] {processor.py:925} INFO - DAG(s) 'tutorial' retrieved from /home/hamin081234/anaconda3/envs/airflow_env/lib/python3.11/site-packages/airflow/example_dags/tutorial.py
[2024-11-01T11:52:54.207+0900] {logging_mixin.py:190} INFO - [2024-11-01T11:52:54.207+0900] {dag.py:3239} INFO - Sync 1 DAGs
[2024-11-01T11:52:54.218+0900] {logging_mixin.py:190} INFO - [2024-11-01T11:52:54.218+0900] {dag.py:4180} INFO - Setting next_dagrun for tutorial to 2024-10-31 00:00:00+00:00, run_after=2024-11-01 00:00:00+00:00
[2024-11-01T11:52:54.234+0900] {processor.py:208} INFO - Processing /home/hamin081234/anaconda3/envs/airflow_env/lib/python3.11/site-packages/airflow/example_dags/tutorial.py took 0.056 seconds
[2024-11-01T11:53:44.500+0900] {processor.py:186} INFO - Started process (PID=419879) to work on /home/hamin081234/anaconda3/envs/airflow_env/lib/python3.11/site-packages/airflow/example_dags/tutorial.py
[2024-11-01T11:53:44.508+0900] {processor.py:914} INFO - Processing file /home/hamin081234/anaconda3/envs/airflow_env/lib/python3.11/site-packages/airflow/example_dags/tutorial.py for tasks to queue
[2024-11-01T11:53:44.510+0900] {logging_mixin.py:190} INFO - [2024-11-01T11:53:44.510+0900] {dagbag.py:588} INFO - Filling up the DagBag from /home/hamin081234/anaconda3/envs/airflow_env/lib/python3.11/site-packages/airflow/example_dags/tutorial.py
[2024-11-01T11:53:44.515+0900] {processor.py:925} INFO - DAG(s) 'tutorial' retrieved from /home/hamin081234/anaconda3/envs/airflow_env/lib/python3.11/site-packages/airflow/example_dags/tutorial.py
[2024-11-01T11:53:44.524+0900] {logging_mixin.py:190} INFO - [2024-11-01T11:53:44.524+0900] {dag.py:3239} INFO - Sync 1 DAGs
[2024-11-01T11:53:44.535+0900] {logging_mixin.py:190} INFO - [2024-11-01T11:53:44.535+0900] {dag.py:4180} INFO - Setting next_dagrun for tutorial to 2024-10-31 00:00:00+00:00, run_after=2024-11-01 00:00:00+00:00
[2024-11-01T11:53:44.553+0900] {processor.py:208} INFO - Processing /home/hamin081234/anaconda3/envs/airflow_env/lib/python3.11/site-packages/airflow/example_dags/tutorial.py took 0.058 seconds
[2024-11-01T11:54:36.958+0900] {processor.py:186} INFO - Started process (PID=421156) to work on /home/hamin081234/anaconda3/envs/airflow_env/lib/python3.11/site-packages/airflow/example_dags/tutorial.py
[2024-11-01T11:54:36.966+0900] {processor.py:914} INFO - Processing file /home/hamin081234/anaconda3/envs/airflow_env/lib/python3.11/site-packages/airflow/example_dags/tutorial.py for tasks to queue
[2024-11-01T11:54:36.967+0900] {logging_mixin.py:190} INFO - [2024-11-01T11:54:36.967+0900] {dagbag.py:588} INFO - Filling up the DagBag from /home/hamin081234/anaconda3/envs/airflow_env/lib/python3.11/site-packages/airflow/example_dags/tutorial.py
[2024-11-01T11:54:36.973+0900] {processor.py:925} INFO - DAG(s) 'tutorial' retrieved from /home/hamin081234/anaconda3/envs/airflow_env/lib/python3.11/site-packages/airflow/example_dags/tutorial.py
[2024-11-01T11:54:36.981+0900] {logging_mixin.py:190} INFO - [2024-11-01T11:54:36.981+0900] {dag.py:3239} INFO - Sync 1 DAGs
[2024-11-01T11:54:36.993+0900] {logging_mixin.py:190} INFO - [2024-11-01T11:54:36.993+0900] {dag.py:4180} INFO - Setting next_dagrun for tutorial to 2024-10-31 00:00:00+00:00, run_after=2024-11-01 00:00:00+00:00
[2024-11-01T11:54:37.011+0900] {processor.py:208} INFO - Processing /home/hamin081234/anaconda3/envs/airflow_env/lib/python3.11/site-packages/airflow/example_dags/tutorial.py took 0.056 seconds
[2024-11-01T11:55:29.401+0900] {processor.py:186} INFO - Started process (PID=422290) to work on /home/hamin081234/anaconda3/envs/airflow_env/lib/python3.11/site-packages/airflow/example_dags/tutorial.py
[2024-11-01T11:55:29.402+0900] {processor.py:914} INFO - Processing file /home/hamin081234/anaconda3/envs/airflow_env/lib/python3.11/site-packages/airflow/example_dags/tutorial.py for tasks to queue
[2024-11-01T11:55:29.404+0900] {logging_mixin.py:190} INFO - [2024-11-01T11:55:29.403+0900] {dagbag.py:588} INFO - Filling up the DagBag from /home/hamin081234/anaconda3/envs/airflow_env/lib/python3.11/site-packages/airflow/example_dags/tutorial.py
[2024-11-01T11:55:29.409+0900] {processor.py:925} INFO - DAG(s) 'tutorial' retrieved from /home/hamin081234/anaconda3/envs/airflow_env/lib/python3.11/site-packages/airflow/example_dags/tutorial.py
[2024-11-01T11:55:29.418+0900] {logging_mixin.py:190} INFO - [2024-11-01T11:55:29.418+0900] {dag.py:3239} INFO - Sync 1 DAGs
[2024-11-01T11:55:29.428+0900] {logging_mixin.py:190} INFO - [2024-11-01T11:55:29.428+0900] {dag.py:4180} INFO - Setting next_dagrun for tutorial to 2024-10-31 00:00:00+00:00, run_after=2024-11-01 00:00:00+00:00
[2024-11-01T11:55:29.444+0900] {processor.py:208} INFO - Processing /home/hamin081234/anaconda3/envs/airflow_env/lib/python3.11/site-packages/airflow/example_dags/tutorial.py took 0.047 seconds
[2024-11-01T11:56:19.614+0900] {processor.py:186} INFO - Started process (PID=423491) to work on /home/hamin081234/anaconda3/envs/airflow_env/lib/python3.11/site-packages/airflow/example_dags/tutorial.py
[2024-11-01T11:56:19.615+0900] {processor.py:914} INFO - Processing file /home/hamin081234/anaconda3/envs/airflow_env/lib/python3.11/site-packages/airflow/example_dags/tutorial.py for tasks to queue
[2024-11-01T11:56:19.617+0900] {logging_mixin.py:190} INFO - [2024-11-01T11:56:19.617+0900] {dagbag.py:588} INFO - Filling up the DagBag from /home/hamin081234/anaconda3/envs/airflow_env/lib/python3.11/site-packages/airflow/example_dags/tutorial.py
[2024-11-01T11:56:19.623+0900] {processor.py:925} INFO - DAG(s) 'tutorial' retrieved from /home/hamin081234/anaconda3/envs/airflow_env/lib/python3.11/site-packages/airflow/example_dags/tutorial.py
[2024-11-01T11:56:19.631+0900] {logging_mixin.py:190} INFO - [2024-11-01T11:56:19.631+0900] {dag.py:3239} INFO - Sync 1 DAGs
[2024-11-01T11:56:19.641+0900] {logging_mixin.py:190} INFO - [2024-11-01T11:56:19.641+0900] {dag.py:4180} INFO - Setting next_dagrun for tutorial to 2024-10-31 00:00:00+00:00, run_after=2024-11-01 00:00:00+00:00
[2024-11-01T11:56:19.659+0900] {processor.py:208} INFO - Processing /home/hamin081234/anaconda3/envs/airflow_env/lib/python3.11/site-packages/airflow/example_dags/tutorial.py took 0.048 seconds
[2024-11-01T11:57:11.032+0900] {processor.py:186} INFO - Started process (PID=424747) to work on /home/hamin081234/anaconda3/envs/airflow_env/lib/python3.11/site-packages/airflow/example_dags/tutorial.py
[2024-11-01T11:57:11.041+0900] {processor.py:914} INFO - Processing file /home/hamin081234/anaconda3/envs/airflow_env/lib/python3.11/site-packages/airflow/example_dags/tutorial.py for tasks to queue
[2024-11-01T11:57:11.043+0900] {logging_mixin.py:190} INFO - [2024-11-01T11:57:11.043+0900] {dagbag.py:588} INFO - Filling up the DagBag from /home/hamin081234/anaconda3/envs/airflow_env/lib/python3.11/site-packages/airflow/example_dags/tutorial.py
[2024-11-01T11:57:11.051+0900] {processor.py:925} INFO - DAG(s) 'tutorial' retrieved from /home/hamin081234/anaconda3/envs/airflow_env/lib/python3.11/site-packages/airflow/example_dags/tutorial.py
[2024-11-01T11:57:11.064+0900] {logging_mixin.py:190} INFO - [2024-11-01T11:57:11.063+0900] {dag.py:3239} INFO - Sync 1 DAGs
[2024-11-01T11:57:11.079+0900] {logging_mixin.py:190} INFO - [2024-11-01T11:57:11.079+0900] {dag.py:4180} INFO - Setting next_dagrun for tutorial to 2024-10-31 00:00:00+00:00, run_after=2024-11-01 00:00:00+00:00
[2024-11-01T11:57:11.103+0900] {processor.py:208} INFO - Processing /home/hamin081234/anaconda3/envs/airflow_env/lib/python3.11/site-packages/airflow/example_dags/tutorial.py took 0.076 seconds
