[2024-11-01T11:49:47.045+0900] {processor.py:186} INFO - Started process (PID=414409) to work on /home/hamin081234/anaconda3/envs/airflow_env/lib/python3.11/site-packages/airflow/example_dags/tutorial_objectstorage.py
[2024-11-01T11:49:47.045+0900] {processor.py:914} INFO - Processing file /home/hamin081234/anaconda3/envs/airflow_env/lib/python3.11/site-packages/airflow/example_dags/tutorial_objectstorage.py for tasks to queue
[2024-11-01T11:49:47.047+0900] {logging_mixin.py:190} INFO - [2024-11-01T11:49:47.047+0900] {dagbag.py:588} INFO - Filling up the DagBag from /home/hamin081234/anaconda3/envs/airflow_env/lib/python3.11/site-packages/airflow/example_dags/tutorial_objectstorage.py
[2024-11-01T11:49:47.055+0900] {processor.py:925} INFO - DAG(s) 'tutorial_objectstorage' retrieved from /home/hamin081234/anaconda3/envs/airflow_env/lib/python3.11/site-packages/airflow/example_dags/tutorial_objectstorage.py
[2024-11-01T11:49:47.130+0900] {logging_mixin.py:190} INFO - [2024-11-01T11:49:47.130+0900] {override.py:1900} INFO - Created Permission View: can delete on DAG:tutorial_objectstorage
[2024-11-01T11:49:47.145+0900] {logging_mixin.py:190} INFO - [2024-11-01T11:49:47.144+0900] {override.py:1900} INFO - Created Permission View: can edit on DAG:tutorial_objectstorage
[2024-11-01T11:49:47.156+0900] {logging_mixin.py:190} INFO - [2024-11-01T11:49:47.156+0900] {override.py:1900} INFO - Created Permission View: can read on DAG:tutorial_objectstorage
[2024-11-01T11:49:47.176+0900] {logging_mixin.py:190} INFO - [2024-11-01T11:49:47.176+0900] {override.py:1900} INFO - Created Permission View: menu access on DAG Run:tutorial_objectstorage
[2024-11-01T11:49:47.188+0900] {logging_mixin.py:190} INFO - [2024-11-01T11:49:47.188+0900] {override.py:1900} INFO - Created Permission View: can delete on DAG Run:tutorial_objectstorage
[2024-11-01T11:49:47.198+0900] {logging_mixin.py:190} INFO - [2024-11-01T11:49:47.198+0900] {override.py:1900} INFO - Created Permission View: can create on DAG Run:tutorial_objectstorage
[2024-11-01T11:49:47.208+0900] {logging_mixin.py:190} INFO - [2024-11-01T11:49:47.208+0900] {override.py:1900} INFO - Created Permission View: can read on DAG Run:tutorial_objectstorage
[2024-11-01T11:49:47.208+0900] {logging_mixin.py:190} INFO - [2024-11-01T11:49:47.208+0900] {dag.py:3239} INFO - Sync 1 DAGs
[2024-11-01T11:49:47.215+0900] {logging_mixin.py:190} INFO - [2024-11-01T11:49:47.215+0900] {dag.py:3262} INFO - Creating ORM DAG for tutorial_objectstorage
[2024-11-01T11:49:47.215+0900] {logging_mixin.py:190} INFO - [2024-11-01T11:49:47.215+0900] {dag.py:4180} INFO - Setting next_dagrun for tutorial_objectstorage to None, run_after=None
[2024-11-01T11:49:47.232+0900] {processor.py:208} INFO - Processing /home/hamin081234/anaconda3/envs/airflow_env/lib/python3.11/site-packages/airflow/example_dags/tutorial_objectstorage.py took 0.193 seconds
[2024-11-01T11:50:43.699+0900] {processor.py:186} INFO - Started process (PID=415818) to work on /home/hamin081234/anaconda3/envs/airflow_env/lib/python3.11/site-packages/airflow/example_dags/tutorial_objectstorage.py
[2024-11-01T11:50:43.707+0900] {processor.py:914} INFO - Processing file /home/hamin081234/anaconda3/envs/airflow_env/lib/python3.11/site-packages/airflow/example_dags/tutorial_objectstorage.py for tasks to queue
[2024-11-01T11:50:43.709+0900] {logging_mixin.py:190} INFO - [2024-11-01T11:50:43.709+0900] {dagbag.py:588} INFO - Filling up the DagBag from /home/hamin081234/anaconda3/envs/airflow_env/lib/python3.11/site-packages/airflow/example_dags/tutorial_objectstorage.py
[2024-11-01T11:50:43.715+0900] {processor.py:925} INFO - DAG(s) 'tutorial_objectstorage' retrieved from /home/hamin081234/anaconda3/envs/airflow_env/lib/python3.11/site-packages/airflow/example_dags/tutorial_objectstorage.py
[2024-11-01T11:50:43.724+0900] {logging_mixin.py:190} INFO - [2024-11-01T11:50:43.724+0900] {dag.py:3239} INFO - Sync 1 DAGs
[2024-11-01T11:50:43.732+0900] {logging_mixin.py:190} INFO - [2024-11-01T11:50:43.732+0900] {dag.py:4180} INFO - Setting next_dagrun for tutorial_objectstorage to None, run_after=None
[2024-11-01T11:50:43.750+0900] {processor.py:208} INFO - Processing /home/hamin081234/anaconda3/envs/airflow_env/lib/python3.11/site-packages/airflow/example_dags/tutorial_objectstorage.py took 0.055 seconds
[2024-11-01T11:51:38.496+0900] {processor.py:186} INFO - Started process (PID=416904) to work on /home/hamin081234/anaconda3/envs/airflow_env/lib/python3.11/site-packages/airflow/example_dags/tutorial_objectstorage.py
[2024-11-01T11:51:38.504+0900] {processor.py:914} INFO - Processing file /home/hamin081234/anaconda3/envs/airflow_env/lib/python3.11/site-packages/airflow/example_dags/tutorial_objectstorage.py for tasks to queue
[2024-11-01T11:51:38.506+0900] {logging_mixin.py:190} INFO - [2024-11-01T11:51:38.506+0900] {dagbag.py:588} INFO - Filling up the DagBag from /home/hamin081234/anaconda3/envs/airflow_env/lib/python3.11/site-packages/airflow/example_dags/tutorial_objectstorage.py
[2024-11-01T11:51:38.511+0900] {processor.py:925} INFO - DAG(s) 'tutorial_objectstorage' retrieved from /home/hamin081234/anaconda3/envs/airflow_env/lib/python3.11/site-packages/airflow/example_dags/tutorial_objectstorage.py
[2024-11-01T11:51:38.520+0900] {logging_mixin.py:190} INFO - [2024-11-01T11:51:38.519+0900] {dag.py:3239} INFO - Sync 1 DAGs
[2024-11-01T11:51:38.526+0900] {logging_mixin.py:190} INFO - [2024-11-01T11:51:38.526+0900] {dag.py:4180} INFO - Setting next_dagrun for tutorial_objectstorage to None, run_after=None
[2024-11-01T11:51:38.544+0900] {processor.py:208} INFO - Processing /home/hamin081234/anaconda3/envs/airflow_env/lib/python3.11/site-packages/airflow/example_dags/tutorial_objectstorage.py took 0.051 seconds
[2024-11-01T11:52:39.919+0900] {processor.py:186} INFO - Started process (PID=418310) to work on /home/hamin081234/anaconda3/envs/airflow_env/lib/python3.11/site-packages/airflow/example_dags/tutorial_objectstorage.py
[2024-11-01T11:52:39.919+0900] {processor.py:914} INFO - Processing file /home/hamin081234/anaconda3/envs/airflow_env/lib/python3.11/site-packages/airflow/example_dags/tutorial_objectstorage.py for tasks to queue
[2024-11-01T11:52:39.921+0900] {logging_mixin.py:190} INFO - [2024-11-01T11:52:39.921+0900] {dagbag.py:588} INFO - Filling up the DagBag from /home/hamin081234/anaconda3/envs/airflow_env/lib/python3.11/site-packages/airflow/example_dags/tutorial_objectstorage.py
[2024-11-01T11:52:39.927+0900] {processor.py:925} INFO - DAG(s) 'tutorial_objectstorage' retrieved from /home/hamin081234/anaconda3/envs/airflow_env/lib/python3.11/site-packages/airflow/example_dags/tutorial_objectstorage.py
[2024-11-01T11:52:39.941+0900] {logging_mixin.py:190} INFO - [2024-11-01T11:52:39.941+0900] {dag.py:3239} INFO - Sync 1 DAGs
[2024-11-01T11:52:39.951+0900] {logging_mixin.py:190} INFO - [2024-11-01T11:52:39.951+0900] {dag.py:4180} INFO - Setting next_dagrun for tutorial_objectstorage to None, run_after=None
[2024-11-01T11:52:39.969+0900] {processor.py:208} INFO - Processing /home/hamin081234/anaconda3/envs/airflow_env/lib/python3.11/site-packages/airflow/example_dags/tutorial_objectstorage.py took 0.054 seconds
[2024-11-01T11:53:34.208+0900] {processor.py:186} INFO - Started process (PID=419685) to work on /home/hamin081234/anaconda3/envs/airflow_env/lib/python3.11/site-packages/airflow/example_dags/tutorial_objectstorage.py
[2024-11-01T11:53:34.217+0900] {processor.py:914} INFO - Processing file /home/hamin081234/anaconda3/envs/airflow_env/lib/python3.11/site-packages/airflow/example_dags/tutorial_objectstorage.py for tasks to queue
[2024-11-01T11:53:34.218+0900] {logging_mixin.py:190} INFO - [2024-11-01T11:53:34.218+0900] {dagbag.py:588} INFO - Filling up the DagBag from /home/hamin081234/anaconda3/envs/airflow_env/lib/python3.11/site-packages/airflow/example_dags/tutorial_objectstorage.py
[2024-11-01T11:53:34.224+0900] {processor.py:925} INFO - DAG(s) 'tutorial_objectstorage' retrieved from /home/hamin081234/anaconda3/envs/airflow_env/lib/python3.11/site-packages/airflow/example_dags/tutorial_objectstorage.py
[2024-11-01T11:53:34.232+0900] {logging_mixin.py:190} INFO - [2024-11-01T11:53:34.232+0900] {dag.py:3239} INFO - Sync 1 DAGs
[2024-11-01T11:53:34.239+0900] {logging_mixin.py:190} INFO - [2024-11-01T11:53:34.239+0900] {dag.py:4180} INFO - Setting next_dagrun for tutorial_objectstorage to None, run_after=None
[2024-11-01T11:53:34.257+0900] {processor.py:208} INFO - Processing /home/hamin081234/anaconda3/envs/airflow_env/lib/python3.11/site-packages/airflow/example_dags/tutorial_objectstorage.py took 0.052 seconds
[2024-11-01T11:54:48.881+0900] {processor.py:186} INFO - Started process (PID=421467) to work on /home/hamin081234/anaconda3/envs/airflow_env/lib/python3.11/site-packages/airflow/example_dags/tutorial_objectstorage.py
[2024-11-01T11:54:48.889+0900] {processor.py:914} INFO - Processing file /home/hamin081234/anaconda3/envs/airflow_env/lib/python3.11/site-packages/airflow/example_dags/tutorial_objectstorage.py for tasks to queue
[2024-11-01T11:54:48.891+0900] {logging_mixin.py:190} INFO - [2024-11-01T11:54:48.890+0900] {dagbag.py:588} INFO - Filling up the DagBag from /home/hamin081234/anaconda3/envs/airflow_env/lib/python3.11/site-packages/airflow/example_dags/tutorial_objectstorage.py
[2024-11-01T11:54:48.897+0900] {processor.py:925} INFO - DAG(s) 'tutorial_objectstorage' retrieved from /home/hamin081234/anaconda3/envs/airflow_env/lib/python3.11/site-packages/airflow/example_dags/tutorial_objectstorage.py
[2024-11-01T11:54:48.905+0900] {logging_mixin.py:190} INFO - [2024-11-01T11:54:48.905+0900] {dag.py:3239} INFO - Sync 1 DAGs
[2024-11-01T11:54:48.913+0900] {logging_mixin.py:190} INFO - [2024-11-01T11:54:48.913+0900] {dag.py:4180} INFO - Setting next_dagrun for tutorial_objectstorage to None, run_after=None
[2024-11-01T11:54:48.932+0900] {processor.py:208} INFO - Processing /home/hamin081234/anaconda3/envs/airflow_env/lib/python3.11/site-packages/airflow/example_dags/tutorial_objectstorage.py took 0.055 seconds
[2024-11-01T11:55:39.696+0900] {processor.py:186} INFO - Started process (PID=422467) to work on /home/hamin081234/anaconda3/envs/airflow_env/lib/python3.11/site-packages/airflow/example_dags/tutorial_objectstorage.py
[2024-11-01T11:55:39.697+0900] {processor.py:914} INFO - Processing file /home/hamin081234/anaconda3/envs/airflow_env/lib/python3.11/site-packages/airflow/example_dags/tutorial_objectstorage.py for tasks to queue
[2024-11-01T11:55:39.699+0900] {logging_mixin.py:190} INFO - [2024-11-01T11:55:39.699+0900] {dagbag.py:588} INFO - Filling up the DagBag from /home/hamin081234/anaconda3/envs/airflow_env/lib/python3.11/site-packages/airflow/example_dags/tutorial_objectstorage.py
[2024-11-01T11:55:39.707+0900] {processor.py:925} INFO - DAG(s) 'tutorial_objectstorage' retrieved from /home/hamin081234/anaconda3/envs/airflow_env/lib/python3.11/site-packages/airflow/example_dags/tutorial_objectstorage.py
[2024-11-01T11:55:39.717+0900] {logging_mixin.py:190} INFO - [2024-11-01T11:55:39.717+0900] {dag.py:3239} INFO - Sync 1 DAGs
[2024-11-01T11:55:39.726+0900] {logging_mixin.py:190} INFO - [2024-11-01T11:55:39.726+0900] {dag.py:4180} INFO - Setting next_dagrun for tutorial_objectstorage to None, run_after=None
[2024-11-01T11:55:39.747+0900] {processor.py:208} INFO - Processing /home/hamin081234/anaconda3/envs/airflow_env/lib/python3.11/site-packages/airflow/example_dags/tutorial_objectstorage.py took 0.055 seconds
[2024-11-01T11:56:32.459+0900] {processor.py:186} INFO - Started process (PID=423672) to work on /home/hamin081234/anaconda3/envs/airflow_env/lib/python3.11/site-packages/airflow/example_dags/tutorial_objectstorage.py
[2024-11-01T11:56:32.468+0900] {processor.py:914} INFO - Processing file /home/hamin081234/anaconda3/envs/airflow_env/lib/python3.11/site-packages/airflow/example_dags/tutorial_objectstorage.py for tasks to queue
[2024-11-01T11:56:32.469+0900] {logging_mixin.py:190} INFO - [2024-11-01T11:56:32.469+0900] {dagbag.py:588} INFO - Filling up the DagBag from /home/hamin081234/anaconda3/envs/airflow_env/lib/python3.11/site-packages/airflow/example_dags/tutorial_objectstorage.py
[2024-11-01T11:56:32.475+0900] {processor.py:925} INFO - DAG(s) 'tutorial_objectstorage' retrieved from /home/hamin081234/anaconda3/envs/airflow_env/lib/python3.11/site-packages/airflow/example_dags/tutorial_objectstorage.py
[2024-11-01T11:56:32.483+0900] {logging_mixin.py:190} INFO - [2024-11-01T11:56:32.483+0900] {dag.py:3239} INFO - Sync 1 DAGs
[2024-11-01T11:56:32.489+0900] {logging_mixin.py:190} INFO - [2024-11-01T11:56:32.489+0900] {dag.py:4180} INFO - Setting next_dagrun for tutorial_objectstorage to None, run_after=None
[2024-11-01T11:56:32.506+0900] {processor.py:208} INFO - Processing /home/hamin081234/anaconda3/envs/airflow_env/lib/python3.11/site-packages/airflow/example_dags/tutorial_objectstorage.py took 0.050 seconds
[2024-11-01T11:57:24.662+0900] {processor.py:186} INFO - Started process (PID=425001) to work on /home/hamin081234/anaconda3/envs/airflow_env/lib/python3.11/site-packages/airflow/example_dags/tutorial_objectstorage.py
[2024-11-01T11:57:24.663+0900] {processor.py:914} INFO - Processing file /home/hamin081234/anaconda3/envs/airflow_env/lib/python3.11/site-packages/airflow/example_dags/tutorial_objectstorage.py for tasks to queue
[2024-11-01T11:57:24.664+0900] {logging_mixin.py:190} INFO - [2024-11-01T11:57:24.664+0900] {dagbag.py:588} INFO - Filling up the DagBag from /home/hamin081234/anaconda3/envs/airflow_env/lib/python3.11/site-packages/airflow/example_dags/tutorial_objectstorage.py
[2024-11-01T11:57:24.670+0900] {processor.py:925} INFO - DAG(s) 'tutorial_objectstorage' retrieved from /home/hamin081234/anaconda3/envs/airflow_env/lib/python3.11/site-packages/airflow/example_dags/tutorial_objectstorage.py
[2024-11-01T11:57:24.679+0900] {logging_mixin.py:190} INFO - [2024-11-01T11:57:24.679+0900] {dag.py:3239} INFO - Sync 1 DAGs
[2024-11-01T11:57:24.686+0900] {logging_mixin.py:190} INFO - [2024-11-01T11:57:24.686+0900] {dag.py:4180} INFO - Setting next_dagrun for tutorial_objectstorage to None, run_after=None
[2024-11-01T11:57:24.704+0900] {processor.py:208} INFO - Processing /home/hamin081234/anaconda3/envs/airflow_env/lib/python3.11/site-packages/airflow/example_dags/tutorial_objectstorage.py took 0.046 seconds
